[2025-07-14T00:20:37.062+0000] {processor.py:157} INFO - Started process (PID=300) to work on /home/airflow/.local/lib/python3.7/site-packages/airflow/example_dags/example_sensors.py
[2025-07-14T00:20:37.063+0000] {processor.py:826} INFO - Processing file /home/airflow/.local/lib/python3.7/site-packages/airflow/example_dags/example_sensors.py for tasks to queue
[2025-07-14T00:20:37.065+0000] {logging_mixin.py:149} INFO - [2025-07-14T00:20:37.065+0000] {dagbag.py:541} INFO - Filling up the DagBag from /home/airflow/.local/lib/python3.7/site-packages/airflow/example_dags/example_sensors.py
[2025-07-14T00:20:37.081+0000] {processor.py:836} INFO - DAG(s) dict_keys(['example_sensors']) retrieved from /home/airflow/.local/lib/python3.7/site-packages/airflow/example_dags/example_sensors.py
[2025-07-14T00:20:37.144+0000] {logging_mixin.py:149} INFO - [2025-07-14T00:20:37.143+0000] {dag.py:2726} INFO - Sync 1 DAGs
[2025-07-14T00:20:37.192+0000] {logging_mixin.py:149} INFO - [2025-07-14T00:20:37.192+0000] {dag.py:3490} INFO - Setting next_dagrun for example_sensors to None, run_after=None
[2025-07-14T00:20:37.228+0000] {processor.py:179} INFO - Processing /home/airflow/.local/lib/python3.7/site-packages/airflow/example_dags/example_sensors.py took 0.173 seconds
[2025-07-14T00:21:07.908+0000] {processor.py:157} INFO - Started process (PID=540) to work on /home/airflow/.local/lib/python3.7/site-packages/airflow/example_dags/example_sensors.py
[2025-07-14T00:21:07.909+0000] {processor.py:826} INFO - Processing file /home/airflow/.local/lib/python3.7/site-packages/airflow/example_dags/example_sensors.py for tasks to queue
[2025-07-14T00:21:07.910+0000] {logging_mixin.py:149} INFO - [2025-07-14T00:21:07.910+0000] {dagbag.py:541} INFO - Filling up the DagBag from /home/airflow/.local/lib/python3.7/site-packages/airflow/example_dags/example_sensors.py
[2025-07-14T00:21:07.921+0000] {processor.py:836} INFO - DAG(s) dict_keys(['example_sensors']) retrieved from /home/airflow/.local/lib/python3.7/site-packages/airflow/example_dags/example_sensors.py
[2025-07-14T00:21:07.951+0000] {logging_mixin.py:149} INFO - [2025-07-14T00:21:07.951+0000] {dag.py:2726} INFO - Sync 1 DAGs
[2025-07-14T00:21:07.986+0000] {logging_mixin.py:149} INFO - [2025-07-14T00:21:07.986+0000] {dag.py:3490} INFO - Setting next_dagrun for example_sensors to None, run_after=None
[2025-07-14T00:21:08.034+0000] {processor.py:179} INFO - Processing /home/airflow/.local/lib/python3.7/site-packages/airflow/example_dags/example_sensors.py took 0.134 seconds
[2025-07-14T00:21:38.292+0000] {processor.py:157} INFO - Started process (PID=785) to work on /home/airflow/.local/lib/python3.7/site-packages/airflow/example_dags/example_sensors.py
[2025-07-14T00:21:38.293+0000] {processor.py:826} INFO - Processing file /home/airflow/.local/lib/python3.7/site-packages/airflow/example_dags/example_sensors.py for tasks to queue
[2025-07-14T00:21:38.295+0000] {logging_mixin.py:149} INFO - [2025-07-14T00:21:38.294+0000] {dagbag.py:541} INFO - Filling up the DagBag from /home/airflow/.local/lib/python3.7/site-packages/airflow/example_dags/example_sensors.py
[2025-07-14T00:21:38.305+0000] {processor.py:836} INFO - DAG(s) dict_keys(['example_sensors']) retrieved from /home/airflow/.local/lib/python3.7/site-packages/airflow/example_dags/example_sensors.py
[2025-07-14T00:21:38.340+0000] {logging_mixin.py:149} INFO - [2025-07-14T00:21:38.340+0000] {dag.py:2726} INFO - Sync 1 DAGs
[2025-07-14T00:21:38.368+0000] {logging_mixin.py:149} INFO - [2025-07-14T00:21:38.368+0000] {dag.py:3490} INFO - Setting next_dagrun for example_sensors to None, run_after=None
[2025-07-14T00:21:38.390+0000] {processor.py:179} INFO - Processing /home/airflow/.local/lib/python3.7/site-packages/airflow/example_dags/example_sensors.py took 0.102 seconds
[2025-07-14T00:22:09.558+0000] {processor.py:157} INFO - Started process (PID=1032) to work on /home/airflow/.local/lib/python3.7/site-packages/airflow/example_dags/example_sensors.py
[2025-07-14T00:22:09.559+0000] {processor.py:826} INFO - Processing file /home/airflow/.local/lib/python3.7/site-packages/airflow/example_dags/example_sensors.py for tasks to queue
[2025-07-14T00:22:09.560+0000] {logging_mixin.py:149} INFO - [2025-07-14T00:22:09.560+0000] {dagbag.py:541} INFO - Filling up the DagBag from /home/airflow/.local/lib/python3.7/site-packages/airflow/example_dags/example_sensors.py
[2025-07-14T00:22:09.571+0000] {processor.py:836} INFO - DAG(s) dict_keys(['example_sensors']) retrieved from /home/airflow/.local/lib/python3.7/site-packages/airflow/example_dags/example_sensors.py
[2025-07-14T00:22:09.699+0000] {logging_mixin.py:149} INFO - [2025-07-14T00:22:09.699+0000] {dag.py:2726} INFO - Sync 1 DAGs
[2025-07-14T00:22:09.725+0000] {logging_mixin.py:149} INFO - [2025-07-14T00:22:09.725+0000] {dag.py:3490} INFO - Setting next_dagrun for example_sensors to None, run_after=None
[2025-07-14T00:22:09.745+0000] {processor.py:179} INFO - Processing /home/airflow/.local/lib/python3.7/site-packages/airflow/example_dags/example_sensors.py took 0.191 seconds
[2025-07-14T00:22:39.796+0000] {processor.py:157} INFO - Started process (PID=1275) to work on /home/airflow/.local/lib/python3.7/site-packages/airflow/example_dags/example_sensors.py
[2025-07-14T00:22:39.797+0000] {processor.py:826} INFO - Processing file /home/airflow/.local/lib/python3.7/site-packages/airflow/example_dags/example_sensors.py for tasks to queue
[2025-07-14T00:22:39.798+0000] {logging_mixin.py:149} INFO - [2025-07-14T00:22:39.798+0000] {dagbag.py:541} INFO - Filling up the DagBag from /home/airflow/.local/lib/python3.7/site-packages/airflow/example_dags/example_sensors.py
[2025-07-14T00:22:39.809+0000] {processor.py:836} INFO - DAG(s) dict_keys(['example_sensors']) retrieved from /home/airflow/.local/lib/python3.7/site-packages/airflow/example_dags/example_sensors.py
[2025-07-14T00:22:39.841+0000] {logging_mixin.py:149} INFO - [2025-07-14T00:22:39.841+0000] {dag.py:2726} INFO - Sync 1 DAGs
[2025-07-14T00:22:39.867+0000] {logging_mixin.py:149} INFO - [2025-07-14T00:22:39.867+0000] {dag.py:3490} INFO - Setting next_dagrun for example_sensors to None, run_after=None
[2025-07-14T00:22:39.892+0000] {processor.py:179} INFO - Processing /home/airflow/.local/lib/python3.7/site-packages/airflow/example_dags/example_sensors.py took 0.099 seconds
[2025-07-14T00:23:10.110+0000] {processor.py:157} INFO - Started process (PID=1520) to work on /home/airflow/.local/lib/python3.7/site-packages/airflow/example_dags/example_sensors.py
[2025-07-14T00:23:10.111+0000] {processor.py:826} INFO - Processing file /home/airflow/.local/lib/python3.7/site-packages/airflow/example_dags/example_sensors.py for tasks to queue
[2025-07-14T00:23:10.112+0000] {logging_mixin.py:149} INFO - [2025-07-14T00:23:10.111+0000] {dagbag.py:541} INFO - Filling up the DagBag from /home/airflow/.local/lib/python3.7/site-packages/airflow/example_dags/example_sensors.py
[2025-07-14T00:23:10.123+0000] {processor.py:836} INFO - DAG(s) dict_keys(['example_sensors']) retrieved from /home/airflow/.local/lib/python3.7/site-packages/airflow/example_dags/example_sensors.py
[2025-07-14T00:23:10.154+0000] {logging_mixin.py:149} INFO - [2025-07-14T00:23:10.154+0000] {dag.py:2726} INFO - Sync 1 DAGs
[2025-07-14T00:23:10.181+0000] {logging_mixin.py:149} INFO - [2025-07-14T00:23:10.181+0000] {dag.py:3490} INFO - Setting next_dagrun for example_sensors to None, run_after=None
[2025-07-14T00:23:10.201+0000] {processor.py:179} INFO - Processing /home/airflow/.local/lib/python3.7/site-packages/airflow/example_dags/example_sensors.py took 0.095 seconds
[2025-07-14T00:23:40.456+0000] {processor.py:157} INFO - Started process (PID=1765) to work on /home/airflow/.local/lib/python3.7/site-packages/airflow/example_dags/example_sensors.py
[2025-07-14T00:23:40.457+0000] {processor.py:826} INFO - Processing file /home/airflow/.local/lib/python3.7/site-packages/airflow/example_dags/example_sensors.py for tasks to queue
[2025-07-14T00:23:40.458+0000] {logging_mixin.py:149} INFO - [2025-07-14T00:23:40.457+0000] {dagbag.py:541} INFO - Filling up the DagBag from /home/airflow/.local/lib/python3.7/site-packages/airflow/example_dags/example_sensors.py
[2025-07-14T00:23:40.468+0000] {processor.py:836} INFO - DAG(s) dict_keys(['example_sensors']) retrieved from /home/airflow/.local/lib/python3.7/site-packages/airflow/example_dags/example_sensors.py
[2025-07-14T00:23:40.499+0000] {logging_mixin.py:149} INFO - [2025-07-14T00:23:40.499+0000] {dag.py:2726} INFO - Sync 1 DAGs
[2025-07-14T00:23:40.526+0000] {logging_mixin.py:149} INFO - [2025-07-14T00:23:40.526+0000] {dag.py:3490} INFO - Setting next_dagrun for example_sensors to None, run_after=None
[2025-07-14T00:23:40.547+0000] {processor.py:179} INFO - Processing /home/airflow/.local/lib/python3.7/site-packages/airflow/example_dags/example_sensors.py took 0.095 seconds
[2025-07-14T00:24:10.938+0000] {processor.py:157} INFO - Started process (PID=2010) to work on /home/airflow/.local/lib/python3.7/site-packages/airflow/example_dags/example_sensors.py
[2025-07-14T00:24:10.939+0000] {processor.py:826} INFO - Processing file /home/airflow/.local/lib/python3.7/site-packages/airflow/example_dags/example_sensors.py for tasks to queue
[2025-07-14T00:24:10.940+0000] {logging_mixin.py:149} INFO - [2025-07-14T00:24:10.940+0000] {dagbag.py:541} INFO - Filling up the DagBag from /home/airflow/.local/lib/python3.7/site-packages/airflow/example_dags/example_sensors.py
[2025-07-14T00:24:10.951+0000] {processor.py:836} INFO - DAG(s) dict_keys(['example_sensors']) retrieved from /home/airflow/.local/lib/python3.7/site-packages/airflow/example_dags/example_sensors.py
[2025-07-14T00:24:10.981+0000] {logging_mixin.py:149} INFO - [2025-07-14T00:24:10.981+0000] {dag.py:2726} INFO - Sync 1 DAGs
[2025-07-14T00:24:11.009+0000] {logging_mixin.py:149} INFO - [2025-07-14T00:24:11.009+0000] {dag.py:3490} INFO - Setting next_dagrun for example_sensors to None, run_after=None
[2025-07-14T00:24:11.029+0000] {processor.py:179} INFO - Processing /home/airflow/.local/lib/python3.7/site-packages/airflow/example_dags/example_sensors.py took 0.095 seconds
[2025-07-14T00:24:41.203+0000] {processor.py:157} INFO - Started process (PID=2255) to work on /home/airflow/.local/lib/python3.7/site-packages/airflow/example_dags/example_sensors.py
[2025-07-14T00:24:41.204+0000] {processor.py:826} INFO - Processing file /home/airflow/.local/lib/python3.7/site-packages/airflow/example_dags/example_sensors.py for tasks to queue
[2025-07-14T00:24:41.204+0000] {logging_mixin.py:149} INFO - [2025-07-14T00:24:41.204+0000] {dagbag.py:541} INFO - Filling up the DagBag from /home/airflow/.local/lib/python3.7/site-packages/airflow/example_dags/example_sensors.py
[2025-07-14T00:24:41.217+0000] {processor.py:836} INFO - DAG(s) dict_keys(['example_sensors']) retrieved from /home/airflow/.local/lib/python3.7/site-packages/airflow/example_dags/example_sensors.py
[2025-07-14T00:24:41.248+0000] {logging_mixin.py:149} INFO - [2025-07-14T00:24:41.248+0000] {dag.py:2726} INFO - Sync 1 DAGs
[2025-07-14T00:24:41.274+0000] {logging_mixin.py:149} INFO - [2025-07-14T00:24:41.274+0000] {dag.py:3490} INFO - Setting next_dagrun for example_sensors to None, run_after=None
[2025-07-14T00:24:41.295+0000] {processor.py:179} INFO - Processing /home/airflow/.local/lib/python3.7/site-packages/airflow/example_dags/example_sensors.py took 0.095 seconds
[2025-07-14T00:25:11.694+0000] {processor.py:157} INFO - Started process (PID=2500) to work on /home/airflow/.local/lib/python3.7/site-packages/airflow/example_dags/example_sensors.py
[2025-07-14T00:25:11.695+0000] {processor.py:826} INFO - Processing file /home/airflow/.local/lib/python3.7/site-packages/airflow/example_dags/example_sensors.py for tasks to queue
[2025-07-14T00:25:11.696+0000] {logging_mixin.py:149} INFO - [2025-07-14T00:25:11.696+0000] {dagbag.py:541} INFO - Filling up the DagBag from /home/airflow/.local/lib/python3.7/site-packages/airflow/example_dags/example_sensors.py
[2025-07-14T00:25:11.708+0000] {processor.py:836} INFO - DAG(s) dict_keys(['example_sensors']) retrieved from /home/airflow/.local/lib/python3.7/site-packages/airflow/example_dags/example_sensors.py
[2025-07-14T00:25:11.742+0000] {logging_mixin.py:149} INFO - [2025-07-14T00:25:11.741+0000] {dag.py:2726} INFO - Sync 1 DAGs
[2025-07-14T00:25:11.769+0000] {logging_mixin.py:149} INFO - [2025-07-14T00:25:11.769+0000] {dag.py:3490} INFO - Setting next_dagrun for example_sensors to None, run_after=None
[2025-07-14T00:25:11.791+0000] {processor.py:179} INFO - Processing /home/airflow/.local/lib/python3.7/site-packages/airflow/example_dags/example_sensors.py took 0.102 seconds
[2025-07-14T00:25:42.115+0000] {processor.py:157} INFO - Started process (PID=2745) to work on /home/airflow/.local/lib/python3.7/site-packages/airflow/example_dags/example_sensors.py
[2025-07-14T00:25:42.116+0000] {processor.py:826} INFO - Processing file /home/airflow/.local/lib/python3.7/site-packages/airflow/example_dags/example_sensors.py for tasks to queue
[2025-07-14T00:25:42.117+0000] {logging_mixin.py:149} INFO - [2025-07-14T00:25:42.117+0000] {dagbag.py:541} INFO - Filling up the DagBag from /home/airflow/.local/lib/python3.7/site-packages/airflow/example_dags/example_sensors.py
[2025-07-14T00:25:42.128+0000] {processor.py:836} INFO - DAG(s) dict_keys(['example_sensors']) retrieved from /home/airflow/.local/lib/python3.7/site-packages/airflow/example_dags/example_sensors.py
[2025-07-14T00:25:42.158+0000] {logging_mixin.py:149} INFO - [2025-07-14T00:25:42.158+0000] {dag.py:2726} INFO - Sync 1 DAGs
[2025-07-14T00:25:42.189+0000] {logging_mixin.py:149} INFO - [2025-07-14T00:25:42.189+0000] {dag.py:3490} INFO - Setting next_dagrun for example_sensors to None, run_after=None
[2025-07-14T00:25:42.210+0000] {processor.py:179} INFO - Processing /home/airflow/.local/lib/python3.7/site-packages/airflow/example_dags/example_sensors.py took 0.098 seconds
[2025-07-14T00:26:12.368+0000] {processor.py:157} INFO - Started process (PID=2990) to work on /home/airflow/.local/lib/python3.7/site-packages/airflow/example_dags/example_sensors.py
[2025-07-14T00:26:12.369+0000] {processor.py:826} INFO - Processing file /home/airflow/.local/lib/python3.7/site-packages/airflow/example_dags/example_sensors.py for tasks to queue
[2025-07-14T00:26:12.370+0000] {logging_mixin.py:149} INFO - [2025-07-14T00:26:12.369+0000] {dagbag.py:541} INFO - Filling up the DagBag from /home/airflow/.local/lib/python3.7/site-packages/airflow/example_dags/example_sensors.py
[2025-07-14T00:26:12.380+0000] {processor.py:836} INFO - DAG(s) dict_keys(['example_sensors']) retrieved from /home/airflow/.local/lib/python3.7/site-packages/airflow/example_dags/example_sensors.py
[2025-07-14T00:26:12.411+0000] {logging_mixin.py:149} INFO - [2025-07-14T00:26:12.411+0000] {dag.py:2726} INFO - Sync 1 DAGs
[2025-07-14T00:26:12.439+0000] {logging_mixin.py:149} INFO - [2025-07-14T00:26:12.439+0000] {dag.py:3490} INFO - Setting next_dagrun for example_sensors to None, run_after=None
[2025-07-14T00:26:12.458+0000] {processor.py:179} INFO - Processing /home/airflow/.local/lib/python3.7/site-packages/airflow/example_dags/example_sensors.py took 0.094 seconds
[2025-07-14T00:26:42.657+0000] {processor.py:157} INFO - Started process (PID=3235) to work on /home/airflow/.local/lib/python3.7/site-packages/airflow/example_dags/example_sensors.py
[2025-07-14T00:26:42.658+0000] {processor.py:826} INFO - Processing file /home/airflow/.local/lib/python3.7/site-packages/airflow/example_dags/example_sensors.py for tasks to queue
[2025-07-14T00:26:42.659+0000] {logging_mixin.py:149} INFO - [2025-07-14T00:26:42.659+0000] {dagbag.py:541} INFO - Filling up the DagBag from /home/airflow/.local/lib/python3.7/site-packages/airflow/example_dags/example_sensors.py
[2025-07-14T00:26:42.670+0000] {processor.py:836} INFO - DAG(s) dict_keys(['example_sensors']) retrieved from /home/airflow/.local/lib/python3.7/site-packages/airflow/example_dags/example_sensors.py
[2025-07-14T00:26:42.702+0000] {logging_mixin.py:149} INFO - [2025-07-14T00:26:42.702+0000] {dag.py:2726} INFO - Sync 1 DAGs
[2025-07-14T00:26:42.729+0000] {logging_mixin.py:149} INFO - [2025-07-14T00:26:42.729+0000] {dag.py:3490} INFO - Setting next_dagrun for example_sensors to None, run_after=None
[2025-07-14T00:26:42.749+0000] {processor.py:179} INFO - Processing /home/airflow/.local/lib/python3.7/site-packages/airflow/example_dags/example_sensors.py took 0.096 seconds
[2025-07-14T00:27:13.099+0000] {processor.py:157} INFO - Started process (PID=3480) to work on /home/airflow/.local/lib/python3.7/site-packages/airflow/example_dags/example_sensors.py
[2025-07-14T00:27:13.100+0000] {processor.py:826} INFO - Processing file /home/airflow/.local/lib/python3.7/site-packages/airflow/example_dags/example_sensors.py for tasks to queue
[2025-07-14T00:27:13.101+0000] {logging_mixin.py:149} INFO - [2025-07-14T00:27:13.101+0000] {dagbag.py:541} INFO - Filling up the DagBag from /home/airflow/.local/lib/python3.7/site-packages/airflow/example_dags/example_sensors.py
[2025-07-14T00:27:13.112+0000] {processor.py:836} INFO - DAG(s) dict_keys(['example_sensors']) retrieved from /home/airflow/.local/lib/python3.7/site-packages/airflow/example_dags/example_sensors.py
[2025-07-14T00:27:13.144+0000] {logging_mixin.py:149} INFO - [2025-07-14T00:27:13.143+0000] {dag.py:2726} INFO - Sync 1 DAGs
[2025-07-14T00:27:13.171+0000] {logging_mixin.py:149} INFO - [2025-07-14T00:27:13.170+0000] {dag.py:3490} INFO - Setting next_dagrun for example_sensors to None, run_after=None
[2025-07-14T00:27:13.192+0000] {processor.py:179} INFO - Processing /home/airflow/.local/lib/python3.7/site-packages/airflow/example_dags/example_sensors.py took 0.096 seconds
[2025-07-14T00:27:43.608+0000] {processor.py:157} INFO - Started process (PID=3725) to work on /home/airflow/.local/lib/python3.7/site-packages/airflow/example_dags/example_sensors.py
[2025-07-14T00:27:43.609+0000] {processor.py:826} INFO - Processing file /home/airflow/.local/lib/python3.7/site-packages/airflow/example_dags/example_sensors.py for tasks to queue
[2025-07-14T00:27:43.610+0000] {logging_mixin.py:149} INFO - [2025-07-14T00:27:43.610+0000] {dagbag.py:541} INFO - Filling up the DagBag from /home/airflow/.local/lib/python3.7/site-packages/airflow/example_dags/example_sensors.py
[2025-07-14T00:27:43.623+0000] {processor.py:836} INFO - DAG(s) dict_keys(['example_sensors']) retrieved from /home/airflow/.local/lib/python3.7/site-packages/airflow/example_dags/example_sensors.py
[2025-07-14T00:27:43.655+0000] {logging_mixin.py:149} INFO - [2025-07-14T00:27:43.655+0000] {dag.py:2726} INFO - Sync 1 DAGs
[2025-07-14T00:27:43.681+0000] {logging_mixin.py:149} INFO - [2025-07-14T00:27:43.681+0000] {dag.py:3490} INFO - Setting next_dagrun for example_sensors to None, run_after=None
[2025-07-14T00:27:43.702+0000] {processor.py:179} INFO - Processing /home/airflow/.local/lib/python3.7/site-packages/airflow/example_dags/example_sensors.py took 0.098 seconds
[2025-07-14T00:54:26.257+0000] {processor.py:157} INFO - Started process (PID=3976) to work on /home/airflow/.local/lib/python3.7/site-packages/airflow/example_dags/example_sensors.py
[2025-07-14T00:54:26.259+0000] {processor.py:826} INFO - Processing file /home/airflow/.local/lib/python3.7/site-packages/airflow/example_dags/example_sensors.py for tasks to queue
[2025-07-14T00:54:26.260+0000] {logging_mixin.py:149} INFO - [2025-07-14T00:54:26.260+0000] {dagbag.py:541} INFO - Filling up the DagBag from /home/airflow/.local/lib/python3.7/site-packages/airflow/example_dags/example_sensors.py
[2025-07-14T00:54:26.275+0000] {processor.py:836} INFO - DAG(s) dict_keys(['example_sensors']) retrieved from /home/airflow/.local/lib/python3.7/site-packages/airflow/example_dags/example_sensors.py
[2025-07-14T00:54:26.318+0000] {logging_mixin.py:149} INFO - [2025-07-14T00:54:26.317+0000] {dag.py:2726} INFO - Sync 1 DAGs
[2025-07-14T00:54:26.362+0000] {logging_mixin.py:149} INFO - [2025-07-14T00:54:26.362+0000] {dag.py:3490} INFO - Setting next_dagrun for example_sensors to None, run_after=None
[2025-07-14T00:54:26.391+0000] {processor.py:179} INFO - Processing /home/airflow/.local/lib/python3.7/site-packages/airflow/example_dags/example_sensors.py took 0.139 seconds
[2025-07-14T00:54:56.970+0000] {processor.py:157} INFO - Started process (PID=4221) to work on /home/airflow/.local/lib/python3.7/site-packages/airflow/example_dags/example_sensors.py
[2025-07-14T00:54:56.971+0000] {processor.py:826} INFO - Processing file /home/airflow/.local/lib/python3.7/site-packages/airflow/example_dags/example_sensors.py for tasks to queue
[2025-07-14T00:54:56.972+0000] {logging_mixin.py:149} INFO - [2025-07-14T00:54:56.972+0000] {dagbag.py:541} INFO - Filling up the DagBag from /home/airflow/.local/lib/python3.7/site-packages/airflow/example_dags/example_sensors.py
[2025-07-14T00:54:56.983+0000] {processor.py:836} INFO - DAG(s) dict_keys(['example_sensors']) retrieved from /home/airflow/.local/lib/python3.7/site-packages/airflow/example_dags/example_sensors.py
[2025-07-14T00:54:57.014+0000] {logging_mixin.py:149} INFO - [2025-07-14T00:54:57.014+0000] {dag.py:2726} INFO - Sync 1 DAGs
[2025-07-14T00:54:57.041+0000] {logging_mixin.py:149} INFO - [2025-07-14T00:54:57.041+0000] {dag.py:3490} INFO - Setting next_dagrun for example_sensors to None, run_after=None
[2025-07-14T00:54:57.061+0000] {processor.py:179} INFO - Processing /home/airflow/.local/lib/python3.7/site-packages/airflow/example_dags/example_sensors.py took 0.094 seconds
[2025-07-14T01:06:37.018+0000] {processor.py:157} INFO - Started process (PID=4407) to work on /home/airflow/.local/lib/python3.7/site-packages/airflow/example_dags/example_sensors.py
[2025-07-14T01:06:37.020+0000] {processor.py:826} INFO - Processing file /home/airflow/.local/lib/python3.7/site-packages/airflow/example_dags/example_sensors.py for tasks to queue
[2025-07-14T01:06:37.021+0000] {logging_mixin.py:149} INFO - [2025-07-14T01:06:37.021+0000] {dagbag.py:541} INFO - Filling up the DagBag from /home/airflow/.local/lib/python3.7/site-packages/airflow/example_dags/example_sensors.py
[2025-07-14T01:06:37.035+0000] {processor.py:836} INFO - DAG(s) dict_keys(['example_sensors']) retrieved from /home/airflow/.local/lib/python3.7/site-packages/airflow/example_dags/example_sensors.py
[2025-07-14T01:06:37.077+0000] {logging_mixin.py:149} INFO - [2025-07-14T01:06:37.077+0000] {dag.py:2726} INFO - Sync 1 DAGs
[2025-07-14T01:06:37.136+0000] {logging_mixin.py:149} INFO - [2025-07-14T01:06:37.136+0000] {dag.py:3490} INFO - Setting next_dagrun for example_sensors to None, run_after=None
[2025-07-14T01:06:37.172+0000] {processor.py:179} INFO - Processing /home/airflow/.local/lib/python3.7/site-packages/airflow/example_dags/example_sensors.py took 0.158 seconds
[2025-07-14T01:07:07.453+0000] {processor.py:157} INFO - Started process (PID=4652) to work on /home/airflow/.local/lib/python3.7/site-packages/airflow/example_dags/example_sensors.py
[2025-07-14T01:07:07.454+0000] {processor.py:826} INFO - Processing file /home/airflow/.local/lib/python3.7/site-packages/airflow/example_dags/example_sensors.py for tasks to queue
[2025-07-14T01:07:07.455+0000] {logging_mixin.py:149} INFO - [2025-07-14T01:07:07.455+0000] {dagbag.py:541} INFO - Filling up the DagBag from /home/airflow/.local/lib/python3.7/site-packages/airflow/example_dags/example_sensors.py
[2025-07-14T01:07:07.466+0000] {processor.py:836} INFO - DAG(s) dict_keys(['example_sensors']) retrieved from /home/airflow/.local/lib/python3.7/site-packages/airflow/example_dags/example_sensors.py
[2025-07-14T01:07:07.497+0000] {logging_mixin.py:149} INFO - [2025-07-14T01:07:07.497+0000] {dag.py:2726} INFO - Sync 1 DAGs
[2025-07-14T01:07:07.524+0000] {logging_mixin.py:149} INFO - [2025-07-14T01:07:07.524+0000] {dag.py:3490} INFO - Setting next_dagrun for example_sensors to None, run_after=None
[2025-07-14T01:07:07.544+0000] {processor.py:179} INFO - Processing /home/airflow/.local/lib/python3.7/site-packages/airflow/example_dags/example_sensors.py took 0.094 seconds
[2025-07-14T01:07:37.676+0000] {processor.py:157} INFO - Started process (PID=4897) to work on /home/airflow/.local/lib/python3.7/site-packages/airflow/example_dags/example_sensors.py
[2025-07-14T01:07:37.677+0000] {processor.py:826} INFO - Processing file /home/airflow/.local/lib/python3.7/site-packages/airflow/example_dags/example_sensors.py for tasks to queue
[2025-07-14T01:07:37.678+0000] {logging_mixin.py:149} INFO - [2025-07-14T01:07:37.678+0000] {dagbag.py:541} INFO - Filling up the DagBag from /home/airflow/.local/lib/python3.7/site-packages/airflow/example_dags/example_sensors.py
[2025-07-14T01:07:37.689+0000] {processor.py:836} INFO - DAG(s) dict_keys(['example_sensors']) retrieved from /home/airflow/.local/lib/python3.7/site-packages/airflow/example_dags/example_sensors.py
[2025-07-14T01:07:37.721+0000] {logging_mixin.py:149} INFO - [2025-07-14T01:07:37.721+0000] {dag.py:2726} INFO - Sync 1 DAGs
[2025-07-14T01:07:37.748+0000] {logging_mixin.py:149} INFO - [2025-07-14T01:07:37.748+0000] {dag.py:3490} INFO - Setting next_dagrun for example_sensors to None, run_after=None
[2025-07-14T01:07:37.769+0000] {processor.py:179} INFO - Processing /home/airflow/.local/lib/python3.7/site-packages/airflow/example_dags/example_sensors.py took 0.097 seconds
[2025-07-14T01:08:07.935+0000] {processor.py:157} INFO - Started process (PID=5139) to work on /home/airflow/.local/lib/python3.7/site-packages/airflow/example_dags/example_sensors.py
[2025-07-14T01:08:07.936+0000] {processor.py:826} INFO - Processing file /home/airflow/.local/lib/python3.7/site-packages/airflow/example_dags/example_sensors.py for tasks to queue
[2025-07-14T01:08:07.936+0000] {logging_mixin.py:149} INFO - [2025-07-14T01:08:07.936+0000] {dagbag.py:541} INFO - Filling up the DagBag from /home/airflow/.local/lib/python3.7/site-packages/airflow/example_dags/example_sensors.py
[2025-07-14T01:08:07.947+0000] {processor.py:836} INFO - DAG(s) dict_keys(['example_sensors']) retrieved from /home/airflow/.local/lib/python3.7/site-packages/airflow/example_dags/example_sensors.py
[2025-07-14T01:08:07.978+0000] {logging_mixin.py:149} INFO - [2025-07-14T01:08:07.978+0000] {dag.py:2726} INFO - Sync 1 DAGs
[2025-07-14T01:08:08.005+0000] {logging_mixin.py:149} INFO - [2025-07-14T01:08:08.005+0000] {dag.py:3490} INFO - Setting next_dagrun for example_sensors to None, run_after=None
[2025-07-14T01:08:08.025+0000] {processor.py:179} INFO - Processing /home/airflow/.local/lib/python3.7/site-packages/airflow/example_dags/example_sensors.py took 0.094 seconds
[2025-07-14T01:08:38.346+0000] {processor.py:157} INFO - Started process (PID=5381) to work on /home/airflow/.local/lib/python3.7/site-packages/airflow/example_dags/example_sensors.py
[2025-07-14T01:08:38.347+0000] {processor.py:826} INFO - Processing file /home/airflow/.local/lib/python3.7/site-packages/airflow/example_dags/example_sensors.py for tasks to queue
[2025-07-14T01:08:38.348+0000] {logging_mixin.py:149} INFO - [2025-07-14T01:08:38.348+0000] {dagbag.py:541} INFO - Filling up the DagBag from /home/airflow/.local/lib/python3.7/site-packages/airflow/example_dags/example_sensors.py
[2025-07-14T01:08:38.359+0000] {processor.py:836} INFO - DAG(s) dict_keys(['example_sensors']) retrieved from /home/airflow/.local/lib/python3.7/site-packages/airflow/example_dags/example_sensors.py
[2025-07-14T01:08:38.391+0000] {logging_mixin.py:149} INFO - [2025-07-14T01:08:38.391+0000] {dag.py:2726} INFO - Sync 1 DAGs
[2025-07-14T01:08:38.419+0000] {logging_mixin.py:149} INFO - [2025-07-14T01:08:38.419+0000] {dag.py:3490} INFO - Setting next_dagrun for example_sensors to None, run_after=None
[2025-07-14T01:08:38.441+0000] {processor.py:179} INFO - Processing /home/airflow/.local/lib/python3.7/site-packages/airflow/example_dags/example_sensors.py took 0.098 seconds
[2025-07-14T01:09:08.731+0000] {processor.py:157} INFO - Started process (PID=5626) to work on /home/airflow/.local/lib/python3.7/site-packages/airflow/example_dags/example_sensors.py
[2025-07-14T01:09:08.732+0000] {processor.py:826} INFO - Processing file /home/airflow/.local/lib/python3.7/site-packages/airflow/example_dags/example_sensors.py for tasks to queue
[2025-07-14T01:09:08.733+0000] {logging_mixin.py:149} INFO - [2025-07-14T01:09:08.733+0000] {dagbag.py:541} INFO - Filling up the DagBag from /home/airflow/.local/lib/python3.7/site-packages/airflow/example_dags/example_sensors.py
[2025-07-14T01:09:08.744+0000] {processor.py:836} INFO - DAG(s) dict_keys(['example_sensors']) retrieved from /home/airflow/.local/lib/python3.7/site-packages/airflow/example_dags/example_sensors.py
[2025-07-14T01:09:08.775+0000] {logging_mixin.py:149} INFO - [2025-07-14T01:09:08.775+0000] {dag.py:2726} INFO - Sync 1 DAGs
[2025-07-14T01:09:08.803+0000] {logging_mixin.py:149} INFO - [2025-07-14T01:09:08.803+0000] {dag.py:3490} INFO - Setting next_dagrun for example_sensors to None, run_after=None
[2025-07-14T01:09:08.823+0000] {processor.py:179} INFO - Processing /home/airflow/.local/lib/python3.7/site-packages/airflow/example_dags/example_sensors.py took 0.096 seconds
[2025-07-14T01:09:38.988+0000] {processor.py:157} INFO - Started process (PID=5871) to work on /home/airflow/.local/lib/python3.7/site-packages/airflow/example_dags/example_sensors.py
[2025-07-14T01:09:38.989+0000] {processor.py:826} INFO - Processing file /home/airflow/.local/lib/python3.7/site-packages/airflow/example_dags/example_sensors.py for tasks to queue
[2025-07-14T01:09:38.990+0000] {logging_mixin.py:149} INFO - [2025-07-14T01:09:38.990+0000] {dagbag.py:541} INFO - Filling up the DagBag from /home/airflow/.local/lib/python3.7/site-packages/airflow/example_dags/example_sensors.py
[2025-07-14T01:09:39.001+0000] {processor.py:836} INFO - DAG(s) dict_keys(['example_sensors']) retrieved from /home/airflow/.local/lib/python3.7/site-packages/airflow/example_dags/example_sensors.py
[2025-07-14T01:09:39.032+0000] {logging_mixin.py:149} INFO - [2025-07-14T01:09:39.032+0000] {dag.py:2726} INFO - Sync 1 DAGs
[2025-07-14T01:09:39.059+0000] {logging_mixin.py:149} INFO - [2025-07-14T01:09:39.059+0000] {dag.py:3490} INFO - Setting next_dagrun for example_sensors to None, run_after=None
[2025-07-14T01:09:39.079+0000] {processor.py:179} INFO - Processing /home/airflow/.local/lib/python3.7/site-packages/airflow/example_dags/example_sensors.py took 0.095 seconds
[2025-07-14T01:10:10.029+0000] {processor.py:157} INFO - Started process (PID=6118) to work on /home/airflow/.local/lib/python3.7/site-packages/airflow/example_dags/example_sensors.py
[2025-07-14T01:10:10.030+0000] {processor.py:826} INFO - Processing file /home/airflow/.local/lib/python3.7/site-packages/airflow/example_dags/example_sensors.py for tasks to queue
[2025-07-14T01:10:10.030+0000] {logging_mixin.py:149} INFO - [2025-07-14T01:10:10.030+0000] {dagbag.py:541} INFO - Filling up the DagBag from /home/airflow/.local/lib/python3.7/site-packages/airflow/example_dags/example_sensors.py
[2025-07-14T01:10:10.041+0000] {processor.py:836} INFO - DAG(s) dict_keys(['example_sensors']) retrieved from /home/airflow/.local/lib/python3.7/site-packages/airflow/example_dags/example_sensors.py
[2025-07-14T01:10:10.071+0000] {logging_mixin.py:149} INFO - [2025-07-14T01:10:10.071+0000] {dag.py:2726} INFO - Sync 1 DAGs
[2025-07-14T01:10:10.099+0000] {logging_mixin.py:149} INFO - [2025-07-14T01:10:10.099+0000] {dag.py:3490} INFO - Setting next_dagrun for example_sensors to None, run_after=None
[2025-07-14T01:10:10.119+0000] {processor.py:179} INFO - Processing /home/airflow/.local/lib/python3.7/site-packages/airflow/example_dags/example_sensors.py took 0.093 seconds
[2025-07-14T01:10:40.364+0000] {processor.py:157} INFO - Started process (PID=6361) to work on /home/airflow/.local/lib/python3.7/site-packages/airflow/example_dags/example_sensors.py
[2025-07-14T01:10:40.365+0000] {processor.py:826} INFO - Processing file /home/airflow/.local/lib/python3.7/site-packages/airflow/example_dags/example_sensors.py for tasks to queue
[2025-07-14T01:10:40.366+0000] {logging_mixin.py:149} INFO - [2025-07-14T01:10:40.366+0000] {dagbag.py:541} INFO - Filling up the DagBag from /home/airflow/.local/lib/python3.7/site-packages/airflow/example_dags/example_sensors.py
[2025-07-14T01:10:40.378+0000] {processor.py:836} INFO - DAG(s) dict_keys(['example_sensors']) retrieved from /home/airflow/.local/lib/python3.7/site-packages/airflow/example_dags/example_sensors.py
[2025-07-14T01:10:40.413+0000] {logging_mixin.py:149} INFO - [2025-07-14T01:10:40.413+0000] {dag.py:2726} INFO - Sync 1 DAGs
[2025-07-14T01:10:40.440+0000] {logging_mixin.py:149} INFO - [2025-07-14T01:10:40.440+0000] {dag.py:3490} INFO - Setting next_dagrun for example_sensors to None, run_after=None
[2025-07-14T01:10:40.460+0000] {processor.py:179} INFO - Processing /home/airflow/.local/lib/python3.7/site-packages/airflow/example_dags/example_sensors.py took 0.100 seconds
[2025-07-14T01:16:01.408+0000] {processor.py:157} INFO - Started process (PID=6604) to work on /home/airflow/.local/lib/python3.7/site-packages/airflow/example_dags/example_sensors.py
[2025-07-14T01:16:01.409+0000] {processor.py:826} INFO - Processing file /home/airflow/.local/lib/python3.7/site-packages/airflow/example_dags/example_sensors.py for tasks to queue
[2025-07-14T01:16:01.410+0000] {logging_mixin.py:149} INFO - [2025-07-14T01:16:01.410+0000] {dagbag.py:541} INFO - Filling up the DagBag from /home/airflow/.local/lib/python3.7/site-packages/airflow/example_dags/example_sensors.py
[2025-07-14T01:16:01.428+0000] {processor.py:836} INFO - DAG(s) dict_keys(['example_sensors']) retrieved from /home/airflow/.local/lib/python3.7/site-packages/airflow/example_dags/example_sensors.py
[2025-07-14T01:16:01.483+0000] {logging_mixin.py:149} INFO - [2025-07-14T01:16:01.483+0000] {dag.py:2726} INFO - Sync 1 DAGs
[2025-07-14T01:16:01.525+0000] {logging_mixin.py:149} INFO - [2025-07-14T01:16:01.525+0000] {dag.py:3490} INFO - Setting next_dagrun for example_sensors to None, run_after=None
[2025-07-14T01:16:01.552+0000] {processor.py:179} INFO - Processing /home/airflow/.local/lib/python3.7/site-packages/airflow/example_dags/example_sensors.py took 0.149 seconds
[2025-07-14T01:16:31.811+0000] {processor.py:157} INFO - Started process (PID=6849) to work on /home/airflow/.local/lib/python3.7/site-packages/airflow/example_dags/example_sensors.py
[2025-07-14T01:16:31.812+0000] {processor.py:826} INFO - Processing file /home/airflow/.local/lib/python3.7/site-packages/airflow/example_dags/example_sensors.py for tasks to queue
[2025-07-14T01:16:31.813+0000] {logging_mixin.py:149} INFO - [2025-07-14T01:16:31.813+0000] {dagbag.py:541} INFO - Filling up the DagBag from /home/airflow/.local/lib/python3.7/site-packages/airflow/example_dags/example_sensors.py
[2025-07-14T01:16:31.823+0000] {processor.py:836} INFO - DAG(s) dict_keys(['example_sensors']) retrieved from /home/airflow/.local/lib/python3.7/site-packages/airflow/example_dags/example_sensors.py
[2025-07-14T01:16:31.855+0000] {logging_mixin.py:149} INFO - [2025-07-14T01:16:31.854+0000] {dag.py:2726} INFO - Sync 1 DAGs
[2025-07-14T01:16:31.881+0000] {logging_mixin.py:149} INFO - [2025-07-14T01:16:31.881+0000] {dag.py:3490} INFO - Setting next_dagrun for example_sensors to None, run_after=None
[2025-07-14T01:16:31.907+0000] {processor.py:179} INFO - Processing /home/airflow/.local/lib/python3.7/site-packages/airflow/example_dags/example_sensors.py took 0.100 seconds
[2025-07-14T01:39:17.359+0000] {processor.py:157} INFO - Started process (PID=7082) to work on /home/airflow/.local/lib/python3.7/site-packages/airflow/example_dags/example_sensors.py
[2025-07-14T01:39:17.360+0000] {processor.py:826} INFO - Processing file /home/airflow/.local/lib/python3.7/site-packages/airflow/example_dags/example_sensors.py for tasks to queue
[2025-07-14T01:39:17.362+0000] {logging_mixin.py:149} INFO - [2025-07-14T01:39:17.362+0000] {dagbag.py:541} INFO - Filling up the DagBag from /home/airflow/.local/lib/python3.7/site-packages/airflow/example_dags/example_sensors.py
[2025-07-14T01:39:17.382+0000] {processor.py:836} INFO - DAG(s) dict_keys(['example_sensors']) retrieved from /home/airflow/.local/lib/python3.7/site-packages/airflow/example_dags/example_sensors.py
[2025-07-14T01:39:17.437+0000] {logging_mixin.py:149} INFO - [2025-07-14T01:39:17.437+0000] {dag.py:2726} INFO - Sync 1 DAGs
[2025-07-14T01:39:17.497+0000] {logging_mixin.py:149} INFO - [2025-07-14T01:39:17.496+0000] {dag.py:3490} INFO - Setting next_dagrun for example_sensors to None, run_after=None
[2025-07-14T01:39:17.551+0000] {processor.py:179} INFO - Processing /home/airflow/.local/lib/python3.7/site-packages/airflow/example_dags/example_sensors.py took 0.199 seconds
