[2025-07-14T00:20:35.309+0000] {processor.py:157} INFO - Started process (PID=230) to work on /home/airflow/.local/lib/python3.7/site-packages/airflow/example_dags/example_trigger_target_dag.py
[2025-07-14T00:20:35.313+0000] {processor.py:826} INFO - Processing file /home/airflow/.local/lib/python3.7/site-packages/airflow/example_dags/example_trigger_target_dag.py for tasks to queue
[2025-07-14T00:20:35.314+0000] {logging_mixin.py:149} INFO - [2025-07-14T00:20:35.314+0000] {dagbag.py:541} INFO - Filling up the DagBag from /home/airflow/.local/lib/python3.7/site-packages/airflow/example_dags/example_trigger_target_dag.py
[2025-07-14T00:20:35.328+0000] {processor.py:836} INFO - DAG(s) dict_keys(['example_trigger_target_dag']) retrieved from /home/airflow/.local/lib/python3.7/site-packages/airflow/example_dags/example_trigger_target_dag.py
[2025-07-14T00:20:35.380+0000] {logging_mixin.py:149} INFO - [2025-07-14T00:20:35.380+0000] {dag.py:2726} INFO - Sync 1 DAGs
[2025-07-14T00:20:35.428+0000] {logging_mixin.py:149} INFO - [2025-07-14T00:20:35.428+0000] {dag.py:3490} INFO - Setting next_dagrun for example_trigger_target_dag to None, run_after=None
[2025-07-14T00:20:35.462+0000] {processor.py:179} INFO - Processing /home/airflow/.local/lib/python3.7/site-packages/airflow/example_dags/example_trigger_target_dag.py took 0.157 seconds
[2025-07-14T00:21:05.539+0000] {processor.py:157} INFO - Started process (PID=472) to work on /home/airflow/.local/lib/python3.7/site-packages/airflow/example_dags/example_trigger_target_dag.py
[2025-07-14T00:21:05.540+0000] {processor.py:826} INFO - Processing file /home/airflow/.local/lib/python3.7/site-packages/airflow/example_dags/example_trigger_target_dag.py for tasks to queue
[2025-07-14T00:21:05.541+0000] {logging_mixin.py:149} INFO - [2025-07-14T00:21:05.541+0000] {dagbag.py:541} INFO - Filling up the DagBag from /home/airflow/.local/lib/python3.7/site-packages/airflow/example_dags/example_trigger_target_dag.py
[2025-07-14T00:21:05.547+0000] {processor.py:836} INFO - DAG(s) dict_keys(['example_trigger_target_dag']) retrieved from /home/airflow/.local/lib/python3.7/site-packages/airflow/example_dags/example_trigger_target_dag.py
[2025-07-14T00:21:05.575+0000] {logging_mixin.py:149} INFO - [2025-07-14T00:21:05.575+0000] {dag.py:2726} INFO - Sync 1 DAGs
[2025-07-14T00:21:05.602+0000] {logging_mixin.py:149} INFO - [2025-07-14T00:21:05.602+0000] {dag.py:3490} INFO - Setting next_dagrun for example_trigger_target_dag to None, run_after=None
[2025-07-14T00:21:05.624+0000] {processor.py:179} INFO - Processing /home/airflow/.local/lib/python3.7/site-packages/airflow/example_dags/example_trigger_target_dag.py took 0.088 seconds
[2025-07-14T00:21:36.095+0000] {processor.py:157} INFO - Started process (PID=722) to work on /home/airflow/.local/lib/python3.7/site-packages/airflow/example_dags/example_trigger_target_dag.py
[2025-07-14T00:21:36.096+0000] {processor.py:826} INFO - Processing file /home/airflow/.local/lib/python3.7/site-packages/airflow/example_dags/example_trigger_target_dag.py for tasks to queue
[2025-07-14T00:21:36.096+0000] {logging_mixin.py:149} INFO - [2025-07-14T00:21:36.096+0000] {dagbag.py:541} INFO - Filling up the DagBag from /home/airflow/.local/lib/python3.7/site-packages/airflow/example_dags/example_trigger_target_dag.py
[2025-07-14T00:21:36.102+0000] {processor.py:836} INFO - DAG(s) dict_keys(['example_trigger_target_dag']) retrieved from /home/airflow/.local/lib/python3.7/site-packages/airflow/example_dags/example_trigger_target_dag.py
[2025-07-14T00:21:36.129+0000] {logging_mixin.py:149} INFO - [2025-07-14T00:21:36.129+0000] {dag.py:2726} INFO - Sync 1 DAGs
[2025-07-14T00:21:36.159+0000] {logging_mixin.py:149} INFO - [2025-07-14T00:21:36.159+0000] {dag.py:3490} INFO - Setting next_dagrun for example_trigger_target_dag to None, run_after=None
[2025-07-14T00:21:36.199+0000] {processor.py:179} INFO - Processing /home/airflow/.local/lib/python3.7/site-packages/airflow/example_dags/example_trigger_target_dag.py took 0.108 seconds
[2025-07-14T00:22:07.851+0000] {processor.py:157} INFO - Started process (PID=965) to work on /home/airflow/.local/lib/python3.7/site-packages/airflow/example_dags/example_trigger_target_dag.py
[2025-07-14T00:22:07.853+0000] {processor.py:826} INFO - Processing file /home/airflow/.local/lib/python3.7/site-packages/airflow/example_dags/example_trigger_target_dag.py for tasks to queue
[2025-07-14T00:22:07.854+0000] {logging_mixin.py:149} INFO - [2025-07-14T00:22:07.854+0000] {dagbag.py:541} INFO - Filling up the DagBag from /home/airflow/.local/lib/python3.7/site-packages/airflow/example_dags/example_trigger_target_dag.py
[2025-07-14T00:22:07.860+0000] {processor.py:836} INFO - DAG(s) dict_keys(['example_trigger_target_dag']) retrieved from /home/airflow/.local/lib/python3.7/site-packages/airflow/example_dags/example_trigger_target_dag.py
[2025-07-14T00:22:07.887+0000] {logging_mixin.py:149} INFO - [2025-07-14T00:22:07.887+0000] {dag.py:2726} INFO - Sync 1 DAGs
[2025-07-14T00:22:08.036+0000] {logging_mixin.py:149} INFO - [2025-07-14T00:22:08.035+0000] {dag.py:3490} INFO - Setting next_dagrun for example_trigger_target_dag to None, run_after=None
[2025-07-14T00:22:08.063+0000] {processor.py:179} INFO - Processing /home/airflow/.local/lib/python3.7/site-packages/airflow/example_dags/example_trigger_target_dag.py took 0.216 seconds
[2025-07-14T00:22:38.767+0000] {processor.py:157} INFO - Started process (PID=1210) to work on /home/airflow/.local/lib/python3.7/site-packages/airflow/example_dags/example_trigger_target_dag.py
[2025-07-14T00:22:38.769+0000] {processor.py:826} INFO - Processing file /home/airflow/.local/lib/python3.7/site-packages/airflow/example_dags/example_trigger_target_dag.py for tasks to queue
[2025-07-14T00:22:38.769+0000] {logging_mixin.py:149} INFO - [2025-07-14T00:22:38.769+0000] {dagbag.py:541} INFO - Filling up the DagBag from /home/airflow/.local/lib/python3.7/site-packages/airflow/example_dags/example_trigger_target_dag.py
[2025-07-14T00:22:38.776+0000] {processor.py:836} INFO - DAG(s) dict_keys(['example_trigger_target_dag']) retrieved from /home/airflow/.local/lib/python3.7/site-packages/airflow/example_dags/example_trigger_target_dag.py
[2025-07-14T00:22:38.804+0000] {logging_mixin.py:149} INFO - [2025-07-14T00:22:38.804+0000] {dag.py:2726} INFO - Sync 1 DAGs
[2025-07-14T00:22:38.833+0000] {logging_mixin.py:149} INFO - [2025-07-14T00:22:38.832+0000] {dag.py:3490} INFO - Setting next_dagrun for example_trigger_target_dag to None, run_after=None
[2025-07-14T00:22:38.858+0000] {processor.py:179} INFO - Processing /home/airflow/.local/lib/python3.7/site-packages/airflow/example_dags/example_trigger_target_dag.py took 0.098 seconds
[2025-07-14T00:23:09.166+0000] {processor.py:157} INFO - Started process (PID=1455) to work on /home/airflow/.local/lib/python3.7/site-packages/airflow/example_dags/example_trigger_target_dag.py
[2025-07-14T00:23:09.167+0000] {processor.py:826} INFO - Processing file /home/airflow/.local/lib/python3.7/site-packages/airflow/example_dags/example_trigger_target_dag.py for tasks to queue
[2025-07-14T00:23:09.167+0000] {logging_mixin.py:149} INFO - [2025-07-14T00:23:09.167+0000] {dagbag.py:541} INFO - Filling up the DagBag from /home/airflow/.local/lib/python3.7/site-packages/airflow/example_dags/example_trigger_target_dag.py
[2025-07-14T00:23:09.173+0000] {processor.py:836} INFO - DAG(s) dict_keys(['example_trigger_target_dag']) retrieved from /home/airflow/.local/lib/python3.7/site-packages/airflow/example_dags/example_trigger_target_dag.py
[2025-07-14T00:23:09.200+0000] {logging_mixin.py:149} INFO - [2025-07-14T00:23:09.200+0000] {dag.py:2726} INFO - Sync 1 DAGs
[2025-07-14T00:23:09.229+0000] {logging_mixin.py:149} INFO - [2025-07-14T00:23:09.229+0000] {dag.py:3490} INFO - Setting next_dagrun for example_trigger_target_dag to None, run_after=None
[2025-07-14T00:23:09.254+0000] {processor.py:179} INFO - Processing /home/airflow/.local/lib/python3.7/site-packages/airflow/example_dags/example_trigger_target_dag.py took 0.092 seconds
[2025-07-14T00:23:39.519+0000] {processor.py:157} INFO - Started process (PID=1700) to work on /home/airflow/.local/lib/python3.7/site-packages/airflow/example_dags/example_trigger_target_dag.py
[2025-07-14T00:23:39.521+0000] {processor.py:826} INFO - Processing file /home/airflow/.local/lib/python3.7/site-packages/airflow/example_dags/example_trigger_target_dag.py for tasks to queue
[2025-07-14T00:23:39.522+0000] {logging_mixin.py:149} INFO - [2025-07-14T00:23:39.522+0000] {dagbag.py:541} INFO - Filling up the DagBag from /home/airflow/.local/lib/python3.7/site-packages/airflow/example_dags/example_trigger_target_dag.py
[2025-07-14T00:23:39.528+0000] {processor.py:836} INFO - DAG(s) dict_keys(['example_trigger_target_dag']) retrieved from /home/airflow/.local/lib/python3.7/site-packages/airflow/example_dags/example_trigger_target_dag.py
[2025-07-14T00:23:39.554+0000] {logging_mixin.py:149} INFO - [2025-07-14T00:23:39.554+0000] {dag.py:2726} INFO - Sync 1 DAGs
[2025-07-14T00:23:39.583+0000] {logging_mixin.py:149} INFO - [2025-07-14T00:23:39.582+0000] {dag.py:3490} INFO - Setting next_dagrun for example_trigger_target_dag to None, run_after=None
[2025-07-14T00:23:39.607+0000] {processor.py:179} INFO - Processing /home/airflow/.local/lib/python3.7/site-packages/airflow/example_dags/example_trigger_target_dag.py took 0.092 seconds
[2025-07-14T00:24:09.838+0000] {processor.py:157} INFO - Started process (PID=1945) to work on /home/airflow/.local/lib/python3.7/site-packages/airflow/example_dags/example_trigger_target_dag.py
[2025-07-14T00:24:09.839+0000] {processor.py:826} INFO - Processing file /home/airflow/.local/lib/python3.7/site-packages/airflow/example_dags/example_trigger_target_dag.py for tasks to queue
[2025-07-14T00:24:09.840+0000] {logging_mixin.py:149} INFO - [2025-07-14T00:24:09.840+0000] {dagbag.py:541} INFO - Filling up the DagBag from /home/airflow/.local/lib/python3.7/site-packages/airflow/example_dags/example_trigger_target_dag.py
[2025-07-14T00:24:09.846+0000] {processor.py:836} INFO - DAG(s) dict_keys(['example_trigger_target_dag']) retrieved from /home/airflow/.local/lib/python3.7/site-packages/airflow/example_dags/example_trigger_target_dag.py
[2025-07-14T00:24:09.872+0000] {logging_mixin.py:149} INFO - [2025-07-14T00:24:09.872+0000] {dag.py:2726} INFO - Sync 1 DAGs
[2025-07-14T00:24:09.899+0000] {logging_mixin.py:149} INFO - [2025-07-14T00:24:09.898+0000] {dag.py:3490} INFO - Setting next_dagrun for example_trigger_target_dag to None, run_after=None
[2025-07-14T00:24:09.924+0000] {processor.py:179} INFO - Processing /home/airflow/.local/lib/python3.7/site-packages/airflow/example_dags/example_trigger_target_dag.py took 0.089 seconds
[2025-07-14T00:24:40.287+0000] {processor.py:157} INFO - Started process (PID=2190) to work on /home/airflow/.local/lib/python3.7/site-packages/airflow/example_dags/example_trigger_target_dag.py
[2025-07-14T00:24:40.287+0000] {processor.py:826} INFO - Processing file /home/airflow/.local/lib/python3.7/site-packages/airflow/example_dags/example_trigger_target_dag.py for tasks to queue
[2025-07-14T00:24:40.288+0000] {logging_mixin.py:149} INFO - [2025-07-14T00:24:40.288+0000] {dagbag.py:541} INFO - Filling up the DagBag from /home/airflow/.local/lib/python3.7/site-packages/airflow/example_dags/example_trigger_target_dag.py
[2025-07-14T00:24:40.294+0000] {processor.py:836} INFO - DAG(s) dict_keys(['example_trigger_target_dag']) retrieved from /home/airflow/.local/lib/python3.7/site-packages/airflow/example_dags/example_trigger_target_dag.py
[2025-07-14T00:24:40.319+0000] {logging_mixin.py:149} INFO - [2025-07-14T00:24:40.319+0000] {dag.py:2726} INFO - Sync 1 DAGs
[2025-07-14T00:24:40.348+0000] {logging_mixin.py:149} INFO - [2025-07-14T00:24:40.348+0000] {dag.py:3490} INFO - Setting next_dagrun for example_trigger_target_dag to None, run_after=None
[2025-07-14T00:24:40.371+0000] {processor.py:179} INFO - Processing /home/airflow/.local/lib/python3.7/site-packages/airflow/example_dags/example_trigger_target_dag.py took 0.088 seconds
[2025-07-14T00:25:10.568+0000] {processor.py:157} INFO - Started process (PID=2435) to work on /home/airflow/.local/lib/python3.7/site-packages/airflow/example_dags/example_trigger_target_dag.py
[2025-07-14T00:25:10.570+0000] {processor.py:826} INFO - Processing file /home/airflow/.local/lib/python3.7/site-packages/airflow/example_dags/example_trigger_target_dag.py for tasks to queue
[2025-07-14T00:25:10.570+0000] {logging_mixin.py:149} INFO - [2025-07-14T00:25:10.570+0000] {dagbag.py:541} INFO - Filling up the DagBag from /home/airflow/.local/lib/python3.7/site-packages/airflow/example_dags/example_trigger_target_dag.py
[2025-07-14T00:25:10.576+0000] {processor.py:836} INFO - DAG(s) dict_keys(['example_trigger_target_dag']) retrieved from /home/airflow/.local/lib/python3.7/site-packages/airflow/example_dags/example_trigger_target_dag.py
[2025-07-14T00:25:10.605+0000] {logging_mixin.py:149} INFO - [2025-07-14T00:25:10.605+0000] {dag.py:2726} INFO - Sync 1 DAGs
[2025-07-14T00:25:10.632+0000] {logging_mixin.py:149} INFO - [2025-07-14T00:25:10.632+0000] {dag.py:3490} INFO - Setting next_dagrun for example_trigger_target_dag to None, run_after=None
[2025-07-14T00:25:10.656+0000] {processor.py:179} INFO - Processing /home/airflow/.local/lib/python3.7/site-packages/airflow/example_dags/example_trigger_target_dag.py took 0.091 seconds
[2025-07-14T00:25:41.006+0000] {processor.py:157} INFO - Started process (PID=2680) to work on /home/airflow/.local/lib/python3.7/site-packages/airflow/example_dags/example_trigger_target_dag.py
[2025-07-14T00:25:41.007+0000] {processor.py:826} INFO - Processing file /home/airflow/.local/lib/python3.7/site-packages/airflow/example_dags/example_trigger_target_dag.py for tasks to queue
[2025-07-14T00:25:41.008+0000] {logging_mixin.py:149} INFO - [2025-07-14T00:25:41.007+0000] {dagbag.py:541} INFO - Filling up the DagBag from /home/airflow/.local/lib/python3.7/site-packages/airflow/example_dags/example_trigger_target_dag.py
[2025-07-14T00:25:41.013+0000] {processor.py:836} INFO - DAG(s) dict_keys(['example_trigger_target_dag']) retrieved from /home/airflow/.local/lib/python3.7/site-packages/airflow/example_dags/example_trigger_target_dag.py
[2025-07-14T00:25:41.042+0000] {logging_mixin.py:149} INFO - [2025-07-14T00:25:41.041+0000] {dag.py:2726} INFO - Sync 1 DAGs
[2025-07-14T00:25:41.070+0000] {logging_mixin.py:149} INFO - [2025-07-14T00:25:41.069+0000] {dag.py:3490} INFO - Setting next_dagrun for example_trigger_target_dag to None, run_after=None
[2025-07-14T00:25:41.093+0000] {processor.py:179} INFO - Processing /home/airflow/.local/lib/python3.7/site-packages/airflow/example_dags/example_trigger_target_dag.py took 0.091 seconds
[2025-07-14T00:26:11.396+0000] {processor.py:157} INFO - Started process (PID=2925) to work on /home/airflow/.local/lib/python3.7/site-packages/airflow/example_dags/example_trigger_target_dag.py
[2025-07-14T00:26:11.397+0000] {processor.py:826} INFO - Processing file /home/airflow/.local/lib/python3.7/site-packages/airflow/example_dags/example_trigger_target_dag.py for tasks to queue
[2025-07-14T00:26:11.398+0000] {logging_mixin.py:149} INFO - [2025-07-14T00:26:11.398+0000] {dagbag.py:541} INFO - Filling up the DagBag from /home/airflow/.local/lib/python3.7/site-packages/airflow/example_dags/example_trigger_target_dag.py
[2025-07-14T00:26:11.404+0000] {processor.py:836} INFO - DAG(s) dict_keys(['example_trigger_target_dag']) retrieved from /home/airflow/.local/lib/python3.7/site-packages/airflow/example_dags/example_trigger_target_dag.py
[2025-07-14T00:26:11.431+0000] {logging_mixin.py:149} INFO - [2025-07-14T00:26:11.431+0000] {dag.py:2726} INFO - Sync 1 DAGs
[2025-07-14T00:26:11.459+0000] {logging_mixin.py:149} INFO - [2025-07-14T00:26:11.458+0000] {dag.py:3490} INFO - Setting next_dagrun for example_trigger_target_dag to None, run_after=None
[2025-07-14T00:26:11.486+0000] {processor.py:179} INFO - Processing /home/airflow/.local/lib/python3.7/site-packages/airflow/example_dags/example_trigger_target_dag.py took 0.094 seconds
[2025-07-14T00:26:41.525+0000] {processor.py:157} INFO - Started process (PID=3165) to work on /home/airflow/.local/lib/python3.7/site-packages/airflow/example_dags/example_trigger_target_dag.py
[2025-07-14T00:26:41.527+0000] {processor.py:826} INFO - Processing file /home/airflow/.local/lib/python3.7/site-packages/airflow/example_dags/example_trigger_target_dag.py for tasks to queue
[2025-07-14T00:26:41.528+0000] {logging_mixin.py:149} INFO - [2025-07-14T00:26:41.528+0000] {dagbag.py:541} INFO - Filling up the DagBag from /home/airflow/.local/lib/python3.7/site-packages/airflow/example_dags/example_trigger_target_dag.py
[2025-07-14T00:26:41.540+0000] {processor.py:836} INFO - DAG(s) dict_keys(['example_trigger_target_dag']) retrieved from /home/airflow/.local/lib/python3.7/site-packages/airflow/example_dags/example_trigger_target_dag.py
[2025-07-14T00:26:41.581+0000] {logging_mixin.py:149} INFO - [2025-07-14T00:26:41.580+0000] {dag.py:2726} INFO - Sync 1 DAGs
[2025-07-14T00:26:41.622+0000] {logging_mixin.py:149} INFO - [2025-07-14T00:26:41.622+0000] {dag.py:3490} INFO - Setting next_dagrun for example_trigger_target_dag to None, run_after=None
[2025-07-14T00:26:41.646+0000] {processor.py:179} INFO - Processing /home/airflow/.local/lib/python3.7/site-packages/airflow/example_dags/example_trigger_target_dag.py took 0.126 seconds
[2025-07-14T00:27:12.083+0000] {processor.py:157} INFO - Started process (PID=3415) to work on /home/airflow/.local/lib/python3.7/site-packages/airflow/example_dags/example_trigger_target_dag.py
[2025-07-14T00:27:12.084+0000] {processor.py:826} INFO - Processing file /home/airflow/.local/lib/python3.7/site-packages/airflow/example_dags/example_trigger_target_dag.py for tasks to queue
[2025-07-14T00:27:12.085+0000] {logging_mixin.py:149} INFO - [2025-07-14T00:27:12.085+0000] {dagbag.py:541} INFO - Filling up the DagBag from /home/airflow/.local/lib/python3.7/site-packages/airflow/example_dags/example_trigger_target_dag.py
[2025-07-14T00:27:12.091+0000] {processor.py:836} INFO - DAG(s) dict_keys(['example_trigger_target_dag']) retrieved from /home/airflow/.local/lib/python3.7/site-packages/airflow/example_dags/example_trigger_target_dag.py
[2025-07-14T00:27:12.118+0000] {logging_mixin.py:149} INFO - [2025-07-14T00:27:12.118+0000] {dag.py:2726} INFO - Sync 1 DAGs
[2025-07-14T00:27:12.146+0000] {logging_mixin.py:149} INFO - [2025-07-14T00:27:12.146+0000] {dag.py:3490} INFO - Setting next_dagrun for example_trigger_target_dag to None, run_after=None
[2025-07-14T00:27:12.170+0000] {processor.py:179} INFO - Processing /home/airflow/.local/lib/python3.7/site-packages/airflow/example_dags/example_trigger_target_dag.py took 0.090 seconds
[2025-07-14T00:27:42.514+0000] {processor.py:157} INFO - Started process (PID=3660) to work on /home/airflow/.local/lib/python3.7/site-packages/airflow/example_dags/example_trigger_target_dag.py
[2025-07-14T00:27:42.515+0000] {processor.py:826} INFO - Processing file /home/airflow/.local/lib/python3.7/site-packages/airflow/example_dags/example_trigger_target_dag.py for tasks to queue
[2025-07-14T00:27:42.517+0000] {logging_mixin.py:149} INFO - [2025-07-14T00:27:42.516+0000] {dagbag.py:541} INFO - Filling up the DagBag from /home/airflow/.local/lib/python3.7/site-packages/airflow/example_dags/example_trigger_target_dag.py
[2025-07-14T00:27:42.527+0000] {processor.py:836} INFO - DAG(s) dict_keys(['example_trigger_target_dag']) retrieved from /home/airflow/.local/lib/python3.7/site-packages/airflow/example_dags/example_trigger_target_dag.py
[2025-07-14T00:27:42.556+0000] {logging_mixin.py:149} INFO - [2025-07-14T00:27:42.556+0000] {dag.py:2726} INFO - Sync 1 DAGs
[2025-07-14T00:27:42.584+0000] {logging_mixin.py:149} INFO - [2025-07-14T00:27:42.584+0000] {dag.py:3490} INFO - Setting next_dagrun for example_trigger_target_dag to None, run_after=None
[2025-07-14T00:27:42.609+0000] {processor.py:179} INFO - Processing /home/airflow/.local/lib/python3.7/site-packages/airflow/example_dags/example_trigger_target_dag.py took 0.099 seconds
[2025-07-14T00:54:24.480+0000] {processor.py:157} INFO - Started process (PID=3906) to work on /home/airflow/.local/lib/python3.7/site-packages/airflow/example_dags/example_trigger_target_dag.py
[2025-07-14T00:54:24.482+0000] {processor.py:826} INFO - Processing file /home/airflow/.local/lib/python3.7/site-packages/airflow/example_dags/example_trigger_target_dag.py for tasks to queue
[2025-07-14T00:54:24.483+0000] {logging_mixin.py:149} INFO - [2025-07-14T00:54:24.483+0000] {dagbag.py:541} INFO - Filling up the DagBag from /home/airflow/.local/lib/python3.7/site-packages/airflow/example_dags/example_trigger_target_dag.py
[2025-07-14T00:54:24.493+0000] {processor.py:836} INFO - DAG(s) dict_keys(['example_trigger_target_dag']) retrieved from /home/airflow/.local/lib/python3.7/site-packages/airflow/example_dags/example_trigger_target_dag.py
[2025-07-14T00:54:24.539+0000] {logging_mixin.py:149} INFO - [2025-07-14T00:54:24.539+0000] {dag.py:2726} INFO - Sync 1 DAGs
[2025-07-14T00:54:24.597+0000] {logging_mixin.py:149} INFO - [2025-07-14T00:54:24.596+0000] {dag.py:3490} INFO - Setting next_dagrun for example_trigger_target_dag to None, run_after=None
[2025-07-14T00:54:24.634+0000] {processor.py:179} INFO - Processing /home/airflow/.local/lib/python3.7/site-packages/airflow/example_dags/example_trigger_target_dag.py took 0.160 seconds
[2025-07-14T00:54:54.894+0000] {processor.py:157} INFO - Started process (PID=4151) to work on /home/airflow/.local/lib/python3.7/site-packages/airflow/example_dags/example_trigger_target_dag.py
[2025-07-14T00:54:54.895+0000] {processor.py:826} INFO - Processing file /home/airflow/.local/lib/python3.7/site-packages/airflow/example_dags/example_trigger_target_dag.py for tasks to queue
[2025-07-14T00:54:54.896+0000] {logging_mixin.py:149} INFO - [2025-07-14T00:54:54.896+0000] {dagbag.py:541} INFO - Filling up the DagBag from /home/airflow/.local/lib/python3.7/site-packages/airflow/example_dags/example_trigger_target_dag.py
[2025-07-14T00:54:54.902+0000] {processor.py:836} INFO - DAG(s) dict_keys(['example_trigger_target_dag']) retrieved from /home/airflow/.local/lib/python3.7/site-packages/airflow/example_dags/example_trigger_target_dag.py
[2025-07-14T00:54:54.938+0000] {logging_mixin.py:149} INFO - [2025-07-14T00:54:54.938+0000] {dag.py:2726} INFO - Sync 1 DAGs
[2025-07-14T00:54:54.971+0000] {logging_mixin.py:149} INFO - [2025-07-14T00:54:54.970+0000] {dag.py:3490} INFO - Setting next_dagrun for example_trigger_target_dag to None, run_after=None
[2025-07-14T00:54:54.990+0000] {processor.py:179} INFO - Processing /home/airflow/.local/lib/python3.7/site-packages/airflow/example_dags/example_trigger_target_dag.py took 0.099 seconds
[2025-07-14T01:06:35.645+0000] {processor.py:157} INFO - Started process (PID=4337) to work on /home/airflow/.local/lib/python3.7/site-packages/airflow/example_dags/example_trigger_target_dag.py
[2025-07-14T01:06:35.647+0000] {processor.py:826} INFO - Processing file /home/airflow/.local/lib/python3.7/site-packages/airflow/example_dags/example_trigger_target_dag.py for tasks to queue
[2025-07-14T01:06:35.649+0000] {logging_mixin.py:149} INFO - [2025-07-14T01:06:35.649+0000] {dagbag.py:541} INFO - Filling up the DagBag from /home/airflow/.local/lib/python3.7/site-packages/airflow/example_dags/example_trigger_target_dag.py
[2025-07-14T01:06:35.663+0000] {processor.py:836} INFO - DAG(s) dict_keys(['example_trigger_target_dag']) retrieved from /home/airflow/.local/lib/python3.7/site-packages/airflow/example_dags/example_trigger_target_dag.py
[2025-07-14T01:06:35.718+0000] {logging_mixin.py:149} INFO - [2025-07-14T01:06:35.718+0000] {dag.py:2726} INFO - Sync 1 DAGs
[2025-07-14T01:06:35.776+0000] {logging_mixin.py:149} INFO - [2025-07-14T01:06:35.776+0000] {dag.py:3490} INFO - Setting next_dagrun for example_trigger_target_dag to None, run_after=None
[2025-07-14T01:06:35.807+0000] {processor.py:179} INFO - Processing /home/airflow/.local/lib/python3.7/site-packages/airflow/example_dags/example_trigger_target_dag.py took 0.170 seconds
[2025-07-14T01:07:06.492+0000] {processor.py:157} INFO - Started process (PID=4582) to work on /home/airflow/.local/lib/python3.7/site-packages/airflow/example_dags/example_trigger_target_dag.py
[2025-07-14T01:07:06.493+0000] {processor.py:826} INFO - Processing file /home/airflow/.local/lib/python3.7/site-packages/airflow/example_dags/example_trigger_target_dag.py for tasks to queue
[2025-07-14T01:07:06.494+0000] {logging_mixin.py:149} INFO - [2025-07-14T01:07:06.494+0000] {dagbag.py:541} INFO - Filling up the DagBag from /home/airflow/.local/lib/python3.7/site-packages/airflow/example_dags/example_trigger_target_dag.py
[2025-07-14T01:07:06.500+0000] {processor.py:836} INFO - DAG(s) dict_keys(['example_trigger_target_dag']) retrieved from /home/airflow/.local/lib/python3.7/site-packages/airflow/example_dags/example_trigger_target_dag.py
[2025-07-14T01:07:06.528+0000] {logging_mixin.py:149} INFO - [2025-07-14T01:07:06.528+0000] {dag.py:2726} INFO - Sync 1 DAGs
[2025-07-14T01:07:06.560+0000] {logging_mixin.py:149} INFO - [2025-07-14T01:07:06.560+0000] {dag.py:3490} INFO - Setting next_dagrun for example_trigger_target_dag to None, run_after=None
[2025-07-14T01:07:06.581+0000] {processor.py:179} INFO - Processing /home/airflow/.local/lib/python3.7/site-packages/airflow/example_dags/example_trigger_target_dag.py took 0.092 seconds
[2025-07-14T01:07:36.692+0000] {processor.py:157} INFO - Started process (PID=4827) to work on /home/airflow/.local/lib/python3.7/site-packages/airflow/example_dags/example_trigger_target_dag.py
[2025-07-14T01:07:36.693+0000] {processor.py:826} INFO - Processing file /home/airflow/.local/lib/python3.7/site-packages/airflow/example_dags/example_trigger_target_dag.py for tasks to queue
[2025-07-14T01:07:36.694+0000] {logging_mixin.py:149} INFO - [2025-07-14T01:07:36.694+0000] {dagbag.py:541} INFO - Filling up the DagBag from /home/airflow/.local/lib/python3.7/site-packages/airflow/example_dags/example_trigger_target_dag.py
[2025-07-14T01:07:36.700+0000] {processor.py:836} INFO - DAG(s) dict_keys(['example_trigger_target_dag']) retrieved from /home/airflow/.local/lib/python3.7/site-packages/airflow/example_dags/example_trigger_target_dag.py
[2025-07-14T01:07:36.727+0000] {logging_mixin.py:149} INFO - [2025-07-14T01:07:36.726+0000] {dag.py:2726} INFO - Sync 1 DAGs
[2025-07-14T01:07:36.756+0000] {logging_mixin.py:149} INFO - [2025-07-14T01:07:36.756+0000] {dag.py:3490} INFO - Setting next_dagrun for example_trigger_target_dag to None, run_after=None
[2025-07-14T01:07:36.776+0000] {processor.py:179} INFO - Processing /home/airflow/.local/lib/python3.7/site-packages/airflow/example_dags/example_trigger_target_dag.py took 0.088 seconds
[2025-07-14T01:08:06.955+0000] {processor.py:157} INFO - Started process (PID=5072) to work on /home/airflow/.local/lib/python3.7/site-packages/airflow/example_dags/example_trigger_target_dag.py
[2025-07-14T01:08:06.956+0000] {processor.py:826} INFO - Processing file /home/airflow/.local/lib/python3.7/site-packages/airflow/example_dags/example_trigger_target_dag.py for tasks to queue
[2025-07-14T01:08:06.957+0000] {logging_mixin.py:149} INFO - [2025-07-14T01:08:06.956+0000] {dagbag.py:541} INFO - Filling up the DagBag from /home/airflow/.local/lib/python3.7/site-packages/airflow/example_dags/example_trigger_target_dag.py
[2025-07-14T01:08:06.963+0000] {processor.py:836} INFO - DAG(s) dict_keys(['example_trigger_target_dag']) retrieved from /home/airflow/.local/lib/python3.7/site-packages/airflow/example_dags/example_trigger_target_dag.py
[2025-07-14T01:08:06.990+0000] {logging_mixin.py:149} INFO - [2025-07-14T01:08:06.989+0000] {dag.py:2726} INFO - Sync 1 DAGs
[2025-07-14T01:08:07.024+0000] {logging_mixin.py:149} INFO - [2025-07-14T01:08:07.024+0000] {dag.py:3490} INFO - Setting next_dagrun for example_trigger_target_dag to None, run_after=None
[2025-07-14T01:08:07.045+0000] {processor.py:179} INFO - Processing /home/airflow/.local/lib/python3.7/site-packages/airflow/example_dags/example_trigger_target_dag.py took 0.094 seconds
[2025-07-14T01:08:37.473+0000] {processor.py:157} INFO - Started process (PID=5316) to work on /home/airflow/.local/lib/python3.7/site-packages/airflow/example_dags/example_trigger_target_dag.py
[2025-07-14T01:08:37.475+0000] {processor.py:826} INFO - Processing file /home/airflow/.local/lib/python3.7/site-packages/airflow/example_dags/example_trigger_target_dag.py for tasks to queue
[2025-07-14T01:08:37.476+0000] {logging_mixin.py:149} INFO - [2025-07-14T01:08:37.476+0000] {dagbag.py:541} INFO - Filling up the DagBag from /home/airflow/.local/lib/python3.7/site-packages/airflow/example_dags/example_trigger_target_dag.py
[2025-07-14T01:08:37.482+0000] {processor.py:836} INFO - DAG(s) dict_keys(['example_trigger_target_dag']) retrieved from /home/airflow/.local/lib/python3.7/site-packages/airflow/example_dags/example_trigger_target_dag.py
[2025-07-14T01:08:37.508+0000] {logging_mixin.py:149} INFO - [2025-07-14T01:08:37.508+0000] {dag.py:2726} INFO - Sync 1 DAGs
[2025-07-14T01:08:37.539+0000] {logging_mixin.py:149} INFO - [2025-07-14T01:08:37.539+0000] {dag.py:3490} INFO - Setting next_dagrun for example_trigger_target_dag to None, run_after=None
[2025-07-14T01:08:37.560+0000] {processor.py:179} INFO - Processing /home/airflow/.local/lib/python3.7/site-packages/airflow/example_dags/example_trigger_target_dag.py took 0.090 seconds
[2025-07-14T01:09:07.746+0000] {processor.py:157} INFO - Started process (PID=5563) to work on /home/airflow/.local/lib/python3.7/site-packages/airflow/example_dags/example_trigger_target_dag.py
[2025-07-14T01:09:07.747+0000] {processor.py:826} INFO - Processing file /home/airflow/.local/lib/python3.7/site-packages/airflow/example_dags/example_trigger_target_dag.py for tasks to queue
[2025-07-14T01:09:07.748+0000] {logging_mixin.py:149} INFO - [2025-07-14T01:09:07.747+0000] {dagbag.py:541} INFO - Filling up the DagBag from /home/airflow/.local/lib/python3.7/site-packages/airflow/example_dags/example_trigger_target_dag.py
[2025-07-14T01:09:07.753+0000] {processor.py:836} INFO - DAG(s) dict_keys(['example_trigger_target_dag']) retrieved from /home/airflow/.local/lib/python3.7/site-packages/airflow/example_dags/example_trigger_target_dag.py
[2025-07-14T01:09:07.780+0000] {logging_mixin.py:149} INFO - [2025-07-14T01:09:07.780+0000] {dag.py:2726} INFO - Sync 1 DAGs
[2025-07-14T01:09:07.809+0000] {logging_mixin.py:149} INFO - [2025-07-14T01:09:07.809+0000] {dag.py:3490} INFO - Setting next_dagrun for example_trigger_target_dag to None, run_after=None
[2025-07-14T01:09:07.829+0000] {processor.py:179} INFO - Processing /home/airflow/.local/lib/python3.7/site-packages/airflow/example_dags/example_trigger_target_dag.py took 0.087 seconds
[2025-07-14T01:09:37.976+0000] {processor.py:157} INFO - Started process (PID=5808) to work on /home/airflow/.local/lib/python3.7/site-packages/airflow/example_dags/example_trigger_target_dag.py
[2025-07-14T01:09:37.977+0000] {processor.py:826} INFO - Processing file /home/airflow/.local/lib/python3.7/site-packages/airflow/example_dags/example_trigger_target_dag.py for tasks to queue
[2025-07-14T01:09:37.978+0000] {logging_mixin.py:149} INFO - [2025-07-14T01:09:37.978+0000] {dagbag.py:541} INFO - Filling up the DagBag from /home/airflow/.local/lib/python3.7/site-packages/airflow/example_dags/example_trigger_target_dag.py
[2025-07-14T01:09:37.984+0000] {processor.py:836} INFO - DAG(s) dict_keys(['example_trigger_target_dag']) retrieved from /home/airflow/.local/lib/python3.7/site-packages/airflow/example_dags/example_trigger_target_dag.py
[2025-07-14T01:09:38.010+0000] {logging_mixin.py:149} INFO - [2025-07-14T01:09:38.010+0000] {dag.py:2726} INFO - Sync 1 DAGs
[2025-07-14T01:09:38.038+0000] {logging_mixin.py:149} INFO - [2025-07-14T01:09:38.037+0000] {dag.py:3490} INFO - Setting next_dagrun for example_trigger_target_dag to None, run_after=None
[2025-07-14T01:09:38.059+0000] {processor.py:179} INFO - Processing /home/airflow/.local/lib/python3.7/site-packages/airflow/example_dags/example_trigger_target_dag.py took 0.086 seconds
[2025-07-14T01:10:08.162+0000] {processor.py:157} INFO - Started process (PID=6051) to work on /home/airflow/.local/lib/python3.7/site-packages/airflow/example_dags/example_trigger_target_dag.py
[2025-07-14T01:10:08.163+0000] {processor.py:826} INFO - Processing file /home/airflow/.local/lib/python3.7/site-packages/airflow/example_dags/example_trigger_target_dag.py for tasks to queue
[2025-07-14T01:10:08.164+0000] {logging_mixin.py:149} INFO - [2025-07-14T01:10:08.164+0000] {dagbag.py:541} INFO - Filling up the DagBag from /home/airflow/.local/lib/python3.7/site-packages/airflow/example_dags/example_trigger_target_dag.py
[2025-07-14T01:10:08.170+0000] {processor.py:836} INFO - DAG(s) dict_keys(['example_trigger_target_dag']) retrieved from /home/airflow/.local/lib/python3.7/site-packages/airflow/example_dags/example_trigger_target_dag.py
[2025-07-14T01:10:08.197+0000] {logging_mixin.py:149} INFO - [2025-07-14T01:10:08.197+0000] {dag.py:2726} INFO - Sync 1 DAGs
[2025-07-14T01:10:08.226+0000] {logging_mixin.py:149} INFO - [2025-07-14T01:10:08.226+0000] {dag.py:3490} INFO - Setting next_dagrun for example_trigger_target_dag to None, run_after=None
[2025-07-14T01:10:08.247+0000] {processor.py:179} INFO - Processing /home/airflow/.local/lib/python3.7/site-packages/airflow/example_dags/example_trigger_target_dag.py took 0.090 seconds
[2025-07-14T01:10:38.304+0000] {processor.py:157} INFO - Started process (PID=6296) to work on /home/airflow/.local/lib/python3.7/site-packages/airflow/example_dags/example_trigger_target_dag.py
[2025-07-14T01:10:38.305+0000] {processor.py:826} INFO - Processing file /home/airflow/.local/lib/python3.7/site-packages/airflow/example_dags/example_trigger_target_dag.py for tasks to queue
[2025-07-14T01:10:38.305+0000] {logging_mixin.py:149} INFO - [2025-07-14T01:10:38.305+0000] {dagbag.py:541} INFO - Filling up the DagBag from /home/airflow/.local/lib/python3.7/site-packages/airflow/example_dags/example_trigger_target_dag.py
[2025-07-14T01:10:38.311+0000] {processor.py:836} INFO - DAG(s) dict_keys(['example_trigger_target_dag']) retrieved from /home/airflow/.local/lib/python3.7/site-packages/airflow/example_dags/example_trigger_target_dag.py
[2025-07-14T01:10:38.337+0000] {logging_mixin.py:149} INFO - [2025-07-14T01:10:38.337+0000] {dag.py:2726} INFO - Sync 1 DAGs
[2025-07-14T01:10:38.364+0000] {logging_mixin.py:149} INFO - [2025-07-14T01:10:38.364+0000] {dag.py:3490} INFO - Setting next_dagrun for example_trigger_target_dag to None, run_after=None
[2025-07-14T01:10:38.383+0000] {processor.py:179} INFO - Processing /home/airflow/.local/lib/python3.7/site-packages/airflow/example_dags/example_trigger_target_dag.py took 0.083 seconds
[2025-07-14T01:15:59.915+0000] {processor.py:157} INFO - Started process (PID=6534) to work on /home/airflow/.local/lib/python3.7/site-packages/airflow/example_dags/example_trigger_target_dag.py
[2025-07-14T01:15:59.917+0000] {processor.py:826} INFO - Processing file /home/airflow/.local/lib/python3.7/site-packages/airflow/example_dags/example_trigger_target_dag.py for tasks to queue
[2025-07-14T01:15:59.918+0000] {logging_mixin.py:149} INFO - [2025-07-14T01:15:59.918+0000] {dagbag.py:541} INFO - Filling up the DagBag from /home/airflow/.local/lib/python3.7/site-packages/airflow/example_dags/example_trigger_target_dag.py
[2025-07-14T01:15:59.927+0000] {processor.py:836} INFO - DAG(s) dict_keys(['example_trigger_target_dag']) retrieved from /home/airflow/.local/lib/python3.7/site-packages/airflow/example_dags/example_trigger_target_dag.py
[2025-07-14T01:16:00.107+0000] {logging_mixin.py:149} INFO - [2025-07-14T01:16:00.102+0000] {dag.py:2726} INFO - Sync 1 DAGs
[2025-07-14T01:16:00.168+0000] {logging_mixin.py:149} INFO - [2025-07-14T01:16:00.168+0000] {dag.py:3490} INFO - Setting next_dagrun for example_trigger_target_dag to None, run_after=None
[2025-07-14T01:16:00.192+0000] {processor.py:179} INFO - Processing /home/airflow/.local/lib/python3.7/site-packages/airflow/example_dags/example_trigger_target_dag.py took 0.283 seconds
[2025-07-14T01:16:30.627+0000] {processor.py:157} INFO - Started process (PID=6779) to work on /home/airflow/.local/lib/python3.7/site-packages/airflow/example_dags/example_trigger_target_dag.py
[2025-07-14T01:16:30.628+0000] {processor.py:826} INFO - Processing file /home/airflow/.local/lib/python3.7/site-packages/airflow/example_dags/example_trigger_target_dag.py for tasks to queue
[2025-07-14T01:16:30.629+0000] {logging_mixin.py:149} INFO - [2025-07-14T01:16:30.628+0000] {dagbag.py:541} INFO - Filling up the DagBag from /home/airflow/.local/lib/python3.7/site-packages/airflow/example_dags/example_trigger_target_dag.py
[2025-07-14T01:16:30.635+0000] {processor.py:836} INFO - DAG(s) dict_keys(['example_trigger_target_dag']) retrieved from /home/airflow/.local/lib/python3.7/site-packages/airflow/example_dags/example_trigger_target_dag.py
[2025-07-14T01:16:30.659+0000] {logging_mixin.py:149} INFO - [2025-07-14T01:16:30.659+0000] {dag.py:2726} INFO - Sync 1 DAGs
[2025-07-14T01:16:30.687+0000] {logging_mixin.py:149} INFO - [2025-07-14T01:16:30.687+0000] {dag.py:3490} INFO - Setting next_dagrun for example_trigger_target_dag to None, run_after=None
[2025-07-14T01:16:30.708+0000] {processor.py:179} INFO - Processing /home/airflow/.local/lib/python3.7/site-packages/airflow/example_dags/example_trigger_target_dag.py took 0.085 seconds
[2025-07-14T01:39:15.880+0000] {processor.py:157} INFO - Started process (PID=7012) to work on /home/airflow/.local/lib/python3.7/site-packages/airflow/example_dags/example_trigger_target_dag.py
[2025-07-14T01:39:15.882+0000] {processor.py:826} INFO - Processing file /home/airflow/.local/lib/python3.7/site-packages/airflow/example_dags/example_trigger_target_dag.py for tasks to queue
[2025-07-14T01:39:15.883+0000] {logging_mixin.py:149} INFO - [2025-07-14T01:39:15.883+0000] {dagbag.py:541} INFO - Filling up the DagBag from /home/airflow/.local/lib/python3.7/site-packages/airflow/example_dags/example_trigger_target_dag.py
[2025-07-14T01:39:15.893+0000] {processor.py:836} INFO - DAG(s) dict_keys(['example_trigger_target_dag']) retrieved from /home/airflow/.local/lib/python3.7/site-packages/airflow/example_dags/example_trigger_target_dag.py
[2025-07-14T01:39:15.959+0000] {logging_mixin.py:149} INFO - [2025-07-14T01:39:15.958+0000] {dag.py:2726} INFO - Sync 1 DAGs
[2025-07-14T01:39:16.033+0000] {logging_mixin.py:149} INFO - [2025-07-14T01:39:16.032+0000] {dag.py:3490} INFO - Setting next_dagrun for example_trigger_target_dag to None, run_after=None
[2025-07-14T01:39:16.064+0000] {processor.py:179} INFO - Processing /home/airflow/.local/lib/python3.7/site-packages/airflow/example_dags/example_trigger_target_dag.py took 0.189 seconds
