[2025-07-14T00:20:38.605+0000] {processor.py:157} INFO - Started process (PID=345) to work on /home/airflow/.local/lib/python3.7/site-packages/airflow/example_dags/example_short_circuit_operator.py
[2025-07-14T00:20:38.607+0000] {processor.py:826} INFO - Processing file /home/airflow/.local/lib/python3.7/site-packages/airflow/example_dags/example_short_circuit_operator.py for tasks to queue
[2025-07-14T00:20:38.609+0000] {logging_mixin.py:149} INFO - [2025-07-14T00:20:38.609+0000] {dagbag.py:541} INFO - Filling up the DagBag from /home/airflow/.local/lib/python3.7/site-packages/airflow/example_dags/example_short_circuit_operator.py
[2025-07-14T00:20:38.622+0000] {processor.py:836} INFO - DAG(s) dict_keys(['example_short_circuit_operator']) retrieved from /home/airflow/.local/lib/python3.7/site-packages/airflow/example_dags/example_short_circuit_operator.py
[2025-07-14T00:20:38.670+0000] {logging_mixin.py:149} INFO - [2025-07-14T00:20:38.670+0000] {dag.py:2726} INFO - Sync 1 DAGs
[2025-07-14T00:20:38.714+0000] {logging_mixin.py:149} INFO - [2025-07-14T00:20:38.714+0000] {dag.py:3490} INFO - Setting next_dagrun for example_short_circuit_operator to 2025-07-13T00:20:38.713582+00:00, run_after=2025-07-14T00:20:38.713582+00:00
[2025-07-14T00:20:38.745+0000] {processor.py:179} INFO - Processing /home/airflow/.local/lib/python3.7/site-packages/airflow/example_dags/example_short_circuit_operator.py took 0.149 seconds
[2025-07-14T00:21:09.702+0000] {processor.py:157} INFO - Started process (PID=590) to work on /home/airflow/.local/lib/python3.7/site-packages/airflow/example_dags/example_short_circuit_operator.py
[2025-07-14T00:21:09.703+0000] {processor.py:826} INFO - Processing file /home/airflow/.local/lib/python3.7/site-packages/airflow/example_dags/example_short_circuit_operator.py for tasks to queue
[2025-07-14T00:21:09.705+0000] {logging_mixin.py:149} INFO - [2025-07-14T00:21:09.705+0000] {dagbag.py:541} INFO - Filling up the DagBag from /home/airflow/.local/lib/python3.7/site-packages/airflow/example_dags/example_short_circuit_operator.py
[2025-07-14T00:21:09.714+0000] {processor.py:836} INFO - DAG(s) dict_keys(['example_short_circuit_operator']) retrieved from /home/airflow/.local/lib/python3.7/site-packages/airflow/example_dags/example_short_circuit_operator.py
[2025-07-14T00:21:09.755+0000] {logging_mixin.py:149} INFO - [2025-07-14T00:21:09.755+0000] {dag.py:2726} INFO - Sync 1 DAGs
[2025-07-14T00:21:09.786+0000] {logging_mixin.py:149} INFO - [2025-07-14T00:21:09.786+0000] {dag.py:3490} INFO - Setting next_dagrun for example_short_circuit_operator to 2025-07-13T00:21:09.786192+00:00, run_after=2025-07-14T00:21:09.786192+00:00
[2025-07-14T00:21:09.815+0000] {processor.py:179} INFO - Processing /home/airflow/.local/lib/python3.7/site-packages/airflow/example_dags/example_short_circuit_operator.py took 0.117 seconds
[2025-07-14T00:21:40.389+0000] {processor.py:157} INFO - Started process (PID=835) to work on /home/airflow/.local/lib/python3.7/site-packages/airflow/example_dags/example_short_circuit_operator.py
[2025-07-14T00:21:40.394+0000] {processor.py:826} INFO - Processing file /home/airflow/.local/lib/python3.7/site-packages/airflow/example_dags/example_short_circuit_operator.py for tasks to queue
[2025-07-14T00:21:40.395+0000] {logging_mixin.py:149} INFO - [2025-07-14T00:21:40.394+0000] {dagbag.py:541} INFO - Filling up the DagBag from /home/airflow/.local/lib/python3.7/site-packages/airflow/example_dags/example_short_circuit_operator.py
[2025-07-14T00:21:40.408+0000] {processor.py:836} INFO - DAG(s) dict_keys(['example_short_circuit_operator']) retrieved from /home/airflow/.local/lib/python3.7/site-packages/airflow/example_dags/example_short_circuit_operator.py
[2025-07-14T00:21:40.443+0000] {logging_mixin.py:149} INFO - [2025-07-14T00:21:40.442+0000] {dag.py:2726} INFO - Sync 1 DAGs
[2025-07-14T00:21:40.475+0000] {logging_mixin.py:149} INFO - [2025-07-14T00:21:40.475+0000] {dag.py:3490} INFO - Setting next_dagrun for example_short_circuit_operator to 2025-07-13T00:21:40.475187+00:00, run_after=2025-07-14T00:21:40.475187+00:00
[2025-07-14T00:21:40.630+0000] {processor.py:179} INFO - Processing /home/airflow/.local/lib/python3.7/site-packages/airflow/example_dags/example_short_circuit_operator.py took 0.246 seconds
[2025-07-14T00:22:10.825+0000] {processor.py:157} INFO - Started process (PID=1075) to work on /home/airflow/.local/lib/python3.7/site-packages/airflow/example_dags/example_short_circuit_operator.py
[2025-07-14T00:22:10.826+0000] {processor.py:826} INFO - Processing file /home/airflow/.local/lib/python3.7/site-packages/airflow/example_dags/example_short_circuit_operator.py for tasks to queue
[2025-07-14T00:22:10.827+0000] {logging_mixin.py:149} INFO - [2025-07-14T00:22:10.827+0000] {dagbag.py:541} INFO - Filling up the DagBag from /home/airflow/.local/lib/python3.7/site-packages/airflow/example_dags/example_short_circuit_operator.py
[2025-07-14T00:22:10.936+0000] {processor.py:836} INFO - DAG(s) dict_keys(['example_short_circuit_operator']) retrieved from /home/airflow/.local/lib/python3.7/site-packages/airflow/example_dags/example_short_circuit_operator.py
[2025-07-14T00:22:10.964+0000] {logging_mixin.py:149} INFO - [2025-07-14T00:22:10.964+0000] {dag.py:2726} INFO - Sync 1 DAGs
[2025-07-14T00:22:10.989+0000] {logging_mixin.py:149} INFO - [2025-07-14T00:22:10.989+0000] {dag.py:3490} INFO - Setting next_dagrun for example_short_circuit_operator to 2025-07-13T00:22:10.989571+00:00, run_after=2025-07-14T00:22:10.989571+00:00
[2025-07-14T00:22:11.011+0000] {processor.py:179} INFO - Processing /home/airflow/.local/lib/python3.7/site-packages/airflow/example_dags/example_short_circuit_operator.py took 0.189 seconds
[2025-07-14T00:22:41.404+0000] {processor.py:157} INFO - Started process (PID=1320) to work on /home/airflow/.local/lib/python3.7/site-packages/airflow/example_dags/example_short_circuit_operator.py
[2025-07-14T00:22:41.405+0000] {processor.py:826} INFO - Processing file /home/airflow/.local/lib/python3.7/site-packages/airflow/example_dags/example_short_circuit_operator.py for tasks to queue
[2025-07-14T00:22:41.408+0000] {logging_mixin.py:149} INFO - [2025-07-14T00:22:41.408+0000] {dagbag.py:541} INFO - Filling up the DagBag from /home/airflow/.local/lib/python3.7/site-packages/airflow/example_dags/example_short_circuit_operator.py
[2025-07-14T00:22:41.420+0000] {processor.py:836} INFO - DAG(s) dict_keys(['example_short_circuit_operator']) retrieved from /home/airflow/.local/lib/python3.7/site-packages/airflow/example_dags/example_short_circuit_operator.py
[2025-07-14T00:22:41.450+0000] {logging_mixin.py:149} INFO - [2025-07-14T00:22:41.450+0000] {dag.py:2726} INFO - Sync 1 DAGs
[2025-07-14T00:22:41.477+0000] {logging_mixin.py:149} INFO - [2025-07-14T00:22:41.477+0000] {dag.py:3490} INFO - Setting next_dagrun for example_short_circuit_operator to 2025-07-13T00:22:41.477573+00:00, run_after=2025-07-14T00:22:41.477573+00:00
[2025-07-14T00:22:41.499+0000] {processor.py:179} INFO - Processing /home/airflow/.local/lib/python3.7/site-packages/airflow/example_dags/example_short_circuit_operator.py took 0.098 seconds
[2025-07-14T00:23:11.842+0000] {processor.py:157} INFO - Started process (PID=1565) to work on /home/airflow/.local/lib/python3.7/site-packages/airflow/example_dags/example_short_circuit_operator.py
[2025-07-14T00:23:11.843+0000] {processor.py:826} INFO - Processing file /home/airflow/.local/lib/python3.7/site-packages/airflow/example_dags/example_short_circuit_operator.py for tasks to queue
[2025-07-14T00:23:11.844+0000] {logging_mixin.py:149} INFO - [2025-07-14T00:23:11.844+0000] {dagbag.py:541} INFO - Filling up the DagBag from /home/airflow/.local/lib/python3.7/site-packages/airflow/example_dags/example_short_circuit_operator.py
[2025-07-14T00:23:11.853+0000] {processor.py:836} INFO - DAG(s) dict_keys(['example_short_circuit_operator']) retrieved from /home/airflow/.local/lib/python3.7/site-packages/airflow/example_dags/example_short_circuit_operator.py
[2025-07-14T00:23:11.883+0000] {logging_mixin.py:149} INFO - [2025-07-14T00:23:11.883+0000] {dag.py:2726} INFO - Sync 1 DAGs
[2025-07-14T00:23:11.911+0000] {logging_mixin.py:149} INFO - [2025-07-14T00:23:11.911+0000] {dag.py:3490} INFO - Setting next_dagrun for example_short_circuit_operator to 2025-07-13T00:23:11.910903+00:00, run_after=2025-07-14T00:23:11.910903+00:00
[2025-07-14T00:23:11.932+0000] {processor.py:179} INFO - Processing /home/airflow/.local/lib/python3.7/site-packages/airflow/example_dags/example_short_circuit_operator.py took 0.094 seconds
[2025-07-14T00:23:42.140+0000] {processor.py:157} INFO - Started process (PID=1810) to work on /home/airflow/.local/lib/python3.7/site-packages/airflow/example_dags/example_short_circuit_operator.py
[2025-07-14T00:23:42.141+0000] {processor.py:826} INFO - Processing file /home/airflow/.local/lib/python3.7/site-packages/airflow/example_dags/example_short_circuit_operator.py for tasks to queue
[2025-07-14T00:23:42.142+0000] {logging_mixin.py:149} INFO - [2025-07-14T00:23:42.142+0000] {dagbag.py:541} INFO - Filling up the DagBag from /home/airflow/.local/lib/python3.7/site-packages/airflow/example_dags/example_short_circuit_operator.py
[2025-07-14T00:23:42.152+0000] {processor.py:836} INFO - DAG(s) dict_keys(['example_short_circuit_operator']) retrieved from /home/airflow/.local/lib/python3.7/site-packages/airflow/example_dags/example_short_circuit_operator.py
[2025-07-14T00:23:42.183+0000] {logging_mixin.py:149} INFO - [2025-07-14T00:23:42.183+0000] {dag.py:2726} INFO - Sync 1 DAGs
[2025-07-14T00:23:42.210+0000] {logging_mixin.py:149} INFO - [2025-07-14T00:23:42.210+0000] {dag.py:3490} INFO - Setting next_dagrun for example_short_circuit_operator to 2025-07-13T00:23:42.210248+00:00, run_after=2025-07-14T00:23:42.210248+00:00
[2025-07-14T00:23:42.234+0000] {processor.py:179} INFO - Processing /home/airflow/.local/lib/python3.7/site-packages/airflow/example_dags/example_short_circuit_operator.py took 0.097 seconds
[2025-07-14T00:24:12.595+0000] {processor.py:157} INFO - Started process (PID=2055) to work on /home/airflow/.local/lib/python3.7/site-packages/airflow/example_dags/example_short_circuit_operator.py
[2025-07-14T00:24:12.595+0000] {processor.py:826} INFO - Processing file /home/airflow/.local/lib/python3.7/site-packages/airflow/example_dags/example_short_circuit_operator.py for tasks to queue
[2025-07-14T00:24:12.596+0000] {logging_mixin.py:149} INFO - [2025-07-14T00:24:12.596+0000] {dagbag.py:541} INFO - Filling up the DagBag from /home/airflow/.local/lib/python3.7/site-packages/airflow/example_dags/example_short_circuit_operator.py
[2025-07-14T00:24:12.605+0000] {processor.py:836} INFO - DAG(s) dict_keys(['example_short_circuit_operator']) retrieved from /home/airflow/.local/lib/python3.7/site-packages/airflow/example_dags/example_short_circuit_operator.py
[2025-07-14T00:24:12.635+0000] {logging_mixin.py:149} INFO - [2025-07-14T00:24:12.634+0000] {dag.py:2726} INFO - Sync 1 DAGs
[2025-07-14T00:24:12.661+0000] {logging_mixin.py:149} INFO - [2025-07-14T00:24:12.661+0000] {dag.py:3490} INFO - Setting next_dagrun for example_short_circuit_operator to 2025-07-13T00:24:12.661535+00:00, run_after=2025-07-14T00:24:12.661535+00:00
[2025-07-14T00:24:12.682+0000] {processor.py:179} INFO - Processing /home/airflow/.local/lib/python3.7/site-packages/airflow/example_dags/example_short_circuit_operator.py took 0.091 seconds
[2025-07-14T00:24:42.897+0000] {processor.py:157} INFO - Started process (PID=2300) to work on /home/airflow/.local/lib/python3.7/site-packages/airflow/example_dags/example_short_circuit_operator.py
[2025-07-14T00:24:42.898+0000] {processor.py:826} INFO - Processing file /home/airflow/.local/lib/python3.7/site-packages/airflow/example_dags/example_short_circuit_operator.py for tasks to queue
[2025-07-14T00:24:42.898+0000] {logging_mixin.py:149} INFO - [2025-07-14T00:24:42.898+0000] {dagbag.py:541} INFO - Filling up the DagBag from /home/airflow/.local/lib/python3.7/site-packages/airflow/example_dags/example_short_circuit_operator.py
[2025-07-14T00:24:42.908+0000] {processor.py:836} INFO - DAG(s) dict_keys(['example_short_circuit_operator']) retrieved from /home/airflow/.local/lib/python3.7/site-packages/airflow/example_dags/example_short_circuit_operator.py
[2025-07-14T00:24:42.935+0000] {logging_mixin.py:149} INFO - [2025-07-14T00:24:42.935+0000] {dag.py:2726} INFO - Sync 1 DAGs
[2025-07-14T00:24:42.964+0000] {logging_mixin.py:149} INFO - [2025-07-14T00:24:42.963+0000] {dag.py:3490} INFO - Setting next_dagrun for example_short_circuit_operator to 2025-07-13T00:24:42.963680+00:00, run_after=2025-07-14T00:24:42.963680+00:00
[2025-07-14T00:24:42.986+0000] {processor.py:179} INFO - Processing /home/airflow/.local/lib/python3.7/site-packages/airflow/example_dags/example_short_circuit_operator.py took 0.093 seconds
[2025-07-14T00:25:13.315+0000] {processor.py:157} INFO - Started process (PID=2545) to work on /home/airflow/.local/lib/python3.7/site-packages/airflow/example_dags/example_short_circuit_operator.py
[2025-07-14T00:25:13.316+0000] {processor.py:826} INFO - Processing file /home/airflow/.local/lib/python3.7/site-packages/airflow/example_dags/example_short_circuit_operator.py for tasks to queue
[2025-07-14T00:25:13.316+0000] {logging_mixin.py:149} INFO - [2025-07-14T00:25:13.316+0000] {dagbag.py:541} INFO - Filling up the DagBag from /home/airflow/.local/lib/python3.7/site-packages/airflow/example_dags/example_short_circuit_operator.py
[2025-07-14T00:25:13.326+0000] {processor.py:836} INFO - DAG(s) dict_keys(['example_short_circuit_operator']) retrieved from /home/airflow/.local/lib/python3.7/site-packages/airflow/example_dags/example_short_circuit_operator.py
[2025-07-14T00:25:13.356+0000] {logging_mixin.py:149} INFO - [2025-07-14T00:25:13.356+0000] {dag.py:2726} INFO - Sync 1 DAGs
[2025-07-14T00:25:13.387+0000] {logging_mixin.py:149} INFO - [2025-07-14T00:25:13.387+0000] {dag.py:3490} INFO - Setting next_dagrun for example_short_circuit_operator to 2025-07-13T00:25:13.386893+00:00, run_after=2025-07-14T00:25:13.386893+00:00
[2025-07-14T00:25:13.408+0000] {processor.py:179} INFO - Processing /home/airflow/.local/lib/python3.7/site-packages/airflow/example_dags/example_short_circuit_operator.py took 0.097 seconds
[2025-07-14T00:25:43.787+0000] {processor.py:157} INFO - Started process (PID=2790) to work on /home/airflow/.local/lib/python3.7/site-packages/airflow/example_dags/example_short_circuit_operator.py
[2025-07-14T00:25:43.788+0000] {processor.py:826} INFO - Processing file /home/airflow/.local/lib/python3.7/site-packages/airflow/example_dags/example_short_circuit_operator.py for tasks to queue
[2025-07-14T00:25:43.789+0000] {logging_mixin.py:149} INFO - [2025-07-14T00:25:43.789+0000] {dagbag.py:541} INFO - Filling up the DagBag from /home/airflow/.local/lib/python3.7/site-packages/airflow/example_dags/example_short_circuit_operator.py
[2025-07-14T00:25:43.798+0000] {processor.py:836} INFO - DAG(s) dict_keys(['example_short_circuit_operator']) retrieved from /home/airflow/.local/lib/python3.7/site-packages/airflow/example_dags/example_short_circuit_operator.py
[2025-07-14T00:25:43.828+0000] {logging_mixin.py:149} INFO - [2025-07-14T00:25:43.828+0000] {dag.py:2726} INFO - Sync 1 DAGs
[2025-07-14T00:25:43.858+0000] {logging_mixin.py:149} INFO - [2025-07-14T00:25:43.858+0000] {dag.py:3490} INFO - Setting next_dagrun for example_short_circuit_operator to 2025-07-13T00:25:43.857965+00:00, run_after=2025-07-14T00:25:43.857965+00:00
[2025-07-14T00:25:43.879+0000] {processor.py:179} INFO - Processing /home/airflow/.local/lib/python3.7/site-packages/airflow/example_dags/example_short_circuit_operator.py took 0.096 seconds
[2025-07-14T00:26:14.063+0000] {processor.py:157} INFO - Started process (PID=3035) to work on /home/airflow/.local/lib/python3.7/site-packages/airflow/example_dags/example_short_circuit_operator.py
[2025-07-14T00:26:14.064+0000] {processor.py:826} INFO - Processing file /home/airflow/.local/lib/python3.7/site-packages/airflow/example_dags/example_short_circuit_operator.py for tasks to queue
[2025-07-14T00:26:14.065+0000] {logging_mixin.py:149} INFO - [2025-07-14T00:26:14.065+0000] {dagbag.py:541} INFO - Filling up the DagBag from /home/airflow/.local/lib/python3.7/site-packages/airflow/example_dags/example_short_circuit_operator.py
[2025-07-14T00:26:14.074+0000] {processor.py:836} INFO - DAG(s) dict_keys(['example_short_circuit_operator']) retrieved from /home/airflow/.local/lib/python3.7/site-packages/airflow/example_dags/example_short_circuit_operator.py
[2025-07-14T00:26:14.103+0000] {logging_mixin.py:149} INFO - [2025-07-14T00:26:14.103+0000] {dag.py:2726} INFO - Sync 1 DAGs
[2025-07-14T00:26:14.131+0000] {logging_mixin.py:149} INFO - [2025-07-14T00:26:14.131+0000] {dag.py:3490} INFO - Setting next_dagrun for example_short_circuit_operator to 2025-07-13T00:26:14.130832+00:00, run_after=2025-07-14T00:26:14.130832+00:00
[2025-07-14T00:26:14.151+0000] {processor.py:179} INFO - Processing /home/airflow/.local/lib/python3.7/site-packages/airflow/example_dags/example_short_circuit_operator.py took 0.091 seconds
[2025-07-14T00:26:44.362+0000] {processor.py:157} INFO - Started process (PID=3280) to work on /home/airflow/.local/lib/python3.7/site-packages/airflow/example_dags/example_short_circuit_operator.py
[2025-07-14T00:26:44.363+0000] {processor.py:826} INFO - Processing file /home/airflow/.local/lib/python3.7/site-packages/airflow/example_dags/example_short_circuit_operator.py for tasks to queue
[2025-07-14T00:26:44.364+0000] {logging_mixin.py:149} INFO - [2025-07-14T00:26:44.363+0000] {dagbag.py:541} INFO - Filling up the DagBag from /home/airflow/.local/lib/python3.7/site-packages/airflow/example_dags/example_short_circuit_operator.py
[2025-07-14T00:26:44.372+0000] {processor.py:836} INFO - DAG(s) dict_keys(['example_short_circuit_operator']) retrieved from /home/airflow/.local/lib/python3.7/site-packages/airflow/example_dags/example_short_circuit_operator.py
[2025-07-14T00:26:44.401+0000] {logging_mixin.py:149} INFO - [2025-07-14T00:26:44.401+0000] {dag.py:2726} INFO - Sync 1 DAGs
[2025-07-14T00:26:44.430+0000] {logging_mixin.py:149} INFO - [2025-07-14T00:26:44.430+0000] {dag.py:3490} INFO - Setting next_dagrun for example_short_circuit_operator to 2025-07-13T00:26:44.430485+00:00, run_after=2025-07-14T00:26:44.430485+00:00
[2025-07-14T00:26:44.454+0000] {processor.py:179} INFO - Processing /home/airflow/.local/lib/python3.7/site-packages/airflow/example_dags/example_short_circuit_operator.py took 0.096 seconds
[2025-07-14T00:27:14.810+0000] {processor.py:157} INFO - Started process (PID=3525) to work on /home/airflow/.local/lib/python3.7/site-packages/airflow/example_dags/example_short_circuit_operator.py
[2025-07-14T00:27:14.811+0000] {processor.py:826} INFO - Processing file /home/airflow/.local/lib/python3.7/site-packages/airflow/example_dags/example_short_circuit_operator.py for tasks to queue
[2025-07-14T00:27:14.812+0000] {logging_mixin.py:149} INFO - [2025-07-14T00:27:14.812+0000] {dagbag.py:541} INFO - Filling up the DagBag from /home/airflow/.local/lib/python3.7/site-packages/airflow/example_dags/example_short_circuit_operator.py
[2025-07-14T00:27:14.824+0000] {processor.py:836} INFO - DAG(s) dict_keys(['example_short_circuit_operator']) retrieved from /home/airflow/.local/lib/python3.7/site-packages/airflow/example_dags/example_short_circuit_operator.py
[2025-07-14T00:27:14.854+0000] {logging_mixin.py:149} INFO - [2025-07-14T00:27:14.854+0000] {dag.py:2726} INFO - Sync 1 DAGs
[2025-07-14T00:27:14.884+0000] {logging_mixin.py:149} INFO - [2025-07-14T00:27:14.884+0000] {dag.py:3490} INFO - Setting next_dagrun for example_short_circuit_operator to 2025-07-13T00:27:14.884075+00:00, run_after=2025-07-14T00:27:14.884075+00:00
[2025-07-14T00:27:14.905+0000] {processor.py:179} INFO - Processing /home/airflow/.local/lib/python3.7/site-packages/airflow/example_dags/example_short_circuit_operator.py took 0.098 seconds
[2025-07-14T00:27:45.233+0000] {processor.py:157} INFO - Started process (PID=3770) to work on /home/airflow/.local/lib/python3.7/site-packages/airflow/example_dags/example_short_circuit_operator.py
[2025-07-14T00:27:45.234+0000] {processor.py:826} INFO - Processing file /home/airflow/.local/lib/python3.7/site-packages/airflow/example_dags/example_short_circuit_operator.py for tasks to queue
[2025-07-14T00:27:45.235+0000] {logging_mixin.py:149} INFO - [2025-07-14T00:27:45.235+0000] {dagbag.py:541} INFO - Filling up the DagBag from /home/airflow/.local/lib/python3.7/site-packages/airflow/example_dags/example_short_circuit_operator.py
[2025-07-14T00:27:45.245+0000] {processor.py:836} INFO - DAG(s) dict_keys(['example_short_circuit_operator']) retrieved from /home/airflow/.local/lib/python3.7/site-packages/airflow/example_dags/example_short_circuit_operator.py
[2025-07-14T00:27:45.275+0000] {logging_mixin.py:149} INFO - [2025-07-14T00:27:45.275+0000] {dag.py:2726} INFO - Sync 1 DAGs
[2025-07-14T00:27:45.302+0000] {logging_mixin.py:149} INFO - [2025-07-14T00:27:45.302+0000] {dag.py:3490} INFO - Setting next_dagrun for example_short_circuit_operator to 2025-07-13T00:27:45.301817+00:00, run_after=2025-07-14T00:27:45.301817+00:00
[2025-07-14T00:27:45.323+0000] {processor.py:179} INFO - Processing /home/airflow/.local/lib/python3.7/site-packages/airflow/example_dags/example_short_circuit_operator.py took 0.094 seconds
[2025-07-14T00:54:27.314+0000] {processor.py:157} INFO - Started process (PID=4023) to work on /home/airflow/.local/lib/python3.7/site-packages/airflow/example_dags/example_short_circuit_operator.py
[2025-07-14T00:54:27.316+0000] {processor.py:826} INFO - Processing file /home/airflow/.local/lib/python3.7/site-packages/airflow/example_dags/example_short_circuit_operator.py for tasks to queue
[2025-07-14T00:54:27.318+0000] {logging_mixin.py:149} INFO - [2025-07-14T00:54:27.317+0000] {dagbag.py:541} INFO - Filling up the DagBag from /home/airflow/.local/lib/python3.7/site-packages/airflow/example_dags/example_short_circuit_operator.py
[2025-07-14T00:54:27.331+0000] {processor.py:836} INFO - DAG(s) dict_keys(['example_short_circuit_operator']) retrieved from /home/airflow/.local/lib/python3.7/site-packages/airflow/example_dags/example_short_circuit_operator.py
[2025-07-14T00:54:27.371+0000] {logging_mixin.py:149} INFO - [2025-07-14T00:54:27.371+0000] {dag.py:2726} INFO - Sync 1 DAGs
[2025-07-14T00:54:27.408+0000] {logging_mixin.py:149} INFO - [2025-07-14T00:54:27.407+0000] {dag.py:3490} INFO - Setting next_dagrun for example_short_circuit_operator to 2025-07-13T00:54:27.407640+00:00, run_after=2025-07-14T00:54:27.407640+00:00
[2025-07-14T00:54:27.434+0000] {processor.py:179} INFO - Processing /home/airflow/.local/lib/python3.7/site-packages/airflow/example_dags/example_short_circuit_operator.py took 0.124 seconds
[2025-07-14T00:54:57.635+0000] {processor.py:157} INFO - Started process (PID=4266) to work on /home/airflow/.local/lib/python3.7/site-packages/airflow/example_dags/example_short_circuit_operator.py
[2025-07-14T00:54:57.636+0000] {processor.py:826} INFO - Processing file /home/airflow/.local/lib/python3.7/site-packages/airflow/example_dags/example_short_circuit_operator.py for tasks to queue
[2025-07-14T00:54:57.637+0000] {logging_mixin.py:149} INFO - [2025-07-14T00:54:57.637+0000] {dagbag.py:541} INFO - Filling up the DagBag from /home/airflow/.local/lib/python3.7/site-packages/airflow/example_dags/example_short_circuit_operator.py
[2025-07-14T00:54:57.647+0000] {processor.py:836} INFO - DAG(s) dict_keys(['example_short_circuit_operator']) retrieved from /home/airflow/.local/lib/python3.7/site-packages/airflow/example_dags/example_short_circuit_operator.py
[2025-07-14T00:54:57.678+0000] {logging_mixin.py:149} INFO - [2025-07-14T00:54:57.677+0000] {dag.py:2726} INFO - Sync 1 DAGs
[2025-07-14T00:54:57.709+0000] {logging_mixin.py:149} INFO - [2025-07-14T00:54:57.709+0000] {dag.py:3490} INFO - Setting next_dagrun for example_short_circuit_operator to 2025-07-13T00:54:57.708936+00:00, run_after=2025-07-14T00:54:57.708936+00:00
[2025-07-14T01:06:33.702+0000] {processor.py:179} INFO - Processing /home/airflow/.local/lib/python3.7/site-packages/airflow/example_dags/example_short_circuit_operator.py took 696.071 seconds
[2025-07-14T01:07:04.303+0000] {processor.py:157} INFO - Started process (PID=4517) to work on /home/airflow/.local/lib/python3.7/site-packages/airflow/example_dags/example_short_circuit_operator.py
[2025-07-14T01:07:04.304+0000] {processor.py:826} INFO - Processing file /home/airflow/.local/lib/python3.7/site-packages/airflow/example_dags/example_short_circuit_operator.py for tasks to queue
[2025-07-14T01:07:04.304+0000] {logging_mixin.py:149} INFO - [2025-07-14T01:07:04.304+0000] {dagbag.py:541} INFO - Filling up the DagBag from /home/airflow/.local/lib/python3.7/site-packages/airflow/example_dags/example_short_circuit_operator.py
[2025-07-14T01:07:04.313+0000] {processor.py:836} INFO - DAG(s) dict_keys(['example_short_circuit_operator']) retrieved from /home/airflow/.local/lib/python3.7/site-packages/airflow/example_dags/example_short_circuit_operator.py
[2025-07-14T01:07:04.345+0000] {logging_mixin.py:149} INFO - [2025-07-14T01:07:04.344+0000] {dag.py:2726} INFO - Sync 1 DAGs
[2025-07-14T01:07:04.373+0000] {logging_mixin.py:149} INFO - [2025-07-14T01:07:04.373+0000] {dag.py:3490} INFO - Setting next_dagrun for example_short_circuit_operator to 2025-07-13T01:07:04.373555+00:00, run_after=2025-07-14T01:07:04.373555+00:00
[2025-07-14T01:07:04.395+0000] {processor.py:179} INFO - Processing /home/airflow/.local/lib/python3.7/site-packages/airflow/example_dags/example_short_circuit_operator.py took 0.096 seconds
[2025-07-14T01:07:34.830+0000] {processor.py:157} INFO - Started process (PID=4767) to work on /home/airflow/.local/lib/python3.7/site-packages/airflow/example_dags/example_short_circuit_operator.py
[2025-07-14T01:07:34.831+0000] {processor.py:826} INFO - Processing file /home/airflow/.local/lib/python3.7/site-packages/airflow/example_dags/example_short_circuit_operator.py for tasks to queue
[2025-07-14T01:07:34.832+0000] {logging_mixin.py:149} INFO - [2025-07-14T01:07:34.832+0000] {dagbag.py:541} INFO - Filling up the DagBag from /home/airflow/.local/lib/python3.7/site-packages/airflow/example_dags/example_short_circuit_operator.py
[2025-07-14T01:07:34.840+0000] {processor.py:836} INFO - DAG(s) dict_keys(['example_short_circuit_operator']) retrieved from /home/airflow/.local/lib/python3.7/site-packages/airflow/example_dags/example_short_circuit_operator.py
[2025-07-14T01:07:34.871+0000] {logging_mixin.py:149} INFO - [2025-07-14T01:07:34.871+0000] {dag.py:2726} INFO - Sync 1 DAGs
[2025-07-14T01:07:34.899+0000] {logging_mixin.py:149} INFO - [2025-07-14T01:07:34.899+0000] {dag.py:3490} INFO - Setting next_dagrun for example_short_circuit_operator to 2025-07-13T01:07:34.899305+00:00, run_after=2025-07-14T01:07:34.899305+00:00
[2025-07-14T01:07:34.922+0000] {processor.py:179} INFO - Processing /home/airflow/.local/lib/python3.7/site-packages/airflow/example_dags/example_short_circuit_operator.py took 0.096 seconds
[2025-07-14T01:08:05.034+0000] {processor.py:157} INFO - Started process (PID=5007) to work on /home/airflow/.local/lib/python3.7/site-packages/airflow/example_dags/example_short_circuit_operator.py
[2025-07-14T01:08:05.035+0000] {processor.py:826} INFO - Processing file /home/airflow/.local/lib/python3.7/site-packages/airflow/example_dags/example_short_circuit_operator.py for tasks to queue
[2025-07-14T01:08:05.036+0000] {logging_mixin.py:149} INFO - [2025-07-14T01:08:05.036+0000] {dagbag.py:541} INFO - Filling up the DagBag from /home/airflow/.local/lib/python3.7/site-packages/airflow/example_dags/example_short_circuit_operator.py
[2025-07-14T01:08:05.046+0000] {processor.py:836} INFO - DAG(s) dict_keys(['example_short_circuit_operator']) retrieved from /home/airflow/.local/lib/python3.7/site-packages/airflow/example_dags/example_short_circuit_operator.py
[2025-07-14T01:08:05.077+0000] {logging_mixin.py:149} INFO - [2025-07-14T01:08:05.077+0000] {dag.py:2726} INFO - Sync 1 DAGs
[2025-07-14T01:08:05.106+0000] {logging_mixin.py:149} INFO - [2025-07-14T01:08:05.105+0000] {dag.py:3490} INFO - Setting next_dagrun for example_short_circuit_operator to 2025-07-13T01:08:05.105669+00:00, run_after=2025-07-14T01:08:05.105669+00:00
[2025-07-14T01:08:05.126+0000] {processor.py:179} INFO - Processing /home/airflow/.local/lib/python3.7/site-packages/airflow/example_dags/example_short_circuit_operator.py took 0.096 seconds
[2025-07-14T01:08:35.509+0000] {processor.py:157} INFO - Started process (PID=5256) to work on /home/airflow/.local/lib/python3.7/site-packages/airflow/example_dags/example_short_circuit_operator.py
[2025-07-14T01:08:35.510+0000] {processor.py:826} INFO - Processing file /home/airflow/.local/lib/python3.7/site-packages/airflow/example_dags/example_short_circuit_operator.py for tasks to queue
[2025-07-14T01:08:35.511+0000] {logging_mixin.py:149} INFO - [2025-07-14T01:08:35.511+0000] {dagbag.py:541} INFO - Filling up the DagBag from /home/airflow/.local/lib/python3.7/site-packages/airflow/example_dags/example_short_circuit_operator.py
[2025-07-14T01:08:35.520+0000] {processor.py:836} INFO - DAG(s) dict_keys(['example_short_circuit_operator']) retrieved from /home/airflow/.local/lib/python3.7/site-packages/airflow/example_dags/example_short_circuit_operator.py
[2025-07-14T01:08:35.551+0000] {logging_mixin.py:149} INFO - [2025-07-14T01:08:35.551+0000] {dag.py:2726} INFO - Sync 1 DAGs
[2025-07-14T01:08:35.581+0000] {logging_mixin.py:149} INFO - [2025-07-14T01:08:35.581+0000] {dag.py:3490} INFO - Setting next_dagrun for example_short_circuit_operator to 2025-07-13T01:08:35.581333+00:00, run_after=2025-07-14T01:08:35.581333+00:00
[2025-07-14T01:08:35.605+0000] {processor.py:179} INFO - Processing /home/airflow/.local/lib/python3.7/site-packages/airflow/example_dags/example_short_circuit_operator.py took 0.099 seconds
[2025-07-14T01:09:05.734+0000] {processor.py:157} INFO - Started process (PID=5501) to work on /home/airflow/.local/lib/python3.7/site-packages/airflow/example_dags/example_short_circuit_operator.py
[2025-07-14T01:09:05.735+0000] {processor.py:826} INFO - Processing file /home/airflow/.local/lib/python3.7/site-packages/airflow/example_dags/example_short_circuit_operator.py for tasks to queue
[2025-07-14T01:09:05.736+0000] {logging_mixin.py:149} INFO - [2025-07-14T01:09:05.735+0000] {dagbag.py:541} INFO - Filling up the DagBag from /home/airflow/.local/lib/python3.7/site-packages/airflow/example_dags/example_short_circuit_operator.py
[2025-07-14T01:09:05.745+0000] {processor.py:836} INFO - DAG(s) dict_keys(['example_short_circuit_operator']) retrieved from /home/airflow/.local/lib/python3.7/site-packages/airflow/example_dags/example_short_circuit_operator.py
[2025-07-14T01:09:05.774+0000] {logging_mixin.py:149} INFO - [2025-07-14T01:09:05.774+0000] {dag.py:2726} INFO - Sync 1 DAGs
[2025-07-14T01:09:05.804+0000] {logging_mixin.py:149} INFO - [2025-07-14T01:09:05.803+0000] {dag.py:3490} INFO - Setting next_dagrun for example_short_circuit_operator to 2025-07-13T01:09:05.803567+00:00, run_after=2025-07-14T01:09:05.803567+00:00
[2025-07-14T01:09:05.826+0000] {processor.py:179} INFO - Processing /home/airflow/.local/lib/python3.7/site-packages/airflow/example_dags/example_short_circuit_operator.py took 0.096 seconds
[2025-07-14T01:09:36.189+0000] {processor.py:157} INFO - Started process (PID=5751) to work on /home/airflow/.local/lib/python3.7/site-packages/airflow/example_dags/example_short_circuit_operator.py
[2025-07-14T01:09:36.190+0000] {processor.py:826} INFO - Processing file /home/airflow/.local/lib/python3.7/site-packages/airflow/example_dags/example_short_circuit_operator.py for tasks to queue
[2025-07-14T01:09:36.191+0000] {logging_mixin.py:149} INFO - [2025-07-14T01:09:36.191+0000] {dagbag.py:541} INFO - Filling up the DagBag from /home/airflow/.local/lib/python3.7/site-packages/airflow/example_dags/example_short_circuit_operator.py
[2025-07-14T01:09:36.200+0000] {processor.py:836} INFO - DAG(s) dict_keys(['example_short_circuit_operator']) retrieved from /home/airflow/.local/lib/python3.7/site-packages/airflow/example_dags/example_short_circuit_operator.py
[2025-07-14T01:09:36.232+0000] {logging_mixin.py:149} INFO - [2025-07-14T01:09:36.232+0000] {dag.py:2726} INFO - Sync 1 DAGs
[2025-07-14T01:09:36.260+0000] {logging_mixin.py:149} INFO - [2025-07-14T01:09:36.260+0000] {dag.py:3490} INFO - Setting next_dagrun for example_short_circuit_operator to 2025-07-13T01:09:36.260007+00:00, run_after=2025-07-14T01:09:36.260007+00:00
[2025-07-14T01:09:36.284+0000] {processor.py:179} INFO - Processing /home/airflow/.local/lib/python3.7/site-packages/airflow/example_dags/example_short_circuit_operator.py took 0.098 seconds
[2025-07-14T01:10:06.524+0000] {processor.py:157} INFO - Started process (PID=5996) to work on /home/airflow/.local/lib/python3.7/site-packages/airflow/example_dags/example_short_circuit_operator.py
[2025-07-14T01:10:06.525+0000] {processor.py:826} INFO - Processing file /home/airflow/.local/lib/python3.7/site-packages/airflow/example_dags/example_short_circuit_operator.py for tasks to queue
[2025-07-14T01:10:06.526+0000] {logging_mixin.py:149} INFO - [2025-07-14T01:10:06.526+0000] {dagbag.py:541} INFO - Filling up the DagBag from /home/airflow/.local/lib/python3.7/site-packages/airflow/example_dags/example_short_circuit_operator.py
[2025-07-14T01:10:06.535+0000] {processor.py:836} INFO - DAG(s) dict_keys(['example_short_circuit_operator']) retrieved from /home/airflow/.local/lib/python3.7/site-packages/airflow/example_dags/example_short_circuit_operator.py
[2025-07-14T01:10:06.565+0000] {logging_mixin.py:149} INFO - [2025-07-14T01:10:06.565+0000] {dag.py:2726} INFO - Sync 1 DAGs
[2025-07-14T01:10:06.593+0000] {logging_mixin.py:149} INFO - [2025-07-14T01:10:06.593+0000] {dag.py:3490} INFO - Setting next_dagrun for example_short_circuit_operator to 2025-07-13T01:10:06.593134+00:00, run_after=2025-07-14T01:10:06.593134+00:00
[2025-07-14T01:10:06.613+0000] {processor.py:179} INFO - Processing /home/airflow/.local/lib/python3.7/site-packages/airflow/example_dags/example_short_circuit_operator.py took 0.092 seconds
[2025-07-14T01:10:37.967+0000] {processor.py:157} INFO - Started process (PID=6276) to work on /home/airflow/.local/lib/python3.7/site-packages/airflow/example_dags/example_short_circuit_operator.py
[2025-07-14T01:10:37.968+0000] {processor.py:826} INFO - Processing file /home/airflow/.local/lib/python3.7/site-packages/airflow/example_dags/example_short_circuit_operator.py for tasks to queue
[2025-07-14T01:10:37.969+0000] {logging_mixin.py:149} INFO - [2025-07-14T01:10:37.969+0000] {dagbag.py:541} INFO - Filling up the DagBag from /home/airflow/.local/lib/python3.7/site-packages/airflow/example_dags/example_short_circuit_operator.py
[2025-07-14T01:10:37.978+0000] {processor.py:836} INFO - DAG(s) dict_keys(['example_short_circuit_operator']) retrieved from /home/airflow/.local/lib/python3.7/site-packages/airflow/example_dags/example_short_circuit_operator.py
[2025-07-14T01:10:38.008+0000] {logging_mixin.py:149} INFO - [2025-07-14T01:10:38.007+0000] {dag.py:2726} INFO - Sync 1 DAGs
[2025-07-14T01:10:38.035+0000] {logging_mixin.py:149} INFO - [2025-07-14T01:10:38.035+0000] {dag.py:3490} INFO - Setting next_dagrun for example_short_circuit_operator to 2025-07-13T01:10:38.034892+00:00, run_after=2025-07-14T01:10:38.034892+00:00
[2025-07-14T01:10:38.056+0000] {processor.py:179} INFO - Processing /home/airflow/.local/lib/python3.7/site-packages/airflow/example_dags/example_short_circuit_operator.py took 0.092 seconds
[2025-07-14T01:16:02.498+0000] {processor.py:157} INFO - Started process (PID=6651) to work on /home/airflow/.local/lib/python3.7/site-packages/airflow/example_dags/example_short_circuit_operator.py
[2025-07-14T01:16:02.500+0000] {processor.py:826} INFO - Processing file /home/airflow/.local/lib/python3.7/site-packages/airflow/example_dags/example_short_circuit_operator.py for tasks to queue
[2025-07-14T01:16:02.503+0000] {logging_mixin.py:149} INFO - [2025-07-14T01:16:02.502+0000] {dagbag.py:541} INFO - Filling up the DagBag from /home/airflow/.local/lib/python3.7/site-packages/airflow/example_dags/example_short_circuit_operator.py
[2025-07-14T01:16:02.519+0000] {processor.py:836} INFO - DAG(s) dict_keys(['example_short_circuit_operator']) retrieved from /home/airflow/.local/lib/python3.7/site-packages/airflow/example_dags/example_short_circuit_operator.py
[2025-07-14T01:16:02.554+0000] {logging_mixin.py:149} INFO - [2025-07-14T01:16:02.554+0000] {dag.py:2726} INFO - Sync 1 DAGs
[2025-07-14T01:16:02.590+0000] {logging_mixin.py:149} INFO - [2025-07-14T01:16:02.590+0000] {dag.py:3490} INFO - Setting next_dagrun for example_short_circuit_operator to 2025-07-13T01:16:02.589861+00:00, run_after=2025-07-14T01:16:02.589861+00:00
[2025-07-14T01:16:02.616+0000] {processor.py:179} INFO - Processing /home/airflow/.local/lib/python3.7/site-packages/airflow/example_dags/example_short_circuit_operator.py took 0.124 seconds
[2025-07-14T01:16:32.772+0000] {processor.py:157} INFO - Started process (PID=6894) to work on /home/airflow/.local/lib/python3.7/site-packages/airflow/example_dags/example_short_circuit_operator.py
[2025-07-14T01:16:32.773+0000] {processor.py:826} INFO - Processing file /home/airflow/.local/lib/python3.7/site-packages/airflow/example_dags/example_short_circuit_operator.py for tasks to queue
[2025-07-14T01:16:32.774+0000] {logging_mixin.py:149} INFO - [2025-07-14T01:16:32.774+0000] {dagbag.py:541} INFO - Filling up the DagBag from /home/airflow/.local/lib/python3.7/site-packages/airflow/example_dags/example_short_circuit_operator.py
[2025-07-14T01:16:32.784+0000] {processor.py:836} INFO - DAG(s) dict_keys(['example_short_circuit_operator']) retrieved from /home/airflow/.local/lib/python3.7/site-packages/airflow/example_dags/example_short_circuit_operator.py
[2025-07-14T01:16:32.814+0000] {logging_mixin.py:149} INFO - [2025-07-14T01:16:32.813+0000] {dag.py:2726} INFO - Sync 1 DAGs
[2025-07-14T01:16:32.841+0000] {logging_mixin.py:149} INFO - [2025-07-14T01:16:32.841+0000] {dag.py:3490} INFO - Setting next_dagrun for example_short_circuit_operator to 2025-07-13T01:16:32.840788+00:00, run_after=2025-07-14T01:16:32.840788+00:00
[2025-07-14T01:16:32.862+0000] {processor.py:179} INFO - Processing /home/airflow/.local/lib/python3.7/site-packages/airflow/example_dags/example_short_circuit_operator.py took 0.093 seconds
[2025-07-14T01:39:18.847+0000] {processor.py:157} INFO - Started process (PID=7129) to work on /home/airflow/.local/lib/python3.7/site-packages/airflow/example_dags/example_short_circuit_operator.py
[2025-07-14T01:39:18.848+0000] {processor.py:826} INFO - Processing file /home/airflow/.local/lib/python3.7/site-packages/airflow/example_dags/example_short_circuit_operator.py for tasks to queue
[2025-07-14T01:39:18.850+0000] {logging_mixin.py:149} INFO - [2025-07-14T01:39:18.849+0000] {dagbag.py:541} INFO - Filling up the DagBag from /home/airflow/.local/lib/python3.7/site-packages/airflow/example_dags/example_short_circuit_operator.py
[2025-07-14T01:39:18.863+0000] {processor.py:836} INFO - DAG(s) dict_keys(['example_short_circuit_operator']) retrieved from /home/airflow/.local/lib/python3.7/site-packages/airflow/example_dags/example_short_circuit_operator.py
[2025-07-14T01:39:18.901+0000] {logging_mixin.py:149} INFO - [2025-07-14T01:39:18.901+0000] {dag.py:2726} INFO - Sync 1 DAGs
[2025-07-14T01:39:18.937+0000] {logging_mixin.py:149} INFO - [2025-07-14T01:39:18.936+0000] {dag.py:3490} INFO - Setting next_dagrun for example_short_circuit_operator to 2025-07-13T01:39:18.936688+00:00, run_after=2025-07-14T01:39:18.936688+00:00
[2025-07-14T01:39:18.966+0000] {processor.py:179} INFO - Processing /home/airflow/.local/lib/python3.7/site-packages/airflow/example_dags/example_short_circuit_operator.py took 0.124 seconds
