[2025-09-12T08:24:43.736+0000] {taskinstance.py:1103} INFO - Dependencies all met for dep_context=non-requeueable deps ti=<TaskInstance: pandas_dummy_superstore_etl.load scheduled__2025-09-09T00:00:00+00:00 [queued]>
[2025-09-12T08:24:43.746+0000] {taskinstance.py:1103} INFO - Dependencies all met for dep_context=requeueable deps ti=<TaskInstance: pandas_dummy_superstore_etl.load scheduled__2025-09-09T00:00:00+00:00 [queued]>
[2025-09-12T08:24:43.747+0000] {taskinstance.py:1308} INFO - Starting attempt 1 of 3
[2025-09-12T08:24:43.767+0000] {taskinstance.py:1327} INFO - Executing <Task(PythonOperator): load> on 2025-09-09 00:00:00+00:00
[2025-09-12T08:24:43.773+0000] {standard_task_runner.py:57} INFO - Started process 667 to run task
[2025-09-12T08:24:43.777+0000] {standard_task_runner.py:84} INFO - Running: ['***', 'tasks', 'run', 'pandas_dummy_superstore_etl', 'load', 'scheduled__2025-09-09T00:00:00+00:00', '--job-id', '244', '--raw', '--subdir', 'DAGS_FOLDER/dummy_sperstore_dag.py', '--cfg-path', '/tmp/tmpdcdnmvbv']
[2025-09-12T08:24:43.778+0000] {standard_task_runner.py:85} INFO - Job 244: Subtask load
[2025-09-12T08:24:43.841+0000] {task_command.py:410} INFO - Running <TaskInstance: pandas_dummy_superstore_etl.load scheduled__2025-09-09T00:00:00+00:00 [running]> on host 7b23436a6b61
[2025-09-12T08:24:43.940+0000] {taskinstance.py:1547} INFO - Exporting env vars: AIRFLOW_CTX_DAG_EMAIL='random@gmail.com' AIRFLOW_CTX_DAG_OWNER='FarsH' AIRFLOW_CTX_DAG_ID='pandas_dummy_superstore_etl' AIRFLOW_CTX_TASK_ID='load' AIRFLOW_CTX_EXECUTION_DATE='2025-09-09T00:00:00+00:00' AIRFLOW_CTX_TRY_NUMBER='1' AIRFLOW_CTX_DAG_RUN_ID='scheduled__2025-09-09T00:00:00+00:00'
[2025-09-12T08:24:43.943+0000] {logging_mixin.py:149} INFO - Loading processed data and generating reports...
[2025-09-12T08:24:43.954+0000] {logging_mixin.py:149} INFO - === PROCESSING COMPLETE ===
[2025-09-12T08:24:43.955+0000] {logging_mixin.py:149} INFO - Processed Records: 100
[2025-09-12T08:24:43.955+0000] {logging_mixin.py:149} INFO - Summary Records: 12
[2025-09-12T08:24:43.955+0000] {logging_mixin.py:149} INFO - 
Top 5 Category-Region combinations by total sales:
[2025-09-12T08:24:43.968+0000] {logging_mixin.py:149} INFO -            Category Region  Sales_sum
10       Technology  South   19806.75
2         Furniture  South   17606.00
6   Office Supplies  South   17606.00
9        Technology   East   13504.50
1         Furniture   East   12004.00
[2025-09-12T08:24:43.969+0000] {python.py:183} INFO - Done. Returned value was: Data loading completed successfully
[2025-09-12T08:24:43.994+0000] {taskinstance.py:1350} INFO - Marking task as SUCCESS. dag_id=pandas_dummy_superstore_etl, task_id=load, execution_date=20250909T000000, start_date=20250912T082443, end_date=20250912T082443
[2025-09-12T08:24:44.039+0000] {local_task_job_runner.py:225} INFO - Task exited with return code 0
[2025-09-12T08:24:44.066+0000] {taskinstance.py:2653} INFO - 0 downstream tasks scheduled from follow-on schedule check
