[2025-09-13T07:52:53.891+0000] {processor.py:157} INFO - Started process (PID=237) to work on /home/airflow/.local/lib/python3.7/site-packages/airflow/example_dags/example_xcom.py
[2025-09-13T07:52:53.893+0000] {processor.py:826} INFO - Processing file /home/airflow/.local/lib/python3.7/site-packages/airflow/example_dags/example_xcom.py for tasks to queue
[2025-09-13T07:52:53.894+0000] {logging_mixin.py:149} INFO - [2025-09-13T07:52:53.894+0000] {dagbag.py:541} INFO - Filling up the DagBag from /home/airflow/.local/lib/python3.7/site-packages/airflow/example_dags/example_xcom.py
[2025-09-13T07:52:53.911+0000] {processor.py:836} INFO - DAG(s) dict_keys(['example_xcom']) retrieved from /home/airflow/.local/lib/python3.7/site-packages/airflow/example_dags/example_xcom.py
[2025-09-13T07:52:53.968+0000] {logging_mixin.py:149} INFO - [2025-09-13T07:52:53.968+0000] {dag.py:2726} INFO - Sync 1 DAGs
[2025-09-13T07:52:54.016+0000] {logging_mixin.py:149} INFO - [2025-09-13T07:52:54.015+0000] {dag.py:3490} INFO - Setting next_dagrun for example_xcom to 2021-01-01T00:00:00+00:00, run_after=2021-01-01T00:00:00+00:00
[2025-09-13T07:52:54.051+0000] {processor.py:179} INFO - Processing /home/airflow/.local/lib/python3.7/site-packages/airflow/example_dags/example_xcom.py took 0.164 seconds
[2025-09-13T07:53:24.633+0000] {processor.py:157} INFO - Started process (PID=543) to work on /home/airflow/.local/lib/python3.7/site-packages/airflow/example_dags/example_xcom.py
[2025-09-13T07:53:24.634+0000] {processor.py:826} INFO - Processing file /home/airflow/.local/lib/python3.7/site-packages/airflow/example_dags/example_xcom.py for tasks to queue
[2025-09-13T07:53:24.635+0000] {logging_mixin.py:149} INFO - [2025-09-13T07:53:24.635+0000] {dagbag.py:541} INFO - Filling up the DagBag from /home/airflow/.local/lib/python3.7/site-packages/airflow/example_dags/example_xcom.py
[2025-09-13T07:53:24.643+0000] {processor.py:836} INFO - DAG(s) dict_keys(['example_xcom']) retrieved from /home/airflow/.local/lib/python3.7/site-packages/airflow/example_dags/example_xcom.py
[2025-09-13T07:53:24.670+0000] {logging_mixin.py:149} INFO - [2025-09-13T07:53:24.670+0000] {dag.py:2726} INFO - Sync 1 DAGs
[2025-09-13T07:53:24.697+0000] {logging_mixin.py:149} INFO - [2025-09-13T07:53:24.697+0000] {dag.py:3490} INFO - Setting next_dagrun for example_xcom to 2021-01-01T00:00:00+00:00, run_after=2021-01-01T00:00:00+00:00
[2025-09-13T07:53:24.822+0000] {processor.py:179} INFO - Processing /home/airflow/.local/lib/python3.7/site-packages/airflow/example_dags/example_xcom.py took 0.192 seconds
[2025-09-13T07:53:55.251+0000] {processor.py:157} INFO - Started process (PID=822) to work on /home/airflow/.local/lib/python3.7/site-packages/airflow/example_dags/example_xcom.py
[2025-09-13T07:53:55.252+0000] {processor.py:826} INFO - Processing file /home/airflow/.local/lib/python3.7/site-packages/airflow/example_dags/example_xcom.py for tasks to queue
[2025-09-13T07:53:55.253+0000] {logging_mixin.py:149} INFO - [2025-09-13T07:53:55.253+0000] {dagbag.py:541} INFO - Filling up the DagBag from /home/airflow/.local/lib/python3.7/site-packages/airflow/example_dags/example_xcom.py
[2025-09-13T07:53:55.261+0000] {processor.py:836} INFO - DAG(s) dict_keys(['example_xcom']) retrieved from /home/airflow/.local/lib/python3.7/site-packages/airflow/example_dags/example_xcom.py
[2025-09-13T07:53:55.293+0000] {logging_mixin.py:149} INFO - [2025-09-13T07:53:55.293+0000] {dag.py:2726} INFO - Sync 1 DAGs
[2025-09-13T07:53:55.325+0000] {logging_mixin.py:149} INFO - [2025-09-13T07:53:55.325+0000] {dag.py:3490} INFO - Setting next_dagrun for example_xcom to 2021-01-01T00:00:00+00:00, run_after=2021-01-01T00:00:00+00:00
[2025-09-13T07:53:55.347+0000] {processor.py:179} INFO - Processing /home/airflow/.local/lib/python3.7/site-packages/airflow/example_dags/example_xcom.py took 0.100 seconds
[2025-09-13T07:54:25.930+0000] {processor.py:157} INFO - Started process (PID=1105) to work on /home/airflow/.local/lib/python3.7/site-packages/airflow/example_dags/example_xcom.py
[2025-09-13T07:54:25.931+0000] {processor.py:826} INFO - Processing file /home/airflow/.local/lib/python3.7/site-packages/airflow/example_dags/example_xcom.py for tasks to queue
[2025-09-13T07:54:25.932+0000] {logging_mixin.py:149} INFO - [2025-09-13T07:54:25.932+0000] {dagbag.py:541} INFO - Filling up the DagBag from /home/airflow/.local/lib/python3.7/site-packages/airflow/example_dags/example_xcom.py
[2025-09-13T07:54:25.940+0000] {processor.py:836} INFO - DAG(s) dict_keys(['example_xcom']) retrieved from /home/airflow/.local/lib/python3.7/site-packages/airflow/example_dags/example_xcom.py
[2025-09-13T07:54:25.969+0000] {logging_mixin.py:149} INFO - [2025-09-13T07:54:25.969+0000] {dag.py:2726} INFO - Sync 1 DAGs
[2025-09-13T07:54:25.995+0000] {logging_mixin.py:149} INFO - [2025-09-13T07:54:25.995+0000] {dag.py:3490} INFO - Setting next_dagrun for example_xcom to 2021-01-01T00:00:00+00:00, run_after=2021-01-01T00:00:00+00:00
[2025-09-13T07:54:26.015+0000] {processor.py:179} INFO - Processing /home/airflow/.local/lib/python3.7/site-packages/airflow/example_dags/example_xcom.py took 0.088 seconds
[2025-09-13T07:54:56.678+0000] {processor.py:157} INFO - Started process (PID=1384) to work on /home/airflow/.local/lib/python3.7/site-packages/airflow/example_dags/example_xcom.py
[2025-09-13T07:54:56.679+0000] {processor.py:826} INFO - Processing file /home/airflow/.local/lib/python3.7/site-packages/airflow/example_dags/example_xcom.py for tasks to queue
[2025-09-13T07:54:56.680+0000] {logging_mixin.py:149} INFO - [2025-09-13T07:54:56.680+0000] {dagbag.py:541} INFO - Filling up the DagBag from /home/airflow/.local/lib/python3.7/site-packages/airflow/example_dags/example_xcom.py
[2025-09-13T07:54:56.689+0000] {processor.py:836} INFO - DAG(s) dict_keys(['example_xcom']) retrieved from /home/airflow/.local/lib/python3.7/site-packages/airflow/example_dags/example_xcom.py
[2025-09-13T07:54:56.715+0000] {logging_mixin.py:149} INFO - [2025-09-13T07:54:56.715+0000] {dag.py:2726} INFO - Sync 1 DAGs
[2025-09-13T07:54:56.746+0000] {logging_mixin.py:149} INFO - [2025-09-13T07:54:56.746+0000] {dag.py:3490} INFO - Setting next_dagrun for example_xcom to 2021-01-01T00:00:00+00:00, run_after=2021-01-01T00:00:00+00:00
[2025-09-13T07:54:56.765+0000] {processor.py:179} INFO - Processing /home/airflow/.local/lib/python3.7/site-packages/airflow/example_dags/example_xcom.py took 0.092 seconds
[2025-09-13T07:55:27.441+0000] {processor.py:157} INFO - Started process (PID=1665) to work on /home/airflow/.local/lib/python3.7/site-packages/airflow/example_dags/example_xcom.py
[2025-09-13T07:55:27.442+0000] {processor.py:826} INFO - Processing file /home/airflow/.local/lib/python3.7/site-packages/airflow/example_dags/example_xcom.py for tasks to queue
[2025-09-13T07:55:27.443+0000] {logging_mixin.py:149} INFO - [2025-09-13T07:55:27.443+0000] {dagbag.py:541} INFO - Filling up the DagBag from /home/airflow/.local/lib/python3.7/site-packages/airflow/example_dags/example_xcom.py
[2025-09-13T07:55:27.451+0000] {processor.py:836} INFO - DAG(s) dict_keys(['example_xcom']) retrieved from /home/airflow/.local/lib/python3.7/site-packages/airflow/example_dags/example_xcom.py
[2025-09-13T07:55:27.478+0000] {logging_mixin.py:149} INFO - [2025-09-13T07:55:27.478+0000] {dag.py:2726} INFO - Sync 1 DAGs
[2025-09-13T07:55:27.505+0000] {logging_mixin.py:149} INFO - [2025-09-13T07:55:27.505+0000] {dag.py:3490} INFO - Setting next_dagrun for example_xcom to 2021-01-01T00:00:00+00:00, run_after=2021-01-01T00:00:00+00:00
[2025-09-13T07:55:27.528+0000] {processor.py:179} INFO - Processing /home/airflow/.local/lib/python3.7/site-packages/airflow/example_dags/example_xcom.py took 0.090 seconds
[2025-09-13T07:55:58.286+0000] {processor.py:157} INFO - Started process (PID=1946) to work on /home/airflow/.local/lib/python3.7/site-packages/airflow/example_dags/example_xcom.py
[2025-09-13T07:55:58.287+0000] {processor.py:826} INFO - Processing file /home/airflow/.local/lib/python3.7/site-packages/airflow/example_dags/example_xcom.py for tasks to queue
[2025-09-13T07:55:58.288+0000] {logging_mixin.py:149} INFO - [2025-09-13T07:55:58.288+0000] {dagbag.py:541} INFO - Filling up the DagBag from /home/airflow/.local/lib/python3.7/site-packages/airflow/example_dags/example_xcom.py
[2025-09-13T07:55:58.297+0000] {processor.py:836} INFO - DAG(s) dict_keys(['example_xcom']) retrieved from /home/airflow/.local/lib/python3.7/site-packages/airflow/example_dags/example_xcom.py
[2025-09-13T07:55:58.328+0000] {logging_mixin.py:149} INFO - [2025-09-13T07:55:58.328+0000] {dag.py:2726} INFO - Sync 1 DAGs
[2025-09-13T07:55:58.357+0000] {logging_mixin.py:149} INFO - [2025-09-13T07:55:58.357+0000] {dag.py:3490} INFO - Setting next_dagrun for example_xcom to 2021-01-01T00:00:00+00:00, run_after=2021-01-01T00:00:00+00:00
[2025-09-13T07:55:58.377+0000] {processor.py:179} INFO - Processing /home/airflow/.local/lib/python3.7/site-packages/airflow/example_dags/example_xcom.py took 0.095 seconds
[2025-09-13T07:56:28.919+0000] {processor.py:157} INFO - Started process (PID=2227) to work on /home/airflow/.local/lib/python3.7/site-packages/airflow/example_dags/example_xcom.py
[2025-09-13T07:56:28.920+0000] {processor.py:826} INFO - Processing file /home/airflow/.local/lib/python3.7/site-packages/airflow/example_dags/example_xcom.py for tasks to queue
[2025-09-13T07:56:28.921+0000] {logging_mixin.py:149} INFO - [2025-09-13T07:56:28.921+0000] {dagbag.py:541} INFO - Filling up the DagBag from /home/airflow/.local/lib/python3.7/site-packages/airflow/example_dags/example_xcom.py
[2025-09-13T07:56:28.929+0000] {processor.py:836} INFO - DAG(s) dict_keys(['example_xcom']) retrieved from /home/airflow/.local/lib/python3.7/site-packages/airflow/example_dags/example_xcom.py
[2025-09-13T07:56:28.957+0000] {logging_mixin.py:149} INFO - [2025-09-13T07:56:28.957+0000] {dag.py:2726} INFO - Sync 1 DAGs
[2025-09-13T07:56:28.987+0000] {logging_mixin.py:149} INFO - [2025-09-13T07:56:28.987+0000] {dag.py:3490} INFO - Setting next_dagrun for example_xcom to 2021-01-01T00:00:00+00:00, run_after=2021-01-01T00:00:00+00:00
[2025-09-13T07:56:29.011+0000] {processor.py:179} INFO - Processing /home/airflow/.local/lib/python3.7/site-packages/airflow/example_dags/example_xcom.py took 0.095 seconds
[2025-09-13T07:56:59.723+0000] {processor.py:157} INFO - Started process (PID=2509) to work on /home/airflow/.local/lib/python3.7/site-packages/airflow/example_dags/example_xcom.py
[2025-09-13T07:56:59.724+0000] {processor.py:826} INFO - Processing file /home/airflow/.local/lib/python3.7/site-packages/airflow/example_dags/example_xcom.py for tasks to queue
[2025-09-13T07:56:59.724+0000] {logging_mixin.py:149} INFO - [2025-09-13T07:56:59.724+0000] {dagbag.py:541} INFO - Filling up the DagBag from /home/airflow/.local/lib/python3.7/site-packages/airflow/example_dags/example_xcom.py
[2025-09-13T07:56:59.733+0000] {processor.py:836} INFO - DAG(s) dict_keys(['example_xcom']) retrieved from /home/airflow/.local/lib/python3.7/site-packages/airflow/example_dags/example_xcom.py
[2025-09-13T07:56:59.760+0000] {logging_mixin.py:149} INFO - [2025-09-13T07:56:59.760+0000] {dag.py:2726} INFO - Sync 1 DAGs
[2025-09-13T07:56:59.792+0000] {logging_mixin.py:149} INFO - [2025-09-13T07:56:59.792+0000] {dag.py:3490} INFO - Setting next_dagrun for example_xcom to 2021-01-01T00:00:00+00:00, run_after=2021-01-01T00:00:00+00:00
[2025-09-13T07:56:59.813+0000] {processor.py:179} INFO - Processing /home/airflow/.local/lib/python3.7/site-packages/airflow/example_dags/example_xcom.py took 0.093 seconds
[2025-09-13T07:57:30.428+0000] {processor.py:157} INFO - Started process (PID=2789) to work on /home/airflow/.local/lib/python3.7/site-packages/airflow/example_dags/example_xcom.py
[2025-09-13T07:57:30.429+0000] {processor.py:826} INFO - Processing file /home/airflow/.local/lib/python3.7/site-packages/airflow/example_dags/example_xcom.py for tasks to queue
[2025-09-13T07:57:30.431+0000] {logging_mixin.py:149} INFO - [2025-09-13T07:57:30.431+0000] {dagbag.py:541} INFO - Filling up the DagBag from /home/airflow/.local/lib/python3.7/site-packages/airflow/example_dags/example_xcom.py
[2025-09-13T07:57:30.439+0000] {processor.py:836} INFO - DAG(s) dict_keys(['example_xcom']) retrieved from /home/airflow/.local/lib/python3.7/site-packages/airflow/example_dags/example_xcom.py
[2025-09-13T07:57:30.466+0000] {logging_mixin.py:149} INFO - [2025-09-13T07:57:30.466+0000] {dag.py:2726} INFO - Sync 1 DAGs
[2025-09-13T07:57:30.495+0000] {logging_mixin.py:149} INFO - [2025-09-13T07:57:30.495+0000] {dag.py:3490} INFO - Setting next_dagrun for example_xcom to 2021-01-01T00:00:00+00:00, run_after=2021-01-01T00:00:00+00:00
[2025-09-13T07:57:30.522+0000] {processor.py:179} INFO - Processing /home/airflow/.local/lib/python3.7/site-packages/airflow/example_dags/example_xcom.py took 0.097 seconds
[2025-09-13T07:58:01.076+0000] {processor.py:157} INFO - Started process (PID=3072) to work on /home/airflow/.local/lib/python3.7/site-packages/airflow/example_dags/example_xcom.py
[2025-09-13T07:58:01.077+0000] {processor.py:826} INFO - Processing file /home/airflow/.local/lib/python3.7/site-packages/airflow/example_dags/example_xcom.py for tasks to queue
[2025-09-13T07:58:01.079+0000] {logging_mixin.py:149} INFO - [2025-09-13T07:58:01.078+0000] {dagbag.py:541} INFO - Filling up the DagBag from /home/airflow/.local/lib/python3.7/site-packages/airflow/example_dags/example_xcom.py
[2025-09-13T07:58:01.086+0000] {processor.py:836} INFO - DAG(s) dict_keys(['example_xcom']) retrieved from /home/airflow/.local/lib/python3.7/site-packages/airflow/example_dags/example_xcom.py
[2025-09-13T07:58:01.113+0000] {logging_mixin.py:149} INFO - [2025-09-13T07:58:01.113+0000] {dag.py:2726} INFO - Sync 1 DAGs
[2025-09-13T07:58:01.140+0000] {logging_mixin.py:149} INFO - [2025-09-13T07:58:01.140+0000] {dag.py:3490} INFO - Setting next_dagrun for example_xcom to 2021-01-01T00:00:00+00:00, run_after=2021-01-01T00:00:00+00:00
[2025-09-13T07:58:01.160+0000] {processor.py:179} INFO - Processing /home/airflow/.local/lib/python3.7/site-packages/airflow/example_dags/example_xcom.py took 0.090 seconds
[2025-09-13T07:58:31.831+0000] {processor.py:157} INFO - Started process (PID=3351) to work on /home/airflow/.local/lib/python3.7/site-packages/airflow/example_dags/example_xcom.py
[2025-09-13T07:58:31.832+0000] {processor.py:826} INFO - Processing file /home/airflow/.local/lib/python3.7/site-packages/airflow/example_dags/example_xcom.py for tasks to queue
[2025-09-13T07:58:31.833+0000] {logging_mixin.py:149} INFO - [2025-09-13T07:58:31.832+0000] {dagbag.py:541} INFO - Filling up the DagBag from /home/airflow/.local/lib/python3.7/site-packages/airflow/example_dags/example_xcom.py
[2025-09-13T07:58:31.841+0000] {processor.py:836} INFO - DAG(s) dict_keys(['example_xcom']) retrieved from /home/airflow/.local/lib/python3.7/site-packages/airflow/example_dags/example_xcom.py
[2025-09-13T07:58:31.870+0000] {logging_mixin.py:149} INFO - [2025-09-13T07:58:31.870+0000] {dag.py:2726} INFO - Sync 1 DAGs
[2025-09-13T07:58:31.897+0000] {logging_mixin.py:149} INFO - [2025-09-13T07:58:31.897+0000] {dag.py:3490} INFO - Setting next_dagrun for example_xcom to 2021-01-01T00:00:00+00:00, run_after=2021-01-01T00:00:00+00:00
[2025-09-13T07:58:31.916+0000] {processor.py:179} INFO - Processing /home/airflow/.local/lib/python3.7/site-packages/airflow/example_dags/example_xcom.py took 0.089 seconds
[2025-09-13T07:59:02.792+0000] {processor.py:157} INFO - Started process (PID=3632) to work on /home/airflow/.local/lib/python3.7/site-packages/airflow/example_dags/example_xcom.py
[2025-09-13T07:59:02.793+0000] {processor.py:826} INFO - Processing file /home/airflow/.local/lib/python3.7/site-packages/airflow/example_dags/example_xcom.py for tasks to queue
[2025-09-13T07:59:02.793+0000] {logging_mixin.py:149} INFO - [2025-09-13T07:59:02.793+0000] {dagbag.py:541} INFO - Filling up the DagBag from /home/airflow/.local/lib/python3.7/site-packages/airflow/example_dags/example_xcom.py
[2025-09-13T07:59:02.801+0000] {processor.py:836} INFO - DAG(s) dict_keys(['example_xcom']) retrieved from /home/airflow/.local/lib/python3.7/site-packages/airflow/example_dags/example_xcom.py
[2025-09-13T07:59:02.830+0000] {logging_mixin.py:149} INFO - [2025-09-13T07:59:02.830+0000] {dag.py:2726} INFO - Sync 1 DAGs
[2025-09-13T07:59:02.860+0000] {logging_mixin.py:149} INFO - [2025-09-13T07:59:02.859+0000] {dag.py:3490} INFO - Setting next_dagrun for example_xcom to 2021-01-01T00:00:00+00:00, run_after=2021-01-01T00:00:00+00:00
[2025-09-13T07:59:02.880+0000] {processor.py:179} INFO - Processing /home/airflow/.local/lib/python3.7/site-packages/airflow/example_dags/example_xcom.py took 0.092 seconds
[2025-09-13T07:59:33.648+0000] {processor.py:157} INFO - Started process (PID=3913) to work on /home/airflow/.local/lib/python3.7/site-packages/airflow/example_dags/example_xcom.py
[2025-09-13T07:59:33.649+0000] {processor.py:826} INFO - Processing file /home/airflow/.local/lib/python3.7/site-packages/airflow/example_dags/example_xcom.py for tasks to queue
[2025-09-13T07:59:33.650+0000] {logging_mixin.py:149} INFO - [2025-09-13T07:59:33.650+0000] {dagbag.py:541} INFO - Filling up the DagBag from /home/airflow/.local/lib/python3.7/site-packages/airflow/example_dags/example_xcom.py
[2025-09-13T07:59:33.660+0000] {processor.py:836} INFO - DAG(s) dict_keys(['example_xcom']) retrieved from /home/airflow/.local/lib/python3.7/site-packages/airflow/example_dags/example_xcom.py
[2025-09-13T07:59:33.687+0000] {logging_mixin.py:149} INFO - [2025-09-13T07:59:33.687+0000] {dag.py:2726} INFO - Sync 1 DAGs
[2025-09-13T07:59:33.715+0000] {logging_mixin.py:149} INFO - [2025-09-13T07:59:33.715+0000] {dag.py:3490} INFO - Setting next_dagrun for example_xcom to 2021-01-01T00:00:00+00:00, run_after=2021-01-01T00:00:00+00:00
[2025-09-13T07:59:33.735+0000] {processor.py:179} INFO - Processing /home/airflow/.local/lib/python3.7/site-packages/airflow/example_dags/example_xcom.py took 0.091 seconds
[2025-09-13T08:00:04.424+0000] {processor.py:157} INFO - Started process (PID=4194) to work on /home/airflow/.local/lib/python3.7/site-packages/airflow/example_dags/example_xcom.py
[2025-09-13T08:00:04.425+0000] {processor.py:826} INFO - Processing file /home/airflow/.local/lib/python3.7/site-packages/airflow/example_dags/example_xcom.py for tasks to queue
[2025-09-13T08:00:04.426+0000] {logging_mixin.py:149} INFO - [2025-09-13T08:00:04.426+0000] {dagbag.py:541} INFO - Filling up the DagBag from /home/airflow/.local/lib/python3.7/site-packages/airflow/example_dags/example_xcom.py
[2025-09-13T08:00:04.435+0000] {processor.py:836} INFO - DAG(s) dict_keys(['example_xcom']) retrieved from /home/airflow/.local/lib/python3.7/site-packages/airflow/example_dags/example_xcom.py
[2025-09-13T08:00:04.471+0000] {logging_mixin.py:149} INFO - [2025-09-13T08:00:04.470+0000] {dag.py:2726} INFO - Sync 1 DAGs
[2025-09-13T08:00:04.509+0000] {logging_mixin.py:149} INFO - [2025-09-13T08:00:04.508+0000] {dag.py:3490} INFO - Setting next_dagrun for example_xcom to 2021-01-01T00:00:00+00:00, run_after=2021-01-01T00:00:00+00:00
[2025-09-13T08:00:04.543+0000] {processor.py:179} INFO - Processing /home/airflow/.local/lib/python3.7/site-packages/airflow/example_dags/example_xcom.py took 0.125 seconds
[2025-09-13T08:00:35.294+0000] {processor.py:157} INFO - Started process (PID=4475) to work on /home/airflow/.local/lib/python3.7/site-packages/airflow/example_dags/example_xcom.py
[2025-09-13T08:00:35.295+0000] {processor.py:826} INFO - Processing file /home/airflow/.local/lib/python3.7/site-packages/airflow/example_dags/example_xcom.py for tasks to queue
[2025-09-13T08:00:35.296+0000] {logging_mixin.py:149} INFO - [2025-09-13T08:00:35.296+0000] {dagbag.py:541} INFO - Filling up the DagBag from /home/airflow/.local/lib/python3.7/site-packages/airflow/example_dags/example_xcom.py
[2025-09-13T08:00:35.304+0000] {processor.py:836} INFO - DAG(s) dict_keys(['example_xcom']) retrieved from /home/airflow/.local/lib/python3.7/site-packages/airflow/example_dags/example_xcom.py
[2025-09-13T08:00:35.335+0000] {logging_mixin.py:149} INFO - [2025-09-13T08:00:35.335+0000] {dag.py:2726} INFO - Sync 1 DAGs
[2025-09-13T08:00:35.366+0000] {logging_mixin.py:149} INFO - [2025-09-13T08:00:35.365+0000] {dag.py:3490} INFO - Setting next_dagrun for example_xcom to 2021-01-01T00:00:00+00:00, run_after=2021-01-01T00:00:00+00:00
[2025-09-13T08:00:35.386+0000] {processor.py:179} INFO - Processing /home/airflow/.local/lib/python3.7/site-packages/airflow/example_dags/example_xcom.py took 0.095 seconds
[2025-09-13T08:01:06.157+0000] {processor.py:157} INFO - Started process (PID=4756) to work on /home/airflow/.local/lib/python3.7/site-packages/airflow/example_dags/example_xcom.py
[2025-09-13T08:01:06.158+0000] {processor.py:826} INFO - Processing file /home/airflow/.local/lib/python3.7/site-packages/airflow/example_dags/example_xcom.py for tasks to queue
[2025-09-13T08:01:06.158+0000] {logging_mixin.py:149} INFO - [2025-09-13T08:01:06.158+0000] {dagbag.py:541} INFO - Filling up the DagBag from /home/airflow/.local/lib/python3.7/site-packages/airflow/example_dags/example_xcom.py
[2025-09-13T08:01:06.166+0000] {processor.py:836} INFO - DAG(s) dict_keys(['example_xcom']) retrieved from /home/airflow/.local/lib/python3.7/site-packages/airflow/example_dags/example_xcom.py
[2025-09-13T08:01:06.194+0000] {logging_mixin.py:149} INFO - [2025-09-13T08:01:06.194+0000] {dag.py:2726} INFO - Sync 1 DAGs
[2025-09-13T08:01:06.221+0000] {logging_mixin.py:149} INFO - [2025-09-13T08:01:06.221+0000] {dag.py:3490} INFO - Setting next_dagrun for example_xcom to 2021-01-01T00:00:00+00:00, run_after=2021-01-01T00:00:00+00:00
[2025-09-13T08:01:06.243+0000] {processor.py:179} INFO - Processing /home/airflow/.local/lib/python3.7/site-packages/airflow/example_dags/example_xcom.py took 0.090 seconds
[2025-09-13T08:01:37.070+0000] {processor.py:157} INFO - Started process (PID=5037) to work on /home/airflow/.local/lib/python3.7/site-packages/airflow/example_dags/example_xcom.py
[2025-09-13T08:01:37.072+0000] {processor.py:826} INFO - Processing file /home/airflow/.local/lib/python3.7/site-packages/airflow/example_dags/example_xcom.py for tasks to queue
[2025-09-13T08:01:37.073+0000] {logging_mixin.py:149} INFO - [2025-09-13T08:01:37.073+0000] {dagbag.py:541} INFO - Filling up the DagBag from /home/airflow/.local/lib/python3.7/site-packages/airflow/example_dags/example_xcom.py
[2025-09-13T08:01:37.104+0000] {processor.py:836} INFO - DAG(s) dict_keys(['example_xcom']) retrieved from /home/airflow/.local/lib/python3.7/site-packages/airflow/example_dags/example_xcom.py
[2025-09-13T08:01:37.136+0000] {logging_mixin.py:149} INFO - [2025-09-13T08:01:37.136+0000] {dag.py:2726} INFO - Sync 1 DAGs
[2025-09-13T08:01:37.173+0000] {logging_mixin.py:149} INFO - [2025-09-13T08:01:37.172+0000] {dag.py:3490} INFO - Setting next_dagrun for example_xcom to 2021-01-01T00:00:00+00:00, run_after=2021-01-01T00:00:00+00:00
[2025-09-13T08:01:37.201+0000] {processor.py:179} INFO - Processing /home/airflow/.local/lib/python3.7/site-packages/airflow/example_dags/example_xcom.py took 0.137 seconds
[2025-09-13T08:02:07.822+0000] {processor.py:157} INFO - Started process (PID=5318) to work on /home/airflow/.local/lib/python3.7/site-packages/airflow/example_dags/example_xcom.py
[2025-09-13T08:02:07.824+0000] {processor.py:826} INFO - Processing file /home/airflow/.local/lib/python3.7/site-packages/airflow/example_dags/example_xcom.py for tasks to queue
[2025-09-13T08:02:07.824+0000] {logging_mixin.py:149} INFO - [2025-09-13T08:02:07.824+0000] {dagbag.py:541} INFO - Filling up the DagBag from /home/airflow/.local/lib/python3.7/site-packages/airflow/example_dags/example_xcom.py
[2025-09-13T08:02:07.832+0000] {processor.py:836} INFO - DAG(s) dict_keys(['example_xcom']) retrieved from /home/airflow/.local/lib/python3.7/site-packages/airflow/example_dags/example_xcom.py
[2025-09-13T08:02:07.863+0000] {logging_mixin.py:149} INFO - [2025-09-13T08:02:07.863+0000] {dag.py:2726} INFO - Sync 1 DAGs
[2025-09-13T08:02:07.891+0000] {logging_mixin.py:149} INFO - [2025-09-13T08:02:07.891+0000] {dag.py:3490} INFO - Setting next_dagrun for example_xcom to 2021-01-01T00:00:00+00:00, run_after=2021-01-01T00:00:00+00:00
[2025-09-13T08:02:07.912+0000] {processor.py:179} INFO - Processing /home/airflow/.local/lib/python3.7/site-packages/airflow/example_dags/example_xcom.py took 0.093 seconds
[2025-09-13T08:02:38.918+0000] {processor.py:157} INFO - Started process (PID=5599) to work on /home/airflow/.local/lib/python3.7/site-packages/airflow/example_dags/example_xcom.py
[2025-09-13T08:02:38.919+0000] {processor.py:826} INFO - Processing file /home/airflow/.local/lib/python3.7/site-packages/airflow/example_dags/example_xcom.py for tasks to queue
[2025-09-13T08:02:38.919+0000] {logging_mixin.py:149} INFO - [2025-09-13T08:02:38.919+0000] {dagbag.py:541} INFO - Filling up the DagBag from /home/airflow/.local/lib/python3.7/site-packages/airflow/example_dags/example_xcom.py
[2025-09-13T08:02:38.928+0000] {processor.py:836} INFO - DAG(s) dict_keys(['example_xcom']) retrieved from /home/airflow/.local/lib/python3.7/site-packages/airflow/example_dags/example_xcom.py
[2025-09-13T08:02:38.960+0000] {logging_mixin.py:149} INFO - [2025-09-13T08:02:38.960+0000] {dag.py:2726} INFO - Sync 1 DAGs
[2025-09-13T08:02:38.991+0000] {logging_mixin.py:149} INFO - [2025-09-13T08:02:38.991+0000] {dag.py:3490} INFO - Setting next_dagrun for example_xcom to 2021-01-01T00:00:00+00:00, run_after=2021-01-01T00:00:00+00:00
[2025-09-13T08:02:39.012+0000] {processor.py:179} INFO - Processing /home/airflow/.local/lib/python3.7/site-packages/airflow/example_dags/example_xcom.py took 0.098 seconds
[2025-09-13T08:03:09.930+0000] {processor.py:157} INFO - Started process (PID=5880) to work on /home/airflow/.local/lib/python3.7/site-packages/airflow/example_dags/example_xcom.py
[2025-09-13T08:03:09.931+0000] {processor.py:826} INFO - Processing file /home/airflow/.local/lib/python3.7/site-packages/airflow/example_dags/example_xcom.py for tasks to queue
[2025-09-13T08:03:09.932+0000] {logging_mixin.py:149} INFO - [2025-09-13T08:03:09.932+0000] {dagbag.py:541} INFO - Filling up the DagBag from /home/airflow/.local/lib/python3.7/site-packages/airflow/example_dags/example_xcom.py
[2025-09-13T08:03:09.946+0000] {processor.py:836} INFO - DAG(s) dict_keys(['example_xcom']) retrieved from /home/airflow/.local/lib/python3.7/site-packages/airflow/example_dags/example_xcom.py
[2025-09-13T08:03:09.976+0000] {logging_mixin.py:149} INFO - [2025-09-13T08:03:09.976+0000] {dag.py:2726} INFO - Sync 1 DAGs
[2025-09-13T08:03:10.004+0000] {logging_mixin.py:149} INFO - [2025-09-13T08:03:10.003+0000] {dag.py:3490} INFO - Setting next_dagrun for example_xcom to 2021-01-01T00:00:00+00:00, run_after=2021-01-01T00:00:00+00:00
[2025-09-13T08:03:10.024+0000] {processor.py:179} INFO - Processing /home/airflow/.local/lib/python3.7/site-packages/airflow/example_dags/example_xcom.py took 0.098 seconds
[2025-09-13T08:03:40.757+0000] {processor.py:157} INFO - Started process (PID=6161) to work on /home/airflow/.local/lib/python3.7/site-packages/airflow/example_dags/example_xcom.py
[2025-09-13T08:03:40.758+0000] {processor.py:826} INFO - Processing file /home/airflow/.local/lib/python3.7/site-packages/airflow/example_dags/example_xcom.py for tasks to queue
[2025-09-13T08:03:40.758+0000] {logging_mixin.py:149} INFO - [2025-09-13T08:03:40.758+0000] {dagbag.py:541} INFO - Filling up the DagBag from /home/airflow/.local/lib/python3.7/site-packages/airflow/example_dags/example_xcom.py
[2025-09-13T08:03:40.766+0000] {processor.py:836} INFO - DAG(s) dict_keys(['example_xcom']) retrieved from /home/airflow/.local/lib/python3.7/site-packages/airflow/example_dags/example_xcom.py
[2025-09-13T08:03:40.794+0000] {logging_mixin.py:149} INFO - [2025-09-13T08:03:40.794+0000] {dag.py:2726} INFO - Sync 1 DAGs
[2025-09-13T08:03:40.824+0000] {logging_mixin.py:149} INFO - [2025-09-13T08:03:40.823+0000] {dag.py:3490} INFO - Setting next_dagrun for example_xcom to 2021-01-01T00:00:00+00:00, run_after=2021-01-01T00:00:00+00:00
[2025-09-13T08:03:40.846+0000] {processor.py:179} INFO - Processing /home/airflow/.local/lib/python3.7/site-packages/airflow/example_dags/example_xcom.py took 0.093 seconds
[2025-09-13T08:04:11.689+0000] {processor.py:157} INFO - Started process (PID=6442) to work on /home/airflow/.local/lib/python3.7/site-packages/airflow/example_dags/example_xcom.py
[2025-09-13T08:04:11.690+0000] {processor.py:826} INFO - Processing file /home/airflow/.local/lib/python3.7/site-packages/airflow/example_dags/example_xcom.py for tasks to queue
[2025-09-13T08:04:11.691+0000] {logging_mixin.py:149} INFO - [2025-09-13T08:04:11.691+0000] {dagbag.py:541} INFO - Filling up the DagBag from /home/airflow/.local/lib/python3.7/site-packages/airflow/example_dags/example_xcom.py
[2025-09-13T08:04:11.699+0000] {processor.py:836} INFO - DAG(s) dict_keys(['example_xcom']) retrieved from /home/airflow/.local/lib/python3.7/site-packages/airflow/example_dags/example_xcom.py
[2025-09-13T08:04:11.727+0000] {logging_mixin.py:149} INFO - [2025-09-13T08:04:11.727+0000] {dag.py:2726} INFO - Sync 1 DAGs
[2025-09-13T08:04:11.756+0000] {logging_mixin.py:149} INFO - [2025-09-13T08:04:11.756+0000] {dag.py:3490} INFO - Setting next_dagrun for example_xcom to 2021-01-01T00:00:00+00:00, run_after=2021-01-01T00:00:00+00:00
[2025-09-13T08:04:11.776+0000] {processor.py:179} INFO - Processing /home/airflow/.local/lib/python3.7/site-packages/airflow/example_dags/example_xcom.py took 0.090 seconds
[2025-09-13T08:04:42.796+0000] {processor.py:157} INFO - Started process (PID=6723) to work on /home/airflow/.local/lib/python3.7/site-packages/airflow/example_dags/example_xcom.py
[2025-09-13T08:04:42.797+0000] {processor.py:826} INFO - Processing file /home/airflow/.local/lib/python3.7/site-packages/airflow/example_dags/example_xcom.py for tasks to queue
[2025-09-13T08:04:42.797+0000] {logging_mixin.py:149} INFO - [2025-09-13T08:04:42.797+0000] {dagbag.py:541} INFO - Filling up the DagBag from /home/airflow/.local/lib/python3.7/site-packages/airflow/example_dags/example_xcom.py
[2025-09-13T08:04:42.806+0000] {processor.py:836} INFO - DAG(s) dict_keys(['example_xcom']) retrieved from /home/airflow/.local/lib/python3.7/site-packages/airflow/example_dags/example_xcom.py
[2025-09-13T08:04:42.834+0000] {logging_mixin.py:149} INFO - [2025-09-13T08:04:42.833+0000] {dag.py:2726} INFO - Sync 1 DAGs
[2025-09-13T08:04:42.862+0000] {logging_mixin.py:149} INFO - [2025-09-13T08:04:42.861+0000] {dag.py:3490} INFO - Setting next_dagrun for example_xcom to 2021-01-01T00:00:00+00:00, run_after=2021-01-01T00:00:00+00:00
[2025-09-13T08:04:42.884+0000] {processor.py:179} INFO - Processing /home/airflow/.local/lib/python3.7/site-packages/airflow/example_dags/example_xcom.py took 0.092 seconds
[2025-09-13T08:05:13.676+0000] {processor.py:157} INFO - Started process (PID=7004) to work on /home/airflow/.local/lib/python3.7/site-packages/airflow/example_dags/example_xcom.py
[2025-09-13T08:05:13.677+0000] {processor.py:826} INFO - Processing file /home/airflow/.local/lib/python3.7/site-packages/airflow/example_dags/example_xcom.py for tasks to queue
[2025-09-13T08:05:13.678+0000] {logging_mixin.py:149} INFO - [2025-09-13T08:05:13.678+0000] {dagbag.py:541} INFO - Filling up the DagBag from /home/airflow/.local/lib/python3.7/site-packages/airflow/example_dags/example_xcom.py
[2025-09-13T08:05:13.686+0000] {processor.py:836} INFO - DAG(s) dict_keys(['example_xcom']) retrieved from /home/airflow/.local/lib/python3.7/site-packages/airflow/example_dags/example_xcom.py
[2025-09-13T08:05:13.713+0000] {logging_mixin.py:149} INFO - [2025-09-13T08:05:13.713+0000] {dag.py:2726} INFO - Sync 1 DAGs
[2025-09-13T08:05:13.740+0000] {logging_mixin.py:149} INFO - [2025-09-13T08:05:13.740+0000] {dag.py:3490} INFO - Setting next_dagrun for example_xcom to 2021-01-01T00:00:00+00:00, run_after=2021-01-01T00:00:00+00:00
[2025-09-13T08:05:13.761+0000] {processor.py:179} INFO - Processing /home/airflow/.local/lib/python3.7/site-packages/airflow/example_dags/example_xcom.py took 0.088 seconds
[2025-09-13T08:05:44.548+0000] {processor.py:157} INFO - Started process (PID=7285) to work on /home/airflow/.local/lib/python3.7/site-packages/airflow/example_dags/example_xcom.py
[2025-09-13T08:05:44.549+0000] {processor.py:826} INFO - Processing file /home/airflow/.local/lib/python3.7/site-packages/airflow/example_dags/example_xcom.py for tasks to queue
[2025-09-13T08:05:44.551+0000] {logging_mixin.py:149} INFO - [2025-09-13T08:05:44.550+0000] {dagbag.py:541} INFO - Filling up the DagBag from /home/airflow/.local/lib/python3.7/site-packages/airflow/example_dags/example_xcom.py
[2025-09-13T08:05:44.561+0000] {processor.py:836} INFO - DAG(s) dict_keys(['example_xcom']) retrieved from /home/airflow/.local/lib/python3.7/site-packages/airflow/example_dags/example_xcom.py
[2025-09-13T08:05:44.596+0000] {logging_mixin.py:149} INFO - [2025-09-13T08:05:44.596+0000] {dag.py:2726} INFO - Sync 1 DAGs
[2025-09-13T08:05:44.631+0000] {logging_mixin.py:149} INFO - [2025-09-13T08:05:44.630+0000] {dag.py:3490} INFO - Setting next_dagrun for example_xcom to 2021-01-01T00:00:00+00:00, run_after=2021-01-01T00:00:00+00:00
[2025-09-13T08:05:44.657+0000] {processor.py:179} INFO - Processing /home/airflow/.local/lib/python3.7/site-packages/airflow/example_dags/example_xcom.py took 0.114 seconds
[2025-09-13T08:06:15.316+0000] {processor.py:157} INFO - Started process (PID=7566) to work on /home/airflow/.local/lib/python3.7/site-packages/airflow/example_dags/example_xcom.py
[2025-09-13T08:06:15.317+0000] {processor.py:826} INFO - Processing file /home/airflow/.local/lib/python3.7/site-packages/airflow/example_dags/example_xcom.py for tasks to queue
[2025-09-13T08:06:15.319+0000] {logging_mixin.py:149} INFO - [2025-09-13T08:06:15.319+0000] {dagbag.py:541} INFO - Filling up the DagBag from /home/airflow/.local/lib/python3.7/site-packages/airflow/example_dags/example_xcom.py
[2025-09-13T08:06:15.327+0000] {processor.py:836} INFO - DAG(s) dict_keys(['example_xcom']) retrieved from /home/airflow/.local/lib/python3.7/site-packages/airflow/example_dags/example_xcom.py
[2025-09-13T08:06:15.355+0000] {logging_mixin.py:149} INFO - [2025-09-13T08:06:15.354+0000] {dag.py:2726} INFO - Sync 1 DAGs
[2025-09-13T08:06:15.383+0000] {logging_mixin.py:149} INFO - [2025-09-13T08:06:15.383+0000] {dag.py:3490} INFO - Setting next_dagrun for example_xcom to 2021-01-01T00:00:00+00:00, run_after=2021-01-01T00:00:00+00:00
[2025-09-13T08:06:15.404+0000] {processor.py:179} INFO - Processing /home/airflow/.local/lib/python3.7/site-packages/airflow/example_dags/example_xcom.py took 0.092 seconds
[2025-09-13T08:06:46.347+0000] {processor.py:157} INFO - Started process (PID=7847) to work on /home/airflow/.local/lib/python3.7/site-packages/airflow/example_dags/example_xcom.py
[2025-09-13T08:06:46.348+0000] {processor.py:826} INFO - Processing file /home/airflow/.local/lib/python3.7/site-packages/airflow/example_dags/example_xcom.py for tasks to queue
[2025-09-13T08:06:46.349+0000] {logging_mixin.py:149} INFO - [2025-09-13T08:06:46.349+0000] {dagbag.py:541} INFO - Filling up the DagBag from /home/airflow/.local/lib/python3.7/site-packages/airflow/example_dags/example_xcom.py
[2025-09-13T08:06:46.357+0000] {processor.py:836} INFO - DAG(s) dict_keys(['example_xcom']) retrieved from /home/airflow/.local/lib/python3.7/site-packages/airflow/example_dags/example_xcom.py
[2025-09-13T08:06:46.386+0000] {logging_mixin.py:149} INFO - [2025-09-13T08:06:46.386+0000] {dag.py:2726} INFO - Sync 1 DAGs
[2025-09-13T08:06:46.415+0000] {logging_mixin.py:149} INFO - [2025-09-13T08:06:46.415+0000] {dag.py:3490} INFO - Setting next_dagrun for example_xcom to 2021-01-01T00:00:00+00:00, run_after=2021-01-01T00:00:00+00:00
[2025-09-13T08:06:46.436+0000] {processor.py:179} INFO - Processing /home/airflow/.local/lib/python3.7/site-packages/airflow/example_dags/example_xcom.py took 0.093 seconds
[2025-09-13T08:07:17.573+0000] {processor.py:157} INFO - Started process (PID=8128) to work on /home/airflow/.local/lib/python3.7/site-packages/airflow/example_dags/example_xcom.py
[2025-09-13T08:07:17.574+0000] {processor.py:826} INFO - Processing file /home/airflow/.local/lib/python3.7/site-packages/airflow/example_dags/example_xcom.py for tasks to queue
[2025-09-13T08:07:17.575+0000] {logging_mixin.py:149} INFO - [2025-09-13T08:07:17.575+0000] {dagbag.py:541} INFO - Filling up the DagBag from /home/airflow/.local/lib/python3.7/site-packages/airflow/example_dags/example_xcom.py
[2025-09-13T08:07:17.585+0000] {processor.py:836} INFO - DAG(s) dict_keys(['example_xcom']) retrieved from /home/airflow/.local/lib/python3.7/site-packages/airflow/example_dags/example_xcom.py
[2025-09-13T08:07:17.623+0000] {logging_mixin.py:149} INFO - [2025-09-13T08:07:17.622+0000] {dag.py:2726} INFO - Sync 1 DAGs
[2025-09-13T08:07:17.665+0000] {logging_mixin.py:149} INFO - [2025-09-13T08:07:17.664+0000] {dag.py:3490} INFO - Setting next_dagrun for example_xcom to 2021-01-01T00:00:00+00:00, run_after=2021-01-01T00:00:00+00:00
[2025-09-13T08:07:17.689+0000] {processor.py:179} INFO - Processing /home/airflow/.local/lib/python3.7/site-packages/airflow/example_dags/example_xcom.py took 0.120 seconds
[2025-09-13T08:07:48.330+0000] {processor.py:157} INFO - Started process (PID=8409) to work on /home/airflow/.local/lib/python3.7/site-packages/airflow/example_dags/example_xcom.py
[2025-09-13T08:07:48.334+0000] {processor.py:826} INFO - Processing file /home/airflow/.local/lib/python3.7/site-packages/airflow/example_dags/example_xcom.py for tasks to queue
[2025-09-13T08:07:48.337+0000] {logging_mixin.py:149} INFO - [2025-09-13T08:07:48.337+0000] {dagbag.py:541} INFO - Filling up the DagBag from /home/airflow/.local/lib/python3.7/site-packages/airflow/example_dags/example_xcom.py
[2025-09-13T08:07:48.346+0000] {processor.py:836} INFO - DAG(s) dict_keys(['example_xcom']) retrieved from /home/airflow/.local/lib/python3.7/site-packages/airflow/example_dags/example_xcom.py
[2025-09-13T08:07:48.374+0000] {logging_mixin.py:149} INFO - [2025-09-13T08:07:48.374+0000] {dag.py:2726} INFO - Sync 1 DAGs
[2025-09-13T08:07:48.402+0000] {logging_mixin.py:149} INFO - [2025-09-13T08:07:48.402+0000] {dag.py:3490} INFO - Setting next_dagrun for example_xcom to 2021-01-01T00:00:00+00:00, run_after=2021-01-01T00:00:00+00:00
[2025-09-13T08:07:48.426+0000] {processor.py:179} INFO - Processing /home/airflow/.local/lib/python3.7/site-packages/airflow/example_dags/example_xcom.py took 0.099 seconds
[2025-09-13T08:08:19.005+0000] {processor.py:157} INFO - Started process (PID=8690) to work on /home/airflow/.local/lib/python3.7/site-packages/airflow/example_dags/example_xcom.py
[2025-09-13T08:08:19.006+0000] {processor.py:826} INFO - Processing file /home/airflow/.local/lib/python3.7/site-packages/airflow/example_dags/example_xcom.py for tasks to queue
[2025-09-13T08:08:19.007+0000] {logging_mixin.py:149} INFO - [2025-09-13T08:08:19.007+0000] {dagbag.py:541} INFO - Filling up the DagBag from /home/airflow/.local/lib/python3.7/site-packages/airflow/example_dags/example_xcom.py
[2025-09-13T08:08:19.015+0000] {processor.py:836} INFO - DAG(s) dict_keys(['example_xcom']) retrieved from /home/airflow/.local/lib/python3.7/site-packages/airflow/example_dags/example_xcom.py
[2025-09-13T08:08:19.042+0000] {logging_mixin.py:149} INFO - [2025-09-13T08:08:19.042+0000] {dag.py:2726} INFO - Sync 1 DAGs
[2025-09-13T08:08:19.070+0000] {logging_mixin.py:149} INFO - [2025-09-13T08:08:19.070+0000] {dag.py:3490} INFO - Setting next_dagrun for example_xcom to 2021-01-01T00:00:00+00:00, run_after=2021-01-01T00:00:00+00:00
[2025-09-13T08:08:19.090+0000] {processor.py:179} INFO - Processing /home/airflow/.local/lib/python3.7/site-packages/airflow/example_dags/example_xcom.py took 0.089 seconds
[2025-09-13T08:08:50.045+0000] {processor.py:157} INFO - Started process (PID=8971) to work on /home/airflow/.local/lib/python3.7/site-packages/airflow/example_dags/example_xcom.py
[2025-09-13T08:08:50.047+0000] {processor.py:826} INFO - Processing file /home/airflow/.local/lib/python3.7/site-packages/airflow/example_dags/example_xcom.py for tasks to queue
[2025-09-13T08:08:50.048+0000] {logging_mixin.py:149} INFO - [2025-09-13T08:08:50.048+0000] {dagbag.py:541} INFO - Filling up the DagBag from /home/airflow/.local/lib/python3.7/site-packages/airflow/example_dags/example_xcom.py
[2025-09-13T08:08:50.059+0000] {processor.py:836} INFO - DAG(s) dict_keys(['example_xcom']) retrieved from /home/airflow/.local/lib/python3.7/site-packages/airflow/example_dags/example_xcom.py
[2025-09-13T08:08:50.088+0000] {logging_mixin.py:149} INFO - [2025-09-13T08:08:50.088+0000] {dag.py:2726} INFO - Sync 1 DAGs
[2025-09-13T08:08:50.117+0000] {logging_mixin.py:149} INFO - [2025-09-13T08:08:50.117+0000] {dag.py:3490} INFO - Setting next_dagrun for example_xcom to 2021-01-01T00:00:00+00:00, run_after=2021-01-01T00:00:00+00:00
[2025-09-13T08:08:50.141+0000] {processor.py:179} INFO - Processing /home/airflow/.local/lib/python3.7/site-packages/airflow/example_dags/example_xcom.py took 0.099 seconds
[2025-09-13T08:09:21.057+0000] {processor.py:157} INFO - Started process (PID=9252) to work on /home/airflow/.local/lib/python3.7/site-packages/airflow/example_dags/example_xcom.py
[2025-09-13T08:09:21.057+0000] {processor.py:826} INFO - Processing file /home/airflow/.local/lib/python3.7/site-packages/airflow/example_dags/example_xcom.py for tasks to queue
[2025-09-13T08:09:21.058+0000] {logging_mixin.py:149} INFO - [2025-09-13T08:09:21.058+0000] {dagbag.py:541} INFO - Filling up the DagBag from /home/airflow/.local/lib/python3.7/site-packages/airflow/example_dags/example_xcom.py
[2025-09-13T08:09:21.066+0000] {processor.py:836} INFO - DAG(s) dict_keys(['example_xcom']) retrieved from /home/airflow/.local/lib/python3.7/site-packages/airflow/example_dags/example_xcom.py
[2025-09-13T08:09:21.095+0000] {logging_mixin.py:149} INFO - [2025-09-13T08:09:21.094+0000] {dag.py:2726} INFO - Sync 1 DAGs
[2025-09-13T08:09:21.121+0000] {logging_mixin.py:149} INFO - [2025-09-13T08:09:21.121+0000] {dag.py:3490} INFO - Setting next_dagrun for example_xcom to 2021-01-01T00:00:00+00:00, run_after=2021-01-01T00:00:00+00:00
[2025-09-13T08:09:21.141+0000] {processor.py:179} INFO - Processing /home/airflow/.local/lib/python3.7/site-packages/airflow/example_dags/example_xcom.py took 0.088 seconds
[2025-09-13T08:09:51.789+0000] {processor.py:157} INFO - Started process (PID=9534) to work on /home/airflow/.local/lib/python3.7/site-packages/airflow/example_dags/example_xcom.py
[2025-09-13T08:09:51.790+0000] {processor.py:826} INFO - Processing file /home/airflow/.local/lib/python3.7/site-packages/airflow/example_dags/example_xcom.py for tasks to queue
[2025-09-13T08:09:51.791+0000] {logging_mixin.py:149} INFO - [2025-09-13T08:09:51.791+0000] {dagbag.py:541} INFO - Filling up the DagBag from /home/airflow/.local/lib/python3.7/site-packages/airflow/example_dags/example_xcom.py
[2025-09-13T08:09:51.798+0000] {processor.py:836} INFO - DAG(s) dict_keys(['example_xcom']) retrieved from /home/airflow/.local/lib/python3.7/site-packages/airflow/example_dags/example_xcom.py
[2025-09-13T08:09:51.827+0000] {logging_mixin.py:149} INFO - [2025-09-13T08:09:51.827+0000] {dag.py:2726} INFO - Sync 1 DAGs
[2025-09-13T08:09:51.855+0000] {logging_mixin.py:149} INFO - [2025-09-13T08:09:51.855+0000] {dag.py:3490} INFO - Setting next_dagrun for example_xcom to 2021-01-01T00:00:00+00:00, run_after=2021-01-01T00:00:00+00:00
[2025-09-13T08:09:51.879+0000] {processor.py:179} INFO - Processing /home/airflow/.local/lib/python3.7/site-packages/airflow/example_dags/example_xcom.py took 0.094 seconds
[2025-09-13T08:10:22.783+0000] {processor.py:157} INFO - Started process (PID=9815) to work on /home/airflow/.local/lib/python3.7/site-packages/airflow/example_dags/example_xcom.py
[2025-09-13T08:10:22.784+0000] {processor.py:826} INFO - Processing file /home/airflow/.local/lib/python3.7/site-packages/airflow/example_dags/example_xcom.py for tasks to queue
[2025-09-13T08:10:22.784+0000] {logging_mixin.py:149} INFO - [2025-09-13T08:10:22.784+0000] {dagbag.py:541} INFO - Filling up the DagBag from /home/airflow/.local/lib/python3.7/site-packages/airflow/example_dags/example_xcom.py
[2025-09-13T08:10:22.793+0000] {processor.py:836} INFO - DAG(s) dict_keys(['example_xcom']) retrieved from /home/airflow/.local/lib/python3.7/site-packages/airflow/example_dags/example_xcom.py
[2025-09-13T08:10:22.823+0000] {logging_mixin.py:149} INFO - [2025-09-13T08:10:22.823+0000] {dag.py:2726} INFO - Sync 1 DAGs
[2025-09-13T08:10:22.850+0000] {logging_mixin.py:149} INFO - [2025-09-13T08:10:22.850+0000] {dag.py:3490} INFO - Setting next_dagrun for example_xcom to 2021-01-01T00:00:00+00:00, run_after=2021-01-01T00:00:00+00:00
[2025-09-13T08:10:22.871+0000] {processor.py:179} INFO - Processing /home/airflow/.local/lib/python3.7/site-packages/airflow/example_dags/example_xcom.py took 0.091 seconds
[2025-09-13T08:10:53.843+0000] {processor.py:157} INFO - Started process (PID=10096) to work on /home/airflow/.local/lib/python3.7/site-packages/airflow/example_dags/example_xcom.py
[2025-09-13T08:10:53.844+0000] {processor.py:826} INFO - Processing file /home/airflow/.local/lib/python3.7/site-packages/airflow/example_dags/example_xcom.py for tasks to queue
[2025-09-13T08:10:53.845+0000] {logging_mixin.py:149} INFO - [2025-09-13T08:10:53.844+0000] {dagbag.py:541} INFO - Filling up the DagBag from /home/airflow/.local/lib/python3.7/site-packages/airflow/example_dags/example_xcom.py
[2025-09-13T08:10:53.853+0000] {processor.py:836} INFO - DAG(s) dict_keys(['example_xcom']) retrieved from /home/airflow/.local/lib/python3.7/site-packages/airflow/example_dags/example_xcom.py
[2025-09-13T08:10:53.880+0000] {logging_mixin.py:149} INFO - [2025-09-13T08:10:53.879+0000] {dag.py:2726} INFO - Sync 1 DAGs
[2025-09-13T08:10:53.907+0000] {logging_mixin.py:149} INFO - [2025-09-13T08:10:53.907+0000] {dag.py:3490} INFO - Setting next_dagrun for example_xcom to 2021-01-01T00:00:00+00:00, run_after=2021-01-01T00:00:00+00:00
[2025-09-13T08:10:53.927+0000] {processor.py:179} INFO - Processing /home/airflow/.local/lib/python3.7/site-packages/airflow/example_dags/example_xcom.py took 0.088 seconds
[2025-09-13T08:11:25.017+0000] {processor.py:157} INFO - Started process (PID=10377) to work on /home/airflow/.local/lib/python3.7/site-packages/airflow/example_dags/example_xcom.py
[2025-09-13T08:11:25.018+0000] {processor.py:826} INFO - Processing file /home/airflow/.local/lib/python3.7/site-packages/airflow/example_dags/example_xcom.py for tasks to queue
[2025-09-13T08:11:25.018+0000] {logging_mixin.py:149} INFO - [2025-09-13T08:11:25.018+0000] {dagbag.py:541} INFO - Filling up the DagBag from /home/airflow/.local/lib/python3.7/site-packages/airflow/example_dags/example_xcom.py
[2025-09-13T08:11:25.026+0000] {processor.py:836} INFO - DAG(s) dict_keys(['example_xcom']) retrieved from /home/airflow/.local/lib/python3.7/site-packages/airflow/example_dags/example_xcom.py
[2025-09-13T08:11:25.061+0000] {logging_mixin.py:149} INFO - [2025-09-13T08:11:25.061+0000] {dag.py:2726} INFO - Sync 1 DAGs
[2025-09-13T08:11:25.089+0000] {logging_mixin.py:149} INFO - [2025-09-13T08:11:25.089+0000] {dag.py:3490} INFO - Setting next_dagrun for example_xcom to 2021-01-01T00:00:00+00:00, run_after=2021-01-01T00:00:00+00:00
[2025-09-13T08:11:25.110+0000] {processor.py:179} INFO - Processing /home/airflow/.local/lib/python3.7/site-packages/airflow/example_dags/example_xcom.py took 0.097 seconds
[2025-09-13T08:11:55.972+0000] {processor.py:157} INFO - Started process (PID=10665) to work on /home/airflow/.local/lib/python3.7/site-packages/airflow/example_dags/example_xcom.py
[2025-09-13T08:11:55.973+0000] {processor.py:826} INFO - Processing file /home/airflow/.local/lib/python3.7/site-packages/airflow/example_dags/example_xcom.py for tasks to queue
[2025-09-13T08:11:55.974+0000] {logging_mixin.py:149} INFO - [2025-09-13T08:11:55.974+0000] {dagbag.py:541} INFO - Filling up the DagBag from /home/airflow/.local/lib/python3.7/site-packages/airflow/example_dags/example_xcom.py
[2025-09-13T08:11:55.982+0000] {processor.py:836} INFO - DAG(s) dict_keys(['example_xcom']) retrieved from /home/airflow/.local/lib/python3.7/site-packages/airflow/example_dags/example_xcom.py
[2025-09-13T08:11:56.011+0000] {logging_mixin.py:149} INFO - [2025-09-13T08:11:56.011+0000] {dag.py:2726} INFO - Sync 1 DAGs
[2025-09-13T08:11:56.040+0000] {logging_mixin.py:149} INFO - [2025-09-13T08:11:56.040+0000] {dag.py:3490} INFO - Setting next_dagrun for example_xcom to 2021-01-01T00:00:00+00:00, run_after=2021-01-01T00:00:00+00:00
[2025-09-13T08:11:56.060+0000] {processor.py:179} INFO - Processing /home/airflow/.local/lib/python3.7/site-packages/airflow/example_dags/example_xcom.py took 0.092 seconds
[2025-09-13T08:12:26.709+0000] {processor.py:157} INFO - Started process (PID=10946) to work on /home/airflow/.local/lib/python3.7/site-packages/airflow/example_dags/example_xcom.py
[2025-09-13T08:12:26.710+0000] {processor.py:826} INFO - Processing file /home/airflow/.local/lib/python3.7/site-packages/airflow/example_dags/example_xcom.py for tasks to queue
[2025-09-13T08:12:26.711+0000] {logging_mixin.py:149} INFO - [2025-09-13T08:12:26.711+0000] {dagbag.py:541} INFO - Filling up the DagBag from /home/airflow/.local/lib/python3.7/site-packages/airflow/example_dags/example_xcom.py
[2025-09-13T08:12:26.719+0000] {processor.py:836} INFO - DAG(s) dict_keys(['example_xcom']) retrieved from /home/airflow/.local/lib/python3.7/site-packages/airflow/example_dags/example_xcom.py
[2025-09-13T08:12:26.749+0000] {logging_mixin.py:149} INFO - [2025-09-13T08:12:26.749+0000] {dag.py:2726} INFO - Sync 1 DAGs
[2025-09-13T08:12:26.778+0000] {logging_mixin.py:149} INFO - [2025-09-13T08:12:26.777+0000] {dag.py:3490} INFO - Setting next_dagrun for example_xcom to 2021-01-01T00:00:00+00:00, run_after=2021-01-01T00:00:00+00:00
[2025-09-13T08:12:26.801+0000] {processor.py:179} INFO - Processing /home/airflow/.local/lib/python3.7/site-packages/airflow/example_dags/example_xcom.py took 0.096 seconds
[2025-09-13T08:12:57.589+0000] {processor.py:157} INFO - Started process (PID=11227) to work on /home/airflow/.local/lib/python3.7/site-packages/airflow/example_dags/example_xcom.py
[2025-09-13T08:12:57.590+0000] {processor.py:826} INFO - Processing file /home/airflow/.local/lib/python3.7/site-packages/airflow/example_dags/example_xcom.py for tasks to queue
[2025-09-13T08:12:57.591+0000] {logging_mixin.py:149} INFO - [2025-09-13T08:12:57.591+0000] {dagbag.py:541} INFO - Filling up the DagBag from /home/airflow/.local/lib/python3.7/site-packages/airflow/example_dags/example_xcom.py
[2025-09-13T08:12:57.599+0000] {processor.py:836} INFO - DAG(s) dict_keys(['example_xcom']) retrieved from /home/airflow/.local/lib/python3.7/site-packages/airflow/example_dags/example_xcom.py
[2025-09-13T08:12:57.630+0000] {logging_mixin.py:149} INFO - [2025-09-13T08:12:57.630+0000] {dag.py:2726} INFO - Sync 1 DAGs
[2025-09-13T08:12:57.659+0000] {logging_mixin.py:149} INFO - [2025-09-13T08:12:57.659+0000] {dag.py:3490} INFO - Setting next_dagrun for example_xcom to 2021-01-01T00:00:00+00:00, run_after=2021-01-01T00:00:00+00:00
[2025-09-13T08:12:57.680+0000] {processor.py:179} INFO - Processing /home/airflow/.local/lib/python3.7/site-packages/airflow/example_dags/example_xcom.py took 0.095 seconds
[2025-09-13T08:13:28.443+0000] {processor.py:157} INFO - Started process (PID=11508) to work on /home/airflow/.local/lib/python3.7/site-packages/airflow/example_dags/example_xcom.py
[2025-09-13T08:13:28.444+0000] {processor.py:826} INFO - Processing file /home/airflow/.local/lib/python3.7/site-packages/airflow/example_dags/example_xcom.py for tasks to queue
[2025-09-13T08:13:28.445+0000] {logging_mixin.py:149} INFO - [2025-09-13T08:13:28.444+0000] {dagbag.py:541} INFO - Filling up the DagBag from /home/airflow/.local/lib/python3.7/site-packages/airflow/example_dags/example_xcom.py
[2025-09-13T08:13:28.454+0000] {processor.py:836} INFO - DAG(s) dict_keys(['example_xcom']) retrieved from /home/airflow/.local/lib/python3.7/site-packages/airflow/example_dags/example_xcom.py
[2025-09-13T08:13:28.483+0000] {logging_mixin.py:149} INFO - [2025-09-13T08:13:28.483+0000] {dag.py:2726} INFO - Sync 1 DAGs
[2025-09-13T08:13:28.513+0000] {logging_mixin.py:149} INFO - [2025-09-13T08:13:28.513+0000] {dag.py:3490} INFO - Setting next_dagrun for example_xcom to 2021-01-01T00:00:00+00:00, run_after=2021-01-01T00:00:00+00:00
[2025-09-13T08:13:28.535+0000] {processor.py:179} INFO - Processing /home/airflow/.local/lib/python3.7/site-packages/airflow/example_dags/example_xcom.py took 0.096 seconds
[2025-09-13T08:13:59.335+0000] {processor.py:157} INFO - Started process (PID=11789) to work on /home/airflow/.local/lib/python3.7/site-packages/airflow/example_dags/example_xcom.py
[2025-09-13T08:13:59.336+0000] {processor.py:826} INFO - Processing file /home/airflow/.local/lib/python3.7/site-packages/airflow/example_dags/example_xcom.py for tasks to queue
[2025-09-13T08:13:59.337+0000] {logging_mixin.py:149} INFO - [2025-09-13T08:13:59.337+0000] {dagbag.py:541} INFO - Filling up the DagBag from /home/airflow/.local/lib/python3.7/site-packages/airflow/example_dags/example_xcom.py
[2025-09-13T08:13:59.347+0000] {processor.py:836} INFO - DAG(s) dict_keys(['example_xcom']) retrieved from /home/airflow/.local/lib/python3.7/site-packages/airflow/example_dags/example_xcom.py
[2025-09-13T08:13:59.380+0000] {logging_mixin.py:149} INFO - [2025-09-13T08:13:59.380+0000] {dag.py:2726} INFO - Sync 1 DAGs
[2025-09-13T08:13:59.409+0000] {logging_mixin.py:149} INFO - [2025-09-13T08:13:59.409+0000] {dag.py:3490} INFO - Setting next_dagrun for example_xcom to 2021-01-01T00:00:00+00:00, run_after=2021-01-01T00:00:00+00:00
[2025-09-13T08:13:59.549+0000] {processor.py:179} INFO - Processing /home/airflow/.local/lib/python3.7/site-packages/airflow/example_dags/example_xcom.py took 0.218 seconds
[2025-09-13T08:14:29.918+0000] {processor.py:157} INFO - Started process (PID=12072) to work on /home/airflow/.local/lib/python3.7/site-packages/airflow/example_dags/example_xcom.py
[2025-09-13T08:14:29.919+0000] {processor.py:826} INFO - Processing file /home/airflow/.local/lib/python3.7/site-packages/airflow/example_dags/example_xcom.py for tasks to queue
[2025-09-13T08:14:29.919+0000] {logging_mixin.py:149} INFO - [2025-09-13T08:14:29.919+0000] {dagbag.py:541} INFO - Filling up the DagBag from /home/airflow/.local/lib/python3.7/site-packages/airflow/example_dags/example_xcom.py
[2025-09-13T08:14:29.927+0000] {processor.py:836} INFO - DAG(s) dict_keys(['example_xcom']) retrieved from /home/airflow/.local/lib/python3.7/site-packages/airflow/example_dags/example_xcom.py
[2025-09-13T08:14:29.961+0000] {logging_mixin.py:149} INFO - [2025-09-13T08:14:29.961+0000] {dag.py:2726} INFO - Sync 1 DAGs
[2025-09-13T08:14:29.990+0000] {logging_mixin.py:149} INFO - [2025-09-13T08:14:29.990+0000] {dag.py:3490} INFO - Setting next_dagrun for example_xcom to 2021-01-01T00:00:00+00:00, run_after=2021-01-01T00:00:00+00:00
[2025-09-13T08:14:30.010+0000] {processor.py:179} INFO - Processing /home/airflow/.local/lib/python3.7/site-packages/airflow/example_dags/example_xcom.py took 0.096 seconds
[2025-09-13T08:15:00.780+0000] {processor.py:157} INFO - Started process (PID=12351) to work on /home/airflow/.local/lib/python3.7/site-packages/airflow/example_dags/example_xcom.py
[2025-09-13T08:15:00.781+0000] {processor.py:826} INFO - Processing file /home/airflow/.local/lib/python3.7/site-packages/airflow/example_dags/example_xcom.py for tasks to queue
[2025-09-13T08:15:00.782+0000] {logging_mixin.py:149} INFO - [2025-09-13T08:15:00.782+0000] {dagbag.py:541} INFO - Filling up the DagBag from /home/airflow/.local/lib/python3.7/site-packages/airflow/example_dags/example_xcom.py
[2025-09-13T08:15:00.790+0000] {processor.py:836} INFO - DAG(s) dict_keys(['example_xcom']) retrieved from /home/airflow/.local/lib/python3.7/site-packages/airflow/example_dags/example_xcom.py
[2025-09-13T08:15:00.820+0000] {logging_mixin.py:149} INFO - [2025-09-13T08:15:00.820+0000] {dag.py:2726} INFO - Sync 1 DAGs
[2025-09-13T08:15:00.849+0000] {logging_mixin.py:149} INFO - [2025-09-13T08:15:00.849+0000] {dag.py:3490} INFO - Setting next_dagrun for example_xcom to 2021-01-01T00:00:00+00:00, run_after=2021-01-01T00:00:00+00:00
[2025-09-13T08:15:00.869+0000] {processor.py:179} INFO - Processing /home/airflow/.local/lib/python3.7/site-packages/airflow/example_dags/example_xcom.py took 0.092 seconds
[2025-09-13T08:15:31.352+0000] {processor.py:157} INFO - Started process (PID=12632) to work on /home/airflow/.local/lib/python3.7/site-packages/airflow/example_dags/example_xcom.py
[2025-09-13T08:15:31.353+0000] {processor.py:826} INFO - Processing file /home/airflow/.local/lib/python3.7/site-packages/airflow/example_dags/example_xcom.py for tasks to queue
[2025-09-13T08:15:31.354+0000] {logging_mixin.py:149} INFO - [2025-09-13T08:15:31.354+0000] {dagbag.py:541} INFO - Filling up the DagBag from /home/airflow/.local/lib/python3.7/site-packages/airflow/example_dags/example_xcom.py
[2025-09-13T08:15:31.362+0000] {processor.py:836} INFO - DAG(s) dict_keys(['example_xcom']) retrieved from /home/airflow/.local/lib/python3.7/site-packages/airflow/example_dags/example_xcom.py
[2025-09-13T08:15:31.391+0000] {logging_mixin.py:149} INFO - [2025-09-13T08:15:31.391+0000] {dag.py:2726} INFO - Sync 1 DAGs
[2025-09-13T08:15:31.420+0000] {logging_mixin.py:149} INFO - [2025-09-13T08:15:31.420+0000] {dag.py:3490} INFO - Setting next_dagrun for example_xcom to 2021-01-01T00:00:00+00:00, run_after=2021-01-01T00:00:00+00:00
[2025-09-13T08:15:31.441+0000] {processor.py:179} INFO - Processing /home/airflow/.local/lib/python3.7/site-packages/airflow/example_dags/example_xcom.py took 0.093 seconds
[2025-09-13T08:16:02.441+0000] {processor.py:157} INFO - Started process (PID=12913) to work on /home/airflow/.local/lib/python3.7/site-packages/airflow/example_dags/example_xcom.py
[2025-09-13T08:16:02.442+0000] {processor.py:826} INFO - Processing file /home/airflow/.local/lib/python3.7/site-packages/airflow/example_dags/example_xcom.py for tasks to queue
[2025-09-13T08:16:02.442+0000] {logging_mixin.py:149} INFO - [2025-09-13T08:16:02.442+0000] {dagbag.py:541} INFO - Filling up the DagBag from /home/airflow/.local/lib/python3.7/site-packages/airflow/example_dags/example_xcom.py
[2025-09-13T08:16:02.452+0000] {processor.py:836} INFO - DAG(s) dict_keys(['example_xcom']) retrieved from /home/airflow/.local/lib/python3.7/site-packages/airflow/example_dags/example_xcom.py
[2025-09-13T08:16:02.479+0000] {logging_mixin.py:149} INFO - [2025-09-13T08:16:02.479+0000] {dag.py:2726} INFO - Sync 1 DAGs
[2025-09-13T08:16:02.506+0000] {logging_mixin.py:149} INFO - [2025-09-13T08:16:02.506+0000] {dag.py:3490} INFO - Setting next_dagrun for example_xcom to 2021-01-01T00:00:00+00:00, run_after=2021-01-01T00:00:00+00:00
[2025-09-13T08:16:02.527+0000] {processor.py:179} INFO - Processing /home/airflow/.local/lib/python3.7/site-packages/airflow/example_dags/example_xcom.py took 0.090 seconds
[2025-09-13T08:16:33.043+0000] {processor.py:157} INFO - Started process (PID=13194) to work on /home/airflow/.local/lib/python3.7/site-packages/airflow/example_dags/example_xcom.py
[2025-09-13T08:16:33.044+0000] {processor.py:826} INFO - Processing file /home/airflow/.local/lib/python3.7/site-packages/airflow/example_dags/example_xcom.py for tasks to queue
[2025-09-13T08:16:33.045+0000] {logging_mixin.py:149} INFO - [2025-09-13T08:16:33.045+0000] {dagbag.py:541} INFO - Filling up the DagBag from /home/airflow/.local/lib/python3.7/site-packages/airflow/example_dags/example_xcom.py
[2025-09-13T08:16:33.053+0000] {processor.py:836} INFO - DAG(s) dict_keys(['example_xcom']) retrieved from /home/airflow/.local/lib/python3.7/site-packages/airflow/example_dags/example_xcom.py
[2025-09-13T08:16:33.079+0000] {logging_mixin.py:149} INFO - [2025-09-13T08:16:33.079+0000] {dag.py:2726} INFO - Sync 1 DAGs
[2025-09-13T08:16:33.107+0000] {logging_mixin.py:149} INFO - [2025-09-13T08:16:33.107+0000] {dag.py:3490} INFO - Setting next_dagrun for example_xcom to 2021-01-01T00:00:00+00:00, run_after=2021-01-01T00:00:00+00:00
[2025-09-13T08:16:33.130+0000] {processor.py:179} INFO - Processing /home/airflow/.local/lib/python3.7/site-packages/airflow/example_dags/example_xcom.py took 0.091 seconds
[2025-09-13T08:17:04.169+0000] {processor.py:157} INFO - Started process (PID=13475) to work on /home/airflow/.local/lib/python3.7/site-packages/airflow/example_dags/example_xcom.py
[2025-09-13T08:17:04.170+0000] {processor.py:826} INFO - Processing file /home/airflow/.local/lib/python3.7/site-packages/airflow/example_dags/example_xcom.py for tasks to queue
[2025-09-13T08:17:04.171+0000] {logging_mixin.py:149} INFO - [2025-09-13T08:17:04.171+0000] {dagbag.py:541} INFO - Filling up the DagBag from /home/airflow/.local/lib/python3.7/site-packages/airflow/example_dags/example_xcom.py
[2025-09-13T08:17:04.179+0000] {processor.py:836} INFO - DAG(s) dict_keys(['example_xcom']) retrieved from /home/airflow/.local/lib/python3.7/site-packages/airflow/example_dags/example_xcom.py
[2025-09-13T08:17:04.212+0000] {logging_mixin.py:149} INFO - [2025-09-13T08:17:04.212+0000] {dag.py:2726} INFO - Sync 1 DAGs
[2025-09-13T08:17:04.240+0000] {logging_mixin.py:149} INFO - [2025-09-13T08:17:04.239+0000] {dag.py:3490} INFO - Setting next_dagrun for example_xcom to 2021-01-01T00:00:00+00:00, run_after=2021-01-01T00:00:00+00:00
[2025-09-13T08:17:04.263+0000] {processor.py:179} INFO - Processing /home/airflow/.local/lib/python3.7/site-packages/airflow/example_dags/example_xcom.py took 0.097 seconds
[2025-09-13T08:17:35.187+0000] {processor.py:157} INFO - Started process (PID=13756) to work on /home/airflow/.local/lib/python3.7/site-packages/airflow/example_dags/example_xcom.py
[2025-09-13T08:17:35.189+0000] {processor.py:826} INFO - Processing file /home/airflow/.local/lib/python3.7/site-packages/airflow/example_dags/example_xcom.py for tasks to queue
[2025-09-13T08:17:35.191+0000] {logging_mixin.py:149} INFO - [2025-09-13T08:17:35.191+0000] {dagbag.py:541} INFO - Filling up the DagBag from /home/airflow/.local/lib/python3.7/site-packages/airflow/example_dags/example_xcom.py
[2025-09-13T08:17:35.204+0000] {processor.py:836} INFO - DAG(s) dict_keys(['example_xcom']) retrieved from /home/airflow/.local/lib/python3.7/site-packages/airflow/example_dags/example_xcom.py
[2025-09-13T08:17:35.243+0000] {logging_mixin.py:149} INFO - [2025-09-13T08:17:35.243+0000] {dag.py:2726} INFO - Sync 1 DAGs
[2025-09-13T08:17:35.282+0000] {logging_mixin.py:149} INFO - [2025-09-13T08:17:35.282+0000] {dag.py:3490} INFO - Setting next_dagrun for example_xcom to 2021-01-01T00:00:00+00:00, run_after=2021-01-01T00:00:00+00:00
[2025-09-13T08:17:35.310+0000] {processor.py:179} INFO - Processing /home/airflow/.local/lib/python3.7/site-packages/airflow/example_dags/example_xcom.py took 0.127 seconds
[2025-09-13T08:18:06.062+0000] {processor.py:157} INFO - Started process (PID=14037) to work on /home/airflow/.local/lib/python3.7/site-packages/airflow/example_dags/example_xcom.py
[2025-09-13T08:18:06.063+0000] {processor.py:826} INFO - Processing file /home/airflow/.local/lib/python3.7/site-packages/airflow/example_dags/example_xcom.py for tasks to queue
[2025-09-13T08:18:06.064+0000] {logging_mixin.py:149} INFO - [2025-09-13T08:18:06.064+0000] {dagbag.py:541} INFO - Filling up the DagBag from /home/airflow/.local/lib/python3.7/site-packages/airflow/example_dags/example_xcom.py
[2025-09-13T08:18:06.072+0000] {processor.py:836} INFO - DAG(s) dict_keys(['example_xcom']) retrieved from /home/airflow/.local/lib/python3.7/site-packages/airflow/example_dags/example_xcom.py
[2025-09-13T08:18:06.101+0000] {logging_mixin.py:149} INFO - [2025-09-13T08:18:06.101+0000] {dag.py:2726} INFO - Sync 1 DAGs
[2025-09-13T08:18:06.130+0000] {logging_mixin.py:149} INFO - [2025-09-13T08:18:06.129+0000] {dag.py:3490} INFO - Setting next_dagrun for example_xcom to 2021-01-01T00:00:00+00:00, run_after=2021-01-01T00:00:00+00:00
[2025-09-13T08:18:06.150+0000] {processor.py:179} INFO - Processing /home/airflow/.local/lib/python3.7/site-packages/airflow/example_dags/example_xcom.py took 0.091 seconds
[2025-09-13T08:52:54.813+0000] {processor.py:157} INFO - Started process (PID=227) to work on /home/airflow/.local/lib/python3.7/site-packages/airflow/example_dags/example_xcom.py
[2025-09-13T08:52:54.817+0000] {processor.py:826} INFO - Processing file /home/airflow/.local/lib/python3.7/site-packages/airflow/example_dags/example_xcom.py for tasks to queue
[2025-09-13T08:52:54.821+0000] {logging_mixin.py:149} INFO - [2025-09-13T08:52:54.821+0000] {dagbag.py:541} INFO - Filling up the DagBag from /home/airflow/.local/lib/python3.7/site-packages/airflow/example_dags/example_xcom.py
[2025-09-13T08:52:54.849+0000] {processor.py:836} INFO - DAG(s) dict_keys(['example_xcom']) retrieved from /home/airflow/.local/lib/python3.7/site-packages/airflow/example_dags/example_xcom.py
[2025-09-13T08:52:54.945+0000] {logging_mixin.py:149} INFO - [2025-09-13T08:52:54.944+0000] {dag.py:2726} INFO - Sync 1 DAGs
[2025-09-13T08:52:55.053+0000] {logging_mixin.py:149} INFO - [2025-09-13T08:52:55.052+0000] {dag.py:3490} INFO - Setting next_dagrun for example_xcom to 2021-01-01T00:00:00+00:00, run_after=2021-01-01T00:00:00+00:00
[2025-09-13T08:52:55.150+0000] {processor.py:179} INFO - Processing /home/airflow/.local/lib/python3.7/site-packages/airflow/example_dags/example_xcom.py took 0.346 seconds
[2025-09-13T08:53:25.488+0000] {processor.py:157} INFO - Started process (PID=508) to work on /home/airflow/.local/lib/python3.7/site-packages/airflow/example_dags/example_xcom.py
[2025-09-13T08:53:25.489+0000] {processor.py:826} INFO - Processing file /home/airflow/.local/lib/python3.7/site-packages/airflow/example_dags/example_xcom.py for tasks to queue
[2025-09-13T08:53:25.490+0000] {logging_mixin.py:149} INFO - [2025-09-13T08:53:25.490+0000] {dagbag.py:541} INFO - Filling up the DagBag from /home/airflow/.local/lib/python3.7/site-packages/airflow/example_dags/example_xcom.py
[2025-09-13T08:53:25.499+0000] {processor.py:836} INFO - DAG(s) dict_keys(['example_xcom']) retrieved from /home/airflow/.local/lib/python3.7/site-packages/airflow/example_dags/example_xcom.py
[2025-09-13T08:53:25.532+0000] {logging_mixin.py:149} INFO - [2025-09-13T08:53:25.532+0000] {dag.py:2726} INFO - Sync 1 DAGs
[2025-09-13T08:53:25.560+0000] {logging_mixin.py:149} INFO - [2025-09-13T08:53:25.559+0000] {dag.py:3490} INFO - Setting next_dagrun for example_xcom to 2021-01-01T00:00:00+00:00, run_after=2021-01-01T00:00:00+00:00
[2025-09-13T08:53:25.697+0000] {processor.py:179} INFO - Processing /home/airflow/.local/lib/python3.7/site-packages/airflow/example_dags/example_xcom.py took 0.213 seconds
[2025-09-13T08:53:56.070+0000] {processor.py:157} INFO - Started process (PID=791) to work on /home/airflow/.local/lib/python3.7/site-packages/airflow/example_dags/example_xcom.py
[2025-09-13T08:53:56.071+0000] {processor.py:826} INFO - Processing file /home/airflow/.local/lib/python3.7/site-packages/airflow/example_dags/example_xcom.py for tasks to queue
[2025-09-13T08:53:56.072+0000] {logging_mixin.py:149} INFO - [2025-09-13T08:53:56.071+0000] {dagbag.py:541} INFO - Filling up the DagBag from /home/airflow/.local/lib/python3.7/site-packages/airflow/example_dags/example_xcom.py
[2025-09-13T08:53:56.079+0000] {processor.py:836} INFO - DAG(s) dict_keys(['example_xcom']) retrieved from /home/airflow/.local/lib/python3.7/site-packages/airflow/example_dags/example_xcom.py
[2025-09-13T08:53:56.109+0000] {logging_mixin.py:149} INFO - [2025-09-13T08:53:56.109+0000] {dag.py:2726} INFO - Sync 1 DAGs
[2025-09-13T08:53:56.138+0000] {logging_mixin.py:149} INFO - [2025-09-13T08:53:56.138+0000] {dag.py:3490} INFO - Setting next_dagrun for example_xcom to 2021-01-01T00:00:00+00:00, run_after=2021-01-01T00:00:00+00:00
[2025-09-13T08:53:56.157+0000] {processor.py:179} INFO - Processing /home/airflow/.local/lib/python3.7/site-packages/airflow/example_dags/example_xcom.py took 0.091 seconds
[2025-09-13T08:54:27.098+0000] {processor.py:157} INFO - Started process (PID=1070) to work on /home/airflow/.local/lib/python3.7/site-packages/airflow/example_dags/example_xcom.py
[2025-09-13T08:54:27.099+0000] {processor.py:826} INFO - Processing file /home/airflow/.local/lib/python3.7/site-packages/airflow/example_dags/example_xcom.py for tasks to queue
[2025-09-13T08:54:27.100+0000] {logging_mixin.py:149} INFO - [2025-09-13T08:54:27.100+0000] {dagbag.py:541} INFO - Filling up the DagBag from /home/airflow/.local/lib/python3.7/site-packages/airflow/example_dags/example_xcom.py
[2025-09-13T08:54:27.109+0000] {processor.py:836} INFO - DAG(s) dict_keys(['example_xcom']) retrieved from /home/airflow/.local/lib/python3.7/site-packages/airflow/example_dags/example_xcom.py
[2025-09-13T08:54:27.145+0000] {logging_mixin.py:149} INFO - [2025-09-13T08:54:27.145+0000] {dag.py:2726} INFO - Sync 1 DAGs
[2025-09-13T08:54:27.172+0000] {logging_mixin.py:149} INFO - [2025-09-13T08:54:27.172+0000] {dag.py:3490} INFO - Setting next_dagrun for example_xcom to 2021-01-01T00:00:00+00:00, run_after=2021-01-01T00:00:00+00:00
[2025-09-13T08:54:27.196+0000] {processor.py:179} INFO - Processing /home/airflow/.local/lib/python3.7/site-packages/airflow/example_dags/example_xcom.py took 0.101 seconds
[2025-09-13T08:54:58.202+0000] {processor.py:157} INFO - Started process (PID=1351) to work on /home/airflow/.local/lib/python3.7/site-packages/airflow/example_dags/example_xcom.py
[2025-09-13T08:54:58.203+0000] {processor.py:826} INFO - Processing file /home/airflow/.local/lib/python3.7/site-packages/airflow/example_dags/example_xcom.py for tasks to queue
[2025-09-13T08:54:58.203+0000] {logging_mixin.py:149} INFO - [2025-09-13T08:54:58.203+0000] {dagbag.py:541} INFO - Filling up the DagBag from /home/airflow/.local/lib/python3.7/site-packages/airflow/example_dags/example_xcom.py
[2025-09-13T08:54:58.212+0000] {processor.py:836} INFO - DAG(s) dict_keys(['example_xcom']) retrieved from /home/airflow/.local/lib/python3.7/site-packages/airflow/example_dags/example_xcom.py
[2025-09-13T08:54:58.241+0000] {logging_mixin.py:149} INFO - [2025-09-13T08:54:58.241+0000] {dag.py:2726} INFO - Sync 1 DAGs
[2025-09-13T08:54:58.270+0000] {logging_mixin.py:149} INFO - [2025-09-13T08:54:58.270+0000] {dag.py:3490} INFO - Setting next_dagrun for example_xcom to 2021-01-01T00:00:00+00:00, run_after=2021-01-01T00:00:00+00:00
[2025-09-13T08:54:58.295+0000] {processor.py:179} INFO - Processing /home/airflow/.local/lib/python3.7/site-packages/airflow/example_dags/example_xcom.py took 0.097 seconds
[2025-09-13T08:55:28.832+0000] {processor.py:157} INFO - Started process (PID=1634) to work on /home/airflow/.local/lib/python3.7/site-packages/airflow/example_dags/example_xcom.py
[2025-09-13T08:55:28.833+0000] {processor.py:826} INFO - Processing file /home/airflow/.local/lib/python3.7/site-packages/airflow/example_dags/example_xcom.py for tasks to queue
[2025-09-13T08:55:28.834+0000] {logging_mixin.py:149} INFO - [2025-09-13T08:55:28.834+0000] {dagbag.py:541} INFO - Filling up the DagBag from /home/airflow/.local/lib/python3.7/site-packages/airflow/example_dags/example_xcom.py
[2025-09-13T08:55:28.843+0000] {processor.py:836} INFO - DAG(s) dict_keys(['example_xcom']) retrieved from /home/airflow/.local/lib/python3.7/site-packages/airflow/example_dags/example_xcom.py
[2025-09-13T08:55:28.872+0000] {logging_mixin.py:149} INFO - [2025-09-13T08:55:28.872+0000] {dag.py:2726} INFO - Sync 1 DAGs
[2025-09-13T08:55:28.902+0000] {logging_mixin.py:149} INFO - [2025-09-13T08:55:28.902+0000] {dag.py:3490} INFO - Setting next_dagrun for example_xcom to 2021-01-01T00:00:00+00:00, run_after=2021-01-01T00:00:00+00:00
[2025-09-13T08:55:28.926+0000] {processor.py:179} INFO - Processing /home/airflow/.local/lib/python3.7/site-packages/airflow/example_dags/example_xcom.py took 0.098 seconds
[2025-09-13T08:55:59.967+0000] {processor.py:157} INFO - Started process (PID=1915) to work on /home/airflow/.local/lib/python3.7/site-packages/airflow/example_dags/example_xcom.py
[2025-09-13T08:55:59.968+0000] {processor.py:826} INFO - Processing file /home/airflow/.local/lib/python3.7/site-packages/airflow/example_dags/example_xcom.py for tasks to queue
[2025-09-13T08:55:59.969+0000] {logging_mixin.py:149} INFO - [2025-09-13T08:55:59.968+0000] {dagbag.py:541} INFO - Filling up the DagBag from /home/airflow/.local/lib/python3.7/site-packages/airflow/example_dags/example_xcom.py
[2025-09-13T08:55:59.976+0000] {processor.py:836} INFO - DAG(s) dict_keys(['example_xcom']) retrieved from /home/airflow/.local/lib/python3.7/site-packages/airflow/example_dags/example_xcom.py
[2025-09-13T08:56:00.004+0000] {logging_mixin.py:149} INFO - [2025-09-13T08:56:00.004+0000] {dag.py:2726} INFO - Sync 1 DAGs
[2025-09-13T08:56:00.032+0000] {logging_mixin.py:149} INFO - [2025-09-13T08:56:00.032+0000] {dag.py:3490} INFO - Setting next_dagrun for example_xcom to 2021-01-01T00:00:00+00:00, run_after=2021-01-01T00:00:00+00:00
[2025-09-13T08:56:00.055+0000] {processor.py:179} INFO - Processing /home/airflow/.local/lib/python3.7/site-packages/airflow/example_dags/example_xcom.py took 0.092 seconds
[2025-09-13T08:56:30.765+0000] {processor.py:157} INFO - Started process (PID=2194) to work on /home/airflow/.local/lib/python3.7/site-packages/airflow/example_dags/example_xcom.py
[2025-09-13T08:56:30.766+0000] {processor.py:826} INFO - Processing file /home/airflow/.local/lib/python3.7/site-packages/airflow/example_dags/example_xcom.py for tasks to queue
[2025-09-13T08:56:30.767+0000] {logging_mixin.py:149} INFO - [2025-09-13T08:56:30.767+0000] {dagbag.py:541} INFO - Filling up the DagBag from /home/airflow/.local/lib/python3.7/site-packages/airflow/example_dags/example_xcom.py
[2025-09-13T08:56:30.775+0000] {processor.py:836} INFO - DAG(s) dict_keys(['example_xcom']) retrieved from /home/airflow/.local/lib/python3.7/site-packages/airflow/example_dags/example_xcom.py
[2025-09-13T08:56:30.806+0000] {logging_mixin.py:149} INFO - [2025-09-13T08:56:30.806+0000] {dag.py:2726} INFO - Sync 1 DAGs
[2025-09-13T08:56:30.834+0000] {logging_mixin.py:149} INFO - [2025-09-13T08:56:30.834+0000] {dag.py:3490} INFO - Setting next_dagrun for example_xcom to 2021-01-01T00:00:00+00:00, run_after=2021-01-01T00:00:00+00:00
[2025-09-13T08:56:30.855+0000] {processor.py:179} INFO - Processing /home/airflow/.local/lib/python3.7/site-packages/airflow/example_dags/example_xcom.py took 0.094 seconds
[2025-09-13T08:57:01.867+0000] {processor.py:157} INFO - Started process (PID=2474) to work on /home/airflow/.local/lib/python3.7/site-packages/airflow/example_dags/example_xcom.py
[2025-09-13T08:57:01.868+0000] {processor.py:826} INFO - Processing file /home/airflow/.local/lib/python3.7/site-packages/airflow/example_dags/example_xcom.py for tasks to queue
[2025-09-13T08:57:01.868+0000] {logging_mixin.py:149} INFO - [2025-09-13T08:57:01.868+0000] {dagbag.py:541} INFO - Filling up the DagBag from /home/airflow/.local/lib/python3.7/site-packages/airflow/example_dags/example_xcom.py
[2025-09-13T08:57:01.877+0000] {processor.py:836} INFO - DAG(s) dict_keys(['example_xcom']) retrieved from /home/airflow/.local/lib/python3.7/site-packages/airflow/example_dags/example_xcom.py
[2025-09-13T08:57:01.905+0000] {logging_mixin.py:149} INFO - [2025-09-13T08:57:01.905+0000] {dag.py:2726} INFO - Sync 1 DAGs
[2025-09-13T08:57:01.939+0000] {logging_mixin.py:149} INFO - [2025-09-13T08:57:01.938+0000] {dag.py:3490} INFO - Setting next_dagrun for example_xcom to 2021-01-01T00:00:00+00:00, run_after=2021-01-01T00:00:00+00:00
[2025-09-13T08:57:01.962+0000] {processor.py:179} INFO - Processing /home/airflow/.local/lib/python3.7/site-packages/airflow/example_dags/example_xcom.py took 0.099 seconds
[2025-09-13T08:57:32.588+0000] {processor.py:157} INFO - Started process (PID=2757) to work on /home/airflow/.local/lib/python3.7/site-packages/airflow/example_dags/example_xcom.py
[2025-09-13T08:57:32.590+0000] {processor.py:826} INFO - Processing file /home/airflow/.local/lib/python3.7/site-packages/airflow/example_dags/example_xcom.py for tasks to queue
[2025-09-13T08:57:32.590+0000] {logging_mixin.py:149} INFO - [2025-09-13T08:57:32.590+0000] {dagbag.py:541} INFO - Filling up the DagBag from /home/airflow/.local/lib/python3.7/site-packages/airflow/example_dags/example_xcom.py
[2025-09-13T08:57:32.598+0000] {processor.py:836} INFO - DAG(s) dict_keys(['example_xcom']) retrieved from /home/airflow/.local/lib/python3.7/site-packages/airflow/example_dags/example_xcom.py
[2025-09-13T08:57:32.625+0000] {logging_mixin.py:149} INFO - [2025-09-13T08:57:32.625+0000] {dag.py:2726} INFO - Sync 1 DAGs
[2025-09-13T08:57:32.652+0000] {logging_mixin.py:149} INFO - [2025-09-13T08:57:32.652+0000] {dag.py:3490} INFO - Setting next_dagrun for example_xcom to 2021-01-01T00:00:00+00:00, run_after=2021-01-01T00:00:00+00:00
[2025-09-13T08:57:32.673+0000] {processor.py:179} INFO - Processing /home/airflow/.local/lib/python3.7/site-packages/airflow/example_dags/example_xcom.py took 0.088 seconds
[2025-09-13T08:58:03.441+0000] {processor.py:157} INFO - Started process (PID=3038) to work on /home/airflow/.local/lib/python3.7/site-packages/airflow/example_dags/example_xcom.py
[2025-09-13T08:58:03.461+0000] {processor.py:826} INFO - Processing file /home/airflow/.local/lib/python3.7/site-packages/airflow/example_dags/example_xcom.py for tasks to queue
[2025-09-13T08:58:03.463+0000] {logging_mixin.py:149} INFO - [2025-09-13T08:58:03.463+0000] {dagbag.py:541} INFO - Filling up the DagBag from /home/airflow/.local/lib/python3.7/site-packages/airflow/example_dags/example_xcom.py
[2025-09-13T08:58:03.473+0000] {processor.py:836} INFO - DAG(s) dict_keys(['example_xcom']) retrieved from /home/airflow/.local/lib/python3.7/site-packages/airflow/example_dags/example_xcom.py
[2025-09-13T08:58:03.501+0000] {logging_mixin.py:149} INFO - [2025-09-13T08:58:03.501+0000] {dag.py:2726} INFO - Sync 1 DAGs
[2025-09-13T08:58:03.529+0000] {logging_mixin.py:149} INFO - [2025-09-13T08:58:03.529+0000] {dag.py:3490} INFO - Setting next_dagrun for example_xcom to 2021-01-01T00:00:00+00:00, run_after=2021-01-01T00:00:00+00:00
[2025-09-13T08:58:03.550+0000] {processor.py:179} INFO - Processing /home/airflow/.local/lib/python3.7/site-packages/airflow/example_dags/example_xcom.py took 0.112 seconds
[2025-09-13T08:58:34.324+0000] {processor.py:157} INFO - Started process (PID=3318) to work on /home/airflow/.local/lib/python3.7/site-packages/airflow/example_dags/example_xcom.py
[2025-09-13T08:58:34.325+0000] {processor.py:826} INFO - Processing file /home/airflow/.local/lib/python3.7/site-packages/airflow/example_dags/example_xcom.py for tasks to queue
[2025-09-13T08:58:34.326+0000] {logging_mixin.py:149} INFO - [2025-09-13T08:58:34.326+0000] {dagbag.py:541} INFO - Filling up the DagBag from /home/airflow/.local/lib/python3.7/site-packages/airflow/example_dags/example_xcom.py
[2025-09-13T08:58:34.334+0000] {processor.py:836} INFO - DAG(s) dict_keys(['example_xcom']) retrieved from /home/airflow/.local/lib/python3.7/site-packages/airflow/example_dags/example_xcom.py
[2025-09-13T08:58:34.362+0000] {logging_mixin.py:149} INFO - [2025-09-13T08:58:34.362+0000] {dag.py:2726} INFO - Sync 1 DAGs
[2025-09-13T08:58:34.389+0000] {logging_mixin.py:149} INFO - [2025-09-13T08:58:34.389+0000] {dag.py:3490} INFO - Setting next_dagrun for example_xcom to 2021-01-01T00:00:00+00:00, run_after=2021-01-01T00:00:00+00:00
[2025-09-13T08:58:34.413+0000] {processor.py:179} INFO - Processing /home/airflow/.local/lib/python3.7/site-packages/airflow/example_dags/example_xcom.py took 0.092 seconds
[2025-09-13T08:59:05.318+0000] {processor.py:157} INFO - Started process (PID=3599) to work on /home/airflow/.local/lib/python3.7/site-packages/airflow/example_dags/example_xcom.py
[2025-09-13T08:59:05.321+0000] {processor.py:826} INFO - Processing file /home/airflow/.local/lib/python3.7/site-packages/airflow/example_dags/example_xcom.py for tasks to queue
[2025-09-13T08:59:05.321+0000] {logging_mixin.py:149} INFO - [2025-09-13T08:59:05.321+0000] {dagbag.py:541} INFO - Filling up the DagBag from /home/airflow/.local/lib/python3.7/site-packages/airflow/example_dags/example_xcom.py
[2025-09-13T08:59:05.329+0000] {processor.py:836} INFO - DAG(s) dict_keys(['example_xcom']) retrieved from /home/airflow/.local/lib/python3.7/site-packages/airflow/example_dags/example_xcom.py
[2025-09-13T08:59:05.357+0000] {logging_mixin.py:149} INFO - [2025-09-13T08:59:05.357+0000] {dag.py:2726} INFO - Sync 1 DAGs
[2025-09-13T08:59:05.386+0000] {logging_mixin.py:149} INFO - [2025-09-13T08:59:05.386+0000] {dag.py:3490} INFO - Setting next_dagrun for example_xcom to 2021-01-01T00:00:00+00:00, run_after=2021-01-01T00:00:00+00:00
[2025-09-13T08:59:05.407+0000] {processor.py:179} INFO - Processing /home/airflow/.local/lib/python3.7/site-packages/airflow/example_dags/example_xcom.py took 0.092 seconds
[2025-09-13T08:59:36.315+0000] {processor.py:157} INFO - Started process (PID=3882) to work on /home/airflow/.local/lib/python3.7/site-packages/airflow/example_dags/example_xcom.py
[2025-09-13T08:59:36.316+0000] {processor.py:826} INFO - Processing file /home/airflow/.local/lib/python3.7/site-packages/airflow/example_dags/example_xcom.py for tasks to queue
[2025-09-13T08:59:36.317+0000] {logging_mixin.py:149} INFO - [2025-09-13T08:59:36.316+0000] {dagbag.py:541} INFO - Filling up the DagBag from /home/airflow/.local/lib/python3.7/site-packages/airflow/example_dags/example_xcom.py
[2025-09-13T08:59:36.325+0000] {processor.py:836} INFO - DAG(s) dict_keys(['example_xcom']) retrieved from /home/airflow/.local/lib/python3.7/site-packages/airflow/example_dags/example_xcom.py
[2025-09-13T08:59:36.361+0000] {logging_mixin.py:149} INFO - [2025-09-13T08:59:36.361+0000] {dag.py:2726} INFO - Sync 1 DAGs
[2025-09-13T08:59:36.388+0000] {logging_mixin.py:149} INFO - [2025-09-13T08:59:36.388+0000] {dag.py:3490} INFO - Setting next_dagrun for example_xcom to 2021-01-01T00:00:00+00:00, run_after=2021-01-01T00:00:00+00:00
[2025-09-13T08:59:36.408+0000] {processor.py:179} INFO - Processing /home/airflow/.local/lib/python3.7/site-packages/airflow/example_dags/example_xcom.py took 0.097 seconds
[2025-09-13T09:00:07.205+0000] {processor.py:157} INFO - Started process (PID=4163) to work on /home/airflow/.local/lib/python3.7/site-packages/airflow/example_dags/example_xcom.py
[2025-09-13T09:00:07.206+0000] {processor.py:826} INFO - Processing file /home/airflow/.local/lib/python3.7/site-packages/airflow/example_dags/example_xcom.py for tasks to queue
[2025-09-13T09:00:07.207+0000] {logging_mixin.py:149} INFO - [2025-09-13T09:00:07.207+0000] {dagbag.py:541} INFO - Filling up the DagBag from /home/airflow/.local/lib/python3.7/site-packages/airflow/example_dags/example_xcom.py
[2025-09-13T09:00:07.215+0000] {processor.py:836} INFO - DAG(s) dict_keys(['example_xcom']) retrieved from /home/airflow/.local/lib/python3.7/site-packages/airflow/example_dags/example_xcom.py
[2025-09-13T09:00:07.243+0000] {logging_mixin.py:149} INFO - [2025-09-13T09:00:07.243+0000] {dag.py:2726} INFO - Sync 1 DAGs
[2025-09-13T09:00:07.270+0000] {logging_mixin.py:149} INFO - [2025-09-13T09:00:07.270+0000] {dag.py:3490} INFO - Setting next_dagrun for example_xcom to 2021-01-01T00:00:00+00:00, run_after=2021-01-01T00:00:00+00:00
[2025-09-13T09:00:07.291+0000] {processor.py:179} INFO - Processing /home/airflow/.local/lib/python3.7/site-packages/airflow/example_dags/example_xcom.py took 0.089 seconds
[2025-09-13T09:00:37.884+0000] {processor.py:157} INFO - Started process (PID=4445) to work on /home/airflow/.local/lib/python3.7/site-packages/airflow/example_dags/example_xcom.py
[2025-09-13T09:00:37.885+0000] {processor.py:826} INFO - Processing file /home/airflow/.local/lib/python3.7/site-packages/airflow/example_dags/example_xcom.py for tasks to queue
[2025-09-13T09:00:37.886+0000] {logging_mixin.py:149} INFO - [2025-09-13T09:00:37.886+0000] {dagbag.py:541} INFO - Filling up the DagBag from /home/airflow/.local/lib/python3.7/site-packages/airflow/example_dags/example_xcom.py
[2025-09-13T09:00:37.894+0000] {processor.py:836} INFO - DAG(s) dict_keys(['example_xcom']) retrieved from /home/airflow/.local/lib/python3.7/site-packages/airflow/example_dags/example_xcom.py
[2025-09-13T09:00:37.923+0000] {logging_mixin.py:149} INFO - [2025-09-13T09:00:37.923+0000] {dag.py:2726} INFO - Sync 1 DAGs
[2025-09-13T09:00:37.951+0000] {logging_mixin.py:149} INFO - [2025-09-13T09:00:37.951+0000] {dag.py:3490} INFO - Setting next_dagrun for example_xcom to 2021-01-01T00:00:00+00:00, run_after=2021-01-01T00:00:00+00:00
[2025-09-13T09:00:37.971+0000] {processor.py:179} INFO - Processing /home/airflow/.local/lib/python3.7/site-packages/airflow/example_dags/example_xcom.py took 0.090 seconds
[2025-09-13T09:01:08.696+0000] {processor.py:157} INFO - Started process (PID=4726) to work on /home/airflow/.local/lib/python3.7/site-packages/airflow/example_dags/example_xcom.py
[2025-09-13T09:01:08.697+0000] {processor.py:826} INFO - Processing file /home/airflow/.local/lib/python3.7/site-packages/airflow/example_dags/example_xcom.py for tasks to queue
[2025-09-13T09:01:08.697+0000] {logging_mixin.py:149} INFO - [2025-09-13T09:01:08.697+0000] {dagbag.py:541} INFO - Filling up the DagBag from /home/airflow/.local/lib/python3.7/site-packages/airflow/example_dags/example_xcom.py
[2025-09-13T09:01:08.705+0000] {processor.py:836} INFO - DAG(s) dict_keys(['example_xcom']) retrieved from /home/airflow/.local/lib/python3.7/site-packages/airflow/example_dags/example_xcom.py
[2025-09-13T09:01:08.733+0000] {logging_mixin.py:149} INFO - [2025-09-13T09:01:08.733+0000] {dag.py:2726} INFO - Sync 1 DAGs
[2025-09-13T09:01:08.759+0000] {logging_mixin.py:149} INFO - [2025-09-13T09:01:08.759+0000] {dag.py:3490} INFO - Setting next_dagrun for example_xcom to 2021-01-01T00:00:00+00:00, run_after=2021-01-01T00:00:00+00:00
[2025-09-13T09:01:08.779+0000] {processor.py:179} INFO - Processing /home/airflow/.local/lib/python3.7/site-packages/airflow/example_dags/example_xcom.py took 0.087 seconds
[2025-09-13T09:01:39.531+0000] {processor.py:157} INFO - Started process (PID=5005) to work on /home/airflow/.local/lib/python3.7/site-packages/airflow/example_dags/example_xcom.py
[2025-09-13T09:01:39.532+0000] {processor.py:826} INFO - Processing file /home/airflow/.local/lib/python3.7/site-packages/airflow/example_dags/example_xcom.py for tasks to queue
[2025-09-13T09:01:39.533+0000] {logging_mixin.py:149} INFO - [2025-09-13T09:01:39.533+0000] {dagbag.py:541} INFO - Filling up the DagBag from /home/airflow/.local/lib/python3.7/site-packages/airflow/example_dags/example_xcom.py
[2025-09-13T09:01:39.541+0000] {processor.py:836} INFO - DAG(s) dict_keys(['example_xcom']) retrieved from /home/airflow/.local/lib/python3.7/site-packages/airflow/example_dags/example_xcom.py
[2025-09-13T09:01:39.569+0000] {logging_mixin.py:149} INFO - [2025-09-13T09:01:39.569+0000] {dag.py:2726} INFO - Sync 1 DAGs
[2025-09-13T09:01:39.597+0000] {logging_mixin.py:149} INFO - [2025-09-13T09:01:39.597+0000] {dag.py:3490} INFO - Setting next_dagrun for example_xcom to 2021-01-01T00:00:00+00:00, run_after=2021-01-01T00:00:00+00:00
[2025-09-13T09:01:39.617+0000] {processor.py:179} INFO - Processing /home/airflow/.local/lib/python3.7/site-packages/airflow/example_dags/example_xcom.py took 0.089 seconds
[2025-09-13T09:02:10.565+0000] {processor.py:157} INFO - Started process (PID=5286) to work on /home/airflow/.local/lib/python3.7/site-packages/airflow/example_dags/example_xcom.py
[2025-09-13T09:02:10.566+0000] {processor.py:826} INFO - Processing file /home/airflow/.local/lib/python3.7/site-packages/airflow/example_dags/example_xcom.py for tasks to queue
[2025-09-13T09:02:10.567+0000] {logging_mixin.py:149} INFO - [2025-09-13T09:02:10.567+0000] {dagbag.py:541} INFO - Filling up the DagBag from /home/airflow/.local/lib/python3.7/site-packages/airflow/example_dags/example_xcom.py
[2025-09-13T09:02:10.575+0000] {processor.py:836} INFO - DAG(s) dict_keys(['example_xcom']) retrieved from /home/airflow/.local/lib/python3.7/site-packages/airflow/example_dags/example_xcom.py
[2025-09-13T09:02:10.604+0000] {logging_mixin.py:149} INFO - [2025-09-13T09:02:10.604+0000] {dag.py:2726} INFO - Sync 1 DAGs
[2025-09-13T09:02:10.631+0000] {logging_mixin.py:149} INFO - [2025-09-13T09:02:10.631+0000] {dag.py:3490} INFO - Setting next_dagrun for example_xcom to 2021-01-01T00:00:00+00:00, run_after=2021-01-01T00:00:00+00:00
[2025-09-13T09:02:10.652+0000] {processor.py:179} INFO - Processing /home/airflow/.local/lib/python3.7/site-packages/airflow/example_dags/example_xcom.py took 0.091 seconds
[2025-09-13T09:02:41.429+0000] {processor.py:157} INFO - Started process (PID=5567) to work on /home/airflow/.local/lib/python3.7/site-packages/airflow/example_dags/example_xcom.py
[2025-09-13T09:02:41.430+0000] {processor.py:826} INFO - Processing file /home/airflow/.local/lib/python3.7/site-packages/airflow/example_dags/example_xcom.py for tasks to queue
[2025-09-13T09:02:41.430+0000] {logging_mixin.py:149} INFO - [2025-09-13T09:02:41.430+0000] {dagbag.py:541} INFO - Filling up the DagBag from /home/airflow/.local/lib/python3.7/site-packages/airflow/example_dags/example_xcom.py
[2025-09-13T09:02:41.439+0000] {processor.py:836} INFO - DAG(s) dict_keys(['example_xcom']) retrieved from /home/airflow/.local/lib/python3.7/site-packages/airflow/example_dags/example_xcom.py
[2025-09-13T09:02:41.467+0000] {logging_mixin.py:149} INFO - [2025-09-13T09:02:41.467+0000] {dag.py:2726} INFO - Sync 1 DAGs
[2025-09-13T09:02:41.495+0000] {logging_mixin.py:149} INFO - [2025-09-13T09:02:41.495+0000] {dag.py:3490} INFO - Setting next_dagrun for example_xcom to 2021-01-01T00:00:00+00:00, run_after=2021-01-01T00:00:00+00:00
[2025-09-13T09:02:41.515+0000] {processor.py:179} INFO - Processing /home/airflow/.local/lib/python3.7/site-packages/airflow/example_dags/example_xcom.py took 0.090 seconds
[2025-09-13T09:03:12.293+0000] {processor.py:157} INFO - Started process (PID=5848) to work on /home/airflow/.local/lib/python3.7/site-packages/airflow/example_dags/example_xcom.py
[2025-09-13T09:03:12.294+0000] {processor.py:826} INFO - Processing file /home/airflow/.local/lib/python3.7/site-packages/airflow/example_dags/example_xcom.py for tasks to queue
[2025-09-13T09:03:12.295+0000] {logging_mixin.py:149} INFO - [2025-09-13T09:03:12.295+0000] {dagbag.py:541} INFO - Filling up the DagBag from /home/airflow/.local/lib/python3.7/site-packages/airflow/example_dags/example_xcom.py
[2025-09-13T09:03:12.303+0000] {processor.py:836} INFO - DAG(s) dict_keys(['example_xcom']) retrieved from /home/airflow/.local/lib/python3.7/site-packages/airflow/example_dags/example_xcom.py
[2025-09-13T09:03:12.330+0000] {logging_mixin.py:149} INFO - [2025-09-13T09:03:12.330+0000] {dag.py:2726} INFO - Sync 1 DAGs
[2025-09-13T09:03:12.358+0000] {logging_mixin.py:149} INFO - [2025-09-13T09:03:12.357+0000] {dag.py:3490} INFO - Setting next_dagrun for example_xcom to 2021-01-01T00:00:00+00:00, run_after=2021-01-01T00:00:00+00:00
[2025-09-13T09:03:12.382+0000] {processor.py:179} INFO - Processing /home/airflow/.local/lib/python3.7/site-packages/airflow/example_dags/example_xcom.py took 0.092 seconds
[2025-09-13T09:03:43.002+0000] {processor.py:157} INFO - Started process (PID=6130) to work on /home/airflow/.local/lib/python3.7/site-packages/airflow/example_dags/example_xcom.py
[2025-09-13T09:03:43.003+0000] {processor.py:826} INFO - Processing file /home/airflow/.local/lib/python3.7/site-packages/airflow/example_dags/example_xcom.py for tasks to queue
[2025-09-13T09:03:43.004+0000] {logging_mixin.py:149} INFO - [2025-09-13T09:03:43.003+0000] {dagbag.py:541} INFO - Filling up the DagBag from /home/airflow/.local/lib/python3.7/site-packages/airflow/example_dags/example_xcom.py
[2025-09-13T09:03:43.013+0000] {processor.py:836} INFO - DAG(s) dict_keys(['example_xcom']) retrieved from /home/airflow/.local/lib/python3.7/site-packages/airflow/example_dags/example_xcom.py
[2025-09-13T09:03:43.041+0000] {logging_mixin.py:149} INFO - [2025-09-13T09:03:43.041+0000] {dag.py:2726} INFO - Sync 1 DAGs
[2025-09-13T09:03:43.073+0000] {logging_mixin.py:149} INFO - [2025-09-13T09:03:43.073+0000] {dag.py:3490} INFO - Setting next_dagrun for example_xcom to 2021-01-01T00:00:00+00:00, run_after=2021-01-01T00:00:00+00:00
[2025-09-13T09:03:43.099+0000] {processor.py:179} INFO - Processing /home/airflow/.local/lib/python3.7/site-packages/airflow/example_dags/example_xcom.py took 0.100 seconds
