[2025-09-13T07:52:58.618+0000] {processor.py:157} INFO - Started process (PID=346) to work on /home/airflow/.local/lib/python3.7/site-packages/airflow/example_dags/example_params_ui_tutorial.py
[2025-09-13T07:52:58.621+0000] {processor.py:826} INFO - Processing file /home/airflow/.local/lib/python3.7/site-packages/airflow/example_dags/example_params_ui_tutorial.py for tasks to queue
[2025-09-13T07:52:58.624+0000] {logging_mixin.py:149} INFO - [2025-09-13T07:52:58.624+0000] {dagbag.py:541} INFO - Filling up the DagBag from /home/airflow/.local/lib/python3.7/site-packages/airflow/example_dags/example_params_ui_tutorial.py
[2025-09-13T07:52:58.725+0000] {processor.py:836} INFO - DAG(s) dict_keys(['example_params_ui_tutorial']) retrieved from /home/airflow/.local/lib/python3.7/site-packages/airflow/example_dags/example_params_ui_tutorial.py
[2025-09-13T07:52:59.189+0000] {logging_mixin.py:149} INFO - [2025-09-13T07:52:59.189+0000] {dag.py:2726} INFO - Sync 1 DAGs
[2025-09-13T07:52:59.619+0000] {logging_mixin.py:149} INFO - [2025-09-13T07:52:59.619+0000] {dag.py:3490} INFO - Setting next_dagrun for example_params_ui_tutorial to None, run_after=None
[2025-09-13T07:52:59.695+0000] {processor.py:179} INFO - Processing /home/airflow/.local/lib/python3.7/site-packages/airflow/example_dags/example_params_ui_tutorial.py took 1.084 seconds
[2025-09-13T07:53:29.935+0000] {processor.py:157} INFO - Started process (PID=633) to work on /home/airflow/.local/lib/python3.7/site-packages/airflow/example_dags/example_params_ui_tutorial.py
[2025-09-13T07:53:29.937+0000] {processor.py:826} INFO - Processing file /home/airflow/.local/lib/python3.7/site-packages/airflow/example_dags/example_params_ui_tutorial.py for tasks to queue
[2025-09-13T07:53:29.938+0000] {logging_mixin.py:149} INFO - [2025-09-13T07:53:29.937+0000] {dagbag.py:541} INFO - Filling up the DagBag from /home/airflow/.local/lib/python3.7/site-packages/airflow/example_dags/example_params_ui_tutorial.py
[2025-09-13T07:53:29.992+0000] {processor.py:836} INFO - DAG(s) dict_keys(['example_params_ui_tutorial']) retrieved from /home/airflow/.local/lib/python3.7/site-packages/airflow/example_dags/example_params_ui_tutorial.py
[2025-09-13T07:53:30.188+0000] {logging_mixin.py:149} INFO - [2025-09-13T07:53:30.188+0000] {dag.py:2726} INFO - Sync 1 DAGs
[2025-09-13T07:53:30.213+0000] {logging_mixin.py:149} INFO - [2025-09-13T07:53:30.212+0000] {dag.py:3490} INFO - Setting next_dagrun for example_params_ui_tutorial to None, run_after=None
[2025-09-13T07:53:30.236+0000] {processor.py:179} INFO - Processing /home/airflow/.local/lib/python3.7/site-packages/airflow/example_dags/example_params_ui_tutorial.py took 0.305 seconds
[2025-09-13T07:54:00.283+0000] {processor.py:157} INFO - Started process (PID=914) to work on /home/airflow/.local/lib/python3.7/site-packages/airflow/example_dags/example_params_ui_tutorial.py
[2025-09-13T07:54:00.284+0000] {processor.py:826} INFO - Processing file /home/airflow/.local/lib/python3.7/site-packages/airflow/example_dags/example_params_ui_tutorial.py for tasks to queue
[2025-09-13T07:54:00.285+0000] {logging_mixin.py:149} INFO - [2025-09-13T07:54:00.284+0000] {dagbag.py:541} INFO - Filling up the DagBag from /home/airflow/.local/lib/python3.7/site-packages/airflow/example_dags/example_params_ui_tutorial.py
[2025-09-13T07:54:00.330+0000] {processor.py:836} INFO - DAG(s) dict_keys(['example_params_ui_tutorial']) retrieved from /home/airflow/.local/lib/python3.7/site-packages/airflow/example_dags/example_params_ui_tutorial.py
[2025-09-13T07:54:00.402+0000] {logging_mixin.py:149} INFO - [2025-09-13T07:54:00.402+0000] {dag.py:2726} INFO - Sync 1 DAGs
[2025-09-13T07:54:00.429+0000] {logging_mixin.py:149} INFO - [2025-09-13T07:54:00.429+0000] {dag.py:3490} INFO - Setting next_dagrun for example_params_ui_tutorial to None, run_after=None
[2025-09-13T07:54:00.449+0000] {processor.py:179} INFO - Processing /home/airflow/.local/lib/python3.7/site-packages/airflow/example_dags/example_params_ui_tutorial.py took 0.170 seconds
[2025-09-13T07:54:30.945+0000] {processor.py:157} INFO - Started process (PID=1195) to work on /home/airflow/.local/lib/python3.7/site-packages/airflow/example_dags/example_params_ui_tutorial.py
[2025-09-13T07:54:30.947+0000] {processor.py:826} INFO - Processing file /home/airflow/.local/lib/python3.7/site-packages/airflow/example_dags/example_params_ui_tutorial.py for tasks to queue
[2025-09-13T07:54:30.948+0000] {logging_mixin.py:149} INFO - [2025-09-13T07:54:30.948+0000] {dagbag.py:541} INFO - Filling up the DagBag from /home/airflow/.local/lib/python3.7/site-packages/airflow/example_dags/example_params_ui_tutorial.py
[2025-09-13T07:54:30.997+0000] {processor.py:836} INFO - DAG(s) dict_keys(['example_params_ui_tutorial']) retrieved from /home/airflow/.local/lib/python3.7/site-packages/airflow/example_dags/example_params_ui_tutorial.py
[2025-09-13T07:54:31.073+0000] {logging_mixin.py:149} INFO - [2025-09-13T07:54:31.072+0000] {dag.py:2726} INFO - Sync 1 DAGs
[2025-09-13T07:54:31.103+0000] {logging_mixin.py:149} INFO - [2025-09-13T07:54:31.102+0000] {dag.py:3490} INFO - Setting next_dagrun for example_params_ui_tutorial to None, run_after=None
[2025-09-13T07:54:31.123+0000] {processor.py:179} INFO - Processing /home/airflow/.local/lib/python3.7/site-packages/airflow/example_dags/example_params_ui_tutorial.py took 0.182 seconds
[2025-09-13T07:55:01.749+0000] {processor.py:157} INFO - Started process (PID=1476) to work on /home/airflow/.local/lib/python3.7/site-packages/airflow/example_dags/example_params_ui_tutorial.py
[2025-09-13T07:55:01.750+0000] {processor.py:826} INFO - Processing file /home/airflow/.local/lib/python3.7/site-packages/airflow/example_dags/example_params_ui_tutorial.py for tasks to queue
[2025-09-13T07:55:01.751+0000] {logging_mixin.py:149} INFO - [2025-09-13T07:55:01.751+0000] {dagbag.py:541} INFO - Filling up the DagBag from /home/airflow/.local/lib/python3.7/site-packages/airflow/example_dags/example_params_ui_tutorial.py
[2025-09-13T07:55:01.797+0000] {processor.py:836} INFO - DAG(s) dict_keys(['example_params_ui_tutorial']) retrieved from /home/airflow/.local/lib/python3.7/site-packages/airflow/example_dags/example_params_ui_tutorial.py
[2025-09-13T07:55:01.871+0000] {logging_mixin.py:149} INFO - [2025-09-13T07:55:01.871+0000] {dag.py:2726} INFO - Sync 1 DAGs
[2025-09-13T07:55:01.899+0000] {logging_mixin.py:149} INFO - [2025-09-13T07:55:01.899+0000] {dag.py:3490} INFO - Setting next_dagrun for example_params_ui_tutorial to None, run_after=None
[2025-09-13T07:55:01.920+0000] {processor.py:179} INFO - Processing /home/airflow/.local/lib/python3.7/site-packages/airflow/example_dags/example_params_ui_tutorial.py took 0.175 seconds
[2025-09-13T07:55:32.452+0000] {processor.py:157} INFO - Started process (PID=1757) to work on /home/airflow/.local/lib/python3.7/site-packages/airflow/example_dags/example_params_ui_tutorial.py
[2025-09-13T07:55:32.453+0000] {processor.py:826} INFO - Processing file /home/airflow/.local/lib/python3.7/site-packages/airflow/example_dags/example_params_ui_tutorial.py for tasks to queue
[2025-09-13T07:55:32.455+0000] {logging_mixin.py:149} INFO - [2025-09-13T07:55:32.454+0000] {dagbag.py:541} INFO - Filling up the DagBag from /home/airflow/.local/lib/python3.7/site-packages/airflow/example_dags/example_params_ui_tutorial.py
[2025-09-13T07:55:32.514+0000] {processor.py:836} INFO - DAG(s) dict_keys(['example_params_ui_tutorial']) retrieved from /home/airflow/.local/lib/python3.7/site-packages/airflow/example_dags/example_params_ui_tutorial.py
[2025-09-13T07:55:32.590+0000] {logging_mixin.py:149} INFO - [2025-09-13T07:55:32.590+0000] {dag.py:2726} INFO - Sync 1 DAGs
[2025-09-13T07:55:32.618+0000] {logging_mixin.py:149} INFO - [2025-09-13T07:55:32.618+0000] {dag.py:3490} INFO - Setting next_dagrun for example_params_ui_tutorial to None, run_after=None
[2025-09-13T07:55:32.641+0000] {processor.py:179} INFO - Processing /home/airflow/.local/lib/python3.7/site-packages/airflow/example_dags/example_params_ui_tutorial.py took 0.194 seconds
[2025-09-13T07:56:03.249+0000] {processor.py:157} INFO - Started process (PID=2038) to work on /home/airflow/.local/lib/python3.7/site-packages/airflow/example_dags/example_params_ui_tutorial.py
[2025-09-13T07:56:03.253+0000] {processor.py:826} INFO - Processing file /home/airflow/.local/lib/python3.7/site-packages/airflow/example_dags/example_params_ui_tutorial.py for tasks to queue
[2025-09-13T07:56:03.254+0000] {logging_mixin.py:149} INFO - [2025-09-13T07:56:03.254+0000] {dagbag.py:541} INFO - Filling up the DagBag from /home/airflow/.local/lib/python3.7/site-packages/airflow/example_dags/example_params_ui_tutorial.py
[2025-09-13T07:56:03.299+0000] {processor.py:836} INFO - DAG(s) dict_keys(['example_params_ui_tutorial']) retrieved from /home/airflow/.local/lib/python3.7/site-packages/airflow/example_dags/example_params_ui_tutorial.py
[2025-09-13T07:56:03.380+0000] {logging_mixin.py:149} INFO - [2025-09-13T07:56:03.380+0000] {dag.py:2726} INFO - Sync 1 DAGs
[2025-09-13T07:56:03.409+0000] {logging_mixin.py:149} INFO - [2025-09-13T07:56:03.409+0000] {dag.py:3490} INFO - Setting next_dagrun for example_params_ui_tutorial to None, run_after=None
[2025-09-13T07:56:03.431+0000] {processor.py:179} INFO - Processing /home/airflow/.local/lib/python3.7/site-packages/airflow/example_dags/example_params_ui_tutorial.py took 0.186 seconds
[2025-09-13T07:56:33.946+0000] {processor.py:157} INFO - Started process (PID=2319) to work on /home/airflow/.local/lib/python3.7/site-packages/airflow/example_dags/example_params_ui_tutorial.py
[2025-09-13T07:56:33.947+0000] {processor.py:826} INFO - Processing file /home/airflow/.local/lib/python3.7/site-packages/airflow/example_dags/example_params_ui_tutorial.py for tasks to queue
[2025-09-13T07:56:33.949+0000] {logging_mixin.py:149} INFO - [2025-09-13T07:56:33.948+0000] {dagbag.py:541} INFO - Filling up the DagBag from /home/airflow/.local/lib/python3.7/site-packages/airflow/example_dags/example_params_ui_tutorial.py
[2025-09-13T07:56:33.995+0000] {processor.py:836} INFO - DAG(s) dict_keys(['example_params_ui_tutorial']) retrieved from /home/airflow/.local/lib/python3.7/site-packages/airflow/example_dags/example_params_ui_tutorial.py
[2025-09-13T07:56:34.071+0000] {logging_mixin.py:149} INFO - [2025-09-13T07:56:34.070+0000] {dag.py:2726} INFO - Sync 1 DAGs
[2025-09-13T07:56:34.098+0000] {logging_mixin.py:149} INFO - [2025-09-13T07:56:34.098+0000] {dag.py:3490} INFO - Setting next_dagrun for example_params_ui_tutorial to None, run_after=None
[2025-09-13T07:56:34.121+0000] {processor.py:179} INFO - Processing /home/airflow/.local/lib/python3.7/site-packages/airflow/example_dags/example_params_ui_tutorial.py took 0.179 seconds
[2025-09-13T07:57:04.767+0000] {processor.py:157} INFO - Started process (PID=2600) to work on /home/airflow/.local/lib/python3.7/site-packages/airflow/example_dags/example_params_ui_tutorial.py
[2025-09-13T07:57:04.768+0000] {processor.py:826} INFO - Processing file /home/airflow/.local/lib/python3.7/site-packages/airflow/example_dags/example_params_ui_tutorial.py for tasks to queue
[2025-09-13T07:57:04.769+0000] {logging_mixin.py:149} INFO - [2025-09-13T07:57:04.769+0000] {dagbag.py:541} INFO - Filling up the DagBag from /home/airflow/.local/lib/python3.7/site-packages/airflow/example_dags/example_params_ui_tutorial.py
[2025-09-13T07:57:04.822+0000] {processor.py:836} INFO - DAG(s) dict_keys(['example_params_ui_tutorial']) retrieved from /home/airflow/.local/lib/python3.7/site-packages/airflow/example_dags/example_params_ui_tutorial.py
[2025-09-13T07:57:04.906+0000] {logging_mixin.py:149} INFO - [2025-09-13T07:57:04.906+0000] {dag.py:2726} INFO - Sync 1 DAGs
[2025-09-13T07:57:04.935+0000] {logging_mixin.py:149} INFO - [2025-09-13T07:57:04.935+0000] {dag.py:3490} INFO - Setting next_dagrun for example_params_ui_tutorial to None, run_after=None
[2025-09-13T07:57:04.961+0000] {processor.py:179} INFO - Processing /home/airflow/.local/lib/python3.7/site-packages/airflow/example_dags/example_params_ui_tutorial.py took 0.199 seconds
[2025-09-13T07:57:35.395+0000] {processor.py:157} INFO - Started process (PID=2881) to work on /home/airflow/.local/lib/python3.7/site-packages/airflow/example_dags/example_params_ui_tutorial.py
[2025-09-13T07:57:35.396+0000] {processor.py:826} INFO - Processing file /home/airflow/.local/lib/python3.7/site-packages/airflow/example_dags/example_params_ui_tutorial.py for tasks to queue
[2025-09-13T07:57:35.397+0000] {logging_mixin.py:149} INFO - [2025-09-13T07:57:35.397+0000] {dagbag.py:541} INFO - Filling up the DagBag from /home/airflow/.local/lib/python3.7/site-packages/airflow/example_dags/example_params_ui_tutorial.py
[2025-09-13T07:57:35.442+0000] {processor.py:836} INFO - DAG(s) dict_keys(['example_params_ui_tutorial']) retrieved from /home/airflow/.local/lib/python3.7/site-packages/airflow/example_dags/example_params_ui_tutorial.py
[2025-09-13T07:57:35.520+0000] {logging_mixin.py:149} INFO - [2025-09-13T07:57:35.520+0000] {dag.py:2726} INFO - Sync 1 DAGs
[2025-09-13T07:57:35.549+0000] {logging_mixin.py:149} INFO - [2025-09-13T07:57:35.548+0000] {dag.py:3490} INFO - Setting next_dagrun for example_params_ui_tutorial to None, run_after=None
[2025-09-13T07:57:35.569+0000] {processor.py:179} INFO - Processing /home/airflow/.local/lib/python3.7/site-packages/airflow/example_dags/example_params_ui_tutorial.py took 0.178 seconds
[2025-09-13T07:58:05.984+0000] {processor.py:157} INFO - Started process (PID=3162) to work on /home/airflow/.local/lib/python3.7/site-packages/airflow/example_dags/example_params_ui_tutorial.py
[2025-09-13T07:58:05.985+0000] {processor.py:826} INFO - Processing file /home/airflow/.local/lib/python3.7/site-packages/airflow/example_dags/example_params_ui_tutorial.py for tasks to queue
[2025-09-13T07:58:05.986+0000] {logging_mixin.py:149} INFO - [2025-09-13T07:58:05.986+0000] {dagbag.py:541} INFO - Filling up the DagBag from /home/airflow/.local/lib/python3.7/site-packages/airflow/example_dags/example_params_ui_tutorial.py
[2025-09-13T07:58:06.033+0000] {processor.py:836} INFO - DAG(s) dict_keys(['example_params_ui_tutorial']) retrieved from /home/airflow/.local/lib/python3.7/site-packages/airflow/example_dags/example_params_ui_tutorial.py
[2025-09-13T07:58:06.113+0000] {logging_mixin.py:149} INFO - [2025-09-13T07:58:06.112+0000] {dag.py:2726} INFO - Sync 1 DAGs
[2025-09-13T07:58:06.140+0000] {logging_mixin.py:149} INFO - [2025-09-13T07:58:06.140+0000] {dag.py:3490} INFO - Setting next_dagrun for example_params_ui_tutorial to None, run_after=None
[2025-09-13T07:58:06.162+0000] {processor.py:179} INFO - Processing /home/airflow/.local/lib/python3.7/site-packages/airflow/example_dags/example_params_ui_tutorial.py took 0.182 seconds
[2025-09-13T07:58:36.982+0000] {processor.py:157} INFO - Started process (PID=3443) to work on /home/airflow/.local/lib/python3.7/site-packages/airflow/example_dags/example_params_ui_tutorial.py
[2025-09-13T07:58:36.984+0000] {processor.py:826} INFO - Processing file /home/airflow/.local/lib/python3.7/site-packages/airflow/example_dags/example_params_ui_tutorial.py for tasks to queue
[2025-09-13T07:58:36.985+0000] {logging_mixin.py:149} INFO - [2025-09-13T07:58:36.985+0000] {dagbag.py:541} INFO - Filling up the DagBag from /home/airflow/.local/lib/python3.7/site-packages/airflow/example_dags/example_params_ui_tutorial.py
[2025-09-13T07:58:37.048+0000] {processor.py:836} INFO - DAG(s) dict_keys(['example_params_ui_tutorial']) retrieved from /home/airflow/.local/lib/python3.7/site-packages/airflow/example_dags/example_params_ui_tutorial.py
[2025-09-13T07:58:37.138+0000] {logging_mixin.py:149} INFO - [2025-09-13T07:58:37.138+0000] {dag.py:2726} INFO - Sync 1 DAGs
[2025-09-13T07:58:37.166+0000] {logging_mixin.py:149} INFO - [2025-09-13T07:58:37.165+0000] {dag.py:3490} INFO - Setting next_dagrun for example_params_ui_tutorial to None, run_after=None
[2025-09-13T07:58:37.190+0000] {processor.py:179} INFO - Processing /home/airflow/.local/lib/python3.7/site-packages/airflow/example_dags/example_params_ui_tutorial.py took 0.215 seconds
[2025-09-13T07:59:07.810+0000] {processor.py:157} INFO - Started process (PID=3724) to work on /home/airflow/.local/lib/python3.7/site-packages/airflow/example_dags/example_params_ui_tutorial.py
[2025-09-13T07:59:07.812+0000] {processor.py:826} INFO - Processing file /home/airflow/.local/lib/python3.7/site-packages/airflow/example_dags/example_params_ui_tutorial.py for tasks to queue
[2025-09-13T07:59:07.814+0000] {logging_mixin.py:149} INFO - [2025-09-13T07:59:07.813+0000] {dagbag.py:541} INFO - Filling up the DagBag from /home/airflow/.local/lib/python3.7/site-packages/airflow/example_dags/example_params_ui_tutorial.py
[2025-09-13T07:59:07.863+0000] {processor.py:836} INFO - DAG(s) dict_keys(['example_params_ui_tutorial']) retrieved from /home/airflow/.local/lib/python3.7/site-packages/airflow/example_dags/example_params_ui_tutorial.py
[2025-09-13T07:59:07.941+0000] {logging_mixin.py:149} INFO - [2025-09-13T07:59:07.941+0000] {dag.py:2726} INFO - Sync 1 DAGs
[2025-09-13T07:59:07.970+0000] {logging_mixin.py:149} INFO - [2025-09-13T07:59:07.970+0000] {dag.py:3490} INFO - Setting next_dagrun for example_params_ui_tutorial to None, run_after=None
[2025-09-13T07:59:07.993+0000] {processor.py:179} INFO - Processing /home/airflow/.local/lib/python3.7/site-packages/airflow/example_dags/example_params_ui_tutorial.py took 0.188 seconds
[2025-09-13T07:59:38.671+0000] {processor.py:157} INFO - Started process (PID=4005) to work on /home/airflow/.local/lib/python3.7/site-packages/airflow/example_dags/example_params_ui_tutorial.py
[2025-09-13T07:59:38.672+0000] {processor.py:826} INFO - Processing file /home/airflow/.local/lib/python3.7/site-packages/airflow/example_dags/example_params_ui_tutorial.py for tasks to queue
[2025-09-13T07:59:38.673+0000] {logging_mixin.py:149} INFO - [2025-09-13T07:59:38.672+0000] {dagbag.py:541} INFO - Filling up the DagBag from /home/airflow/.local/lib/python3.7/site-packages/airflow/example_dags/example_params_ui_tutorial.py
[2025-09-13T07:59:38.720+0000] {processor.py:836} INFO - DAG(s) dict_keys(['example_params_ui_tutorial']) retrieved from /home/airflow/.local/lib/python3.7/site-packages/airflow/example_dags/example_params_ui_tutorial.py
[2025-09-13T07:59:38.794+0000] {logging_mixin.py:149} INFO - [2025-09-13T07:59:38.794+0000] {dag.py:2726} INFO - Sync 1 DAGs
[2025-09-13T07:59:38.823+0000] {logging_mixin.py:149} INFO - [2025-09-13T07:59:38.823+0000] {dag.py:3490} INFO - Setting next_dagrun for example_params_ui_tutorial to None, run_after=None
[2025-09-13T07:59:38.845+0000] {processor.py:179} INFO - Processing /home/airflow/.local/lib/python3.7/site-packages/airflow/example_dags/example_params_ui_tutorial.py took 0.177 seconds
[2025-09-13T08:00:09.471+0000] {processor.py:157} INFO - Started process (PID=4286) to work on /home/airflow/.local/lib/python3.7/site-packages/airflow/example_dags/example_params_ui_tutorial.py
[2025-09-13T08:00:09.473+0000] {processor.py:826} INFO - Processing file /home/airflow/.local/lib/python3.7/site-packages/airflow/example_dags/example_params_ui_tutorial.py for tasks to queue
[2025-09-13T08:00:09.475+0000] {logging_mixin.py:149} INFO - [2025-09-13T08:00:09.474+0000] {dagbag.py:541} INFO - Filling up the DagBag from /home/airflow/.local/lib/python3.7/site-packages/airflow/example_dags/example_params_ui_tutorial.py
[2025-09-13T08:00:09.524+0000] {processor.py:836} INFO - DAG(s) dict_keys(['example_params_ui_tutorial']) retrieved from /home/airflow/.local/lib/python3.7/site-packages/airflow/example_dags/example_params_ui_tutorial.py
[2025-09-13T08:00:09.594+0000] {logging_mixin.py:149} INFO - [2025-09-13T08:00:09.594+0000] {dag.py:2726} INFO - Sync 1 DAGs
[2025-09-13T08:00:09.627+0000] {logging_mixin.py:149} INFO - [2025-09-13T08:00:09.626+0000] {dag.py:3490} INFO - Setting next_dagrun for example_params_ui_tutorial to None, run_after=None
[2025-09-13T08:00:09.656+0000] {processor.py:179} INFO - Processing /home/airflow/.local/lib/python3.7/site-packages/airflow/example_dags/example_params_ui_tutorial.py took 0.190 seconds
[2025-09-13T08:00:40.350+0000] {processor.py:157} INFO - Started process (PID=4567) to work on /home/airflow/.local/lib/python3.7/site-packages/airflow/example_dags/example_params_ui_tutorial.py
[2025-09-13T08:00:40.352+0000] {processor.py:826} INFO - Processing file /home/airflow/.local/lib/python3.7/site-packages/airflow/example_dags/example_params_ui_tutorial.py for tasks to queue
[2025-09-13T08:00:40.353+0000] {logging_mixin.py:149} INFO - [2025-09-13T08:00:40.353+0000] {dagbag.py:541} INFO - Filling up the DagBag from /home/airflow/.local/lib/python3.7/site-packages/airflow/example_dags/example_params_ui_tutorial.py
[2025-09-13T08:00:40.400+0000] {processor.py:836} INFO - DAG(s) dict_keys(['example_params_ui_tutorial']) retrieved from /home/airflow/.local/lib/python3.7/site-packages/airflow/example_dags/example_params_ui_tutorial.py
[2025-09-13T08:00:40.473+0000] {logging_mixin.py:149} INFO - [2025-09-13T08:00:40.473+0000] {dag.py:2726} INFO - Sync 1 DAGs
[2025-09-13T08:00:40.501+0000] {logging_mixin.py:149} INFO - [2025-09-13T08:00:40.501+0000] {dag.py:3490} INFO - Setting next_dagrun for example_params_ui_tutorial to None, run_after=None
[2025-09-13T08:00:40.522+0000] {processor.py:179} INFO - Processing /home/airflow/.local/lib/python3.7/site-packages/airflow/example_dags/example_params_ui_tutorial.py took 0.177 seconds
[2025-09-13T08:01:11.050+0000] {processor.py:157} INFO - Started process (PID=4848) to work on /home/airflow/.local/lib/python3.7/site-packages/airflow/example_dags/example_params_ui_tutorial.py
[2025-09-13T08:01:11.051+0000] {processor.py:826} INFO - Processing file /home/airflow/.local/lib/python3.7/site-packages/airflow/example_dags/example_params_ui_tutorial.py for tasks to queue
[2025-09-13T08:01:11.052+0000] {logging_mixin.py:149} INFO - [2025-09-13T08:01:11.051+0000] {dagbag.py:541} INFO - Filling up the DagBag from /home/airflow/.local/lib/python3.7/site-packages/airflow/example_dags/example_params_ui_tutorial.py
[2025-09-13T08:01:11.098+0000] {processor.py:836} INFO - DAG(s) dict_keys(['example_params_ui_tutorial']) retrieved from /home/airflow/.local/lib/python3.7/site-packages/airflow/example_dags/example_params_ui_tutorial.py
[2025-09-13T08:01:11.177+0000] {logging_mixin.py:149} INFO - [2025-09-13T08:01:11.177+0000] {dag.py:2726} INFO - Sync 1 DAGs
[2025-09-13T08:01:11.206+0000] {logging_mixin.py:149} INFO - [2025-09-13T08:01:11.206+0000] {dag.py:3490} INFO - Setting next_dagrun for example_params_ui_tutorial to None, run_after=None
[2025-09-13T08:01:11.228+0000] {processor.py:179} INFO - Processing /home/airflow/.local/lib/python3.7/site-packages/airflow/example_dags/example_params_ui_tutorial.py took 0.182 seconds
[2025-09-13T08:01:42.239+0000] {processor.py:157} INFO - Started process (PID=5129) to work on /home/airflow/.local/lib/python3.7/site-packages/airflow/example_dags/example_params_ui_tutorial.py
[2025-09-13T08:01:42.241+0000] {processor.py:826} INFO - Processing file /home/airflow/.local/lib/python3.7/site-packages/airflow/example_dags/example_params_ui_tutorial.py for tasks to queue
[2025-09-13T08:01:42.245+0000] {logging_mixin.py:149} INFO - [2025-09-13T08:01:42.245+0000] {dagbag.py:541} INFO - Filling up the DagBag from /home/airflow/.local/lib/python3.7/site-packages/airflow/example_dags/example_params_ui_tutorial.py
[2025-09-13T08:01:42.292+0000] {processor.py:836} INFO - DAG(s) dict_keys(['example_params_ui_tutorial']) retrieved from /home/airflow/.local/lib/python3.7/site-packages/airflow/example_dags/example_params_ui_tutorial.py
[2025-09-13T08:01:42.366+0000] {logging_mixin.py:149} INFO - [2025-09-13T08:01:42.366+0000] {dag.py:2726} INFO - Sync 1 DAGs
[2025-09-13T08:01:42.398+0000] {logging_mixin.py:149} INFO - [2025-09-13T08:01:42.397+0000] {dag.py:3490} INFO - Setting next_dagrun for example_params_ui_tutorial to None, run_after=None
[2025-09-13T08:01:42.421+0000] {processor.py:179} INFO - Processing /home/airflow/.local/lib/python3.7/site-packages/airflow/example_dags/example_params_ui_tutorial.py took 0.187 seconds
[2025-09-13T08:02:12.963+0000] {processor.py:157} INFO - Started process (PID=5410) to work on /home/airflow/.local/lib/python3.7/site-packages/airflow/example_dags/example_params_ui_tutorial.py
[2025-09-13T08:02:12.964+0000] {processor.py:826} INFO - Processing file /home/airflow/.local/lib/python3.7/site-packages/airflow/example_dags/example_params_ui_tutorial.py for tasks to queue
[2025-09-13T08:02:12.965+0000] {logging_mixin.py:149} INFO - [2025-09-13T08:02:12.965+0000] {dagbag.py:541} INFO - Filling up the DagBag from /home/airflow/.local/lib/python3.7/site-packages/airflow/example_dags/example_params_ui_tutorial.py
[2025-09-13T08:02:13.012+0000] {processor.py:836} INFO - DAG(s) dict_keys(['example_params_ui_tutorial']) retrieved from /home/airflow/.local/lib/python3.7/site-packages/airflow/example_dags/example_params_ui_tutorial.py
[2025-09-13T08:02:13.115+0000] {logging_mixin.py:149} INFO - [2025-09-13T08:02:13.115+0000] {dag.py:2726} INFO - Sync 1 DAGs
[2025-09-13T08:02:13.157+0000] {logging_mixin.py:149} INFO - [2025-09-13T08:02:13.156+0000] {dag.py:3490} INFO - Setting next_dagrun for example_params_ui_tutorial to None, run_after=None
[2025-09-13T08:02:13.187+0000] {processor.py:179} INFO - Processing /home/airflow/.local/lib/python3.7/site-packages/airflow/example_dags/example_params_ui_tutorial.py took 0.228 seconds
[2025-09-13T08:02:43.835+0000] {processor.py:157} INFO - Started process (PID=5691) to work on /home/airflow/.local/lib/python3.7/site-packages/airflow/example_dags/example_params_ui_tutorial.py
[2025-09-13T08:02:43.836+0000] {processor.py:826} INFO - Processing file /home/airflow/.local/lib/python3.7/site-packages/airflow/example_dags/example_params_ui_tutorial.py for tasks to queue
[2025-09-13T08:02:43.837+0000] {logging_mixin.py:149} INFO - [2025-09-13T08:02:43.837+0000] {dagbag.py:541} INFO - Filling up the DagBag from /home/airflow/.local/lib/python3.7/site-packages/airflow/example_dags/example_params_ui_tutorial.py
[2025-09-13T08:02:43.885+0000] {processor.py:836} INFO - DAG(s) dict_keys(['example_params_ui_tutorial']) retrieved from /home/airflow/.local/lib/python3.7/site-packages/airflow/example_dags/example_params_ui_tutorial.py
[2025-09-13T08:02:43.973+0000] {logging_mixin.py:149} INFO - [2025-09-13T08:02:43.973+0000] {dag.py:2726} INFO - Sync 1 DAGs
[2025-09-13T08:02:44.020+0000] {logging_mixin.py:149} INFO - [2025-09-13T08:02:44.020+0000] {dag.py:3490} INFO - Setting next_dagrun for example_params_ui_tutorial to None, run_after=None
[2025-09-13T08:02:44.050+0000] {processor.py:179} INFO - Processing /home/airflow/.local/lib/python3.7/site-packages/airflow/example_dags/example_params_ui_tutorial.py took 0.220 seconds
[2025-09-13T08:03:14.903+0000] {processor.py:157} INFO - Started process (PID=5972) to work on /home/airflow/.local/lib/python3.7/site-packages/airflow/example_dags/example_params_ui_tutorial.py
[2025-09-13T08:03:14.904+0000] {processor.py:826} INFO - Processing file /home/airflow/.local/lib/python3.7/site-packages/airflow/example_dags/example_params_ui_tutorial.py for tasks to queue
[2025-09-13T08:03:14.905+0000] {logging_mixin.py:149} INFO - [2025-09-13T08:03:14.905+0000] {dagbag.py:541} INFO - Filling up the DagBag from /home/airflow/.local/lib/python3.7/site-packages/airflow/example_dags/example_params_ui_tutorial.py
[2025-09-13T08:03:14.953+0000] {processor.py:836} INFO - DAG(s) dict_keys(['example_params_ui_tutorial']) retrieved from /home/airflow/.local/lib/python3.7/site-packages/airflow/example_dags/example_params_ui_tutorial.py
[2025-09-13T08:03:15.033+0000] {logging_mixin.py:149} INFO - [2025-09-13T08:03:15.032+0000] {dag.py:2726} INFO - Sync 1 DAGs
[2025-09-13T08:03:15.063+0000] {logging_mixin.py:149} INFO - [2025-09-13T08:03:15.062+0000] {dag.py:3490} INFO - Setting next_dagrun for example_params_ui_tutorial to None, run_after=None
[2025-09-13T08:03:15.085+0000] {processor.py:179} INFO - Processing /home/airflow/.local/lib/python3.7/site-packages/airflow/example_dags/example_params_ui_tutorial.py took 0.185 seconds
[2025-09-13T08:03:45.822+0000] {processor.py:157} INFO - Started process (PID=6253) to work on /home/airflow/.local/lib/python3.7/site-packages/airflow/example_dags/example_params_ui_tutorial.py
[2025-09-13T08:03:45.823+0000] {processor.py:826} INFO - Processing file /home/airflow/.local/lib/python3.7/site-packages/airflow/example_dags/example_params_ui_tutorial.py for tasks to queue
[2025-09-13T08:03:45.824+0000] {logging_mixin.py:149} INFO - [2025-09-13T08:03:45.824+0000] {dagbag.py:541} INFO - Filling up the DagBag from /home/airflow/.local/lib/python3.7/site-packages/airflow/example_dags/example_params_ui_tutorial.py
[2025-09-13T08:03:45.870+0000] {processor.py:836} INFO - DAG(s) dict_keys(['example_params_ui_tutorial']) retrieved from /home/airflow/.local/lib/python3.7/site-packages/airflow/example_dags/example_params_ui_tutorial.py
[2025-09-13T08:03:45.948+0000] {logging_mixin.py:149} INFO - [2025-09-13T08:03:45.947+0000] {dag.py:2726} INFO - Sync 1 DAGs
[2025-09-13T08:03:45.976+0000] {logging_mixin.py:149} INFO - [2025-09-13T08:03:45.975+0000] {dag.py:3490} INFO - Setting next_dagrun for example_params_ui_tutorial to None, run_after=None
[2025-09-13T08:03:46.000+0000] {processor.py:179} INFO - Processing /home/airflow/.local/lib/python3.7/site-packages/airflow/example_dags/example_params_ui_tutorial.py took 0.182 seconds
[2025-09-13T08:04:16.810+0000] {processor.py:157} INFO - Started process (PID=6534) to work on /home/airflow/.local/lib/python3.7/site-packages/airflow/example_dags/example_params_ui_tutorial.py
[2025-09-13T08:04:16.812+0000] {processor.py:826} INFO - Processing file /home/airflow/.local/lib/python3.7/site-packages/airflow/example_dags/example_params_ui_tutorial.py for tasks to queue
[2025-09-13T08:04:16.813+0000] {logging_mixin.py:149} INFO - [2025-09-13T08:04:16.813+0000] {dagbag.py:541} INFO - Filling up the DagBag from /home/airflow/.local/lib/python3.7/site-packages/airflow/example_dags/example_params_ui_tutorial.py
[2025-09-13T08:04:16.864+0000] {processor.py:836} INFO - DAG(s) dict_keys(['example_params_ui_tutorial']) retrieved from /home/airflow/.local/lib/python3.7/site-packages/airflow/example_dags/example_params_ui_tutorial.py
[2025-09-13T08:04:16.946+0000] {logging_mixin.py:149} INFO - [2025-09-13T08:04:16.945+0000] {dag.py:2726} INFO - Sync 1 DAGs
[2025-09-13T08:04:16.976+0000] {logging_mixin.py:149} INFO - [2025-09-13T08:04:16.975+0000] {dag.py:3490} INFO - Setting next_dagrun for example_params_ui_tutorial to None, run_after=None
[2025-09-13T08:04:16.996+0000] {processor.py:179} INFO - Processing /home/airflow/.local/lib/python3.7/site-packages/airflow/example_dags/example_params_ui_tutorial.py took 0.192 seconds
[2025-09-13T08:04:47.080+0000] {processor.py:157} INFO - Started process (PID=6815) to work on /home/airflow/.local/lib/python3.7/site-packages/airflow/example_dags/example_params_ui_tutorial.py
[2025-09-13T08:04:47.082+0000] {processor.py:826} INFO - Processing file /home/airflow/.local/lib/python3.7/site-packages/airflow/example_dags/example_params_ui_tutorial.py for tasks to queue
[2025-09-13T08:04:47.083+0000] {logging_mixin.py:149} INFO - [2025-09-13T08:04:47.083+0000] {dagbag.py:541} INFO - Filling up the DagBag from /home/airflow/.local/lib/python3.7/site-packages/airflow/example_dags/example_params_ui_tutorial.py
[2025-09-13T08:04:47.144+0000] {processor.py:836} INFO - DAG(s) dict_keys(['example_params_ui_tutorial']) retrieved from /home/airflow/.local/lib/python3.7/site-packages/airflow/example_dags/example_params_ui_tutorial.py
[2025-09-13T08:04:47.229+0000] {logging_mixin.py:149} INFO - [2025-09-13T08:04:47.229+0000] {dag.py:2726} INFO - Sync 1 DAGs
[2025-09-13T08:04:47.257+0000] {logging_mixin.py:149} INFO - [2025-09-13T08:04:47.257+0000] {dag.py:3490} INFO - Setting next_dagrun for example_params_ui_tutorial to None, run_after=None
[2025-09-13T08:04:47.279+0000] {processor.py:179} INFO - Processing /home/airflow/.local/lib/python3.7/site-packages/airflow/example_dags/example_params_ui_tutorial.py took 0.204 seconds
[2025-09-13T08:05:17.677+0000] {processor.py:157} INFO - Started process (PID=7096) to work on /home/airflow/.local/lib/python3.7/site-packages/airflow/example_dags/example_params_ui_tutorial.py
[2025-09-13T08:05:17.678+0000] {processor.py:826} INFO - Processing file /home/airflow/.local/lib/python3.7/site-packages/airflow/example_dags/example_params_ui_tutorial.py for tasks to queue
[2025-09-13T08:05:17.679+0000] {logging_mixin.py:149} INFO - [2025-09-13T08:05:17.679+0000] {dagbag.py:541} INFO - Filling up the DagBag from /home/airflow/.local/lib/python3.7/site-packages/airflow/example_dags/example_params_ui_tutorial.py
[2025-09-13T08:05:17.730+0000] {processor.py:836} INFO - DAG(s) dict_keys(['example_params_ui_tutorial']) retrieved from /home/airflow/.local/lib/python3.7/site-packages/airflow/example_dags/example_params_ui_tutorial.py
[2025-09-13T08:05:17.806+0000] {logging_mixin.py:149} INFO - [2025-09-13T08:05:17.805+0000] {dag.py:2726} INFO - Sync 1 DAGs
[2025-09-13T08:05:17.835+0000] {logging_mixin.py:149} INFO - [2025-09-13T08:05:17.835+0000] {dag.py:3490} INFO - Setting next_dagrun for example_params_ui_tutorial to None, run_after=None
[2025-09-13T08:05:17.859+0000] {processor.py:179} INFO - Processing /home/airflow/.local/lib/python3.7/site-packages/airflow/example_dags/example_params_ui_tutorial.py took 0.187 seconds
[2025-09-13T08:05:48.764+0000] {processor.py:157} INFO - Started process (PID=7377) to work on /home/airflow/.local/lib/python3.7/site-packages/airflow/example_dags/example_params_ui_tutorial.py
[2025-09-13T08:05:48.765+0000] {processor.py:826} INFO - Processing file /home/airflow/.local/lib/python3.7/site-packages/airflow/example_dags/example_params_ui_tutorial.py for tasks to queue
[2025-09-13T08:05:48.766+0000] {logging_mixin.py:149} INFO - [2025-09-13T08:05:48.766+0000] {dagbag.py:541} INFO - Filling up the DagBag from /home/airflow/.local/lib/python3.7/site-packages/airflow/example_dags/example_params_ui_tutorial.py
[2025-09-13T08:05:48.819+0000] {processor.py:836} INFO - DAG(s) dict_keys(['example_params_ui_tutorial']) retrieved from /home/airflow/.local/lib/python3.7/site-packages/airflow/example_dags/example_params_ui_tutorial.py
[2025-09-13T08:05:48.893+0000] {logging_mixin.py:149} INFO - [2025-09-13T08:05:48.893+0000] {dag.py:2726} INFO - Sync 1 DAGs
[2025-09-13T08:05:48.921+0000] {logging_mixin.py:149} INFO - [2025-09-13T08:05:48.921+0000] {dag.py:3490} INFO - Setting next_dagrun for example_params_ui_tutorial to None, run_after=None
[2025-09-13T08:05:48.947+0000] {processor.py:179} INFO - Processing /home/airflow/.local/lib/python3.7/site-packages/airflow/example_dags/example_params_ui_tutorial.py took 0.188 seconds
[2025-09-13T08:06:19.424+0000] {processor.py:157} INFO - Started process (PID=7658) to work on /home/airflow/.local/lib/python3.7/site-packages/airflow/example_dags/example_params_ui_tutorial.py
[2025-09-13T08:06:19.428+0000] {processor.py:826} INFO - Processing file /home/airflow/.local/lib/python3.7/site-packages/airflow/example_dags/example_params_ui_tutorial.py for tasks to queue
[2025-09-13T08:06:19.429+0000] {logging_mixin.py:149} INFO - [2025-09-13T08:06:19.429+0000] {dagbag.py:541} INFO - Filling up the DagBag from /home/airflow/.local/lib/python3.7/site-packages/airflow/example_dags/example_params_ui_tutorial.py
[2025-09-13T08:06:19.476+0000] {processor.py:836} INFO - DAG(s) dict_keys(['example_params_ui_tutorial']) retrieved from /home/airflow/.local/lib/python3.7/site-packages/airflow/example_dags/example_params_ui_tutorial.py
[2025-09-13T08:06:19.551+0000] {logging_mixin.py:149} INFO - [2025-09-13T08:06:19.551+0000] {dag.py:2726} INFO - Sync 1 DAGs
[2025-09-13T08:06:19.579+0000] {logging_mixin.py:149} INFO - [2025-09-13T08:06:19.579+0000] {dag.py:3490} INFO - Setting next_dagrun for example_params_ui_tutorial to None, run_after=None
[2025-09-13T08:06:19.600+0000] {processor.py:179} INFO - Processing /home/airflow/.local/lib/python3.7/site-packages/airflow/example_dags/example_params_ui_tutorial.py took 0.180 seconds
[2025-09-13T08:06:50.373+0000] {processor.py:157} INFO - Started process (PID=7939) to work on /home/airflow/.local/lib/python3.7/site-packages/airflow/example_dags/example_params_ui_tutorial.py
[2025-09-13T08:06:50.374+0000] {processor.py:826} INFO - Processing file /home/airflow/.local/lib/python3.7/site-packages/airflow/example_dags/example_params_ui_tutorial.py for tasks to queue
[2025-09-13T08:06:50.375+0000] {logging_mixin.py:149} INFO - [2025-09-13T08:06:50.375+0000] {dagbag.py:541} INFO - Filling up the DagBag from /home/airflow/.local/lib/python3.7/site-packages/airflow/example_dags/example_params_ui_tutorial.py
[2025-09-13T08:06:50.428+0000] {processor.py:836} INFO - DAG(s) dict_keys(['example_params_ui_tutorial']) retrieved from /home/airflow/.local/lib/python3.7/site-packages/airflow/example_dags/example_params_ui_tutorial.py
[2025-09-13T08:06:50.503+0000] {logging_mixin.py:149} INFO - [2025-09-13T08:06:50.502+0000] {dag.py:2726} INFO - Sync 1 DAGs
[2025-09-13T08:06:50.531+0000] {logging_mixin.py:149} INFO - [2025-09-13T08:06:50.531+0000] {dag.py:3490} INFO - Setting next_dagrun for example_params_ui_tutorial to None, run_after=None
[2025-09-13T08:06:50.555+0000] {processor.py:179} INFO - Processing /home/airflow/.local/lib/python3.7/site-packages/airflow/example_dags/example_params_ui_tutorial.py took 0.186 seconds
[2025-09-13T08:07:20.798+0000] {processor.py:157} INFO - Started process (PID=8220) to work on /home/airflow/.local/lib/python3.7/site-packages/airflow/example_dags/example_params_ui_tutorial.py
[2025-09-13T08:07:20.799+0000] {processor.py:826} INFO - Processing file /home/airflow/.local/lib/python3.7/site-packages/airflow/example_dags/example_params_ui_tutorial.py for tasks to queue
[2025-09-13T08:07:20.801+0000] {logging_mixin.py:149} INFO - [2025-09-13T08:07:20.801+0000] {dagbag.py:541} INFO - Filling up the DagBag from /home/airflow/.local/lib/python3.7/site-packages/airflow/example_dags/example_params_ui_tutorial.py
[2025-09-13T08:07:20.851+0000] {processor.py:836} INFO - DAG(s) dict_keys(['example_params_ui_tutorial']) retrieved from /home/airflow/.local/lib/python3.7/site-packages/airflow/example_dags/example_params_ui_tutorial.py
[2025-09-13T08:07:20.925+0000] {logging_mixin.py:149} INFO - [2025-09-13T08:07:20.925+0000] {dag.py:2726} INFO - Sync 1 DAGs
[2025-09-13T08:07:20.954+0000] {logging_mixin.py:149} INFO - [2025-09-13T08:07:20.954+0000] {dag.py:3490} INFO - Setting next_dagrun for example_params_ui_tutorial to None, run_after=None
[2025-09-13T08:07:20.976+0000] {processor.py:179} INFO - Processing /home/airflow/.local/lib/python3.7/site-packages/airflow/example_dags/example_params_ui_tutorial.py took 0.183 seconds
[2025-09-13T08:07:51.433+0000] {processor.py:157} INFO - Started process (PID=8501) to work on /home/airflow/.local/lib/python3.7/site-packages/airflow/example_dags/example_params_ui_tutorial.py
[2025-09-13T08:07:51.434+0000] {processor.py:826} INFO - Processing file /home/airflow/.local/lib/python3.7/site-packages/airflow/example_dags/example_params_ui_tutorial.py for tasks to queue
[2025-09-13T08:07:51.435+0000] {logging_mixin.py:149} INFO - [2025-09-13T08:07:51.435+0000] {dagbag.py:541} INFO - Filling up the DagBag from /home/airflow/.local/lib/python3.7/site-packages/airflow/example_dags/example_params_ui_tutorial.py
[2025-09-13T08:07:51.482+0000] {processor.py:836} INFO - DAG(s) dict_keys(['example_params_ui_tutorial']) retrieved from /home/airflow/.local/lib/python3.7/site-packages/airflow/example_dags/example_params_ui_tutorial.py
[2025-09-13T08:07:51.559+0000] {logging_mixin.py:149} INFO - [2025-09-13T08:07:51.558+0000] {dag.py:2726} INFO - Sync 1 DAGs
[2025-09-13T08:07:51.586+0000] {logging_mixin.py:149} INFO - [2025-09-13T08:07:51.586+0000] {dag.py:3490} INFO - Setting next_dagrun for example_params_ui_tutorial to None, run_after=None
[2025-09-13T08:07:51.608+0000] {processor.py:179} INFO - Processing /home/airflow/.local/lib/python3.7/site-packages/airflow/example_dags/example_params_ui_tutorial.py took 0.179 seconds
[2025-09-13T08:08:22.130+0000] {processor.py:157} INFO - Started process (PID=8782) to work on /home/airflow/.local/lib/python3.7/site-packages/airflow/example_dags/example_params_ui_tutorial.py
[2025-09-13T08:08:22.131+0000] {processor.py:826} INFO - Processing file /home/airflow/.local/lib/python3.7/site-packages/airflow/example_dags/example_params_ui_tutorial.py for tasks to queue
[2025-09-13T08:08:22.132+0000] {logging_mixin.py:149} INFO - [2025-09-13T08:08:22.131+0000] {dagbag.py:541} INFO - Filling up the DagBag from /home/airflow/.local/lib/python3.7/site-packages/airflow/example_dags/example_params_ui_tutorial.py
[2025-09-13T08:08:22.183+0000] {processor.py:836} INFO - DAG(s) dict_keys(['example_params_ui_tutorial']) retrieved from /home/airflow/.local/lib/python3.7/site-packages/airflow/example_dags/example_params_ui_tutorial.py
[2025-09-13T08:08:22.259+0000] {logging_mixin.py:149} INFO - [2025-09-13T08:08:22.259+0000] {dag.py:2726} INFO - Sync 1 DAGs
[2025-09-13T08:08:22.290+0000] {logging_mixin.py:149} INFO - [2025-09-13T08:08:22.290+0000] {dag.py:3490} INFO - Setting next_dagrun for example_params_ui_tutorial to None, run_after=None
[2025-09-13T08:08:22.313+0000] {processor.py:179} INFO - Processing /home/airflow/.local/lib/python3.7/site-packages/airflow/example_dags/example_params_ui_tutorial.py took 0.187 seconds
[2025-09-13T08:08:53.018+0000] {processor.py:157} INFO - Started process (PID=9063) to work on /home/airflow/.local/lib/python3.7/site-packages/airflow/example_dags/example_params_ui_tutorial.py
[2025-09-13T08:08:53.019+0000] {processor.py:826} INFO - Processing file /home/airflow/.local/lib/python3.7/site-packages/airflow/example_dags/example_params_ui_tutorial.py for tasks to queue
[2025-09-13T08:08:53.020+0000] {logging_mixin.py:149} INFO - [2025-09-13T08:08:53.020+0000] {dagbag.py:541} INFO - Filling up the DagBag from /home/airflow/.local/lib/python3.7/site-packages/airflow/example_dags/example_params_ui_tutorial.py
[2025-09-13T08:08:53.073+0000] {processor.py:836} INFO - DAG(s) dict_keys(['example_params_ui_tutorial']) retrieved from /home/airflow/.local/lib/python3.7/site-packages/airflow/example_dags/example_params_ui_tutorial.py
[2025-09-13T08:08:53.153+0000] {logging_mixin.py:149} INFO - [2025-09-13T08:08:53.153+0000] {dag.py:2726} INFO - Sync 1 DAGs
[2025-09-13T08:08:53.180+0000] {logging_mixin.py:149} INFO - [2025-09-13T08:08:53.180+0000] {dag.py:3490} INFO - Setting next_dagrun for example_params_ui_tutorial to None, run_after=None
[2025-09-13T08:08:53.203+0000] {processor.py:179} INFO - Processing /home/airflow/.local/lib/python3.7/site-packages/airflow/example_dags/example_params_ui_tutorial.py took 0.189 seconds
[2025-09-13T08:09:24.156+0000] {processor.py:157} INFO - Started process (PID=9344) to work on /home/airflow/.local/lib/python3.7/site-packages/airflow/example_dags/example_params_ui_tutorial.py
[2025-09-13T08:09:24.157+0000] {processor.py:826} INFO - Processing file /home/airflow/.local/lib/python3.7/site-packages/airflow/example_dags/example_params_ui_tutorial.py for tasks to queue
[2025-09-13T08:09:24.159+0000] {logging_mixin.py:149} INFO - [2025-09-13T08:09:24.158+0000] {dagbag.py:541} INFO - Filling up the DagBag from /home/airflow/.local/lib/python3.7/site-packages/airflow/example_dags/example_params_ui_tutorial.py
[2025-09-13T08:09:24.211+0000] {processor.py:836} INFO - DAG(s) dict_keys(['example_params_ui_tutorial']) retrieved from /home/airflow/.local/lib/python3.7/site-packages/airflow/example_dags/example_params_ui_tutorial.py
[2025-09-13T08:09:24.289+0000] {logging_mixin.py:149} INFO - [2025-09-13T08:09:24.289+0000] {dag.py:2726} INFO - Sync 1 DAGs
[2025-09-13T08:09:24.318+0000] {logging_mixin.py:149} INFO - [2025-09-13T08:09:24.318+0000] {dag.py:3490} INFO - Setting next_dagrun for example_params_ui_tutorial to None, run_after=None
[2025-09-13T08:09:24.345+0000] {processor.py:179} INFO - Processing /home/airflow/.local/lib/python3.7/site-packages/airflow/example_dags/example_params_ui_tutorial.py took 0.194 seconds
[2025-09-13T08:09:54.913+0000] {processor.py:157} INFO - Started process (PID=9626) to work on /home/airflow/.local/lib/python3.7/site-packages/airflow/example_dags/example_params_ui_tutorial.py
[2025-09-13T08:09:54.914+0000] {processor.py:826} INFO - Processing file /home/airflow/.local/lib/python3.7/site-packages/airflow/example_dags/example_params_ui_tutorial.py for tasks to queue
[2025-09-13T08:09:54.915+0000] {logging_mixin.py:149} INFO - [2025-09-13T08:09:54.915+0000] {dagbag.py:541} INFO - Filling up the DagBag from /home/airflow/.local/lib/python3.7/site-packages/airflow/example_dags/example_params_ui_tutorial.py
[2025-09-13T08:09:54.963+0000] {processor.py:836} INFO - DAG(s) dict_keys(['example_params_ui_tutorial']) retrieved from /home/airflow/.local/lib/python3.7/site-packages/airflow/example_dags/example_params_ui_tutorial.py
[2025-09-13T08:09:55.036+0000] {logging_mixin.py:149} INFO - [2025-09-13T08:09:55.036+0000] {dag.py:2726} INFO - Sync 1 DAGs
[2025-09-13T08:09:55.063+0000] {logging_mixin.py:149} INFO - [2025-09-13T08:09:55.062+0000] {dag.py:3490} INFO - Setting next_dagrun for example_params_ui_tutorial to None, run_after=None
[2025-09-13T08:09:55.091+0000] {processor.py:179} INFO - Processing /home/airflow/.local/lib/python3.7/site-packages/airflow/example_dags/example_params_ui_tutorial.py took 0.182 seconds
[2025-09-13T08:10:25.927+0000] {processor.py:157} INFO - Started process (PID=9914) to work on /home/airflow/.local/lib/python3.7/site-packages/airflow/example_dags/example_params_ui_tutorial.py
[2025-09-13T08:10:25.928+0000] {processor.py:826} INFO - Processing file /home/airflow/.local/lib/python3.7/site-packages/airflow/example_dags/example_params_ui_tutorial.py for tasks to queue
[2025-09-13T08:10:25.929+0000] {logging_mixin.py:149} INFO - [2025-09-13T08:10:25.929+0000] {dagbag.py:541} INFO - Filling up the DagBag from /home/airflow/.local/lib/python3.7/site-packages/airflow/example_dags/example_params_ui_tutorial.py
[2025-09-13T08:10:25.983+0000] {processor.py:836} INFO - DAG(s) dict_keys(['example_params_ui_tutorial']) retrieved from /home/airflow/.local/lib/python3.7/site-packages/airflow/example_dags/example_params_ui_tutorial.py
[2025-09-13T08:10:26.076+0000] {logging_mixin.py:149} INFO - [2025-09-13T08:10:26.076+0000] {dag.py:2726} INFO - Sync 1 DAGs
[2025-09-13T08:10:26.104+0000] {logging_mixin.py:149} INFO - [2025-09-13T08:10:26.104+0000] {dag.py:3490} INFO - Setting next_dagrun for example_params_ui_tutorial to None, run_after=None
[2025-09-13T08:10:26.126+0000] {processor.py:179} INFO - Processing /home/airflow/.local/lib/python3.7/site-packages/airflow/example_dags/example_params_ui_tutorial.py took 0.205 seconds
[2025-09-13T08:10:56.969+0000] {processor.py:157} INFO - Started process (PID=10195) to work on /home/airflow/.local/lib/python3.7/site-packages/airflow/example_dags/example_params_ui_tutorial.py
[2025-09-13T08:10:56.970+0000] {processor.py:826} INFO - Processing file /home/airflow/.local/lib/python3.7/site-packages/airflow/example_dags/example_params_ui_tutorial.py for tasks to queue
[2025-09-13T08:10:56.971+0000] {logging_mixin.py:149} INFO - [2025-09-13T08:10:56.971+0000] {dagbag.py:541} INFO - Filling up the DagBag from /home/airflow/.local/lib/python3.7/site-packages/airflow/example_dags/example_params_ui_tutorial.py
[2025-09-13T08:10:57.019+0000] {processor.py:836} INFO - DAG(s) dict_keys(['example_params_ui_tutorial']) retrieved from /home/airflow/.local/lib/python3.7/site-packages/airflow/example_dags/example_params_ui_tutorial.py
[2025-09-13T08:10:57.096+0000] {logging_mixin.py:149} INFO - [2025-09-13T08:10:57.096+0000] {dag.py:2726} INFO - Sync 1 DAGs
[2025-09-13T08:10:57.123+0000] {logging_mixin.py:149} INFO - [2025-09-13T08:10:57.123+0000] {dag.py:3490} INFO - Setting next_dagrun for example_params_ui_tutorial to None, run_after=None
[2025-09-13T08:10:57.146+0000] {processor.py:179} INFO - Processing /home/airflow/.local/lib/python3.7/site-packages/airflow/example_dags/example_params_ui_tutorial.py took 0.182 seconds
[2025-09-13T08:11:27.200+0000] {processor.py:157} INFO - Started process (PID=10476) to work on /home/airflow/.local/lib/python3.7/site-packages/airflow/example_dags/example_params_ui_tutorial.py
[2025-09-13T08:11:27.201+0000] {processor.py:826} INFO - Processing file /home/airflow/.local/lib/python3.7/site-packages/airflow/example_dags/example_params_ui_tutorial.py for tasks to queue
[2025-09-13T08:11:27.203+0000] {logging_mixin.py:149} INFO - [2025-09-13T08:11:27.202+0000] {dagbag.py:541} INFO - Filling up the DagBag from /home/airflow/.local/lib/python3.7/site-packages/airflow/example_dags/example_params_ui_tutorial.py
[2025-09-13T08:11:27.251+0000] {processor.py:836} INFO - DAG(s) dict_keys(['example_params_ui_tutorial']) retrieved from /home/airflow/.local/lib/python3.7/site-packages/airflow/example_dags/example_params_ui_tutorial.py
[2025-09-13T08:11:27.324+0000] {logging_mixin.py:149} INFO - [2025-09-13T08:11:27.324+0000] {dag.py:2726} INFO - Sync 1 DAGs
[2025-09-13T08:11:27.359+0000] {logging_mixin.py:149} INFO - [2025-09-13T08:11:27.359+0000] {dag.py:3490} INFO - Setting next_dagrun for example_params_ui_tutorial to None, run_after=None
[2025-09-13T08:11:27.385+0000] {processor.py:179} INFO - Processing /home/airflow/.local/lib/python3.7/site-packages/airflow/example_dags/example_params_ui_tutorial.py took 0.192 seconds
[2025-09-13T08:11:58.177+0000] {processor.py:157} INFO - Started process (PID=10757) to work on /home/airflow/.local/lib/python3.7/site-packages/airflow/example_dags/example_params_ui_tutorial.py
[2025-09-13T08:11:58.178+0000] {processor.py:826} INFO - Processing file /home/airflow/.local/lib/python3.7/site-packages/airflow/example_dags/example_params_ui_tutorial.py for tasks to queue
[2025-09-13T08:11:58.179+0000] {logging_mixin.py:149} INFO - [2025-09-13T08:11:58.179+0000] {dagbag.py:541} INFO - Filling up the DagBag from /home/airflow/.local/lib/python3.7/site-packages/airflow/example_dags/example_params_ui_tutorial.py
[2025-09-13T08:11:58.230+0000] {processor.py:836} INFO - DAG(s) dict_keys(['example_params_ui_tutorial']) retrieved from /home/airflow/.local/lib/python3.7/site-packages/airflow/example_dags/example_params_ui_tutorial.py
[2025-09-13T08:11:58.306+0000] {logging_mixin.py:149} INFO - [2025-09-13T08:11:58.305+0000] {dag.py:2726} INFO - Sync 1 DAGs
[2025-09-13T08:11:58.334+0000] {logging_mixin.py:149} INFO - [2025-09-13T08:11:58.334+0000] {dag.py:3490} INFO - Setting next_dagrun for example_params_ui_tutorial to None, run_after=None
[2025-09-13T08:11:58.356+0000] {processor.py:179} INFO - Processing /home/airflow/.local/lib/python3.7/site-packages/airflow/example_dags/example_params_ui_tutorial.py took 0.184 seconds
[2025-09-13T08:12:28.916+0000] {processor.py:157} INFO - Started process (PID=11038) to work on /home/airflow/.local/lib/python3.7/site-packages/airflow/example_dags/example_params_ui_tutorial.py
[2025-09-13T08:12:28.918+0000] {processor.py:826} INFO - Processing file /home/airflow/.local/lib/python3.7/site-packages/airflow/example_dags/example_params_ui_tutorial.py for tasks to queue
[2025-09-13T08:12:28.924+0000] {logging_mixin.py:149} INFO - [2025-09-13T08:12:28.923+0000] {dagbag.py:541} INFO - Filling up the DagBag from /home/airflow/.local/lib/python3.7/site-packages/airflow/example_dags/example_params_ui_tutorial.py
[2025-09-13T08:12:28.980+0000] {processor.py:836} INFO - DAG(s) dict_keys(['example_params_ui_tutorial']) retrieved from /home/airflow/.local/lib/python3.7/site-packages/airflow/example_dags/example_params_ui_tutorial.py
[2025-09-13T08:12:29.051+0000] {logging_mixin.py:149} INFO - [2025-09-13T08:12:29.051+0000] {dag.py:2726} INFO - Sync 1 DAGs
[2025-09-13T08:12:29.083+0000] {logging_mixin.py:149} INFO - [2025-09-13T08:12:29.082+0000] {dag.py:3490} INFO - Setting next_dagrun for example_params_ui_tutorial to None, run_after=None
[2025-09-13T08:12:29.104+0000] {processor.py:179} INFO - Processing /home/airflow/.local/lib/python3.7/site-packages/airflow/example_dags/example_params_ui_tutorial.py took 0.193 seconds
[2025-09-13T08:12:59.670+0000] {processor.py:157} INFO - Started process (PID=11319) to work on /home/airflow/.local/lib/python3.7/site-packages/airflow/example_dags/example_params_ui_tutorial.py
[2025-09-13T08:12:59.671+0000] {processor.py:826} INFO - Processing file /home/airflow/.local/lib/python3.7/site-packages/airflow/example_dags/example_params_ui_tutorial.py for tasks to queue
[2025-09-13T08:12:59.672+0000] {logging_mixin.py:149} INFO - [2025-09-13T08:12:59.672+0000] {dagbag.py:541} INFO - Filling up the DagBag from /home/airflow/.local/lib/python3.7/site-packages/airflow/example_dags/example_params_ui_tutorial.py
[2025-09-13T08:12:59.723+0000] {processor.py:836} INFO - DAG(s) dict_keys(['example_params_ui_tutorial']) retrieved from /home/airflow/.local/lib/python3.7/site-packages/airflow/example_dags/example_params_ui_tutorial.py
[2025-09-13T08:12:59.794+0000] {logging_mixin.py:149} INFO - [2025-09-13T08:12:59.794+0000] {dag.py:2726} INFO - Sync 1 DAGs
[2025-09-13T08:12:59.822+0000] {logging_mixin.py:149} INFO - [2025-09-13T08:12:59.822+0000] {dag.py:3490} INFO - Setting next_dagrun for example_params_ui_tutorial to None, run_after=None
[2025-09-13T08:12:59.948+0000] {processor.py:179} INFO - Processing /home/airflow/.local/lib/python3.7/site-packages/airflow/example_dags/example_params_ui_tutorial.py took 0.281 seconds
[2025-09-13T08:13:30.684+0000] {processor.py:157} INFO - Started process (PID=11600) to work on /home/airflow/.local/lib/python3.7/site-packages/airflow/example_dags/example_params_ui_tutorial.py
[2025-09-13T08:13:30.686+0000] {processor.py:826} INFO - Processing file /home/airflow/.local/lib/python3.7/site-packages/airflow/example_dags/example_params_ui_tutorial.py for tasks to queue
[2025-09-13T08:13:30.687+0000] {logging_mixin.py:149} INFO - [2025-09-13T08:13:30.687+0000] {dagbag.py:541} INFO - Filling up the DagBag from /home/airflow/.local/lib/python3.7/site-packages/airflow/example_dags/example_params_ui_tutorial.py
[2025-09-13T08:13:30.739+0000] {processor.py:836} INFO - DAG(s) dict_keys(['example_params_ui_tutorial']) retrieved from /home/airflow/.local/lib/python3.7/site-packages/airflow/example_dags/example_params_ui_tutorial.py
[2025-09-13T08:13:30.823+0000] {logging_mixin.py:149} INFO - [2025-09-13T08:13:30.823+0000] {dag.py:2726} INFO - Sync 1 DAGs
[2025-09-13T08:13:30.962+0000] {logging_mixin.py:149} INFO - [2025-09-13T08:13:30.961+0000] {dag.py:3490} INFO - Setting next_dagrun for example_params_ui_tutorial to None, run_after=None
[2025-09-13T08:13:30.981+0000] {processor.py:179} INFO - Processing /home/airflow/.local/lib/python3.7/site-packages/airflow/example_dags/example_params_ui_tutorial.py took 0.301 seconds
[2025-09-13T08:14:01.242+0000] {processor.py:157} INFO - Started process (PID=11879) to work on /home/airflow/.local/lib/python3.7/site-packages/airflow/example_dags/example_params_ui_tutorial.py
[2025-09-13T08:14:01.244+0000] {processor.py:826} INFO - Processing file /home/airflow/.local/lib/python3.7/site-packages/airflow/example_dags/example_params_ui_tutorial.py for tasks to queue
[2025-09-13T08:14:01.245+0000] {logging_mixin.py:149} INFO - [2025-09-13T08:14:01.245+0000] {dagbag.py:541} INFO - Filling up the DagBag from /home/airflow/.local/lib/python3.7/site-packages/airflow/example_dags/example_params_ui_tutorial.py
[2025-09-13T08:14:01.296+0000] {processor.py:836} INFO - DAG(s) dict_keys(['example_params_ui_tutorial']) retrieved from /home/airflow/.local/lib/python3.7/site-packages/airflow/example_dags/example_params_ui_tutorial.py
[2025-09-13T08:14:01.474+0000] {logging_mixin.py:149} INFO - [2025-09-13T08:14:01.474+0000] {dag.py:2726} INFO - Sync 1 DAGs
[2025-09-13T08:14:01.500+0000] {logging_mixin.py:149} INFO - [2025-09-13T08:14:01.499+0000] {dag.py:3490} INFO - Setting next_dagrun for example_params_ui_tutorial to None, run_after=None
[2025-09-13T08:14:01.522+0000] {processor.py:179} INFO - Processing /home/airflow/.local/lib/python3.7/site-packages/airflow/example_dags/example_params_ui_tutorial.py took 0.283 seconds
[2025-09-13T08:14:32.145+0000] {processor.py:157} INFO - Started process (PID=12160) to work on /home/airflow/.local/lib/python3.7/site-packages/airflow/example_dags/example_params_ui_tutorial.py
[2025-09-13T08:14:32.146+0000] {processor.py:826} INFO - Processing file /home/airflow/.local/lib/python3.7/site-packages/airflow/example_dags/example_params_ui_tutorial.py for tasks to queue
[2025-09-13T08:14:32.146+0000] {logging_mixin.py:149} INFO - [2025-09-13T08:14:32.146+0000] {dagbag.py:541} INFO - Filling up the DagBag from /home/airflow/.local/lib/python3.7/site-packages/airflow/example_dags/example_params_ui_tutorial.py
[2025-09-13T08:14:32.193+0000] {processor.py:836} INFO - DAG(s) dict_keys(['example_params_ui_tutorial']) retrieved from /home/airflow/.local/lib/python3.7/site-packages/airflow/example_dags/example_params_ui_tutorial.py
[2025-09-13T08:14:32.274+0000] {logging_mixin.py:149} INFO - [2025-09-13T08:14:32.274+0000] {dag.py:2726} INFO - Sync 1 DAGs
[2025-09-13T08:14:32.302+0000] {logging_mixin.py:149} INFO - [2025-09-13T08:14:32.302+0000] {dag.py:3490} INFO - Setting next_dagrun for example_params_ui_tutorial to None, run_after=None
[2025-09-13T08:14:32.321+0000] {processor.py:179} INFO - Processing /home/airflow/.local/lib/python3.7/site-packages/airflow/example_dags/example_params_ui_tutorial.py took 0.180 seconds
[2025-09-13T08:15:02.892+0000] {processor.py:157} INFO - Started process (PID=12441) to work on /home/airflow/.local/lib/python3.7/site-packages/airflow/example_dags/example_params_ui_tutorial.py
[2025-09-13T08:15:02.893+0000] {processor.py:826} INFO - Processing file /home/airflow/.local/lib/python3.7/site-packages/airflow/example_dags/example_params_ui_tutorial.py for tasks to queue
[2025-09-13T08:15:02.894+0000] {logging_mixin.py:149} INFO - [2025-09-13T08:15:02.893+0000] {dagbag.py:541} INFO - Filling up the DagBag from /home/airflow/.local/lib/python3.7/site-packages/airflow/example_dags/example_params_ui_tutorial.py
[2025-09-13T08:15:02.940+0000] {processor.py:836} INFO - DAG(s) dict_keys(['example_params_ui_tutorial']) retrieved from /home/airflow/.local/lib/python3.7/site-packages/airflow/example_dags/example_params_ui_tutorial.py
[2025-09-13T08:15:03.018+0000] {logging_mixin.py:149} INFO - [2025-09-13T08:15:03.017+0000] {dag.py:2726} INFO - Sync 1 DAGs
[2025-09-13T08:15:03.045+0000] {logging_mixin.py:149} INFO - [2025-09-13T08:15:03.045+0000] {dag.py:3490} INFO - Setting next_dagrun for example_params_ui_tutorial to None, run_after=None
[2025-09-13T08:15:03.066+0000] {processor.py:179} INFO - Processing /home/airflow/.local/lib/python3.7/site-packages/airflow/example_dags/example_params_ui_tutorial.py took 0.178 seconds
[2025-09-13T08:15:33.506+0000] {processor.py:157} INFO - Started process (PID=12722) to work on /home/airflow/.local/lib/python3.7/site-packages/airflow/example_dags/example_params_ui_tutorial.py
[2025-09-13T08:15:33.507+0000] {processor.py:826} INFO - Processing file /home/airflow/.local/lib/python3.7/site-packages/airflow/example_dags/example_params_ui_tutorial.py for tasks to queue
[2025-09-13T08:15:33.508+0000] {logging_mixin.py:149} INFO - [2025-09-13T08:15:33.508+0000] {dagbag.py:541} INFO - Filling up the DagBag from /home/airflow/.local/lib/python3.7/site-packages/airflow/example_dags/example_params_ui_tutorial.py
[2025-09-13T08:15:33.561+0000] {processor.py:836} INFO - DAG(s) dict_keys(['example_params_ui_tutorial']) retrieved from /home/airflow/.local/lib/python3.7/site-packages/airflow/example_dags/example_params_ui_tutorial.py
[2025-09-13T08:15:33.641+0000] {logging_mixin.py:149} INFO - [2025-09-13T08:15:33.640+0000] {dag.py:2726} INFO - Sync 1 DAGs
[2025-09-13T08:15:33.674+0000] {logging_mixin.py:149} INFO - [2025-09-13T08:15:33.674+0000] {dag.py:3490} INFO - Setting next_dagrun for example_params_ui_tutorial to None, run_after=None
[2025-09-13T08:15:33.694+0000] {processor.py:179} INFO - Processing /home/airflow/.local/lib/python3.7/site-packages/airflow/example_dags/example_params_ui_tutorial.py took 0.192 seconds
[2025-09-13T08:16:04.533+0000] {processor.py:157} INFO - Started process (PID=13003) to work on /home/airflow/.local/lib/python3.7/site-packages/airflow/example_dags/example_params_ui_tutorial.py
[2025-09-13T08:16:04.534+0000] {processor.py:826} INFO - Processing file /home/airflow/.local/lib/python3.7/site-packages/airflow/example_dags/example_params_ui_tutorial.py for tasks to queue
[2025-09-13T08:16:04.534+0000] {logging_mixin.py:149} INFO - [2025-09-13T08:16:04.534+0000] {dagbag.py:541} INFO - Filling up the DagBag from /home/airflow/.local/lib/python3.7/site-packages/airflow/example_dags/example_params_ui_tutorial.py
[2025-09-13T08:16:04.583+0000] {processor.py:836} INFO - DAG(s) dict_keys(['example_params_ui_tutorial']) retrieved from /home/airflow/.local/lib/python3.7/site-packages/airflow/example_dags/example_params_ui_tutorial.py
[2025-09-13T08:16:04.655+0000] {logging_mixin.py:149} INFO - [2025-09-13T08:16:04.655+0000] {dag.py:2726} INFO - Sync 1 DAGs
[2025-09-13T08:16:04.682+0000] {logging_mixin.py:149} INFO - [2025-09-13T08:16:04.682+0000] {dag.py:3490} INFO - Setting next_dagrun for example_params_ui_tutorial to None, run_after=None
[2025-09-13T08:16:04.703+0000] {processor.py:179} INFO - Processing /home/airflow/.local/lib/python3.7/site-packages/airflow/example_dags/example_params_ui_tutorial.py took 0.174 seconds
[2025-09-13T08:16:35.237+0000] {processor.py:157} INFO - Started process (PID=13284) to work on /home/airflow/.local/lib/python3.7/site-packages/airflow/example_dags/example_params_ui_tutorial.py
[2025-09-13T08:16:35.238+0000] {processor.py:826} INFO - Processing file /home/airflow/.local/lib/python3.7/site-packages/airflow/example_dags/example_params_ui_tutorial.py for tasks to queue
[2025-09-13T08:16:35.239+0000] {logging_mixin.py:149} INFO - [2025-09-13T08:16:35.239+0000] {dagbag.py:541} INFO - Filling up the DagBag from /home/airflow/.local/lib/python3.7/site-packages/airflow/example_dags/example_params_ui_tutorial.py
[2025-09-13T08:16:35.288+0000] {processor.py:836} INFO - DAG(s) dict_keys(['example_params_ui_tutorial']) retrieved from /home/airflow/.local/lib/python3.7/site-packages/airflow/example_dags/example_params_ui_tutorial.py
[2025-09-13T08:16:35.366+0000] {logging_mixin.py:149} INFO - [2025-09-13T08:16:35.366+0000] {dag.py:2726} INFO - Sync 1 DAGs
[2025-09-13T08:16:35.393+0000] {logging_mixin.py:149} INFO - [2025-09-13T08:16:35.393+0000] {dag.py:3490} INFO - Setting next_dagrun for example_params_ui_tutorial to None, run_after=None
[2025-09-13T08:16:35.416+0000] {processor.py:179} INFO - Processing /home/airflow/.local/lib/python3.7/site-packages/airflow/example_dags/example_params_ui_tutorial.py took 0.182 seconds
[2025-09-13T08:17:06.253+0000] {processor.py:157} INFO - Started process (PID=13565) to work on /home/airflow/.local/lib/python3.7/site-packages/airflow/example_dags/example_params_ui_tutorial.py
[2025-09-13T08:17:06.254+0000] {processor.py:826} INFO - Processing file /home/airflow/.local/lib/python3.7/site-packages/airflow/example_dags/example_params_ui_tutorial.py for tasks to queue
[2025-09-13T08:17:06.255+0000] {logging_mixin.py:149} INFO - [2025-09-13T08:17:06.254+0000] {dagbag.py:541} INFO - Filling up the DagBag from /home/airflow/.local/lib/python3.7/site-packages/airflow/example_dags/example_params_ui_tutorial.py
[2025-09-13T08:17:06.301+0000] {processor.py:836} INFO - DAG(s) dict_keys(['example_params_ui_tutorial']) retrieved from /home/airflow/.local/lib/python3.7/site-packages/airflow/example_dags/example_params_ui_tutorial.py
[2025-09-13T08:17:06.383+0000] {logging_mixin.py:149} INFO - [2025-09-13T08:17:06.383+0000] {dag.py:2726} INFO - Sync 1 DAGs
[2025-09-13T08:17:06.411+0000] {logging_mixin.py:149} INFO - [2025-09-13T08:17:06.411+0000] {dag.py:3490} INFO - Setting next_dagrun for example_params_ui_tutorial to None, run_after=None
[2025-09-13T08:17:06.432+0000] {processor.py:179} INFO - Processing /home/airflow/.local/lib/python3.7/site-packages/airflow/example_dags/example_params_ui_tutorial.py took 0.183 seconds
[2025-09-13T08:17:36.526+0000] {processor.py:157} INFO - Started process (PID=13847) to work on /home/airflow/.local/lib/python3.7/site-packages/airflow/example_dags/example_params_ui_tutorial.py
[2025-09-13T08:17:36.527+0000] {processor.py:826} INFO - Processing file /home/airflow/.local/lib/python3.7/site-packages/airflow/example_dags/example_params_ui_tutorial.py for tasks to queue
[2025-09-13T08:17:36.528+0000] {logging_mixin.py:149} INFO - [2025-09-13T08:17:36.528+0000] {dagbag.py:541} INFO - Filling up the DagBag from /home/airflow/.local/lib/python3.7/site-packages/airflow/example_dags/example_params_ui_tutorial.py
[2025-09-13T08:17:36.581+0000] {processor.py:836} INFO - DAG(s) dict_keys(['example_params_ui_tutorial']) retrieved from /home/airflow/.local/lib/python3.7/site-packages/airflow/example_dags/example_params_ui_tutorial.py
[2025-09-13T08:17:36.656+0000] {logging_mixin.py:149} INFO - [2025-09-13T08:17:36.656+0000] {dag.py:2726} INFO - Sync 1 DAGs
[2025-09-13T08:17:36.684+0000] {logging_mixin.py:149} INFO - [2025-09-13T08:17:36.684+0000] {dag.py:3490} INFO - Setting next_dagrun for example_params_ui_tutorial to None, run_after=None
[2025-09-13T08:17:36.704+0000] {processor.py:179} INFO - Processing /home/airflow/.local/lib/python3.7/site-packages/airflow/example_dags/example_params_ui_tutorial.py took 0.181 seconds
[2025-09-13T08:18:07.356+0000] {processor.py:157} INFO - Started process (PID=14129) to work on /home/airflow/.local/lib/python3.7/site-packages/airflow/example_dags/example_params_ui_tutorial.py
[2025-09-13T08:18:07.357+0000] {processor.py:826} INFO - Processing file /home/airflow/.local/lib/python3.7/site-packages/airflow/example_dags/example_params_ui_tutorial.py for tasks to queue
[2025-09-13T08:18:07.359+0000] {logging_mixin.py:149} INFO - [2025-09-13T08:18:07.359+0000] {dagbag.py:541} INFO - Filling up the DagBag from /home/airflow/.local/lib/python3.7/site-packages/airflow/example_dags/example_params_ui_tutorial.py
[2025-09-13T08:18:07.405+0000] {processor.py:836} INFO - DAG(s) dict_keys(['example_params_ui_tutorial']) retrieved from /home/airflow/.local/lib/python3.7/site-packages/airflow/example_dags/example_params_ui_tutorial.py
[2025-09-13T08:18:07.477+0000] {logging_mixin.py:149} INFO - [2025-09-13T08:18:07.477+0000] {dag.py:2726} INFO - Sync 1 DAGs
[2025-09-13T08:18:07.504+0000] {logging_mixin.py:149} INFO - [2025-09-13T08:18:07.504+0000] {dag.py:3490} INFO - Setting next_dagrun for example_params_ui_tutorial to None, run_after=None
[2025-09-13T08:18:07.524+0000] {processor.py:179} INFO - Processing /home/airflow/.local/lib/python3.7/site-packages/airflow/example_dags/example_params_ui_tutorial.py took 0.172 seconds
[2025-09-13T08:52:57.692+0000] {processor.py:157} INFO - Started process (PID=317) to work on /home/airflow/.local/lib/python3.7/site-packages/airflow/example_dags/example_params_ui_tutorial.py
[2025-09-13T08:52:57.693+0000] {processor.py:826} INFO - Processing file /home/airflow/.local/lib/python3.7/site-packages/airflow/example_dags/example_params_ui_tutorial.py for tasks to queue
[2025-09-13T08:52:57.694+0000] {logging_mixin.py:149} INFO - [2025-09-13T08:52:57.693+0000] {dagbag.py:541} INFO - Filling up the DagBag from /home/airflow/.local/lib/python3.7/site-packages/airflow/example_dags/example_params_ui_tutorial.py
[2025-09-13T08:52:57.741+0000] {processor.py:836} INFO - DAG(s) dict_keys(['example_params_ui_tutorial']) retrieved from /home/airflow/.local/lib/python3.7/site-packages/airflow/example_dags/example_params_ui_tutorial.py
[2025-09-13T08:52:57.826+0000] {logging_mixin.py:149} INFO - [2025-09-13T08:52:57.826+0000] {dag.py:2726} INFO - Sync 1 DAGs
[2025-09-13T08:52:57.854+0000] {logging_mixin.py:149} INFO - [2025-09-13T08:52:57.854+0000] {dag.py:3490} INFO - Setting next_dagrun for example_params_ui_tutorial to None, run_after=None
[2025-09-13T08:52:57.876+0000] {processor.py:179} INFO - Processing /home/airflow/.local/lib/python3.7/site-packages/airflow/example_dags/example_params_ui_tutorial.py took 0.188 seconds
[2025-09-13T08:53:28.533+0000] {processor.py:157} INFO - Started process (PID=598) to work on /home/airflow/.local/lib/python3.7/site-packages/airflow/example_dags/example_params_ui_tutorial.py
[2025-09-13T08:53:28.534+0000] {processor.py:826} INFO - Processing file /home/airflow/.local/lib/python3.7/site-packages/airflow/example_dags/example_params_ui_tutorial.py for tasks to queue
[2025-09-13T08:53:28.535+0000] {logging_mixin.py:149} INFO - [2025-09-13T08:53:28.535+0000] {dagbag.py:541} INFO - Filling up the DagBag from /home/airflow/.local/lib/python3.7/site-packages/airflow/example_dags/example_params_ui_tutorial.py
[2025-09-13T08:53:28.580+0000] {processor.py:836} INFO - DAG(s) dict_keys(['example_params_ui_tutorial']) retrieved from /home/airflow/.local/lib/python3.7/site-packages/airflow/example_dags/example_params_ui_tutorial.py
[2025-09-13T08:53:28.771+0000] {logging_mixin.py:149} INFO - [2025-09-13T08:53:28.771+0000] {dag.py:2726} INFO - Sync 1 DAGs
[2025-09-13T08:53:28.803+0000] {logging_mixin.py:149} INFO - [2025-09-13T08:53:28.803+0000] {dag.py:3490} INFO - Setting next_dagrun for example_params_ui_tutorial to None, run_after=None
[2025-09-13T08:53:28.824+0000] {processor.py:179} INFO - Processing /home/airflow/.local/lib/python3.7/site-packages/airflow/example_dags/example_params_ui_tutorial.py took 0.294 seconds
[2025-09-13T08:53:59.175+0000] {processor.py:157} INFO - Started process (PID=881) to work on /home/airflow/.local/lib/python3.7/site-packages/airflow/example_dags/example_params_ui_tutorial.py
[2025-09-13T08:53:59.176+0000] {processor.py:826} INFO - Processing file /home/airflow/.local/lib/python3.7/site-packages/airflow/example_dags/example_params_ui_tutorial.py for tasks to queue
[2025-09-13T08:53:59.177+0000] {logging_mixin.py:149} INFO - [2025-09-13T08:53:59.177+0000] {dagbag.py:541} INFO - Filling up the DagBag from /home/airflow/.local/lib/python3.7/site-packages/airflow/example_dags/example_params_ui_tutorial.py
[2025-09-13T08:53:59.225+0000] {processor.py:836} INFO - DAG(s) dict_keys(['example_params_ui_tutorial']) retrieved from /home/airflow/.local/lib/python3.7/site-packages/airflow/example_dags/example_params_ui_tutorial.py
[2025-09-13T08:53:59.297+0000] {logging_mixin.py:149} INFO - [2025-09-13T08:53:59.297+0000] {dag.py:2726} INFO - Sync 1 DAGs
[2025-09-13T08:53:59.324+0000] {logging_mixin.py:149} INFO - [2025-09-13T08:53:59.324+0000] {dag.py:3490} INFO - Setting next_dagrun for example_params_ui_tutorial to None, run_after=None
[2025-09-13T08:53:59.345+0000] {processor.py:179} INFO - Processing /home/airflow/.local/lib/python3.7/site-packages/airflow/example_dags/example_params_ui_tutorial.py took 0.173 seconds
[2025-09-13T08:54:30.219+0000] {processor.py:157} INFO - Started process (PID=1162) to work on /home/airflow/.local/lib/python3.7/site-packages/airflow/example_dags/example_params_ui_tutorial.py
[2025-09-13T08:54:30.220+0000] {processor.py:826} INFO - Processing file /home/airflow/.local/lib/python3.7/site-packages/airflow/example_dags/example_params_ui_tutorial.py for tasks to queue
[2025-09-13T08:54:30.221+0000] {logging_mixin.py:149} INFO - [2025-09-13T08:54:30.221+0000] {dagbag.py:541} INFO - Filling up the DagBag from /home/airflow/.local/lib/python3.7/site-packages/airflow/example_dags/example_params_ui_tutorial.py
[2025-09-13T08:54:30.267+0000] {processor.py:836} INFO - DAG(s) dict_keys(['example_params_ui_tutorial']) retrieved from /home/airflow/.local/lib/python3.7/site-packages/airflow/example_dags/example_params_ui_tutorial.py
[2025-09-13T08:54:30.338+0000] {logging_mixin.py:149} INFO - [2025-09-13T08:54:30.338+0000] {dag.py:2726} INFO - Sync 1 DAGs
[2025-09-13T08:54:30.366+0000] {logging_mixin.py:149} INFO - [2025-09-13T08:54:30.366+0000] {dag.py:3490} INFO - Setting next_dagrun for example_params_ui_tutorial to None, run_after=None
[2025-09-13T08:54:30.387+0000] {processor.py:179} INFO - Processing /home/airflow/.local/lib/python3.7/site-packages/airflow/example_dags/example_params_ui_tutorial.py took 0.172 seconds
[2025-09-13T08:55:00.452+0000] {processor.py:157} INFO - Started process (PID=1442) to work on /home/airflow/.local/lib/python3.7/site-packages/airflow/example_dags/example_params_ui_tutorial.py
[2025-09-13T08:55:00.452+0000] {processor.py:826} INFO - Processing file /home/airflow/.local/lib/python3.7/site-packages/airflow/example_dags/example_params_ui_tutorial.py for tasks to queue
[2025-09-13T08:55:00.453+0000] {logging_mixin.py:149} INFO - [2025-09-13T08:55:00.453+0000] {dagbag.py:541} INFO - Filling up the DagBag from /home/airflow/.local/lib/python3.7/site-packages/airflow/example_dags/example_params_ui_tutorial.py
[2025-09-13T08:55:00.498+0000] {processor.py:836} INFO - DAG(s) dict_keys(['example_params_ui_tutorial']) retrieved from /home/airflow/.local/lib/python3.7/site-packages/airflow/example_dags/example_params_ui_tutorial.py
[2025-09-13T08:55:00.569+0000] {logging_mixin.py:149} INFO - [2025-09-13T08:55:00.569+0000] {dag.py:2726} INFO - Sync 1 DAGs
[2025-09-13T08:55:00.597+0000] {logging_mixin.py:149} INFO - [2025-09-13T08:55:00.597+0000] {dag.py:3490} INFO - Setting next_dagrun for example_params_ui_tutorial to None, run_after=None
[2025-09-13T08:55:00.620+0000] {processor.py:179} INFO - Processing /home/airflow/.local/lib/python3.7/site-packages/airflow/example_dags/example_params_ui_tutorial.py took 0.172 seconds
[2025-09-13T08:55:31.086+0000] {processor.py:157} INFO - Started process (PID=1722) to work on /home/airflow/.local/lib/python3.7/site-packages/airflow/example_dags/example_params_ui_tutorial.py
[2025-09-13T08:55:31.088+0000] {processor.py:826} INFO - Processing file /home/airflow/.local/lib/python3.7/site-packages/airflow/example_dags/example_params_ui_tutorial.py for tasks to queue
[2025-09-13T08:55:31.089+0000] {logging_mixin.py:149} INFO - [2025-09-13T08:55:31.089+0000] {dagbag.py:541} INFO - Filling up the DagBag from /home/airflow/.local/lib/python3.7/site-packages/airflow/example_dags/example_params_ui_tutorial.py
[2025-09-13T08:55:31.140+0000] {processor.py:836} INFO - DAG(s) dict_keys(['example_params_ui_tutorial']) retrieved from /home/airflow/.local/lib/python3.7/site-packages/airflow/example_dags/example_params_ui_tutorial.py
[2025-09-13T08:55:31.218+0000] {logging_mixin.py:149} INFO - [2025-09-13T08:55:31.218+0000] {dag.py:2726} INFO - Sync 1 DAGs
[2025-09-13T08:55:31.246+0000] {logging_mixin.py:149} INFO - [2025-09-13T08:55:31.246+0000] {dag.py:3490} INFO - Setting next_dagrun for example_params_ui_tutorial to None, run_after=None
[2025-09-13T08:55:31.267+0000] {processor.py:179} INFO - Processing /home/airflow/.local/lib/python3.7/site-packages/airflow/example_dags/example_params_ui_tutorial.py took 0.185 seconds
[2025-09-13T08:56:02.097+0000] {processor.py:157} INFO - Started process (PID=2003) to work on /home/airflow/.local/lib/python3.7/site-packages/airflow/example_dags/example_params_ui_tutorial.py
[2025-09-13T08:56:02.098+0000] {processor.py:826} INFO - Processing file /home/airflow/.local/lib/python3.7/site-packages/airflow/example_dags/example_params_ui_tutorial.py for tasks to queue
[2025-09-13T08:56:02.100+0000] {logging_mixin.py:149} INFO - [2025-09-13T08:56:02.099+0000] {dagbag.py:541} INFO - Filling up the DagBag from /home/airflow/.local/lib/python3.7/site-packages/airflow/example_dags/example_params_ui_tutorial.py
[2025-09-13T08:56:02.148+0000] {processor.py:836} INFO - DAG(s) dict_keys(['example_params_ui_tutorial']) retrieved from /home/airflow/.local/lib/python3.7/site-packages/airflow/example_dags/example_params_ui_tutorial.py
[2025-09-13T08:56:02.221+0000] {logging_mixin.py:149} INFO - [2025-09-13T08:56:02.221+0000] {dag.py:2726} INFO - Sync 1 DAGs
[2025-09-13T08:56:02.249+0000] {logging_mixin.py:149} INFO - [2025-09-13T08:56:02.249+0000] {dag.py:3490} INFO - Setting next_dagrun for example_params_ui_tutorial to None, run_after=None
[2025-09-13T08:56:02.270+0000] {processor.py:179} INFO - Processing /home/airflow/.local/lib/python3.7/site-packages/airflow/example_dags/example_params_ui_tutorial.py took 0.177 seconds
[2025-09-13T08:56:32.833+0000] {processor.py:157} INFO - Started process (PID=2284) to work on /home/airflow/.local/lib/python3.7/site-packages/airflow/example_dags/example_params_ui_tutorial.py
[2025-09-13T08:56:32.835+0000] {processor.py:826} INFO - Processing file /home/airflow/.local/lib/python3.7/site-packages/airflow/example_dags/example_params_ui_tutorial.py for tasks to queue
[2025-09-13T08:56:32.836+0000] {logging_mixin.py:149} INFO - [2025-09-13T08:56:32.836+0000] {dagbag.py:541} INFO - Filling up the DagBag from /home/airflow/.local/lib/python3.7/site-packages/airflow/example_dags/example_params_ui_tutorial.py
[2025-09-13T08:56:32.883+0000] {processor.py:836} INFO - DAG(s) dict_keys(['example_params_ui_tutorial']) retrieved from /home/airflow/.local/lib/python3.7/site-packages/airflow/example_dags/example_params_ui_tutorial.py
[2025-09-13T08:56:32.982+0000] {logging_mixin.py:149} INFO - [2025-09-13T08:56:32.981+0000] {dag.py:2726} INFO - Sync 1 DAGs
[2025-09-13T08:56:33.033+0000] {logging_mixin.py:149} INFO - [2025-09-13T08:56:33.033+0000] {dag.py:3490} INFO - Setting next_dagrun for example_params_ui_tutorial to None, run_after=None
[2025-09-13T08:56:33.070+0000] {processor.py:179} INFO - Processing /home/airflow/.local/lib/python3.7/site-packages/airflow/example_dags/example_params_ui_tutorial.py took 0.241 seconds
[2025-09-13T08:57:03.123+0000] {processor.py:157} INFO - Started process (PID=2564) to work on /home/airflow/.local/lib/python3.7/site-packages/airflow/example_dags/example_params_ui_tutorial.py
[2025-09-13T08:57:03.132+0000] {processor.py:826} INFO - Processing file /home/airflow/.local/lib/python3.7/site-packages/airflow/example_dags/example_params_ui_tutorial.py for tasks to queue
[2025-09-13T08:57:03.135+0000] {logging_mixin.py:149} INFO - [2025-09-13T08:57:03.134+0000] {dagbag.py:541} INFO - Filling up the DagBag from /home/airflow/.local/lib/python3.7/site-packages/airflow/example_dags/example_params_ui_tutorial.py
[2025-09-13T08:57:03.185+0000] {processor.py:836} INFO - DAG(s) dict_keys(['example_params_ui_tutorial']) retrieved from /home/airflow/.local/lib/python3.7/site-packages/airflow/example_dags/example_params_ui_tutorial.py
[2025-09-13T08:57:03.255+0000] {logging_mixin.py:149} INFO - [2025-09-13T08:57:03.255+0000] {dag.py:2726} INFO - Sync 1 DAGs
[2025-09-13T08:57:03.290+0000] {logging_mixin.py:149} INFO - [2025-09-13T08:57:03.289+0000] {dag.py:3490} INFO - Setting next_dagrun for example_params_ui_tutorial to None, run_after=None
[2025-09-13T08:57:03.310+0000] {processor.py:179} INFO - Processing /home/airflow/.local/lib/python3.7/site-packages/airflow/example_dags/example_params_ui_tutorial.py took 0.196 seconds
[2025-09-13T08:57:33.894+0000] {processor.py:157} INFO - Started process (PID=2847) to work on /home/airflow/.local/lib/python3.7/site-packages/airflow/example_dags/example_params_ui_tutorial.py
[2025-09-13T08:57:33.895+0000] {processor.py:826} INFO - Processing file /home/airflow/.local/lib/python3.7/site-packages/airflow/example_dags/example_params_ui_tutorial.py for tasks to queue
[2025-09-13T08:57:33.896+0000] {logging_mixin.py:149} INFO - [2025-09-13T08:57:33.896+0000] {dagbag.py:541} INFO - Filling up the DagBag from /home/airflow/.local/lib/python3.7/site-packages/airflow/example_dags/example_params_ui_tutorial.py
[2025-09-13T08:57:33.942+0000] {processor.py:836} INFO - DAG(s) dict_keys(['example_params_ui_tutorial']) retrieved from /home/airflow/.local/lib/python3.7/site-packages/airflow/example_dags/example_params_ui_tutorial.py
[2025-09-13T08:57:34.014+0000] {logging_mixin.py:149} INFO - [2025-09-13T08:57:34.014+0000] {dag.py:2726} INFO - Sync 1 DAGs
[2025-09-13T08:57:34.043+0000] {logging_mixin.py:149} INFO - [2025-09-13T08:57:34.043+0000] {dag.py:3490} INFO - Setting next_dagrun for example_params_ui_tutorial to None, run_after=None
[2025-09-13T08:57:34.065+0000] {processor.py:179} INFO - Processing /home/airflow/.local/lib/python3.7/site-packages/airflow/example_dags/example_params_ui_tutorial.py took 0.174 seconds
[2025-09-13T08:58:04.691+0000] {processor.py:157} INFO - Started process (PID=3128) to work on /home/airflow/.local/lib/python3.7/site-packages/airflow/example_dags/example_params_ui_tutorial.py
[2025-09-13T08:58:04.692+0000] {processor.py:826} INFO - Processing file /home/airflow/.local/lib/python3.7/site-packages/airflow/example_dags/example_params_ui_tutorial.py for tasks to queue
[2025-09-13T08:58:04.693+0000] {logging_mixin.py:149} INFO - [2025-09-13T08:58:04.693+0000] {dagbag.py:541} INFO - Filling up the DagBag from /home/airflow/.local/lib/python3.7/site-packages/airflow/example_dags/example_params_ui_tutorial.py
[2025-09-13T08:58:04.739+0000] {processor.py:836} INFO - DAG(s) dict_keys(['example_params_ui_tutorial']) retrieved from /home/airflow/.local/lib/python3.7/site-packages/airflow/example_dags/example_params_ui_tutorial.py
[2025-09-13T08:58:04.813+0000] {logging_mixin.py:149} INFO - [2025-09-13T08:58:04.813+0000] {dag.py:2726} INFO - Sync 1 DAGs
[2025-09-13T08:58:04.841+0000] {logging_mixin.py:149} INFO - [2025-09-13T08:58:04.841+0000] {dag.py:3490} INFO - Setting next_dagrun for example_params_ui_tutorial to None, run_after=None
[2025-09-13T08:58:04.861+0000] {processor.py:179} INFO - Processing /home/airflow/.local/lib/python3.7/site-packages/airflow/example_dags/example_params_ui_tutorial.py took 0.173 seconds
[2025-09-13T08:58:35.395+0000] {processor.py:157} INFO - Started process (PID=3408) to work on /home/airflow/.local/lib/python3.7/site-packages/airflow/example_dags/example_params_ui_tutorial.py
[2025-09-13T08:58:35.396+0000] {processor.py:826} INFO - Processing file /home/airflow/.local/lib/python3.7/site-packages/airflow/example_dags/example_params_ui_tutorial.py for tasks to queue
[2025-09-13T08:58:35.398+0000] {logging_mixin.py:149} INFO - [2025-09-13T08:58:35.398+0000] {dagbag.py:541} INFO - Filling up the DagBag from /home/airflow/.local/lib/python3.7/site-packages/airflow/example_dags/example_params_ui_tutorial.py
[2025-09-13T08:58:35.448+0000] {processor.py:836} INFO - DAG(s) dict_keys(['example_params_ui_tutorial']) retrieved from /home/airflow/.local/lib/python3.7/site-packages/airflow/example_dags/example_params_ui_tutorial.py
[2025-09-13T08:58:35.525+0000] {logging_mixin.py:149} INFO - [2025-09-13T08:58:35.524+0000] {dag.py:2726} INFO - Sync 1 DAGs
[2025-09-13T08:58:35.557+0000] {logging_mixin.py:149} INFO - [2025-09-13T08:58:35.557+0000] {dag.py:3490} INFO - Setting next_dagrun for example_params_ui_tutorial to None, run_after=None
[2025-09-13T08:58:35.579+0000] {processor.py:179} INFO - Processing /home/airflow/.local/lib/python3.7/site-packages/airflow/example_dags/example_params_ui_tutorial.py took 0.187 seconds
[2025-09-13T08:59:06.463+0000] {processor.py:157} INFO - Started process (PID=3689) to work on /home/airflow/.local/lib/python3.7/site-packages/airflow/example_dags/example_params_ui_tutorial.py
[2025-09-13T08:59:06.464+0000] {processor.py:826} INFO - Processing file /home/airflow/.local/lib/python3.7/site-packages/airflow/example_dags/example_params_ui_tutorial.py for tasks to queue
[2025-09-13T08:59:06.465+0000] {logging_mixin.py:149} INFO - [2025-09-13T08:59:06.464+0000] {dagbag.py:541} INFO - Filling up the DagBag from /home/airflow/.local/lib/python3.7/site-packages/airflow/example_dags/example_params_ui_tutorial.py
[2025-09-13T08:59:06.511+0000] {processor.py:836} INFO - DAG(s) dict_keys(['example_params_ui_tutorial']) retrieved from /home/airflow/.local/lib/python3.7/site-packages/airflow/example_dags/example_params_ui_tutorial.py
[2025-09-13T08:59:06.584+0000] {logging_mixin.py:149} INFO - [2025-09-13T08:59:06.584+0000] {dag.py:2726} INFO - Sync 1 DAGs
[2025-09-13T08:59:06.614+0000] {logging_mixin.py:149} INFO - [2025-09-13T08:59:06.614+0000] {dag.py:3490} INFO - Setting next_dagrun for example_params_ui_tutorial to None, run_after=None
[2025-09-13T08:59:06.634+0000] {processor.py:179} INFO - Processing /home/airflow/.local/lib/python3.7/site-packages/airflow/example_dags/example_params_ui_tutorial.py took 0.175 seconds
[2025-09-13T08:59:37.379+0000] {processor.py:157} INFO - Started process (PID=3970) to work on /home/airflow/.local/lib/python3.7/site-packages/airflow/example_dags/example_params_ui_tutorial.py
[2025-09-13T08:59:37.380+0000] {processor.py:826} INFO - Processing file /home/airflow/.local/lib/python3.7/site-packages/airflow/example_dags/example_params_ui_tutorial.py for tasks to queue
[2025-09-13T08:59:37.381+0000] {logging_mixin.py:149} INFO - [2025-09-13T08:59:37.381+0000] {dagbag.py:541} INFO - Filling up the DagBag from /home/airflow/.local/lib/python3.7/site-packages/airflow/example_dags/example_params_ui_tutorial.py
[2025-09-13T08:59:37.429+0000] {processor.py:836} INFO - DAG(s) dict_keys(['example_params_ui_tutorial']) retrieved from /home/airflow/.local/lib/python3.7/site-packages/airflow/example_dags/example_params_ui_tutorial.py
[2025-09-13T08:59:37.506+0000] {logging_mixin.py:149} INFO - [2025-09-13T08:59:37.505+0000] {dag.py:2726} INFO - Sync 1 DAGs
[2025-09-13T08:59:37.533+0000] {logging_mixin.py:149} INFO - [2025-09-13T08:59:37.533+0000] {dag.py:3490} INFO - Setting next_dagrun for example_params_ui_tutorial to None, run_after=None
[2025-09-13T08:59:37.555+0000] {processor.py:179} INFO - Processing /home/airflow/.local/lib/python3.7/site-packages/airflow/example_dags/example_params_ui_tutorial.py took 0.179 seconds
[2025-09-13T09:00:08.456+0000] {processor.py:157} INFO - Started process (PID=4251) to work on /home/airflow/.local/lib/python3.7/site-packages/airflow/example_dags/example_params_ui_tutorial.py
[2025-09-13T09:00:08.457+0000] {processor.py:826} INFO - Processing file /home/airflow/.local/lib/python3.7/site-packages/airflow/example_dags/example_params_ui_tutorial.py for tasks to queue
[2025-09-13T09:00:08.458+0000] {logging_mixin.py:149} INFO - [2025-09-13T09:00:08.458+0000] {dagbag.py:541} INFO - Filling up the DagBag from /home/airflow/.local/lib/python3.7/site-packages/airflow/example_dags/example_params_ui_tutorial.py
[2025-09-13T09:00:08.509+0000] {processor.py:836} INFO - DAG(s) dict_keys(['example_params_ui_tutorial']) retrieved from /home/airflow/.local/lib/python3.7/site-packages/airflow/example_dags/example_params_ui_tutorial.py
[2025-09-13T09:00:08.592+0000] {logging_mixin.py:149} INFO - [2025-09-13T09:00:08.592+0000] {dag.py:2726} INFO - Sync 1 DAGs
[2025-09-13T09:00:08.620+0000] {logging_mixin.py:149} INFO - [2025-09-13T09:00:08.620+0000] {dag.py:3490} INFO - Setting next_dagrun for example_params_ui_tutorial to None, run_after=None
[2025-09-13T09:00:08.645+0000] {processor.py:179} INFO - Processing /home/airflow/.local/lib/python3.7/site-packages/airflow/example_dags/example_params_ui_tutorial.py took 0.192 seconds
[2025-09-13T09:00:39.288+0000] {processor.py:157} INFO - Started process (PID=4533) to work on /home/airflow/.local/lib/python3.7/site-packages/airflow/example_dags/example_params_ui_tutorial.py
[2025-09-13T09:00:39.289+0000] {processor.py:826} INFO - Processing file /home/airflow/.local/lib/python3.7/site-packages/airflow/example_dags/example_params_ui_tutorial.py for tasks to queue
[2025-09-13T09:00:39.290+0000] {logging_mixin.py:149} INFO - [2025-09-13T09:00:39.289+0000] {dagbag.py:541} INFO - Filling up the DagBag from /home/airflow/.local/lib/python3.7/site-packages/airflow/example_dags/example_params_ui_tutorial.py
[2025-09-13T09:00:39.336+0000] {processor.py:836} INFO - DAG(s) dict_keys(['example_params_ui_tutorial']) retrieved from /home/airflow/.local/lib/python3.7/site-packages/airflow/example_dags/example_params_ui_tutorial.py
[2025-09-13T09:00:39.416+0000] {logging_mixin.py:149} INFO - [2025-09-13T09:00:39.415+0000] {dag.py:2726} INFO - Sync 1 DAGs
[2025-09-13T09:00:39.449+0000] {logging_mixin.py:149} INFO - [2025-09-13T09:00:39.449+0000] {dag.py:3490} INFO - Setting next_dagrun for example_params_ui_tutorial to None, run_after=None
[2025-09-13T09:00:39.470+0000] {processor.py:179} INFO - Processing /home/airflow/.local/lib/python3.7/site-packages/airflow/example_dags/example_params_ui_tutorial.py took 0.186 seconds
[2025-09-13T09:01:10.105+0000] {processor.py:157} INFO - Started process (PID=4814) to work on /home/airflow/.local/lib/python3.7/site-packages/airflow/example_dags/example_params_ui_tutorial.py
[2025-09-13T09:01:10.106+0000] {processor.py:826} INFO - Processing file /home/airflow/.local/lib/python3.7/site-packages/airflow/example_dags/example_params_ui_tutorial.py for tasks to queue
[2025-09-13T09:01:10.107+0000] {logging_mixin.py:149} INFO - [2025-09-13T09:01:10.107+0000] {dagbag.py:541} INFO - Filling up the DagBag from /home/airflow/.local/lib/python3.7/site-packages/airflow/example_dags/example_params_ui_tutorial.py
[2025-09-13T09:01:10.153+0000] {processor.py:836} INFO - DAG(s) dict_keys(['example_params_ui_tutorial']) retrieved from /home/airflow/.local/lib/python3.7/site-packages/airflow/example_dags/example_params_ui_tutorial.py
[2025-09-13T09:01:10.232+0000] {logging_mixin.py:149} INFO - [2025-09-13T09:01:10.232+0000] {dag.py:2726} INFO - Sync 1 DAGs
[2025-09-13T09:01:10.267+0000] {logging_mixin.py:149} INFO - [2025-09-13T09:01:10.266+0000] {dag.py:3490} INFO - Setting next_dagrun for example_params_ui_tutorial to None, run_after=None
[2025-09-13T09:01:10.289+0000] {processor.py:179} INFO - Processing /home/airflow/.local/lib/python3.7/site-packages/airflow/example_dags/example_params_ui_tutorial.py took 0.188 seconds
[2025-09-13T09:01:40.622+0000] {processor.py:157} INFO - Started process (PID=5095) to work on /home/airflow/.local/lib/python3.7/site-packages/airflow/example_dags/example_params_ui_tutorial.py
[2025-09-13T09:01:40.623+0000] {processor.py:826} INFO - Processing file /home/airflow/.local/lib/python3.7/site-packages/airflow/example_dags/example_params_ui_tutorial.py for tasks to queue
[2025-09-13T09:01:40.624+0000] {logging_mixin.py:149} INFO - [2025-09-13T09:01:40.624+0000] {dagbag.py:541} INFO - Filling up the DagBag from /home/airflow/.local/lib/python3.7/site-packages/airflow/example_dags/example_params_ui_tutorial.py
[2025-09-13T09:01:40.672+0000] {processor.py:836} INFO - DAG(s) dict_keys(['example_params_ui_tutorial']) retrieved from /home/airflow/.local/lib/python3.7/site-packages/airflow/example_dags/example_params_ui_tutorial.py
[2025-09-13T09:01:40.746+0000] {logging_mixin.py:149} INFO - [2025-09-13T09:01:40.746+0000] {dag.py:2726} INFO - Sync 1 DAGs
[2025-09-13T09:01:40.777+0000] {logging_mixin.py:149} INFO - [2025-09-13T09:01:40.777+0000] {dag.py:3490} INFO - Setting next_dagrun for example_params_ui_tutorial to None, run_after=None
[2025-09-13T09:01:40.800+0000] {processor.py:179} INFO - Processing /home/airflow/.local/lib/python3.7/site-packages/airflow/example_dags/example_params_ui_tutorial.py took 0.181 seconds
[2025-09-13T09:02:11.739+0000] {processor.py:157} INFO - Started process (PID=5376) to work on /home/airflow/.local/lib/python3.7/site-packages/airflow/example_dags/example_params_ui_tutorial.py
[2025-09-13T09:02:11.740+0000] {processor.py:826} INFO - Processing file /home/airflow/.local/lib/python3.7/site-packages/airflow/example_dags/example_params_ui_tutorial.py for tasks to queue
[2025-09-13T09:02:11.741+0000] {logging_mixin.py:149} INFO - [2025-09-13T09:02:11.741+0000] {dagbag.py:541} INFO - Filling up the DagBag from /home/airflow/.local/lib/python3.7/site-packages/airflow/example_dags/example_params_ui_tutorial.py
[2025-09-13T09:02:11.799+0000] {processor.py:836} INFO - DAG(s) dict_keys(['example_params_ui_tutorial']) retrieved from /home/airflow/.local/lib/python3.7/site-packages/airflow/example_dags/example_params_ui_tutorial.py
[2025-09-13T09:02:11.875+0000] {logging_mixin.py:149} INFO - [2025-09-13T09:02:11.875+0000] {dag.py:2726} INFO - Sync 1 DAGs
[2025-09-13T09:02:11.902+0000] {logging_mixin.py:149} INFO - [2025-09-13T09:02:11.902+0000] {dag.py:3490} INFO - Setting next_dagrun for example_params_ui_tutorial to None, run_after=None
[2025-09-13T09:02:11.922+0000] {processor.py:179} INFO - Processing /home/airflow/.local/lib/python3.7/site-packages/airflow/example_dags/example_params_ui_tutorial.py took 0.188 seconds
[2025-09-13T09:02:42.490+0000] {processor.py:157} INFO - Started process (PID=5657) to work on /home/airflow/.local/lib/python3.7/site-packages/airflow/example_dags/example_params_ui_tutorial.py
[2025-09-13T09:02:42.491+0000] {processor.py:826} INFO - Processing file /home/airflow/.local/lib/python3.7/site-packages/airflow/example_dags/example_params_ui_tutorial.py for tasks to queue
[2025-09-13T09:02:42.492+0000] {logging_mixin.py:149} INFO - [2025-09-13T09:02:42.492+0000] {dagbag.py:541} INFO - Filling up the DagBag from /home/airflow/.local/lib/python3.7/site-packages/airflow/example_dags/example_params_ui_tutorial.py
[2025-09-13T09:02:42.543+0000] {processor.py:836} INFO - DAG(s) dict_keys(['example_params_ui_tutorial']) retrieved from /home/airflow/.local/lib/python3.7/site-packages/airflow/example_dags/example_params_ui_tutorial.py
[2025-09-13T09:02:42.615+0000] {logging_mixin.py:149} INFO - [2025-09-13T09:02:42.615+0000] {dag.py:2726} INFO - Sync 1 DAGs
[2025-09-13T09:02:42.643+0000] {logging_mixin.py:149} INFO - [2025-09-13T09:02:42.642+0000] {dag.py:3490} INFO - Setting next_dagrun for example_params_ui_tutorial to None, run_after=None
[2025-09-13T09:02:42.665+0000] {processor.py:179} INFO - Processing /home/airflow/.local/lib/python3.7/site-packages/airflow/example_dags/example_params_ui_tutorial.py took 0.179 seconds
[2025-09-13T09:03:13.450+0000] {processor.py:157} INFO - Started process (PID=5938) to work on /home/airflow/.local/lib/python3.7/site-packages/airflow/example_dags/example_params_ui_tutorial.py
[2025-09-13T09:03:13.451+0000] {processor.py:826} INFO - Processing file /home/airflow/.local/lib/python3.7/site-packages/airflow/example_dags/example_params_ui_tutorial.py for tasks to queue
[2025-09-13T09:03:13.452+0000] {logging_mixin.py:149} INFO - [2025-09-13T09:03:13.452+0000] {dagbag.py:541} INFO - Filling up the DagBag from /home/airflow/.local/lib/python3.7/site-packages/airflow/example_dags/example_params_ui_tutorial.py
[2025-09-13T09:03:13.505+0000] {processor.py:836} INFO - DAG(s) dict_keys(['example_params_ui_tutorial']) retrieved from /home/airflow/.local/lib/python3.7/site-packages/airflow/example_dags/example_params_ui_tutorial.py
[2025-09-13T09:03:13.583+0000] {logging_mixin.py:149} INFO - [2025-09-13T09:03:13.582+0000] {dag.py:2726} INFO - Sync 1 DAGs
[2025-09-13T09:03:13.609+0000] {logging_mixin.py:149} INFO - [2025-09-13T09:03:13.609+0000] {dag.py:3490} INFO - Setting next_dagrun for example_params_ui_tutorial to None, run_after=None
[2025-09-13T09:03:13.630+0000] {processor.py:179} INFO - Processing /home/airflow/.local/lib/python3.7/site-packages/airflow/example_dags/example_params_ui_tutorial.py took 0.183 seconds
[2025-09-13T09:03:44.417+0000] {processor.py:157} INFO - Started process (PID=6219) to work on /home/airflow/.local/lib/python3.7/site-packages/airflow/example_dags/example_params_ui_tutorial.py
[2025-09-13T09:03:44.418+0000] {processor.py:826} INFO - Processing file /home/airflow/.local/lib/python3.7/site-packages/airflow/example_dags/example_params_ui_tutorial.py for tasks to queue
[2025-09-13T09:03:44.419+0000] {logging_mixin.py:149} INFO - [2025-09-13T09:03:44.418+0000] {dagbag.py:541} INFO - Filling up the DagBag from /home/airflow/.local/lib/python3.7/site-packages/airflow/example_dags/example_params_ui_tutorial.py
[2025-09-13T09:03:44.467+0000] {processor.py:836} INFO - DAG(s) dict_keys(['example_params_ui_tutorial']) retrieved from /home/airflow/.local/lib/python3.7/site-packages/airflow/example_dags/example_params_ui_tutorial.py
[2025-09-13T09:03:44.561+0000] {logging_mixin.py:149} INFO - [2025-09-13T09:03:44.561+0000] {dag.py:2726} INFO - Sync 1 DAGs
[2025-09-13T09:03:44.592+0000] {logging_mixin.py:149} INFO - [2025-09-13T09:03:44.592+0000] {dag.py:3490} INFO - Setting next_dagrun for example_params_ui_tutorial to None, run_after=None
[2025-09-13T09:03:44.615+0000] {processor.py:179} INFO - Processing /home/airflow/.local/lib/python3.7/site-packages/airflow/example_dags/example_params_ui_tutorial.py took 0.202 seconds
