[2025-09-13T07:52:58.466+0000] {processor.py:157} INFO - Started process (PID=341) to work on /home/airflow/.local/lib/python3.7/site-packages/airflow/example_dags/example_branch_operator.py
[2025-09-13T07:52:58.468+0000] {processor.py:826} INFO - Processing file /home/airflow/.local/lib/python3.7/site-packages/airflow/example_dags/example_branch_operator.py for tasks to queue
[2025-09-13T07:52:58.469+0000] {logging_mixin.py:149} INFO - [2025-09-13T07:52:58.469+0000] {dagbag.py:541} INFO - Filling up the DagBag from /home/airflow/.local/lib/python3.7/site-packages/airflow/example_dags/example_branch_operator.py
[2025-09-13T07:52:58.484+0000] {processor.py:836} INFO - DAG(s) dict_keys(['example_branch_operator']) retrieved from /home/airflow/.local/lib/python3.7/site-packages/airflow/example_dags/example_branch_operator.py
[2025-09-13T07:52:58.554+0000] {logging_mixin.py:149} INFO - [2025-09-13T07:52:58.554+0000] {dag.py:2726} INFO - Sync 1 DAGs
[2025-09-13T07:52:58.627+0000] {logging_mixin.py:149} INFO - [2025-09-13T07:52:58.626+0000] {dag.py:3490} INFO - Setting next_dagrun for example_branch_operator to 2025-09-12T00:00:00+00:00, run_after=2025-09-13T00:00:00+00:00
[2025-09-13T07:52:58.670+0000] {processor.py:179} INFO - Processing /home/airflow/.local/lib/python3.7/site-packages/airflow/example_dags/example_branch_operator.py took 0.209 seconds
[2025-09-13T07:53:28.778+0000] {processor.py:157} INFO - Started process (PID=626) to work on /home/airflow/.local/lib/python3.7/site-packages/airflow/example_dags/example_branch_operator.py
[2025-09-13T07:53:28.779+0000] {processor.py:826} INFO - Processing file /home/airflow/.local/lib/python3.7/site-packages/airflow/example_dags/example_branch_operator.py for tasks to queue
[2025-09-13T07:53:28.780+0000] {logging_mixin.py:149} INFO - [2025-09-13T07:53:28.780+0000] {dagbag.py:541} INFO - Filling up the DagBag from /home/airflow/.local/lib/python3.7/site-packages/airflow/example_dags/example_branch_operator.py
[2025-09-13T07:53:28.790+0000] {processor.py:836} INFO - DAG(s) dict_keys(['example_branch_operator']) retrieved from /home/airflow/.local/lib/python3.7/site-packages/airflow/example_dags/example_branch_operator.py
[2025-09-13T07:53:28.820+0000] {logging_mixin.py:149} INFO - [2025-09-13T07:53:28.820+0000] {dag.py:2726} INFO - Sync 1 DAGs
[2025-09-13T07:53:28.959+0000] {logging_mixin.py:149} INFO - [2025-09-13T07:53:28.959+0000] {dag.py:3490} INFO - Setting next_dagrun for example_branch_operator to 2025-09-12T00:00:00+00:00, run_after=2025-09-13T00:00:00+00:00
[2025-09-13T07:53:28.981+0000] {processor.py:179} INFO - Processing /home/airflow/.local/lib/python3.7/site-packages/airflow/example_dags/example_branch_operator.py took 0.206 seconds
[2025-09-13T07:53:59.151+0000] {processor.py:157} INFO - Started process (PID=907) to work on /home/airflow/.local/lib/python3.7/site-packages/airflow/example_dags/example_branch_operator.py
[2025-09-13T07:53:59.152+0000] {processor.py:826} INFO - Processing file /home/airflow/.local/lib/python3.7/site-packages/airflow/example_dags/example_branch_operator.py for tasks to queue
[2025-09-13T07:53:59.153+0000] {logging_mixin.py:149} INFO - [2025-09-13T07:53:59.153+0000] {dagbag.py:541} INFO - Filling up the DagBag from /home/airflow/.local/lib/python3.7/site-packages/airflow/example_dags/example_branch_operator.py
[2025-09-13T07:53:59.167+0000] {processor.py:836} INFO - DAG(s) dict_keys(['example_branch_operator']) retrieved from /home/airflow/.local/lib/python3.7/site-packages/airflow/example_dags/example_branch_operator.py
[2025-09-13T07:53:59.201+0000] {logging_mixin.py:149} INFO - [2025-09-13T07:53:59.201+0000] {dag.py:2726} INFO - Sync 1 DAGs
[2025-09-13T07:53:59.235+0000] {logging_mixin.py:149} INFO - [2025-09-13T07:53:59.235+0000] {dag.py:3490} INFO - Setting next_dagrun for example_branch_operator to 2025-09-12T00:00:00+00:00, run_after=2025-09-13T00:00:00+00:00
[2025-09-13T07:53:59.256+0000] {processor.py:179} INFO - Processing /home/airflow/.local/lib/python3.7/site-packages/airflow/example_dags/example_branch_operator.py took 0.110 seconds
[2025-09-13T07:54:29.837+0000] {processor.py:157} INFO - Started process (PID=1188) to work on /home/airflow/.local/lib/python3.7/site-packages/airflow/example_dags/example_branch_operator.py
[2025-09-13T07:54:29.838+0000] {processor.py:826} INFO - Processing file /home/airflow/.local/lib/python3.7/site-packages/airflow/example_dags/example_branch_operator.py for tasks to queue
[2025-09-13T07:54:29.839+0000] {logging_mixin.py:149} INFO - [2025-09-13T07:54:29.839+0000] {dagbag.py:541} INFO - Filling up the DagBag from /home/airflow/.local/lib/python3.7/site-packages/airflow/example_dags/example_branch_operator.py
[2025-09-13T07:54:29.849+0000] {processor.py:836} INFO - DAG(s) dict_keys(['example_branch_operator']) retrieved from /home/airflow/.local/lib/python3.7/site-packages/airflow/example_dags/example_branch_operator.py
[2025-09-13T07:54:29.879+0000] {logging_mixin.py:149} INFO - [2025-09-13T07:54:29.879+0000] {dag.py:2726} INFO - Sync 1 DAGs
[2025-09-13T07:54:29.908+0000] {logging_mixin.py:149} INFO - [2025-09-13T07:54:29.908+0000] {dag.py:3490} INFO - Setting next_dagrun for example_branch_operator to 2025-09-12T00:00:00+00:00, run_after=2025-09-13T00:00:00+00:00
[2025-09-13T07:54:29.927+0000] {processor.py:179} INFO - Processing /home/airflow/.local/lib/python3.7/site-packages/airflow/example_dags/example_branch_operator.py took 0.093 seconds
[2025-09-13T07:55:00.631+0000] {processor.py:157} INFO - Started process (PID=1469) to work on /home/airflow/.local/lib/python3.7/site-packages/airflow/example_dags/example_branch_operator.py
[2025-09-13T07:55:00.632+0000] {processor.py:826} INFO - Processing file /home/airflow/.local/lib/python3.7/site-packages/airflow/example_dags/example_branch_operator.py for tasks to queue
[2025-09-13T07:55:00.632+0000] {logging_mixin.py:149} INFO - [2025-09-13T07:55:00.632+0000] {dagbag.py:541} INFO - Filling up the DagBag from /home/airflow/.local/lib/python3.7/site-packages/airflow/example_dags/example_branch_operator.py
[2025-09-13T07:55:00.643+0000] {processor.py:836} INFO - DAG(s) dict_keys(['example_branch_operator']) retrieved from /home/airflow/.local/lib/python3.7/site-packages/airflow/example_dags/example_branch_operator.py
[2025-09-13T07:55:00.672+0000] {logging_mixin.py:149} INFO - [2025-09-13T07:55:00.672+0000] {dag.py:2726} INFO - Sync 1 DAGs
[2025-09-13T07:55:00.701+0000] {logging_mixin.py:149} INFO - [2025-09-13T07:55:00.700+0000] {dag.py:3490} INFO - Setting next_dagrun for example_branch_operator to 2025-09-12T00:00:00+00:00, run_after=2025-09-13T00:00:00+00:00
[2025-09-13T07:55:00.720+0000] {processor.py:179} INFO - Processing /home/airflow/.local/lib/python3.7/site-packages/airflow/example_dags/example_branch_operator.py took 0.093 seconds
[2025-09-13T07:55:31.336+0000] {processor.py:157} INFO - Started process (PID=1750) to work on /home/airflow/.local/lib/python3.7/site-packages/airflow/example_dags/example_branch_operator.py
[2025-09-13T07:55:31.337+0000] {processor.py:826} INFO - Processing file /home/airflow/.local/lib/python3.7/site-packages/airflow/example_dags/example_branch_operator.py for tasks to queue
[2025-09-13T07:55:31.339+0000] {logging_mixin.py:149} INFO - [2025-09-13T07:55:31.339+0000] {dagbag.py:541} INFO - Filling up the DagBag from /home/airflow/.local/lib/python3.7/site-packages/airflow/example_dags/example_branch_operator.py
[2025-09-13T07:55:31.350+0000] {processor.py:836} INFO - DAG(s) dict_keys(['example_branch_operator']) retrieved from /home/airflow/.local/lib/python3.7/site-packages/airflow/example_dags/example_branch_operator.py
[2025-09-13T07:55:31.380+0000] {logging_mixin.py:149} INFO - [2025-09-13T07:55:31.380+0000] {dag.py:2726} INFO - Sync 1 DAGs
[2025-09-13T07:55:31.410+0000] {logging_mixin.py:149} INFO - [2025-09-13T07:55:31.409+0000] {dag.py:3490} INFO - Setting next_dagrun for example_branch_operator to 2025-09-12T00:00:00+00:00, run_after=2025-09-13T00:00:00+00:00
[2025-09-13T07:55:31.431+0000] {processor.py:179} INFO - Processing /home/airflow/.local/lib/python3.7/site-packages/airflow/example_dags/example_branch_operator.py took 0.098 seconds
[2025-09-13T07:56:02.236+0000] {processor.py:157} INFO - Started process (PID=2031) to work on /home/airflow/.local/lib/python3.7/site-packages/airflow/example_dags/example_branch_operator.py
[2025-09-13T07:56:02.237+0000] {processor.py:826} INFO - Processing file /home/airflow/.local/lib/python3.7/site-packages/airflow/example_dags/example_branch_operator.py for tasks to queue
[2025-09-13T07:56:02.237+0000] {logging_mixin.py:149} INFO - [2025-09-13T07:56:02.237+0000] {dagbag.py:541} INFO - Filling up the DagBag from /home/airflow/.local/lib/python3.7/site-packages/airflow/example_dags/example_branch_operator.py
[2025-09-13T07:56:02.248+0000] {processor.py:836} INFO - DAG(s) dict_keys(['example_branch_operator']) retrieved from /home/airflow/.local/lib/python3.7/site-packages/airflow/example_dags/example_branch_operator.py
[2025-09-13T07:56:02.278+0000] {logging_mixin.py:149} INFO - [2025-09-13T07:56:02.278+0000] {dag.py:2726} INFO - Sync 1 DAGs
[2025-09-13T07:56:02.307+0000] {logging_mixin.py:149} INFO - [2025-09-13T07:56:02.306+0000] {dag.py:3490} INFO - Setting next_dagrun for example_branch_operator to 2025-09-12T00:00:00+00:00, run_after=2025-09-13T00:00:00+00:00
[2025-09-13T07:56:02.330+0000] {processor.py:179} INFO - Processing /home/airflow/.local/lib/python3.7/site-packages/airflow/example_dags/example_branch_operator.py took 0.098 seconds
[2025-09-13T07:56:32.829+0000] {processor.py:157} INFO - Started process (PID=2312) to work on /home/airflow/.local/lib/python3.7/site-packages/airflow/example_dags/example_branch_operator.py
[2025-09-13T07:56:32.830+0000] {processor.py:826} INFO - Processing file /home/airflow/.local/lib/python3.7/site-packages/airflow/example_dags/example_branch_operator.py for tasks to queue
[2025-09-13T07:56:32.831+0000] {logging_mixin.py:149} INFO - [2025-09-13T07:56:32.831+0000] {dagbag.py:541} INFO - Filling up the DagBag from /home/airflow/.local/lib/python3.7/site-packages/airflow/example_dags/example_branch_operator.py
[2025-09-13T07:56:32.841+0000] {processor.py:836} INFO - DAG(s) dict_keys(['example_branch_operator']) retrieved from /home/airflow/.local/lib/python3.7/site-packages/airflow/example_dags/example_branch_operator.py
[2025-09-13T07:56:32.872+0000] {logging_mixin.py:149} INFO - [2025-09-13T07:56:32.871+0000] {dag.py:2726} INFO - Sync 1 DAGs
[2025-09-13T07:56:32.903+0000] {logging_mixin.py:149} INFO - [2025-09-13T07:56:32.903+0000] {dag.py:3490} INFO - Setting next_dagrun for example_branch_operator to 2025-09-12T00:00:00+00:00, run_after=2025-09-13T00:00:00+00:00
[2025-09-13T07:56:32.926+0000] {processor.py:179} INFO - Processing /home/airflow/.local/lib/python3.7/site-packages/airflow/example_dags/example_branch_operator.py took 0.101 seconds
[2025-09-13T07:57:03.637+0000] {processor.py:157} INFO - Started process (PID=2593) to work on /home/airflow/.local/lib/python3.7/site-packages/airflow/example_dags/example_branch_operator.py
[2025-09-13T07:57:03.638+0000] {processor.py:826} INFO - Processing file /home/airflow/.local/lib/python3.7/site-packages/airflow/example_dags/example_branch_operator.py for tasks to queue
[2025-09-13T07:57:03.640+0000] {logging_mixin.py:149} INFO - [2025-09-13T07:57:03.640+0000] {dagbag.py:541} INFO - Filling up the DagBag from /home/airflow/.local/lib/python3.7/site-packages/airflow/example_dags/example_branch_operator.py
[2025-09-13T07:57:03.650+0000] {processor.py:836} INFO - DAG(s) dict_keys(['example_branch_operator']) retrieved from /home/airflow/.local/lib/python3.7/site-packages/airflow/example_dags/example_branch_operator.py
[2025-09-13T07:57:03.680+0000] {logging_mixin.py:149} INFO - [2025-09-13T07:57:03.680+0000] {dag.py:2726} INFO - Sync 1 DAGs
[2025-09-13T07:57:03.710+0000] {logging_mixin.py:149} INFO - [2025-09-13T07:57:03.710+0000] {dag.py:3490} INFO - Setting next_dagrun for example_branch_operator to 2025-09-12T00:00:00+00:00, run_after=2025-09-13T00:00:00+00:00
[2025-09-13T07:57:03.735+0000] {processor.py:179} INFO - Processing /home/airflow/.local/lib/python3.7/site-packages/airflow/example_dags/example_branch_operator.py took 0.101 seconds
[2025-09-13T07:57:34.388+0000] {processor.py:157} INFO - Started process (PID=2874) to work on /home/airflow/.local/lib/python3.7/site-packages/airflow/example_dags/example_branch_operator.py
[2025-09-13T07:57:34.389+0000] {processor.py:826} INFO - Processing file /home/airflow/.local/lib/python3.7/site-packages/airflow/example_dags/example_branch_operator.py for tasks to queue
[2025-09-13T07:57:34.390+0000] {logging_mixin.py:149} INFO - [2025-09-13T07:57:34.390+0000] {dagbag.py:541} INFO - Filling up the DagBag from /home/airflow/.local/lib/python3.7/site-packages/airflow/example_dags/example_branch_operator.py
[2025-09-13T07:57:34.404+0000] {processor.py:836} INFO - DAG(s) dict_keys(['example_branch_operator']) retrieved from /home/airflow/.local/lib/python3.7/site-packages/airflow/example_dags/example_branch_operator.py
[2025-09-13T07:57:34.454+0000] {logging_mixin.py:149} INFO - [2025-09-13T07:57:34.454+0000] {dag.py:2726} INFO - Sync 1 DAGs
[2025-09-13T07:57:34.484+0000] {logging_mixin.py:149} INFO - [2025-09-13T07:57:34.484+0000] {dag.py:3490} INFO - Setting next_dagrun for example_branch_operator to 2025-09-12T00:00:00+00:00, run_after=2025-09-13T00:00:00+00:00
[2025-09-13T07:57:34.507+0000] {processor.py:179} INFO - Processing /home/airflow/.local/lib/python3.7/site-packages/airflow/example_dags/example_branch_operator.py took 0.123 seconds
[2025-09-13T07:58:04.965+0000] {processor.py:157} INFO - Started process (PID=3155) to work on /home/airflow/.local/lib/python3.7/site-packages/airflow/example_dags/example_branch_operator.py
[2025-09-13T07:58:04.966+0000] {processor.py:826} INFO - Processing file /home/airflow/.local/lib/python3.7/site-packages/airflow/example_dags/example_branch_operator.py for tasks to queue
[2025-09-13T07:58:04.967+0000] {logging_mixin.py:149} INFO - [2025-09-13T07:58:04.967+0000] {dagbag.py:541} INFO - Filling up the DagBag from /home/airflow/.local/lib/python3.7/site-packages/airflow/example_dags/example_branch_operator.py
[2025-09-13T07:58:04.977+0000] {processor.py:836} INFO - DAG(s) dict_keys(['example_branch_operator']) retrieved from /home/airflow/.local/lib/python3.7/site-packages/airflow/example_dags/example_branch_operator.py
[2025-09-13T07:58:05.012+0000] {logging_mixin.py:149} INFO - [2025-09-13T07:58:05.012+0000] {dag.py:2726} INFO - Sync 1 DAGs
[2025-09-13T07:58:05.043+0000] {logging_mixin.py:149} INFO - [2025-09-13T07:58:05.043+0000] {dag.py:3490} INFO - Setting next_dagrun for example_branch_operator to 2025-09-12T00:00:00+00:00, run_after=2025-09-13T00:00:00+00:00
[2025-09-13T07:58:05.068+0000] {processor.py:179} INFO - Processing /home/airflow/.local/lib/python3.7/site-packages/airflow/example_dags/example_branch_operator.py took 0.107 seconds
[2025-09-13T07:58:35.840+0000] {processor.py:157} INFO - Started process (PID=3436) to work on /home/airflow/.local/lib/python3.7/site-packages/airflow/example_dags/example_branch_operator.py
[2025-09-13T07:58:35.841+0000] {processor.py:826} INFO - Processing file /home/airflow/.local/lib/python3.7/site-packages/airflow/example_dags/example_branch_operator.py for tasks to queue
[2025-09-13T07:58:35.842+0000] {logging_mixin.py:149} INFO - [2025-09-13T07:58:35.842+0000] {dagbag.py:541} INFO - Filling up the DagBag from /home/airflow/.local/lib/python3.7/site-packages/airflow/example_dags/example_branch_operator.py
[2025-09-13T07:58:35.855+0000] {processor.py:836} INFO - DAG(s) dict_keys(['example_branch_operator']) retrieved from /home/airflow/.local/lib/python3.7/site-packages/airflow/example_dags/example_branch_operator.py
[2025-09-13T07:58:35.891+0000] {logging_mixin.py:149} INFO - [2025-09-13T07:58:35.891+0000] {dag.py:2726} INFO - Sync 1 DAGs
[2025-09-13T07:58:35.927+0000] {logging_mixin.py:149} INFO - [2025-09-13T07:58:35.926+0000] {dag.py:3490} INFO - Setting next_dagrun for example_branch_operator to 2025-09-12T00:00:00+00:00, run_after=2025-09-13T00:00:00+00:00
[2025-09-13T07:58:35.954+0000] {processor.py:179} INFO - Processing /home/airflow/.local/lib/python3.7/site-packages/airflow/example_dags/example_branch_operator.py took 0.117 seconds
[2025-09-13T07:59:06.684+0000] {processor.py:157} INFO - Started process (PID=3717) to work on /home/airflow/.local/lib/python3.7/site-packages/airflow/example_dags/example_branch_operator.py
[2025-09-13T07:59:06.685+0000] {processor.py:826} INFO - Processing file /home/airflow/.local/lib/python3.7/site-packages/airflow/example_dags/example_branch_operator.py for tasks to queue
[2025-09-13T07:59:06.686+0000] {logging_mixin.py:149} INFO - [2025-09-13T07:59:06.686+0000] {dagbag.py:541} INFO - Filling up the DagBag from /home/airflow/.local/lib/python3.7/site-packages/airflow/example_dags/example_branch_operator.py
[2025-09-13T07:59:06.697+0000] {processor.py:836} INFO - DAG(s) dict_keys(['example_branch_operator']) retrieved from /home/airflow/.local/lib/python3.7/site-packages/airflow/example_dags/example_branch_operator.py
[2025-09-13T07:59:06.726+0000] {logging_mixin.py:149} INFO - [2025-09-13T07:59:06.726+0000] {dag.py:2726} INFO - Sync 1 DAGs
[2025-09-13T07:59:06.755+0000] {logging_mixin.py:149} INFO - [2025-09-13T07:59:06.755+0000] {dag.py:3490} INFO - Setting next_dagrun for example_branch_operator to 2025-09-12T00:00:00+00:00, run_after=2025-09-13T00:00:00+00:00
[2025-09-13T07:59:06.777+0000] {processor.py:179} INFO - Processing /home/airflow/.local/lib/python3.7/site-packages/airflow/example_dags/example_branch_operator.py took 0.096 seconds
[2025-09-13T07:59:37.555+0000] {processor.py:157} INFO - Started process (PID=3998) to work on /home/airflow/.local/lib/python3.7/site-packages/airflow/example_dags/example_branch_operator.py
[2025-09-13T07:59:37.556+0000] {processor.py:826} INFO - Processing file /home/airflow/.local/lib/python3.7/site-packages/airflow/example_dags/example_branch_operator.py for tasks to queue
[2025-09-13T07:59:37.557+0000] {logging_mixin.py:149} INFO - [2025-09-13T07:59:37.557+0000] {dagbag.py:541} INFO - Filling up the DagBag from /home/airflow/.local/lib/python3.7/site-packages/airflow/example_dags/example_branch_operator.py
[2025-09-13T07:59:37.567+0000] {processor.py:836} INFO - DAG(s) dict_keys(['example_branch_operator']) retrieved from /home/airflow/.local/lib/python3.7/site-packages/airflow/example_dags/example_branch_operator.py
[2025-09-13T07:59:37.598+0000] {logging_mixin.py:149} INFO - [2025-09-13T07:59:37.598+0000] {dag.py:2726} INFO - Sync 1 DAGs
[2025-09-13T07:59:37.628+0000] {logging_mixin.py:149} INFO - [2025-09-13T07:59:37.628+0000] {dag.py:3490} INFO - Setting next_dagrun for example_branch_operator to 2025-09-12T00:00:00+00:00, run_after=2025-09-13T00:00:00+00:00
[2025-09-13T07:59:37.649+0000] {processor.py:179} INFO - Processing /home/airflow/.local/lib/python3.7/site-packages/airflow/example_dags/example_branch_operator.py took 0.097 seconds
[2025-09-13T08:00:08.345+0000] {processor.py:157} INFO - Started process (PID=4279) to work on /home/airflow/.local/lib/python3.7/site-packages/airflow/example_dags/example_branch_operator.py
[2025-09-13T08:00:08.346+0000] {processor.py:826} INFO - Processing file /home/airflow/.local/lib/python3.7/site-packages/airflow/example_dags/example_branch_operator.py for tasks to queue
[2025-09-13T08:00:08.347+0000] {logging_mixin.py:149} INFO - [2025-09-13T08:00:08.346+0000] {dagbag.py:541} INFO - Filling up the DagBag from /home/airflow/.local/lib/python3.7/site-packages/airflow/example_dags/example_branch_operator.py
[2025-09-13T08:00:08.357+0000] {processor.py:836} INFO - DAG(s) dict_keys(['example_branch_operator']) retrieved from /home/airflow/.local/lib/python3.7/site-packages/airflow/example_dags/example_branch_operator.py
[2025-09-13T08:00:08.387+0000] {logging_mixin.py:149} INFO - [2025-09-13T08:00:08.387+0000] {dag.py:2726} INFO - Sync 1 DAGs
[2025-09-13T08:00:08.417+0000] {logging_mixin.py:149} INFO - [2025-09-13T08:00:08.417+0000] {dag.py:3490} INFO - Setting next_dagrun for example_branch_operator to 2025-09-12T00:00:00+00:00, run_after=2025-09-13T00:00:00+00:00
[2025-09-13T08:00:08.440+0000] {processor.py:179} INFO - Processing /home/airflow/.local/lib/python3.7/site-packages/airflow/example_dags/example_branch_operator.py took 0.099 seconds
[2025-09-13T08:00:39.224+0000] {processor.py:157} INFO - Started process (PID=4560) to work on /home/airflow/.local/lib/python3.7/site-packages/airflow/example_dags/example_branch_operator.py
[2025-09-13T08:00:39.225+0000] {processor.py:826} INFO - Processing file /home/airflow/.local/lib/python3.7/site-packages/airflow/example_dags/example_branch_operator.py for tasks to queue
[2025-09-13T08:00:39.225+0000] {logging_mixin.py:149} INFO - [2025-09-13T08:00:39.225+0000] {dagbag.py:541} INFO - Filling up the DagBag from /home/airflow/.local/lib/python3.7/site-packages/airflow/example_dags/example_branch_operator.py
[2025-09-13T08:00:39.236+0000] {processor.py:836} INFO - DAG(s) dict_keys(['example_branch_operator']) retrieved from /home/airflow/.local/lib/python3.7/site-packages/airflow/example_dags/example_branch_operator.py
[2025-09-13T08:00:39.266+0000] {logging_mixin.py:149} INFO - [2025-09-13T08:00:39.265+0000] {dag.py:2726} INFO - Sync 1 DAGs
[2025-09-13T08:00:39.294+0000] {logging_mixin.py:149} INFO - [2025-09-13T08:00:39.294+0000] {dag.py:3490} INFO - Setting next_dagrun for example_branch_operator to 2025-09-12T00:00:00+00:00, run_after=2025-09-13T00:00:00+00:00
[2025-09-13T08:00:39.317+0000] {processor.py:179} INFO - Processing /home/airflow/.local/lib/python3.7/site-packages/airflow/example_dags/example_branch_operator.py took 0.097 seconds
[2025-09-13T08:01:10.038+0000] {processor.py:157} INFO - Started process (PID=4841) to work on /home/airflow/.local/lib/python3.7/site-packages/airflow/example_dags/example_branch_operator.py
[2025-09-13T08:01:10.039+0000] {processor.py:826} INFO - Processing file /home/airflow/.local/lib/python3.7/site-packages/airflow/example_dags/example_branch_operator.py for tasks to queue
[2025-09-13T08:01:10.040+0000] {logging_mixin.py:149} INFO - [2025-09-13T08:01:10.039+0000] {dagbag.py:541} INFO - Filling up the DagBag from /home/airflow/.local/lib/python3.7/site-packages/airflow/example_dags/example_branch_operator.py
[2025-09-13T08:01:10.050+0000] {processor.py:836} INFO - DAG(s) dict_keys(['example_branch_operator']) retrieved from /home/airflow/.local/lib/python3.7/site-packages/airflow/example_dags/example_branch_operator.py
[2025-09-13T08:01:10.080+0000] {logging_mixin.py:149} INFO - [2025-09-13T08:01:10.080+0000] {dag.py:2726} INFO - Sync 1 DAGs
[2025-09-13T08:01:10.108+0000] {logging_mixin.py:149} INFO - [2025-09-13T08:01:10.108+0000] {dag.py:3490} INFO - Setting next_dagrun for example_branch_operator to 2025-09-12T00:00:00+00:00, run_after=2025-09-13T00:00:00+00:00
[2025-09-13T08:01:10.130+0000] {processor.py:179} INFO - Processing /home/airflow/.local/lib/python3.7/site-packages/airflow/example_dags/example_branch_operator.py took 0.095 seconds
[2025-09-13T08:01:41.103+0000] {processor.py:157} INFO - Started process (PID=5122) to work on /home/airflow/.local/lib/python3.7/site-packages/airflow/example_dags/example_branch_operator.py
[2025-09-13T08:01:41.104+0000] {processor.py:826} INFO - Processing file /home/airflow/.local/lib/python3.7/site-packages/airflow/example_dags/example_branch_operator.py for tasks to queue
[2025-09-13T08:01:41.105+0000] {logging_mixin.py:149} INFO - [2025-09-13T08:01:41.105+0000] {dagbag.py:541} INFO - Filling up the DagBag from /home/airflow/.local/lib/python3.7/site-packages/airflow/example_dags/example_branch_operator.py
[2025-09-13T08:01:41.117+0000] {processor.py:836} INFO - DAG(s) dict_keys(['example_branch_operator']) retrieved from /home/airflow/.local/lib/python3.7/site-packages/airflow/example_dags/example_branch_operator.py
[2025-09-13T08:01:41.149+0000] {logging_mixin.py:149} INFO - [2025-09-13T08:01:41.148+0000] {dag.py:2726} INFO - Sync 1 DAGs
[2025-09-13T08:01:41.180+0000] {logging_mixin.py:149} INFO - [2025-09-13T08:01:41.180+0000] {dag.py:3490} INFO - Setting next_dagrun for example_branch_operator to 2025-09-12T00:00:00+00:00, run_after=2025-09-13T00:00:00+00:00
[2025-09-13T08:01:41.205+0000] {processor.py:179} INFO - Processing /home/airflow/.local/lib/python3.7/site-packages/airflow/example_dags/example_branch_operator.py took 0.106 seconds
[2025-09-13T08:02:11.840+0000] {processor.py:157} INFO - Started process (PID=5403) to work on /home/airflow/.local/lib/python3.7/site-packages/airflow/example_dags/example_branch_operator.py
[2025-09-13T08:02:11.841+0000] {processor.py:826} INFO - Processing file /home/airflow/.local/lib/python3.7/site-packages/airflow/example_dags/example_branch_operator.py for tasks to queue
[2025-09-13T08:02:11.842+0000] {logging_mixin.py:149} INFO - [2025-09-13T08:02:11.842+0000] {dagbag.py:541} INFO - Filling up the DagBag from /home/airflow/.local/lib/python3.7/site-packages/airflow/example_dags/example_branch_operator.py
[2025-09-13T08:02:11.853+0000] {processor.py:836} INFO - DAG(s) dict_keys(['example_branch_operator']) retrieved from /home/airflow/.local/lib/python3.7/site-packages/airflow/example_dags/example_branch_operator.py
[2025-09-13T08:02:11.883+0000] {logging_mixin.py:149} INFO - [2025-09-13T08:02:11.883+0000] {dag.py:2726} INFO - Sync 1 DAGs
[2025-09-13T08:02:11.913+0000] {logging_mixin.py:149} INFO - [2025-09-13T08:02:11.913+0000] {dag.py:3490} INFO - Setting next_dagrun for example_branch_operator to 2025-09-12T00:00:00+00:00, run_after=2025-09-13T00:00:00+00:00
[2025-09-13T08:02:11.936+0000] {processor.py:179} INFO - Processing /home/airflow/.local/lib/python3.7/site-packages/airflow/example_dags/example_branch_operator.py took 0.099 seconds
[2025-09-13T08:02:42.819+0000] {processor.py:157} INFO - Started process (PID=5684) to work on /home/airflow/.local/lib/python3.7/site-packages/airflow/example_dags/example_branch_operator.py
[2025-09-13T08:02:42.820+0000] {processor.py:826} INFO - Processing file /home/airflow/.local/lib/python3.7/site-packages/airflow/example_dags/example_branch_operator.py for tasks to queue
[2025-09-13T08:02:42.820+0000] {logging_mixin.py:149} INFO - [2025-09-13T08:02:42.820+0000] {dagbag.py:541} INFO - Filling up the DagBag from /home/airflow/.local/lib/python3.7/site-packages/airflow/example_dags/example_branch_operator.py
[2025-09-13T08:02:42.831+0000] {processor.py:836} INFO - DAG(s) dict_keys(['example_branch_operator']) retrieved from /home/airflow/.local/lib/python3.7/site-packages/airflow/example_dags/example_branch_operator.py
[2025-09-13T08:02:42.864+0000] {logging_mixin.py:149} INFO - [2025-09-13T08:02:42.864+0000] {dag.py:2726} INFO - Sync 1 DAGs
[2025-09-13T08:02:42.895+0000] {logging_mixin.py:149} INFO - [2025-09-13T08:02:42.895+0000] {dag.py:3490} INFO - Setting next_dagrun for example_branch_operator to 2025-09-12T00:00:00+00:00, run_after=2025-09-13T00:00:00+00:00
[2025-09-13T08:02:42.921+0000] {processor.py:179} INFO - Processing /home/airflow/.local/lib/python3.7/site-packages/airflow/example_dags/example_branch_operator.py took 0.106 seconds
[2025-09-13T08:03:13.891+0000] {processor.py:157} INFO - Started process (PID=5965) to work on /home/airflow/.local/lib/python3.7/site-packages/airflow/example_dags/example_branch_operator.py
[2025-09-13T08:03:13.892+0000] {processor.py:826} INFO - Processing file /home/airflow/.local/lib/python3.7/site-packages/airflow/example_dags/example_branch_operator.py for tasks to queue
[2025-09-13T08:03:13.893+0000] {logging_mixin.py:149} INFO - [2025-09-13T08:03:13.892+0000] {dagbag.py:541} INFO - Filling up the DagBag from /home/airflow/.local/lib/python3.7/site-packages/airflow/example_dags/example_branch_operator.py
[2025-09-13T08:03:13.903+0000] {processor.py:836} INFO - DAG(s) dict_keys(['example_branch_operator']) retrieved from /home/airflow/.local/lib/python3.7/site-packages/airflow/example_dags/example_branch_operator.py
[2025-09-13T08:03:13.934+0000] {logging_mixin.py:149} INFO - [2025-09-13T08:03:13.934+0000] {dag.py:2726} INFO - Sync 1 DAGs
[2025-09-13T08:03:13.967+0000] {logging_mixin.py:149} INFO - [2025-09-13T08:03:13.967+0000] {dag.py:3490} INFO - Setting next_dagrun for example_branch_operator to 2025-09-12T00:00:00+00:00, run_after=2025-09-13T00:00:00+00:00
[2025-09-13T08:03:13.991+0000] {processor.py:179} INFO - Processing /home/airflow/.local/lib/python3.7/site-packages/airflow/example_dags/example_branch_operator.py took 0.104 seconds
[2025-09-13T08:03:44.809+0000] {processor.py:157} INFO - Started process (PID=6246) to work on /home/airflow/.local/lib/python3.7/site-packages/airflow/example_dags/example_branch_operator.py
[2025-09-13T08:03:44.810+0000] {processor.py:826} INFO - Processing file /home/airflow/.local/lib/python3.7/site-packages/airflow/example_dags/example_branch_operator.py for tasks to queue
[2025-09-13T08:03:44.810+0000] {logging_mixin.py:149} INFO - [2025-09-13T08:03:44.810+0000] {dagbag.py:541} INFO - Filling up the DagBag from /home/airflow/.local/lib/python3.7/site-packages/airflow/example_dags/example_branch_operator.py
[2025-09-13T08:03:44.821+0000] {processor.py:836} INFO - DAG(s) dict_keys(['example_branch_operator']) retrieved from /home/airflow/.local/lib/python3.7/site-packages/airflow/example_dags/example_branch_operator.py
[2025-09-13T08:03:44.850+0000] {logging_mixin.py:149} INFO - [2025-09-13T08:03:44.850+0000] {dag.py:2726} INFO - Sync 1 DAGs
[2025-09-13T08:03:44.884+0000] {logging_mixin.py:149} INFO - [2025-09-13T08:03:44.884+0000] {dag.py:3490} INFO - Setting next_dagrun for example_branch_operator to 2025-09-12T00:00:00+00:00, run_after=2025-09-13T00:00:00+00:00
[2025-09-13T08:03:44.904+0000] {processor.py:179} INFO - Processing /home/airflow/.local/lib/python3.7/site-packages/airflow/example_dags/example_branch_operator.py took 0.099 seconds
[2025-09-13T08:04:15.676+0000] {processor.py:157} INFO - Started process (PID=6527) to work on /home/airflow/.local/lib/python3.7/site-packages/airflow/example_dags/example_branch_operator.py
[2025-09-13T08:04:15.677+0000] {processor.py:826} INFO - Processing file /home/airflow/.local/lib/python3.7/site-packages/airflow/example_dags/example_branch_operator.py for tasks to queue
[2025-09-13T08:04:15.678+0000] {logging_mixin.py:149} INFO - [2025-09-13T08:04:15.678+0000] {dagbag.py:541} INFO - Filling up the DagBag from /home/airflow/.local/lib/python3.7/site-packages/airflow/example_dags/example_branch_operator.py
[2025-09-13T08:04:15.693+0000] {processor.py:836} INFO - DAG(s) dict_keys(['example_branch_operator']) retrieved from /home/airflow/.local/lib/python3.7/site-packages/airflow/example_dags/example_branch_operator.py
[2025-09-13T08:04:15.724+0000] {logging_mixin.py:149} INFO - [2025-09-13T08:04:15.723+0000] {dag.py:2726} INFO - Sync 1 DAGs
[2025-09-13T08:04:15.763+0000] {logging_mixin.py:149} INFO - [2025-09-13T08:04:15.763+0000] {dag.py:3490} INFO - Setting next_dagrun for example_branch_operator to 2025-09-12T00:00:00+00:00, run_after=2025-09-13T00:00:00+00:00
[2025-09-13T08:04:15.787+0000] {processor.py:179} INFO - Processing /home/airflow/.local/lib/python3.7/site-packages/airflow/example_dags/example_branch_operator.py took 0.115 seconds
[2025-09-13T08:04:45.947+0000] {processor.py:157} INFO - Started process (PID=6810) to work on /home/airflow/.local/lib/python3.7/site-packages/airflow/example_dags/example_branch_operator.py
[2025-09-13T08:04:45.948+0000] {processor.py:826} INFO - Processing file /home/airflow/.local/lib/python3.7/site-packages/airflow/example_dags/example_branch_operator.py for tasks to queue
[2025-09-13T08:04:45.949+0000] {logging_mixin.py:149} INFO - [2025-09-13T08:04:45.949+0000] {dagbag.py:541} INFO - Filling up the DagBag from /home/airflow/.local/lib/python3.7/site-packages/airflow/example_dags/example_branch_operator.py
[2025-09-13T08:04:45.960+0000] {processor.py:836} INFO - DAG(s) dict_keys(['example_branch_operator']) retrieved from /home/airflow/.local/lib/python3.7/site-packages/airflow/example_dags/example_branch_operator.py
[2025-09-13T08:04:45.989+0000] {logging_mixin.py:149} INFO - [2025-09-13T08:04:45.989+0000] {dag.py:2726} INFO - Sync 1 DAGs
[2025-09-13T08:04:46.018+0000] {logging_mixin.py:149} INFO - [2025-09-13T08:04:46.018+0000] {dag.py:3490} INFO - Setting next_dagrun for example_branch_operator to 2025-09-12T00:00:00+00:00, run_after=2025-09-13T00:00:00+00:00
[2025-09-13T08:04:46.041+0000] {processor.py:179} INFO - Processing /home/airflow/.local/lib/python3.7/site-packages/airflow/example_dags/example_branch_operator.py took 0.098 seconds
[2025-09-13T08:05:16.660+0000] {processor.py:157} INFO - Started process (PID=7089) to work on /home/airflow/.local/lib/python3.7/site-packages/airflow/example_dags/example_branch_operator.py
[2025-09-13T08:05:16.661+0000] {processor.py:826} INFO - Processing file /home/airflow/.local/lib/python3.7/site-packages/airflow/example_dags/example_branch_operator.py for tasks to queue
[2025-09-13T08:05:16.662+0000] {logging_mixin.py:149} INFO - [2025-09-13T08:05:16.662+0000] {dagbag.py:541} INFO - Filling up the DagBag from /home/airflow/.local/lib/python3.7/site-packages/airflow/example_dags/example_branch_operator.py
[2025-09-13T08:05:16.672+0000] {processor.py:836} INFO - DAG(s) dict_keys(['example_branch_operator']) retrieved from /home/airflow/.local/lib/python3.7/site-packages/airflow/example_dags/example_branch_operator.py
[2025-09-13T08:05:16.703+0000] {logging_mixin.py:149} INFO - [2025-09-13T08:05:16.703+0000] {dag.py:2726} INFO - Sync 1 DAGs
[2025-09-13T08:05:16.731+0000] {logging_mixin.py:149} INFO - [2025-09-13T08:05:16.731+0000] {dag.py:3490} INFO - Setting next_dagrun for example_branch_operator to 2025-09-12T00:00:00+00:00, run_after=2025-09-13T00:00:00+00:00
[2025-09-13T08:05:16.755+0000] {processor.py:179} INFO - Processing /home/airflow/.local/lib/python3.7/site-packages/airflow/example_dags/example_branch_operator.py took 0.099 seconds
[2025-09-13T08:05:47.635+0000] {processor.py:157} INFO - Started process (PID=7370) to work on /home/airflow/.local/lib/python3.7/site-packages/airflow/example_dags/example_branch_operator.py
[2025-09-13T08:05:47.636+0000] {processor.py:826} INFO - Processing file /home/airflow/.local/lib/python3.7/site-packages/airflow/example_dags/example_branch_operator.py for tasks to queue
[2025-09-13T08:05:47.638+0000] {logging_mixin.py:149} INFO - [2025-09-13T08:05:47.637+0000] {dagbag.py:541} INFO - Filling up the DagBag from /home/airflow/.local/lib/python3.7/site-packages/airflow/example_dags/example_branch_operator.py
[2025-09-13T08:05:47.648+0000] {processor.py:836} INFO - DAG(s) dict_keys(['example_branch_operator']) retrieved from /home/airflow/.local/lib/python3.7/site-packages/airflow/example_dags/example_branch_operator.py
[2025-09-13T08:05:47.677+0000] {logging_mixin.py:149} INFO - [2025-09-13T08:05:47.677+0000] {dag.py:2726} INFO - Sync 1 DAGs
[2025-09-13T08:05:47.706+0000] {logging_mixin.py:149} INFO - [2025-09-13T08:05:47.706+0000] {dag.py:3490} INFO - Setting next_dagrun for example_branch_operator to 2025-09-12T00:00:00+00:00, run_after=2025-09-13T00:00:00+00:00
[2025-09-13T08:05:47.728+0000] {processor.py:179} INFO - Processing /home/airflow/.local/lib/python3.7/site-packages/airflow/example_dags/example_branch_operator.py took 0.096 seconds
[2025-09-13T08:06:18.305+0000] {processor.py:157} INFO - Started process (PID=7651) to work on /home/airflow/.local/lib/python3.7/site-packages/airflow/example_dags/example_branch_operator.py
[2025-09-13T08:06:18.306+0000] {processor.py:826} INFO - Processing file /home/airflow/.local/lib/python3.7/site-packages/airflow/example_dags/example_branch_operator.py for tasks to queue
[2025-09-13T08:06:18.307+0000] {logging_mixin.py:149} INFO - [2025-09-13T08:06:18.306+0000] {dagbag.py:541} INFO - Filling up the DagBag from /home/airflow/.local/lib/python3.7/site-packages/airflow/example_dags/example_branch_operator.py
[2025-09-13T08:06:18.317+0000] {processor.py:836} INFO - DAG(s) dict_keys(['example_branch_operator']) retrieved from /home/airflow/.local/lib/python3.7/site-packages/airflow/example_dags/example_branch_operator.py
[2025-09-13T08:06:18.346+0000] {logging_mixin.py:149} INFO - [2025-09-13T08:06:18.346+0000] {dag.py:2726} INFO - Sync 1 DAGs
[2025-09-13T08:06:18.376+0000] {logging_mixin.py:149} INFO - [2025-09-13T08:06:18.376+0000] {dag.py:3490} INFO - Setting next_dagrun for example_branch_operator to 2025-09-12T00:00:00+00:00, run_after=2025-09-13T00:00:00+00:00
[2025-09-13T08:06:18.396+0000] {processor.py:179} INFO - Processing /home/airflow/.local/lib/python3.7/site-packages/airflow/example_dags/example_branch_operator.py took 0.095 seconds
[2025-09-13T08:06:49.355+0000] {processor.py:157} INFO - Started process (PID=7932) to work on /home/airflow/.local/lib/python3.7/site-packages/airflow/example_dags/example_branch_operator.py
[2025-09-13T08:06:49.356+0000] {processor.py:826} INFO - Processing file /home/airflow/.local/lib/python3.7/site-packages/airflow/example_dags/example_branch_operator.py for tasks to queue
[2025-09-13T08:06:49.357+0000] {logging_mixin.py:149} INFO - [2025-09-13T08:06:49.357+0000] {dagbag.py:541} INFO - Filling up the DagBag from /home/airflow/.local/lib/python3.7/site-packages/airflow/example_dags/example_branch_operator.py
[2025-09-13T08:06:49.368+0000] {processor.py:836} INFO - DAG(s) dict_keys(['example_branch_operator']) retrieved from /home/airflow/.local/lib/python3.7/site-packages/airflow/example_dags/example_branch_operator.py
[2025-09-13T08:06:49.398+0000] {logging_mixin.py:149} INFO - [2025-09-13T08:06:49.398+0000] {dag.py:2726} INFO - Sync 1 DAGs
[2025-09-13T08:06:49.430+0000] {logging_mixin.py:149} INFO - [2025-09-13T08:06:49.430+0000] {dag.py:3490} INFO - Setting next_dagrun for example_branch_operator to 2025-09-12T00:00:00+00:00, run_after=2025-09-13T00:00:00+00:00
[2025-09-13T08:06:49.453+0000] {processor.py:179} INFO - Processing /home/airflow/.local/lib/python3.7/site-packages/airflow/example_dags/example_branch_operator.py took 0.102 seconds
[2025-09-13T08:07:19.669+0000] {processor.py:157} INFO - Started process (PID=8213) to work on /home/airflow/.local/lib/python3.7/site-packages/airflow/example_dags/example_branch_operator.py
[2025-09-13T08:07:19.670+0000] {processor.py:826} INFO - Processing file /home/airflow/.local/lib/python3.7/site-packages/airflow/example_dags/example_branch_operator.py for tasks to queue
[2025-09-13T08:07:19.671+0000] {logging_mixin.py:149} INFO - [2025-09-13T08:07:19.670+0000] {dagbag.py:541} INFO - Filling up the DagBag from /home/airflow/.local/lib/python3.7/site-packages/airflow/example_dags/example_branch_operator.py
[2025-09-13T08:07:19.681+0000] {processor.py:836} INFO - DAG(s) dict_keys(['example_branch_operator']) retrieved from /home/airflow/.local/lib/python3.7/site-packages/airflow/example_dags/example_branch_operator.py
[2025-09-13T08:07:19.712+0000] {logging_mixin.py:149} INFO - [2025-09-13T08:07:19.712+0000] {dag.py:2726} INFO - Sync 1 DAGs
[2025-09-13T08:07:19.743+0000] {logging_mixin.py:149} INFO - [2025-09-13T08:07:19.743+0000] {dag.py:3490} INFO - Setting next_dagrun for example_branch_operator to 2025-09-12T00:00:00+00:00, run_after=2025-09-13T00:00:00+00:00
[2025-09-13T08:07:19.770+0000] {processor.py:179} INFO - Processing /home/airflow/.local/lib/python3.7/site-packages/airflow/example_dags/example_branch_operator.py took 0.105 seconds
[2025-09-13T08:07:50.313+0000] {processor.py:157} INFO - Started process (PID=8494) to work on /home/airflow/.local/lib/python3.7/site-packages/airflow/example_dags/example_branch_operator.py
[2025-09-13T08:07:50.314+0000] {processor.py:826} INFO - Processing file /home/airflow/.local/lib/python3.7/site-packages/airflow/example_dags/example_branch_operator.py for tasks to queue
[2025-09-13T08:07:50.315+0000] {logging_mixin.py:149} INFO - [2025-09-13T08:07:50.315+0000] {dagbag.py:541} INFO - Filling up the DagBag from /home/airflow/.local/lib/python3.7/site-packages/airflow/example_dags/example_branch_operator.py
[2025-09-13T08:07:50.325+0000] {processor.py:836} INFO - DAG(s) dict_keys(['example_branch_operator']) retrieved from /home/airflow/.local/lib/python3.7/site-packages/airflow/example_dags/example_branch_operator.py
[2025-09-13T08:07:50.357+0000] {logging_mixin.py:149} INFO - [2025-09-13T08:07:50.357+0000] {dag.py:2726} INFO - Sync 1 DAGs
[2025-09-13T08:07:50.387+0000] {logging_mixin.py:149} INFO - [2025-09-13T08:07:50.387+0000] {dag.py:3490} INFO - Setting next_dagrun for example_branch_operator to 2025-09-12T00:00:00+00:00, run_after=2025-09-13T00:00:00+00:00
[2025-09-13T08:07:50.412+0000] {processor.py:179} INFO - Processing /home/airflow/.local/lib/python3.7/site-packages/airflow/example_dags/example_branch_operator.py took 0.102 seconds
[2025-09-13T08:08:21.006+0000] {processor.py:157} INFO - Started process (PID=8775) to work on /home/airflow/.local/lib/python3.7/site-packages/airflow/example_dags/example_branch_operator.py
[2025-09-13T08:08:21.007+0000] {processor.py:826} INFO - Processing file /home/airflow/.local/lib/python3.7/site-packages/airflow/example_dags/example_branch_operator.py for tasks to queue
[2025-09-13T08:08:21.008+0000] {logging_mixin.py:149} INFO - [2025-09-13T08:08:21.008+0000] {dagbag.py:541} INFO - Filling up the DagBag from /home/airflow/.local/lib/python3.7/site-packages/airflow/example_dags/example_branch_operator.py
[2025-09-13T08:08:21.019+0000] {processor.py:836} INFO - DAG(s) dict_keys(['example_branch_operator']) retrieved from /home/airflow/.local/lib/python3.7/site-packages/airflow/example_dags/example_branch_operator.py
[2025-09-13T08:08:21.051+0000] {logging_mixin.py:149} INFO - [2025-09-13T08:08:21.050+0000] {dag.py:2726} INFO - Sync 1 DAGs
[2025-09-13T08:08:21.081+0000] {logging_mixin.py:149} INFO - [2025-09-13T08:08:21.081+0000] {dag.py:3490} INFO - Setting next_dagrun for example_branch_operator to 2025-09-12T00:00:00+00:00, run_after=2025-09-13T00:00:00+00:00
[2025-09-13T08:08:21.102+0000] {processor.py:179} INFO - Processing /home/airflow/.local/lib/python3.7/site-packages/airflow/example_dags/example_branch_operator.py took 0.100 seconds
[2025-09-13T08:08:52.003+0000] {processor.py:157} INFO - Started process (PID=9056) to work on /home/airflow/.local/lib/python3.7/site-packages/airflow/example_dags/example_branch_operator.py
[2025-09-13T08:08:52.004+0000] {processor.py:826} INFO - Processing file /home/airflow/.local/lib/python3.7/site-packages/airflow/example_dags/example_branch_operator.py for tasks to queue
[2025-09-13T08:08:52.004+0000] {logging_mixin.py:149} INFO - [2025-09-13T08:08:52.004+0000] {dagbag.py:541} INFO - Filling up the DagBag from /home/airflow/.local/lib/python3.7/site-packages/airflow/example_dags/example_branch_operator.py
[2025-09-13T08:08:52.017+0000] {processor.py:836} INFO - DAG(s) dict_keys(['example_branch_operator']) retrieved from /home/airflow/.local/lib/python3.7/site-packages/airflow/example_dags/example_branch_operator.py
[2025-09-13T08:08:52.048+0000] {logging_mixin.py:149} INFO - [2025-09-13T08:08:52.048+0000] {dag.py:2726} INFO - Sync 1 DAGs
[2025-09-13T08:08:52.077+0000] {logging_mixin.py:149} INFO - [2025-09-13T08:08:52.077+0000] {dag.py:3490} INFO - Setting next_dagrun for example_branch_operator to 2025-09-12T00:00:00+00:00, run_after=2025-09-13T00:00:00+00:00
[2025-09-13T08:08:52.101+0000] {processor.py:179} INFO - Processing /home/airflow/.local/lib/python3.7/site-packages/airflow/example_dags/example_branch_operator.py took 0.102 seconds
[2025-09-13T08:09:23.032+0000] {processor.py:157} INFO - Started process (PID=9337) to work on /home/airflow/.local/lib/python3.7/site-packages/airflow/example_dags/example_branch_operator.py
[2025-09-13T08:09:23.033+0000] {processor.py:826} INFO - Processing file /home/airflow/.local/lib/python3.7/site-packages/airflow/example_dags/example_branch_operator.py for tasks to queue
[2025-09-13T08:09:23.034+0000] {logging_mixin.py:149} INFO - [2025-09-13T08:09:23.034+0000] {dagbag.py:541} INFO - Filling up the DagBag from /home/airflow/.local/lib/python3.7/site-packages/airflow/example_dags/example_branch_operator.py
[2025-09-13T08:09:23.045+0000] {processor.py:836} INFO - DAG(s) dict_keys(['example_branch_operator']) retrieved from /home/airflow/.local/lib/python3.7/site-packages/airflow/example_dags/example_branch_operator.py
[2025-09-13T08:09:23.075+0000] {logging_mixin.py:149} INFO - [2025-09-13T08:09:23.075+0000] {dag.py:2726} INFO - Sync 1 DAGs
[2025-09-13T08:09:23.104+0000] {logging_mixin.py:149} INFO - [2025-09-13T08:09:23.104+0000] {dag.py:3490} INFO - Setting next_dagrun for example_branch_operator to 2025-09-12T00:00:00+00:00, run_after=2025-09-13T00:00:00+00:00
[2025-09-13T08:09:23.126+0000] {processor.py:179} INFO - Processing /home/airflow/.local/lib/python3.7/site-packages/airflow/example_dags/example_branch_operator.py took 0.098 seconds
[2025-09-13T08:09:53.783+0000] {processor.py:157} INFO - Started process (PID=9619) to work on /home/airflow/.local/lib/python3.7/site-packages/airflow/example_dags/example_branch_operator.py
[2025-09-13T08:09:53.784+0000] {processor.py:826} INFO - Processing file /home/airflow/.local/lib/python3.7/site-packages/airflow/example_dags/example_branch_operator.py for tasks to queue
[2025-09-13T08:09:53.784+0000] {logging_mixin.py:149} INFO - [2025-09-13T08:09:53.784+0000] {dagbag.py:541} INFO - Filling up the DagBag from /home/airflow/.local/lib/python3.7/site-packages/airflow/example_dags/example_branch_operator.py
[2025-09-13T08:09:53.794+0000] {processor.py:836} INFO - DAG(s) dict_keys(['example_branch_operator']) retrieved from /home/airflow/.local/lib/python3.7/site-packages/airflow/example_dags/example_branch_operator.py
[2025-09-13T08:09:53.823+0000] {logging_mixin.py:149} INFO - [2025-09-13T08:09:53.823+0000] {dag.py:2726} INFO - Sync 1 DAGs
[2025-09-13T08:09:53.853+0000] {logging_mixin.py:149} INFO - [2025-09-13T08:09:53.853+0000] {dag.py:3490} INFO - Setting next_dagrun for example_branch_operator to 2025-09-12T00:00:00+00:00, run_after=2025-09-13T00:00:00+00:00
[2025-09-13T08:09:53.876+0000] {processor.py:179} INFO - Processing /home/airflow/.local/lib/python3.7/site-packages/airflow/example_dags/example_branch_operator.py took 0.097 seconds
[2025-09-13T08:10:24.754+0000] {processor.py:157} INFO - Started process (PID=9900) to work on /home/airflow/.local/lib/python3.7/site-packages/airflow/example_dags/example_branch_operator.py
[2025-09-13T08:10:24.755+0000] {processor.py:826} INFO - Processing file /home/airflow/.local/lib/python3.7/site-packages/airflow/example_dags/example_branch_operator.py for tasks to queue
[2025-09-13T08:10:24.756+0000] {logging_mixin.py:149} INFO - [2025-09-13T08:10:24.756+0000] {dagbag.py:541} INFO - Filling up the DagBag from /home/airflow/.local/lib/python3.7/site-packages/airflow/example_dags/example_branch_operator.py
[2025-09-13T08:10:24.769+0000] {processor.py:836} INFO - DAG(s) dict_keys(['example_branch_operator']) retrieved from /home/airflow/.local/lib/python3.7/site-packages/airflow/example_dags/example_branch_operator.py
[2025-09-13T08:10:24.816+0000] {logging_mixin.py:149} INFO - [2025-09-13T08:10:24.816+0000] {dag.py:2726} INFO - Sync 1 DAGs
[2025-09-13T08:10:24.860+0000] {logging_mixin.py:149} INFO - [2025-09-13T08:10:24.859+0000] {dag.py:3490} INFO - Setting next_dagrun for example_branch_operator to 2025-09-12T00:00:00+00:00, run_after=2025-09-13T00:00:00+00:00
[2025-09-13T08:10:24.888+0000] {processor.py:179} INFO - Processing /home/airflow/.local/lib/python3.7/site-packages/airflow/example_dags/example_branch_operator.py took 0.138 seconds
[2025-09-13T08:10:55.847+0000] {processor.py:157} INFO - Started process (PID=10188) to work on /home/airflow/.local/lib/python3.7/site-packages/airflow/example_dags/example_branch_operator.py
[2025-09-13T08:10:55.848+0000] {processor.py:826} INFO - Processing file /home/airflow/.local/lib/python3.7/site-packages/airflow/example_dags/example_branch_operator.py for tasks to queue
[2025-09-13T08:10:55.849+0000] {logging_mixin.py:149} INFO - [2025-09-13T08:10:55.849+0000] {dagbag.py:541} INFO - Filling up the DagBag from /home/airflow/.local/lib/python3.7/site-packages/airflow/example_dags/example_branch_operator.py
[2025-09-13T08:10:55.859+0000] {processor.py:836} INFO - DAG(s) dict_keys(['example_branch_operator']) retrieved from /home/airflow/.local/lib/python3.7/site-packages/airflow/example_dags/example_branch_operator.py
[2025-09-13T08:10:55.888+0000] {logging_mixin.py:149} INFO - [2025-09-13T08:10:55.888+0000] {dag.py:2726} INFO - Sync 1 DAGs
[2025-09-13T08:10:55.917+0000] {logging_mixin.py:149} INFO - [2025-09-13T08:10:55.917+0000] {dag.py:3490} INFO - Setting next_dagrun for example_branch_operator to 2025-09-12T00:00:00+00:00, run_after=2025-09-13T00:00:00+00:00
[2025-09-13T08:10:55.944+0000] {processor.py:179} INFO - Processing /home/airflow/.local/lib/python3.7/site-packages/airflow/example_dags/example_branch_operator.py took 0.100 seconds
[2025-09-13T08:11:26.104+0000] {processor.py:157} INFO - Started process (PID=10469) to work on /home/airflow/.local/lib/python3.7/site-packages/airflow/example_dags/example_branch_operator.py
[2025-09-13T08:11:26.105+0000] {processor.py:826} INFO - Processing file /home/airflow/.local/lib/python3.7/site-packages/airflow/example_dags/example_branch_operator.py for tasks to queue
[2025-09-13T08:11:26.106+0000] {logging_mixin.py:149} INFO - [2025-09-13T08:11:26.106+0000] {dagbag.py:541} INFO - Filling up the DagBag from /home/airflow/.local/lib/python3.7/site-packages/airflow/example_dags/example_branch_operator.py
[2025-09-13T08:11:26.117+0000] {processor.py:836} INFO - DAG(s) dict_keys(['example_branch_operator']) retrieved from /home/airflow/.local/lib/python3.7/site-packages/airflow/example_dags/example_branch_operator.py
[2025-09-13T08:11:26.151+0000] {logging_mixin.py:149} INFO - [2025-09-13T08:11:26.151+0000] {dag.py:2726} INFO - Sync 1 DAGs
[2025-09-13T08:11:26.181+0000] {logging_mixin.py:149} INFO - [2025-09-13T08:11:26.181+0000] {dag.py:3490} INFO - Setting next_dagrun for example_branch_operator to 2025-09-12T00:00:00+00:00, run_after=2025-09-13T00:00:00+00:00
[2025-09-13T08:11:26.218+0000] {processor.py:179} INFO - Processing /home/airflow/.local/lib/python3.7/site-packages/airflow/example_dags/example_branch_operator.py took 0.117 seconds
[2025-09-13T08:11:57.056+0000] {processor.py:157} INFO - Started process (PID=10750) to work on /home/airflow/.local/lib/python3.7/site-packages/airflow/example_dags/example_branch_operator.py
[2025-09-13T08:11:57.057+0000] {processor.py:826} INFO - Processing file /home/airflow/.local/lib/python3.7/site-packages/airflow/example_dags/example_branch_operator.py for tasks to queue
[2025-09-13T08:11:57.058+0000] {logging_mixin.py:149} INFO - [2025-09-13T08:11:57.058+0000] {dagbag.py:541} INFO - Filling up the DagBag from /home/airflow/.local/lib/python3.7/site-packages/airflow/example_dags/example_branch_operator.py
[2025-09-13T08:11:57.068+0000] {processor.py:836} INFO - DAG(s) dict_keys(['example_branch_operator']) retrieved from /home/airflow/.local/lib/python3.7/site-packages/airflow/example_dags/example_branch_operator.py
[2025-09-13T08:11:57.103+0000] {logging_mixin.py:149} INFO - [2025-09-13T08:11:57.103+0000] {dag.py:2726} INFO - Sync 1 DAGs
[2025-09-13T08:11:57.134+0000] {logging_mixin.py:149} INFO - [2025-09-13T08:11:57.133+0000] {dag.py:3490} INFO - Setting next_dagrun for example_branch_operator to 2025-09-12T00:00:00+00:00, run_after=2025-09-13T00:00:00+00:00
[2025-09-13T08:11:57.155+0000] {processor.py:179} INFO - Processing /home/airflow/.local/lib/python3.7/site-packages/airflow/example_dags/example_branch_operator.py took 0.102 seconds
[2025-09-13T08:12:27.815+0000] {processor.py:157} INFO - Started process (PID=11031) to work on /home/airflow/.local/lib/python3.7/site-packages/airflow/example_dags/example_branch_operator.py
[2025-09-13T08:12:27.816+0000] {processor.py:826} INFO - Processing file /home/airflow/.local/lib/python3.7/site-packages/airflow/example_dags/example_branch_operator.py for tasks to queue
[2025-09-13T08:12:27.816+0000] {logging_mixin.py:149} INFO - [2025-09-13T08:12:27.816+0000] {dagbag.py:541} INFO - Filling up the DagBag from /home/airflow/.local/lib/python3.7/site-packages/airflow/example_dags/example_branch_operator.py
[2025-09-13T08:12:27.827+0000] {processor.py:836} INFO - DAG(s) dict_keys(['example_branch_operator']) retrieved from /home/airflow/.local/lib/python3.7/site-packages/airflow/example_dags/example_branch_operator.py
[2025-09-13T08:12:27.858+0000] {logging_mixin.py:149} INFO - [2025-09-13T08:12:27.858+0000] {dag.py:2726} INFO - Sync 1 DAGs
[2025-09-13T08:12:27.888+0000] {logging_mixin.py:149} INFO - [2025-09-13T08:12:27.888+0000] {dag.py:3490} INFO - Setting next_dagrun for example_branch_operator to 2025-09-12T00:00:00+00:00, run_after=2025-09-13T00:00:00+00:00
[2025-09-13T08:12:27.910+0000] {processor.py:179} INFO - Processing /home/airflow/.local/lib/python3.7/site-packages/airflow/example_dags/example_branch_operator.py took 0.099 seconds
[2025-09-13T08:12:58.586+0000] {processor.py:157} INFO - Started process (PID=11312) to work on /home/airflow/.local/lib/python3.7/site-packages/airflow/example_dags/example_branch_operator.py
[2025-09-13T08:12:58.587+0000] {processor.py:826} INFO - Processing file /home/airflow/.local/lib/python3.7/site-packages/airflow/example_dags/example_branch_operator.py for tasks to queue
[2025-09-13T08:12:58.588+0000] {logging_mixin.py:149} INFO - [2025-09-13T08:12:58.588+0000] {dagbag.py:541} INFO - Filling up the DagBag from /home/airflow/.local/lib/python3.7/site-packages/airflow/example_dags/example_branch_operator.py
[2025-09-13T08:12:58.599+0000] {processor.py:836} INFO - DAG(s) dict_keys(['example_branch_operator']) retrieved from /home/airflow/.local/lib/python3.7/site-packages/airflow/example_dags/example_branch_operator.py
[2025-09-13T08:12:58.632+0000] {logging_mixin.py:149} INFO - [2025-09-13T08:12:58.631+0000] {dag.py:2726} INFO - Sync 1 DAGs
[2025-09-13T08:12:58.662+0000] {logging_mixin.py:149} INFO - [2025-09-13T08:12:58.662+0000] {dag.py:3490} INFO - Setting next_dagrun for example_branch_operator to 2025-09-12T00:00:00+00:00, run_after=2025-09-13T00:00:00+00:00
[2025-09-13T08:12:58.682+0000] {processor.py:179} INFO - Processing /home/airflow/.local/lib/python3.7/site-packages/airflow/example_dags/example_branch_operator.py took 0.099 seconds
[2025-09-13T08:13:29.567+0000] {processor.py:157} INFO - Started process (PID=11593) to work on /home/airflow/.local/lib/python3.7/site-packages/airflow/example_dags/example_branch_operator.py
[2025-09-13T08:13:29.568+0000] {processor.py:826} INFO - Processing file /home/airflow/.local/lib/python3.7/site-packages/airflow/example_dags/example_branch_operator.py for tasks to queue
[2025-09-13T08:13:29.569+0000] {logging_mixin.py:149} INFO - [2025-09-13T08:13:29.569+0000] {dagbag.py:541} INFO - Filling up the DagBag from /home/airflow/.local/lib/python3.7/site-packages/airflow/example_dags/example_branch_operator.py
[2025-09-13T08:13:29.579+0000] {processor.py:836} INFO - DAG(s) dict_keys(['example_branch_operator']) retrieved from /home/airflow/.local/lib/python3.7/site-packages/airflow/example_dags/example_branch_operator.py
[2025-09-13T08:13:29.611+0000] {logging_mixin.py:149} INFO - [2025-09-13T08:13:29.611+0000] {dag.py:2726} INFO - Sync 1 DAGs
[2025-09-13T08:13:29.641+0000] {logging_mixin.py:149} INFO - [2025-09-13T08:13:29.641+0000] {dag.py:3490} INFO - Setting next_dagrun for example_branch_operator to 2025-09-12T00:00:00+00:00, run_after=2025-09-13T00:00:00+00:00
[2025-09-13T08:13:29.663+0000] {processor.py:179} INFO - Processing /home/airflow/.local/lib/python3.7/site-packages/airflow/example_dags/example_branch_operator.py took 0.100 seconds
[2025-09-13T08:14:01.135+0000] {processor.py:157} INFO - Started process (PID=11874) to work on /home/airflow/.local/lib/python3.7/site-packages/airflow/example_dags/example_branch_operator.py
[2025-09-13T08:14:01.136+0000] {processor.py:826} INFO - Processing file /home/airflow/.local/lib/python3.7/site-packages/airflow/example_dags/example_branch_operator.py for tasks to queue
[2025-09-13T08:14:01.137+0000] {logging_mixin.py:149} INFO - [2025-09-13T08:14:01.137+0000] {dagbag.py:541} INFO - Filling up the DagBag from /home/airflow/.local/lib/python3.7/site-packages/airflow/example_dags/example_branch_operator.py
[2025-09-13T08:14:01.151+0000] {processor.py:836} INFO - DAG(s) dict_keys(['example_branch_operator']) retrieved from /home/airflow/.local/lib/python3.7/site-packages/airflow/example_dags/example_branch_operator.py
[2025-09-13T08:14:01.182+0000] {logging_mixin.py:149} INFO - [2025-09-13T08:14:01.182+0000] {dag.py:2726} INFO - Sync 1 DAGs
[2025-09-13T08:14:01.221+0000] {logging_mixin.py:149} INFO - [2025-09-13T08:14:01.221+0000] {dag.py:3490} INFO - Setting next_dagrun for example_branch_operator to 2025-09-12T00:00:00+00:00, run_after=2025-09-13T00:00:00+00:00
[2025-09-13T08:14:01.345+0000] {processor.py:179} INFO - Processing /home/airflow/.local/lib/python3.7/site-packages/airflow/example_dags/example_branch_operator.py took 0.215 seconds
[2025-09-13T08:14:32.090+0000] {processor.py:157} INFO - Started process (PID=12155) to work on /home/airflow/.local/lib/python3.7/site-packages/airflow/example_dags/example_branch_operator.py
[2025-09-13T08:14:32.091+0000] {processor.py:826} INFO - Processing file /home/airflow/.local/lib/python3.7/site-packages/airflow/example_dags/example_branch_operator.py for tasks to queue
[2025-09-13T08:14:32.092+0000] {logging_mixin.py:149} INFO - [2025-09-13T08:14:32.092+0000] {dagbag.py:541} INFO - Filling up the DagBag from /home/airflow/.local/lib/python3.7/site-packages/airflow/example_dags/example_branch_operator.py
[2025-09-13T08:14:32.103+0000] {processor.py:836} INFO - DAG(s) dict_keys(['example_branch_operator']) retrieved from /home/airflow/.local/lib/python3.7/site-packages/airflow/example_dags/example_branch_operator.py
[2025-09-13T08:14:32.132+0000] {logging_mixin.py:149} INFO - [2025-09-13T08:14:32.132+0000] {dag.py:2726} INFO - Sync 1 DAGs
[2025-09-13T08:14:32.163+0000] {logging_mixin.py:149} INFO - [2025-09-13T08:14:32.163+0000] {dag.py:3490} INFO - Setting next_dagrun for example_branch_operator to 2025-09-12T00:00:00+00:00, run_after=2025-09-13T00:00:00+00:00
[2025-09-13T08:14:32.185+0000] {processor.py:179} INFO - Processing /home/airflow/.local/lib/python3.7/site-packages/airflow/example_dags/example_branch_operator.py took 0.099 seconds
[2025-09-13T08:15:02.838+0000] {processor.py:157} INFO - Started process (PID=12436) to work on /home/airflow/.local/lib/python3.7/site-packages/airflow/example_dags/example_branch_operator.py
[2025-09-13T08:15:02.839+0000] {processor.py:826} INFO - Processing file /home/airflow/.local/lib/python3.7/site-packages/airflow/example_dags/example_branch_operator.py for tasks to queue
[2025-09-13T08:15:02.840+0000] {logging_mixin.py:149} INFO - [2025-09-13T08:15:02.840+0000] {dagbag.py:541} INFO - Filling up the DagBag from /home/airflow/.local/lib/python3.7/site-packages/airflow/example_dags/example_branch_operator.py
[2025-09-13T08:15:02.855+0000] {processor.py:836} INFO - DAG(s) dict_keys(['example_branch_operator']) retrieved from /home/airflow/.local/lib/python3.7/site-packages/airflow/example_dags/example_branch_operator.py
[2025-09-13T08:15:02.888+0000] {logging_mixin.py:149} INFO - [2025-09-13T08:15:02.888+0000] {dag.py:2726} INFO - Sync 1 DAGs
[2025-09-13T08:15:02.919+0000] {logging_mixin.py:149} INFO - [2025-09-13T08:15:02.919+0000] {dag.py:3490} INFO - Setting next_dagrun for example_branch_operator to 2025-09-12T00:00:00+00:00, run_after=2025-09-13T00:00:00+00:00
[2025-09-13T08:15:02.939+0000] {processor.py:179} INFO - Processing /home/airflow/.local/lib/python3.7/site-packages/airflow/example_dags/example_branch_operator.py took 0.104 seconds
[2025-09-13T08:15:33.389+0000] {processor.py:157} INFO - Started process (PID=12717) to work on /home/airflow/.local/lib/python3.7/site-packages/airflow/example_dags/example_branch_operator.py
[2025-09-13T08:15:33.390+0000] {processor.py:826} INFO - Processing file /home/airflow/.local/lib/python3.7/site-packages/airflow/example_dags/example_branch_operator.py for tasks to queue
[2025-09-13T08:15:33.392+0000] {logging_mixin.py:149} INFO - [2025-09-13T08:15:33.391+0000] {dagbag.py:541} INFO - Filling up the DagBag from /home/airflow/.local/lib/python3.7/site-packages/airflow/example_dags/example_branch_operator.py
[2025-09-13T08:15:33.451+0000] {processor.py:836} INFO - DAG(s) dict_keys(['example_branch_operator']) retrieved from /home/airflow/.local/lib/python3.7/site-packages/airflow/example_dags/example_branch_operator.py
[2025-09-13T08:15:33.496+0000] {logging_mixin.py:149} INFO - [2025-09-13T08:15:33.496+0000] {dag.py:2726} INFO - Sync 1 DAGs
[2025-09-13T08:15:33.528+0000] {logging_mixin.py:149} INFO - [2025-09-13T08:15:33.528+0000] {dag.py:3490} INFO - Setting next_dagrun for example_branch_operator to 2025-09-12T00:00:00+00:00, run_after=2025-09-13T00:00:00+00:00
[2025-09-13T08:15:33.552+0000] {processor.py:179} INFO - Processing /home/airflow/.local/lib/python3.7/site-packages/airflow/example_dags/example_branch_operator.py took 0.166 seconds
[2025-09-13T08:16:04.480+0000] {processor.py:157} INFO - Started process (PID=12998) to work on /home/airflow/.local/lib/python3.7/site-packages/airflow/example_dags/example_branch_operator.py
[2025-09-13T08:16:04.481+0000] {processor.py:826} INFO - Processing file /home/airflow/.local/lib/python3.7/site-packages/airflow/example_dags/example_branch_operator.py for tasks to queue
[2025-09-13T08:16:04.482+0000] {logging_mixin.py:149} INFO - [2025-09-13T08:16:04.482+0000] {dagbag.py:541} INFO - Filling up the DagBag from /home/airflow/.local/lib/python3.7/site-packages/airflow/example_dags/example_branch_operator.py
[2025-09-13T08:16:04.492+0000] {processor.py:836} INFO - DAG(s) dict_keys(['example_branch_operator']) retrieved from /home/airflow/.local/lib/python3.7/site-packages/airflow/example_dags/example_branch_operator.py
[2025-09-13T08:16:04.525+0000] {logging_mixin.py:149} INFO - [2025-09-13T08:16:04.525+0000] {dag.py:2726} INFO - Sync 1 DAGs
[2025-09-13T08:16:04.554+0000] {logging_mixin.py:149} INFO - [2025-09-13T08:16:04.554+0000] {dag.py:3490} INFO - Setting next_dagrun for example_branch_operator to 2025-09-12T00:00:00+00:00, run_after=2025-09-13T00:00:00+00:00
[2025-09-13T08:16:04.579+0000] {processor.py:179} INFO - Processing /home/airflow/.local/lib/python3.7/site-packages/airflow/example_dags/example_branch_operator.py took 0.102 seconds
[2025-09-13T08:16:35.169+0000] {processor.py:157} INFO - Started process (PID=13279) to work on /home/airflow/.local/lib/python3.7/site-packages/airflow/example_dags/example_branch_operator.py
[2025-09-13T08:16:35.171+0000] {processor.py:826} INFO - Processing file /home/airflow/.local/lib/python3.7/site-packages/airflow/example_dags/example_branch_operator.py for tasks to queue
[2025-09-13T08:16:35.173+0000] {logging_mixin.py:149} INFO - [2025-09-13T08:16:35.172+0000] {dagbag.py:541} INFO - Filling up the DagBag from /home/airflow/.local/lib/python3.7/site-packages/airflow/example_dags/example_branch_operator.py
[2025-09-13T08:16:35.204+0000] {processor.py:836} INFO - DAG(s) dict_keys(['example_branch_operator']) retrieved from /home/airflow/.local/lib/python3.7/site-packages/airflow/example_dags/example_branch_operator.py
[2025-09-13T08:16:35.237+0000] {logging_mixin.py:149} INFO - [2025-09-13T08:16:35.237+0000] {dag.py:2726} INFO - Sync 1 DAGs
[2025-09-13T08:16:35.266+0000] {logging_mixin.py:149} INFO - [2025-09-13T08:16:35.266+0000] {dag.py:3490} INFO - Setting next_dagrun for example_branch_operator to 2025-09-12T00:00:00+00:00, run_after=2025-09-13T00:00:00+00:00
[2025-09-13T08:16:35.294+0000] {processor.py:179} INFO - Processing /home/airflow/.local/lib/python3.7/site-packages/airflow/example_dags/example_branch_operator.py took 0.128 seconds
[2025-09-13T08:17:06.208+0000] {processor.py:157} INFO - Started process (PID=13560) to work on /home/airflow/.local/lib/python3.7/site-packages/airflow/example_dags/example_branch_operator.py
[2025-09-13T08:17:06.210+0000] {processor.py:826} INFO - Processing file /home/airflow/.local/lib/python3.7/site-packages/airflow/example_dags/example_branch_operator.py for tasks to queue
[2025-09-13T08:17:06.211+0000] {logging_mixin.py:149} INFO - [2025-09-13T08:17:06.211+0000] {dagbag.py:541} INFO - Filling up the DagBag from /home/airflow/.local/lib/python3.7/site-packages/airflow/example_dags/example_branch_operator.py
[2025-09-13T08:17:06.221+0000] {processor.py:836} INFO - DAG(s) dict_keys(['example_branch_operator']) retrieved from /home/airflow/.local/lib/python3.7/site-packages/airflow/example_dags/example_branch_operator.py
[2025-09-13T08:17:06.254+0000] {logging_mixin.py:149} INFO - [2025-09-13T08:17:06.254+0000] {dag.py:2726} INFO - Sync 1 DAGs
[2025-09-13T08:17:06.283+0000] {logging_mixin.py:149} INFO - [2025-09-13T08:17:06.282+0000] {dag.py:3490} INFO - Setting next_dagrun for example_branch_operator to 2025-09-12T00:00:00+00:00, run_after=2025-09-13T00:00:00+00:00
[2025-09-13T08:17:06.305+0000] {processor.py:179} INFO - Processing /home/airflow/.local/lib/python3.7/site-packages/airflow/example_dags/example_branch_operator.py took 0.100 seconds
[2025-09-13T08:17:36.373+0000] {processor.py:157} INFO - Started process (PID=13841) to work on /home/airflow/.local/lib/python3.7/site-packages/airflow/example_dags/example_branch_operator.py
[2025-09-13T08:17:36.374+0000] {processor.py:826} INFO - Processing file /home/airflow/.local/lib/python3.7/site-packages/airflow/example_dags/example_branch_operator.py for tasks to queue
[2025-09-13T08:17:36.375+0000] {logging_mixin.py:149} INFO - [2025-09-13T08:17:36.375+0000] {dagbag.py:541} INFO - Filling up the DagBag from /home/airflow/.local/lib/python3.7/site-packages/airflow/example_dags/example_branch_operator.py
[2025-09-13T08:17:36.385+0000] {processor.py:836} INFO - DAG(s) dict_keys(['example_branch_operator']) retrieved from /home/airflow/.local/lib/python3.7/site-packages/airflow/example_dags/example_branch_operator.py
[2025-09-13T08:17:36.438+0000] {logging_mixin.py:149} INFO - [2025-09-13T08:17:36.437+0000] {dag.py:2726} INFO - Sync 1 DAGs
[2025-09-13T08:17:36.470+0000] {logging_mixin.py:149} INFO - [2025-09-13T08:17:36.470+0000] {dag.py:3490} INFO - Setting next_dagrun for example_branch_operator to 2025-09-12T00:00:00+00:00, run_after=2025-09-13T00:00:00+00:00
[2025-09-13T08:17:36.494+0000] {processor.py:179} INFO - Processing /home/airflow/.local/lib/python3.7/site-packages/airflow/example_dags/example_branch_operator.py took 0.124 seconds
[2025-09-13T08:18:07.238+0000] {processor.py:157} INFO - Started process (PID=14122) to work on /home/airflow/.local/lib/python3.7/site-packages/airflow/example_dags/example_branch_operator.py
[2025-09-13T08:18:07.239+0000] {processor.py:826} INFO - Processing file /home/airflow/.local/lib/python3.7/site-packages/airflow/example_dags/example_branch_operator.py for tasks to queue
[2025-09-13T08:18:07.239+0000] {logging_mixin.py:149} INFO - [2025-09-13T08:18:07.239+0000] {dagbag.py:541} INFO - Filling up the DagBag from /home/airflow/.local/lib/python3.7/site-packages/airflow/example_dags/example_branch_operator.py
[2025-09-13T08:18:07.250+0000] {processor.py:836} INFO - DAG(s) dict_keys(['example_branch_operator']) retrieved from /home/airflow/.local/lib/python3.7/site-packages/airflow/example_dags/example_branch_operator.py
[2025-09-13T08:18:07.284+0000] {logging_mixin.py:149} INFO - [2025-09-13T08:18:07.283+0000] {dag.py:2726} INFO - Sync 1 DAGs
[2025-09-13T08:18:07.313+0000] {logging_mixin.py:149} INFO - [2025-09-13T08:18:07.313+0000] {dag.py:3490} INFO - Setting next_dagrun for example_branch_operator to 2025-09-12T00:00:00+00:00, run_after=2025-09-13T00:00:00+00:00
[2025-09-13T08:18:07.337+0000] {processor.py:179} INFO - Processing /home/airflow/.local/lib/python3.7/site-packages/airflow/example_dags/example_branch_operator.py took 0.103 seconds
[2025-09-13T08:52:57.625+0000] {processor.py:157} INFO - Started process (PID=312) to work on /home/airflow/.local/lib/python3.7/site-packages/airflow/example_dags/example_branch_operator.py
[2025-09-13T08:52:57.627+0000] {processor.py:826} INFO - Processing file /home/airflow/.local/lib/python3.7/site-packages/airflow/example_dags/example_branch_operator.py for tasks to queue
[2025-09-13T08:52:57.629+0000] {logging_mixin.py:149} INFO - [2025-09-13T08:52:57.629+0000] {dagbag.py:541} INFO - Filling up the DagBag from /home/airflow/.local/lib/python3.7/site-packages/airflow/example_dags/example_branch_operator.py
[2025-09-13T08:52:57.644+0000] {processor.py:836} INFO - DAG(s) dict_keys(['example_branch_operator']) retrieved from /home/airflow/.local/lib/python3.7/site-packages/airflow/example_dags/example_branch_operator.py
[2025-09-13T08:52:57.684+0000] {logging_mixin.py:149} INFO - [2025-09-13T08:52:57.684+0000] {dag.py:2726} INFO - Sync 1 DAGs
[2025-09-13T08:52:57.714+0000] {logging_mixin.py:149} INFO - [2025-09-13T08:52:57.714+0000] {dag.py:3490} INFO - Setting next_dagrun for example_branch_operator to 2025-09-12T00:00:00+00:00, run_after=2025-09-13T00:00:00+00:00
[2025-09-13T08:52:57.734+0000] {processor.py:179} INFO - Processing /home/airflow/.local/lib/python3.7/site-packages/airflow/example_dags/example_branch_operator.py took 0.113 seconds
[2025-09-13T08:53:28.411+0000] {processor.py:157} INFO - Started process (PID=593) to work on /home/airflow/.local/lib/python3.7/site-packages/airflow/example_dags/example_branch_operator.py
[2025-09-13T08:53:28.412+0000] {processor.py:826} INFO - Processing file /home/airflow/.local/lib/python3.7/site-packages/airflow/example_dags/example_branch_operator.py for tasks to queue
[2025-09-13T08:53:28.413+0000] {logging_mixin.py:149} INFO - [2025-09-13T08:53:28.413+0000] {dagbag.py:541} INFO - Filling up the DagBag from /home/airflow/.local/lib/python3.7/site-packages/airflow/example_dags/example_branch_operator.py
[2025-09-13T08:53:28.423+0000] {processor.py:836} INFO - DAG(s) dict_keys(['example_branch_operator']) retrieved from /home/airflow/.local/lib/python3.7/site-packages/airflow/example_dags/example_branch_operator.py
[2025-09-13T08:53:28.460+0000] {logging_mixin.py:149} INFO - [2025-09-13T08:53:28.459+0000] {dag.py:2726} INFO - Sync 1 DAGs
[2025-09-13T08:53:28.586+0000] {logging_mixin.py:149} INFO - [2025-09-13T08:53:28.586+0000] {dag.py:3490} INFO - Setting next_dagrun for example_branch_operator to 2025-09-12T00:00:00+00:00, run_after=2025-09-13T00:00:00+00:00
[2025-09-13T08:53:28.608+0000] {processor.py:179} INFO - Processing /home/airflow/.local/lib/python3.7/site-packages/airflow/example_dags/example_branch_operator.py took 0.200 seconds
[2025-09-13T08:53:59.060+0000] {processor.py:157} INFO - Started process (PID=874) to work on /home/airflow/.local/lib/python3.7/site-packages/airflow/example_dags/example_branch_operator.py
[2025-09-13T08:53:59.061+0000] {processor.py:826} INFO - Processing file /home/airflow/.local/lib/python3.7/site-packages/airflow/example_dags/example_branch_operator.py for tasks to queue
[2025-09-13T08:53:59.062+0000] {logging_mixin.py:149} INFO - [2025-09-13T08:53:59.062+0000] {dagbag.py:541} INFO - Filling up the DagBag from /home/airflow/.local/lib/python3.7/site-packages/airflow/example_dags/example_branch_operator.py
[2025-09-13T08:53:59.072+0000] {processor.py:836} INFO - DAG(s) dict_keys(['example_branch_operator']) retrieved from /home/airflow/.local/lib/python3.7/site-packages/airflow/example_dags/example_branch_operator.py
[2025-09-13T08:53:59.102+0000] {logging_mixin.py:149} INFO - [2025-09-13T08:53:59.101+0000] {dag.py:2726} INFO - Sync 1 DAGs
[2025-09-13T08:53:59.132+0000] {logging_mixin.py:149} INFO - [2025-09-13T08:53:59.131+0000] {dag.py:3490} INFO - Setting next_dagrun for example_branch_operator to 2025-09-12T00:00:00+00:00, run_after=2025-09-13T00:00:00+00:00
[2025-09-13T08:53:59.158+0000] {processor.py:179} INFO - Processing /home/airflow/.local/lib/python3.7/site-packages/airflow/example_dags/example_branch_operator.py took 0.101 seconds
[2025-09-13T08:54:30.106+0000] {processor.py:157} INFO - Started process (PID=1155) to work on /home/airflow/.local/lib/python3.7/site-packages/airflow/example_dags/example_branch_operator.py
[2025-09-13T08:54:30.107+0000] {processor.py:826} INFO - Processing file /home/airflow/.local/lib/python3.7/site-packages/airflow/example_dags/example_branch_operator.py for tasks to queue
[2025-09-13T08:54:30.108+0000] {logging_mixin.py:149} INFO - [2025-09-13T08:54:30.108+0000] {dagbag.py:541} INFO - Filling up the DagBag from /home/airflow/.local/lib/python3.7/site-packages/airflow/example_dags/example_branch_operator.py
[2025-09-13T08:54:30.119+0000] {processor.py:836} INFO - DAG(s) dict_keys(['example_branch_operator']) retrieved from /home/airflow/.local/lib/python3.7/site-packages/airflow/example_dags/example_branch_operator.py
[2025-09-13T08:54:30.148+0000] {logging_mixin.py:149} INFO - [2025-09-13T08:54:30.148+0000] {dag.py:2726} INFO - Sync 1 DAGs
[2025-09-13T08:54:30.176+0000] {logging_mixin.py:149} INFO - [2025-09-13T08:54:30.176+0000] {dag.py:3490} INFO - Setting next_dagrun for example_branch_operator to 2025-09-12T00:00:00+00:00, run_after=2025-09-13T00:00:00+00:00
[2025-09-13T08:54:30.200+0000] {processor.py:179} INFO - Processing /home/airflow/.local/lib/python3.7/site-packages/airflow/example_dags/example_branch_operator.py took 0.097 seconds
[2025-09-13T08:55:00.324+0000] {processor.py:157} INFO - Started process (PID=1436) to work on /home/airflow/.local/lib/python3.7/site-packages/airflow/example_dags/example_branch_operator.py
[2025-09-13T08:55:00.325+0000] {processor.py:826} INFO - Processing file /home/airflow/.local/lib/python3.7/site-packages/airflow/example_dags/example_branch_operator.py for tasks to queue
[2025-09-13T08:55:00.326+0000] {logging_mixin.py:149} INFO - [2025-09-13T08:55:00.326+0000] {dagbag.py:541} INFO - Filling up the DagBag from /home/airflow/.local/lib/python3.7/site-packages/airflow/example_dags/example_branch_operator.py
[2025-09-13T08:55:00.338+0000] {processor.py:836} INFO - DAG(s) dict_keys(['example_branch_operator']) retrieved from /home/airflow/.local/lib/python3.7/site-packages/airflow/example_dags/example_branch_operator.py
[2025-09-13T08:55:00.378+0000] {logging_mixin.py:149} INFO - [2025-09-13T08:55:00.378+0000] {dag.py:2726} INFO - Sync 1 DAGs
[2025-09-13T08:55:00.413+0000] {logging_mixin.py:149} INFO - [2025-09-13T08:55:00.412+0000] {dag.py:3490} INFO - Setting next_dagrun for example_branch_operator to 2025-09-12T00:00:00+00:00, run_after=2025-09-13T00:00:00+00:00
[2025-09-13T08:55:00.439+0000] {processor.py:179} INFO - Processing /home/airflow/.local/lib/python3.7/site-packages/airflow/example_dags/example_branch_operator.py took 0.119 seconds
[2025-09-13T08:55:30.978+0000] {processor.py:157} INFO - Started process (PID=1717) to work on /home/airflow/.local/lib/python3.7/site-packages/airflow/example_dags/example_branch_operator.py
[2025-09-13T08:55:30.979+0000] {processor.py:826} INFO - Processing file /home/airflow/.local/lib/python3.7/site-packages/airflow/example_dags/example_branch_operator.py for tasks to queue
[2025-09-13T08:55:30.980+0000] {logging_mixin.py:149} INFO - [2025-09-13T08:55:30.980+0000] {dagbag.py:541} INFO - Filling up the DagBag from /home/airflow/.local/lib/python3.7/site-packages/airflow/example_dags/example_branch_operator.py
[2025-09-13T08:55:30.990+0000] {processor.py:836} INFO - DAG(s) dict_keys(['example_branch_operator']) retrieved from /home/airflow/.local/lib/python3.7/site-packages/airflow/example_dags/example_branch_operator.py
[2025-09-13T08:55:31.019+0000] {logging_mixin.py:149} INFO - [2025-09-13T08:55:31.019+0000] {dag.py:2726} INFO - Sync 1 DAGs
[2025-09-13T08:55:31.048+0000] {logging_mixin.py:149} INFO - [2025-09-13T08:55:31.048+0000] {dag.py:3490} INFO - Setting next_dagrun for example_branch_operator to 2025-09-12T00:00:00+00:00, run_after=2025-09-13T00:00:00+00:00
[2025-09-13T08:55:31.074+0000] {processor.py:179} INFO - Processing /home/airflow/.local/lib/python3.7/site-packages/airflow/example_dags/example_branch_operator.py took 0.099 seconds
[2025-09-13T08:56:01.991+0000] {processor.py:157} INFO - Started process (PID=1998) to work on /home/airflow/.local/lib/python3.7/site-packages/airflow/example_dags/example_branch_operator.py
[2025-09-13T08:56:01.992+0000] {processor.py:826} INFO - Processing file /home/airflow/.local/lib/python3.7/site-packages/airflow/example_dags/example_branch_operator.py for tasks to queue
[2025-09-13T08:56:01.993+0000] {logging_mixin.py:149} INFO - [2025-09-13T08:56:01.992+0000] {dagbag.py:541} INFO - Filling up the DagBag from /home/airflow/.local/lib/python3.7/site-packages/airflow/example_dags/example_branch_operator.py
[2025-09-13T08:56:02.003+0000] {processor.py:836} INFO - DAG(s) dict_keys(['example_branch_operator']) retrieved from /home/airflow/.local/lib/python3.7/site-packages/airflow/example_dags/example_branch_operator.py
[2025-09-13T08:56:02.040+0000] {logging_mixin.py:149} INFO - [2025-09-13T08:56:02.039+0000] {dag.py:2726} INFO - Sync 1 DAGs
[2025-09-13T08:56:02.075+0000] {logging_mixin.py:149} INFO - [2025-09-13T08:56:02.074+0000] {dag.py:3490} INFO - Setting next_dagrun for example_branch_operator to 2025-09-12T00:00:00+00:00, run_after=2025-09-13T00:00:00+00:00
[2025-09-13T08:56:02.098+0000] {processor.py:179} INFO - Processing /home/airflow/.local/lib/python3.7/site-packages/airflow/example_dags/example_branch_operator.py took 0.111 seconds
[2025-09-13T08:56:32.733+0000] {processor.py:157} INFO - Started process (PID=2279) to work on /home/airflow/.local/lib/python3.7/site-packages/airflow/example_dags/example_branch_operator.py
[2025-09-13T08:56:32.734+0000] {processor.py:826} INFO - Processing file /home/airflow/.local/lib/python3.7/site-packages/airflow/example_dags/example_branch_operator.py for tasks to queue
[2025-09-13T08:56:32.735+0000] {logging_mixin.py:149} INFO - [2025-09-13T08:56:32.735+0000] {dagbag.py:541} INFO - Filling up the DagBag from /home/airflow/.local/lib/python3.7/site-packages/airflow/example_dags/example_branch_operator.py
[2025-09-13T08:56:32.746+0000] {processor.py:836} INFO - DAG(s) dict_keys(['example_branch_operator']) retrieved from /home/airflow/.local/lib/python3.7/site-packages/airflow/example_dags/example_branch_operator.py
[2025-09-13T08:56:32.776+0000] {logging_mixin.py:149} INFO - [2025-09-13T08:56:32.776+0000] {dag.py:2726} INFO - Sync 1 DAGs
[2025-09-13T08:56:32.807+0000] {logging_mixin.py:149} INFO - [2025-09-13T08:56:32.807+0000] {dag.py:3490} INFO - Setting next_dagrun for example_branch_operator to 2025-09-12T00:00:00+00:00, run_after=2025-09-13T00:00:00+00:00
[2025-09-13T08:56:32.828+0000] {processor.py:179} INFO - Processing /home/airflow/.local/lib/python3.7/site-packages/airflow/example_dags/example_branch_operator.py took 0.099 seconds
[2025-09-13T08:57:02.937+0000] {processor.py:157} INFO - Started process (PID=2559) to work on /home/airflow/.local/lib/python3.7/site-packages/airflow/example_dags/example_branch_operator.py
[2025-09-13T08:57:02.938+0000] {processor.py:826} INFO - Processing file /home/airflow/.local/lib/python3.7/site-packages/airflow/example_dags/example_branch_operator.py for tasks to queue
[2025-09-13T08:57:02.939+0000] {logging_mixin.py:149} INFO - [2025-09-13T08:57:02.939+0000] {dagbag.py:541} INFO - Filling up the DagBag from /home/airflow/.local/lib/python3.7/site-packages/airflow/example_dags/example_branch_operator.py
[2025-09-13T08:57:02.957+0000] {processor.py:836} INFO - DAG(s) dict_keys(['example_branch_operator']) retrieved from /home/airflow/.local/lib/python3.7/site-packages/airflow/example_dags/example_branch_operator.py
[2025-09-13T08:57:02.999+0000] {logging_mixin.py:149} INFO - [2025-09-13T08:57:02.998+0000] {dag.py:2726} INFO - Sync 1 DAGs
[2025-09-13T08:57:03.039+0000] {logging_mixin.py:149} INFO - [2025-09-13T08:57:03.038+0000] {dag.py:3490} INFO - Setting next_dagrun for example_branch_operator to 2025-09-12T00:00:00+00:00, run_after=2025-09-13T00:00:00+00:00
[2025-09-13T08:57:03.077+0000] {processor.py:179} INFO - Processing /home/airflow/.local/lib/python3.7/site-packages/airflow/example_dags/example_branch_operator.py took 0.144 seconds
[2025-09-13T08:57:33.781+0000] {processor.py:157} INFO - Started process (PID=2840) to work on /home/airflow/.local/lib/python3.7/site-packages/airflow/example_dags/example_branch_operator.py
[2025-09-13T08:57:33.783+0000] {processor.py:826} INFO - Processing file /home/airflow/.local/lib/python3.7/site-packages/airflow/example_dags/example_branch_operator.py for tasks to queue
[2025-09-13T08:57:33.784+0000] {logging_mixin.py:149} INFO - [2025-09-13T08:57:33.784+0000] {dagbag.py:541} INFO - Filling up the DagBag from /home/airflow/.local/lib/python3.7/site-packages/airflow/example_dags/example_branch_operator.py
[2025-09-13T08:57:33.797+0000] {processor.py:836} INFO - DAG(s) dict_keys(['example_branch_operator']) retrieved from /home/airflow/.local/lib/python3.7/site-packages/airflow/example_dags/example_branch_operator.py
[2025-09-13T08:57:33.829+0000] {logging_mixin.py:149} INFO - [2025-09-13T08:57:33.829+0000] {dag.py:2726} INFO - Sync 1 DAGs
[2025-09-13T08:57:33.859+0000] {logging_mixin.py:149} INFO - [2025-09-13T08:57:33.859+0000] {dag.py:3490} INFO - Setting next_dagrun for example_branch_operator to 2025-09-12T00:00:00+00:00, run_after=2025-09-13T00:00:00+00:00
[2025-09-13T08:57:33.881+0000] {processor.py:179} INFO - Processing /home/airflow/.local/lib/python3.7/site-packages/airflow/example_dags/example_branch_operator.py took 0.103 seconds
[2025-09-13T08:58:04.576+0000] {processor.py:157} INFO - Started process (PID=3121) to work on /home/airflow/.local/lib/python3.7/site-packages/airflow/example_dags/example_branch_operator.py
[2025-09-13T08:58:04.577+0000] {processor.py:826} INFO - Processing file /home/airflow/.local/lib/python3.7/site-packages/airflow/example_dags/example_branch_operator.py for tasks to queue
[2025-09-13T08:58:04.578+0000] {logging_mixin.py:149} INFO - [2025-09-13T08:58:04.578+0000] {dagbag.py:541} INFO - Filling up the DagBag from /home/airflow/.local/lib/python3.7/site-packages/airflow/example_dags/example_branch_operator.py
[2025-09-13T08:58:04.588+0000] {processor.py:836} INFO - DAG(s) dict_keys(['example_branch_operator']) retrieved from /home/airflow/.local/lib/python3.7/site-packages/airflow/example_dags/example_branch_operator.py
[2025-09-13T08:58:04.618+0000] {logging_mixin.py:149} INFO - [2025-09-13T08:58:04.618+0000] {dag.py:2726} INFO - Sync 1 DAGs
[2025-09-13T08:58:04.650+0000] {logging_mixin.py:149} INFO - [2025-09-13T08:58:04.649+0000] {dag.py:3490} INFO - Setting next_dagrun for example_branch_operator to 2025-09-12T00:00:00+00:00, run_after=2025-09-13T00:00:00+00:00
[2025-09-13T08:58:04.671+0000] {processor.py:179} INFO - Processing /home/airflow/.local/lib/python3.7/site-packages/airflow/example_dags/example_branch_operator.py took 0.098 seconds
[2025-09-13T08:58:35.313+0000] {processor.py:157} INFO - Started process (PID=3403) to work on /home/airflow/.local/lib/python3.7/site-packages/airflow/example_dags/example_branch_operator.py
[2025-09-13T08:58:35.314+0000] {processor.py:826} INFO - Processing file /home/airflow/.local/lib/python3.7/site-packages/airflow/example_dags/example_branch_operator.py for tasks to queue
[2025-09-13T08:58:35.315+0000] {logging_mixin.py:149} INFO - [2025-09-13T08:58:35.315+0000] {dagbag.py:541} INFO - Filling up the DagBag from /home/airflow/.local/lib/python3.7/site-packages/airflow/example_dags/example_branch_operator.py
[2025-09-13T08:58:35.326+0000] {processor.py:836} INFO - DAG(s) dict_keys(['example_branch_operator']) retrieved from /home/airflow/.local/lib/python3.7/site-packages/airflow/example_dags/example_branch_operator.py
[2025-09-13T08:58:35.356+0000] {logging_mixin.py:149} INFO - [2025-09-13T08:58:35.356+0000] {dag.py:2726} INFO - Sync 1 DAGs
[2025-09-13T08:58:35.385+0000] {logging_mixin.py:149} INFO - [2025-09-13T08:58:35.385+0000] {dag.py:3490} INFO - Setting next_dagrun for example_branch_operator to 2025-09-12T00:00:00+00:00, run_after=2025-09-13T00:00:00+00:00
[2025-09-13T08:58:35.407+0000] {processor.py:179} INFO - Processing /home/airflow/.local/lib/python3.7/site-packages/airflow/example_dags/example_branch_operator.py took 0.097 seconds
[2025-09-13T08:59:06.355+0000] {processor.py:157} INFO - Started process (PID=3684) to work on /home/airflow/.local/lib/python3.7/site-packages/airflow/example_dags/example_branch_operator.py
[2025-09-13T08:59:06.357+0000] {processor.py:826} INFO - Processing file /home/airflow/.local/lib/python3.7/site-packages/airflow/example_dags/example_branch_operator.py for tasks to queue
[2025-09-13T08:59:06.359+0000] {logging_mixin.py:149} INFO - [2025-09-13T08:59:06.359+0000] {dagbag.py:541} INFO - Filling up the DagBag from /home/airflow/.local/lib/python3.7/site-packages/airflow/example_dags/example_branch_operator.py
[2025-09-13T08:59:06.369+0000] {processor.py:836} INFO - DAG(s) dict_keys(['example_branch_operator']) retrieved from /home/airflow/.local/lib/python3.7/site-packages/airflow/example_dags/example_branch_operator.py
[2025-09-13T08:59:06.399+0000] {logging_mixin.py:149} INFO - [2025-09-13T08:59:06.399+0000] {dag.py:2726} INFO - Sync 1 DAGs
[2025-09-13T08:59:06.429+0000] {logging_mixin.py:149} INFO - [2025-09-13T08:59:06.429+0000] {dag.py:3490} INFO - Setting next_dagrun for example_branch_operator to 2025-09-12T00:00:00+00:00, run_after=2025-09-13T00:00:00+00:00
[2025-09-13T08:59:06.452+0000] {processor.py:179} INFO - Processing /home/airflow/.local/lib/python3.7/site-packages/airflow/example_dags/example_branch_operator.py took 0.101 seconds
[2025-09-13T08:59:37.290+0000] {processor.py:157} INFO - Started process (PID=3965) to work on /home/airflow/.local/lib/python3.7/site-packages/airflow/example_dags/example_branch_operator.py
[2025-09-13T08:59:37.291+0000] {processor.py:826} INFO - Processing file /home/airflow/.local/lib/python3.7/site-packages/airflow/example_dags/example_branch_operator.py for tasks to queue
[2025-09-13T08:59:37.292+0000] {logging_mixin.py:149} INFO - [2025-09-13T08:59:37.292+0000] {dagbag.py:541} INFO - Filling up the DagBag from /home/airflow/.local/lib/python3.7/site-packages/airflow/example_dags/example_branch_operator.py
[2025-09-13T08:59:37.304+0000] {processor.py:836} INFO - DAG(s) dict_keys(['example_branch_operator']) retrieved from /home/airflow/.local/lib/python3.7/site-packages/airflow/example_dags/example_branch_operator.py
[2025-09-13T08:59:37.333+0000] {logging_mixin.py:149} INFO - [2025-09-13T08:59:37.333+0000] {dag.py:2726} INFO - Sync 1 DAGs
[2025-09-13T08:59:37.363+0000] {logging_mixin.py:149} INFO - [2025-09-13T08:59:37.363+0000] {dag.py:3490} INFO - Setting next_dagrun for example_branch_operator to 2025-09-12T00:00:00+00:00, run_after=2025-09-13T00:00:00+00:00
[2025-09-13T08:59:37.385+0000] {processor.py:179} INFO - Processing /home/airflow/.local/lib/python3.7/site-packages/airflow/example_dags/example_branch_operator.py took 0.098 seconds
[2025-09-13T09:00:08.345+0000] {processor.py:157} INFO - Started process (PID=4246) to work on /home/airflow/.local/lib/python3.7/site-packages/airflow/example_dags/example_branch_operator.py
[2025-09-13T09:00:08.347+0000] {processor.py:826} INFO - Processing file /home/airflow/.local/lib/python3.7/site-packages/airflow/example_dags/example_branch_operator.py for tasks to queue
[2025-09-13T09:00:08.349+0000] {logging_mixin.py:149} INFO - [2025-09-13T09:00:08.349+0000] {dagbag.py:541} INFO - Filling up the DagBag from /home/airflow/.local/lib/python3.7/site-packages/airflow/example_dags/example_branch_operator.py
[2025-09-13T09:00:08.359+0000] {processor.py:836} INFO - DAG(s) dict_keys(['example_branch_operator']) retrieved from /home/airflow/.local/lib/python3.7/site-packages/airflow/example_dags/example_branch_operator.py
[2025-09-13T09:00:08.396+0000] {logging_mixin.py:149} INFO - [2025-09-13T09:00:08.395+0000] {dag.py:2726} INFO - Sync 1 DAGs
[2025-09-13T09:00:08.426+0000] {logging_mixin.py:149} INFO - [2025-09-13T09:00:08.426+0000] {dag.py:3490} INFO - Setting next_dagrun for example_branch_operator to 2025-09-12T00:00:00+00:00, run_after=2025-09-13T00:00:00+00:00
[2025-09-13T09:00:08.449+0000] {processor.py:179} INFO - Processing /home/airflow/.local/lib/python3.7/site-packages/airflow/example_dags/example_branch_operator.py took 0.107 seconds
[2025-09-13T09:00:39.281+0000] {processor.py:157} INFO - Started process (PID=4530) to work on /home/airflow/.local/lib/python3.7/site-packages/airflow/example_dags/example_branch_operator.py
[2025-09-13T09:00:39.282+0000] {processor.py:826} INFO - Processing file /home/airflow/.local/lib/python3.7/site-packages/airflow/example_dags/example_branch_operator.py for tasks to queue
[2025-09-13T09:00:39.283+0000] {logging_mixin.py:149} INFO - [2025-09-13T09:00:39.283+0000] {dagbag.py:541} INFO - Filling up the DagBag from /home/airflow/.local/lib/python3.7/site-packages/airflow/example_dags/example_branch_operator.py
[2025-09-13T09:00:39.294+0000] {processor.py:836} INFO - DAG(s) dict_keys(['example_branch_operator']) retrieved from /home/airflow/.local/lib/python3.7/site-packages/airflow/example_dags/example_branch_operator.py
[2025-09-13T09:00:39.324+0000] {logging_mixin.py:149} INFO - [2025-09-13T09:00:39.324+0000] {dag.py:2726} INFO - Sync 1 DAGs
[2025-09-13T09:00:39.354+0000] {logging_mixin.py:149} INFO - [2025-09-13T09:00:39.354+0000] {dag.py:3490} INFO - Setting next_dagrun for example_branch_operator to 2025-09-12T00:00:00+00:00, run_after=2025-09-13T00:00:00+00:00
[2025-09-13T09:00:39.375+0000] {processor.py:179} INFO - Processing /home/airflow/.local/lib/python3.7/site-packages/airflow/example_dags/example_branch_operator.py took 0.097 seconds
[2025-09-13T09:01:10.101+0000] {processor.py:157} INFO - Started process (PID=4811) to work on /home/airflow/.local/lib/python3.7/site-packages/airflow/example_dags/example_branch_operator.py
[2025-09-13T09:01:10.102+0000] {processor.py:826} INFO - Processing file /home/airflow/.local/lib/python3.7/site-packages/airflow/example_dags/example_branch_operator.py for tasks to queue
[2025-09-13T09:01:10.102+0000] {logging_mixin.py:149} INFO - [2025-09-13T09:01:10.102+0000] {dagbag.py:541} INFO - Filling up the DagBag from /home/airflow/.local/lib/python3.7/site-packages/airflow/example_dags/example_branch_operator.py
[2025-09-13T09:01:10.112+0000] {processor.py:836} INFO - DAG(s) dict_keys(['example_branch_operator']) retrieved from /home/airflow/.local/lib/python3.7/site-packages/airflow/example_dags/example_branch_operator.py
[2025-09-13T09:01:10.142+0000] {logging_mixin.py:149} INFO - [2025-09-13T09:01:10.142+0000] {dag.py:2726} INFO - Sync 1 DAGs
[2025-09-13T09:01:10.171+0000] {logging_mixin.py:149} INFO - [2025-09-13T09:01:10.170+0000] {dag.py:3490} INFO - Setting next_dagrun for example_branch_operator to 2025-09-12T00:00:00+00:00, run_after=2025-09-13T00:00:00+00:00
[2025-09-13T09:01:10.192+0000] {processor.py:179} INFO - Processing /home/airflow/.local/lib/python3.7/site-packages/airflow/example_dags/example_branch_operator.py took 0.095 seconds
[2025-09-13T09:01:40.544+0000] {processor.py:157} INFO - Started process (PID=5090) to work on /home/airflow/.local/lib/python3.7/site-packages/airflow/example_dags/example_branch_operator.py
[2025-09-13T09:01:40.546+0000] {processor.py:826} INFO - Processing file /home/airflow/.local/lib/python3.7/site-packages/airflow/example_dags/example_branch_operator.py for tasks to queue
[2025-09-13T09:01:40.546+0000] {logging_mixin.py:149} INFO - [2025-09-13T09:01:40.546+0000] {dagbag.py:541} INFO - Filling up the DagBag from /home/airflow/.local/lib/python3.7/site-packages/airflow/example_dags/example_branch_operator.py
[2025-09-13T09:01:40.557+0000] {processor.py:836} INFO - DAG(s) dict_keys(['example_branch_operator']) retrieved from /home/airflow/.local/lib/python3.7/site-packages/airflow/example_dags/example_branch_operator.py
[2025-09-13T09:01:40.589+0000] {logging_mixin.py:149} INFO - [2025-09-13T09:01:40.588+0000] {dag.py:2726} INFO - Sync 1 DAGs
[2025-09-13T09:01:40.619+0000] {logging_mixin.py:149} INFO - [2025-09-13T09:01:40.619+0000] {dag.py:3490} INFO - Setting next_dagrun for example_branch_operator to 2025-09-12T00:00:00+00:00, run_after=2025-09-13T00:00:00+00:00
[2025-09-13T09:01:40.640+0000] {processor.py:179} INFO - Processing /home/airflow/.local/lib/python3.7/site-packages/airflow/example_dags/example_branch_operator.py took 0.100 seconds
[2025-09-13T09:02:11.657+0000] {processor.py:157} INFO - Started process (PID=5371) to work on /home/airflow/.local/lib/python3.7/site-packages/airflow/example_dags/example_branch_operator.py
[2025-09-13T09:02:11.657+0000] {processor.py:826} INFO - Processing file /home/airflow/.local/lib/python3.7/site-packages/airflow/example_dags/example_branch_operator.py for tasks to queue
[2025-09-13T09:02:11.658+0000] {logging_mixin.py:149} INFO - [2025-09-13T09:02:11.658+0000] {dagbag.py:541} INFO - Filling up the DagBag from /home/airflow/.local/lib/python3.7/site-packages/airflow/example_dags/example_branch_operator.py
[2025-09-13T09:02:11.670+0000] {processor.py:836} INFO - DAG(s) dict_keys(['example_branch_operator']) retrieved from /home/airflow/.local/lib/python3.7/site-packages/airflow/example_dags/example_branch_operator.py
[2025-09-13T09:02:11.702+0000] {logging_mixin.py:149} INFO - [2025-09-13T09:02:11.702+0000] {dag.py:2726} INFO - Sync 1 DAGs
[2025-09-13T09:02:11.741+0000] {logging_mixin.py:149} INFO - [2025-09-13T09:02:11.741+0000] {dag.py:3490} INFO - Setting next_dagrun for example_branch_operator to 2025-09-12T00:00:00+00:00, run_after=2025-09-13T00:00:00+00:00
[2025-09-13T09:02:11.766+0000] {processor.py:179} INFO - Processing /home/airflow/.local/lib/python3.7/site-packages/airflow/example_dags/example_branch_operator.py took 0.114 seconds
[2025-09-13T09:02:42.409+0000] {processor.py:157} INFO - Started process (PID=5652) to work on /home/airflow/.local/lib/python3.7/site-packages/airflow/example_dags/example_branch_operator.py
[2025-09-13T09:02:42.410+0000] {processor.py:826} INFO - Processing file /home/airflow/.local/lib/python3.7/site-packages/airflow/example_dags/example_branch_operator.py for tasks to queue
[2025-09-13T09:02:42.411+0000] {logging_mixin.py:149} INFO - [2025-09-13T09:02:42.411+0000] {dagbag.py:541} INFO - Filling up the DagBag from /home/airflow/.local/lib/python3.7/site-packages/airflow/example_dags/example_branch_operator.py
[2025-09-13T09:02:42.421+0000] {processor.py:836} INFO - DAG(s) dict_keys(['example_branch_operator']) retrieved from /home/airflow/.local/lib/python3.7/site-packages/airflow/example_dags/example_branch_operator.py
[2025-09-13T09:02:42.451+0000] {logging_mixin.py:149} INFO - [2025-09-13T09:02:42.451+0000] {dag.py:2726} INFO - Sync 1 DAGs
[2025-09-13T09:02:42.485+0000] {logging_mixin.py:149} INFO - [2025-09-13T09:02:42.485+0000] {dag.py:3490} INFO - Setting next_dagrun for example_branch_operator to 2025-09-12T00:00:00+00:00, run_after=2025-09-13T00:00:00+00:00
[2025-09-13T09:02:42.505+0000] {processor.py:179} INFO - Processing /home/airflow/.local/lib/python3.7/site-packages/airflow/example_dags/example_branch_operator.py took 0.100 seconds
[2025-09-13T09:03:13.347+0000] {processor.py:157} INFO - Started process (PID=5933) to work on /home/airflow/.local/lib/python3.7/site-packages/airflow/example_dags/example_branch_operator.py
[2025-09-13T09:03:13.348+0000] {processor.py:826} INFO - Processing file /home/airflow/.local/lib/python3.7/site-packages/airflow/example_dags/example_branch_operator.py for tasks to queue
[2025-09-13T09:03:13.350+0000] {logging_mixin.py:149} INFO - [2025-09-13T09:03:13.349+0000] {dagbag.py:541} INFO - Filling up the DagBag from /home/airflow/.local/lib/python3.7/site-packages/airflow/example_dags/example_branch_operator.py
[2025-09-13T09:03:13.363+0000] {processor.py:836} INFO - DAG(s) dict_keys(['example_branch_operator']) retrieved from /home/airflow/.local/lib/python3.7/site-packages/airflow/example_dags/example_branch_operator.py
[2025-09-13T09:03:13.412+0000] {logging_mixin.py:149} INFO - [2025-09-13T09:03:13.411+0000] {dag.py:2726} INFO - Sync 1 DAGs
[2025-09-13T09:03:13.448+0000] {logging_mixin.py:149} INFO - [2025-09-13T09:03:13.448+0000] {dag.py:3490} INFO - Setting next_dagrun for example_branch_operator to 2025-09-12T00:00:00+00:00, run_after=2025-09-13T00:00:00+00:00
[2025-09-13T09:03:13.471+0000] {processor.py:179} INFO - Processing /home/airflow/.local/lib/python3.7/site-packages/airflow/example_dags/example_branch_operator.py took 0.128 seconds
[2025-09-13T09:03:44.336+0000] {processor.py:157} INFO - Started process (PID=6214) to work on /home/airflow/.local/lib/python3.7/site-packages/airflow/example_dags/example_branch_operator.py
[2025-09-13T09:03:44.337+0000] {processor.py:826} INFO - Processing file /home/airflow/.local/lib/python3.7/site-packages/airflow/example_dags/example_branch_operator.py for tasks to queue
[2025-09-13T09:03:44.338+0000] {logging_mixin.py:149} INFO - [2025-09-13T09:03:44.338+0000] {dagbag.py:541} INFO - Filling up the DagBag from /home/airflow/.local/lib/python3.7/site-packages/airflow/example_dags/example_branch_operator.py
[2025-09-13T09:03:44.349+0000] {processor.py:836} INFO - DAG(s) dict_keys(['example_branch_operator']) retrieved from /home/airflow/.local/lib/python3.7/site-packages/airflow/example_dags/example_branch_operator.py
[2025-09-13T09:03:44.379+0000] {logging_mixin.py:149} INFO - [2025-09-13T09:03:44.379+0000] {dag.py:2726} INFO - Sync 1 DAGs
[2025-09-13T09:03:44.411+0000] {logging_mixin.py:149} INFO - [2025-09-13T09:03:44.411+0000] {dag.py:3490} INFO - Setting next_dagrun for example_branch_operator to 2025-09-12T00:00:00+00:00, run_after=2025-09-13T00:00:00+00:00
[2025-09-13T09:03:44.433+0000] {processor.py:179} INFO - Processing /home/airflow/.local/lib/python3.7/site-packages/airflow/example_dags/example_branch_operator.py took 0.101 seconds
