[2025-10-18T04:44:12.810+0000] {processor.py:157} INFO - Started process (PID=308) to work on /home/airflow/.local/lib/python3.7/site-packages/airflow/example_dags/example_dynamic_task_mapping_with_no_taskflow_operators.py
[2025-10-18T04:44:12.812+0000] {processor.py:826} INFO - Processing file /home/airflow/.local/lib/python3.7/site-packages/airflow/example_dags/example_dynamic_task_mapping_with_no_taskflow_operators.py for tasks to queue
[2025-10-18T04:44:12.814+0000] {logging_mixin.py:149} INFO - [2025-10-18T04:44:12.813+0000] {dagbag.py:541} INFO - Filling up the DagBag from /home/airflow/.local/lib/python3.7/site-packages/airflow/example_dags/example_dynamic_task_mapping_with_no_taskflow_operators.py
[2025-10-18T04:44:12.833+0000] {processor.py:836} INFO - DAG(s) dict_keys(['example_dynamic_task_mapping_with_no_taskflow_operators']) retrieved from /home/airflow/.local/lib/python3.7/site-packages/airflow/example_dags/example_dynamic_task_mapping_with_no_taskflow_operators.py
[2025-10-18T04:44:12.907+0000] {logging_mixin.py:149} INFO - [2025-10-18T04:44:12.906+0000] {dag.py:2726} INFO - Sync 1 DAGs
[2025-10-18T04:44:12.959+0000] {logging_mixin.py:149} INFO - [2025-10-18T04:44:12.959+0000] {dag.py:3490} INFO - Setting next_dagrun for example_dynamic_task_mapping_with_no_taskflow_operators to 2025-10-17T04:44:12.958694+00:00, run_after=2025-10-18T04:44:12.958694+00:00
[2025-10-18T04:44:12.996+0000] {processor.py:179} INFO - Processing /home/airflow/.local/lib/python3.7/site-packages/airflow/example_dags/example_dynamic_task_mapping_with_no_taskflow_operators.py took 0.192 seconds
[2025-10-18T04:44:44.485+0000] {processor.py:157} INFO - Started process (PID=615) to work on /home/airflow/.local/lib/python3.7/site-packages/airflow/example_dags/example_dynamic_task_mapping_with_no_taskflow_operators.py
[2025-10-18T04:44:44.487+0000] {processor.py:826} INFO - Processing file /home/airflow/.local/lib/python3.7/site-packages/airflow/example_dags/example_dynamic_task_mapping_with_no_taskflow_operators.py for tasks to queue
[2025-10-18T04:44:44.489+0000] {logging_mixin.py:149} INFO - [2025-10-18T04:44:44.488+0000] {dagbag.py:541} INFO - Filling up the DagBag from /home/airflow/.local/lib/python3.7/site-packages/airflow/example_dags/example_dynamic_task_mapping_with_no_taskflow_operators.py
[2025-10-18T04:44:44.503+0000] {processor.py:836} INFO - DAG(s) dict_keys(['example_dynamic_task_mapping_with_no_taskflow_operators']) retrieved from /home/airflow/.local/lib/python3.7/site-packages/airflow/example_dags/example_dynamic_task_mapping_with_no_taskflow_operators.py
[2025-10-18T04:44:44.565+0000] {logging_mixin.py:149} INFO - [2025-10-18T04:44:44.564+0000] {dag.py:2726} INFO - Sync 1 DAGs
[2025-10-18T04:44:44.633+0000] {logging_mixin.py:149} INFO - [2025-10-18T04:44:44.633+0000] {dag.py:3490} INFO - Setting next_dagrun for example_dynamic_task_mapping_with_no_taskflow_operators to 2025-10-17T04:44:44.632705+00:00, run_after=2025-10-18T04:44:44.632705+00:00
[2025-10-18T04:44:44.677+0000] {processor.py:179} INFO - Processing /home/airflow/.local/lib/python3.7/site-packages/airflow/example_dags/example_dynamic_task_mapping_with_no_taskflow_operators.py took 0.199 seconds
[2025-10-18T04:49:15.342+0000] {processor.py:157} INFO - Started process (PID=314) to work on /home/airflow/.local/lib/python3.7/site-packages/airflow/example_dags/example_dynamic_task_mapping_with_no_taskflow_operators.py
[2025-10-18T04:49:15.345+0000] {processor.py:826} INFO - Processing file /home/airflow/.local/lib/python3.7/site-packages/airflow/example_dags/example_dynamic_task_mapping_with_no_taskflow_operators.py for tasks to queue
[2025-10-18T04:49:15.348+0000] {logging_mixin.py:149} INFO - [2025-10-18T04:49:15.348+0000] {dagbag.py:541} INFO - Filling up the DagBag from /home/airflow/.local/lib/python3.7/site-packages/airflow/example_dags/example_dynamic_task_mapping_with_no_taskflow_operators.py
[2025-10-18T04:49:15.384+0000] {processor.py:836} INFO - DAG(s) dict_keys(['example_dynamic_task_mapping_with_no_taskflow_operators']) retrieved from /home/airflow/.local/lib/python3.7/site-packages/airflow/example_dags/example_dynamic_task_mapping_with_no_taskflow_operators.py
[2025-10-18T04:49:15.496+0000] {logging_mixin.py:149} INFO - [2025-10-18T04:49:15.496+0000] {dag.py:2726} INFO - Sync 1 DAGs
[2025-10-18T04:49:15.584+0000] {logging_mixin.py:149} INFO - [2025-10-18T04:49:15.583+0000] {dag.py:3490} INFO - Setting next_dagrun for example_dynamic_task_mapping_with_no_taskflow_operators to 2025-10-17T04:49:15.583269+00:00, run_after=2025-10-18T04:49:15.583269+00:00
[2025-10-18T04:49:15.645+0000] {processor.py:179} INFO - Processing /home/airflow/.local/lib/python3.7/site-packages/airflow/example_dags/example_dynamic_task_mapping_with_no_taskflow_operators.py took 0.311 seconds
[2025-10-18T04:49:46.506+0000] {processor.py:157} INFO - Started process (PID=623) to work on /home/airflow/.local/lib/python3.7/site-packages/airflow/example_dags/example_dynamic_task_mapping_with_no_taskflow_operators.py
[2025-10-18T04:49:46.507+0000] {processor.py:826} INFO - Processing file /home/airflow/.local/lib/python3.7/site-packages/airflow/example_dags/example_dynamic_task_mapping_with_no_taskflow_operators.py for tasks to queue
[2025-10-18T04:49:46.508+0000] {logging_mixin.py:149} INFO - [2025-10-18T04:49:46.508+0000] {dagbag.py:541} INFO - Filling up the DagBag from /home/airflow/.local/lib/python3.7/site-packages/airflow/example_dags/example_dynamic_task_mapping_with_no_taskflow_operators.py
[2025-10-18T04:49:46.516+0000] {processor.py:836} INFO - DAG(s) dict_keys(['example_dynamic_task_mapping_with_no_taskflow_operators']) retrieved from /home/airflow/.local/lib/python3.7/site-packages/airflow/example_dags/example_dynamic_task_mapping_with_no_taskflow_operators.py
[2025-10-18T04:49:46.551+0000] {logging_mixin.py:149} INFO - [2025-10-18T04:49:46.551+0000] {dag.py:2726} INFO - Sync 1 DAGs
[2025-10-18T04:49:46.587+0000] {logging_mixin.py:149} INFO - [2025-10-18T04:49:46.587+0000] {dag.py:3490} INFO - Setting next_dagrun for example_dynamic_task_mapping_with_no_taskflow_operators to 2025-10-17T04:49:46.587241+00:00, run_after=2025-10-18T04:49:46.587241+00:00
[2025-10-18T04:49:46.615+0000] {processor.py:179} INFO - Processing /home/airflow/.local/lib/python3.7/site-packages/airflow/example_dags/example_dynamic_task_mapping_with_no_taskflow_operators.py took 0.113 seconds
[2025-10-18T04:50:17.178+0000] {processor.py:157} INFO - Started process (PID=930) to work on /home/airflow/.local/lib/python3.7/site-packages/airflow/example_dags/example_dynamic_task_mapping_with_no_taskflow_operators.py
[2025-10-18T04:50:17.179+0000] {processor.py:826} INFO - Processing file /home/airflow/.local/lib/python3.7/site-packages/airflow/example_dags/example_dynamic_task_mapping_with_no_taskflow_operators.py for tasks to queue
[2025-10-18T04:50:17.181+0000] {logging_mixin.py:149} INFO - [2025-10-18T04:50:17.180+0000] {dagbag.py:541} INFO - Filling up the DagBag from /home/airflow/.local/lib/python3.7/site-packages/airflow/example_dags/example_dynamic_task_mapping_with_no_taskflow_operators.py
[2025-10-18T04:50:17.190+0000] {processor.py:836} INFO - DAG(s) dict_keys(['example_dynamic_task_mapping_with_no_taskflow_operators']) retrieved from /home/airflow/.local/lib/python3.7/site-packages/airflow/example_dags/example_dynamic_task_mapping_with_no_taskflow_operators.py
[2025-10-18T04:50:17.220+0000] {logging_mixin.py:149} INFO - [2025-10-18T04:50:17.220+0000] {dag.py:2726} INFO - Sync 1 DAGs
[2025-10-18T04:50:17.250+0000] {logging_mixin.py:149} INFO - [2025-10-18T04:50:17.250+0000] {dag.py:3490} INFO - Setting next_dagrun for example_dynamic_task_mapping_with_no_taskflow_operators to 2025-10-17T04:50:17.249995+00:00, run_after=2025-10-18T04:50:17.249995+00:00
[2025-10-18T04:50:17.279+0000] {processor.py:179} INFO - Processing /home/airflow/.local/lib/python3.7/site-packages/airflow/example_dags/example_dynamic_task_mapping_with_no_taskflow_operators.py took 0.104 seconds
[2025-10-18T04:50:47.373+0000] {processor.py:157} INFO - Started process (PID=1237) to work on /home/airflow/.local/lib/python3.7/site-packages/airflow/example_dags/example_dynamic_task_mapping_with_no_taskflow_operators.py
[2025-10-18T04:50:47.374+0000] {processor.py:826} INFO - Processing file /home/airflow/.local/lib/python3.7/site-packages/airflow/example_dags/example_dynamic_task_mapping_with_no_taskflow_operators.py for tasks to queue
[2025-10-18T04:50:47.376+0000] {logging_mixin.py:149} INFO - [2025-10-18T04:50:47.375+0000] {dagbag.py:541} INFO - Filling up the DagBag from /home/airflow/.local/lib/python3.7/site-packages/airflow/example_dags/example_dynamic_task_mapping_with_no_taskflow_operators.py
[2025-10-18T04:50:47.384+0000] {processor.py:836} INFO - DAG(s) dict_keys(['example_dynamic_task_mapping_with_no_taskflow_operators']) retrieved from /home/airflow/.local/lib/python3.7/site-packages/airflow/example_dags/example_dynamic_task_mapping_with_no_taskflow_operators.py
[2025-10-18T04:50:47.414+0000] {logging_mixin.py:149} INFO - [2025-10-18T04:50:47.413+0000] {dag.py:2726} INFO - Sync 1 DAGs
[2025-10-18T04:50:47.445+0000] {logging_mixin.py:149} INFO - [2025-10-18T04:50:47.445+0000] {dag.py:3490} INFO - Setting next_dagrun for example_dynamic_task_mapping_with_no_taskflow_operators to 2025-10-17T04:50:47.444972+00:00, run_after=2025-10-18T04:50:47.444972+00:00
[2025-10-18T04:50:47.473+0000] {processor.py:179} INFO - Processing /home/airflow/.local/lib/python3.7/site-packages/airflow/example_dags/example_dynamic_task_mapping_with_no_taskflow_operators.py took 0.104 seconds
[2025-10-18T04:51:17.992+0000] {processor.py:157} INFO - Started process (PID=1544) to work on /home/airflow/.local/lib/python3.7/site-packages/airflow/example_dags/example_dynamic_task_mapping_with_no_taskflow_operators.py
[2025-10-18T04:51:17.993+0000] {processor.py:826} INFO - Processing file /home/airflow/.local/lib/python3.7/site-packages/airflow/example_dags/example_dynamic_task_mapping_with_no_taskflow_operators.py for tasks to queue
[2025-10-18T04:51:17.994+0000] {logging_mixin.py:149} INFO - [2025-10-18T04:51:17.994+0000] {dagbag.py:541} INFO - Filling up the DagBag from /home/airflow/.local/lib/python3.7/site-packages/airflow/example_dags/example_dynamic_task_mapping_with_no_taskflow_operators.py
[2025-10-18T04:51:18.003+0000] {processor.py:836} INFO - DAG(s) dict_keys(['example_dynamic_task_mapping_with_no_taskflow_operators']) retrieved from /home/airflow/.local/lib/python3.7/site-packages/airflow/example_dags/example_dynamic_task_mapping_with_no_taskflow_operators.py
[2025-10-18T04:51:18.033+0000] {logging_mixin.py:149} INFO - [2025-10-18T04:51:18.033+0000] {dag.py:2726} INFO - Sync 1 DAGs
[2025-10-18T04:51:18.065+0000] {logging_mixin.py:149} INFO - [2025-10-18T04:51:18.065+0000] {dag.py:3490} INFO - Setting next_dagrun for example_dynamic_task_mapping_with_no_taskflow_operators to 2025-10-17T04:51:18.065433+00:00, run_after=2025-10-18T04:51:18.065433+00:00
[2025-10-18T04:51:18.091+0000] {processor.py:179} INFO - Processing /home/airflow/.local/lib/python3.7/site-packages/airflow/example_dags/example_dynamic_task_mapping_with_no_taskflow_operators.py took 0.103 seconds
[2025-10-18T04:51:48.527+0000] {processor.py:157} INFO - Started process (PID=1851) to work on /home/airflow/.local/lib/python3.7/site-packages/airflow/example_dags/example_dynamic_task_mapping_with_no_taskflow_operators.py
[2025-10-18T04:51:48.528+0000] {processor.py:826} INFO - Processing file /home/airflow/.local/lib/python3.7/site-packages/airflow/example_dags/example_dynamic_task_mapping_with_no_taskflow_operators.py for tasks to queue
[2025-10-18T04:51:48.530+0000] {logging_mixin.py:149} INFO - [2025-10-18T04:51:48.529+0000] {dagbag.py:541} INFO - Filling up the DagBag from /home/airflow/.local/lib/python3.7/site-packages/airflow/example_dags/example_dynamic_task_mapping_with_no_taskflow_operators.py
[2025-10-18T04:51:48.539+0000] {processor.py:836} INFO - DAG(s) dict_keys(['example_dynamic_task_mapping_with_no_taskflow_operators']) retrieved from /home/airflow/.local/lib/python3.7/site-packages/airflow/example_dags/example_dynamic_task_mapping_with_no_taskflow_operators.py
[2025-10-18T04:51:48.571+0000] {logging_mixin.py:149} INFO - [2025-10-18T04:51:48.571+0000] {dag.py:2726} INFO - Sync 1 DAGs
[2025-10-18T04:51:48.607+0000] {logging_mixin.py:149} INFO - [2025-10-18T04:51:48.606+0000] {dag.py:3490} INFO - Setting next_dagrun for example_dynamic_task_mapping_with_no_taskflow_operators to 2025-10-17T04:51:48.606549+00:00, run_after=2025-10-18T04:51:48.606549+00:00
[2025-10-18T04:51:48.629+0000] {processor.py:179} INFO - Processing /home/airflow/.local/lib/python3.7/site-packages/airflow/example_dags/example_dynamic_task_mapping_with_no_taskflow_operators.py took 0.106 seconds
[2025-10-18T04:52:18.717+0000] {processor.py:157} INFO - Started process (PID=2158) to work on /home/airflow/.local/lib/python3.7/site-packages/airflow/example_dags/example_dynamic_task_mapping_with_no_taskflow_operators.py
[2025-10-18T04:52:18.718+0000] {processor.py:826} INFO - Processing file /home/airflow/.local/lib/python3.7/site-packages/airflow/example_dags/example_dynamic_task_mapping_with_no_taskflow_operators.py for tasks to queue
[2025-10-18T04:52:18.719+0000] {logging_mixin.py:149} INFO - [2025-10-18T04:52:18.718+0000] {dagbag.py:541} INFO - Filling up the DagBag from /home/airflow/.local/lib/python3.7/site-packages/airflow/example_dags/example_dynamic_task_mapping_with_no_taskflow_operators.py
[2025-10-18T04:52:18.729+0000] {processor.py:836} INFO - DAG(s) dict_keys(['example_dynamic_task_mapping_with_no_taskflow_operators']) retrieved from /home/airflow/.local/lib/python3.7/site-packages/airflow/example_dags/example_dynamic_task_mapping_with_no_taskflow_operators.py
[2025-10-18T04:52:18.757+0000] {logging_mixin.py:149} INFO - [2025-10-18T04:52:18.756+0000] {dag.py:2726} INFO - Sync 1 DAGs
[2025-10-18T04:52:18.789+0000] {logging_mixin.py:149} INFO - [2025-10-18T04:52:18.789+0000] {dag.py:3490} INFO - Setting next_dagrun for example_dynamic_task_mapping_with_no_taskflow_operators to 2025-10-17T04:52:18.789052+00:00, run_after=2025-10-18T04:52:18.789052+00:00
[2025-10-18T04:52:18.810+0000] {processor.py:179} INFO - Processing /home/airflow/.local/lib/python3.7/site-packages/airflow/example_dags/example_dynamic_task_mapping_with_no_taskflow_operators.py took 0.097 seconds
[2025-10-18T04:52:49.489+0000] {processor.py:157} INFO - Started process (PID=2465) to work on /home/airflow/.local/lib/python3.7/site-packages/airflow/example_dags/example_dynamic_task_mapping_with_no_taskflow_operators.py
[2025-10-18T04:52:49.491+0000] {processor.py:826} INFO - Processing file /home/airflow/.local/lib/python3.7/site-packages/airflow/example_dags/example_dynamic_task_mapping_with_no_taskflow_operators.py for tasks to queue
[2025-10-18T04:52:49.492+0000] {logging_mixin.py:149} INFO - [2025-10-18T04:52:49.491+0000] {dagbag.py:541} INFO - Filling up the DagBag from /home/airflow/.local/lib/python3.7/site-packages/airflow/example_dags/example_dynamic_task_mapping_with_no_taskflow_operators.py
[2025-10-18T04:52:49.501+0000] {processor.py:836} INFO - DAG(s) dict_keys(['example_dynamic_task_mapping_with_no_taskflow_operators']) retrieved from /home/airflow/.local/lib/python3.7/site-packages/airflow/example_dags/example_dynamic_task_mapping_with_no_taskflow_operators.py
[2025-10-18T04:52:49.532+0000] {logging_mixin.py:149} INFO - [2025-10-18T04:52:49.532+0000] {dag.py:2726} INFO - Sync 1 DAGs
[2025-10-18T04:52:49.560+0000] {logging_mixin.py:149} INFO - [2025-10-18T04:52:49.560+0000] {dag.py:3490} INFO - Setting next_dagrun for example_dynamic_task_mapping_with_no_taskflow_operators to 2025-10-17T04:52:49.560475+00:00, run_after=2025-10-18T04:52:49.560475+00:00
[2025-10-18T04:52:49.590+0000] {processor.py:179} INFO - Processing /home/airflow/.local/lib/python3.7/site-packages/airflow/example_dags/example_dynamic_task_mapping_with_no_taskflow_operators.py took 0.105 seconds
[2025-10-18T04:53:19.772+0000] {processor.py:157} INFO - Started process (PID=2772) to work on /home/airflow/.local/lib/python3.7/site-packages/airflow/example_dags/example_dynamic_task_mapping_with_no_taskflow_operators.py
[2025-10-18T04:53:19.773+0000] {processor.py:826} INFO - Processing file /home/airflow/.local/lib/python3.7/site-packages/airflow/example_dags/example_dynamic_task_mapping_with_no_taskflow_operators.py for tasks to queue
[2025-10-18T04:53:19.775+0000] {logging_mixin.py:149} INFO - [2025-10-18T04:53:19.774+0000] {dagbag.py:541} INFO - Filling up the DagBag from /home/airflow/.local/lib/python3.7/site-packages/airflow/example_dags/example_dynamic_task_mapping_with_no_taskflow_operators.py
[2025-10-18T04:53:19.784+0000] {processor.py:836} INFO - DAG(s) dict_keys(['example_dynamic_task_mapping_with_no_taskflow_operators']) retrieved from /home/airflow/.local/lib/python3.7/site-packages/airflow/example_dags/example_dynamic_task_mapping_with_no_taskflow_operators.py
[2025-10-18T04:53:19.816+0000] {logging_mixin.py:149} INFO - [2025-10-18T04:53:19.816+0000] {dag.py:2726} INFO - Sync 1 DAGs
[2025-10-18T04:53:19.846+0000] {logging_mixin.py:149} INFO - [2025-10-18T04:53:19.846+0000] {dag.py:3490} INFO - Setting next_dagrun for example_dynamic_task_mapping_with_no_taskflow_operators to 2025-10-17T04:53:19.845864+00:00, run_after=2025-10-18T04:53:19.845864+00:00
[2025-10-18T04:53:19.867+0000] {processor.py:179} INFO - Processing /home/airflow/.local/lib/python3.7/site-packages/airflow/example_dags/example_dynamic_task_mapping_with_no_taskflow_operators.py took 0.099 seconds
[2025-10-18T04:53:50.592+0000] {processor.py:157} INFO - Started process (PID=3079) to work on /home/airflow/.local/lib/python3.7/site-packages/airflow/example_dags/example_dynamic_task_mapping_with_no_taskflow_operators.py
[2025-10-18T04:53:50.593+0000] {processor.py:826} INFO - Processing file /home/airflow/.local/lib/python3.7/site-packages/airflow/example_dags/example_dynamic_task_mapping_with_no_taskflow_operators.py for tasks to queue
[2025-10-18T04:53:50.594+0000] {logging_mixin.py:149} INFO - [2025-10-18T04:53:50.594+0000] {dagbag.py:541} INFO - Filling up the DagBag from /home/airflow/.local/lib/python3.7/site-packages/airflow/example_dags/example_dynamic_task_mapping_with_no_taskflow_operators.py
[2025-10-18T04:53:50.603+0000] {processor.py:836} INFO - DAG(s) dict_keys(['example_dynamic_task_mapping_with_no_taskflow_operators']) retrieved from /home/airflow/.local/lib/python3.7/site-packages/airflow/example_dags/example_dynamic_task_mapping_with_no_taskflow_operators.py
[2025-10-18T04:53:50.632+0000] {logging_mixin.py:149} INFO - [2025-10-18T04:53:50.632+0000] {dag.py:2726} INFO - Sync 1 DAGs
[2025-10-18T04:53:50.665+0000] {logging_mixin.py:149} INFO - [2025-10-18T04:53:50.665+0000] {dag.py:3490} INFO - Setting next_dagrun for example_dynamic_task_mapping_with_no_taskflow_operators to 2025-10-17T04:53:50.665022+00:00, run_after=2025-10-18T04:53:50.665022+00:00
[2025-10-18T04:53:50.694+0000] {processor.py:179} INFO - Processing /home/airflow/.local/lib/python3.7/site-packages/airflow/example_dags/example_dynamic_task_mapping_with_no_taskflow_operators.py took 0.107 seconds
[2025-10-18T04:54:21.582+0000] {processor.py:157} INFO - Started process (PID=3386) to work on /home/airflow/.local/lib/python3.7/site-packages/airflow/example_dags/example_dynamic_task_mapping_with_no_taskflow_operators.py
[2025-10-18T04:54:21.583+0000] {processor.py:826} INFO - Processing file /home/airflow/.local/lib/python3.7/site-packages/airflow/example_dags/example_dynamic_task_mapping_with_no_taskflow_operators.py for tasks to queue
[2025-10-18T04:54:21.583+0000] {logging_mixin.py:149} INFO - [2025-10-18T04:54:21.583+0000] {dagbag.py:541} INFO - Filling up the DagBag from /home/airflow/.local/lib/python3.7/site-packages/airflow/example_dags/example_dynamic_task_mapping_with_no_taskflow_operators.py
[2025-10-18T04:54:21.593+0000] {processor.py:836} INFO - DAG(s) dict_keys(['example_dynamic_task_mapping_with_no_taskflow_operators']) retrieved from /home/airflow/.local/lib/python3.7/site-packages/airflow/example_dags/example_dynamic_task_mapping_with_no_taskflow_operators.py
[2025-10-18T04:54:21.631+0000] {logging_mixin.py:149} INFO - [2025-10-18T04:54:21.631+0000] {dag.py:2726} INFO - Sync 1 DAGs
[2025-10-18T04:54:21.664+0000] {logging_mixin.py:149} INFO - [2025-10-18T04:54:21.664+0000] {dag.py:3490} INFO - Setting next_dagrun for example_dynamic_task_mapping_with_no_taskflow_operators to 2025-10-17T04:54:21.664177+00:00, run_after=2025-10-18T04:54:21.664177+00:00
[2025-10-18T04:54:21.701+0000] {processor.py:179} INFO - Processing /home/airflow/.local/lib/python3.7/site-packages/airflow/example_dags/example_dynamic_task_mapping_with_no_taskflow_operators.py took 0.124 seconds
[2025-10-18T04:54:51.756+0000] {processor.py:157} INFO - Started process (PID=3693) to work on /home/airflow/.local/lib/python3.7/site-packages/airflow/example_dags/example_dynamic_task_mapping_with_no_taskflow_operators.py
[2025-10-18T04:54:51.757+0000] {processor.py:826} INFO - Processing file /home/airflow/.local/lib/python3.7/site-packages/airflow/example_dags/example_dynamic_task_mapping_with_no_taskflow_operators.py for tasks to queue
[2025-10-18T04:54:51.759+0000] {logging_mixin.py:149} INFO - [2025-10-18T04:54:51.758+0000] {dagbag.py:541} INFO - Filling up the DagBag from /home/airflow/.local/lib/python3.7/site-packages/airflow/example_dags/example_dynamic_task_mapping_with_no_taskflow_operators.py
[2025-10-18T04:54:51.769+0000] {processor.py:836} INFO - DAG(s) dict_keys(['example_dynamic_task_mapping_with_no_taskflow_operators']) retrieved from /home/airflow/.local/lib/python3.7/site-packages/airflow/example_dags/example_dynamic_task_mapping_with_no_taskflow_operators.py
[2025-10-18T04:54:51.803+0000] {logging_mixin.py:149} INFO - [2025-10-18T04:54:51.802+0000] {dag.py:2726} INFO - Sync 1 DAGs
[2025-10-18T04:54:51.843+0000] {logging_mixin.py:149} INFO - [2025-10-18T04:54:51.843+0000] {dag.py:3490} INFO - Setting next_dagrun for example_dynamic_task_mapping_with_no_taskflow_operators to 2025-10-17T04:54:51.842857+00:00, run_after=2025-10-18T04:54:51.842857+00:00
[2025-10-18T04:54:51.886+0000] {processor.py:179} INFO - Processing /home/airflow/.local/lib/python3.7/site-packages/airflow/example_dags/example_dynamic_task_mapping_with_no_taskflow_operators.py took 0.134 seconds
[2025-10-18T04:55:22.679+0000] {processor.py:157} INFO - Started process (PID=4000) to work on /home/airflow/.local/lib/python3.7/site-packages/airflow/example_dags/example_dynamic_task_mapping_with_no_taskflow_operators.py
[2025-10-18T04:55:22.680+0000] {processor.py:826} INFO - Processing file /home/airflow/.local/lib/python3.7/site-packages/airflow/example_dags/example_dynamic_task_mapping_with_no_taskflow_operators.py for tasks to queue
[2025-10-18T04:55:22.684+0000] {logging_mixin.py:149} INFO - [2025-10-18T04:55:22.684+0000] {dagbag.py:541} INFO - Filling up the DagBag from /home/airflow/.local/lib/python3.7/site-packages/airflow/example_dags/example_dynamic_task_mapping_with_no_taskflow_operators.py
[2025-10-18T04:55:22.694+0000] {processor.py:836} INFO - DAG(s) dict_keys(['example_dynamic_task_mapping_with_no_taskflow_operators']) retrieved from /home/airflow/.local/lib/python3.7/site-packages/airflow/example_dags/example_dynamic_task_mapping_with_no_taskflow_operators.py
[2025-10-18T04:55:22.723+0000] {logging_mixin.py:149} INFO - [2025-10-18T04:55:22.723+0000] {dag.py:2726} INFO - Sync 1 DAGs
[2025-10-18T04:55:22.752+0000] {logging_mixin.py:149} INFO - [2025-10-18T04:55:22.752+0000] {dag.py:3490} INFO - Setting next_dagrun for example_dynamic_task_mapping_with_no_taskflow_operators to 2025-10-17T04:55:22.751911+00:00, run_after=2025-10-18T04:55:22.751911+00:00
[2025-10-18T04:55:22.777+0000] {processor.py:179} INFO - Processing /home/airflow/.local/lib/python3.7/site-packages/airflow/example_dags/example_dynamic_task_mapping_with_no_taskflow_operators.py took 0.102 seconds
[2025-10-18T04:55:53.301+0000] {processor.py:157} INFO - Started process (PID=4305) to work on /home/airflow/.local/lib/python3.7/site-packages/airflow/example_dags/example_dynamic_task_mapping_with_no_taskflow_operators.py
[2025-10-18T04:55:53.302+0000] {processor.py:826} INFO - Processing file /home/airflow/.local/lib/python3.7/site-packages/airflow/example_dags/example_dynamic_task_mapping_with_no_taskflow_operators.py for tasks to queue
[2025-10-18T04:55:53.302+0000] {logging_mixin.py:149} INFO - [2025-10-18T04:55:53.302+0000] {dagbag.py:541} INFO - Filling up the DagBag from /home/airflow/.local/lib/python3.7/site-packages/airflow/example_dags/example_dynamic_task_mapping_with_no_taskflow_operators.py
[2025-10-18T04:55:53.310+0000] {processor.py:836} INFO - DAG(s) dict_keys(['example_dynamic_task_mapping_with_no_taskflow_operators']) retrieved from /home/airflow/.local/lib/python3.7/site-packages/airflow/example_dags/example_dynamic_task_mapping_with_no_taskflow_operators.py
[2025-10-18T04:55:53.340+0000] {logging_mixin.py:149} INFO - [2025-10-18T04:55:53.339+0000] {dag.py:2726} INFO - Sync 1 DAGs
[2025-10-18T04:55:53.368+0000] {logging_mixin.py:149} INFO - [2025-10-18T04:55:53.368+0000] {dag.py:3490} INFO - Setting next_dagrun for example_dynamic_task_mapping_with_no_taskflow_operators to 2025-10-17T04:55:53.368156+00:00, run_after=2025-10-18T04:55:53.368156+00:00
[2025-10-18T04:55:53.388+0000] {processor.py:179} INFO - Processing /home/airflow/.local/lib/python3.7/site-packages/airflow/example_dags/example_dynamic_task_mapping_with_no_taskflow_operators.py took 0.091 seconds
[2025-10-18T04:56:24.489+0000] {processor.py:157} INFO - Started process (PID=4612) to work on /home/airflow/.local/lib/python3.7/site-packages/airflow/example_dags/example_dynamic_task_mapping_with_no_taskflow_operators.py
[2025-10-18T04:56:24.491+0000] {processor.py:826} INFO - Processing file /home/airflow/.local/lib/python3.7/site-packages/airflow/example_dags/example_dynamic_task_mapping_with_no_taskflow_operators.py for tasks to queue
[2025-10-18T04:56:24.494+0000] {logging_mixin.py:149} INFO - [2025-10-18T04:56:24.493+0000] {dagbag.py:541} INFO - Filling up the DagBag from /home/airflow/.local/lib/python3.7/site-packages/airflow/example_dags/example_dynamic_task_mapping_with_no_taskflow_operators.py
[2025-10-18T04:56:24.508+0000] {processor.py:836} INFO - DAG(s) dict_keys(['example_dynamic_task_mapping_with_no_taskflow_operators']) retrieved from /home/airflow/.local/lib/python3.7/site-packages/airflow/example_dags/example_dynamic_task_mapping_with_no_taskflow_operators.py
[2025-10-18T04:56:24.539+0000] {logging_mixin.py:149} INFO - [2025-10-18T04:56:24.539+0000] {dag.py:2726} INFO - Sync 1 DAGs
[2025-10-18T04:56:24.570+0000] {logging_mixin.py:149} INFO - [2025-10-18T04:56:24.570+0000] {dag.py:3490} INFO - Setting next_dagrun for example_dynamic_task_mapping_with_no_taskflow_operators to 2025-10-17T04:56:24.570415+00:00, run_after=2025-10-18T04:56:24.570415+00:00
[2025-10-18T04:56:24.597+0000] {processor.py:179} INFO - Processing /home/airflow/.local/lib/python3.7/site-packages/airflow/example_dags/example_dynamic_task_mapping_with_no_taskflow_operators.py took 0.130 seconds
[2025-10-18T04:56:55.511+0000] {processor.py:157} INFO - Started process (PID=4919) to work on /home/airflow/.local/lib/python3.7/site-packages/airflow/example_dags/example_dynamic_task_mapping_with_no_taskflow_operators.py
[2025-10-18T04:56:55.512+0000] {processor.py:826} INFO - Processing file /home/airflow/.local/lib/python3.7/site-packages/airflow/example_dags/example_dynamic_task_mapping_with_no_taskflow_operators.py for tasks to queue
[2025-10-18T04:56:55.512+0000] {logging_mixin.py:149} INFO - [2025-10-18T04:56:55.512+0000] {dagbag.py:541} INFO - Filling up the DagBag from /home/airflow/.local/lib/python3.7/site-packages/airflow/example_dags/example_dynamic_task_mapping_with_no_taskflow_operators.py
[2025-10-18T04:56:55.520+0000] {processor.py:836} INFO - DAG(s) dict_keys(['example_dynamic_task_mapping_with_no_taskflow_operators']) retrieved from /home/airflow/.local/lib/python3.7/site-packages/airflow/example_dags/example_dynamic_task_mapping_with_no_taskflow_operators.py
[2025-10-18T04:56:55.546+0000] {logging_mixin.py:149} INFO - [2025-10-18T04:56:55.546+0000] {dag.py:2726} INFO - Sync 1 DAGs
[2025-10-18T04:56:55.575+0000] {logging_mixin.py:149} INFO - [2025-10-18T04:56:55.575+0000] {dag.py:3490} INFO - Setting next_dagrun for example_dynamic_task_mapping_with_no_taskflow_operators to 2025-10-17T04:56:55.574938+00:00, run_after=2025-10-18T04:56:55.574938+00:00
[2025-10-18T04:56:55.598+0000] {processor.py:179} INFO - Processing /home/airflow/.local/lib/python3.7/site-packages/airflow/example_dags/example_dynamic_task_mapping_with_no_taskflow_operators.py took 0.091 seconds
[2025-10-18T04:57:26.380+0000] {processor.py:157} INFO - Started process (PID=5226) to work on /home/airflow/.local/lib/python3.7/site-packages/airflow/example_dags/example_dynamic_task_mapping_with_no_taskflow_operators.py
[2025-10-18T04:57:26.381+0000] {processor.py:826} INFO - Processing file /home/airflow/.local/lib/python3.7/site-packages/airflow/example_dags/example_dynamic_task_mapping_with_no_taskflow_operators.py for tasks to queue
[2025-10-18T04:57:26.382+0000] {logging_mixin.py:149} INFO - [2025-10-18T04:57:26.382+0000] {dagbag.py:541} INFO - Filling up the DagBag from /home/airflow/.local/lib/python3.7/site-packages/airflow/example_dags/example_dynamic_task_mapping_with_no_taskflow_operators.py
[2025-10-18T04:57:26.389+0000] {processor.py:836} INFO - DAG(s) dict_keys(['example_dynamic_task_mapping_with_no_taskflow_operators']) retrieved from /home/airflow/.local/lib/python3.7/site-packages/airflow/example_dags/example_dynamic_task_mapping_with_no_taskflow_operators.py
[2025-10-18T04:57:26.415+0000] {logging_mixin.py:149} INFO - [2025-10-18T04:57:26.414+0000] {dag.py:2726} INFO - Sync 1 DAGs
[2025-10-18T04:57:26.443+0000] {logging_mixin.py:149} INFO - [2025-10-18T04:57:26.443+0000] {dag.py:3490} INFO - Setting next_dagrun for example_dynamic_task_mapping_with_no_taskflow_operators to 2025-10-17T04:57:26.443417+00:00, run_after=2025-10-18T04:57:26.443417+00:00
[2025-10-18T04:57:26.465+0000] {processor.py:179} INFO - Processing /home/airflow/.local/lib/python3.7/site-packages/airflow/example_dags/example_dynamic_task_mapping_with_no_taskflow_operators.py took 0.089 seconds
[2025-10-18T04:57:57.078+0000] {processor.py:157} INFO - Started process (PID=5533) to work on /home/airflow/.local/lib/python3.7/site-packages/airflow/example_dags/example_dynamic_task_mapping_with_no_taskflow_operators.py
[2025-10-18T04:57:57.079+0000] {processor.py:826} INFO - Processing file /home/airflow/.local/lib/python3.7/site-packages/airflow/example_dags/example_dynamic_task_mapping_with_no_taskflow_operators.py for tasks to queue
[2025-10-18T04:57:57.080+0000] {logging_mixin.py:149} INFO - [2025-10-18T04:57:57.080+0000] {dagbag.py:541} INFO - Filling up the DagBag from /home/airflow/.local/lib/python3.7/site-packages/airflow/example_dags/example_dynamic_task_mapping_with_no_taskflow_operators.py
[2025-10-18T04:57:57.088+0000] {processor.py:836} INFO - DAG(s) dict_keys(['example_dynamic_task_mapping_with_no_taskflow_operators']) retrieved from /home/airflow/.local/lib/python3.7/site-packages/airflow/example_dags/example_dynamic_task_mapping_with_no_taskflow_operators.py
[2025-10-18T04:57:57.126+0000] {logging_mixin.py:149} INFO - [2025-10-18T04:57:57.126+0000] {dag.py:2726} INFO - Sync 1 DAGs
[2025-10-18T04:57:57.167+0000] {logging_mixin.py:149} INFO - [2025-10-18T04:57:57.166+0000] {dag.py:3490} INFO - Setting next_dagrun for example_dynamic_task_mapping_with_no_taskflow_operators to 2025-10-17T04:57:57.166758+00:00, run_after=2025-10-18T04:57:57.166758+00:00
[2025-10-18T04:57:57.191+0000] {processor.py:179} INFO - Processing /home/airflow/.local/lib/python3.7/site-packages/airflow/example_dags/example_dynamic_task_mapping_with_no_taskflow_operators.py took 0.116 seconds
[2025-10-18T04:58:28.159+0000] {processor.py:157} INFO - Started process (PID=5842) to work on /home/airflow/.local/lib/python3.7/site-packages/airflow/example_dags/example_dynamic_task_mapping_with_no_taskflow_operators.py
[2025-10-18T04:58:28.160+0000] {processor.py:826} INFO - Processing file /home/airflow/.local/lib/python3.7/site-packages/airflow/example_dags/example_dynamic_task_mapping_with_no_taskflow_operators.py for tasks to queue
[2025-10-18T04:58:28.161+0000] {logging_mixin.py:149} INFO - [2025-10-18T04:58:28.161+0000] {dagbag.py:541} INFO - Filling up the DagBag from /home/airflow/.local/lib/python3.7/site-packages/airflow/example_dags/example_dynamic_task_mapping_with_no_taskflow_operators.py
[2025-10-18T04:58:28.169+0000] {processor.py:836} INFO - DAG(s) dict_keys(['example_dynamic_task_mapping_with_no_taskflow_operators']) retrieved from /home/airflow/.local/lib/python3.7/site-packages/airflow/example_dags/example_dynamic_task_mapping_with_no_taskflow_operators.py
[2025-10-18T04:58:28.195+0000] {logging_mixin.py:149} INFO - [2025-10-18T04:58:28.195+0000] {dag.py:2726} INFO - Sync 1 DAGs
[2025-10-18T04:58:28.223+0000] {logging_mixin.py:149} INFO - [2025-10-18T04:58:28.223+0000] {dag.py:3490} INFO - Setting next_dagrun for example_dynamic_task_mapping_with_no_taskflow_operators to 2025-10-17T04:58:28.222834+00:00, run_after=2025-10-18T04:58:28.222834+00:00
[2025-10-18T04:58:28.243+0000] {processor.py:179} INFO - Processing /home/airflow/.local/lib/python3.7/site-packages/airflow/example_dags/example_dynamic_task_mapping_with_no_taskflow_operators.py took 0.088 seconds
[2025-10-18T04:58:59.302+0000] {processor.py:157} INFO - Started process (PID=6147) to work on /home/airflow/.local/lib/python3.7/site-packages/airflow/example_dags/example_dynamic_task_mapping_with_no_taskflow_operators.py
[2025-10-18T04:58:59.303+0000] {processor.py:826} INFO - Processing file /home/airflow/.local/lib/python3.7/site-packages/airflow/example_dags/example_dynamic_task_mapping_with_no_taskflow_operators.py for tasks to queue
[2025-10-18T04:58:59.303+0000] {logging_mixin.py:149} INFO - [2025-10-18T04:58:59.303+0000] {dagbag.py:541} INFO - Filling up the DagBag from /home/airflow/.local/lib/python3.7/site-packages/airflow/example_dags/example_dynamic_task_mapping_with_no_taskflow_operators.py
[2025-10-18T04:58:59.313+0000] {processor.py:836} INFO - DAG(s) dict_keys(['example_dynamic_task_mapping_with_no_taskflow_operators']) retrieved from /home/airflow/.local/lib/python3.7/site-packages/airflow/example_dags/example_dynamic_task_mapping_with_no_taskflow_operators.py
[2025-10-18T04:58:59.342+0000] {logging_mixin.py:149} INFO - [2025-10-18T04:58:59.342+0000] {dag.py:2726} INFO - Sync 1 DAGs
[2025-10-18T04:58:59.375+0000] {logging_mixin.py:149} INFO - [2025-10-18T04:58:59.375+0000] {dag.py:3490} INFO - Setting next_dagrun for example_dynamic_task_mapping_with_no_taskflow_operators to 2025-10-17T04:58:59.375515+00:00, run_after=2025-10-18T04:58:59.375515+00:00
[2025-10-18T04:58:59.398+0000] {processor.py:179} INFO - Processing /home/airflow/.local/lib/python3.7/site-packages/airflow/example_dags/example_dynamic_task_mapping_with_no_taskflow_operators.py took 0.100 seconds
[2025-10-18T04:59:30.084+0000] {processor.py:157} INFO - Started process (PID=6454) to work on /home/airflow/.local/lib/python3.7/site-packages/airflow/example_dags/example_dynamic_task_mapping_with_no_taskflow_operators.py
[2025-10-18T04:59:30.085+0000] {processor.py:826} INFO - Processing file /home/airflow/.local/lib/python3.7/site-packages/airflow/example_dags/example_dynamic_task_mapping_with_no_taskflow_operators.py for tasks to queue
[2025-10-18T04:59:30.086+0000] {logging_mixin.py:149} INFO - [2025-10-18T04:59:30.085+0000] {dagbag.py:541} INFO - Filling up the DagBag from /home/airflow/.local/lib/python3.7/site-packages/airflow/example_dags/example_dynamic_task_mapping_with_no_taskflow_operators.py
[2025-10-18T04:59:30.093+0000] {processor.py:836} INFO - DAG(s) dict_keys(['example_dynamic_task_mapping_with_no_taskflow_operators']) retrieved from /home/airflow/.local/lib/python3.7/site-packages/airflow/example_dags/example_dynamic_task_mapping_with_no_taskflow_operators.py
[2025-10-18T04:59:30.124+0000] {logging_mixin.py:149} INFO - [2025-10-18T04:59:30.124+0000] {dag.py:2726} INFO - Sync 1 DAGs
[2025-10-18T04:59:30.153+0000] {logging_mixin.py:149} INFO - [2025-10-18T04:59:30.153+0000] {dag.py:3490} INFO - Setting next_dagrun for example_dynamic_task_mapping_with_no_taskflow_operators to 2025-10-17T04:59:30.153178+00:00, run_after=2025-10-18T04:59:30.153178+00:00
[2025-10-18T04:59:30.177+0000] {processor.py:179} INFO - Processing /home/airflow/.local/lib/python3.7/site-packages/airflow/example_dags/example_dynamic_task_mapping_with_no_taskflow_operators.py took 0.097 seconds
[2025-10-18T05:00:00.705+0000] {processor.py:157} INFO - Started process (PID=6761) to work on /home/airflow/.local/lib/python3.7/site-packages/airflow/example_dags/example_dynamic_task_mapping_with_no_taskflow_operators.py
[2025-10-18T05:00:00.706+0000] {processor.py:826} INFO - Processing file /home/airflow/.local/lib/python3.7/site-packages/airflow/example_dags/example_dynamic_task_mapping_with_no_taskflow_operators.py for tasks to queue
[2025-10-18T05:00:00.707+0000] {logging_mixin.py:149} INFO - [2025-10-18T05:00:00.707+0000] {dagbag.py:541} INFO - Filling up the DagBag from /home/airflow/.local/lib/python3.7/site-packages/airflow/example_dags/example_dynamic_task_mapping_with_no_taskflow_operators.py
[2025-10-18T05:00:00.717+0000] {processor.py:836} INFO - DAG(s) dict_keys(['example_dynamic_task_mapping_with_no_taskflow_operators']) retrieved from /home/airflow/.local/lib/python3.7/site-packages/airflow/example_dags/example_dynamic_task_mapping_with_no_taskflow_operators.py
[2025-10-18T05:00:00.744+0000] {logging_mixin.py:149} INFO - [2025-10-18T05:00:00.744+0000] {dag.py:2726} INFO - Sync 1 DAGs
[2025-10-18T05:00:00.777+0000] {logging_mixin.py:149} INFO - [2025-10-18T05:00:00.777+0000] {dag.py:3490} INFO - Setting next_dagrun for example_dynamic_task_mapping_with_no_taskflow_operators to 2025-10-17T05:00:00.777375+00:00, run_after=2025-10-18T05:00:00.777375+00:00
[2025-10-18T05:00:00.805+0000] {processor.py:179} INFO - Processing /home/airflow/.local/lib/python3.7/site-packages/airflow/example_dags/example_dynamic_task_mapping_with_no_taskflow_operators.py took 0.104 seconds
[2025-10-18T05:00:31.698+0000] {processor.py:157} INFO - Started process (PID=7068) to work on /home/airflow/.local/lib/python3.7/site-packages/airflow/example_dags/example_dynamic_task_mapping_with_no_taskflow_operators.py
[2025-10-18T05:00:31.699+0000] {processor.py:826} INFO - Processing file /home/airflow/.local/lib/python3.7/site-packages/airflow/example_dags/example_dynamic_task_mapping_with_no_taskflow_operators.py for tasks to queue
[2025-10-18T05:00:31.699+0000] {logging_mixin.py:149} INFO - [2025-10-18T05:00:31.699+0000] {dagbag.py:541} INFO - Filling up the DagBag from /home/airflow/.local/lib/python3.7/site-packages/airflow/example_dags/example_dynamic_task_mapping_with_no_taskflow_operators.py
[2025-10-18T05:00:31.707+0000] {processor.py:836} INFO - DAG(s) dict_keys(['example_dynamic_task_mapping_with_no_taskflow_operators']) retrieved from /home/airflow/.local/lib/python3.7/site-packages/airflow/example_dags/example_dynamic_task_mapping_with_no_taskflow_operators.py
[2025-10-18T05:00:31.745+0000] {logging_mixin.py:149} INFO - [2025-10-18T05:00:31.745+0000] {dag.py:2726} INFO - Sync 1 DAGs
[2025-10-18T05:00:31.782+0000] {logging_mixin.py:149} INFO - [2025-10-18T05:00:31.782+0000] {dag.py:3490} INFO - Setting next_dagrun for example_dynamic_task_mapping_with_no_taskflow_operators to 2025-10-17T05:00:31.781849+00:00, run_after=2025-10-18T05:00:31.781849+00:00
[2025-10-18T05:00:31.816+0000] {processor.py:179} INFO - Processing /home/airflow/.local/lib/python3.7/site-packages/airflow/example_dags/example_dynamic_task_mapping_with_no_taskflow_operators.py took 0.122 seconds
[2025-10-18T05:01:02.759+0000] {processor.py:157} INFO - Started process (PID=7375) to work on /home/airflow/.local/lib/python3.7/site-packages/airflow/example_dags/example_dynamic_task_mapping_with_no_taskflow_operators.py
[2025-10-18T05:01:02.760+0000] {processor.py:826} INFO - Processing file /home/airflow/.local/lib/python3.7/site-packages/airflow/example_dags/example_dynamic_task_mapping_with_no_taskflow_operators.py for tasks to queue
[2025-10-18T05:01:02.762+0000] {logging_mixin.py:149} INFO - [2025-10-18T05:01:02.761+0000] {dagbag.py:541} INFO - Filling up the DagBag from /home/airflow/.local/lib/python3.7/site-packages/airflow/example_dags/example_dynamic_task_mapping_with_no_taskflow_operators.py
[2025-10-18T05:01:02.769+0000] {processor.py:836} INFO - DAG(s) dict_keys(['example_dynamic_task_mapping_with_no_taskflow_operators']) retrieved from /home/airflow/.local/lib/python3.7/site-packages/airflow/example_dags/example_dynamic_task_mapping_with_no_taskflow_operators.py
[2025-10-18T05:01:02.798+0000] {logging_mixin.py:149} INFO - [2025-10-18T05:01:02.798+0000] {dag.py:2726} INFO - Sync 1 DAGs
[2025-10-18T05:01:02.834+0000] {logging_mixin.py:149} INFO - [2025-10-18T05:01:02.834+0000] {dag.py:3490} INFO - Setting next_dagrun for example_dynamic_task_mapping_with_no_taskflow_operators to 2025-10-17T05:01:02.834415+00:00, run_after=2025-10-18T05:01:02.834415+00:00
[2025-10-18T05:01:02.859+0000] {processor.py:179} INFO - Processing /home/airflow/.local/lib/python3.7/site-packages/airflow/example_dags/example_dynamic_task_mapping_with_no_taskflow_operators.py took 0.103 seconds
[2025-10-18T05:01:33.476+0000] {processor.py:157} INFO - Started process (PID=7682) to work on /home/airflow/.local/lib/python3.7/site-packages/airflow/example_dags/example_dynamic_task_mapping_with_no_taskflow_operators.py
[2025-10-18T05:01:33.477+0000] {processor.py:826} INFO - Processing file /home/airflow/.local/lib/python3.7/site-packages/airflow/example_dags/example_dynamic_task_mapping_with_no_taskflow_operators.py for tasks to queue
[2025-10-18T05:01:33.478+0000] {logging_mixin.py:149} INFO - [2025-10-18T05:01:33.478+0000] {dagbag.py:541} INFO - Filling up the DagBag from /home/airflow/.local/lib/python3.7/site-packages/airflow/example_dags/example_dynamic_task_mapping_with_no_taskflow_operators.py
[2025-10-18T05:01:33.486+0000] {processor.py:836} INFO - DAG(s) dict_keys(['example_dynamic_task_mapping_with_no_taskflow_operators']) retrieved from /home/airflow/.local/lib/python3.7/site-packages/airflow/example_dags/example_dynamic_task_mapping_with_no_taskflow_operators.py
[2025-10-18T05:01:33.516+0000] {logging_mixin.py:149} INFO - [2025-10-18T05:01:33.516+0000] {dag.py:2726} INFO - Sync 1 DAGs
[2025-10-18T05:01:33.549+0000] {logging_mixin.py:149} INFO - [2025-10-18T05:01:33.548+0000] {dag.py:3490} INFO - Setting next_dagrun for example_dynamic_task_mapping_with_no_taskflow_operators to 2025-10-17T05:01:33.547341+00:00, run_after=2025-10-18T05:01:33.547341+00:00
[2025-10-18T05:01:33.574+0000] {processor.py:179} INFO - Processing /home/airflow/.local/lib/python3.7/site-packages/airflow/example_dags/example_dynamic_task_mapping_with_no_taskflow_operators.py took 0.101 seconds
[2025-10-18T05:02:04.430+0000] {processor.py:157} INFO - Started process (PID=7989) to work on /home/airflow/.local/lib/python3.7/site-packages/airflow/example_dags/example_dynamic_task_mapping_with_no_taskflow_operators.py
[2025-10-18T05:02:04.431+0000] {processor.py:826} INFO - Processing file /home/airflow/.local/lib/python3.7/site-packages/airflow/example_dags/example_dynamic_task_mapping_with_no_taskflow_operators.py for tasks to queue
[2025-10-18T05:02:04.432+0000] {logging_mixin.py:149} INFO - [2025-10-18T05:02:04.432+0000] {dagbag.py:541} INFO - Filling up the DagBag from /home/airflow/.local/lib/python3.7/site-packages/airflow/example_dags/example_dynamic_task_mapping_with_no_taskflow_operators.py
[2025-10-18T05:02:04.439+0000] {processor.py:836} INFO - DAG(s) dict_keys(['example_dynamic_task_mapping_with_no_taskflow_operators']) retrieved from /home/airflow/.local/lib/python3.7/site-packages/airflow/example_dags/example_dynamic_task_mapping_with_no_taskflow_operators.py
[2025-10-18T05:02:04.473+0000] {logging_mixin.py:149} INFO - [2025-10-18T05:02:04.473+0000] {dag.py:2726} INFO - Sync 1 DAGs
[2025-10-18T05:02:04.503+0000] {logging_mixin.py:149} INFO - [2025-10-18T05:02:04.503+0000] {dag.py:3490} INFO - Setting next_dagrun for example_dynamic_task_mapping_with_no_taskflow_operators to 2025-10-17T05:02:04.503245+00:00, run_after=2025-10-18T05:02:04.503245+00:00
[2025-10-18T05:02:04.531+0000] {processor.py:179} INFO - Processing /home/airflow/.local/lib/python3.7/site-packages/airflow/example_dags/example_dynamic_task_mapping_with_no_taskflow_operators.py took 0.104 seconds
[2025-10-18T05:02:35.135+0000] {processor.py:157} INFO - Started process (PID=8296) to work on /home/airflow/.local/lib/python3.7/site-packages/airflow/example_dags/example_dynamic_task_mapping_with_no_taskflow_operators.py
[2025-10-18T05:02:35.136+0000] {processor.py:826} INFO - Processing file /home/airflow/.local/lib/python3.7/site-packages/airflow/example_dags/example_dynamic_task_mapping_with_no_taskflow_operators.py for tasks to queue
[2025-10-18T05:02:35.137+0000] {logging_mixin.py:149} INFO - [2025-10-18T05:02:35.137+0000] {dagbag.py:541} INFO - Filling up the DagBag from /home/airflow/.local/lib/python3.7/site-packages/airflow/example_dags/example_dynamic_task_mapping_with_no_taskflow_operators.py
[2025-10-18T05:02:35.145+0000] {processor.py:836} INFO - DAG(s) dict_keys(['example_dynamic_task_mapping_with_no_taskflow_operators']) retrieved from /home/airflow/.local/lib/python3.7/site-packages/airflow/example_dags/example_dynamic_task_mapping_with_no_taskflow_operators.py
[2025-10-18T05:02:35.171+0000] {logging_mixin.py:149} INFO - [2025-10-18T05:02:35.170+0000] {dag.py:2726} INFO - Sync 1 DAGs
[2025-10-18T05:02:35.200+0000] {logging_mixin.py:149} INFO - [2025-10-18T05:02:35.200+0000] {dag.py:3490} INFO - Setting next_dagrun for example_dynamic_task_mapping_with_no_taskflow_operators to 2025-10-17T05:02:35.200034+00:00, run_after=2025-10-18T05:02:35.200034+00:00
[2025-10-18T05:02:35.222+0000] {processor.py:179} INFO - Processing /home/airflow/.local/lib/python3.7/site-packages/airflow/example_dags/example_dynamic_task_mapping_with_no_taskflow_operators.py took 0.093 seconds
[2025-10-18T05:03:05.990+0000] {processor.py:157} INFO - Started process (PID=8603) to work on /home/airflow/.local/lib/python3.7/site-packages/airflow/example_dags/example_dynamic_task_mapping_with_no_taskflow_operators.py
[2025-10-18T05:03:05.992+0000] {processor.py:826} INFO - Processing file /home/airflow/.local/lib/python3.7/site-packages/airflow/example_dags/example_dynamic_task_mapping_with_no_taskflow_operators.py for tasks to queue
[2025-10-18T05:03:05.992+0000] {logging_mixin.py:149} INFO - [2025-10-18T05:03:05.992+0000] {dagbag.py:541} INFO - Filling up the DagBag from /home/airflow/.local/lib/python3.7/site-packages/airflow/example_dags/example_dynamic_task_mapping_with_no_taskflow_operators.py
[2025-10-18T05:03:06.000+0000] {processor.py:836} INFO - DAG(s) dict_keys(['example_dynamic_task_mapping_with_no_taskflow_operators']) retrieved from /home/airflow/.local/lib/python3.7/site-packages/airflow/example_dags/example_dynamic_task_mapping_with_no_taskflow_operators.py
[2025-10-18T05:03:06.027+0000] {logging_mixin.py:149} INFO - [2025-10-18T05:03:06.026+0000] {dag.py:2726} INFO - Sync 1 DAGs
[2025-10-18T05:03:06.072+0000] {logging_mixin.py:149} INFO - [2025-10-18T05:03:06.072+0000] {dag.py:3490} INFO - Setting next_dagrun for example_dynamic_task_mapping_with_no_taskflow_operators to 2025-10-17T05:03:06.071786+00:00, run_after=2025-10-18T05:03:06.071786+00:00
[2025-10-18T05:03:06.097+0000] {processor.py:179} INFO - Processing /home/airflow/.local/lib/python3.7/site-packages/airflow/example_dags/example_dynamic_task_mapping_with_no_taskflow_operators.py took 0.111 seconds
[2025-10-18T05:03:37.929+0000] {processor.py:157} INFO - Started process (PID=8917) to work on /home/airflow/.local/lib/python3.7/site-packages/airflow/example_dags/example_dynamic_task_mapping_with_no_taskflow_operators.py
[2025-10-18T05:03:37.933+0000] {processor.py:826} INFO - Processing file /home/airflow/.local/lib/python3.7/site-packages/airflow/example_dags/example_dynamic_task_mapping_with_no_taskflow_operators.py for tasks to queue
[2025-10-18T05:03:37.936+0000] {logging_mixin.py:149} INFO - [2025-10-18T05:03:37.936+0000] {dagbag.py:541} INFO - Filling up the DagBag from /home/airflow/.local/lib/python3.7/site-packages/airflow/example_dags/example_dynamic_task_mapping_with_no_taskflow_operators.py
[2025-10-18T05:03:37.946+0000] {processor.py:836} INFO - DAG(s) dict_keys(['example_dynamic_task_mapping_with_no_taskflow_operators']) retrieved from /home/airflow/.local/lib/python3.7/site-packages/airflow/example_dags/example_dynamic_task_mapping_with_no_taskflow_operators.py
[2025-10-18T05:03:37.974+0000] {logging_mixin.py:149} INFO - [2025-10-18T05:03:37.974+0000] {dag.py:2726} INFO - Sync 1 DAGs
[2025-10-18T05:03:38.125+0000] {logging_mixin.py:149} INFO - [2025-10-18T05:03:38.125+0000] {dag.py:3490} INFO - Setting next_dagrun for example_dynamic_task_mapping_with_no_taskflow_operators to 2025-10-17T05:03:38.125417+00:00, run_after=2025-10-18T05:03:38.125417+00:00
[2025-10-18T05:03:38.147+0000] {processor.py:179} INFO - Processing /home/airflow/.local/lib/python3.7/site-packages/airflow/example_dags/example_dynamic_task_mapping_with_no_taskflow_operators.py took 0.222 seconds
[2025-10-18T05:04:08.787+0000] {processor.py:157} INFO - Started process (PID=9224) to work on /home/airflow/.local/lib/python3.7/site-packages/airflow/example_dags/example_dynamic_task_mapping_with_no_taskflow_operators.py
[2025-10-18T05:04:08.788+0000] {processor.py:826} INFO - Processing file /home/airflow/.local/lib/python3.7/site-packages/airflow/example_dags/example_dynamic_task_mapping_with_no_taskflow_operators.py for tasks to queue
[2025-10-18T05:04:08.789+0000] {logging_mixin.py:149} INFO - [2025-10-18T05:04:08.789+0000] {dagbag.py:541} INFO - Filling up the DagBag from /home/airflow/.local/lib/python3.7/site-packages/airflow/example_dags/example_dynamic_task_mapping_with_no_taskflow_operators.py
[2025-10-18T05:04:08.797+0000] {processor.py:836} INFO - DAG(s) dict_keys(['example_dynamic_task_mapping_with_no_taskflow_operators']) retrieved from /home/airflow/.local/lib/python3.7/site-packages/airflow/example_dags/example_dynamic_task_mapping_with_no_taskflow_operators.py
[2025-10-18T05:04:08.825+0000] {logging_mixin.py:149} INFO - [2025-10-18T05:04:08.825+0000] {dag.py:2726} INFO - Sync 1 DAGs
[2025-10-18T05:04:08.857+0000] {logging_mixin.py:149} INFO - [2025-10-18T05:04:08.857+0000] {dag.py:3490} INFO - Setting next_dagrun for example_dynamic_task_mapping_with_no_taskflow_operators to 2025-10-17T05:04:08.857418+00:00, run_after=2025-10-18T05:04:08.857418+00:00
[2025-10-18T05:04:08.884+0000] {processor.py:179} INFO - Processing /home/airflow/.local/lib/python3.7/site-packages/airflow/example_dags/example_dynamic_task_mapping_with_no_taskflow_operators.py took 0.101 seconds
[2025-10-18T05:04:39.719+0000] {processor.py:157} INFO - Started process (PID=9531) to work on /home/airflow/.local/lib/python3.7/site-packages/airflow/example_dags/example_dynamic_task_mapping_with_no_taskflow_operators.py
[2025-10-18T05:04:39.720+0000] {processor.py:826} INFO - Processing file /home/airflow/.local/lib/python3.7/site-packages/airflow/example_dags/example_dynamic_task_mapping_with_no_taskflow_operators.py for tasks to queue
[2025-10-18T05:04:39.721+0000] {logging_mixin.py:149} INFO - [2025-10-18T05:04:39.721+0000] {dagbag.py:541} INFO - Filling up the DagBag from /home/airflow/.local/lib/python3.7/site-packages/airflow/example_dags/example_dynamic_task_mapping_with_no_taskflow_operators.py
[2025-10-18T05:04:39.729+0000] {processor.py:836} INFO - DAG(s) dict_keys(['example_dynamic_task_mapping_with_no_taskflow_operators']) retrieved from /home/airflow/.local/lib/python3.7/site-packages/airflow/example_dags/example_dynamic_task_mapping_with_no_taskflow_operators.py
[2025-10-18T05:04:39.757+0000] {logging_mixin.py:149} INFO - [2025-10-18T05:04:39.757+0000] {dag.py:2726} INFO - Sync 1 DAGs
[2025-10-18T05:04:39.889+0000] {logging_mixin.py:149} INFO - [2025-10-18T05:04:39.889+0000] {dag.py:3490} INFO - Setting next_dagrun for example_dynamic_task_mapping_with_no_taskflow_operators to 2025-10-17T05:04:39.889088+00:00, run_after=2025-10-18T05:04:39.889088+00:00
[2025-10-18T05:04:39.908+0000] {processor.py:179} INFO - Processing /home/airflow/.local/lib/python3.7/site-packages/airflow/example_dags/example_dynamic_task_mapping_with_no_taskflow_operators.py took 0.193 seconds
[2025-10-18T05:05:10.581+0000] {processor.py:157} INFO - Started process (PID=9838) to work on /home/airflow/.local/lib/python3.7/site-packages/airflow/example_dags/example_dynamic_task_mapping_with_no_taskflow_operators.py
[2025-10-18T05:05:10.582+0000] {processor.py:826} INFO - Processing file /home/airflow/.local/lib/python3.7/site-packages/airflow/example_dags/example_dynamic_task_mapping_with_no_taskflow_operators.py for tasks to queue
[2025-10-18T05:05:10.582+0000] {logging_mixin.py:149} INFO - [2025-10-18T05:05:10.582+0000] {dagbag.py:541} INFO - Filling up the DagBag from /home/airflow/.local/lib/python3.7/site-packages/airflow/example_dags/example_dynamic_task_mapping_with_no_taskflow_operators.py
[2025-10-18T05:05:10.590+0000] {processor.py:836} INFO - DAG(s) dict_keys(['example_dynamic_task_mapping_with_no_taskflow_operators']) retrieved from /home/airflow/.local/lib/python3.7/site-packages/airflow/example_dags/example_dynamic_task_mapping_with_no_taskflow_operators.py
[2025-10-18T05:05:10.619+0000] {logging_mixin.py:149} INFO - [2025-10-18T05:05:10.618+0000] {dag.py:2726} INFO - Sync 1 DAGs
[2025-10-18T05:05:10.651+0000] {logging_mixin.py:149} INFO - [2025-10-18T05:05:10.651+0000] {dag.py:3490} INFO - Setting next_dagrun for example_dynamic_task_mapping_with_no_taskflow_operators to 2025-10-17T05:05:10.650868+00:00, run_after=2025-10-18T05:05:10.650868+00:00
[2025-10-18T05:05:10.680+0000] {processor.py:179} INFO - Processing /home/airflow/.local/lib/python3.7/site-packages/airflow/example_dags/example_dynamic_task_mapping_with_no_taskflow_operators.py took 0.104 seconds
[2025-10-18T05:05:41.426+0000] {processor.py:157} INFO - Started process (PID=10145) to work on /home/airflow/.local/lib/python3.7/site-packages/airflow/example_dags/example_dynamic_task_mapping_with_no_taskflow_operators.py
[2025-10-18T05:05:41.427+0000] {processor.py:826} INFO - Processing file /home/airflow/.local/lib/python3.7/site-packages/airflow/example_dags/example_dynamic_task_mapping_with_no_taskflow_operators.py for tasks to queue
[2025-10-18T05:05:41.428+0000] {logging_mixin.py:149} INFO - [2025-10-18T05:05:41.428+0000] {dagbag.py:541} INFO - Filling up the DagBag from /home/airflow/.local/lib/python3.7/site-packages/airflow/example_dags/example_dynamic_task_mapping_with_no_taskflow_operators.py
[2025-10-18T05:05:41.435+0000] {processor.py:836} INFO - DAG(s) dict_keys(['example_dynamic_task_mapping_with_no_taskflow_operators']) retrieved from /home/airflow/.local/lib/python3.7/site-packages/airflow/example_dags/example_dynamic_task_mapping_with_no_taskflow_operators.py
[2025-10-18T05:05:41.464+0000] {logging_mixin.py:149} INFO - [2025-10-18T05:05:41.464+0000] {dag.py:2726} INFO - Sync 1 DAGs
[2025-10-18T05:05:41.499+0000] {logging_mixin.py:149} INFO - [2025-10-18T05:05:41.498+0000] {dag.py:3490} INFO - Setting next_dagrun for example_dynamic_task_mapping_with_no_taskflow_operators to 2025-10-17T05:05:41.498624+00:00, run_after=2025-10-18T05:05:41.498624+00:00
[2025-10-18T05:05:41.524+0000] {processor.py:179} INFO - Processing /home/airflow/.local/lib/python3.7/site-packages/airflow/example_dags/example_dynamic_task_mapping_with_no_taskflow_operators.py took 0.102 seconds
[2025-10-18T05:06:12.153+0000] {processor.py:157} INFO - Started process (PID=10452) to work on /home/airflow/.local/lib/python3.7/site-packages/airflow/example_dags/example_dynamic_task_mapping_with_no_taskflow_operators.py
[2025-10-18T05:06:12.155+0000] {processor.py:826} INFO - Processing file /home/airflow/.local/lib/python3.7/site-packages/airflow/example_dags/example_dynamic_task_mapping_with_no_taskflow_operators.py for tasks to queue
[2025-10-18T05:06:12.155+0000] {logging_mixin.py:149} INFO - [2025-10-18T05:06:12.155+0000] {dagbag.py:541} INFO - Filling up the DagBag from /home/airflow/.local/lib/python3.7/site-packages/airflow/example_dags/example_dynamic_task_mapping_with_no_taskflow_operators.py
[2025-10-18T05:06:12.163+0000] {processor.py:836} INFO - DAG(s) dict_keys(['example_dynamic_task_mapping_with_no_taskflow_operators']) retrieved from /home/airflow/.local/lib/python3.7/site-packages/airflow/example_dags/example_dynamic_task_mapping_with_no_taskflow_operators.py
[2025-10-18T05:06:12.190+0000] {logging_mixin.py:149} INFO - [2025-10-18T05:06:12.190+0000] {dag.py:2726} INFO - Sync 1 DAGs
[2025-10-18T05:06:12.221+0000] {logging_mixin.py:149} INFO - [2025-10-18T05:06:12.220+0000] {dag.py:3490} INFO - Setting next_dagrun for example_dynamic_task_mapping_with_no_taskflow_operators to 2025-10-17T05:06:12.220584+00:00, run_after=2025-10-18T05:06:12.220584+00:00
[2025-10-18T05:06:12.245+0000] {processor.py:179} INFO - Processing /home/airflow/.local/lib/python3.7/site-packages/airflow/example_dags/example_dynamic_task_mapping_with_no_taskflow_operators.py took 0.095 seconds
[2025-10-18T05:06:42.953+0000] {processor.py:157} INFO - Started process (PID=10759) to work on /home/airflow/.local/lib/python3.7/site-packages/airflow/example_dags/example_dynamic_task_mapping_with_no_taskflow_operators.py
[2025-10-18T05:06:42.955+0000] {processor.py:826} INFO - Processing file /home/airflow/.local/lib/python3.7/site-packages/airflow/example_dags/example_dynamic_task_mapping_with_no_taskflow_operators.py for tasks to queue
[2025-10-18T05:06:42.955+0000] {logging_mixin.py:149} INFO - [2025-10-18T05:06:42.955+0000] {dagbag.py:541} INFO - Filling up the DagBag from /home/airflow/.local/lib/python3.7/site-packages/airflow/example_dags/example_dynamic_task_mapping_with_no_taskflow_operators.py
[2025-10-18T05:06:42.963+0000] {processor.py:836} INFO - DAG(s) dict_keys(['example_dynamic_task_mapping_with_no_taskflow_operators']) retrieved from /home/airflow/.local/lib/python3.7/site-packages/airflow/example_dags/example_dynamic_task_mapping_with_no_taskflow_operators.py
[2025-10-18T05:06:42.993+0000] {logging_mixin.py:149} INFO - [2025-10-18T05:06:42.992+0000] {dag.py:2726} INFO - Sync 1 DAGs
[2025-10-18T05:06:43.032+0000] {logging_mixin.py:149} INFO - [2025-10-18T05:06:43.031+0000] {dag.py:3490} INFO - Setting next_dagrun for example_dynamic_task_mapping_with_no_taskflow_operators to 2025-10-17T05:06:43.031577+00:00, run_after=2025-10-18T05:06:43.031577+00:00
[2025-10-18T05:06:43.066+0000] {processor.py:179} INFO - Processing /home/airflow/.local/lib/python3.7/site-packages/airflow/example_dags/example_dynamic_task_mapping_with_no_taskflow_operators.py took 0.117 seconds
[2025-10-18T05:07:13.953+0000] {processor.py:157} INFO - Started process (PID=11066) to work on /home/airflow/.local/lib/python3.7/site-packages/airflow/example_dags/example_dynamic_task_mapping_with_no_taskflow_operators.py
[2025-10-18T05:07:13.954+0000] {processor.py:826} INFO - Processing file /home/airflow/.local/lib/python3.7/site-packages/airflow/example_dags/example_dynamic_task_mapping_with_no_taskflow_operators.py for tasks to queue
[2025-10-18T05:07:13.955+0000] {logging_mixin.py:149} INFO - [2025-10-18T05:07:13.955+0000] {dagbag.py:541} INFO - Filling up the DagBag from /home/airflow/.local/lib/python3.7/site-packages/airflow/example_dags/example_dynamic_task_mapping_with_no_taskflow_operators.py
[2025-10-18T05:07:13.963+0000] {processor.py:836} INFO - DAG(s) dict_keys(['example_dynamic_task_mapping_with_no_taskflow_operators']) retrieved from /home/airflow/.local/lib/python3.7/site-packages/airflow/example_dags/example_dynamic_task_mapping_with_no_taskflow_operators.py
[2025-10-18T05:07:13.990+0000] {logging_mixin.py:149} INFO - [2025-10-18T05:07:13.990+0000] {dag.py:2726} INFO - Sync 1 DAGs
[2025-10-18T05:07:14.022+0000] {logging_mixin.py:149} INFO - [2025-10-18T05:07:14.022+0000] {dag.py:3490} INFO - Setting next_dagrun for example_dynamic_task_mapping_with_no_taskflow_operators to 2025-10-17T05:07:14.022205+00:00, run_after=2025-10-18T05:07:14.022205+00:00
[2025-10-18T05:07:14.042+0000] {processor.py:179} INFO - Processing /home/airflow/.local/lib/python3.7/site-packages/airflow/example_dags/example_dynamic_task_mapping_with_no_taskflow_operators.py took 0.093 seconds
[2025-10-18T05:07:44.829+0000] {processor.py:157} INFO - Started process (PID=11373) to work on /home/airflow/.local/lib/python3.7/site-packages/airflow/example_dags/example_dynamic_task_mapping_with_no_taskflow_operators.py
[2025-10-18T05:07:44.830+0000] {processor.py:826} INFO - Processing file /home/airflow/.local/lib/python3.7/site-packages/airflow/example_dags/example_dynamic_task_mapping_with_no_taskflow_operators.py for tasks to queue
[2025-10-18T05:07:44.831+0000] {logging_mixin.py:149} INFO - [2025-10-18T05:07:44.831+0000] {dagbag.py:541} INFO - Filling up the DagBag from /home/airflow/.local/lib/python3.7/site-packages/airflow/example_dags/example_dynamic_task_mapping_with_no_taskflow_operators.py
[2025-10-18T05:07:44.840+0000] {processor.py:836} INFO - DAG(s) dict_keys(['example_dynamic_task_mapping_with_no_taskflow_operators']) retrieved from /home/airflow/.local/lib/python3.7/site-packages/airflow/example_dags/example_dynamic_task_mapping_with_no_taskflow_operators.py
[2025-10-18T05:07:44.882+0000] {logging_mixin.py:149} INFO - [2025-10-18T05:07:44.882+0000] {dag.py:2726} INFO - Sync 1 DAGs
[2025-10-18T05:07:44.913+0000] {logging_mixin.py:149} INFO - [2025-10-18T05:07:44.913+0000] {dag.py:3490} INFO - Setting next_dagrun for example_dynamic_task_mapping_with_no_taskflow_operators to 2025-10-17T05:07:44.913250+00:00, run_after=2025-10-18T05:07:44.913250+00:00
[2025-10-18T05:07:44.943+0000] {processor.py:179} INFO - Processing /home/airflow/.local/lib/python3.7/site-packages/airflow/example_dags/example_dynamic_task_mapping_with_no_taskflow_operators.py took 0.118 seconds
[2025-10-18T05:08:15.783+0000] {processor.py:157} INFO - Started process (PID=11680) to work on /home/airflow/.local/lib/python3.7/site-packages/airflow/example_dags/example_dynamic_task_mapping_with_no_taskflow_operators.py
[2025-10-18T05:08:15.784+0000] {processor.py:826} INFO - Processing file /home/airflow/.local/lib/python3.7/site-packages/airflow/example_dags/example_dynamic_task_mapping_with_no_taskflow_operators.py for tasks to queue
[2025-10-18T05:08:15.785+0000] {logging_mixin.py:149} INFO - [2025-10-18T05:08:15.785+0000] {dagbag.py:541} INFO - Filling up the DagBag from /home/airflow/.local/lib/python3.7/site-packages/airflow/example_dags/example_dynamic_task_mapping_with_no_taskflow_operators.py
[2025-10-18T05:08:15.793+0000] {processor.py:836} INFO - DAG(s) dict_keys(['example_dynamic_task_mapping_with_no_taskflow_operators']) retrieved from /home/airflow/.local/lib/python3.7/site-packages/airflow/example_dags/example_dynamic_task_mapping_with_no_taskflow_operators.py
[2025-10-18T05:08:15.823+0000] {logging_mixin.py:149} INFO - [2025-10-18T05:08:15.822+0000] {dag.py:2726} INFO - Sync 1 DAGs
[2025-10-18T05:08:15.856+0000] {logging_mixin.py:149} INFO - [2025-10-18T05:08:15.856+0000] {dag.py:3490} INFO - Setting next_dagrun for example_dynamic_task_mapping_with_no_taskflow_operators to 2025-10-17T05:08:15.856429+00:00, run_after=2025-10-18T05:08:15.856429+00:00
[2025-10-18T05:08:15.888+0000] {processor.py:179} INFO - Processing /home/airflow/.local/lib/python3.7/site-packages/airflow/example_dags/example_dynamic_task_mapping_with_no_taskflow_operators.py took 0.110 seconds
[2025-10-18T05:08:46.786+0000] {processor.py:157} INFO - Started process (PID=11987) to work on /home/airflow/.local/lib/python3.7/site-packages/airflow/example_dags/example_dynamic_task_mapping_with_no_taskflow_operators.py
[2025-10-18T05:08:46.789+0000] {processor.py:826} INFO - Processing file /home/airflow/.local/lib/python3.7/site-packages/airflow/example_dags/example_dynamic_task_mapping_with_no_taskflow_operators.py for tasks to queue
[2025-10-18T05:08:46.790+0000] {logging_mixin.py:149} INFO - [2025-10-18T05:08:46.790+0000] {dagbag.py:541} INFO - Filling up the DagBag from /home/airflow/.local/lib/python3.7/site-packages/airflow/example_dags/example_dynamic_task_mapping_with_no_taskflow_operators.py
[2025-10-18T05:08:46.798+0000] {processor.py:836} INFO - DAG(s) dict_keys(['example_dynamic_task_mapping_with_no_taskflow_operators']) retrieved from /home/airflow/.local/lib/python3.7/site-packages/airflow/example_dags/example_dynamic_task_mapping_with_no_taskflow_operators.py
[2025-10-18T05:08:46.826+0000] {logging_mixin.py:149} INFO - [2025-10-18T05:08:46.825+0000] {dag.py:2726} INFO - Sync 1 DAGs
[2025-10-18T05:08:46.858+0000] {logging_mixin.py:149} INFO - [2025-10-18T05:08:46.858+0000] {dag.py:3490} INFO - Setting next_dagrun for example_dynamic_task_mapping_with_no_taskflow_operators to 2025-10-17T05:08:46.857834+00:00, run_after=2025-10-18T05:08:46.857834+00:00
[2025-10-18T05:08:46.878+0000] {processor.py:179} INFO - Processing /home/airflow/.local/lib/python3.7/site-packages/airflow/example_dags/example_dynamic_task_mapping_with_no_taskflow_operators.py took 0.096 seconds
[2025-10-18T05:09:16.927+0000] {processor.py:157} INFO - Started process (PID=12294) to work on /home/airflow/.local/lib/python3.7/site-packages/airflow/example_dags/example_dynamic_task_mapping_with_no_taskflow_operators.py
[2025-10-18T05:09:16.928+0000] {processor.py:826} INFO - Processing file /home/airflow/.local/lib/python3.7/site-packages/airflow/example_dags/example_dynamic_task_mapping_with_no_taskflow_operators.py for tasks to queue
[2025-10-18T05:09:16.929+0000] {logging_mixin.py:149} INFO - [2025-10-18T05:09:16.929+0000] {dagbag.py:541} INFO - Filling up the DagBag from /home/airflow/.local/lib/python3.7/site-packages/airflow/example_dags/example_dynamic_task_mapping_with_no_taskflow_operators.py
[2025-10-18T05:09:16.937+0000] {processor.py:836} INFO - DAG(s) dict_keys(['example_dynamic_task_mapping_with_no_taskflow_operators']) retrieved from /home/airflow/.local/lib/python3.7/site-packages/airflow/example_dags/example_dynamic_task_mapping_with_no_taskflow_operators.py
[2025-10-18T05:09:16.970+0000] {logging_mixin.py:149} INFO - [2025-10-18T05:09:16.969+0000] {dag.py:2726} INFO - Sync 1 DAGs
[2025-10-18T05:09:17.000+0000] {logging_mixin.py:149} INFO - [2025-10-18T05:09:17.000+0000] {dag.py:3490} INFO - Setting next_dagrun for example_dynamic_task_mapping_with_no_taskflow_operators to 2025-10-17T05:09:17.000161+00:00, run_after=2025-10-18T05:09:17.000161+00:00
[2025-10-18T05:09:17.024+0000] {processor.py:179} INFO - Processing /home/airflow/.local/lib/python3.7/site-packages/airflow/example_dags/example_dynamic_task_mapping_with_no_taskflow_operators.py took 0.101 seconds
[2025-10-18T05:09:47.830+0000] {processor.py:157} INFO - Started process (PID=12601) to work on /home/airflow/.local/lib/python3.7/site-packages/airflow/example_dags/example_dynamic_task_mapping_with_no_taskflow_operators.py
[2025-10-18T05:09:47.831+0000] {processor.py:826} INFO - Processing file /home/airflow/.local/lib/python3.7/site-packages/airflow/example_dags/example_dynamic_task_mapping_with_no_taskflow_operators.py for tasks to queue
[2025-10-18T05:09:47.832+0000] {logging_mixin.py:149} INFO - [2025-10-18T05:09:47.832+0000] {dagbag.py:541} INFO - Filling up the DagBag from /home/airflow/.local/lib/python3.7/site-packages/airflow/example_dags/example_dynamic_task_mapping_with_no_taskflow_operators.py
[2025-10-18T05:09:47.839+0000] {processor.py:836} INFO - DAG(s) dict_keys(['example_dynamic_task_mapping_with_no_taskflow_operators']) retrieved from /home/airflow/.local/lib/python3.7/site-packages/airflow/example_dags/example_dynamic_task_mapping_with_no_taskflow_operators.py
[2025-10-18T05:09:47.868+0000] {logging_mixin.py:149} INFO - [2025-10-18T05:09:47.868+0000] {dag.py:2726} INFO - Sync 1 DAGs
[2025-10-18T05:09:47.896+0000] {logging_mixin.py:149} INFO - [2025-10-18T05:09:47.896+0000] {dag.py:3490} INFO - Setting next_dagrun for example_dynamic_task_mapping_with_no_taskflow_operators to 2025-10-17T05:09:47.896539+00:00, run_after=2025-10-18T05:09:47.896539+00:00
[2025-10-18T05:09:47.918+0000] {processor.py:179} INFO - Processing /home/airflow/.local/lib/python3.7/site-packages/airflow/example_dags/example_dynamic_task_mapping_with_no_taskflow_operators.py took 0.091 seconds
[2025-10-18T05:10:18.894+0000] {processor.py:157} INFO - Started process (PID=12908) to work on /home/airflow/.local/lib/python3.7/site-packages/airflow/example_dags/example_dynamic_task_mapping_with_no_taskflow_operators.py
[2025-10-18T05:10:18.895+0000] {processor.py:826} INFO - Processing file /home/airflow/.local/lib/python3.7/site-packages/airflow/example_dags/example_dynamic_task_mapping_with_no_taskflow_operators.py for tasks to queue
[2025-10-18T05:10:18.896+0000] {logging_mixin.py:149} INFO - [2025-10-18T05:10:18.895+0000] {dagbag.py:541} INFO - Filling up the DagBag from /home/airflow/.local/lib/python3.7/site-packages/airflow/example_dags/example_dynamic_task_mapping_with_no_taskflow_operators.py
[2025-10-18T05:10:18.903+0000] {processor.py:836} INFO - DAG(s) dict_keys(['example_dynamic_task_mapping_with_no_taskflow_operators']) retrieved from /home/airflow/.local/lib/python3.7/site-packages/airflow/example_dags/example_dynamic_task_mapping_with_no_taskflow_operators.py
[2025-10-18T05:10:18.935+0000] {logging_mixin.py:149} INFO - [2025-10-18T05:10:18.935+0000] {dag.py:2726} INFO - Sync 1 DAGs
[2025-10-18T05:10:18.963+0000] {logging_mixin.py:149} INFO - [2025-10-18T05:10:18.962+0000] {dag.py:3490} INFO - Setting next_dagrun for example_dynamic_task_mapping_with_no_taskflow_operators to 2025-10-17T05:10:18.962580+00:00, run_after=2025-10-18T05:10:18.962580+00:00
[2025-10-18T05:10:18.984+0000] {processor.py:179} INFO - Processing /home/airflow/.local/lib/python3.7/site-packages/airflow/example_dags/example_dynamic_task_mapping_with_no_taskflow_operators.py took 0.093 seconds
[2025-10-18T05:10:49.952+0000] {processor.py:157} INFO - Started process (PID=13217) to work on /home/airflow/.local/lib/python3.7/site-packages/airflow/example_dags/example_dynamic_task_mapping_with_no_taskflow_operators.py
[2025-10-18T05:10:49.953+0000] {processor.py:826} INFO - Processing file /home/airflow/.local/lib/python3.7/site-packages/airflow/example_dags/example_dynamic_task_mapping_with_no_taskflow_operators.py for tasks to queue
[2025-10-18T05:10:49.954+0000] {logging_mixin.py:149} INFO - [2025-10-18T05:10:49.953+0000] {dagbag.py:541} INFO - Filling up the DagBag from /home/airflow/.local/lib/python3.7/site-packages/airflow/example_dags/example_dynamic_task_mapping_with_no_taskflow_operators.py
[2025-10-18T05:10:49.961+0000] {processor.py:836} INFO - DAG(s) dict_keys(['example_dynamic_task_mapping_with_no_taskflow_operators']) retrieved from /home/airflow/.local/lib/python3.7/site-packages/airflow/example_dags/example_dynamic_task_mapping_with_no_taskflow_operators.py
[2025-10-18T05:10:49.987+0000] {logging_mixin.py:149} INFO - [2025-10-18T05:10:49.987+0000] {dag.py:2726} INFO - Sync 1 DAGs
[2025-10-18T05:10:50.016+0000] {logging_mixin.py:149} INFO - [2025-10-18T05:10:50.015+0000] {dag.py:3490} INFO - Setting next_dagrun for example_dynamic_task_mapping_with_no_taskflow_operators to 2025-10-17T05:10:50.015552+00:00, run_after=2025-10-18T05:10:50.015552+00:00
[2025-10-18T05:10:50.040+0000] {processor.py:179} INFO - Processing /home/airflow/.local/lib/python3.7/site-packages/airflow/example_dags/example_dynamic_task_mapping_with_no_taskflow_operators.py took 0.092 seconds
[2025-10-18T05:11:20.632+0000] {processor.py:157} INFO - Started process (PID=13522) to work on /home/airflow/.local/lib/python3.7/site-packages/airflow/example_dags/example_dynamic_task_mapping_with_no_taskflow_operators.py
[2025-10-18T05:11:20.634+0000] {processor.py:826} INFO - Processing file /home/airflow/.local/lib/python3.7/site-packages/airflow/example_dags/example_dynamic_task_mapping_with_no_taskflow_operators.py for tasks to queue
[2025-10-18T05:11:20.635+0000] {logging_mixin.py:149} INFO - [2025-10-18T05:11:20.635+0000] {dagbag.py:541} INFO - Filling up the DagBag from /home/airflow/.local/lib/python3.7/site-packages/airflow/example_dags/example_dynamic_task_mapping_with_no_taskflow_operators.py
[2025-10-18T05:11:20.643+0000] {processor.py:836} INFO - DAG(s) dict_keys(['example_dynamic_task_mapping_with_no_taskflow_operators']) retrieved from /home/airflow/.local/lib/python3.7/site-packages/airflow/example_dags/example_dynamic_task_mapping_with_no_taskflow_operators.py
[2025-10-18T05:11:20.668+0000] {logging_mixin.py:149} INFO - [2025-10-18T05:11:20.668+0000] {dag.py:2726} INFO - Sync 1 DAGs
[2025-10-18T05:11:20.698+0000] {logging_mixin.py:149} INFO - [2025-10-18T05:11:20.698+0000] {dag.py:3490} INFO - Setting next_dagrun for example_dynamic_task_mapping_with_no_taskflow_operators to 2025-10-17T05:11:20.697987+00:00, run_after=2025-10-18T05:11:20.697987+00:00
[2025-10-18T05:11:20.720+0000] {processor.py:179} INFO - Processing /home/airflow/.local/lib/python3.7/site-packages/airflow/example_dags/example_dynamic_task_mapping_with_no_taskflow_operators.py took 0.093 seconds
[2025-10-18T05:11:51.370+0000] {processor.py:157} INFO - Started process (PID=13829) to work on /home/airflow/.local/lib/python3.7/site-packages/airflow/example_dags/example_dynamic_task_mapping_with_no_taskflow_operators.py
[2025-10-18T05:11:51.371+0000] {processor.py:826} INFO - Processing file /home/airflow/.local/lib/python3.7/site-packages/airflow/example_dags/example_dynamic_task_mapping_with_no_taskflow_operators.py for tasks to queue
[2025-10-18T05:11:51.372+0000] {logging_mixin.py:149} INFO - [2025-10-18T05:11:51.372+0000] {dagbag.py:541} INFO - Filling up the DagBag from /home/airflow/.local/lib/python3.7/site-packages/airflow/example_dags/example_dynamic_task_mapping_with_no_taskflow_operators.py
[2025-10-18T05:11:51.380+0000] {processor.py:836} INFO - DAG(s) dict_keys(['example_dynamic_task_mapping_with_no_taskflow_operators']) retrieved from /home/airflow/.local/lib/python3.7/site-packages/airflow/example_dags/example_dynamic_task_mapping_with_no_taskflow_operators.py
[2025-10-18T05:11:51.405+0000] {logging_mixin.py:149} INFO - [2025-10-18T05:11:51.405+0000] {dag.py:2726} INFO - Sync 1 DAGs
[2025-10-18T05:11:51.439+0000] {logging_mixin.py:149} INFO - [2025-10-18T05:11:51.439+0000] {dag.py:3490} INFO - Setting next_dagrun for example_dynamic_task_mapping_with_no_taskflow_operators to 2025-10-17T05:11:51.438804+00:00, run_after=2025-10-18T05:11:51.438804+00:00
[2025-10-18T05:11:51.459+0000] {processor.py:179} INFO - Processing /home/airflow/.local/lib/python3.7/site-packages/airflow/example_dags/example_dynamic_task_mapping_with_no_taskflow_operators.py took 0.093 seconds
[2025-10-18T05:12:22.199+0000] {processor.py:157} INFO - Started process (PID=14136) to work on /home/airflow/.local/lib/python3.7/site-packages/airflow/example_dags/example_dynamic_task_mapping_with_no_taskflow_operators.py
[2025-10-18T05:12:22.200+0000] {processor.py:826} INFO - Processing file /home/airflow/.local/lib/python3.7/site-packages/airflow/example_dags/example_dynamic_task_mapping_with_no_taskflow_operators.py for tasks to queue
[2025-10-18T05:12:22.201+0000] {logging_mixin.py:149} INFO - [2025-10-18T05:12:22.201+0000] {dagbag.py:541} INFO - Filling up the DagBag from /home/airflow/.local/lib/python3.7/site-packages/airflow/example_dags/example_dynamic_task_mapping_with_no_taskflow_operators.py
[2025-10-18T05:12:22.211+0000] {processor.py:836} INFO - DAG(s) dict_keys(['example_dynamic_task_mapping_with_no_taskflow_operators']) retrieved from /home/airflow/.local/lib/python3.7/site-packages/airflow/example_dags/example_dynamic_task_mapping_with_no_taskflow_operators.py
[2025-10-18T05:12:22.254+0000] {logging_mixin.py:149} INFO - [2025-10-18T05:12:22.253+0000] {dag.py:2726} INFO - Sync 1 DAGs
[2025-10-18T05:12:22.301+0000] {logging_mixin.py:149} INFO - [2025-10-18T05:12:22.301+0000] {dag.py:3490} INFO - Setting next_dagrun for example_dynamic_task_mapping_with_no_taskflow_operators to 2025-10-17T05:12:22.301180+00:00, run_after=2025-10-18T05:12:22.301180+00:00
[2025-10-18T05:12:22.324+0000] {processor.py:179} INFO - Processing /home/airflow/.local/lib/python3.7/site-packages/airflow/example_dags/example_dynamic_task_mapping_with_no_taskflow_operators.py took 0.129 seconds
[2025-10-18T05:12:53.076+0000] {processor.py:157} INFO - Started process (PID=14443) to work on /home/airflow/.local/lib/python3.7/site-packages/airflow/example_dags/example_dynamic_task_mapping_with_no_taskflow_operators.py
[2025-10-18T05:12:53.077+0000] {processor.py:826} INFO - Processing file /home/airflow/.local/lib/python3.7/site-packages/airflow/example_dags/example_dynamic_task_mapping_with_no_taskflow_operators.py for tasks to queue
[2025-10-18T05:12:53.078+0000] {logging_mixin.py:149} INFO - [2025-10-18T05:12:53.078+0000] {dagbag.py:541} INFO - Filling up the DagBag from /home/airflow/.local/lib/python3.7/site-packages/airflow/example_dags/example_dynamic_task_mapping_with_no_taskflow_operators.py
[2025-10-18T05:12:53.086+0000] {processor.py:836} INFO - DAG(s) dict_keys(['example_dynamic_task_mapping_with_no_taskflow_operators']) retrieved from /home/airflow/.local/lib/python3.7/site-packages/airflow/example_dags/example_dynamic_task_mapping_with_no_taskflow_operators.py
[2025-10-18T05:12:53.111+0000] {logging_mixin.py:149} INFO - [2025-10-18T05:12:53.111+0000] {dag.py:2726} INFO - Sync 1 DAGs
[2025-10-18T05:12:53.145+0000] {logging_mixin.py:149} INFO - [2025-10-18T05:12:53.144+0000] {dag.py:3490} INFO - Setting next_dagrun for example_dynamic_task_mapping_with_no_taskflow_operators to 2025-10-17T05:12:53.143591+00:00, run_after=2025-10-18T05:12:53.143591+00:00
[2025-10-18T05:12:53.166+0000] {processor.py:179} INFO - Processing /home/airflow/.local/lib/python3.7/site-packages/airflow/example_dags/example_dynamic_task_mapping_with_no_taskflow_operators.py took 0.094 seconds
[2025-10-18T05:13:23.956+0000] {processor.py:157} INFO - Started process (PID=14750) to work on /home/airflow/.local/lib/python3.7/site-packages/airflow/example_dags/example_dynamic_task_mapping_with_no_taskflow_operators.py
[2025-10-18T05:13:23.957+0000] {processor.py:826} INFO - Processing file /home/airflow/.local/lib/python3.7/site-packages/airflow/example_dags/example_dynamic_task_mapping_with_no_taskflow_operators.py for tasks to queue
[2025-10-18T05:13:23.957+0000] {logging_mixin.py:149} INFO - [2025-10-18T05:13:23.957+0000] {dagbag.py:541} INFO - Filling up the DagBag from /home/airflow/.local/lib/python3.7/site-packages/airflow/example_dags/example_dynamic_task_mapping_with_no_taskflow_operators.py
[2025-10-18T05:13:23.965+0000] {processor.py:836} INFO - DAG(s) dict_keys(['example_dynamic_task_mapping_with_no_taskflow_operators']) retrieved from /home/airflow/.local/lib/python3.7/site-packages/airflow/example_dags/example_dynamic_task_mapping_with_no_taskflow_operators.py
[2025-10-18T05:13:23.992+0000] {logging_mixin.py:149} INFO - [2025-10-18T05:13:23.991+0000] {dag.py:2726} INFO - Sync 1 DAGs
[2025-10-18T05:13:24.021+0000] {logging_mixin.py:149} INFO - [2025-10-18T05:13:24.020+0000] {dag.py:3490} INFO - Setting next_dagrun for example_dynamic_task_mapping_with_no_taskflow_operators to 2025-10-17T05:13:24.020532+00:00, run_after=2025-10-18T05:13:24.020532+00:00
[2025-10-18T05:13:24.042+0000] {processor.py:179} INFO - Processing /home/airflow/.local/lib/python3.7/site-packages/airflow/example_dags/example_dynamic_task_mapping_with_no_taskflow_operators.py took 0.090 seconds
[2025-10-18T05:13:54.627+0000] {processor.py:157} INFO - Started process (PID=15057) to work on /home/airflow/.local/lib/python3.7/site-packages/airflow/example_dags/example_dynamic_task_mapping_with_no_taskflow_operators.py
[2025-10-18T05:13:54.627+0000] {processor.py:826} INFO - Processing file /home/airflow/.local/lib/python3.7/site-packages/airflow/example_dags/example_dynamic_task_mapping_with_no_taskflow_operators.py for tasks to queue
[2025-10-18T05:13:54.628+0000] {logging_mixin.py:149} INFO - [2025-10-18T05:13:54.628+0000] {dagbag.py:541} INFO - Filling up the DagBag from /home/airflow/.local/lib/python3.7/site-packages/airflow/example_dags/example_dynamic_task_mapping_with_no_taskflow_operators.py
[2025-10-18T05:13:54.638+0000] {processor.py:836} INFO - DAG(s) dict_keys(['example_dynamic_task_mapping_with_no_taskflow_operators']) retrieved from /home/airflow/.local/lib/python3.7/site-packages/airflow/example_dags/example_dynamic_task_mapping_with_no_taskflow_operators.py
[2025-10-18T05:13:54.664+0000] {logging_mixin.py:149} INFO - [2025-10-18T05:13:54.663+0000] {dag.py:2726} INFO - Sync 1 DAGs
[2025-10-18T05:13:54.692+0000] {logging_mixin.py:149} INFO - [2025-10-18T05:13:54.692+0000] {dag.py:3490} INFO - Setting next_dagrun for example_dynamic_task_mapping_with_no_taskflow_operators to 2025-10-17T05:13:54.692289+00:00, run_after=2025-10-18T05:13:54.692289+00:00
[2025-10-18T05:13:54.714+0000] {processor.py:179} INFO - Processing /home/airflow/.local/lib/python3.7/site-packages/airflow/example_dags/example_dynamic_task_mapping_with_no_taskflow_operators.py took 0.092 seconds
[2025-10-18T05:14:25.519+0000] {processor.py:157} INFO - Started process (PID=15366) to work on /home/airflow/.local/lib/python3.7/site-packages/airflow/example_dags/example_dynamic_task_mapping_with_no_taskflow_operators.py
[2025-10-18T05:14:25.520+0000] {processor.py:826} INFO - Processing file /home/airflow/.local/lib/python3.7/site-packages/airflow/example_dags/example_dynamic_task_mapping_with_no_taskflow_operators.py for tasks to queue
[2025-10-18T05:14:25.521+0000] {logging_mixin.py:149} INFO - [2025-10-18T05:14:25.521+0000] {dagbag.py:541} INFO - Filling up the DagBag from /home/airflow/.local/lib/python3.7/site-packages/airflow/example_dags/example_dynamic_task_mapping_with_no_taskflow_operators.py
[2025-10-18T05:14:25.529+0000] {processor.py:836} INFO - DAG(s) dict_keys(['example_dynamic_task_mapping_with_no_taskflow_operators']) retrieved from /home/airflow/.local/lib/python3.7/site-packages/airflow/example_dags/example_dynamic_task_mapping_with_no_taskflow_operators.py
[2025-10-18T05:14:25.554+0000] {logging_mixin.py:149} INFO - [2025-10-18T05:14:25.554+0000] {dag.py:2726} INFO - Sync 1 DAGs
[2025-10-18T05:14:25.582+0000] {logging_mixin.py:149} INFO - [2025-10-18T05:14:25.581+0000] {dag.py:3490} INFO - Setting next_dagrun for example_dynamic_task_mapping_with_no_taskflow_operators to 2025-10-17T05:14:25.581683+00:00, run_after=2025-10-18T05:14:25.581683+00:00
[2025-10-18T05:14:25.605+0000] {processor.py:179} INFO - Processing /home/airflow/.local/lib/python3.7/site-packages/airflow/example_dags/example_dynamic_task_mapping_with_no_taskflow_operators.py took 0.089 seconds
[2025-10-18T05:14:56.583+0000] {processor.py:157} INFO - Started process (PID=15671) to work on /home/airflow/.local/lib/python3.7/site-packages/airflow/example_dags/example_dynamic_task_mapping_with_no_taskflow_operators.py
[2025-10-18T05:14:56.586+0000] {processor.py:826} INFO - Processing file /home/airflow/.local/lib/python3.7/site-packages/airflow/example_dags/example_dynamic_task_mapping_with_no_taskflow_operators.py for tasks to queue
[2025-10-18T05:14:56.587+0000] {logging_mixin.py:149} INFO - [2025-10-18T05:14:56.587+0000] {dagbag.py:541} INFO - Filling up the DagBag from /home/airflow/.local/lib/python3.7/site-packages/airflow/example_dags/example_dynamic_task_mapping_with_no_taskflow_operators.py
[2025-10-18T05:14:56.600+0000] {processor.py:836} INFO - DAG(s) dict_keys(['example_dynamic_task_mapping_with_no_taskflow_operators']) retrieved from /home/airflow/.local/lib/python3.7/site-packages/airflow/example_dags/example_dynamic_task_mapping_with_no_taskflow_operators.py
[2025-10-18T05:14:56.635+0000] {logging_mixin.py:149} INFO - [2025-10-18T05:14:56.635+0000] {dag.py:2726} INFO - Sync 1 DAGs
[2025-10-18T05:14:56.668+0000] {logging_mixin.py:149} INFO - [2025-10-18T05:14:56.668+0000] {dag.py:3490} INFO - Setting next_dagrun for example_dynamic_task_mapping_with_no_taskflow_operators to 2025-10-17T05:14:56.668065+00:00, run_after=2025-10-18T05:14:56.668065+00:00
[2025-10-18T05:14:56.692+0000] {processor.py:179} INFO - Processing /home/airflow/.local/lib/python3.7/site-packages/airflow/example_dags/example_dynamic_task_mapping_with_no_taskflow_operators.py took 0.112 seconds
[2025-10-18T05:15:27.403+0000] {processor.py:157} INFO - Started process (PID=15980) to work on /home/airflow/.local/lib/python3.7/site-packages/airflow/example_dags/example_dynamic_task_mapping_with_no_taskflow_operators.py
[2025-10-18T05:15:27.404+0000] {processor.py:826} INFO - Processing file /home/airflow/.local/lib/python3.7/site-packages/airflow/example_dags/example_dynamic_task_mapping_with_no_taskflow_operators.py for tasks to queue
[2025-10-18T05:15:27.405+0000] {logging_mixin.py:149} INFO - [2025-10-18T05:15:27.405+0000] {dagbag.py:541} INFO - Filling up the DagBag from /home/airflow/.local/lib/python3.7/site-packages/airflow/example_dags/example_dynamic_task_mapping_with_no_taskflow_operators.py
[2025-10-18T05:15:27.413+0000] {processor.py:836} INFO - DAG(s) dict_keys(['example_dynamic_task_mapping_with_no_taskflow_operators']) retrieved from /home/airflow/.local/lib/python3.7/site-packages/airflow/example_dags/example_dynamic_task_mapping_with_no_taskflow_operators.py
[2025-10-18T05:15:27.442+0000] {logging_mixin.py:149} INFO - [2025-10-18T05:15:27.442+0000] {dag.py:2726} INFO - Sync 1 DAGs
[2025-10-18T05:15:27.473+0000] {logging_mixin.py:149} INFO - [2025-10-18T05:15:27.473+0000] {dag.py:3490} INFO - Setting next_dagrun for example_dynamic_task_mapping_with_no_taskflow_operators to 2025-10-17T05:15:27.473523+00:00, run_after=2025-10-18T05:15:27.473523+00:00
[2025-10-18T05:15:27.499+0000] {processor.py:179} INFO - Processing /home/airflow/.local/lib/python3.7/site-packages/airflow/example_dags/example_dynamic_task_mapping_with_no_taskflow_operators.py took 0.101 seconds
[2025-10-18T05:15:58.078+0000] {processor.py:157} INFO - Started process (PID=16287) to work on /home/airflow/.local/lib/python3.7/site-packages/airflow/example_dags/example_dynamic_task_mapping_with_no_taskflow_operators.py
[2025-10-18T05:15:58.079+0000] {processor.py:826} INFO - Processing file /home/airflow/.local/lib/python3.7/site-packages/airflow/example_dags/example_dynamic_task_mapping_with_no_taskflow_operators.py for tasks to queue
[2025-10-18T05:15:58.080+0000] {logging_mixin.py:149} INFO - [2025-10-18T05:15:58.080+0000] {dagbag.py:541} INFO - Filling up the DagBag from /home/airflow/.local/lib/python3.7/site-packages/airflow/example_dags/example_dynamic_task_mapping_with_no_taskflow_operators.py
[2025-10-18T05:15:58.088+0000] {processor.py:836} INFO - DAG(s) dict_keys(['example_dynamic_task_mapping_with_no_taskflow_operators']) retrieved from /home/airflow/.local/lib/python3.7/site-packages/airflow/example_dags/example_dynamic_task_mapping_with_no_taskflow_operators.py
[2025-10-18T05:15:58.114+0000] {logging_mixin.py:149} INFO - [2025-10-18T05:15:58.114+0000] {dag.py:2726} INFO - Sync 1 DAGs
[2025-10-18T05:15:58.142+0000] {logging_mixin.py:149} INFO - [2025-10-18T05:15:58.142+0000] {dag.py:3490} INFO - Setting next_dagrun for example_dynamic_task_mapping_with_no_taskflow_operators to 2025-10-17T05:15:58.142337+00:00, run_after=2025-10-18T05:15:58.142337+00:00
[2025-10-18T05:15:58.163+0000] {processor.py:179} INFO - Processing /home/airflow/.local/lib/python3.7/site-packages/airflow/example_dags/example_dynamic_task_mapping_with_no_taskflow_operators.py took 0.088 seconds
[2025-10-18T05:16:28.714+0000] {processor.py:157} INFO - Started process (PID=16592) to work on /home/airflow/.local/lib/python3.7/site-packages/airflow/example_dags/example_dynamic_task_mapping_with_no_taskflow_operators.py
[2025-10-18T05:16:28.715+0000] {processor.py:826} INFO - Processing file /home/airflow/.local/lib/python3.7/site-packages/airflow/example_dags/example_dynamic_task_mapping_with_no_taskflow_operators.py for tasks to queue
[2025-10-18T05:16:28.717+0000] {logging_mixin.py:149} INFO - [2025-10-18T05:16:28.717+0000] {dagbag.py:541} INFO - Filling up the DagBag from /home/airflow/.local/lib/python3.7/site-packages/airflow/example_dags/example_dynamic_task_mapping_with_no_taskflow_operators.py
[2025-10-18T05:16:28.725+0000] {processor.py:836} INFO - DAG(s) dict_keys(['example_dynamic_task_mapping_with_no_taskflow_operators']) retrieved from /home/airflow/.local/lib/python3.7/site-packages/airflow/example_dags/example_dynamic_task_mapping_with_no_taskflow_operators.py
[2025-10-18T05:16:28.757+0000] {logging_mixin.py:149} INFO - [2025-10-18T05:16:28.757+0000] {dag.py:2726} INFO - Sync 1 DAGs
[2025-10-18T05:16:28.788+0000] {logging_mixin.py:149} INFO - [2025-10-18T05:16:28.788+0000] {dag.py:3490} INFO - Setting next_dagrun for example_dynamic_task_mapping_with_no_taskflow_operators to 2025-10-17T05:16:28.788399+00:00, run_after=2025-10-18T05:16:28.788399+00:00
[2025-10-18T05:16:28.817+0000] {processor.py:179} INFO - Processing /home/airflow/.local/lib/python3.7/site-packages/airflow/example_dags/example_dynamic_task_mapping_with_no_taskflow_operators.py took 0.106 seconds
[2025-10-18T05:16:59.557+0000] {processor.py:157} INFO - Started process (PID=16899) to work on /home/airflow/.local/lib/python3.7/site-packages/airflow/example_dags/example_dynamic_task_mapping_with_no_taskflow_operators.py
[2025-10-18T05:16:59.559+0000] {processor.py:826} INFO - Processing file /home/airflow/.local/lib/python3.7/site-packages/airflow/example_dags/example_dynamic_task_mapping_with_no_taskflow_operators.py for tasks to queue
[2025-10-18T05:16:59.562+0000] {logging_mixin.py:149} INFO - [2025-10-18T05:16:59.562+0000] {dagbag.py:541} INFO - Filling up the DagBag from /home/airflow/.local/lib/python3.7/site-packages/airflow/example_dags/example_dynamic_task_mapping_with_no_taskflow_operators.py
[2025-10-18T05:16:59.571+0000] {processor.py:836} INFO - DAG(s) dict_keys(['example_dynamic_task_mapping_with_no_taskflow_operators']) retrieved from /home/airflow/.local/lib/python3.7/site-packages/airflow/example_dags/example_dynamic_task_mapping_with_no_taskflow_operators.py
[2025-10-18T05:16:59.599+0000] {logging_mixin.py:149} INFO - [2025-10-18T05:16:59.599+0000] {dag.py:2726} INFO - Sync 1 DAGs
[2025-10-18T05:16:59.631+0000] {logging_mixin.py:149} INFO - [2025-10-18T05:16:59.631+0000] {dag.py:3490} INFO - Setting next_dagrun for example_dynamic_task_mapping_with_no_taskflow_operators to 2025-10-17T05:16:59.630785+00:00, run_after=2025-10-18T05:16:59.630785+00:00
[2025-10-18T05:16:59.653+0000] {processor.py:179} INFO - Processing /home/airflow/.local/lib/python3.7/site-packages/airflow/example_dags/example_dynamic_task_mapping_with_no_taskflow_operators.py took 0.100 seconds
[2025-10-18T05:17:30.992+0000] {processor.py:157} INFO - Started process (PID=17206) to work on /home/airflow/.local/lib/python3.7/site-packages/airflow/example_dags/example_dynamic_task_mapping_with_no_taskflow_operators.py
[2025-10-18T05:17:30.992+0000] {processor.py:826} INFO - Processing file /home/airflow/.local/lib/python3.7/site-packages/airflow/example_dags/example_dynamic_task_mapping_with_no_taskflow_operators.py for tasks to queue
[2025-10-18T05:17:30.993+0000] {logging_mixin.py:149} INFO - [2025-10-18T05:17:30.993+0000] {dagbag.py:541} INFO - Filling up the DagBag from /home/airflow/.local/lib/python3.7/site-packages/airflow/example_dags/example_dynamic_task_mapping_with_no_taskflow_operators.py
[2025-10-18T05:17:31.001+0000] {processor.py:836} INFO - DAG(s) dict_keys(['example_dynamic_task_mapping_with_no_taskflow_operators']) retrieved from /home/airflow/.local/lib/python3.7/site-packages/airflow/example_dags/example_dynamic_task_mapping_with_no_taskflow_operators.py
[2025-10-18T05:17:31.030+0000] {logging_mixin.py:149} INFO - [2025-10-18T05:17:31.029+0000] {dag.py:2726} INFO - Sync 1 DAGs
[2025-10-18T05:17:31.063+0000] {logging_mixin.py:149} INFO - [2025-10-18T05:17:31.063+0000] {dag.py:3490} INFO - Setting next_dagrun for example_dynamic_task_mapping_with_no_taskflow_operators to 2025-10-17T05:17:31.062900+00:00, run_after=2025-10-18T05:17:31.062900+00:00
[2025-10-18T05:17:31.085+0000] {processor.py:179} INFO - Processing /home/airflow/.local/lib/python3.7/site-packages/airflow/example_dags/example_dynamic_task_mapping_with_no_taskflow_operators.py took 0.096 seconds
[2025-10-18T05:18:01.901+0000] {processor.py:157} INFO - Started process (PID=17513) to work on /home/airflow/.local/lib/python3.7/site-packages/airflow/example_dags/example_dynamic_task_mapping_with_no_taskflow_operators.py
[2025-10-18T05:18:01.902+0000] {processor.py:826} INFO - Processing file /home/airflow/.local/lib/python3.7/site-packages/airflow/example_dags/example_dynamic_task_mapping_with_no_taskflow_operators.py for tasks to queue
[2025-10-18T05:18:01.903+0000] {logging_mixin.py:149} INFO - [2025-10-18T05:18:01.903+0000] {dagbag.py:541} INFO - Filling up the DagBag from /home/airflow/.local/lib/python3.7/site-packages/airflow/example_dags/example_dynamic_task_mapping_with_no_taskflow_operators.py
[2025-10-18T05:18:01.910+0000] {processor.py:836} INFO - DAG(s) dict_keys(['example_dynamic_task_mapping_with_no_taskflow_operators']) retrieved from /home/airflow/.local/lib/python3.7/site-packages/airflow/example_dags/example_dynamic_task_mapping_with_no_taskflow_operators.py
[2025-10-18T05:18:01.939+0000] {logging_mixin.py:149} INFO - [2025-10-18T05:18:01.938+0000] {dag.py:2726} INFO - Sync 1 DAGs
[2025-10-18T05:18:01.967+0000] {logging_mixin.py:149} INFO - [2025-10-18T05:18:01.967+0000] {dag.py:3490} INFO - Setting next_dagrun for example_dynamic_task_mapping_with_no_taskflow_operators to 2025-10-17T05:18:01.967119+00:00, run_after=2025-10-18T05:18:01.967119+00:00
[2025-10-18T05:18:01.994+0000] {processor.py:179} INFO - Processing /home/airflow/.local/lib/python3.7/site-packages/airflow/example_dags/example_dynamic_task_mapping_with_no_taskflow_operators.py took 0.097 seconds
