[2025-10-18T04:44:11.657+0000] {processor.py:157} INFO - Started process (PID=293) to work on /home/airflow/.local/lib/python3.7/site-packages/airflow/example_dags/example_trigger_target_dag.py
[2025-10-18T04:44:11.661+0000] {processor.py:826} INFO - Processing file /home/airflow/.local/lib/python3.7/site-packages/airflow/example_dags/example_trigger_target_dag.py for tasks to queue
[2025-10-18T04:44:11.662+0000] {logging_mixin.py:149} INFO - [2025-10-18T04:44:11.662+0000] {dagbag.py:541} INFO - Filling up the DagBag from /home/airflow/.local/lib/python3.7/site-packages/airflow/example_dags/example_trigger_target_dag.py
[2025-10-18T04:44:11.709+0000] {processor.py:836} INFO - DAG(s) dict_keys(['example_trigger_target_dag']) retrieved from /home/airflow/.local/lib/python3.7/site-packages/airflow/example_dags/example_trigger_target_dag.py
[2025-10-18T04:44:12.747+0000] {processor.py:182} ERROR - Got an exception! Propagating...
Traceback (most recent call last):
  File "/home/airflow/.local/lib/python3.7/site-packages/sqlalchemy/engine/base.py", line 3366, in _wrap_pool_connect
    return fn()
  File "/home/airflow/.local/lib/python3.7/site-packages/sqlalchemy/pool/base.py", line 327, in connect
    return _ConnectionFairy._checkout(self)
  File "/home/airflow/.local/lib/python3.7/site-packages/sqlalchemy/pool/base.py", line 894, in _checkout
    fairy = _ConnectionRecord.checkout(pool)
  File "/home/airflow/.local/lib/python3.7/site-packages/sqlalchemy/pool/base.py", line 493, in checkout
    rec = pool._do_get()
  File "/home/airflow/.local/lib/python3.7/site-packages/sqlalchemy/pool/impl.py", line 146, in _do_get
    self._dec_overflow()
  File "/home/airflow/.local/lib/python3.7/site-packages/sqlalchemy/util/langhelpers.py", line 72, in __exit__
    with_traceback=exc_tb,
  File "/home/airflow/.local/lib/python3.7/site-packages/sqlalchemy/util/compat.py", line 211, in raise_
    raise exception
  File "/home/airflow/.local/lib/python3.7/site-packages/sqlalchemy/pool/impl.py", line 143, in _do_get
    return self._create_connection()
  File "/home/airflow/.local/lib/python3.7/site-packages/sqlalchemy/pool/base.py", line 273, in _create_connection
    return _ConnectionRecord(self)
  File "/home/airflow/.local/lib/python3.7/site-packages/sqlalchemy/pool/base.py", line 388, in __init__
    self.__connect()
  File "/home/airflow/.local/lib/python3.7/site-packages/sqlalchemy/pool/base.py", line 691, in __connect
    pool.logger.debug("Error on connect(): %s", e)
  File "/home/airflow/.local/lib/python3.7/site-packages/sqlalchemy/util/langhelpers.py", line 72, in __exit__
    with_traceback=exc_tb,
  File "/home/airflow/.local/lib/python3.7/site-packages/sqlalchemy/util/compat.py", line 211, in raise_
    raise exception
  File "/home/airflow/.local/lib/python3.7/site-packages/sqlalchemy/pool/base.py", line 686, in __connect
    self.dbapi_connection = connection = pool._invoke_creator(self)
  File "/home/airflow/.local/lib/python3.7/site-packages/sqlalchemy/engine/create.py", line 574, in connect
    return dialect.connect(*cargs, **cparams)
  File "/home/airflow/.local/lib/python3.7/site-packages/sqlalchemy/engine/default.py", line 598, in connect
    return self.dbapi.connect(*cargs, **cparams)
  File "/home/airflow/.local/lib/python3.7/site-packages/psycopg2/__init__.py", line 122, in connect
    conn = _connect(dsn, connection_factory=connection_factory, **kwasync)
psycopg2.OperationalError: connection to server at "postgres" (172.22.0.8), port 5432 failed: FATAL:  password authentication failed for user "airflow"


The above exception was the direct cause of the following exception:

Traceback (most recent call last):
  File "/home/airflow/.local/lib/python3.7/site-packages/airflow/dag_processing/processor.py", line 178, in _run_file_processor
    _handle_dag_file_processing()
  File "/home/airflow/.local/lib/python3.7/site-packages/airflow/dag_processing/processor.py", line 162, in _handle_dag_file_processing
    callback_requests=callback_requests,
  File "/home/airflow/.local/lib/python3.7/site-packages/airflow/utils/session.py", line 76, in wrapper
    return func(*args, session=session, **kwargs)
  File "/home/airflow/.local/lib/python3.7/site-packages/airflow/dag_processing/processor.py", line 857, in process_file
    pickle_dags=pickle_dags,
  File "/home/airflow/.local/lib/python3.7/site-packages/airflow/api_internal/internal_api_call.py", line 112, in wrapper
    return func(*args, **kwargs)
  File "/home/airflow/.local/lib/python3.7/site-packages/airflow/utils/session.py", line 76, in wrapper
    return func(*args, session=session, **kwargs)
  File "/home/airflow/.local/lib/python3.7/site-packages/airflow/dag_processing/processor.py", line 890, in save_dag_to_db
    import_errors = DagBag._sync_to_db(dags=dags, processor_subdir=dag_directory, session=session)
  File "/home/airflow/.local/lib/python3.7/site-packages/airflow/utils/session.py", line 73, in wrapper
    return func(*args, **kwargs)
  File "/home/airflow/.local/lib/python3.7/site-packages/airflow/models/dagbag.py", line 659, in _sync_to_db
    for attempt in run_with_db_retries(logger=log):
  File "/home/airflow/.local/lib/python3.7/site-packages/tenacity/__init__.py", line 347, in __iter__
    do = self.iter(retry_state=retry_state)
  File "/home/airflow/.local/lib/python3.7/site-packages/tenacity/__init__.py", line 325, in iter
    raise retry_exc.reraise()
  File "/home/airflow/.local/lib/python3.7/site-packages/tenacity/__init__.py", line 158, in reraise
    raise self.last_attempt.result()
  File "/usr/local/lib/python3.7/concurrent/futures/_base.py", line 428, in result
    return self.__get_result()
  File "/usr/local/lib/python3.7/concurrent/futures/_base.py", line 384, in __get_result
    raise self._exception
  File "/home/airflow/.local/lib/python3.7/site-packages/airflow/models/dagbag.py", line 671, in _sync_to_db
    serialize_errors.extend(_serialize_dag_capturing_errors(dag, session))
  File "/home/airflow/.local/lib/python3.7/site-packages/airflow/models/dagbag.py", line 641, in _serialize_dag_capturing_errors
    session=session,
  File "/home/airflow/.local/lib/python3.7/site-packages/airflow/utils/session.py", line 73, in wrapper
    return func(*args, **kwargs)
  File "/home/airflow/.local/lib/python3.7/site-packages/airflow/models/serialized_dag.py", line 149, in write_dag
    (timezone.utcnow() - timedelta(seconds=min_update_interval)) < cls.last_updated,
  File "/home/airflow/.local/lib/python3.7/site-packages/sqlalchemy/orm/query.py", line 2893, in scalar
    ret = self.one()
  File "/home/airflow/.local/lib/python3.7/site-packages/sqlalchemy/orm/query.py", line 2870, in one
    return self._iter().one()
  File "/home/airflow/.local/lib/python3.7/site-packages/sqlalchemy/orm/query.py", line 2919, in _iter
    execution_options={"_sa_orm_load_options": self.load_options},
  File "/home/airflow/.local/lib/python3.7/site-packages/sqlalchemy/orm/session.py", line 1716, in execute
    conn = self._connection_for_bind(bind)
  File "/home/airflow/.local/lib/python3.7/site-packages/sqlalchemy/orm/session.py", line 1556, in _connection_for_bind
    engine, execution_options
  File "/home/airflow/.local/lib/python3.7/site-packages/sqlalchemy/orm/session.py", line 750, in _connection_for_bind
    conn = bind.connect()
  File "/home/airflow/.local/lib/python3.7/site-packages/sqlalchemy/engine/base.py", line 3320, in connect
    return self._connection_cls(self, close_with_result=close_with_result)
  File "/home/airflow/.local/lib/python3.7/site-packages/sqlalchemy/engine/base.py", line 96, in __init__
    else engine.raw_connection()
  File "/home/airflow/.local/lib/python3.7/site-packages/sqlalchemy/engine/base.py", line 3399, in raw_connection
    return self._wrap_pool_connect(self.pool.connect, _connection)
  File "/home/airflow/.local/lib/python3.7/site-packages/sqlalchemy/engine/base.py", line 3370, in _wrap_pool_connect
    e, dialect, self
  File "/home/airflow/.local/lib/python3.7/site-packages/sqlalchemy/engine/base.py", line 2204, in _handle_dbapi_exception_noconnection
    sqlalchemy_exception, with_traceback=exc_info[2], from_=e
  File "/home/airflow/.local/lib/python3.7/site-packages/sqlalchemy/util/compat.py", line 211, in raise_
    raise exception
  File "/home/airflow/.local/lib/python3.7/site-packages/sqlalchemy/engine/base.py", line 3366, in _wrap_pool_connect
    return fn()
  File "/home/airflow/.local/lib/python3.7/site-packages/sqlalchemy/pool/base.py", line 327, in connect
    return _ConnectionFairy._checkout(self)
  File "/home/airflow/.local/lib/python3.7/site-packages/sqlalchemy/pool/base.py", line 894, in _checkout
    fairy = _ConnectionRecord.checkout(pool)
  File "/home/airflow/.local/lib/python3.7/site-packages/sqlalchemy/pool/base.py", line 493, in checkout
    rec = pool._do_get()
  File "/home/airflow/.local/lib/python3.7/site-packages/sqlalchemy/pool/impl.py", line 146, in _do_get
    self._dec_overflow()
  File "/home/airflow/.local/lib/python3.7/site-packages/sqlalchemy/util/langhelpers.py", line 72, in __exit__
    with_traceback=exc_tb,
  File "/home/airflow/.local/lib/python3.7/site-packages/sqlalchemy/util/compat.py", line 211, in raise_
    raise exception
  File "/home/airflow/.local/lib/python3.7/site-packages/sqlalchemy/pool/impl.py", line 143, in _do_get
    return self._create_connection()
  File "/home/airflow/.local/lib/python3.7/site-packages/sqlalchemy/pool/base.py", line 273, in _create_connection
    return _ConnectionRecord(self)
  File "/home/airflow/.local/lib/python3.7/site-packages/sqlalchemy/pool/base.py", line 388, in __init__
    self.__connect()
  File "/home/airflow/.local/lib/python3.7/site-packages/sqlalchemy/pool/base.py", line 691, in __connect
    pool.logger.debug("Error on connect(): %s", e)
  File "/home/airflow/.local/lib/python3.7/site-packages/sqlalchemy/util/langhelpers.py", line 72, in __exit__
    with_traceback=exc_tb,
  File "/home/airflow/.local/lib/python3.7/site-packages/sqlalchemy/util/compat.py", line 211, in raise_
    raise exception
  File "/home/airflow/.local/lib/python3.7/site-packages/sqlalchemy/pool/base.py", line 686, in __connect
    self.dbapi_connection = connection = pool._invoke_creator(self)
  File "/home/airflow/.local/lib/python3.7/site-packages/sqlalchemy/engine/create.py", line 574, in connect
    return dialect.connect(*cargs, **cparams)
  File "/home/airflow/.local/lib/python3.7/site-packages/sqlalchemy/engine/default.py", line 598, in connect
    return self.dbapi.connect(*cargs, **cparams)
  File "/home/airflow/.local/lib/python3.7/site-packages/psycopg2/__init__.py", line 122, in connect
    conn = _connect(dsn, connection_factory=connection_factory, **kwasync)
sqlalchemy.exc.OperationalError: (psycopg2.OperationalError) connection to server at "postgres" (172.22.0.8), port 5432 failed: FATAL:  password authentication failed for user "airflow"

(Background on this error at: https://sqlalche.me/e/14/e3q8)
[2025-10-18T04:44:44.050+0000] {processor.py:157} INFO - Started process (PID=600) to work on /home/airflow/.local/lib/python3.7/site-packages/airflow/example_dags/example_trigger_target_dag.py
[2025-10-18T04:44:44.052+0000] {processor.py:826} INFO - Processing file /home/airflow/.local/lib/python3.7/site-packages/airflow/example_dags/example_trigger_target_dag.py for tasks to queue
[2025-10-18T04:44:44.054+0000] {logging_mixin.py:149} INFO - [2025-10-18T04:44:44.053+0000] {dagbag.py:541} INFO - Filling up the DagBag from /home/airflow/.local/lib/python3.7/site-packages/airflow/example_dags/example_trigger_target_dag.py
[2025-10-18T04:44:44.065+0000] {processor.py:836} INFO - DAG(s) dict_keys(['example_trigger_target_dag']) retrieved from /home/airflow/.local/lib/python3.7/site-packages/airflow/example_dags/example_trigger_target_dag.py
[2025-10-18T04:44:44.120+0000] {logging_mixin.py:149} INFO - [2025-10-18T04:44:44.120+0000] {dag.py:2726} INFO - Sync 1 DAGs
[2025-10-18T04:44:44.173+0000] {logging_mixin.py:149} INFO - [2025-10-18T04:44:44.172+0000] {dag.py:3490} INFO - Setting next_dagrun for example_trigger_target_dag to None, run_after=None
[2025-10-18T04:44:44.216+0000] {processor.py:179} INFO - Processing /home/airflow/.local/lib/python3.7/site-packages/airflow/example_dags/example_trigger_target_dag.py took 0.172 seconds
[2025-10-18T04:49:13.775+0000] {processor.py:157} INFO - Started process (PID=299) to work on /home/airflow/.local/lib/python3.7/site-packages/airflow/example_dags/example_trigger_target_dag.py
[2025-10-18T04:49:13.790+0000] {processor.py:826} INFO - Processing file /home/airflow/.local/lib/python3.7/site-packages/airflow/example_dags/example_trigger_target_dag.py for tasks to queue
[2025-10-18T04:49:13.818+0000] {logging_mixin.py:149} INFO - [2025-10-18T04:49:13.813+0000] {dagbag.py:541} INFO - Filling up the DagBag from /home/airflow/.local/lib/python3.7/site-packages/airflow/example_dags/example_trigger_target_dag.py
[2025-10-18T04:49:13.889+0000] {processor.py:836} INFO - DAG(s) dict_keys(['example_trigger_target_dag']) retrieved from /home/airflow/.local/lib/python3.7/site-packages/airflow/example_dags/example_trigger_target_dag.py
[2025-10-18T04:49:14.074+0000] {logging_mixin.py:149} INFO - [2025-10-18T04:49:14.073+0000] {dag.py:2726} INFO - Sync 1 DAGs
[2025-10-18T04:49:14.316+0000] {logging_mixin.py:149} INFO - [2025-10-18T04:49:14.315+0000] {dag.py:3490} INFO - Setting next_dagrun for example_trigger_target_dag to None, run_after=None
[2025-10-18T04:49:14.402+0000] {processor.py:179} INFO - Processing /home/airflow/.local/lib/python3.7/site-packages/airflow/example_dags/example_trigger_target_dag.py took 0.652 seconds
[2025-10-18T04:49:45.201+0000] {processor.py:157} INFO - Started process (PID=603) to work on /home/airflow/.local/lib/python3.7/site-packages/airflow/example_dags/example_trigger_target_dag.py
[2025-10-18T04:49:45.204+0000] {processor.py:826} INFO - Processing file /home/airflow/.local/lib/python3.7/site-packages/airflow/example_dags/example_trigger_target_dag.py for tasks to queue
[2025-10-18T04:49:45.205+0000] {logging_mixin.py:149} INFO - [2025-10-18T04:49:45.205+0000] {dagbag.py:541} INFO - Filling up the DagBag from /home/airflow/.local/lib/python3.7/site-packages/airflow/example_dags/example_trigger_target_dag.py
[2025-10-18T04:49:45.213+0000] {processor.py:836} INFO - DAG(s) dict_keys(['example_trigger_target_dag']) retrieved from /home/airflow/.local/lib/python3.7/site-packages/airflow/example_dags/example_trigger_target_dag.py
[2025-10-18T04:49:45.245+0000] {logging_mixin.py:149} INFO - [2025-10-18T04:49:45.245+0000] {dag.py:2726} INFO - Sync 1 DAGs
[2025-10-18T04:49:45.280+0000] {logging_mixin.py:149} INFO - [2025-10-18T04:49:45.280+0000] {dag.py:3490} INFO - Setting next_dagrun for example_trigger_target_dag to None, run_after=None
[2025-10-18T04:49:45.305+0000] {processor.py:179} INFO - Processing /home/airflow/.local/lib/python3.7/site-packages/airflow/example_dags/example_trigger_target_dag.py took 0.108 seconds
[2025-10-18T04:50:15.918+0000] {processor.py:157} INFO - Started process (PID=913) to work on /home/airflow/.local/lib/python3.7/site-packages/airflow/example_dags/example_trigger_target_dag.py
[2025-10-18T04:50:15.921+0000] {processor.py:826} INFO - Processing file /home/airflow/.local/lib/python3.7/site-packages/airflow/example_dags/example_trigger_target_dag.py for tasks to queue
[2025-10-18T04:50:15.921+0000] {logging_mixin.py:149} INFO - [2025-10-18T04:50:15.921+0000] {dagbag.py:541} INFO - Filling up the DagBag from /home/airflow/.local/lib/python3.7/site-packages/airflow/example_dags/example_trigger_target_dag.py
[2025-10-18T04:50:15.930+0000] {processor.py:836} INFO - DAG(s) dict_keys(['example_trigger_target_dag']) retrieved from /home/airflow/.local/lib/python3.7/site-packages/airflow/example_dags/example_trigger_target_dag.py
[2025-10-18T04:50:15.965+0000] {logging_mixin.py:149} INFO - [2025-10-18T04:50:15.965+0000] {dag.py:2726} INFO - Sync 1 DAGs
[2025-10-18T04:50:16.000+0000] {logging_mixin.py:149} INFO - [2025-10-18T04:50:16.000+0000] {dag.py:3490} INFO - Setting next_dagrun for example_trigger_target_dag to None, run_after=None
[2025-10-18T04:50:16.027+0000] {processor.py:179} INFO - Processing /home/airflow/.local/lib/python3.7/site-packages/airflow/example_dags/example_trigger_target_dag.py took 0.113 seconds
[2025-10-18T04:50:46.087+0000] {processor.py:157} INFO - Started process (PID=1217) to work on /home/airflow/.local/lib/python3.7/site-packages/airflow/example_dags/example_trigger_target_dag.py
[2025-10-18T04:50:46.088+0000] {processor.py:826} INFO - Processing file /home/airflow/.local/lib/python3.7/site-packages/airflow/example_dags/example_trigger_target_dag.py for tasks to queue
[2025-10-18T04:50:46.089+0000] {logging_mixin.py:149} INFO - [2025-10-18T04:50:46.089+0000] {dagbag.py:541} INFO - Filling up the DagBag from /home/airflow/.local/lib/python3.7/site-packages/airflow/example_dags/example_trigger_target_dag.py
[2025-10-18T04:50:46.096+0000] {processor.py:836} INFO - DAG(s) dict_keys(['example_trigger_target_dag']) retrieved from /home/airflow/.local/lib/python3.7/site-packages/airflow/example_dags/example_trigger_target_dag.py
[2025-10-18T04:50:46.123+0000] {logging_mixin.py:149} INFO - [2025-10-18T04:50:46.123+0000] {dag.py:2726} INFO - Sync 1 DAGs
[2025-10-18T04:50:46.151+0000] {logging_mixin.py:149} INFO - [2025-10-18T04:50:46.151+0000] {dag.py:3490} INFO - Setting next_dagrun for example_trigger_target_dag to None, run_after=None
[2025-10-18T04:50:46.175+0000] {processor.py:179} INFO - Processing /home/airflow/.local/lib/python3.7/site-packages/airflow/example_dags/example_trigger_target_dag.py took 0.092 seconds
[2025-10-18T04:51:16.734+0000] {processor.py:157} INFO - Started process (PID=1527) to work on /home/airflow/.local/lib/python3.7/site-packages/airflow/example_dags/example_trigger_target_dag.py
[2025-10-18T04:51:16.736+0000] {processor.py:826} INFO - Processing file /home/airflow/.local/lib/python3.7/site-packages/airflow/example_dags/example_trigger_target_dag.py for tasks to queue
[2025-10-18T04:51:16.737+0000] {logging_mixin.py:149} INFO - [2025-10-18T04:51:16.736+0000] {dagbag.py:541} INFO - Filling up the DagBag from /home/airflow/.local/lib/python3.7/site-packages/airflow/example_dags/example_trigger_target_dag.py
[2025-10-18T04:51:16.743+0000] {processor.py:836} INFO - DAG(s) dict_keys(['example_trigger_target_dag']) retrieved from /home/airflow/.local/lib/python3.7/site-packages/airflow/example_dags/example_trigger_target_dag.py
[2025-10-18T04:51:16.771+0000] {logging_mixin.py:149} INFO - [2025-10-18T04:51:16.771+0000] {dag.py:2726} INFO - Sync 1 DAGs
[2025-10-18T04:51:16.804+0000] {logging_mixin.py:149} INFO - [2025-10-18T04:51:16.804+0000] {dag.py:3490} INFO - Setting next_dagrun for example_trigger_target_dag to None, run_after=None
[2025-10-18T04:51:16.827+0000] {processor.py:179} INFO - Processing /home/airflow/.local/lib/python3.7/site-packages/airflow/example_dags/example_trigger_target_dag.py took 0.098 seconds
[2025-10-18T04:51:47.276+0000] {processor.py:157} INFO - Started process (PID=1834) to work on /home/airflow/.local/lib/python3.7/site-packages/airflow/example_dags/example_trigger_target_dag.py
[2025-10-18T04:51:47.278+0000] {processor.py:826} INFO - Processing file /home/airflow/.local/lib/python3.7/site-packages/airflow/example_dags/example_trigger_target_dag.py for tasks to queue
[2025-10-18T04:51:47.281+0000] {logging_mixin.py:149} INFO - [2025-10-18T04:51:47.281+0000] {dagbag.py:541} INFO - Filling up the DagBag from /home/airflow/.local/lib/python3.7/site-packages/airflow/example_dags/example_trigger_target_dag.py
[2025-10-18T04:51:47.287+0000] {processor.py:836} INFO - DAG(s) dict_keys(['example_trigger_target_dag']) retrieved from /home/airflow/.local/lib/python3.7/site-packages/airflow/example_dags/example_trigger_target_dag.py
[2025-10-18T04:51:47.316+0000] {logging_mixin.py:149} INFO - [2025-10-18T04:51:47.315+0000] {dag.py:2726} INFO - Sync 1 DAGs
[2025-10-18T04:51:47.345+0000] {logging_mixin.py:149} INFO - [2025-10-18T04:51:47.345+0000] {dag.py:3490} INFO - Setting next_dagrun for example_trigger_target_dag to None, run_after=None
[2025-10-18T04:51:47.366+0000] {processor.py:179} INFO - Processing /home/airflow/.local/lib/python3.7/site-packages/airflow/example_dags/example_trigger_target_dag.py took 0.094 seconds
[2025-10-18T04:52:17.435+0000] {processor.py:157} INFO - Started process (PID=2138) to work on /home/airflow/.local/lib/python3.7/site-packages/airflow/example_dags/example_trigger_target_dag.py
[2025-10-18T04:52:17.436+0000] {processor.py:826} INFO - Processing file /home/airflow/.local/lib/python3.7/site-packages/airflow/example_dags/example_trigger_target_dag.py for tasks to queue
[2025-10-18T04:52:17.437+0000] {logging_mixin.py:149} INFO - [2025-10-18T04:52:17.437+0000] {dagbag.py:541} INFO - Filling up the DagBag from /home/airflow/.local/lib/python3.7/site-packages/airflow/example_dags/example_trigger_target_dag.py
[2025-10-18T04:52:17.445+0000] {processor.py:836} INFO - DAG(s) dict_keys(['example_trigger_target_dag']) retrieved from /home/airflow/.local/lib/python3.7/site-packages/airflow/example_dags/example_trigger_target_dag.py
[2025-10-18T04:52:17.473+0000] {logging_mixin.py:149} INFO - [2025-10-18T04:52:17.473+0000] {dag.py:2726} INFO - Sync 1 DAGs
[2025-10-18T04:52:17.502+0000] {logging_mixin.py:149} INFO - [2025-10-18T04:52:17.501+0000] {dag.py:3490} INFO - Setting next_dagrun for example_trigger_target_dag to None, run_after=None
[2025-10-18T04:52:17.525+0000] {processor.py:179} INFO - Processing /home/airflow/.local/lib/python3.7/site-packages/airflow/example_dags/example_trigger_target_dag.py took 0.095 seconds
[2025-10-18T04:52:48.235+0000] {processor.py:157} INFO - Started process (PID=2448) to work on /home/airflow/.local/lib/python3.7/site-packages/airflow/example_dags/example_trigger_target_dag.py
[2025-10-18T04:52:48.237+0000] {processor.py:826} INFO - Processing file /home/airflow/.local/lib/python3.7/site-packages/airflow/example_dags/example_trigger_target_dag.py for tasks to queue
[2025-10-18T04:52:48.238+0000] {logging_mixin.py:149} INFO - [2025-10-18T04:52:48.238+0000] {dagbag.py:541} INFO - Filling up the DagBag from /home/airflow/.local/lib/python3.7/site-packages/airflow/example_dags/example_trigger_target_dag.py
[2025-10-18T04:52:48.244+0000] {processor.py:836} INFO - DAG(s) dict_keys(['example_trigger_target_dag']) retrieved from /home/airflow/.local/lib/python3.7/site-packages/airflow/example_dags/example_trigger_target_dag.py
[2025-10-18T04:52:48.279+0000] {logging_mixin.py:149} INFO - [2025-10-18T04:52:48.278+0000] {dag.py:2726} INFO - Sync 1 DAGs
[2025-10-18T04:52:48.307+0000] {logging_mixin.py:149} INFO - [2025-10-18T04:52:48.307+0000] {dag.py:3490} INFO - Setting next_dagrun for example_trigger_target_dag to None, run_after=None
[2025-10-18T04:52:48.331+0000] {processor.py:179} INFO - Processing /home/airflow/.local/lib/python3.7/site-packages/airflow/example_dags/example_trigger_target_dag.py took 0.100 seconds
[2025-10-18T04:53:18.495+0000] {processor.py:157} INFO - Started process (PID=2755) to work on /home/airflow/.local/lib/python3.7/site-packages/airflow/example_dags/example_trigger_target_dag.py
[2025-10-18T04:53:18.496+0000] {processor.py:826} INFO - Processing file /home/airflow/.local/lib/python3.7/site-packages/airflow/example_dags/example_trigger_target_dag.py for tasks to queue
[2025-10-18T04:53:18.496+0000] {logging_mixin.py:149} INFO - [2025-10-18T04:53:18.496+0000] {dagbag.py:541} INFO - Filling up the DagBag from /home/airflow/.local/lib/python3.7/site-packages/airflow/example_dags/example_trigger_target_dag.py
[2025-10-18T04:53:18.502+0000] {processor.py:836} INFO - DAG(s) dict_keys(['example_trigger_target_dag']) retrieved from /home/airflow/.local/lib/python3.7/site-packages/airflow/example_dags/example_trigger_target_dag.py
[2025-10-18T04:53:18.541+0000] {logging_mixin.py:149} INFO - [2025-10-18T04:53:18.540+0000] {dag.py:2726} INFO - Sync 1 DAGs
[2025-10-18T04:53:18.581+0000] {logging_mixin.py:149} INFO - [2025-10-18T04:53:18.581+0000] {dag.py:3490} INFO - Setting next_dagrun for example_trigger_target_dag to None, run_after=None
[2025-10-18T04:53:18.607+0000] {processor.py:179} INFO - Processing /home/airflow/.local/lib/python3.7/site-packages/airflow/example_dags/example_trigger_target_dag.py took 0.116 seconds
[2025-10-18T04:53:49.320+0000] {processor.py:157} INFO - Started process (PID=3062) to work on /home/airflow/.local/lib/python3.7/site-packages/airflow/example_dags/example_trigger_target_dag.py
[2025-10-18T04:53:49.323+0000] {processor.py:826} INFO - Processing file /home/airflow/.local/lib/python3.7/site-packages/airflow/example_dags/example_trigger_target_dag.py for tasks to queue
[2025-10-18T04:53:49.324+0000] {logging_mixin.py:149} INFO - [2025-10-18T04:53:49.323+0000] {dagbag.py:541} INFO - Filling up the DagBag from /home/airflow/.local/lib/python3.7/site-packages/airflow/example_dags/example_trigger_target_dag.py
[2025-10-18T04:53:49.332+0000] {processor.py:836} INFO - DAG(s) dict_keys(['example_trigger_target_dag']) retrieved from /home/airflow/.local/lib/python3.7/site-packages/airflow/example_dags/example_trigger_target_dag.py
[2025-10-18T04:53:49.365+0000] {logging_mixin.py:149} INFO - [2025-10-18T04:53:49.365+0000] {dag.py:2726} INFO - Sync 1 DAGs
[2025-10-18T04:53:49.404+0000] {logging_mixin.py:149} INFO - [2025-10-18T04:53:49.404+0000] {dag.py:3490} INFO - Setting next_dagrun for example_trigger_target_dag to None, run_after=None
[2025-10-18T04:53:49.431+0000] {processor.py:179} INFO - Processing /home/airflow/.local/lib/python3.7/site-packages/airflow/example_dags/example_trigger_target_dag.py took 0.115 seconds
[2025-10-18T04:54:20.329+0000] {processor.py:157} INFO - Started process (PID=3369) to work on /home/airflow/.local/lib/python3.7/site-packages/airflow/example_dags/example_trigger_target_dag.py
[2025-10-18T04:54:20.331+0000] {processor.py:826} INFO - Processing file /home/airflow/.local/lib/python3.7/site-packages/airflow/example_dags/example_trigger_target_dag.py for tasks to queue
[2025-10-18T04:54:20.332+0000] {logging_mixin.py:149} INFO - [2025-10-18T04:54:20.332+0000] {dagbag.py:541} INFO - Filling up the DagBag from /home/airflow/.local/lib/python3.7/site-packages/airflow/example_dags/example_trigger_target_dag.py
[2025-10-18T04:54:20.340+0000] {processor.py:836} INFO - DAG(s) dict_keys(['example_trigger_target_dag']) retrieved from /home/airflow/.local/lib/python3.7/site-packages/airflow/example_dags/example_trigger_target_dag.py
[2025-10-18T04:54:20.370+0000] {logging_mixin.py:149} INFO - [2025-10-18T04:54:20.369+0000] {dag.py:2726} INFO - Sync 1 DAGs
[2025-10-18T04:54:20.399+0000] {logging_mixin.py:149} INFO - [2025-10-18T04:54:20.399+0000] {dag.py:3490} INFO - Setting next_dagrun for example_trigger_target_dag to None, run_after=None
[2025-10-18T04:54:20.422+0000] {processor.py:179} INFO - Processing /home/airflow/.local/lib/python3.7/site-packages/airflow/example_dags/example_trigger_target_dag.py took 0.096 seconds
[2025-10-18T04:54:50.466+0000] {processor.py:157} INFO - Started process (PID=3673) to work on /home/airflow/.local/lib/python3.7/site-packages/airflow/example_dags/example_trigger_target_dag.py
[2025-10-18T04:54:50.467+0000] {processor.py:826} INFO - Processing file /home/airflow/.local/lib/python3.7/site-packages/airflow/example_dags/example_trigger_target_dag.py for tasks to queue
[2025-10-18T04:54:50.468+0000] {logging_mixin.py:149} INFO - [2025-10-18T04:54:50.468+0000] {dagbag.py:541} INFO - Filling up the DagBag from /home/airflow/.local/lib/python3.7/site-packages/airflow/example_dags/example_trigger_target_dag.py
[2025-10-18T04:54:50.474+0000] {processor.py:836} INFO - DAG(s) dict_keys(['example_trigger_target_dag']) retrieved from /home/airflow/.local/lib/python3.7/site-packages/airflow/example_dags/example_trigger_target_dag.py
[2025-10-18T04:54:50.502+0000] {logging_mixin.py:149} INFO - [2025-10-18T04:54:50.501+0000] {dag.py:2726} INFO - Sync 1 DAGs
[2025-10-18T04:54:50.529+0000] {logging_mixin.py:149} INFO - [2025-10-18T04:54:50.529+0000] {dag.py:3490} INFO - Setting next_dagrun for example_trigger_target_dag to None, run_after=None
[2025-10-18T04:54:50.550+0000] {processor.py:179} INFO - Processing /home/airflow/.local/lib/python3.7/site-packages/airflow/example_dags/example_trigger_target_dag.py took 0.087 seconds
[2025-10-18T04:55:21.536+0000] {processor.py:157} INFO - Started process (PID=3983) to work on /home/airflow/.local/lib/python3.7/site-packages/airflow/example_dags/example_trigger_target_dag.py
[2025-10-18T04:55:21.537+0000] {processor.py:826} INFO - Processing file /home/airflow/.local/lib/python3.7/site-packages/airflow/example_dags/example_trigger_target_dag.py for tasks to queue
[2025-10-18T04:55:21.538+0000] {logging_mixin.py:149} INFO - [2025-10-18T04:55:21.538+0000] {dagbag.py:541} INFO - Filling up the DagBag from /home/airflow/.local/lib/python3.7/site-packages/airflow/example_dags/example_trigger_target_dag.py
[2025-10-18T04:55:21.545+0000] {processor.py:836} INFO - DAG(s) dict_keys(['example_trigger_target_dag']) retrieved from /home/airflow/.local/lib/python3.7/site-packages/airflow/example_dags/example_trigger_target_dag.py
[2025-10-18T04:55:21.571+0000] {logging_mixin.py:149} INFO - [2025-10-18T04:55:21.570+0000] {dag.py:2726} INFO - Sync 1 DAGs
[2025-10-18T04:55:21.599+0000] {logging_mixin.py:149} INFO - [2025-10-18T04:55:21.599+0000] {dag.py:3490} INFO - Setting next_dagrun for example_trigger_target_dag to None, run_after=None
[2025-10-18T04:55:21.620+0000] {processor.py:179} INFO - Processing /home/airflow/.local/lib/python3.7/site-packages/airflow/example_dags/example_trigger_target_dag.py took 0.087 seconds
[2025-10-18T04:55:53.164+0000] {processor.py:157} INFO - Started process (PID=4292) to work on /home/airflow/.local/lib/python3.7/site-packages/airflow/example_dags/example_trigger_target_dag.py
[2025-10-18T04:55:53.165+0000] {processor.py:826} INFO - Processing file /home/airflow/.local/lib/python3.7/site-packages/airflow/example_dags/example_trigger_target_dag.py for tasks to queue
[2025-10-18T04:55:53.166+0000] {logging_mixin.py:149} INFO - [2025-10-18T04:55:53.165+0000] {dagbag.py:541} INFO - Filling up the DagBag from /home/airflow/.local/lib/python3.7/site-packages/airflow/example_dags/example_trigger_target_dag.py
[2025-10-18T04:55:53.172+0000] {processor.py:836} INFO - DAG(s) dict_keys(['example_trigger_target_dag']) retrieved from /home/airflow/.local/lib/python3.7/site-packages/airflow/example_dags/example_trigger_target_dag.py
[2025-10-18T04:55:53.206+0000] {logging_mixin.py:149} INFO - [2025-10-18T04:55:53.206+0000] {dag.py:2726} INFO - Sync 1 DAGs
[2025-10-18T04:55:53.237+0000] {logging_mixin.py:149} INFO - [2025-10-18T04:55:53.237+0000] {dag.py:3490} INFO - Setting next_dagrun for example_trigger_target_dag to None, run_after=None
[2025-10-18T04:55:53.259+0000] {processor.py:179} INFO - Processing /home/airflow/.local/lib/python3.7/site-packages/airflow/example_dags/example_trigger_target_dag.py took 0.098 seconds
[2025-10-18T04:56:24.293+0000] {processor.py:157} INFO - Started process (PID=4597) to work on /home/airflow/.local/lib/python3.7/site-packages/airflow/example_dags/example_trigger_target_dag.py
[2025-10-18T04:56:24.294+0000] {processor.py:826} INFO - Processing file /home/airflow/.local/lib/python3.7/site-packages/airflow/example_dags/example_trigger_target_dag.py for tasks to queue
[2025-10-18T04:56:24.295+0000] {logging_mixin.py:149} INFO - [2025-10-18T04:56:24.295+0000] {dagbag.py:541} INFO - Filling up the DagBag from /home/airflow/.local/lib/python3.7/site-packages/airflow/example_dags/example_trigger_target_dag.py
[2025-10-18T04:56:24.305+0000] {processor.py:836} INFO - DAG(s) dict_keys(['example_trigger_target_dag']) retrieved from /home/airflow/.local/lib/python3.7/site-packages/airflow/example_dags/example_trigger_target_dag.py
[2025-10-18T04:56:24.331+0000] {logging_mixin.py:149} INFO - [2025-10-18T04:56:24.331+0000] {dag.py:2726} INFO - Sync 1 DAGs
[2025-10-18T04:56:24.364+0000] {logging_mixin.py:149} INFO - [2025-10-18T04:56:24.364+0000] {dag.py:3490} INFO - Setting next_dagrun for example_trigger_target_dag to None, run_after=None
[2025-10-18T04:56:24.392+0000] {processor.py:179} INFO - Processing /home/airflow/.local/lib/python3.7/site-packages/airflow/example_dags/example_trigger_target_dag.py took 0.102 seconds
[2025-10-18T04:56:55.285+0000] {processor.py:157} INFO - Started process (PID=4904) to work on /home/airflow/.local/lib/python3.7/site-packages/airflow/example_dags/example_trigger_target_dag.py
[2025-10-18T04:56:55.287+0000] {processor.py:826} INFO - Processing file /home/airflow/.local/lib/python3.7/site-packages/airflow/example_dags/example_trigger_target_dag.py for tasks to queue
[2025-10-18T04:56:55.288+0000] {logging_mixin.py:149} INFO - [2025-10-18T04:56:55.288+0000] {dagbag.py:541} INFO - Filling up the DagBag from /home/airflow/.local/lib/python3.7/site-packages/airflow/example_dags/example_trigger_target_dag.py
[2025-10-18T04:56:55.296+0000] {processor.py:836} INFO - DAG(s) dict_keys(['example_trigger_target_dag']) retrieved from /home/airflow/.local/lib/python3.7/site-packages/airflow/example_dags/example_trigger_target_dag.py
[2025-10-18T04:56:55.323+0000] {logging_mixin.py:149} INFO - [2025-10-18T04:56:55.323+0000] {dag.py:2726} INFO - Sync 1 DAGs
[2025-10-18T04:56:55.352+0000] {logging_mixin.py:149} INFO - [2025-10-18T04:56:55.352+0000] {dag.py:3490} INFO - Setting next_dagrun for example_trigger_target_dag to None, run_after=None
[2025-10-18T04:56:55.374+0000] {processor.py:179} INFO - Processing /home/airflow/.local/lib/python3.7/site-packages/airflow/example_dags/example_trigger_target_dag.py took 0.093 seconds
[2025-10-18T04:57:26.144+0000] {processor.py:157} INFO - Started process (PID=5211) to work on /home/airflow/.local/lib/python3.7/site-packages/airflow/example_dags/example_trigger_target_dag.py
[2025-10-18T04:57:26.145+0000] {processor.py:826} INFO - Processing file /home/airflow/.local/lib/python3.7/site-packages/airflow/example_dags/example_trigger_target_dag.py for tasks to queue
[2025-10-18T04:57:26.146+0000] {logging_mixin.py:149} INFO - [2025-10-18T04:57:26.146+0000] {dagbag.py:541} INFO - Filling up the DagBag from /home/airflow/.local/lib/python3.7/site-packages/airflow/example_dags/example_trigger_target_dag.py
[2025-10-18T04:57:26.152+0000] {processor.py:836} INFO - DAG(s) dict_keys(['example_trigger_target_dag']) retrieved from /home/airflow/.local/lib/python3.7/site-packages/airflow/example_dags/example_trigger_target_dag.py
[2025-10-18T04:57:26.187+0000] {logging_mixin.py:149} INFO - [2025-10-18T04:57:26.187+0000] {dag.py:2726} INFO - Sync 1 DAGs
[2025-10-18T04:57:26.219+0000] {logging_mixin.py:149} INFO - [2025-10-18T04:57:26.219+0000] {dag.py:3490} INFO - Setting next_dagrun for example_trigger_target_dag to None, run_after=None
[2025-10-18T04:57:26.245+0000] {processor.py:179} INFO - Processing /home/airflow/.local/lib/python3.7/site-packages/airflow/example_dags/example_trigger_target_dag.py took 0.104 seconds
[2025-10-18T04:57:56.891+0000] {processor.py:157} INFO - Started process (PID=5518) to work on /home/airflow/.local/lib/python3.7/site-packages/airflow/example_dags/example_trigger_target_dag.py
[2025-10-18T04:57:56.892+0000] {processor.py:826} INFO - Processing file /home/airflow/.local/lib/python3.7/site-packages/airflow/example_dags/example_trigger_target_dag.py for tasks to queue
[2025-10-18T04:57:56.893+0000] {logging_mixin.py:149} INFO - [2025-10-18T04:57:56.893+0000] {dagbag.py:541} INFO - Filling up the DagBag from /home/airflow/.local/lib/python3.7/site-packages/airflow/example_dags/example_trigger_target_dag.py
[2025-10-18T04:57:56.901+0000] {processor.py:836} INFO - DAG(s) dict_keys(['example_trigger_target_dag']) retrieved from /home/airflow/.local/lib/python3.7/site-packages/airflow/example_dags/example_trigger_target_dag.py
[2025-10-18T04:57:56.931+0000] {logging_mixin.py:149} INFO - [2025-10-18T04:57:56.931+0000] {dag.py:2726} INFO - Sync 1 DAGs
[2025-10-18T04:57:56.961+0000] {logging_mixin.py:149} INFO - [2025-10-18T04:57:56.961+0000] {dag.py:3490} INFO - Setting next_dagrun for example_trigger_target_dag to None, run_after=None
[2025-10-18T04:57:56.990+0000] {processor.py:179} INFO - Processing /home/airflow/.local/lib/python3.7/site-packages/airflow/example_dags/example_trigger_target_dag.py took 0.103 seconds
[2025-10-18T04:58:27.911+0000] {processor.py:157} INFO - Started process (PID=5827) to work on /home/airflow/.local/lib/python3.7/site-packages/airflow/example_dags/example_trigger_target_dag.py
[2025-10-18T04:58:27.912+0000] {processor.py:826} INFO - Processing file /home/airflow/.local/lib/python3.7/site-packages/airflow/example_dags/example_trigger_target_dag.py for tasks to queue
[2025-10-18T04:58:27.913+0000] {logging_mixin.py:149} INFO - [2025-10-18T04:58:27.913+0000] {dagbag.py:541} INFO - Filling up the DagBag from /home/airflow/.local/lib/python3.7/site-packages/airflow/example_dags/example_trigger_target_dag.py
[2025-10-18T04:58:27.919+0000] {processor.py:836} INFO - DAG(s) dict_keys(['example_trigger_target_dag']) retrieved from /home/airflow/.local/lib/python3.7/site-packages/airflow/example_dags/example_trigger_target_dag.py
[2025-10-18T04:58:27.946+0000] {logging_mixin.py:149} INFO - [2025-10-18T04:58:27.946+0000] {dag.py:2726} INFO - Sync 1 DAGs
[2025-10-18T04:58:27.975+0000] {logging_mixin.py:149} INFO - [2025-10-18T04:58:27.975+0000] {dag.py:3490} INFO - Setting next_dagrun for example_trigger_target_dag to None, run_after=None
[2025-10-18T04:58:27.995+0000] {processor.py:179} INFO - Processing /home/airflow/.local/lib/python3.7/site-packages/airflow/example_dags/example_trigger_target_dag.py took 0.088 seconds
[2025-10-18T04:58:59.129+0000] {processor.py:157} INFO - Started process (PID=6132) to work on /home/airflow/.local/lib/python3.7/site-packages/airflow/example_dags/example_trigger_target_dag.py
[2025-10-18T04:58:59.130+0000] {processor.py:826} INFO - Processing file /home/airflow/.local/lib/python3.7/site-packages/airflow/example_dags/example_trigger_target_dag.py for tasks to queue
[2025-10-18T04:58:59.131+0000] {logging_mixin.py:149} INFO - [2025-10-18T04:58:59.131+0000] {dagbag.py:541} INFO - Filling up the DagBag from /home/airflow/.local/lib/python3.7/site-packages/airflow/example_dags/example_trigger_target_dag.py
[2025-10-18T04:58:59.138+0000] {processor.py:836} INFO - DAG(s) dict_keys(['example_trigger_target_dag']) retrieved from /home/airflow/.local/lib/python3.7/site-packages/airflow/example_dags/example_trigger_target_dag.py
[2025-10-18T04:58:59.165+0000] {logging_mixin.py:149} INFO - [2025-10-18T04:58:59.165+0000] {dag.py:2726} INFO - Sync 1 DAGs
[2025-10-18T04:58:59.198+0000] {logging_mixin.py:149} INFO - [2025-10-18T04:58:59.198+0000] {dag.py:3490} INFO - Setting next_dagrun for example_trigger_target_dag to None, run_after=None
[2025-10-18T04:58:59.221+0000] {processor.py:179} INFO - Processing /home/airflow/.local/lib/python3.7/site-packages/airflow/example_dags/example_trigger_target_dag.py took 0.095 seconds
[2025-10-18T04:59:29.849+0000] {processor.py:157} INFO - Started process (PID=6439) to work on /home/airflow/.local/lib/python3.7/site-packages/airflow/example_dags/example_trigger_target_dag.py
[2025-10-18T04:59:29.849+0000] {processor.py:826} INFO - Processing file /home/airflow/.local/lib/python3.7/site-packages/airflow/example_dags/example_trigger_target_dag.py for tasks to queue
[2025-10-18T04:59:29.851+0000] {logging_mixin.py:149} INFO - [2025-10-18T04:59:29.851+0000] {dagbag.py:541} INFO - Filling up the DagBag from /home/airflow/.local/lib/python3.7/site-packages/airflow/example_dags/example_trigger_target_dag.py
[2025-10-18T04:59:29.861+0000] {processor.py:836} INFO - DAG(s) dict_keys(['example_trigger_target_dag']) retrieved from /home/airflow/.local/lib/python3.7/site-packages/airflow/example_dags/example_trigger_target_dag.py
[2025-10-18T04:59:29.891+0000] {logging_mixin.py:149} INFO - [2025-10-18T04:59:29.891+0000] {dag.py:2726} INFO - Sync 1 DAGs
[2025-10-18T04:59:29.924+0000] {logging_mixin.py:149} INFO - [2025-10-18T04:59:29.924+0000] {dag.py:3490} INFO - Setting next_dagrun for example_trigger_target_dag to None, run_after=None
[2025-10-18T04:59:29.948+0000] {processor.py:179} INFO - Processing /home/airflow/.local/lib/python3.7/site-packages/airflow/example_dags/example_trigger_target_dag.py took 0.103 seconds
[2025-10-18T05:00:00.557+0000] {processor.py:157} INFO - Started process (PID=6748) to work on /home/airflow/.local/lib/python3.7/site-packages/airflow/example_dags/example_trigger_target_dag.py
[2025-10-18T05:00:00.558+0000] {processor.py:826} INFO - Processing file /home/airflow/.local/lib/python3.7/site-packages/airflow/example_dags/example_trigger_target_dag.py for tasks to queue
[2025-10-18T05:00:00.559+0000] {logging_mixin.py:149} INFO - [2025-10-18T05:00:00.558+0000] {dagbag.py:541} INFO - Filling up the DagBag from /home/airflow/.local/lib/python3.7/site-packages/airflow/example_dags/example_trigger_target_dag.py
[2025-10-18T05:00:00.565+0000] {processor.py:836} INFO - DAG(s) dict_keys(['example_trigger_target_dag']) retrieved from /home/airflow/.local/lib/python3.7/site-packages/airflow/example_dags/example_trigger_target_dag.py
[2025-10-18T05:00:00.597+0000] {logging_mixin.py:149} INFO - [2025-10-18T05:00:00.597+0000] {dag.py:2726} INFO - Sync 1 DAGs
[2025-10-18T05:00:00.628+0000] {logging_mixin.py:149} INFO - [2025-10-18T05:00:00.627+0000] {dag.py:3490} INFO - Setting next_dagrun for example_trigger_target_dag to None, run_after=None
[2025-10-18T05:00:00.655+0000] {processor.py:179} INFO - Processing /home/airflow/.local/lib/python3.7/site-packages/airflow/example_dags/example_trigger_target_dag.py took 0.102 seconds
[2025-10-18T05:00:31.556+0000] {processor.py:157} INFO - Started process (PID=7053) to work on /home/airflow/.local/lib/python3.7/site-packages/airflow/example_dags/example_trigger_target_dag.py
[2025-10-18T05:00:31.556+0000] {processor.py:826} INFO - Processing file /home/airflow/.local/lib/python3.7/site-packages/airflow/example_dags/example_trigger_target_dag.py for tasks to queue
[2025-10-18T05:00:31.557+0000] {logging_mixin.py:149} INFO - [2025-10-18T05:00:31.557+0000] {dagbag.py:541} INFO - Filling up the DagBag from /home/airflow/.local/lib/python3.7/site-packages/airflow/example_dags/example_trigger_target_dag.py
[2025-10-18T05:00:31.564+0000] {processor.py:836} INFO - DAG(s) dict_keys(['example_trigger_target_dag']) retrieved from /home/airflow/.local/lib/python3.7/site-packages/airflow/example_dags/example_trigger_target_dag.py
[2025-10-18T05:00:31.592+0000] {logging_mixin.py:149} INFO - [2025-10-18T05:00:31.592+0000] {dag.py:2726} INFO - Sync 1 DAGs
[2025-10-18T05:00:31.620+0000] {logging_mixin.py:149} INFO - [2025-10-18T05:00:31.620+0000] {dag.py:3490} INFO - Setting next_dagrun for example_trigger_target_dag to None, run_after=None
[2025-10-18T05:00:31.645+0000] {processor.py:179} INFO - Processing /home/airflow/.local/lib/python3.7/site-packages/airflow/example_dags/example_trigger_target_dag.py took 0.094 seconds
[2025-10-18T05:01:02.617+0000] {processor.py:157} INFO - Started process (PID=7360) to work on /home/airflow/.local/lib/python3.7/site-packages/airflow/example_dags/example_trigger_target_dag.py
[2025-10-18T05:01:02.618+0000] {processor.py:826} INFO - Processing file /home/airflow/.local/lib/python3.7/site-packages/airflow/example_dags/example_trigger_target_dag.py for tasks to queue
[2025-10-18T05:01:02.619+0000] {logging_mixin.py:149} INFO - [2025-10-18T05:01:02.618+0000] {dagbag.py:541} INFO - Filling up the DagBag from /home/airflow/.local/lib/python3.7/site-packages/airflow/example_dags/example_trigger_target_dag.py
[2025-10-18T05:01:02.625+0000] {processor.py:836} INFO - DAG(s) dict_keys(['example_trigger_target_dag']) retrieved from /home/airflow/.local/lib/python3.7/site-packages/airflow/example_dags/example_trigger_target_dag.py
[2025-10-18T05:01:02.651+0000] {logging_mixin.py:149} INFO - [2025-10-18T05:01:02.651+0000] {dag.py:2726} INFO - Sync 1 DAGs
[2025-10-18T05:01:02.681+0000] {logging_mixin.py:149} INFO - [2025-10-18T05:01:02.681+0000] {dag.py:3490} INFO - Setting next_dagrun for example_trigger_target_dag to None, run_after=None
[2025-10-18T05:01:02.710+0000] {processor.py:179} INFO - Processing /home/airflow/.local/lib/python3.7/site-packages/airflow/example_dags/example_trigger_target_dag.py took 0.097 seconds
[2025-10-18T05:01:33.335+0000] {processor.py:157} INFO - Started process (PID=7667) to work on /home/airflow/.local/lib/python3.7/site-packages/airflow/example_dags/example_trigger_target_dag.py
[2025-10-18T05:01:33.336+0000] {processor.py:826} INFO - Processing file /home/airflow/.local/lib/python3.7/site-packages/airflow/example_dags/example_trigger_target_dag.py for tasks to queue
[2025-10-18T05:01:33.337+0000] {logging_mixin.py:149} INFO - [2025-10-18T05:01:33.337+0000] {dagbag.py:541} INFO - Filling up the DagBag from /home/airflow/.local/lib/python3.7/site-packages/airflow/example_dags/example_trigger_target_dag.py
[2025-10-18T05:01:33.343+0000] {processor.py:836} INFO - DAG(s) dict_keys(['example_trigger_target_dag']) retrieved from /home/airflow/.local/lib/python3.7/site-packages/airflow/example_dags/example_trigger_target_dag.py
[2025-10-18T05:01:33.370+0000] {logging_mixin.py:149} INFO - [2025-10-18T05:01:33.370+0000] {dag.py:2726} INFO - Sync 1 DAGs
[2025-10-18T05:01:33.401+0000] {logging_mixin.py:149} INFO - [2025-10-18T05:01:33.401+0000] {dag.py:3490} INFO - Setting next_dagrun for example_trigger_target_dag to None, run_after=None
[2025-10-18T05:01:33.428+0000] {processor.py:179} INFO - Processing /home/airflow/.local/lib/python3.7/site-packages/airflow/example_dags/example_trigger_target_dag.py took 0.096 seconds
[2025-10-18T05:02:04.275+0000] {processor.py:157} INFO - Started process (PID=7974) to work on /home/airflow/.local/lib/python3.7/site-packages/airflow/example_dags/example_trigger_target_dag.py
[2025-10-18T05:02:04.276+0000] {processor.py:826} INFO - Processing file /home/airflow/.local/lib/python3.7/site-packages/airflow/example_dags/example_trigger_target_dag.py for tasks to queue
[2025-10-18T05:02:04.277+0000] {logging_mixin.py:149} INFO - [2025-10-18T05:02:04.277+0000] {dagbag.py:541} INFO - Filling up the DagBag from /home/airflow/.local/lib/python3.7/site-packages/airflow/example_dags/example_trigger_target_dag.py
[2025-10-18T05:02:04.285+0000] {processor.py:836} INFO - DAG(s) dict_keys(['example_trigger_target_dag']) retrieved from /home/airflow/.local/lib/python3.7/site-packages/airflow/example_dags/example_trigger_target_dag.py
[2025-10-18T05:02:04.311+0000] {logging_mixin.py:149} INFO - [2025-10-18T05:02:04.311+0000] {dag.py:2726} INFO - Sync 1 DAGs
[2025-10-18T05:02:04.348+0000] {logging_mixin.py:149} INFO - [2025-10-18T05:02:04.347+0000] {dag.py:3490} INFO - Setting next_dagrun for example_trigger_target_dag to None, run_after=None
[2025-10-18T05:02:04.376+0000] {processor.py:179} INFO - Processing /home/airflow/.local/lib/python3.7/site-packages/airflow/example_dags/example_trigger_target_dag.py took 0.104 seconds
[2025-10-18T05:02:34.995+0000] {processor.py:157} INFO - Started process (PID=8281) to work on /home/airflow/.local/lib/python3.7/site-packages/airflow/example_dags/example_trigger_target_dag.py
[2025-10-18T05:02:34.995+0000] {processor.py:826} INFO - Processing file /home/airflow/.local/lib/python3.7/site-packages/airflow/example_dags/example_trigger_target_dag.py for tasks to queue
[2025-10-18T05:02:34.996+0000] {logging_mixin.py:149} INFO - [2025-10-18T05:02:34.996+0000] {dagbag.py:541} INFO - Filling up the DagBag from /home/airflow/.local/lib/python3.7/site-packages/airflow/example_dags/example_trigger_target_dag.py
[2025-10-18T05:02:35.003+0000] {processor.py:836} INFO - DAG(s) dict_keys(['example_trigger_target_dag']) retrieved from /home/airflow/.local/lib/python3.7/site-packages/airflow/example_dags/example_trigger_target_dag.py
[2025-10-18T05:02:35.032+0000] {logging_mixin.py:149} INFO - [2025-10-18T05:02:35.032+0000] {dag.py:2726} INFO - Sync 1 DAGs
[2025-10-18T05:02:35.062+0000] {logging_mixin.py:149} INFO - [2025-10-18T05:02:35.062+0000] {dag.py:3490} INFO - Setting next_dagrun for example_trigger_target_dag to None, run_after=None
[2025-10-18T05:02:35.085+0000] {processor.py:179} INFO - Processing /home/airflow/.local/lib/python3.7/site-packages/airflow/example_dags/example_trigger_target_dag.py took 0.096 seconds
[2025-10-18T05:03:05.817+0000] {processor.py:157} INFO - Started process (PID=8588) to work on /home/airflow/.local/lib/python3.7/site-packages/airflow/example_dags/example_trigger_target_dag.py
[2025-10-18T05:03:05.818+0000] {processor.py:826} INFO - Processing file /home/airflow/.local/lib/python3.7/site-packages/airflow/example_dags/example_trigger_target_dag.py for tasks to queue
[2025-10-18T05:03:05.821+0000] {logging_mixin.py:149} INFO - [2025-10-18T05:03:05.821+0000] {dagbag.py:541} INFO - Filling up the DagBag from /home/airflow/.local/lib/python3.7/site-packages/airflow/example_dags/example_trigger_target_dag.py
[2025-10-18T05:03:05.830+0000] {processor.py:836} INFO - DAG(s) dict_keys(['example_trigger_target_dag']) retrieved from /home/airflow/.local/lib/python3.7/site-packages/airflow/example_dags/example_trigger_target_dag.py
[2025-10-18T05:03:05.858+0000] {logging_mixin.py:149} INFO - [2025-10-18T05:03:05.858+0000] {dag.py:2726} INFO - Sync 1 DAGs
[2025-10-18T05:03:05.893+0000] {logging_mixin.py:149} INFO - [2025-10-18T05:03:05.893+0000] {dag.py:3490} INFO - Setting next_dagrun for example_trigger_target_dag to None, run_after=None
[2025-10-18T05:03:05.918+0000] {processor.py:179} INFO - Processing /home/airflow/.local/lib/python3.7/site-packages/airflow/example_dags/example_trigger_target_dag.py took 0.105 seconds
[2025-10-18T05:03:37.504+0000] {processor.py:157} INFO - Started process (PID=8902) to work on /home/airflow/.local/lib/python3.7/site-packages/airflow/example_dags/example_trigger_target_dag.py
[2025-10-18T05:03:37.506+0000] {processor.py:826} INFO - Processing file /home/airflow/.local/lib/python3.7/site-packages/airflow/example_dags/example_trigger_target_dag.py for tasks to queue
[2025-10-18T05:03:37.507+0000] {logging_mixin.py:149} INFO - [2025-10-18T05:03:37.507+0000] {dagbag.py:541} INFO - Filling up the DagBag from /home/airflow/.local/lib/python3.7/site-packages/airflow/example_dags/example_trigger_target_dag.py
[2025-10-18T05:03:37.516+0000] {processor.py:836} INFO - DAG(s) dict_keys(['example_trigger_target_dag']) retrieved from /home/airflow/.local/lib/python3.7/site-packages/airflow/example_dags/example_trigger_target_dag.py
[2025-10-18T05:03:37.544+0000] {logging_mixin.py:149} INFO - [2025-10-18T05:03:37.544+0000] {dag.py:2726} INFO - Sync 1 DAGs
[2025-10-18T05:03:37.574+0000] {logging_mixin.py:149} INFO - [2025-10-18T05:03:37.574+0000] {dag.py:3490} INFO - Setting next_dagrun for example_trigger_target_dag to None, run_after=None
[2025-10-18T05:03:37.716+0000] {processor.py:179} INFO - Processing /home/airflow/.local/lib/python3.7/site-packages/airflow/example_dags/example_trigger_target_dag.py took 0.216 seconds
[2025-10-18T05:04:08.604+0000] {processor.py:157} INFO - Started process (PID=9209) to work on /home/airflow/.local/lib/python3.7/site-packages/airflow/example_dags/example_trigger_target_dag.py
[2025-10-18T05:04:08.605+0000] {processor.py:826} INFO - Processing file /home/airflow/.local/lib/python3.7/site-packages/airflow/example_dags/example_trigger_target_dag.py for tasks to queue
[2025-10-18T05:04:08.606+0000] {logging_mixin.py:149} INFO - [2025-10-18T05:04:08.606+0000] {dagbag.py:541} INFO - Filling up the DagBag from /home/airflow/.local/lib/python3.7/site-packages/airflow/example_dags/example_trigger_target_dag.py
[2025-10-18T05:04:08.613+0000] {processor.py:836} INFO - DAG(s) dict_keys(['example_trigger_target_dag']) retrieved from /home/airflow/.local/lib/python3.7/site-packages/airflow/example_dags/example_trigger_target_dag.py
[2025-10-18T05:04:08.641+0000] {logging_mixin.py:149} INFO - [2025-10-18T05:04:08.641+0000] {dag.py:2726} INFO - Sync 1 DAGs
[2025-10-18T05:04:08.672+0000] {logging_mixin.py:149} INFO - [2025-10-18T05:04:08.671+0000] {dag.py:3490} INFO - Setting next_dagrun for example_trigger_target_dag to None, run_after=None
[2025-10-18T05:04:08.694+0000] {processor.py:179} INFO - Processing /home/airflow/.local/lib/python3.7/site-packages/airflow/example_dags/example_trigger_target_dag.py took 0.093 seconds
[2025-10-18T05:04:39.317+0000] {processor.py:157} INFO - Started process (PID=9516) to work on /home/airflow/.local/lib/python3.7/site-packages/airflow/example_dags/example_trigger_target_dag.py
[2025-10-18T05:04:39.318+0000] {processor.py:826} INFO - Processing file /home/airflow/.local/lib/python3.7/site-packages/airflow/example_dags/example_trigger_target_dag.py for tasks to queue
[2025-10-18T05:04:39.319+0000] {logging_mixin.py:149} INFO - [2025-10-18T05:04:39.319+0000] {dagbag.py:541} INFO - Filling up the DagBag from /home/airflow/.local/lib/python3.7/site-packages/airflow/example_dags/example_trigger_target_dag.py
[2025-10-18T05:04:39.326+0000] {processor.py:836} INFO - DAG(s) dict_keys(['example_trigger_target_dag']) retrieved from /home/airflow/.local/lib/python3.7/site-packages/airflow/example_dags/example_trigger_target_dag.py
[2025-10-18T05:04:39.353+0000] {logging_mixin.py:149} INFO - [2025-10-18T05:04:39.352+0000] {dag.py:2726} INFO - Sync 1 DAGs
[2025-10-18T05:04:39.504+0000] {logging_mixin.py:149} INFO - [2025-10-18T05:04:39.504+0000] {dag.py:3490} INFO - Setting next_dagrun for example_trigger_target_dag to None, run_after=None
[2025-10-18T05:04:39.525+0000] {processor.py:179} INFO - Processing /home/airflow/.local/lib/python3.7/site-packages/airflow/example_dags/example_trigger_target_dag.py took 0.213 seconds
[2025-10-18T05:05:10.394+0000] {processor.py:157} INFO - Started process (PID=9823) to work on /home/airflow/.local/lib/python3.7/site-packages/airflow/example_dags/example_trigger_target_dag.py
[2025-10-18T05:05:10.395+0000] {processor.py:826} INFO - Processing file /home/airflow/.local/lib/python3.7/site-packages/airflow/example_dags/example_trigger_target_dag.py for tasks to queue
[2025-10-18T05:05:10.396+0000] {logging_mixin.py:149} INFO - [2025-10-18T05:05:10.396+0000] {dagbag.py:541} INFO - Filling up the DagBag from /home/airflow/.local/lib/python3.7/site-packages/airflow/example_dags/example_trigger_target_dag.py
[2025-10-18T05:05:10.402+0000] {processor.py:836} INFO - DAG(s) dict_keys(['example_trigger_target_dag']) retrieved from /home/airflow/.local/lib/python3.7/site-packages/airflow/example_dags/example_trigger_target_dag.py
[2025-10-18T05:05:10.430+0000] {logging_mixin.py:149} INFO - [2025-10-18T05:05:10.430+0000] {dag.py:2726} INFO - Sync 1 DAGs
[2025-10-18T05:05:10.460+0000] {logging_mixin.py:149} INFO - [2025-10-18T05:05:10.460+0000] {dag.py:3490} INFO - Setting next_dagrun for example_trigger_target_dag to None, run_after=None
[2025-10-18T05:05:10.482+0000] {processor.py:179} INFO - Processing /home/airflow/.local/lib/python3.7/site-packages/airflow/example_dags/example_trigger_target_dag.py took 0.092 seconds
[2025-10-18T05:05:41.258+0000] {processor.py:157} INFO - Started process (PID=10130) to work on /home/airflow/.local/lib/python3.7/site-packages/airflow/example_dags/example_trigger_target_dag.py
[2025-10-18T05:05:41.259+0000] {processor.py:826} INFO - Processing file /home/airflow/.local/lib/python3.7/site-packages/airflow/example_dags/example_trigger_target_dag.py for tasks to queue
[2025-10-18T05:05:41.260+0000] {logging_mixin.py:149} INFO - [2025-10-18T05:05:41.259+0000] {dagbag.py:541} INFO - Filling up the DagBag from /home/airflow/.local/lib/python3.7/site-packages/airflow/example_dags/example_trigger_target_dag.py
[2025-10-18T05:05:41.266+0000] {processor.py:836} INFO - DAG(s) dict_keys(['example_trigger_target_dag']) retrieved from /home/airflow/.local/lib/python3.7/site-packages/airflow/example_dags/example_trigger_target_dag.py
[2025-10-18T05:05:41.294+0000] {logging_mixin.py:149} INFO - [2025-10-18T05:05:41.293+0000] {dag.py:2726} INFO - Sync 1 DAGs
[2025-10-18T05:05:41.323+0000] {logging_mixin.py:149} INFO - [2025-10-18T05:05:41.322+0000] {dag.py:3490} INFO - Setting next_dagrun for example_trigger_target_dag to None, run_after=None
[2025-10-18T05:05:41.343+0000] {processor.py:179} INFO - Processing /home/airflow/.local/lib/python3.7/site-packages/airflow/example_dags/example_trigger_target_dag.py took 0.089 seconds
[2025-10-18T05:06:11.942+0000] {processor.py:157} INFO - Started process (PID=10437) to work on /home/airflow/.local/lib/python3.7/site-packages/airflow/example_dags/example_trigger_target_dag.py
[2025-10-18T05:06:11.943+0000] {processor.py:826} INFO - Processing file /home/airflow/.local/lib/python3.7/site-packages/airflow/example_dags/example_trigger_target_dag.py for tasks to queue
[2025-10-18T05:06:11.945+0000] {logging_mixin.py:149} INFO - [2025-10-18T05:06:11.944+0000] {dagbag.py:541} INFO - Filling up the DagBag from /home/airflow/.local/lib/python3.7/site-packages/airflow/example_dags/example_trigger_target_dag.py
[2025-10-18T05:06:11.954+0000] {processor.py:836} INFO - DAG(s) dict_keys(['example_trigger_target_dag']) retrieved from /home/airflow/.local/lib/python3.7/site-packages/airflow/example_dags/example_trigger_target_dag.py
[2025-10-18T05:06:11.988+0000] {logging_mixin.py:149} INFO - [2025-10-18T05:06:11.988+0000] {dag.py:2726} INFO - Sync 1 DAGs
[2025-10-18T05:06:12.032+0000] {logging_mixin.py:149} INFO - [2025-10-18T05:06:12.032+0000] {dag.py:3490} INFO - Setting next_dagrun for example_trigger_target_dag to None, run_after=None
[2025-10-18T05:06:12.064+0000] {processor.py:179} INFO - Processing /home/airflow/.local/lib/python3.7/site-packages/airflow/example_dags/example_trigger_target_dag.py took 0.127 seconds
[2025-10-18T05:06:42.747+0000] {processor.py:157} INFO - Started process (PID=10744) to work on /home/airflow/.local/lib/python3.7/site-packages/airflow/example_dags/example_trigger_target_dag.py
[2025-10-18T05:06:42.748+0000] {processor.py:826} INFO - Processing file /home/airflow/.local/lib/python3.7/site-packages/airflow/example_dags/example_trigger_target_dag.py for tasks to queue
[2025-10-18T05:06:42.749+0000] {logging_mixin.py:149} INFO - [2025-10-18T05:06:42.749+0000] {dagbag.py:541} INFO - Filling up the DagBag from /home/airflow/.local/lib/python3.7/site-packages/airflow/example_dags/example_trigger_target_dag.py
[2025-10-18T05:06:42.756+0000] {processor.py:836} INFO - DAG(s) dict_keys(['example_trigger_target_dag']) retrieved from /home/airflow/.local/lib/python3.7/site-packages/airflow/example_dags/example_trigger_target_dag.py
[2025-10-18T05:06:42.796+0000] {logging_mixin.py:149} INFO - [2025-10-18T05:06:42.796+0000] {dag.py:2726} INFO - Sync 1 DAGs
[2025-10-18T05:06:42.827+0000] {logging_mixin.py:149} INFO - [2025-10-18T05:06:42.827+0000] {dag.py:3490} INFO - Setting next_dagrun for example_trigger_target_dag to None, run_after=None
[2025-10-18T05:06:42.848+0000] {processor.py:179} INFO - Processing /home/airflow/.local/lib/python3.7/site-packages/airflow/example_dags/example_trigger_target_dag.py took 0.105 seconds
[2025-10-18T05:07:13.750+0000] {processor.py:157} INFO - Started process (PID=11051) to work on /home/airflow/.local/lib/python3.7/site-packages/airflow/example_dags/example_trigger_target_dag.py
[2025-10-18T05:07:13.752+0000] {processor.py:826} INFO - Processing file /home/airflow/.local/lib/python3.7/site-packages/airflow/example_dags/example_trigger_target_dag.py for tasks to queue
[2025-10-18T05:07:13.753+0000] {logging_mixin.py:149} INFO - [2025-10-18T05:07:13.753+0000] {dagbag.py:541} INFO - Filling up the DagBag from /home/airflow/.local/lib/python3.7/site-packages/airflow/example_dags/example_trigger_target_dag.py
[2025-10-18T05:07:13.761+0000] {processor.py:836} INFO - DAG(s) dict_keys(['example_trigger_target_dag']) retrieved from /home/airflow/.local/lib/python3.7/site-packages/airflow/example_dags/example_trigger_target_dag.py
[2025-10-18T05:07:13.789+0000] {logging_mixin.py:149} INFO - [2025-10-18T05:07:13.789+0000] {dag.py:2726} INFO - Sync 1 DAGs
[2025-10-18T05:07:13.821+0000] {logging_mixin.py:149} INFO - [2025-10-18T05:07:13.821+0000] {dag.py:3490} INFO - Setting next_dagrun for example_trigger_target_dag to None, run_after=None
[2025-10-18T05:07:13.848+0000] {processor.py:179} INFO - Processing /home/airflow/.local/lib/python3.7/site-packages/airflow/example_dags/example_trigger_target_dag.py took 0.101 seconds
[2025-10-18T05:07:44.550+0000] {processor.py:157} INFO - Started process (PID=11358) to work on /home/airflow/.local/lib/python3.7/site-packages/airflow/example_dags/example_trigger_target_dag.py
[2025-10-18T05:07:44.552+0000] {processor.py:826} INFO - Processing file /home/airflow/.local/lib/python3.7/site-packages/airflow/example_dags/example_trigger_target_dag.py for tasks to queue
[2025-10-18T05:07:44.553+0000] {logging_mixin.py:149} INFO - [2025-10-18T05:07:44.553+0000] {dagbag.py:541} INFO - Filling up the DagBag from /home/airflow/.local/lib/python3.7/site-packages/airflow/example_dags/example_trigger_target_dag.py
[2025-10-18T05:07:44.563+0000] {processor.py:836} INFO - DAG(s) dict_keys(['example_trigger_target_dag']) retrieved from /home/airflow/.local/lib/python3.7/site-packages/airflow/example_dags/example_trigger_target_dag.py
[2025-10-18T05:07:44.598+0000] {logging_mixin.py:149} INFO - [2025-10-18T05:07:44.598+0000] {dag.py:2726} INFO - Sync 1 DAGs
[2025-10-18T05:07:44.634+0000] {logging_mixin.py:149} INFO - [2025-10-18T05:07:44.634+0000] {dag.py:3490} INFO - Setting next_dagrun for example_trigger_target_dag to None, run_after=None
[2025-10-18T05:07:44.703+0000] {processor.py:179} INFO - Processing /home/airflow/.local/lib/python3.7/site-packages/airflow/example_dags/example_trigger_target_dag.py took 0.158 seconds
[2025-10-18T05:08:15.596+0000] {processor.py:157} INFO - Started process (PID=11665) to work on /home/airflow/.local/lib/python3.7/site-packages/airflow/example_dags/example_trigger_target_dag.py
[2025-10-18T05:08:15.597+0000] {processor.py:826} INFO - Processing file /home/airflow/.local/lib/python3.7/site-packages/airflow/example_dags/example_trigger_target_dag.py for tasks to queue
[2025-10-18T05:08:15.598+0000] {logging_mixin.py:149} INFO - [2025-10-18T05:08:15.598+0000] {dagbag.py:541} INFO - Filling up the DagBag from /home/airflow/.local/lib/python3.7/site-packages/airflow/example_dags/example_trigger_target_dag.py
[2025-10-18T05:08:15.606+0000] {processor.py:836} INFO - DAG(s) dict_keys(['example_trigger_target_dag']) retrieved from /home/airflow/.local/lib/python3.7/site-packages/airflow/example_dags/example_trigger_target_dag.py
[2025-10-18T05:08:15.637+0000] {logging_mixin.py:149} INFO - [2025-10-18T05:08:15.637+0000] {dag.py:2726} INFO - Sync 1 DAGs
[2025-10-18T05:08:15.672+0000] {logging_mixin.py:149} INFO - [2025-10-18T05:08:15.672+0000] {dag.py:3490} INFO - Setting next_dagrun for example_trigger_target_dag to None, run_after=None
[2025-10-18T05:08:15.694+0000] {processor.py:179} INFO - Processing /home/airflow/.local/lib/python3.7/site-packages/airflow/example_dags/example_trigger_target_dag.py took 0.102 seconds
[2025-10-18T05:08:46.589+0000] {processor.py:157} INFO - Started process (PID=11972) to work on /home/airflow/.local/lib/python3.7/site-packages/airflow/example_dags/example_trigger_target_dag.py
[2025-10-18T05:08:46.590+0000] {processor.py:826} INFO - Processing file /home/airflow/.local/lib/python3.7/site-packages/airflow/example_dags/example_trigger_target_dag.py for tasks to queue
[2025-10-18T05:08:46.592+0000] {logging_mixin.py:149} INFO - [2025-10-18T05:08:46.592+0000] {dagbag.py:541} INFO - Filling up the DagBag from /home/airflow/.local/lib/python3.7/site-packages/airflow/example_dags/example_trigger_target_dag.py
[2025-10-18T05:08:46.599+0000] {processor.py:836} INFO - DAG(s) dict_keys(['example_trigger_target_dag']) retrieved from /home/airflow/.local/lib/python3.7/site-packages/airflow/example_dags/example_trigger_target_dag.py
[2025-10-18T05:08:46.640+0000] {logging_mixin.py:149} INFO - [2025-10-18T05:08:46.640+0000] {dag.py:2726} INFO - Sync 1 DAGs
[2025-10-18T05:08:46.672+0000] {logging_mixin.py:149} INFO - [2025-10-18T05:08:46.672+0000] {dag.py:3490} INFO - Setting next_dagrun for example_trigger_target_dag to None, run_after=None
[2025-10-18T05:08:46.697+0000] {processor.py:179} INFO - Processing /home/airflow/.local/lib/python3.7/site-packages/airflow/example_dags/example_trigger_target_dag.py took 0.112 seconds
[2025-10-18T05:09:16.782+0000] {processor.py:157} INFO - Started process (PID=12279) to work on /home/airflow/.local/lib/python3.7/site-packages/airflow/example_dags/example_trigger_target_dag.py
[2025-10-18T05:09:16.784+0000] {processor.py:826} INFO - Processing file /home/airflow/.local/lib/python3.7/site-packages/airflow/example_dags/example_trigger_target_dag.py for tasks to queue
[2025-10-18T05:09:16.785+0000] {logging_mixin.py:149} INFO - [2025-10-18T05:09:16.785+0000] {dagbag.py:541} INFO - Filling up the DagBag from /home/airflow/.local/lib/python3.7/site-packages/airflow/example_dags/example_trigger_target_dag.py
[2025-10-18T05:09:16.791+0000] {processor.py:836} INFO - DAG(s) dict_keys(['example_trigger_target_dag']) retrieved from /home/airflow/.local/lib/python3.7/site-packages/airflow/example_dags/example_trigger_target_dag.py
[2025-10-18T05:09:16.824+0000] {logging_mixin.py:149} INFO - [2025-10-18T05:09:16.824+0000] {dag.py:2726} INFO - Sync 1 DAGs
[2025-10-18T05:09:16.852+0000] {logging_mixin.py:149} INFO - [2025-10-18T05:09:16.852+0000] {dag.py:3490} INFO - Setting next_dagrun for example_trigger_target_dag to None, run_after=None
[2025-10-18T05:09:16.873+0000] {processor.py:179} INFO - Processing /home/airflow/.local/lib/python3.7/site-packages/airflow/example_dags/example_trigger_target_dag.py took 0.094 seconds
[2025-10-18T05:09:47.605+0000] {processor.py:157} INFO - Started process (PID=12588) to work on /home/airflow/.local/lib/python3.7/site-packages/airflow/example_dags/example_trigger_target_dag.py
[2025-10-18T05:09:47.606+0000] {processor.py:826} INFO - Processing file /home/airflow/.local/lib/python3.7/site-packages/airflow/example_dags/example_trigger_target_dag.py for tasks to queue
[2025-10-18T05:09:47.607+0000] {logging_mixin.py:149} INFO - [2025-10-18T05:09:47.607+0000] {dagbag.py:541} INFO - Filling up the DagBag from /home/airflow/.local/lib/python3.7/site-packages/airflow/example_dags/example_trigger_target_dag.py
[2025-10-18T05:09:47.614+0000] {processor.py:836} INFO - DAG(s) dict_keys(['example_trigger_target_dag']) retrieved from /home/airflow/.local/lib/python3.7/site-packages/airflow/example_dags/example_trigger_target_dag.py
[2025-10-18T05:09:47.640+0000] {logging_mixin.py:149} INFO - [2025-10-18T05:09:47.640+0000] {dag.py:2726} INFO - Sync 1 DAGs
[2025-10-18T05:09:47.668+0000] {logging_mixin.py:149} INFO - [2025-10-18T05:09:47.668+0000] {dag.py:3490} INFO - Setting next_dagrun for example_trigger_target_dag to None, run_after=None
[2025-10-18T05:09:47.689+0000] {processor.py:179} INFO - Processing /home/airflow/.local/lib/python3.7/site-packages/airflow/example_dags/example_trigger_target_dag.py took 0.087 seconds
[2025-10-18T05:10:18.664+0000] {processor.py:157} INFO - Started process (PID=12893) to work on /home/airflow/.local/lib/python3.7/site-packages/airflow/example_dags/example_trigger_target_dag.py
[2025-10-18T05:10:18.665+0000] {processor.py:826} INFO - Processing file /home/airflow/.local/lib/python3.7/site-packages/airflow/example_dags/example_trigger_target_dag.py for tasks to queue
[2025-10-18T05:10:18.667+0000] {logging_mixin.py:149} INFO - [2025-10-18T05:10:18.667+0000] {dagbag.py:541} INFO - Filling up the DagBag from /home/airflow/.local/lib/python3.7/site-packages/airflow/example_dags/example_trigger_target_dag.py
[2025-10-18T05:10:18.673+0000] {processor.py:836} INFO - DAG(s) dict_keys(['example_trigger_target_dag']) retrieved from /home/airflow/.local/lib/python3.7/site-packages/airflow/example_dags/example_trigger_target_dag.py
[2025-10-18T05:10:18.701+0000] {logging_mixin.py:149} INFO - [2025-10-18T05:10:18.701+0000] {dag.py:2726} INFO - Sync 1 DAGs
[2025-10-18T05:10:18.731+0000] {logging_mixin.py:149} INFO - [2025-10-18T05:10:18.731+0000] {dag.py:3490} INFO - Setting next_dagrun for example_trigger_target_dag to None, run_after=None
[2025-10-18T05:10:18.754+0000] {processor.py:179} INFO - Processing /home/airflow/.local/lib/python3.7/site-packages/airflow/example_dags/example_trigger_target_dag.py took 0.093 seconds
[2025-10-18T05:10:49.723+0000] {processor.py:157} INFO - Started process (PID=13202) to work on /home/airflow/.local/lib/python3.7/site-packages/airflow/example_dags/example_trigger_target_dag.py
[2025-10-18T05:10:49.723+0000] {processor.py:826} INFO - Processing file /home/airflow/.local/lib/python3.7/site-packages/airflow/example_dags/example_trigger_target_dag.py for tasks to queue
[2025-10-18T05:10:49.724+0000] {logging_mixin.py:149} INFO - [2025-10-18T05:10:49.724+0000] {dagbag.py:541} INFO - Filling up the DagBag from /home/airflow/.local/lib/python3.7/site-packages/airflow/example_dags/example_trigger_target_dag.py
[2025-10-18T05:10:49.731+0000] {processor.py:836} INFO - DAG(s) dict_keys(['example_trigger_target_dag']) retrieved from /home/airflow/.local/lib/python3.7/site-packages/airflow/example_dags/example_trigger_target_dag.py
[2025-10-18T05:10:49.757+0000] {logging_mixin.py:149} INFO - [2025-10-18T05:10:49.757+0000] {dag.py:2726} INFO - Sync 1 DAGs
[2025-10-18T05:10:49.789+0000] {logging_mixin.py:149} INFO - [2025-10-18T05:10:49.789+0000] {dag.py:3490} INFO - Setting next_dagrun for example_trigger_target_dag to None, run_after=None
[2025-10-18T05:10:49.811+0000] {processor.py:179} INFO - Processing /home/airflow/.local/lib/python3.7/site-packages/airflow/example_dags/example_trigger_target_dag.py took 0.092 seconds
[2025-10-18T05:11:20.494+0000] {processor.py:157} INFO - Started process (PID=13507) to work on /home/airflow/.local/lib/python3.7/site-packages/airflow/example_dags/example_trigger_target_dag.py
[2025-10-18T05:11:20.494+0000] {processor.py:826} INFO - Processing file /home/airflow/.local/lib/python3.7/site-packages/airflow/example_dags/example_trigger_target_dag.py for tasks to queue
[2025-10-18T05:11:20.495+0000] {logging_mixin.py:149} INFO - [2025-10-18T05:11:20.495+0000] {dagbag.py:541} INFO - Filling up the DagBag from /home/airflow/.local/lib/python3.7/site-packages/airflow/example_dags/example_trigger_target_dag.py
[2025-10-18T05:11:20.502+0000] {processor.py:836} INFO - DAG(s) dict_keys(['example_trigger_target_dag']) retrieved from /home/airflow/.local/lib/python3.7/site-packages/airflow/example_dags/example_trigger_target_dag.py
[2025-10-18T05:11:20.528+0000] {logging_mixin.py:149} INFO - [2025-10-18T05:11:20.528+0000] {dag.py:2726} INFO - Sync 1 DAGs
[2025-10-18T05:11:20.557+0000] {logging_mixin.py:149} INFO - [2025-10-18T05:11:20.557+0000] {dag.py:3490} INFO - Setting next_dagrun for example_trigger_target_dag to None, run_after=None
[2025-10-18T05:11:20.580+0000] {processor.py:179} INFO - Processing /home/airflow/.local/lib/python3.7/site-packages/airflow/example_dags/example_trigger_target_dag.py took 0.090 seconds
[2025-10-18T05:11:51.238+0000] {processor.py:157} INFO - Started process (PID=13816) to work on /home/airflow/.local/lib/python3.7/site-packages/airflow/example_dags/example_trigger_target_dag.py
[2025-10-18T05:11:51.239+0000] {processor.py:826} INFO - Processing file /home/airflow/.local/lib/python3.7/site-packages/airflow/example_dags/example_trigger_target_dag.py for tasks to queue
[2025-10-18T05:11:51.240+0000] {logging_mixin.py:149} INFO - [2025-10-18T05:11:51.240+0000] {dagbag.py:541} INFO - Filling up the DagBag from /home/airflow/.local/lib/python3.7/site-packages/airflow/example_dags/example_trigger_target_dag.py
[2025-10-18T05:11:51.246+0000] {processor.py:836} INFO - DAG(s) dict_keys(['example_trigger_target_dag']) retrieved from /home/airflow/.local/lib/python3.7/site-packages/airflow/example_dags/example_trigger_target_dag.py
[2025-10-18T05:11:51.276+0000] {logging_mixin.py:149} INFO - [2025-10-18T05:11:51.276+0000] {dag.py:2726} INFO - Sync 1 DAGs
[2025-10-18T05:11:51.305+0000] {logging_mixin.py:149} INFO - [2025-10-18T05:11:51.305+0000] {dag.py:3490} INFO - Setting next_dagrun for example_trigger_target_dag to None, run_after=None
[2025-10-18T05:11:51.326+0000] {processor.py:179} INFO - Processing /home/airflow/.local/lib/python3.7/site-packages/airflow/example_dags/example_trigger_target_dag.py took 0.091 seconds
[2025-10-18T05:12:22.012+0000] {processor.py:157} INFO - Started process (PID=14121) to work on /home/airflow/.local/lib/python3.7/site-packages/airflow/example_dags/example_trigger_target_dag.py
[2025-10-18T05:12:22.013+0000] {processor.py:826} INFO - Processing file /home/airflow/.local/lib/python3.7/site-packages/airflow/example_dags/example_trigger_target_dag.py for tasks to queue
[2025-10-18T05:12:22.014+0000] {logging_mixin.py:149} INFO - [2025-10-18T05:12:22.014+0000] {dagbag.py:541} INFO - Filling up the DagBag from /home/airflow/.local/lib/python3.7/site-packages/airflow/example_dags/example_trigger_target_dag.py
[2025-10-18T05:12:22.021+0000] {processor.py:836} INFO - DAG(s) dict_keys(['example_trigger_target_dag']) retrieved from /home/airflow/.local/lib/python3.7/site-packages/airflow/example_dags/example_trigger_target_dag.py
[2025-10-18T05:12:22.051+0000] {logging_mixin.py:149} INFO - [2025-10-18T05:12:22.051+0000] {dag.py:2726} INFO - Sync 1 DAGs
[2025-10-18T05:12:22.096+0000] {logging_mixin.py:149} INFO - [2025-10-18T05:12:22.096+0000] {dag.py:3490} INFO - Setting next_dagrun for example_trigger_target_dag to None, run_after=None
[2025-10-18T05:12:22.131+0000] {processor.py:179} INFO - Processing /home/airflow/.local/lib/python3.7/site-packages/airflow/example_dags/example_trigger_target_dag.py took 0.123 seconds
[2025-10-18T05:12:52.944+0000] {processor.py:157} INFO - Started process (PID=14428) to work on /home/airflow/.local/lib/python3.7/site-packages/airflow/example_dags/example_trigger_target_dag.py
[2025-10-18T05:12:52.945+0000] {processor.py:826} INFO - Processing file /home/airflow/.local/lib/python3.7/site-packages/airflow/example_dags/example_trigger_target_dag.py for tasks to queue
[2025-10-18T05:12:52.945+0000] {logging_mixin.py:149} INFO - [2025-10-18T05:12:52.945+0000] {dagbag.py:541} INFO - Filling up the DagBag from /home/airflow/.local/lib/python3.7/site-packages/airflow/example_dags/example_trigger_target_dag.py
[2025-10-18T05:12:52.952+0000] {processor.py:836} INFO - DAG(s) dict_keys(['example_trigger_target_dag']) retrieved from /home/airflow/.local/lib/python3.7/site-packages/airflow/example_dags/example_trigger_target_dag.py
[2025-10-18T05:12:52.979+0000] {logging_mixin.py:149} INFO - [2025-10-18T05:12:52.979+0000] {dag.py:2726} INFO - Sync 1 DAGs
[2025-10-18T05:12:53.007+0000] {logging_mixin.py:149} INFO - [2025-10-18T05:12:53.007+0000] {dag.py:3490} INFO - Setting next_dagrun for example_trigger_target_dag to None, run_after=None
[2025-10-18T05:12:53.032+0000] {processor.py:179} INFO - Processing /home/airflow/.local/lib/python3.7/site-packages/airflow/example_dags/example_trigger_target_dag.py took 0.092 seconds
[2025-10-18T05:13:23.812+0000] {processor.py:157} INFO - Started process (PID=14735) to work on /home/airflow/.local/lib/python3.7/site-packages/airflow/example_dags/example_trigger_target_dag.py
[2025-10-18T05:13:23.813+0000] {processor.py:826} INFO - Processing file /home/airflow/.local/lib/python3.7/site-packages/airflow/example_dags/example_trigger_target_dag.py for tasks to queue
[2025-10-18T05:13:23.814+0000] {logging_mixin.py:149} INFO - [2025-10-18T05:13:23.814+0000] {dagbag.py:541} INFO - Filling up the DagBag from /home/airflow/.local/lib/python3.7/site-packages/airflow/example_dags/example_trigger_target_dag.py
[2025-10-18T05:13:23.820+0000] {processor.py:836} INFO - DAG(s) dict_keys(['example_trigger_target_dag']) retrieved from /home/airflow/.local/lib/python3.7/site-packages/airflow/example_dags/example_trigger_target_dag.py
[2025-10-18T05:13:23.845+0000] {logging_mixin.py:149} INFO - [2025-10-18T05:13:23.845+0000] {dag.py:2726} INFO - Sync 1 DAGs
[2025-10-18T05:13:23.875+0000] {logging_mixin.py:149} INFO - [2025-10-18T05:13:23.875+0000] {dag.py:3490} INFO - Setting next_dagrun for example_trigger_target_dag to None, run_after=None
[2025-10-18T05:13:23.901+0000] {processor.py:179} INFO - Processing /home/airflow/.local/lib/python3.7/site-packages/airflow/example_dags/example_trigger_target_dag.py took 0.092 seconds
[2025-10-18T05:13:54.487+0000] {processor.py:157} INFO - Started process (PID=15042) to work on /home/airflow/.local/lib/python3.7/site-packages/airflow/example_dags/example_trigger_target_dag.py
[2025-10-18T05:13:54.488+0000] {processor.py:826} INFO - Processing file /home/airflow/.local/lib/python3.7/site-packages/airflow/example_dags/example_trigger_target_dag.py for tasks to queue
[2025-10-18T05:13:54.489+0000] {logging_mixin.py:149} INFO - [2025-10-18T05:13:54.489+0000] {dagbag.py:541} INFO - Filling up the DagBag from /home/airflow/.local/lib/python3.7/site-packages/airflow/example_dags/example_trigger_target_dag.py
[2025-10-18T05:13:54.496+0000] {processor.py:836} INFO - DAG(s) dict_keys(['example_trigger_target_dag']) retrieved from /home/airflow/.local/lib/python3.7/site-packages/airflow/example_dags/example_trigger_target_dag.py
[2025-10-18T05:13:54.522+0000] {logging_mixin.py:149} INFO - [2025-10-18T05:13:54.522+0000] {dag.py:2726} INFO - Sync 1 DAGs
[2025-10-18T05:13:54.551+0000] {logging_mixin.py:149} INFO - [2025-10-18T05:13:54.551+0000] {dag.py:3490} INFO - Setting next_dagrun for example_trigger_target_dag to None, run_after=None
[2025-10-18T05:13:54.573+0000] {processor.py:179} INFO - Processing /home/airflow/.local/lib/python3.7/site-packages/airflow/example_dags/example_trigger_target_dag.py took 0.090 seconds
[2025-10-18T05:14:25.296+0000] {processor.py:157} INFO - Started process (PID=15351) to work on /home/airflow/.local/lib/python3.7/site-packages/airflow/example_dags/example_trigger_target_dag.py
[2025-10-18T05:14:25.297+0000] {processor.py:826} INFO - Processing file /home/airflow/.local/lib/python3.7/site-packages/airflow/example_dags/example_trigger_target_dag.py for tasks to queue
[2025-10-18T05:14:25.297+0000] {logging_mixin.py:149} INFO - [2025-10-18T05:14:25.297+0000] {dagbag.py:541} INFO - Filling up the DagBag from /home/airflow/.local/lib/python3.7/site-packages/airflow/example_dags/example_trigger_target_dag.py
[2025-10-18T05:14:25.303+0000] {processor.py:836} INFO - DAG(s) dict_keys(['example_trigger_target_dag']) retrieved from /home/airflow/.local/lib/python3.7/site-packages/airflow/example_dags/example_trigger_target_dag.py
[2025-10-18T05:14:25.334+0000] {logging_mixin.py:149} INFO - [2025-10-18T05:14:25.334+0000] {dag.py:2726} INFO - Sync 1 DAGs
[2025-10-18T05:14:25.362+0000] {logging_mixin.py:149} INFO - [2025-10-18T05:14:25.362+0000] {dag.py:3490} INFO - Setting next_dagrun for example_trigger_target_dag to None, run_after=None
[2025-10-18T05:14:25.383+0000] {processor.py:179} INFO - Processing /home/airflow/.local/lib/python3.7/site-packages/airflow/example_dags/example_trigger_target_dag.py took 0.091 seconds
[2025-10-18T05:14:56.441+0000] {processor.py:157} INFO - Started process (PID=15657) to work on /home/airflow/.local/lib/python3.7/site-packages/airflow/example_dags/example_trigger_target_dag.py
[2025-10-18T05:14:56.442+0000] {processor.py:826} INFO - Processing file /home/airflow/.local/lib/python3.7/site-packages/airflow/example_dags/example_trigger_target_dag.py for tasks to queue
[2025-10-18T05:14:56.443+0000] {logging_mixin.py:149} INFO - [2025-10-18T05:14:56.443+0000] {dagbag.py:541} INFO - Filling up the DagBag from /home/airflow/.local/lib/python3.7/site-packages/airflow/example_dags/example_trigger_target_dag.py
[2025-10-18T05:14:56.449+0000] {processor.py:836} INFO - DAG(s) dict_keys(['example_trigger_target_dag']) retrieved from /home/airflow/.local/lib/python3.7/site-packages/airflow/example_dags/example_trigger_target_dag.py
[2025-10-18T05:14:56.475+0000] {logging_mixin.py:149} INFO - [2025-10-18T05:14:56.475+0000] {dag.py:2726} INFO - Sync 1 DAGs
[2025-10-18T05:14:56.507+0000] {logging_mixin.py:149} INFO - [2025-10-18T05:14:56.507+0000] {dag.py:3490} INFO - Setting next_dagrun for example_trigger_target_dag to None, run_after=None
[2025-10-18T05:14:56.533+0000] {processor.py:179} INFO - Processing /home/airflow/.local/lib/python3.7/site-packages/airflow/example_dags/example_trigger_target_dag.py took 0.095 seconds
[2025-10-18T05:15:27.164+0000] {processor.py:157} INFO - Started process (PID=15963) to work on /home/airflow/.local/lib/python3.7/site-packages/airflow/example_dags/example_trigger_target_dag.py
[2025-10-18T05:15:27.165+0000] {processor.py:826} INFO - Processing file /home/airflow/.local/lib/python3.7/site-packages/airflow/example_dags/example_trigger_target_dag.py for tasks to queue
[2025-10-18T05:15:27.166+0000] {logging_mixin.py:149} INFO - [2025-10-18T05:15:27.166+0000] {dagbag.py:541} INFO - Filling up the DagBag from /home/airflow/.local/lib/python3.7/site-packages/airflow/example_dags/example_trigger_target_dag.py
[2025-10-18T05:15:27.176+0000] {processor.py:836} INFO - DAG(s) dict_keys(['example_trigger_target_dag']) retrieved from /home/airflow/.local/lib/python3.7/site-packages/airflow/example_dags/example_trigger_target_dag.py
[2025-10-18T05:15:27.207+0000] {logging_mixin.py:149} INFO - [2025-10-18T05:15:27.207+0000] {dag.py:2726} INFO - Sync 1 DAGs
[2025-10-18T05:15:27.240+0000] {logging_mixin.py:149} INFO - [2025-10-18T05:15:27.240+0000] {dag.py:3490} INFO - Setting next_dagrun for example_trigger_target_dag to None, run_after=None
[2025-10-18T05:15:27.269+0000] {processor.py:179} INFO - Processing /home/airflow/.local/lib/python3.7/site-packages/airflow/example_dags/example_trigger_target_dag.py took 0.108 seconds
[2025-10-18T05:15:57.849+0000] {processor.py:157} INFO - Started process (PID=16272) to work on /home/airflow/.local/lib/python3.7/site-packages/airflow/example_dags/example_trigger_target_dag.py
[2025-10-18T05:15:57.849+0000] {processor.py:826} INFO - Processing file /home/airflow/.local/lib/python3.7/site-packages/airflow/example_dags/example_trigger_target_dag.py for tasks to queue
[2025-10-18T05:15:57.850+0000] {logging_mixin.py:149} INFO - [2025-10-18T05:15:57.850+0000] {dagbag.py:541} INFO - Filling up the DagBag from /home/airflow/.local/lib/python3.7/site-packages/airflow/example_dags/example_trigger_target_dag.py
[2025-10-18T05:15:57.856+0000] {processor.py:836} INFO - DAG(s) dict_keys(['example_trigger_target_dag']) retrieved from /home/airflow/.local/lib/python3.7/site-packages/airflow/example_dags/example_trigger_target_dag.py
[2025-10-18T05:15:57.883+0000] {logging_mixin.py:149} INFO - [2025-10-18T05:15:57.883+0000] {dag.py:2726} INFO - Sync 1 DAGs
[2025-10-18T05:15:57.911+0000] {logging_mixin.py:149} INFO - [2025-10-18T05:15:57.911+0000] {dag.py:3490} INFO - Setting next_dagrun for example_trigger_target_dag to None, run_after=None
[2025-10-18T05:15:57.932+0000] {processor.py:179} INFO - Processing /home/airflow/.local/lib/python3.7/site-packages/airflow/example_dags/example_trigger_target_dag.py took 0.087 seconds
[2025-10-18T05:16:28.562+0000] {processor.py:157} INFO - Started process (PID=16577) to work on /home/airflow/.local/lib/python3.7/site-packages/airflow/example_dags/example_trigger_target_dag.py
[2025-10-18T05:16:28.563+0000] {processor.py:826} INFO - Processing file /home/airflow/.local/lib/python3.7/site-packages/airflow/example_dags/example_trigger_target_dag.py for tasks to queue
[2025-10-18T05:16:28.564+0000] {logging_mixin.py:149} INFO - [2025-10-18T05:16:28.564+0000] {dagbag.py:541} INFO - Filling up the DagBag from /home/airflow/.local/lib/python3.7/site-packages/airflow/example_dags/example_trigger_target_dag.py
[2025-10-18T05:16:28.572+0000] {processor.py:836} INFO - DAG(s) dict_keys(['example_trigger_target_dag']) retrieved from /home/airflow/.local/lib/python3.7/site-packages/airflow/example_dags/example_trigger_target_dag.py
[2025-10-18T05:16:28.599+0000] {logging_mixin.py:149} INFO - [2025-10-18T05:16:28.599+0000] {dag.py:2726} INFO - Sync 1 DAGs
[2025-10-18T05:16:28.628+0000] {logging_mixin.py:149} INFO - [2025-10-18T05:16:28.628+0000] {dag.py:3490} INFO - Setting next_dagrun for example_trigger_target_dag to None, run_after=None
[2025-10-18T05:16:28.653+0000] {processor.py:179} INFO - Processing /home/airflow/.local/lib/python3.7/site-packages/airflow/example_dags/example_trigger_target_dag.py took 0.094 seconds
[2025-10-18T05:16:59.401+0000] {processor.py:157} INFO - Started process (PID=16884) to work on /home/airflow/.local/lib/python3.7/site-packages/airflow/example_dags/example_trigger_target_dag.py
[2025-10-18T05:16:59.402+0000] {processor.py:826} INFO - Processing file /home/airflow/.local/lib/python3.7/site-packages/airflow/example_dags/example_trigger_target_dag.py for tasks to queue
[2025-10-18T05:16:59.404+0000] {logging_mixin.py:149} INFO - [2025-10-18T05:16:59.403+0000] {dagbag.py:541} INFO - Filling up the DagBag from /home/airflow/.local/lib/python3.7/site-packages/airflow/example_dags/example_trigger_target_dag.py
[2025-10-18T05:16:59.410+0000] {processor.py:836} INFO - DAG(s) dict_keys(['example_trigger_target_dag']) retrieved from /home/airflow/.local/lib/python3.7/site-packages/airflow/example_dags/example_trigger_target_dag.py
[2025-10-18T05:16:59.442+0000] {logging_mixin.py:149} INFO - [2025-10-18T05:16:59.442+0000] {dag.py:2726} INFO - Sync 1 DAGs
[2025-10-18T05:16:59.472+0000] {logging_mixin.py:149} INFO - [2025-10-18T05:16:59.471+0000] {dag.py:3490} INFO - Setting next_dagrun for example_trigger_target_dag to None, run_after=None
[2025-10-18T05:16:59.494+0000] {processor.py:179} INFO - Processing /home/airflow/.local/lib/python3.7/site-packages/airflow/example_dags/example_trigger_target_dag.py took 0.096 seconds
[2025-10-18T05:17:30.857+0000] {processor.py:157} INFO - Started process (PID=17191) to work on /home/airflow/.local/lib/python3.7/site-packages/airflow/example_dags/example_trigger_target_dag.py
[2025-10-18T05:17:30.857+0000] {processor.py:826} INFO - Processing file /home/airflow/.local/lib/python3.7/site-packages/airflow/example_dags/example_trigger_target_dag.py for tasks to queue
[2025-10-18T05:17:30.858+0000] {logging_mixin.py:149} INFO - [2025-10-18T05:17:30.858+0000] {dagbag.py:541} INFO - Filling up the DagBag from /home/airflow/.local/lib/python3.7/site-packages/airflow/example_dags/example_trigger_target_dag.py
[2025-10-18T05:17:30.864+0000] {processor.py:836} INFO - DAG(s) dict_keys(['example_trigger_target_dag']) retrieved from /home/airflow/.local/lib/python3.7/site-packages/airflow/example_dags/example_trigger_target_dag.py
[2025-10-18T05:17:30.892+0000] {logging_mixin.py:149} INFO - [2025-10-18T05:17:30.892+0000] {dag.py:2726} INFO - Sync 1 DAGs
[2025-10-18T05:17:30.921+0000] {logging_mixin.py:149} INFO - [2025-10-18T05:17:30.921+0000] {dag.py:3490} INFO - Setting next_dagrun for example_trigger_target_dag to None, run_after=None
[2025-10-18T05:17:30.942+0000] {processor.py:179} INFO - Processing /home/airflow/.local/lib/python3.7/site-packages/airflow/example_dags/example_trigger_target_dag.py took 0.090 seconds
[2025-10-18T05:18:01.772+0000] {processor.py:157} INFO - Started process (PID=17499) to work on /home/airflow/.local/lib/python3.7/site-packages/airflow/example_dags/example_trigger_target_dag.py
[2025-10-18T05:18:01.773+0000] {processor.py:826} INFO - Processing file /home/airflow/.local/lib/python3.7/site-packages/airflow/example_dags/example_trigger_target_dag.py for tasks to queue
[2025-10-18T05:18:01.774+0000] {logging_mixin.py:149} INFO - [2025-10-18T05:18:01.774+0000] {dagbag.py:541} INFO - Filling up the DagBag from /home/airflow/.local/lib/python3.7/site-packages/airflow/example_dags/example_trigger_target_dag.py
[2025-10-18T05:18:01.782+0000] {processor.py:836} INFO - DAG(s) dict_keys(['example_trigger_target_dag']) retrieved from /home/airflow/.local/lib/python3.7/site-packages/airflow/example_dags/example_trigger_target_dag.py
[2025-10-18T05:18:01.810+0000] {logging_mixin.py:149} INFO - [2025-10-18T05:18:01.810+0000] {dag.py:2726} INFO - Sync 1 DAGs
[2025-10-18T05:18:01.839+0000] {logging_mixin.py:149} INFO - [2025-10-18T05:18:01.839+0000] {dag.py:3490} INFO - Setting next_dagrun for example_trigger_target_dag to None, run_after=None
[2025-10-18T05:18:01.864+0000] {processor.py:179} INFO - Processing /home/airflow/.local/lib/python3.7/site-packages/airflow/example_dags/example_trigger_target_dag.py took 0.094 seconds
