[2025-10-18T04:44:16.961+0000] {processor.py:157} INFO - Started process (PID=368) to work on /home/airflow/.local/lib/python3.7/site-packages/airflow/example_dags/tutorial_taskflow_api_virtualenv.py
[2025-10-18T04:44:16.963+0000] {processor.py:826} INFO - Processing file /home/airflow/.local/lib/python3.7/site-packages/airflow/example_dags/tutorial_taskflow_api_virtualenv.py for tasks to queue
[2025-10-18T04:44:16.965+0000] {logging_mixin.py:149} INFO - [2025-10-18T04:44:16.964+0000] {dagbag.py:541} INFO - Filling up the DagBag from /home/airflow/.local/lib/python3.7/site-packages/airflow/example_dags/tutorial_taskflow_api_virtualenv.py
[2025-10-18T04:44:16.980+0000] {processor.py:836} INFO - DAG(s) dict_keys(['tutorial_taskflow_api_virtualenv']) retrieved from /home/airflow/.local/lib/python3.7/site-packages/airflow/example_dags/tutorial_taskflow_api_virtualenv.py
[2025-10-18T04:44:17.562+0000] {logging_mixin.py:149} INFO - [2025-10-18T04:44:17.562+0000] {dag.py:2726} INFO - Sync 1 DAGs
[2025-10-18T04:44:17.642+0000] {logging_mixin.py:149} INFO - [2025-10-18T04:44:17.641+0000] {dag.py:3490} INFO - Setting next_dagrun for tutorial_taskflow_api_virtualenv to None, run_after=None
[2025-10-18T04:44:17.678+0000] {processor.py:179} INFO - Processing /home/airflow/.local/lib/python3.7/site-packages/airflow/example_dags/tutorial_taskflow_api_virtualenv.py took 0.724 seconds
[2025-10-18T04:49:18.705+0000] {processor.py:157} INFO - Started process (PID=374) to work on /home/airflow/.local/lib/python3.7/site-packages/airflow/example_dags/tutorial_taskflow_api_virtualenv.py
[2025-10-18T04:49:18.707+0000] {processor.py:826} INFO - Processing file /home/airflow/.local/lib/python3.7/site-packages/airflow/example_dags/tutorial_taskflow_api_virtualenv.py for tasks to queue
[2025-10-18T04:49:18.709+0000] {logging_mixin.py:149} INFO - [2025-10-18T04:49:18.709+0000] {dagbag.py:541} INFO - Filling up the DagBag from /home/airflow/.local/lib/python3.7/site-packages/airflow/example_dags/tutorial_taskflow_api_virtualenv.py
[2025-10-18T04:49:18.724+0000] {processor.py:836} INFO - DAG(s) dict_keys(['tutorial_taskflow_api_virtualenv']) retrieved from /home/airflow/.local/lib/python3.7/site-packages/airflow/example_dags/tutorial_taskflow_api_virtualenv.py
[2025-10-18T04:49:18.815+0000] {logging_mixin.py:149} INFO - [2025-10-18T04:49:18.815+0000] {dag.py:2726} INFO - Sync 1 DAGs
[2025-10-18T04:49:18.887+0000] {logging_mixin.py:149} INFO - [2025-10-18T04:49:18.886+0000] {dag.py:3490} INFO - Setting next_dagrun for tutorial_taskflow_api_virtualenv to None, run_after=None
[2025-10-18T04:49:18.951+0000] {processor.py:179} INFO - Processing /home/airflow/.local/lib/python3.7/site-packages/airflow/example_dags/tutorial_taskflow_api_virtualenv.py took 0.255 seconds
[2025-10-18T04:49:49.326+0000] {processor.py:157} INFO - Started process (PID=681) to work on /home/airflow/.local/lib/python3.7/site-packages/airflow/example_dags/tutorial_taskflow_api_virtualenv.py
[2025-10-18T04:49:49.327+0000] {processor.py:826} INFO - Processing file /home/airflow/.local/lib/python3.7/site-packages/airflow/example_dags/tutorial_taskflow_api_virtualenv.py for tasks to queue
[2025-10-18T04:49:49.328+0000] {logging_mixin.py:149} INFO - [2025-10-18T04:49:49.328+0000] {dagbag.py:541} INFO - Filling up the DagBag from /home/airflow/.local/lib/python3.7/site-packages/airflow/example_dags/tutorial_taskflow_api_virtualenv.py
[2025-10-18T04:49:49.339+0000] {processor.py:836} INFO - DAG(s) dict_keys(['tutorial_taskflow_api_virtualenv']) retrieved from /home/airflow/.local/lib/python3.7/site-packages/airflow/example_dags/tutorial_taskflow_api_virtualenv.py
[2025-10-18T04:49:49.375+0000] {logging_mixin.py:149} INFO - [2025-10-18T04:49:49.375+0000] {dag.py:2726} INFO - Sync 1 DAGs
[2025-10-18T04:49:49.408+0000] {logging_mixin.py:149} INFO - [2025-10-18T04:49:49.408+0000] {dag.py:3490} INFO - Setting next_dagrun for tutorial_taskflow_api_virtualenv to None, run_after=None
[2025-10-18T04:49:49.437+0000] {processor.py:179} INFO - Processing /home/airflow/.local/lib/python3.7/site-packages/airflow/example_dags/tutorial_taskflow_api_virtualenv.py took 0.115 seconds
[2025-10-18T04:50:19.992+0000] {processor.py:157} INFO - Started process (PID=988) to work on /home/airflow/.local/lib/python3.7/site-packages/airflow/example_dags/tutorial_taskflow_api_virtualenv.py
[2025-10-18T04:50:19.993+0000] {processor.py:826} INFO - Processing file /home/airflow/.local/lib/python3.7/site-packages/airflow/example_dags/tutorial_taskflow_api_virtualenv.py for tasks to queue
[2025-10-18T04:50:19.994+0000] {logging_mixin.py:149} INFO - [2025-10-18T04:50:19.994+0000] {dagbag.py:541} INFO - Filling up the DagBag from /home/airflow/.local/lib/python3.7/site-packages/airflow/example_dags/tutorial_taskflow_api_virtualenv.py
[2025-10-18T04:50:20.001+0000] {processor.py:836} INFO - DAG(s) dict_keys(['tutorial_taskflow_api_virtualenv']) retrieved from /home/airflow/.local/lib/python3.7/site-packages/airflow/example_dags/tutorial_taskflow_api_virtualenv.py
[2025-10-18T04:50:20.030+0000] {logging_mixin.py:149} INFO - [2025-10-18T04:50:20.030+0000] {dag.py:2726} INFO - Sync 1 DAGs
[2025-10-18T04:50:20.063+0000] {logging_mixin.py:149} INFO - [2025-10-18T04:50:20.063+0000] {dag.py:3490} INFO - Setting next_dagrun for tutorial_taskflow_api_virtualenv to None, run_after=None
[2025-10-18T04:50:20.084+0000] {processor.py:179} INFO - Processing /home/airflow/.local/lib/python3.7/site-packages/airflow/example_dags/tutorial_taskflow_api_virtualenv.py took 0.095 seconds
[2025-10-18T04:50:50.363+0000] {processor.py:157} INFO - Started process (PID=1295) to work on /home/airflow/.local/lib/python3.7/site-packages/airflow/example_dags/tutorial_taskflow_api_virtualenv.py
[2025-10-18T04:50:50.364+0000] {processor.py:826} INFO - Processing file /home/airflow/.local/lib/python3.7/site-packages/airflow/example_dags/tutorial_taskflow_api_virtualenv.py for tasks to queue
[2025-10-18T04:50:50.365+0000] {logging_mixin.py:149} INFO - [2025-10-18T04:50:50.365+0000] {dagbag.py:541} INFO - Filling up the DagBag from /home/airflow/.local/lib/python3.7/site-packages/airflow/example_dags/tutorial_taskflow_api_virtualenv.py
[2025-10-18T04:50:50.372+0000] {processor.py:836} INFO - DAG(s) dict_keys(['tutorial_taskflow_api_virtualenv']) retrieved from /home/airflow/.local/lib/python3.7/site-packages/airflow/example_dags/tutorial_taskflow_api_virtualenv.py
[2025-10-18T04:50:50.399+0000] {logging_mixin.py:149} INFO - [2025-10-18T04:50:50.399+0000] {dag.py:2726} INFO - Sync 1 DAGs
[2025-10-18T04:50:50.429+0000] {logging_mixin.py:149} INFO - [2025-10-18T04:50:50.429+0000] {dag.py:3490} INFO - Setting next_dagrun for tutorial_taskflow_api_virtualenv to None, run_after=None
[2025-10-18T04:50:50.451+0000] {processor.py:179} INFO - Processing /home/airflow/.local/lib/python3.7/site-packages/airflow/example_dags/tutorial_taskflow_api_virtualenv.py took 0.091 seconds
[2025-10-18T04:51:20.945+0000] {processor.py:157} INFO - Started process (PID=1602) to work on /home/airflow/.local/lib/python3.7/site-packages/airflow/example_dags/tutorial_taskflow_api_virtualenv.py
[2025-10-18T04:51:20.946+0000] {processor.py:826} INFO - Processing file /home/airflow/.local/lib/python3.7/site-packages/airflow/example_dags/tutorial_taskflow_api_virtualenv.py for tasks to queue
[2025-10-18T04:51:20.947+0000] {logging_mixin.py:149} INFO - [2025-10-18T04:51:20.947+0000] {dagbag.py:541} INFO - Filling up the DagBag from /home/airflow/.local/lib/python3.7/site-packages/airflow/example_dags/tutorial_taskflow_api_virtualenv.py
[2025-10-18T04:51:20.954+0000] {processor.py:836} INFO - DAG(s) dict_keys(['tutorial_taskflow_api_virtualenv']) retrieved from /home/airflow/.local/lib/python3.7/site-packages/airflow/example_dags/tutorial_taskflow_api_virtualenv.py
[2025-10-18T04:51:20.984+0000] {logging_mixin.py:149} INFO - [2025-10-18T04:51:20.984+0000] {dag.py:2726} INFO - Sync 1 DAGs
[2025-10-18T04:51:21.016+0000] {logging_mixin.py:149} INFO - [2025-10-18T04:51:21.015+0000] {dag.py:3490} INFO - Setting next_dagrun for tutorial_taskflow_api_virtualenv to None, run_after=None
[2025-10-18T04:51:21.035+0000] {processor.py:179} INFO - Processing /home/airflow/.local/lib/python3.7/site-packages/airflow/example_dags/tutorial_taskflow_api_virtualenv.py took 0.097 seconds
[2025-10-18T04:51:51.539+0000] {processor.py:157} INFO - Started process (PID=1909) to work on /home/airflow/.local/lib/python3.7/site-packages/airflow/example_dags/tutorial_taskflow_api_virtualenv.py
[2025-10-18T04:51:51.540+0000] {processor.py:826} INFO - Processing file /home/airflow/.local/lib/python3.7/site-packages/airflow/example_dags/tutorial_taskflow_api_virtualenv.py for tasks to queue
[2025-10-18T04:51:51.541+0000] {logging_mixin.py:149} INFO - [2025-10-18T04:51:51.541+0000] {dagbag.py:541} INFO - Filling up the DagBag from /home/airflow/.local/lib/python3.7/site-packages/airflow/example_dags/tutorial_taskflow_api_virtualenv.py
[2025-10-18T04:51:51.549+0000] {processor.py:836} INFO - DAG(s) dict_keys(['tutorial_taskflow_api_virtualenv']) retrieved from /home/airflow/.local/lib/python3.7/site-packages/airflow/example_dags/tutorial_taskflow_api_virtualenv.py
[2025-10-18T04:51:51.578+0000] {logging_mixin.py:149} INFO - [2025-10-18T04:51:51.577+0000] {dag.py:2726} INFO - Sync 1 DAGs
[2025-10-18T04:51:51.608+0000] {logging_mixin.py:149} INFO - [2025-10-18T04:51:51.608+0000] {dag.py:3490} INFO - Setting next_dagrun for tutorial_taskflow_api_virtualenv to None, run_after=None
[2025-10-18T04:51:51.629+0000] {processor.py:179} INFO - Processing /home/airflow/.local/lib/python3.7/site-packages/airflow/example_dags/tutorial_taskflow_api_virtualenv.py took 0.094 seconds
[2025-10-18T04:52:22.523+0000] {processor.py:157} INFO - Started process (PID=2216) to work on /home/airflow/.local/lib/python3.7/site-packages/airflow/example_dags/tutorial_taskflow_api_virtualenv.py
[2025-10-18T04:52:22.524+0000] {processor.py:826} INFO - Processing file /home/airflow/.local/lib/python3.7/site-packages/airflow/example_dags/tutorial_taskflow_api_virtualenv.py for tasks to queue
[2025-10-18T04:52:22.525+0000] {logging_mixin.py:149} INFO - [2025-10-18T04:52:22.525+0000] {dagbag.py:541} INFO - Filling up the DagBag from /home/airflow/.local/lib/python3.7/site-packages/airflow/example_dags/tutorial_taskflow_api_virtualenv.py
[2025-10-18T04:52:22.532+0000] {processor.py:836} INFO - DAG(s) dict_keys(['tutorial_taskflow_api_virtualenv']) retrieved from /home/airflow/.local/lib/python3.7/site-packages/airflow/example_dags/tutorial_taskflow_api_virtualenv.py
[2025-10-18T04:52:22.566+0000] {logging_mixin.py:149} INFO - [2025-10-18T04:52:22.566+0000] {dag.py:2726} INFO - Sync 1 DAGs
[2025-10-18T04:52:22.594+0000] {logging_mixin.py:149} INFO - [2025-10-18T04:52:22.594+0000] {dag.py:3490} INFO - Setting next_dagrun for tutorial_taskflow_api_virtualenv to None, run_after=None
[2025-10-18T04:52:22.614+0000] {processor.py:179} INFO - Processing /home/airflow/.local/lib/python3.7/site-packages/airflow/example_dags/tutorial_taskflow_api_virtualenv.py took 0.095 seconds
[2025-10-18T04:52:53.397+0000] {processor.py:157} INFO - Started process (PID=2523) to work on /home/airflow/.local/lib/python3.7/site-packages/airflow/example_dags/tutorial_taskflow_api_virtualenv.py
[2025-10-18T04:52:53.398+0000] {processor.py:826} INFO - Processing file /home/airflow/.local/lib/python3.7/site-packages/airflow/example_dags/tutorial_taskflow_api_virtualenv.py for tasks to queue
[2025-10-18T04:52:53.398+0000] {logging_mixin.py:149} INFO - [2025-10-18T04:52:53.398+0000] {dagbag.py:541} INFO - Filling up the DagBag from /home/airflow/.local/lib/python3.7/site-packages/airflow/example_dags/tutorial_taskflow_api_virtualenv.py
[2025-10-18T04:52:53.407+0000] {processor.py:836} INFO - DAG(s) dict_keys(['tutorial_taskflow_api_virtualenv']) retrieved from /home/airflow/.local/lib/python3.7/site-packages/airflow/example_dags/tutorial_taskflow_api_virtualenv.py
[2025-10-18T04:52:53.438+0000] {logging_mixin.py:149} INFO - [2025-10-18T04:52:53.438+0000] {dag.py:2726} INFO - Sync 1 DAGs
[2025-10-18T04:52:53.467+0000] {logging_mixin.py:149} INFO - [2025-10-18T04:52:53.467+0000] {dag.py:3490} INFO - Setting next_dagrun for tutorial_taskflow_api_virtualenv to None, run_after=None
[2025-10-18T04:52:53.487+0000] {processor.py:179} INFO - Processing /home/airflow/.local/lib/python3.7/site-packages/airflow/example_dags/tutorial_taskflow_api_virtualenv.py took 0.094 seconds
[2025-10-18T04:53:23.793+0000] {processor.py:157} INFO - Started process (PID=2830) to work on /home/airflow/.local/lib/python3.7/site-packages/airflow/example_dags/tutorial_taskflow_api_virtualenv.py
[2025-10-18T04:53:23.795+0000] {processor.py:826} INFO - Processing file /home/airflow/.local/lib/python3.7/site-packages/airflow/example_dags/tutorial_taskflow_api_virtualenv.py for tasks to queue
[2025-10-18T04:53:23.796+0000] {logging_mixin.py:149} INFO - [2025-10-18T04:53:23.796+0000] {dagbag.py:541} INFO - Filling up the DagBag from /home/airflow/.local/lib/python3.7/site-packages/airflow/example_dags/tutorial_taskflow_api_virtualenv.py
[2025-10-18T04:53:23.804+0000] {processor.py:836} INFO - DAG(s) dict_keys(['tutorial_taskflow_api_virtualenv']) retrieved from /home/airflow/.local/lib/python3.7/site-packages/airflow/example_dags/tutorial_taskflow_api_virtualenv.py
[2025-10-18T04:53:23.837+0000] {logging_mixin.py:149} INFO - [2025-10-18T04:53:23.836+0000] {dag.py:2726} INFO - Sync 1 DAGs
[2025-10-18T04:53:23.866+0000] {logging_mixin.py:149} INFO - [2025-10-18T04:53:23.866+0000] {dag.py:3490} INFO - Setting next_dagrun for tutorial_taskflow_api_virtualenv to None, run_after=None
[2025-10-18T04:53:23.889+0000] {processor.py:179} INFO - Processing /home/airflow/.local/lib/python3.7/site-packages/airflow/example_dags/tutorial_taskflow_api_virtualenv.py took 0.100 seconds
[2025-10-18T04:53:54.571+0000] {processor.py:157} INFO - Started process (PID=3137) to work on /home/airflow/.local/lib/python3.7/site-packages/airflow/example_dags/tutorial_taskflow_api_virtualenv.py
[2025-10-18T04:53:54.572+0000] {processor.py:826} INFO - Processing file /home/airflow/.local/lib/python3.7/site-packages/airflow/example_dags/tutorial_taskflow_api_virtualenv.py for tasks to queue
[2025-10-18T04:53:54.573+0000] {logging_mixin.py:149} INFO - [2025-10-18T04:53:54.572+0000] {dagbag.py:541} INFO - Filling up the DagBag from /home/airflow/.local/lib/python3.7/site-packages/airflow/example_dags/tutorial_taskflow_api_virtualenv.py
[2025-10-18T04:53:54.580+0000] {processor.py:836} INFO - DAG(s) dict_keys(['tutorial_taskflow_api_virtualenv']) retrieved from /home/airflow/.local/lib/python3.7/site-packages/airflow/example_dags/tutorial_taskflow_api_virtualenv.py
[2025-10-18T04:53:54.614+0000] {logging_mixin.py:149} INFO - [2025-10-18T04:53:54.614+0000] {dag.py:2726} INFO - Sync 1 DAGs
[2025-10-18T04:53:54.645+0000] {logging_mixin.py:149} INFO - [2025-10-18T04:53:54.644+0000] {dag.py:3490} INFO - Setting next_dagrun for tutorial_taskflow_api_virtualenv to None, run_after=None
[2025-10-18T04:53:54.667+0000] {processor.py:179} INFO - Processing /home/airflow/.local/lib/python3.7/site-packages/airflow/example_dags/tutorial_taskflow_api_virtualenv.py took 0.101 seconds
[2025-10-18T04:54:25.500+0000] {processor.py:157} INFO - Started process (PID=3444) to work on /home/airflow/.local/lib/python3.7/site-packages/airflow/example_dags/tutorial_taskflow_api_virtualenv.py
[2025-10-18T04:54:25.502+0000] {processor.py:826} INFO - Processing file /home/airflow/.local/lib/python3.7/site-packages/airflow/example_dags/tutorial_taskflow_api_virtualenv.py for tasks to queue
[2025-10-18T04:54:25.503+0000] {logging_mixin.py:149} INFO - [2025-10-18T04:54:25.503+0000] {dagbag.py:541} INFO - Filling up the DagBag from /home/airflow/.local/lib/python3.7/site-packages/airflow/example_dags/tutorial_taskflow_api_virtualenv.py
[2025-10-18T04:54:25.511+0000] {processor.py:836} INFO - DAG(s) dict_keys(['tutorial_taskflow_api_virtualenv']) retrieved from /home/airflow/.local/lib/python3.7/site-packages/airflow/example_dags/tutorial_taskflow_api_virtualenv.py
[2025-10-18T04:54:25.541+0000] {logging_mixin.py:149} INFO - [2025-10-18T04:54:25.541+0000] {dag.py:2726} INFO - Sync 1 DAGs
[2025-10-18T04:54:25.570+0000] {logging_mixin.py:149} INFO - [2025-10-18T04:54:25.570+0000] {dag.py:3490} INFO - Setting next_dagrun for tutorial_taskflow_api_virtualenv to None, run_after=None
[2025-10-18T04:54:25.590+0000] {processor.py:179} INFO - Processing /home/airflow/.local/lib/python3.7/site-packages/airflow/example_dags/tutorial_taskflow_api_virtualenv.py took 0.094 seconds
[2025-10-18T04:54:55.661+0000] {processor.py:157} INFO - Started process (PID=3751) to work on /home/airflow/.local/lib/python3.7/site-packages/airflow/example_dags/tutorial_taskflow_api_virtualenv.py
[2025-10-18T04:54:55.662+0000] {processor.py:826} INFO - Processing file /home/airflow/.local/lib/python3.7/site-packages/airflow/example_dags/tutorial_taskflow_api_virtualenv.py for tasks to queue
[2025-10-18T04:54:55.663+0000] {logging_mixin.py:149} INFO - [2025-10-18T04:54:55.663+0000] {dagbag.py:541} INFO - Filling up the DagBag from /home/airflow/.local/lib/python3.7/site-packages/airflow/example_dags/tutorial_taskflow_api_virtualenv.py
[2025-10-18T04:54:55.670+0000] {processor.py:836} INFO - DAG(s) dict_keys(['tutorial_taskflow_api_virtualenv']) retrieved from /home/airflow/.local/lib/python3.7/site-packages/airflow/example_dags/tutorial_taskflow_api_virtualenv.py
[2025-10-18T04:54:55.700+0000] {logging_mixin.py:149} INFO - [2025-10-18T04:54:55.699+0000] {dag.py:2726} INFO - Sync 1 DAGs
[2025-10-18T04:54:55.735+0000] {logging_mixin.py:149} INFO - [2025-10-18T04:54:55.734+0000] {dag.py:3490} INFO - Setting next_dagrun for tutorial_taskflow_api_virtualenv to None, run_after=None
[2025-10-18T04:54:55.764+0000] {processor.py:179} INFO - Processing /home/airflow/.local/lib/python3.7/site-packages/airflow/example_dags/tutorial_taskflow_api_virtualenv.py took 0.107 seconds
[2025-10-18T04:55:26.625+0000] {processor.py:157} INFO - Started process (PID=4058) to work on /home/airflow/.local/lib/python3.7/site-packages/airflow/example_dags/tutorial_taskflow_api_virtualenv.py
[2025-10-18T04:55:26.625+0000] {processor.py:826} INFO - Processing file /home/airflow/.local/lib/python3.7/site-packages/airflow/example_dags/tutorial_taskflow_api_virtualenv.py for tasks to queue
[2025-10-18T04:55:26.626+0000] {logging_mixin.py:149} INFO - [2025-10-18T04:55:26.626+0000] {dagbag.py:541} INFO - Filling up the DagBag from /home/airflow/.local/lib/python3.7/site-packages/airflow/example_dags/tutorial_taskflow_api_virtualenv.py
[2025-10-18T04:55:26.634+0000] {processor.py:836} INFO - DAG(s) dict_keys(['tutorial_taskflow_api_virtualenv']) retrieved from /home/airflow/.local/lib/python3.7/site-packages/airflow/example_dags/tutorial_taskflow_api_virtualenv.py
[2025-10-18T04:55:26.670+0000] {logging_mixin.py:149} INFO - [2025-10-18T04:55:26.670+0000] {dag.py:2726} INFO - Sync 1 DAGs
[2025-10-18T04:55:26.703+0000] {logging_mixin.py:149} INFO - [2025-10-18T04:55:26.703+0000] {dag.py:3490} INFO - Setting next_dagrun for tutorial_taskflow_api_virtualenv to None, run_after=None
[2025-10-18T04:55:26.726+0000] {processor.py:179} INFO - Processing /home/airflow/.local/lib/python3.7/site-packages/airflow/example_dags/tutorial_taskflow_api_virtualenv.py took 0.105 seconds
[2025-10-18T04:55:57.263+0000] {processor.py:157} INFO - Started process (PID=4365) to work on /home/airflow/.local/lib/python3.7/site-packages/airflow/example_dags/tutorial_taskflow_api_virtualenv.py
[2025-10-18T04:55:57.264+0000] {processor.py:826} INFO - Processing file /home/airflow/.local/lib/python3.7/site-packages/airflow/example_dags/tutorial_taskflow_api_virtualenv.py for tasks to queue
[2025-10-18T04:55:57.266+0000] {logging_mixin.py:149} INFO - [2025-10-18T04:55:57.266+0000] {dagbag.py:541} INFO - Filling up the DagBag from /home/airflow/.local/lib/python3.7/site-packages/airflow/example_dags/tutorial_taskflow_api_virtualenv.py
[2025-10-18T04:55:57.274+0000] {processor.py:836} INFO - DAG(s) dict_keys(['tutorial_taskflow_api_virtualenv']) retrieved from /home/airflow/.local/lib/python3.7/site-packages/airflow/example_dags/tutorial_taskflow_api_virtualenv.py
[2025-10-18T04:55:57.304+0000] {logging_mixin.py:149} INFO - [2025-10-18T04:55:57.304+0000] {dag.py:2726} INFO - Sync 1 DAGs
[2025-10-18T04:55:57.338+0000] {logging_mixin.py:149} INFO - [2025-10-18T04:55:57.338+0000] {dag.py:3490} INFO - Setting next_dagrun for tutorial_taskflow_api_virtualenv to None, run_after=None
[2025-10-18T04:55:57.359+0000] {processor.py:179} INFO - Processing /home/airflow/.local/lib/python3.7/site-packages/airflow/example_dags/tutorial_taskflow_api_virtualenv.py took 0.099 seconds
[2025-10-18T04:56:27.457+0000] {processor.py:157} INFO - Started process (PID=4672) to work on /home/airflow/.local/lib/python3.7/site-packages/airflow/example_dags/tutorial_taskflow_api_virtualenv.py
[2025-10-18T04:56:27.458+0000] {processor.py:826} INFO - Processing file /home/airflow/.local/lib/python3.7/site-packages/airflow/example_dags/tutorial_taskflow_api_virtualenv.py for tasks to queue
[2025-10-18T04:56:27.459+0000] {logging_mixin.py:149} INFO - [2025-10-18T04:56:27.458+0000] {dagbag.py:541} INFO - Filling up the DagBag from /home/airflow/.local/lib/python3.7/site-packages/airflow/example_dags/tutorial_taskflow_api_virtualenv.py
[2025-10-18T04:56:27.465+0000] {processor.py:836} INFO - DAG(s) dict_keys(['tutorial_taskflow_api_virtualenv']) retrieved from /home/airflow/.local/lib/python3.7/site-packages/airflow/example_dags/tutorial_taskflow_api_virtualenv.py
[2025-10-18T04:56:27.496+0000] {logging_mixin.py:149} INFO - [2025-10-18T04:56:27.496+0000] {dag.py:2726} INFO - Sync 1 DAGs
[2025-10-18T04:56:27.526+0000] {logging_mixin.py:149} INFO - [2025-10-18T04:56:27.526+0000] {dag.py:3490} INFO - Setting next_dagrun for tutorial_taskflow_api_virtualenv to None, run_after=None
[2025-10-18T04:56:27.548+0000] {processor.py:179} INFO - Processing /home/airflow/.local/lib/python3.7/site-packages/airflow/example_dags/tutorial_taskflow_api_virtualenv.py took 0.094 seconds
[2025-10-18T04:56:58.564+0000] {processor.py:157} INFO - Started process (PID=4979) to work on /home/airflow/.local/lib/python3.7/site-packages/airflow/example_dags/tutorial_taskflow_api_virtualenv.py
[2025-10-18T04:56:58.565+0000] {processor.py:826} INFO - Processing file /home/airflow/.local/lib/python3.7/site-packages/airflow/example_dags/tutorial_taskflow_api_virtualenv.py for tasks to queue
[2025-10-18T04:56:58.566+0000] {logging_mixin.py:149} INFO - [2025-10-18T04:56:58.566+0000] {dagbag.py:541} INFO - Filling up the DagBag from /home/airflow/.local/lib/python3.7/site-packages/airflow/example_dags/tutorial_taskflow_api_virtualenv.py
[2025-10-18T04:56:58.574+0000] {processor.py:836} INFO - DAG(s) dict_keys(['tutorial_taskflow_api_virtualenv']) retrieved from /home/airflow/.local/lib/python3.7/site-packages/airflow/example_dags/tutorial_taskflow_api_virtualenv.py
[2025-10-18T04:56:58.606+0000] {logging_mixin.py:149} INFO - [2025-10-18T04:56:58.605+0000] {dag.py:2726} INFO - Sync 1 DAGs
[2025-10-18T04:56:58.637+0000] {logging_mixin.py:149} INFO - [2025-10-18T04:56:58.637+0000] {dag.py:3490} INFO - Setting next_dagrun for tutorial_taskflow_api_virtualenv to None, run_after=None
[2025-10-18T04:56:58.659+0000] {processor.py:179} INFO - Processing /home/airflow/.local/lib/python3.7/site-packages/airflow/example_dags/tutorial_taskflow_api_virtualenv.py took 0.099 seconds
[2025-10-18T04:57:29.300+0000] {processor.py:157} INFO - Started process (PID=5286) to work on /home/airflow/.local/lib/python3.7/site-packages/airflow/example_dags/tutorial_taskflow_api_virtualenv.py
[2025-10-18T04:57:29.301+0000] {processor.py:826} INFO - Processing file /home/airflow/.local/lib/python3.7/site-packages/airflow/example_dags/tutorial_taskflow_api_virtualenv.py for tasks to queue
[2025-10-18T04:57:29.302+0000] {logging_mixin.py:149} INFO - [2025-10-18T04:57:29.301+0000] {dagbag.py:541} INFO - Filling up the DagBag from /home/airflow/.local/lib/python3.7/site-packages/airflow/example_dags/tutorial_taskflow_api_virtualenv.py
[2025-10-18T04:57:29.310+0000] {processor.py:836} INFO - DAG(s) dict_keys(['tutorial_taskflow_api_virtualenv']) retrieved from /home/airflow/.local/lib/python3.7/site-packages/airflow/example_dags/tutorial_taskflow_api_virtualenv.py
[2025-10-18T04:57:29.348+0000] {logging_mixin.py:149} INFO - [2025-10-18T04:57:29.347+0000] {dag.py:2726} INFO - Sync 1 DAGs
[2025-10-18T04:57:29.379+0000] {logging_mixin.py:149} INFO - [2025-10-18T04:57:29.379+0000] {dag.py:3490} INFO - Setting next_dagrun for tutorial_taskflow_api_virtualenv to None, run_after=None
[2025-10-18T04:57:29.404+0000] {processor.py:179} INFO - Processing /home/airflow/.local/lib/python3.7/site-packages/airflow/example_dags/tutorial_taskflow_api_virtualenv.py took 0.108 seconds
[2025-10-18T04:57:59.991+0000] {processor.py:157} INFO - Started process (PID=5593) to work on /home/airflow/.local/lib/python3.7/site-packages/airflow/example_dags/tutorial_taskflow_api_virtualenv.py
[2025-10-18T04:57:59.992+0000] {processor.py:826} INFO - Processing file /home/airflow/.local/lib/python3.7/site-packages/airflow/example_dags/tutorial_taskflow_api_virtualenv.py for tasks to queue
[2025-10-18T04:57:59.993+0000] {logging_mixin.py:149} INFO - [2025-10-18T04:57:59.992+0000] {dagbag.py:541} INFO - Filling up the DagBag from /home/airflow/.local/lib/python3.7/site-packages/airflow/example_dags/tutorial_taskflow_api_virtualenv.py
[2025-10-18T04:58:00.000+0000] {processor.py:836} INFO - DAG(s) dict_keys(['tutorial_taskflow_api_virtualenv']) retrieved from /home/airflow/.local/lib/python3.7/site-packages/airflow/example_dags/tutorial_taskflow_api_virtualenv.py
[2025-10-18T04:58:00.037+0000] {logging_mixin.py:149} INFO - [2025-10-18T04:58:00.037+0000] {dag.py:2726} INFO - Sync 1 DAGs
[2025-10-18T04:58:00.067+0000] {logging_mixin.py:149} INFO - [2025-10-18T04:58:00.067+0000] {dag.py:3490} INFO - Setting next_dagrun for tutorial_taskflow_api_virtualenv to None, run_after=None
[2025-10-18T04:58:00.090+0000] {processor.py:179} INFO - Processing /home/airflow/.local/lib/python3.7/site-packages/airflow/example_dags/tutorial_taskflow_api_virtualenv.py took 0.102 seconds
[2025-10-18T04:58:30.230+0000] {processor.py:157} INFO - Started process (PID=5900) to work on /home/airflow/.local/lib/python3.7/site-packages/airflow/example_dags/tutorial_taskflow_api_virtualenv.py
[2025-10-18T04:58:30.231+0000] {processor.py:826} INFO - Processing file /home/airflow/.local/lib/python3.7/site-packages/airflow/example_dags/tutorial_taskflow_api_virtualenv.py for tasks to queue
[2025-10-18T04:58:30.233+0000] {logging_mixin.py:149} INFO - [2025-10-18T04:58:30.233+0000] {dagbag.py:541} INFO - Filling up the DagBag from /home/airflow/.local/lib/python3.7/site-packages/airflow/example_dags/tutorial_taskflow_api_virtualenv.py
[2025-10-18T04:58:30.240+0000] {processor.py:836} INFO - DAG(s) dict_keys(['tutorial_taskflow_api_virtualenv']) retrieved from /home/airflow/.local/lib/python3.7/site-packages/airflow/example_dags/tutorial_taskflow_api_virtualenv.py
[2025-10-18T04:58:30.273+0000] {logging_mixin.py:149} INFO - [2025-10-18T04:58:30.273+0000] {dag.py:2726} INFO - Sync 1 DAGs
[2025-10-18T04:58:30.305+0000] {logging_mixin.py:149} INFO - [2025-10-18T04:58:30.304+0000] {dag.py:3490} INFO - Setting next_dagrun for tutorial_taskflow_api_virtualenv to None, run_after=None
[2025-10-18T04:58:30.328+0000] {processor.py:179} INFO - Processing /home/airflow/.local/lib/python3.7/site-packages/airflow/example_dags/tutorial_taskflow_api_virtualenv.py took 0.101 seconds
[2025-10-18T04:59:01.257+0000] {processor.py:157} INFO - Started process (PID=6207) to work on /home/airflow/.local/lib/python3.7/site-packages/airflow/example_dags/tutorial_taskflow_api_virtualenv.py
[2025-10-18T04:59:01.258+0000] {processor.py:826} INFO - Processing file /home/airflow/.local/lib/python3.7/site-packages/airflow/example_dags/tutorial_taskflow_api_virtualenv.py for tasks to queue
[2025-10-18T04:59:01.259+0000] {logging_mixin.py:149} INFO - [2025-10-18T04:59:01.259+0000] {dagbag.py:541} INFO - Filling up the DagBag from /home/airflow/.local/lib/python3.7/site-packages/airflow/example_dags/tutorial_taskflow_api_virtualenv.py
[2025-10-18T04:59:01.267+0000] {processor.py:836} INFO - DAG(s) dict_keys(['tutorial_taskflow_api_virtualenv']) retrieved from /home/airflow/.local/lib/python3.7/site-packages/airflow/example_dags/tutorial_taskflow_api_virtualenv.py
[2025-10-18T04:59:01.300+0000] {logging_mixin.py:149} INFO - [2025-10-18T04:59:01.300+0000] {dag.py:2726} INFO - Sync 1 DAGs
[2025-10-18T04:59:01.329+0000] {logging_mixin.py:149} INFO - [2025-10-18T04:59:01.328+0000] {dag.py:3490} INFO - Setting next_dagrun for tutorial_taskflow_api_virtualenv to None, run_after=None
[2025-10-18T04:59:01.351+0000] {processor.py:179} INFO - Processing /home/airflow/.local/lib/python3.7/site-packages/airflow/example_dags/tutorial_taskflow_api_virtualenv.py took 0.098 seconds
[2025-10-18T04:59:32.213+0000] {processor.py:157} INFO - Started process (PID=6514) to work on /home/airflow/.local/lib/python3.7/site-packages/airflow/example_dags/tutorial_taskflow_api_virtualenv.py
[2025-10-18T04:59:32.214+0000] {processor.py:826} INFO - Processing file /home/airflow/.local/lib/python3.7/site-packages/airflow/example_dags/tutorial_taskflow_api_virtualenv.py for tasks to queue
[2025-10-18T04:59:32.215+0000] {logging_mixin.py:149} INFO - [2025-10-18T04:59:32.214+0000] {dagbag.py:541} INFO - Filling up the DagBag from /home/airflow/.local/lib/python3.7/site-packages/airflow/example_dags/tutorial_taskflow_api_virtualenv.py
[2025-10-18T04:59:32.222+0000] {processor.py:836} INFO - DAG(s) dict_keys(['tutorial_taskflow_api_virtualenv']) retrieved from /home/airflow/.local/lib/python3.7/site-packages/airflow/example_dags/tutorial_taskflow_api_virtualenv.py
[2025-10-18T04:59:32.249+0000] {logging_mixin.py:149} INFO - [2025-10-18T04:59:32.249+0000] {dag.py:2726} INFO - Sync 1 DAGs
[2025-10-18T04:59:32.277+0000] {logging_mixin.py:149} INFO - [2025-10-18T04:59:32.277+0000] {dag.py:3490} INFO - Setting next_dagrun for tutorial_taskflow_api_virtualenv to None, run_after=None
[2025-10-18T04:59:32.298+0000] {processor.py:179} INFO - Processing /home/airflow/.local/lib/python3.7/site-packages/airflow/example_dags/tutorial_taskflow_api_virtualenv.py took 0.089 seconds
[2025-10-18T05:00:02.731+0000] {processor.py:157} INFO - Started process (PID=6821) to work on /home/airflow/.local/lib/python3.7/site-packages/airflow/example_dags/tutorial_taskflow_api_virtualenv.py
[2025-10-18T05:00:02.732+0000] {processor.py:826} INFO - Processing file /home/airflow/.local/lib/python3.7/site-packages/airflow/example_dags/tutorial_taskflow_api_virtualenv.py for tasks to queue
[2025-10-18T05:00:02.733+0000] {logging_mixin.py:149} INFO - [2025-10-18T05:00:02.733+0000] {dagbag.py:541} INFO - Filling up the DagBag from /home/airflow/.local/lib/python3.7/site-packages/airflow/example_dags/tutorial_taskflow_api_virtualenv.py
[2025-10-18T05:00:02.741+0000] {processor.py:836} INFO - DAG(s) dict_keys(['tutorial_taskflow_api_virtualenv']) retrieved from /home/airflow/.local/lib/python3.7/site-packages/airflow/example_dags/tutorial_taskflow_api_virtualenv.py
[2025-10-18T05:00:02.772+0000] {logging_mixin.py:149} INFO - [2025-10-18T05:00:02.772+0000] {dag.py:2726} INFO - Sync 1 DAGs
[2025-10-18T05:00:02.801+0000] {logging_mixin.py:149} INFO - [2025-10-18T05:00:02.801+0000] {dag.py:3490} INFO - Setting next_dagrun for tutorial_taskflow_api_virtualenv to None, run_after=None
[2025-10-18T05:00:02.832+0000] {processor.py:179} INFO - Processing /home/airflow/.local/lib/python3.7/site-packages/airflow/example_dags/tutorial_taskflow_api_virtualenv.py took 0.105 seconds
[2025-10-18T05:00:33.718+0000] {processor.py:157} INFO - Started process (PID=7128) to work on /home/airflow/.local/lib/python3.7/site-packages/airflow/example_dags/tutorial_taskflow_api_virtualenv.py
[2025-10-18T05:00:33.719+0000] {processor.py:826} INFO - Processing file /home/airflow/.local/lib/python3.7/site-packages/airflow/example_dags/tutorial_taskflow_api_virtualenv.py for tasks to queue
[2025-10-18T05:00:33.720+0000] {logging_mixin.py:149} INFO - [2025-10-18T05:00:33.720+0000] {dagbag.py:541} INFO - Filling up the DagBag from /home/airflow/.local/lib/python3.7/site-packages/airflow/example_dags/tutorial_taskflow_api_virtualenv.py
[2025-10-18T05:00:33.729+0000] {processor.py:836} INFO - DAG(s) dict_keys(['tutorial_taskflow_api_virtualenv']) retrieved from /home/airflow/.local/lib/python3.7/site-packages/airflow/example_dags/tutorial_taskflow_api_virtualenv.py
[2025-10-18T05:00:33.756+0000] {logging_mixin.py:149} INFO - [2025-10-18T05:00:33.755+0000] {dag.py:2726} INFO - Sync 1 DAGs
[2025-10-18T05:00:33.785+0000] {logging_mixin.py:149} INFO - [2025-10-18T05:00:33.785+0000] {dag.py:3490} INFO - Setting next_dagrun for tutorial_taskflow_api_virtualenv to None, run_after=None
[2025-10-18T05:00:33.809+0000] {processor.py:179} INFO - Processing /home/airflow/.local/lib/python3.7/site-packages/airflow/example_dags/tutorial_taskflow_api_virtualenv.py took 0.096 seconds
[2025-10-18T05:01:04.784+0000] {processor.py:157} INFO - Started process (PID=7435) to work on /home/airflow/.local/lib/python3.7/site-packages/airflow/example_dags/tutorial_taskflow_api_virtualenv.py
[2025-10-18T05:01:04.785+0000] {processor.py:826} INFO - Processing file /home/airflow/.local/lib/python3.7/site-packages/airflow/example_dags/tutorial_taskflow_api_virtualenv.py for tasks to queue
[2025-10-18T05:01:04.785+0000] {logging_mixin.py:149} INFO - [2025-10-18T05:01:04.785+0000] {dagbag.py:541} INFO - Filling up the DagBag from /home/airflow/.local/lib/python3.7/site-packages/airflow/example_dags/tutorial_taskflow_api_virtualenv.py
[2025-10-18T05:01:04.793+0000] {processor.py:836} INFO - DAG(s) dict_keys(['tutorial_taskflow_api_virtualenv']) retrieved from /home/airflow/.local/lib/python3.7/site-packages/airflow/example_dags/tutorial_taskflow_api_virtualenv.py
[2025-10-18T05:01:04.824+0000] {logging_mixin.py:149} INFO - [2025-10-18T05:01:04.824+0000] {dag.py:2726} INFO - Sync 1 DAGs
[2025-10-18T05:01:04.853+0000] {logging_mixin.py:149} INFO - [2025-10-18T05:01:04.853+0000] {dag.py:3490} INFO - Setting next_dagrun for tutorial_taskflow_api_virtualenv to None, run_after=None
[2025-10-18T05:01:04.876+0000] {processor.py:179} INFO - Processing /home/airflow/.local/lib/python3.7/site-packages/airflow/example_dags/tutorial_taskflow_api_virtualenv.py took 0.096 seconds
[2025-10-18T05:01:35.434+0000] {processor.py:157} INFO - Started process (PID=7742) to work on /home/airflow/.local/lib/python3.7/site-packages/airflow/example_dags/tutorial_taskflow_api_virtualenv.py
[2025-10-18T05:01:35.435+0000] {processor.py:826} INFO - Processing file /home/airflow/.local/lib/python3.7/site-packages/airflow/example_dags/tutorial_taskflow_api_virtualenv.py for tasks to queue
[2025-10-18T05:01:35.436+0000] {logging_mixin.py:149} INFO - [2025-10-18T05:01:35.436+0000] {dagbag.py:541} INFO - Filling up the DagBag from /home/airflow/.local/lib/python3.7/site-packages/airflow/example_dags/tutorial_taskflow_api_virtualenv.py
[2025-10-18T05:01:35.443+0000] {processor.py:836} INFO - DAG(s) dict_keys(['tutorial_taskflow_api_virtualenv']) retrieved from /home/airflow/.local/lib/python3.7/site-packages/airflow/example_dags/tutorial_taskflow_api_virtualenv.py
[2025-10-18T05:01:35.470+0000] {logging_mixin.py:149} INFO - [2025-10-18T05:01:35.470+0000] {dag.py:2726} INFO - Sync 1 DAGs
[2025-10-18T05:01:35.498+0000] {logging_mixin.py:149} INFO - [2025-10-18T05:01:35.498+0000] {dag.py:3490} INFO - Setting next_dagrun for tutorial_taskflow_api_virtualenv to None, run_after=None
[2025-10-18T05:01:35.519+0000] {processor.py:179} INFO - Processing /home/airflow/.local/lib/python3.7/site-packages/airflow/example_dags/tutorial_taskflow_api_virtualenv.py took 0.089 seconds
[2025-10-18T05:02:06.454+0000] {processor.py:157} INFO - Started process (PID=8056) to work on /home/airflow/.local/lib/python3.7/site-packages/airflow/example_dags/tutorial_taskflow_api_virtualenv.py
[2025-10-18T05:02:06.455+0000] {processor.py:826} INFO - Processing file /home/airflow/.local/lib/python3.7/site-packages/airflow/example_dags/tutorial_taskflow_api_virtualenv.py for tasks to queue
[2025-10-18T05:02:06.456+0000] {logging_mixin.py:149} INFO - [2025-10-18T05:02:06.456+0000] {dagbag.py:541} INFO - Filling up the DagBag from /home/airflow/.local/lib/python3.7/site-packages/airflow/example_dags/tutorial_taskflow_api_virtualenv.py
[2025-10-18T05:02:06.464+0000] {processor.py:836} INFO - DAG(s) dict_keys(['tutorial_taskflow_api_virtualenv']) retrieved from /home/airflow/.local/lib/python3.7/site-packages/airflow/example_dags/tutorial_taskflow_api_virtualenv.py
[2025-10-18T05:02:06.491+0000] {logging_mixin.py:149} INFO - [2025-10-18T05:02:06.491+0000] {dag.py:2726} INFO - Sync 1 DAGs
[2025-10-18T05:02:06.522+0000] {logging_mixin.py:149} INFO - [2025-10-18T05:02:06.522+0000] {dag.py:3490} INFO - Setting next_dagrun for tutorial_taskflow_api_virtualenv to None, run_after=None
[2025-10-18T05:02:06.546+0000] {processor.py:179} INFO - Processing /home/airflow/.local/lib/python3.7/site-packages/airflow/example_dags/tutorial_taskflow_api_virtualenv.py took 0.095 seconds
[2025-10-18T05:02:37.062+0000] {processor.py:157} INFO - Started process (PID=8363) to work on /home/airflow/.local/lib/python3.7/site-packages/airflow/example_dags/tutorial_taskflow_api_virtualenv.py
[2025-10-18T05:02:37.063+0000] {processor.py:826} INFO - Processing file /home/airflow/.local/lib/python3.7/site-packages/airflow/example_dags/tutorial_taskflow_api_virtualenv.py for tasks to queue
[2025-10-18T05:02:37.064+0000] {logging_mixin.py:149} INFO - [2025-10-18T05:02:37.063+0000] {dagbag.py:541} INFO - Filling up the DagBag from /home/airflow/.local/lib/python3.7/site-packages/airflow/example_dags/tutorial_taskflow_api_virtualenv.py
[2025-10-18T05:02:37.071+0000] {processor.py:836} INFO - DAG(s) dict_keys(['tutorial_taskflow_api_virtualenv']) retrieved from /home/airflow/.local/lib/python3.7/site-packages/airflow/example_dags/tutorial_taskflow_api_virtualenv.py
[2025-10-18T05:02:37.099+0000] {logging_mixin.py:149} INFO - [2025-10-18T05:02:37.099+0000] {dag.py:2726} INFO - Sync 1 DAGs
[2025-10-18T05:02:37.128+0000] {logging_mixin.py:149} INFO - [2025-10-18T05:02:37.127+0000] {dag.py:3490} INFO - Setting next_dagrun for tutorial_taskflow_api_virtualenv to None, run_after=None
[2025-10-18T05:02:37.148+0000] {processor.py:179} INFO - Processing /home/airflow/.local/lib/python3.7/site-packages/airflow/example_dags/tutorial_taskflow_api_virtualenv.py took 0.090 seconds
[2025-10-18T05:03:08.100+0000] {processor.py:157} INFO - Started process (PID=8670) to work on /home/airflow/.local/lib/python3.7/site-packages/airflow/example_dags/tutorial_taskflow_api_virtualenv.py
[2025-10-18T05:03:08.101+0000] {processor.py:826} INFO - Processing file /home/airflow/.local/lib/python3.7/site-packages/airflow/example_dags/tutorial_taskflow_api_virtualenv.py for tasks to queue
[2025-10-18T05:03:08.102+0000] {logging_mixin.py:149} INFO - [2025-10-18T05:03:08.101+0000] {dagbag.py:541} INFO - Filling up the DagBag from /home/airflow/.local/lib/python3.7/site-packages/airflow/example_dags/tutorial_taskflow_api_virtualenv.py
[2025-10-18T05:03:08.109+0000] {processor.py:836} INFO - DAG(s) dict_keys(['tutorial_taskflow_api_virtualenv']) retrieved from /home/airflow/.local/lib/python3.7/site-packages/airflow/example_dags/tutorial_taskflow_api_virtualenv.py
[2025-10-18T05:03:08.139+0000] {logging_mixin.py:149} INFO - [2025-10-18T05:03:08.139+0000] {dag.py:2726} INFO - Sync 1 DAGs
[2025-10-18T05:03:08.167+0000] {logging_mixin.py:149} INFO - [2025-10-18T05:03:08.167+0000] {dag.py:3490} INFO - Setting next_dagrun for tutorial_taskflow_api_virtualenv to None, run_after=None
[2025-10-18T05:03:08.191+0000] {processor.py:179} INFO - Processing /home/airflow/.local/lib/python3.7/site-packages/airflow/example_dags/tutorial_taskflow_api_virtualenv.py took 0.095 seconds
[2025-10-18T05:03:39.374+0000] {processor.py:157} INFO - Started process (PID=8977) to work on /home/airflow/.local/lib/python3.7/site-packages/airflow/example_dags/tutorial_taskflow_api_virtualenv.py
[2025-10-18T05:03:39.375+0000] {processor.py:826} INFO - Processing file /home/airflow/.local/lib/python3.7/site-packages/airflow/example_dags/tutorial_taskflow_api_virtualenv.py for tasks to queue
[2025-10-18T05:03:39.376+0000] {logging_mixin.py:149} INFO - [2025-10-18T05:03:39.376+0000] {dagbag.py:541} INFO - Filling up the DagBag from /home/airflow/.local/lib/python3.7/site-packages/airflow/example_dags/tutorial_taskflow_api_virtualenv.py
[2025-10-18T05:03:39.383+0000] {processor.py:836} INFO - DAG(s) dict_keys(['tutorial_taskflow_api_virtualenv']) retrieved from /home/airflow/.local/lib/python3.7/site-packages/airflow/example_dags/tutorial_taskflow_api_virtualenv.py
[2025-10-18T05:03:39.410+0000] {logging_mixin.py:149} INFO - [2025-10-18T05:03:39.410+0000] {dag.py:2726} INFO - Sync 1 DAGs
[2025-10-18T05:03:39.441+0000] {logging_mixin.py:149} INFO - [2025-10-18T05:03:39.441+0000] {dag.py:3490} INFO - Setting next_dagrun for tutorial_taskflow_api_virtualenv to None, run_after=None
[2025-10-18T05:03:39.464+0000] {processor.py:179} INFO - Processing /home/airflow/.local/lib/python3.7/site-packages/airflow/example_dags/tutorial_taskflow_api_virtualenv.py took 0.093 seconds
[2025-10-18T05:04:10.092+0000] {processor.py:157} INFO - Started process (PID=9284) to work on /home/airflow/.local/lib/python3.7/site-packages/airflow/example_dags/tutorial_taskflow_api_virtualenv.py
[2025-10-18T05:04:10.093+0000] {processor.py:826} INFO - Processing file /home/airflow/.local/lib/python3.7/site-packages/airflow/example_dags/tutorial_taskflow_api_virtualenv.py for tasks to queue
[2025-10-18T05:04:10.094+0000] {logging_mixin.py:149} INFO - [2025-10-18T05:04:10.094+0000] {dagbag.py:541} INFO - Filling up the DagBag from /home/airflow/.local/lib/python3.7/site-packages/airflow/example_dags/tutorial_taskflow_api_virtualenv.py
[2025-10-18T05:04:10.102+0000] {processor.py:836} INFO - DAG(s) dict_keys(['tutorial_taskflow_api_virtualenv']) retrieved from /home/airflow/.local/lib/python3.7/site-packages/airflow/example_dags/tutorial_taskflow_api_virtualenv.py
[2025-10-18T05:04:10.130+0000] {logging_mixin.py:149} INFO - [2025-10-18T05:04:10.130+0000] {dag.py:2726} INFO - Sync 1 DAGs
[2025-10-18T05:04:10.164+0000] {logging_mixin.py:149} INFO - [2025-10-18T05:04:10.164+0000] {dag.py:3490} INFO - Setting next_dagrun for tutorial_taskflow_api_virtualenv to None, run_after=None
[2025-10-18T05:04:10.289+0000] {processor.py:179} INFO - Processing /home/airflow/.local/lib/python3.7/site-packages/airflow/example_dags/tutorial_taskflow_api_virtualenv.py took 0.201 seconds
[2025-10-18T05:04:41.167+0000] {processor.py:157} INFO - Started process (PID=9591) to work on /home/airflow/.local/lib/python3.7/site-packages/airflow/example_dags/tutorial_taskflow_api_virtualenv.py
[2025-10-18T05:04:41.168+0000] {processor.py:826} INFO - Processing file /home/airflow/.local/lib/python3.7/site-packages/airflow/example_dags/tutorial_taskflow_api_virtualenv.py for tasks to queue
[2025-10-18T05:04:41.169+0000] {logging_mixin.py:149} INFO - [2025-10-18T05:04:41.169+0000] {dagbag.py:541} INFO - Filling up the DagBag from /home/airflow/.local/lib/python3.7/site-packages/airflow/example_dags/tutorial_taskflow_api_virtualenv.py
[2025-10-18T05:04:41.177+0000] {processor.py:836} INFO - DAG(s) dict_keys(['tutorial_taskflow_api_virtualenv']) retrieved from /home/airflow/.local/lib/python3.7/site-packages/airflow/example_dags/tutorial_taskflow_api_virtualenv.py
[2025-10-18T05:04:41.311+0000] {logging_mixin.py:149} INFO - [2025-10-18T05:04:41.311+0000] {dag.py:2726} INFO - Sync 1 DAGs
[2025-10-18T05:04:41.339+0000] {logging_mixin.py:149} INFO - [2025-10-18T05:04:41.339+0000] {dag.py:3490} INFO - Setting next_dagrun for tutorial_taskflow_api_virtualenv to None, run_after=None
[2025-10-18T05:04:41.367+0000] {processor.py:179} INFO - Processing /home/airflow/.local/lib/python3.7/site-packages/airflow/example_dags/tutorial_taskflow_api_virtualenv.py took 0.203 seconds
[2025-10-18T05:05:11.570+0000] {processor.py:157} INFO - Started process (PID=9898) to work on /home/airflow/.local/lib/python3.7/site-packages/airflow/example_dags/tutorial_taskflow_api_virtualenv.py
[2025-10-18T05:05:11.571+0000] {processor.py:826} INFO - Processing file /home/airflow/.local/lib/python3.7/site-packages/airflow/example_dags/tutorial_taskflow_api_virtualenv.py for tasks to queue
[2025-10-18T05:05:11.594+0000] {logging_mixin.py:149} INFO - [2025-10-18T05:05:11.594+0000] {dagbag.py:541} INFO - Filling up the DagBag from /home/airflow/.local/lib/python3.7/site-packages/airflow/example_dags/tutorial_taskflow_api_virtualenv.py
[2025-10-18T05:05:11.625+0000] {processor.py:836} INFO - DAG(s) dict_keys(['tutorial_taskflow_api_virtualenv']) retrieved from /home/airflow/.local/lib/python3.7/site-packages/airflow/example_dags/tutorial_taskflow_api_virtualenv.py
[2025-10-18T05:05:11.653+0000] {logging_mixin.py:149} INFO - [2025-10-18T05:05:11.653+0000] {dag.py:2726} INFO - Sync 1 DAGs
[2025-10-18T05:05:11.683+0000] {logging_mixin.py:149} INFO - [2025-10-18T05:05:11.683+0000] {dag.py:3490} INFO - Setting next_dagrun for tutorial_taskflow_api_virtualenv to None, run_after=None
[2025-10-18T05:05:11.703+0000] {processor.py:179} INFO - Processing /home/airflow/.local/lib/python3.7/site-packages/airflow/example_dags/tutorial_taskflow_api_virtualenv.py took 0.138 seconds
[2025-10-18T05:05:42.480+0000] {processor.py:157} INFO - Started process (PID=10205) to work on /home/airflow/.local/lib/python3.7/site-packages/airflow/example_dags/tutorial_taskflow_api_virtualenv.py
[2025-10-18T05:05:42.481+0000] {processor.py:826} INFO - Processing file /home/airflow/.local/lib/python3.7/site-packages/airflow/example_dags/tutorial_taskflow_api_virtualenv.py for tasks to queue
[2025-10-18T05:05:42.483+0000] {logging_mixin.py:149} INFO - [2025-10-18T05:05:42.482+0000] {dagbag.py:541} INFO - Filling up the DagBag from /home/airflow/.local/lib/python3.7/site-packages/airflow/example_dags/tutorial_taskflow_api_virtualenv.py
[2025-10-18T05:05:42.490+0000] {processor.py:836} INFO - DAG(s) dict_keys(['tutorial_taskflow_api_virtualenv']) retrieved from /home/airflow/.local/lib/python3.7/site-packages/airflow/example_dags/tutorial_taskflow_api_virtualenv.py
[2025-10-18T05:05:42.516+0000] {logging_mixin.py:149} INFO - [2025-10-18T05:05:42.516+0000] {dag.py:2726} INFO - Sync 1 DAGs
[2025-10-18T05:05:42.544+0000] {logging_mixin.py:149} INFO - [2025-10-18T05:05:42.543+0000] {dag.py:3490} INFO - Setting next_dagrun for tutorial_taskflow_api_virtualenv to None, run_after=None
[2025-10-18T05:05:42.565+0000] {processor.py:179} INFO - Processing /home/airflow/.local/lib/python3.7/site-packages/airflow/example_dags/tutorial_taskflow_api_virtualenv.py took 0.089 seconds
[2025-10-18T05:06:13.238+0000] {processor.py:157} INFO - Started process (PID=10514) to work on /home/airflow/.local/lib/python3.7/site-packages/airflow/example_dags/tutorial_taskflow_api_virtualenv.py
[2025-10-18T05:06:13.239+0000] {processor.py:826} INFO - Processing file /home/airflow/.local/lib/python3.7/site-packages/airflow/example_dags/tutorial_taskflow_api_virtualenv.py for tasks to queue
[2025-10-18T05:06:13.240+0000] {logging_mixin.py:149} INFO - [2025-10-18T05:06:13.239+0000] {dagbag.py:541} INFO - Filling up the DagBag from /home/airflow/.local/lib/python3.7/site-packages/airflow/example_dags/tutorial_taskflow_api_virtualenv.py
[2025-10-18T05:06:13.247+0000] {processor.py:836} INFO - DAG(s) dict_keys(['tutorial_taskflow_api_virtualenv']) retrieved from /home/airflow/.local/lib/python3.7/site-packages/airflow/example_dags/tutorial_taskflow_api_virtualenv.py
[2025-10-18T05:06:13.277+0000] {logging_mixin.py:149} INFO - [2025-10-18T05:06:13.277+0000] {dag.py:2726} INFO - Sync 1 DAGs
[2025-10-18T05:06:13.305+0000] {logging_mixin.py:149} INFO - [2025-10-18T05:06:13.305+0000] {dag.py:3490} INFO - Setting next_dagrun for tutorial_taskflow_api_virtualenv to None, run_after=None
[2025-10-18T05:06:13.329+0000] {processor.py:179} INFO - Processing /home/airflow/.local/lib/python3.7/site-packages/airflow/example_dags/tutorial_taskflow_api_virtualenv.py took 0.095 seconds
[2025-10-18T05:06:43.938+0000] {processor.py:157} INFO - Started process (PID=10819) to work on /home/airflow/.local/lib/python3.7/site-packages/airflow/example_dags/tutorial_taskflow_api_virtualenv.py
[2025-10-18T05:06:43.939+0000] {processor.py:826} INFO - Processing file /home/airflow/.local/lib/python3.7/site-packages/airflow/example_dags/tutorial_taskflow_api_virtualenv.py for tasks to queue
[2025-10-18T05:06:43.939+0000] {logging_mixin.py:149} INFO - [2025-10-18T05:06:43.939+0000] {dagbag.py:541} INFO - Filling up the DagBag from /home/airflow/.local/lib/python3.7/site-packages/airflow/example_dags/tutorial_taskflow_api_virtualenv.py
[2025-10-18T05:06:43.951+0000] {processor.py:836} INFO - DAG(s) dict_keys(['tutorial_taskflow_api_virtualenv']) retrieved from /home/airflow/.local/lib/python3.7/site-packages/airflow/example_dags/tutorial_taskflow_api_virtualenv.py
[2025-10-18T05:06:43.981+0000] {logging_mixin.py:149} INFO - [2025-10-18T05:06:43.980+0000] {dag.py:2726} INFO - Sync 1 DAGs
[2025-10-18T05:06:44.012+0000] {logging_mixin.py:149} INFO - [2025-10-18T05:06:44.012+0000] {dag.py:3490} INFO - Setting next_dagrun for tutorial_taskflow_api_virtualenv to None, run_after=None
[2025-10-18T05:06:44.034+0000] {processor.py:179} INFO - Processing /home/airflow/.local/lib/python3.7/site-packages/airflow/example_dags/tutorial_taskflow_api_virtualenv.py took 0.101 seconds
[2025-10-18T05:07:14.988+0000] {processor.py:157} INFO - Started process (PID=11126) to work on /home/airflow/.local/lib/python3.7/site-packages/airflow/example_dags/tutorial_taskflow_api_virtualenv.py
[2025-10-18T05:07:14.990+0000] {processor.py:826} INFO - Processing file /home/airflow/.local/lib/python3.7/site-packages/airflow/example_dags/tutorial_taskflow_api_virtualenv.py for tasks to queue
[2025-10-18T05:07:14.991+0000] {logging_mixin.py:149} INFO - [2025-10-18T05:07:14.991+0000] {dagbag.py:541} INFO - Filling up the DagBag from /home/airflow/.local/lib/python3.7/site-packages/airflow/example_dags/tutorial_taskflow_api_virtualenv.py
[2025-10-18T05:07:14.998+0000] {processor.py:836} INFO - DAG(s) dict_keys(['tutorial_taskflow_api_virtualenv']) retrieved from /home/airflow/.local/lib/python3.7/site-packages/airflow/example_dags/tutorial_taskflow_api_virtualenv.py
[2025-10-18T05:07:15.032+0000] {logging_mixin.py:149} INFO - [2025-10-18T05:07:15.032+0000] {dag.py:2726} INFO - Sync 1 DAGs
[2025-10-18T05:07:15.063+0000] {logging_mixin.py:149} INFO - [2025-10-18T05:07:15.063+0000] {dag.py:3490} INFO - Setting next_dagrun for tutorial_taskflow_api_virtualenv to None, run_after=None
[2025-10-18T05:07:15.089+0000] {processor.py:179} INFO - Processing /home/airflow/.local/lib/python3.7/site-packages/airflow/example_dags/tutorial_taskflow_api_virtualenv.py took 0.104 seconds
[2025-10-18T05:07:45.914+0000] {processor.py:157} INFO - Started process (PID=11433) to work on /home/airflow/.local/lib/python3.7/site-packages/airflow/example_dags/tutorial_taskflow_api_virtualenv.py
[2025-10-18T05:07:45.915+0000] {processor.py:826} INFO - Processing file /home/airflow/.local/lib/python3.7/site-packages/airflow/example_dags/tutorial_taskflow_api_virtualenv.py for tasks to queue
[2025-10-18T05:07:45.917+0000] {logging_mixin.py:149} INFO - [2025-10-18T05:07:45.916+0000] {dagbag.py:541} INFO - Filling up the DagBag from /home/airflow/.local/lib/python3.7/site-packages/airflow/example_dags/tutorial_taskflow_api_virtualenv.py
[2025-10-18T05:07:45.926+0000] {processor.py:836} INFO - DAG(s) dict_keys(['tutorial_taskflow_api_virtualenv']) retrieved from /home/airflow/.local/lib/python3.7/site-packages/airflow/example_dags/tutorial_taskflow_api_virtualenv.py
[2025-10-18T05:07:45.966+0000] {logging_mixin.py:149} INFO - [2025-10-18T05:07:45.966+0000] {dag.py:2726} INFO - Sync 1 DAGs
[2025-10-18T05:07:46.001+0000] {logging_mixin.py:149} INFO - [2025-10-18T05:07:46.001+0000] {dag.py:3490} INFO - Setting next_dagrun for tutorial_taskflow_api_virtualenv to None, run_after=None
[2025-10-18T05:07:46.033+0000] {processor.py:179} INFO - Processing /home/airflow/.local/lib/python3.7/site-packages/airflow/example_dags/tutorial_taskflow_api_virtualenv.py took 0.123 seconds
[2025-10-18T05:08:17.024+0000] {processor.py:157} INFO - Started process (PID=11742) to work on /home/airflow/.local/lib/python3.7/site-packages/airflow/example_dags/tutorial_taskflow_api_virtualenv.py
[2025-10-18T05:08:17.025+0000] {processor.py:826} INFO - Processing file /home/airflow/.local/lib/python3.7/site-packages/airflow/example_dags/tutorial_taskflow_api_virtualenv.py for tasks to queue
[2025-10-18T05:08:17.026+0000] {logging_mixin.py:149} INFO - [2025-10-18T05:08:17.026+0000] {dagbag.py:541} INFO - Filling up the DagBag from /home/airflow/.local/lib/python3.7/site-packages/airflow/example_dags/tutorial_taskflow_api_virtualenv.py
[2025-10-18T05:08:17.037+0000] {processor.py:836} INFO - DAG(s) dict_keys(['tutorial_taskflow_api_virtualenv']) retrieved from /home/airflow/.local/lib/python3.7/site-packages/airflow/example_dags/tutorial_taskflow_api_virtualenv.py
[2025-10-18T05:08:17.071+0000] {logging_mixin.py:149} INFO - [2025-10-18T05:08:17.071+0000] {dag.py:2726} INFO - Sync 1 DAGs
[2025-10-18T05:08:17.104+0000] {logging_mixin.py:149} INFO - [2025-10-18T05:08:17.104+0000] {dag.py:3490} INFO - Setting next_dagrun for tutorial_taskflow_api_virtualenv to None, run_after=None
[2025-10-18T05:08:17.128+0000] {processor.py:179} INFO - Processing /home/airflow/.local/lib/python3.7/site-packages/airflow/example_dags/tutorial_taskflow_api_virtualenv.py took 0.107 seconds
[2025-10-18T05:08:47.733+0000] {processor.py:157} INFO - Started process (PID=12047) to work on /home/airflow/.local/lib/python3.7/site-packages/airflow/example_dags/tutorial_taskflow_api_virtualenv.py
[2025-10-18T05:08:47.734+0000] {processor.py:826} INFO - Processing file /home/airflow/.local/lib/python3.7/site-packages/airflow/example_dags/tutorial_taskflow_api_virtualenv.py for tasks to queue
[2025-10-18T05:08:47.737+0000] {logging_mixin.py:149} INFO - [2025-10-18T05:08:47.737+0000] {dagbag.py:541} INFO - Filling up the DagBag from /home/airflow/.local/lib/python3.7/site-packages/airflow/example_dags/tutorial_taskflow_api_virtualenv.py
[2025-10-18T05:08:47.745+0000] {processor.py:836} INFO - DAG(s) dict_keys(['tutorial_taskflow_api_virtualenv']) retrieved from /home/airflow/.local/lib/python3.7/site-packages/airflow/example_dags/tutorial_taskflow_api_virtualenv.py
[2025-10-18T05:08:47.773+0000] {logging_mixin.py:149} INFO - [2025-10-18T05:08:47.773+0000] {dag.py:2726} INFO - Sync 1 DAGs
[2025-10-18T05:08:47.804+0000] {logging_mixin.py:149} INFO - [2025-10-18T05:08:47.803+0000] {dag.py:3490} INFO - Setting next_dagrun for tutorial_taskflow_api_virtualenv to None, run_after=None
[2025-10-18T05:08:47.825+0000] {processor.py:179} INFO - Processing /home/airflow/.local/lib/python3.7/site-packages/airflow/example_dags/tutorial_taskflow_api_virtualenv.py took 0.097 seconds
[2025-10-18T05:09:18.189+0000] {processor.py:157} INFO - Started process (PID=12356) to work on /home/airflow/.local/lib/python3.7/site-packages/airflow/example_dags/tutorial_taskflow_api_virtualenv.py
[2025-10-18T05:09:18.190+0000] {processor.py:826} INFO - Processing file /home/airflow/.local/lib/python3.7/site-packages/airflow/example_dags/tutorial_taskflow_api_virtualenv.py for tasks to queue
[2025-10-18T05:09:18.191+0000] {logging_mixin.py:149} INFO - [2025-10-18T05:09:18.191+0000] {dagbag.py:541} INFO - Filling up the DagBag from /home/airflow/.local/lib/python3.7/site-packages/airflow/example_dags/tutorial_taskflow_api_virtualenv.py
[2025-10-18T05:09:18.198+0000] {processor.py:836} INFO - DAG(s) dict_keys(['tutorial_taskflow_api_virtualenv']) retrieved from /home/airflow/.local/lib/python3.7/site-packages/airflow/example_dags/tutorial_taskflow_api_virtualenv.py
[2025-10-18T05:09:18.225+0000] {logging_mixin.py:149} INFO - [2025-10-18T05:09:18.225+0000] {dag.py:2726} INFO - Sync 1 DAGs
[2025-10-18T05:09:18.252+0000] {logging_mixin.py:149} INFO - [2025-10-18T05:09:18.252+0000] {dag.py:3490} INFO - Setting next_dagrun for tutorial_taskflow_api_virtualenv to None, run_after=None
[2025-10-18T05:09:18.273+0000] {processor.py:179} INFO - Processing /home/airflow/.local/lib/python3.7/site-packages/airflow/example_dags/tutorial_taskflow_api_virtualenv.py took 0.087 seconds
[2025-10-18T05:09:49.063+0000] {processor.py:157} INFO - Started process (PID=12661) to work on /home/airflow/.local/lib/python3.7/site-packages/airflow/example_dags/tutorial_taskflow_api_virtualenv.py
[2025-10-18T05:09:49.064+0000] {processor.py:826} INFO - Processing file /home/airflow/.local/lib/python3.7/site-packages/airflow/example_dags/tutorial_taskflow_api_virtualenv.py for tasks to queue
[2025-10-18T05:09:49.066+0000] {logging_mixin.py:149} INFO - [2025-10-18T05:09:49.066+0000] {dagbag.py:541} INFO - Filling up the DagBag from /home/airflow/.local/lib/python3.7/site-packages/airflow/example_dags/tutorial_taskflow_api_virtualenv.py
[2025-10-18T05:09:49.078+0000] {processor.py:836} INFO - DAG(s) dict_keys(['tutorial_taskflow_api_virtualenv']) retrieved from /home/airflow/.local/lib/python3.7/site-packages/airflow/example_dags/tutorial_taskflow_api_virtualenv.py
[2025-10-18T05:09:49.107+0000] {logging_mixin.py:149} INFO - [2025-10-18T05:09:49.107+0000] {dag.py:2726} INFO - Sync 1 DAGs
[2025-10-18T05:09:49.137+0000] {logging_mixin.py:149} INFO - [2025-10-18T05:09:49.136+0000] {dag.py:3490} INFO - Setting next_dagrun for tutorial_taskflow_api_virtualenv to None, run_after=None
[2025-10-18T05:09:49.157+0000] {processor.py:179} INFO - Processing /home/airflow/.local/lib/python3.7/site-packages/airflow/example_dags/tutorial_taskflow_api_virtualenv.py took 0.099 seconds
[2025-10-18T05:10:19.986+0000] {processor.py:157} INFO - Started process (PID=12968) to work on /home/airflow/.local/lib/python3.7/site-packages/airflow/example_dags/tutorial_taskflow_api_virtualenv.py
[2025-10-18T05:10:19.987+0000] {processor.py:826} INFO - Processing file /home/airflow/.local/lib/python3.7/site-packages/airflow/example_dags/tutorial_taskflow_api_virtualenv.py for tasks to queue
[2025-10-18T05:10:19.988+0000] {logging_mixin.py:149} INFO - [2025-10-18T05:10:19.988+0000] {dagbag.py:541} INFO - Filling up the DagBag from /home/airflow/.local/lib/python3.7/site-packages/airflow/example_dags/tutorial_taskflow_api_virtualenv.py
[2025-10-18T05:10:19.995+0000] {processor.py:836} INFO - DAG(s) dict_keys(['tutorial_taskflow_api_virtualenv']) retrieved from /home/airflow/.local/lib/python3.7/site-packages/airflow/example_dags/tutorial_taskflow_api_virtualenv.py
[2025-10-18T05:10:20.026+0000] {logging_mixin.py:149} INFO - [2025-10-18T05:10:20.025+0000] {dag.py:2726} INFO - Sync 1 DAGs
[2025-10-18T05:10:20.056+0000] {logging_mixin.py:149} INFO - [2025-10-18T05:10:20.056+0000] {dag.py:3490} INFO - Setting next_dagrun for tutorial_taskflow_api_virtualenv to None, run_after=None
[2025-10-18T05:10:20.077+0000] {processor.py:179} INFO - Processing /home/airflow/.local/lib/python3.7/site-packages/airflow/example_dags/tutorial_taskflow_api_virtualenv.py took 0.095 seconds
[2025-10-18T05:10:50.927+0000] {processor.py:157} INFO - Started process (PID=13277) to work on /home/airflow/.local/lib/python3.7/site-packages/airflow/example_dags/tutorial_taskflow_api_virtualenv.py
[2025-10-18T05:10:50.928+0000] {processor.py:826} INFO - Processing file /home/airflow/.local/lib/python3.7/site-packages/airflow/example_dags/tutorial_taskflow_api_virtualenv.py for tasks to queue
[2025-10-18T05:10:50.929+0000] {logging_mixin.py:149} INFO - [2025-10-18T05:10:50.929+0000] {dagbag.py:541} INFO - Filling up the DagBag from /home/airflow/.local/lib/python3.7/site-packages/airflow/example_dags/tutorial_taskflow_api_virtualenv.py
[2025-10-18T05:10:50.936+0000] {processor.py:836} INFO - DAG(s) dict_keys(['tutorial_taskflow_api_virtualenv']) retrieved from /home/airflow/.local/lib/python3.7/site-packages/airflow/example_dags/tutorial_taskflow_api_virtualenv.py
[2025-10-18T05:10:50.962+0000] {logging_mixin.py:149} INFO - [2025-10-18T05:10:50.962+0000] {dag.py:2726} INFO - Sync 1 DAGs
[2025-10-18T05:10:50.990+0000] {logging_mixin.py:149} INFO - [2025-10-18T05:10:50.990+0000] {dag.py:3490} INFO - Setting next_dagrun for tutorial_taskflow_api_virtualenv to None, run_after=None
[2025-10-18T05:10:51.009+0000] {processor.py:179} INFO - Processing /home/airflow/.local/lib/python3.7/site-packages/airflow/example_dags/tutorial_taskflow_api_virtualenv.py took 0.086 seconds
[2025-10-18T05:11:21.590+0000] {processor.py:157} INFO - Started process (PID=13582) to work on /home/airflow/.local/lib/python3.7/site-packages/airflow/example_dags/tutorial_taskflow_api_virtualenv.py
[2025-10-18T05:11:21.591+0000] {processor.py:826} INFO - Processing file /home/airflow/.local/lib/python3.7/site-packages/airflow/example_dags/tutorial_taskflow_api_virtualenv.py for tasks to queue
[2025-10-18T05:11:21.592+0000] {logging_mixin.py:149} INFO - [2025-10-18T05:11:21.591+0000] {dagbag.py:541} INFO - Filling up the DagBag from /home/airflow/.local/lib/python3.7/site-packages/airflow/example_dags/tutorial_taskflow_api_virtualenv.py
[2025-10-18T05:11:21.598+0000] {processor.py:836} INFO - DAG(s) dict_keys(['tutorial_taskflow_api_virtualenv']) retrieved from /home/airflow/.local/lib/python3.7/site-packages/airflow/example_dags/tutorial_taskflow_api_virtualenv.py
[2025-10-18T05:11:21.625+0000] {logging_mixin.py:149} INFO - [2025-10-18T05:11:21.625+0000] {dag.py:2726} INFO - Sync 1 DAGs
[2025-10-18T05:11:21.654+0000] {logging_mixin.py:149} INFO - [2025-10-18T05:11:21.654+0000] {dag.py:3490} INFO - Setting next_dagrun for tutorial_taskflow_api_virtualenv to None, run_after=None
[2025-10-18T05:11:21.678+0000] {processor.py:179} INFO - Processing /home/airflow/.local/lib/python3.7/site-packages/airflow/example_dags/tutorial_taskflow_api_virtualenv.py took 0.092 seconds
[2025-10-18T05:11:52.392+0000] {processor.py:157} INFO - Started process (PID=13889) to work on /home/airflow/.local/lib/python3.7/site-packages/airflow/example_dags/tutorial_taskflow_api_virtualenv.py
[2025-10-18T05:11:52.393+0000] {processor.py:826} INFO - Processing file /home/airflow/.local/lib/python3.7/site-packages/airflow/example_dags/tutorial_taskflow_api_virtualenv.py for tasks to queue
[2025-10-18T05:11:52.394+0000] {logging_mixin.py:149} INFO - [2025-10-18T05:11:52.394+0000] {dagbag.py:541} INFO - Filling up the DagBag from /home/airflow/.local/lib/python3.7/site-packages/airflow/example_dags/tutorial_taskflow_api_virtualenv.py
[2025-10-18T05:11:52.401+0000] {processor.py:836} INFO - DAG(s) dict_keys(['tutorial_taskflow_api_virtualenv']) retrieved from /home/airflow/.local/lib/python3.7/site-packages/airflow/example_dags/tutorial_taskflow_api_virtualenv.py
[2025-10-18T05:11:52.427+0000] {logging_mixin.py:149} INFO - [2025-10-18T05:11:52.427+0000] {dag.py:2726} INFO - Sync 1 DAGs
[2025-10-18T05:11:52.455+0000] {logging_mixin.py:149} INFO - [2025-10-18T05:11:52.455+0000] {dag.py:3490} INFO - Setting next_dagrun for tutorial_taskflow_api_virtualenv to None, run_after=None
[2025-10-18T05:11:52.476+0000] {processor.py:179} INFO - Processing /home/airflow/.local/lib/python3.7/site-packages/airflow/example_dags/tutorial_taskflow_api_virtualenv.py took 0.088 seconds
[2025-10-18T05:12:23.211+0000] {processor.py:157} INFO - Started process (PID=14196) to work on /home/airflow/.local/lib/python3.7/site-packages/airflow/example_dags/tutorial_taskflow_api_virtualenv.py
[2025-10-18T05:12:23.213+0000] {processor.py:826} INFO - Processing file /home/airflow/.local/lib/python3.7/site-packages/airflow/example_dags/tutorial_taskflow_api_virtualenv.py for tasks to queue
[2025-10-18T05:12:23.215+0000] {logging_mixin.py:149} INFO - [2025-10-18T05:12:23.214+0000] {dagbag.py:541} INFO - Filling up the DagBag from /home/airflow/.local/lib/python3.7/site-packages/airflow/example_dags/tutorial_taskflow_api_virtualenv.py
[2025-10-18T05:12:23.223+0000] {processor.py:836} INFO - DAG(s) dict_keys(['tutorial_taskflow_api_virtualenv']) retrieved from /home/airflow/.local/lib/python3.7/site-packages/airflow/example_dags/tutorial_taskflow_api_virtualenv.py
[2025-10-18T05:12:23.251+0000] {logging_mixin.py:149} INFO - [2025-10-18T05:12:23.250+0000] {dag.py:2726} INFO - Sync 1 DAGs
[2025-10-18T05:12:23.290+0000] {logging_mixin.py:149} INFO - [2025-10-18T05:12:23.290+0000] {dag.py:3490} INFO - Setting next_dagrun for tutorial_taskflow_api_virtualenv to None, run_after=None
[2025-10-18T05:12:23.310+0000] {processor.py:179} INFO - Processing /home/airflow/.local/lib/python3.7/site-packages/airflow/example_dags/tutorial_taskflow_api_virtualenv.py took 0.102 seconds
[2025-10-18T05:12:54.096+0000] {processor.py:157} INFO - Started process (PID=14503) to work on /home/airflow/.local/lib/python3.7/site-packages/airflow/example_dags/tutorial_taskflow_api_virtualenv.py
[2025-10-18T05:12:54.097+0000] {processor.py:826} INFO - Processing file /home/airflow/.local/lib/python3.7/site-packages/airflow/example_dags/tutorial_taskflow_api_virtualenv.py for tasks to queue
[2025-10-18T05:12:54.098+0000] {logging_mixin.py:149} INFO - [2025-10-18T05:12:54.098+0000] {dagbag.py:541} INFO - Filling up the DagBag from /home/airflow/.local/lib/python3.7/site-packages/airflow/example_dags/tutorial_taskflow_api_virtualenv.py
[2025-10-18T05:12:54.104+0000] {processor.py:836} INFO - DAG(s) dict_keys(['tutorial_taskflow_api_virtualenv']) retrieved from /home/airflow/.local/lib/python3.7/site-packages/airflow/example_dags/tutorial_taskflow_api_virtualenv.py
[2025-10-18T05:12:54.137+0000] {logging_mixin.py:149} INFO - [2025-10-18T05:12:54.137+0000] {dag.py:2726} INFO - Sync 1 DAGs
[2025-10-18T05:12:54.166+0000] {logging_mixin.py:149} INFO - [2025-10-18T05:12:54.165+0000] {dag.py:3490} INFO - Setting next_dagrun for tutorial_taskflow_api_virtualenv to None, run_after=None
[2025-10-18T05:12:54.191+0000] {processor.py:179} INFO - Processing /home/airflow/.local/lib/python3.7/site-packages/airflow/example_dags/tutorial_taskflow_api_virtualenv.py took 0.099 seconds
[2025-10-18T05:13:24.933+0000] {processor.py:157} INFO - Started process (PID=14812) to work on /home/airflow/.local/lib/python3.7/site-packages/airflow/example_dags/tutorial_taskflow_api_virtualenv.py
[2025-10-18T05:13:24.934+0000] {processor.py:826} INFO - Processing file /home/airflow/.local/lib/python3.7/site-packages/airflow/example_dags/tutorial_taskflow_api_virtualenv.py for tasks to queue
[2025-10-18T05:13:24.935+0000] {logging_mixin.py:149} INFO - [2025-10-18T05:13:24.934+0000] {dagbag.py:541} INFO - Filling up the DagBag from /home/airflow/.local/lib/python3.7/site-packages/airflow/example_dags/tutorial_taskflow_api_virtualenv.py
[2025-10-18T05:13:24.942+0000] {processor.py:836} INFO - DAG(s) dict_keys(['tutorial_taskflow_api_virtualenv']) retrieved from /home/airflow/.local/lib/python3.7/site-packages/airflow/example_dags/tutorial_taskflow_api_virtualenv.py
[2025-10-18T05:13:24.969+0000] {logging_mixin.py:149} INFO - [2025-10-18T05:13:24.969+0000] {dag.py:2726} INFO - Sync 1 DAGs
[2025-10-18T05:13:25.003+0000] {logging_mixin.py:149} INFO - [2025-10-18T05:13:25.003+0000] {dag.py:3490} INFO - Setting next_dagrun for tutorial_taskflow_api_virtualenv to None, run_after=None
[2025-10-18T05:13:25.027+0000] {processor.py:179} INFO - Processing /home/airflow/.local/lib/python3.7/site-packages/airflow/example_dags/tutorial_taskflow_api_virtualenv.py took 0.098 seconds
[2025-10-18T05:13:55.536+0000] {processor.py:157} INFO - Started process (PID=15117) to work on /home/airflow/.local/lib/python3.7/site-packages/airflow/example_dags/tutorial_taskflow_api_virtualenv.py
[2025-10-18T05:13:55.537+0000] {processor.py:826} INFO - Processing file /home/airflow/.local/lib/python3.7/site-packages/airflow/example_dags/tutorial_taskflow_api_virtualenv.py for tasks to queue
[2025-10-18T05:13:55.537+0000] {logging_mixin.py:149} INFO - [2025-10-18T05:13:55.537+0000] {dagbag.py:541} INFO - Filling up the DagBag from /home/airflow/.local/lib/python3.7/site-packages/airflow/example_dags/tutorial_taskflow_api_virtualenv.py
[2025-10-18T05:13:55.544+0000] {processor.py:836} INFO - DAG(s) dict_keys(['tutorial_taskflow_api_virtualenv']) retrieved from /home/airflow/.local/lib/python3.7/site-packages/airflow/example_dags/tutorial_taskflow_api_virtualenv.py
[2025-10-18T05:13:55.571+0000] {logging_mixin.py:149} INFO - [2025-10-18T05:13:55.571+0000] {dag.py:2726} INFO - Sync 1 DAGs
[2025-10-18T05:13:55.601+0000] {logging_mixin.py:149} INFO - [2025-10-18T05:13:55.601+0000] {dag.py:3490} INFO - Setting next_dagrun for tutorial_taskflow_api_virtualenv to None, run_after=None
[2025-10-18T05:13:55.622+0000] {processor.py:179} INFO - Processing /home/airflow/.local/lib/python3.7/site-packages/airflow/example_dags/tutorial_taskflow_api_virtualenv.py took 0.090 seconds
[2025-10-18T05:14:26.495+0000] {processor.py:157} INFO - Started process (PID=15424) to work on /home/airflow/.local/lib/python3.7/site-packages/airflow/example_dags/tutorial_taskflow_api_virtualenv.py
[2025-10-18T05:14:26.496+0000] {processor.py:826} INFO - Processing file /home/airflow/.local/lib/python3.7/site-packages/airflow/example_dags/tutorial_taskflow_api_virtualenv.py for tasks to queue
[2025-10-18T05:14:26.497+0000] {logging_mixin.py:149} INFO - [2025-10-18T05:14:26.497+0000] {dagbag.py:541} INFO - Filling up the DagBag from /home/airflow/.local/lib/python3.7/site-packages/airflow/example_dags/tutorial_taskflow_api_virtualenv.py
[2025-10-18T05:14:26.506+0000] {processor.py:836} INFO - DAG(s) dict_keys(['tutorial_taskflow_api_virtualenv']) retrieved from /home/airflow/.local/lib/python3.7/site-packages/airflow/example_dags/tutorial_taskflow_api_virtualenv.py
[2025-10-18T05:14:26.535+0000] {logging_mixin.py:149} INFO - [2025-10-18T05:14:26.535+0000] {dag.py:2726} INFO - Sync 1 DAGs
[2025-10-18T05:14:26.563+0000] {logging_mixin.py:149} INFO - [2025-10-18T05:14:26.563+0000] {dag.py:3490} INFO - Setting next_dagrun for tutorial_taskflow_api_virtualenv to None, run_after=None
[2025-10-18T05:14:26.583+0000] {processor.py:179} INFO - Processing /home/airflow/.local/lib/python3.7/site-packages/airflow/example_dags/tutorial_taskflow_api_virtualenv.py took 0.092 seconds
[2025-10-18T05:14:57.609+0000] {processor.py:157} INFO - Started process (PID=15731) to work on /home/airflow/.local/lib/python3.7/site-packages/airflow/example_dags/tutorial_taskflow_api_virtualenv.py
[2025-10-18T05:14:57.610+0000] {processor.py:826} INFO - Processing file /home/airflow/.local/lib/python3.7/site-packages/airflow/example_dags/tutorial_taskflow_api_virtualenv.py for tasks to queue
[2025-10-18T05:14:57.611+0000] {logging_mixin.py:149} INFO - [2025-10-18T05:14:57.611+0000] {dagbag.py:541} INFO - Filling up the DagBag from /home/airflow/.local/lib/python3.7/site-packages/airflow/example_dags/tutorial_taskflow_api_virtualenv.py
[2025-10-18T05:14:57.618+0000] {processor.py:836} INFO - DAG(s) dict_keys(['tutorial_taskflow_api_virtualenv']) retrieved from /home/airflow/.local/lib/python3.7/site-packages/airflow/example_dags/tutorial_taskflow_api_virtualenv.py
[2025-10-18T05:14:57.651+0000] {logging_mixin.py:149} INFO - [2025-10-18T05:14:57.650+0000] {dag.py:2726} INFO - Sync 1 DAGs
[2025-10-18T05:14:57.685+0000] {logging_mixin.py:149} INFO - [2025-10-18T05:14:57.685+0000] {dag.py:3490} INFO - Setting next_dagrun for tutorial_taskflow_api_virtualenv to None, run_after=None
[2025-10-18T05:14:57.712+0000] {processor.py:179} INFO - Processing /home/airflow/.local/lib/python3.7/site-packages/airflow/example_dags/tutorial_taskflow_api_virtualenv.py took 0.108 seconds
[2025-10-18T05:15:28.363+0000] {processor.py:157} INFO - Started process (PID=16038) to work on /home/airflow/.local/lib/python3.7/site-packages/airflow/example_dags/tutorial_taskflow_api_virtualenv.py
[2025-10-18T05:15:28.365+0000] {processor.py:826} INFO - Processing file /home/airflow/.local/lib/python3.7/site-packages/airflow/example_dags/tutorial_taskflow_api_virtualenv.py for tasks to queue
[2025-10-18T05:15:28.366+0000] {logging_mixin.py:149} INFO - [2025-10-18T05:15:28.366+0000] {dagbag.py:541} INFO - Filling up the DagBag from /home/airflow/.local/lib/python3.7/site-packages/airflow/example_dags/tutorial_taskflow_api_virtualenv.py
[2025-10-18T05:15:28.377+0000] {processor.py:836} INFO - DAG(s) dict_keys(['tutorial_taskflow_api_virtualenv']) retrieved from /home/airflow/.local/lib/python3.7/site-packages/airflow/example_dags/tutorial_taskflow_api_virtualenv.py
[2025-10-18T05:15:28.404+0000] {logging_mixin.py:149} INFO - [2025-10-18T05:15:28.404+0000] {dag.py:2726} INFO - Sync 1 DAGs
[2025-10-18T05:15:28.436+0000] {logging_mixin.py:149} INFO - [2025-10-18T05:15:28.436+0000] {dag.py:3490} INFO - Setting next_dagrun for tutorial_taskflow_api_virtualenv to None, run_after=None
[2025-10-18T05:15:28.464+0000] {processor.py:179} INFO - Processing /home/airflow/.local/lib/python3.7/site-packages/airflow/example_dags/tutorial_taskflow_api_virtualenv.py took 0.105 seconds
[2025-10-18T05:15:59.015+0000] {processor.py:157} INFO - Started process (PID=16345) to work on /home/airflow/.local/lib/python3.7/site-packages/airflow/example_dags/tutorial_taskflow_api_virtualenv.py
[2025-10-18T05:15:59.016+0000] {processor.py:826} INFO - Processing file /home/airflow/.local/lib/python3.7/site-packages/airflow/example_dags/tutorial_taskflow_api_virtualenv.py for tasks to queue
[2025-10-18T05:15:59.018+0000] {logging_mixin.py:149} INFO - [2025-10-18T05:15:59.017+0000] {dagbag.py:541} INFO - Filling up the DagBag from /home/airflow/.local/lib/python3.7/site-packages/airflow/example_dags/tutorial_taskflow_api_virtualenv.py
[2025-10-18T05:15:59.025+0000] {processor.py:836} INFO - DAG(s) dict_keys(['tutorial_taskflow_api_virtualenv']) retrieved from /home/airflow/.local/lib/python3.7/site-packages/airflow/example_dags/tutorial_taskflow_api_virtualenv.py
[2025-10-18T05:15:59.053+0000] {logging_mixin.py:149} INFO - [2025-10-18T05:15:59.053+0000] {dag.py:2726} INFO - Sync 1 DAGs
[2025-10-18T05:15:59.082+0000] {logging_mixin.py:149} INFO - [2025-10-18T05:15:59.082+0000] {dag.py:3490} INFO - Setting next_dagrun for tutorial_taskflow_api_virtualenv to None, run_after=None
[2025-10-18T05:15:59.108+0000] {processor.py:179} INFO - Processing /home/airflow/.local/lib/python3.7/site-packages/airflow/example_dags/tutorial_taskflow_api_virtualenv.py took 0.097 seconds
[2025-10-18T05:16:29.892+0000] {processor.py:157} INFO - Started process (PID=16652) to work on /home/airflow/.local/lib/python3.7/site-packages/airflow/example_dags/tutorial_taskflow_api_virtualenv.py
[2025-10-18T05:16:29.893+0000] {processor.py:826} INFO - Processing file /home/airflow/.local/lib/python3.7/site-packages/airflow/example_dags/tutorial_taskflow_api_virtualenv.py for tasks to queue
[2025-10-18T05:16:29.894+0000] {logging_mixin.py:149} INFO - [2025-10-18T05:16:29.893+0000] {dagbag.py:541} INFO - Filling up the DagBag from /home/airflow/.local/lib/python3.7/site-packages/airflow/example_dags/tutorial_taskflow_api_virtualenv.py
[2025-10-18T05:16:29.902+0000] {processor.py:836} INFO - DAG(s) dict_keys(['tutorial_taskflow_api_virtualenv']) retrieved from /home/airflow/.local/lib/python3.7/site-packages/airflow/example_dags/tutorial_taskflow_api_virtualenv.py
[2025-10-18T05:16:29.932+0000] {logging_mixin.py:149} INFO - [2025-10-18T05:16:29.932+0000] {dag.py:2726} INFO - Sync 1 DAGs
[2025-10-18T05:16:29.962+0000] {logging_mixin.py:149} INFO - [2025-10-18T05:16:29.962+0000] {dag.py:3490} INFO - Setting next_dagrun for tutorial_taskflow_api_virtualenv to None, run_after=None
[2025-10-18T05:16:29.983+0000] {processor.py:179} INFO - Processing /home/airflow/.local/lib/python3.7/site-packages/airflow/example_dags/tutorial_taskflow_api_virtualenv.py took 0.095 seconds
[2025-10-18T05:17:00.565+0000] {processor.py:157} INFO - Started process (PID=16959) to work on /home/airflow/.local/lib/python3.7/site-packages/airflow/example_dags/tutorial_taskflow_api_virtualenv.py
[2025-10-18T05:17:00.566+0000] {processor.py:826} INFO - Processing file /home/airflow/.local/lib/python3.7/site-packages/airflow/example_dags/tutorial_taskflow_api_virtualenv.py for tasks to queue
[2025-10-18T05:17:00.567+0000] {logging_mixin.py:149} INFO - [2025-10-18T05:17:00.567+0000] {dagbag.py:541} INFO - Filling up the DagBag from /home/airflow/.local/lib/python3.7/site-packages/airflow/example_dags/tutorial_taskflow_api_virtualenv.py
[2025-10-18T05:17:00.575+0000] {processor.py:836} INFO - DAG(s) dict_keys(['tutorial_taskflow_api_virtualenv']) retrieved from /home/airflow/.local/lib/python3.7/site-packages/airflow/example_dags/tutorial_taskflow_api_virtualenv.py
[2025-10-18T05:17:00.606+0000] {logging_mixin.py:149} INFO - [2025-10-18T05:17:00.606+0000] {dag.py:2726} INFO - Sync 1 DAGs
[2025-10-18T05:17:00.637+0000] {logging_mixin.py:149} INFO - [2025-10-18T05:17:00.636+0000] {dag.py:3490} INFO - Setting next_dagrun for tutorial_taskflow_api_virtualenv to None, run_after=None
[2025-10-18T05:17:00.660+0000] {processor.py:179} INFO - Processing /home/airflow/.local/lib/python3.7/site-packages/airflow/example_dags/tutorial_taskflow_api_virtualenv.py took 0.098 seconds
[2025-10-18T05:17:31.858+0000] {processor.py:157} INFO - Started process (PID=17266) to work on /home/airflow/.local/lib/python3.7/site-packages/airflow/example_dags/tutorial_taskflow_api_virtualenv.py
[2025-10-18T05:17:31.859+0000] {processor.py:826} INFO - Processing file /home/airflow/.local/lib/python3.7/site-packages/airflow/example_dags/tutorial_taskflow_api_virtualenv.py for tasks to queue
[2025-10-18T05:17:31.860+0000] {logging_mixin.py:149} INFO - [2025-10-18T05:17:31.860+0000] {dagbag.py:541} INFO - Filling up the DagBag from /home/airflow/.local/lib/python3.7/site-packages/airflow/example_dags/tutorial_taskflow_api_virtualenv.py
[2025-10-18T05:17:31.867+0000] {processor.py:836} INFO - DAG(s) dict_keys(['tutorial_taskflow_api_virtualenv']) retrieved from /home/airflow/.local/lib/python3.7/site-packages/airflow/example_dags/tutorial_taskflow_api_virtualenv.py
[2025-10-18T05:17:31.902+0000] {logging_mixin.py:149} INFO - [2025-10-18T05:17:31.901+0000] {dag.py:2726} INFO - Sync 1 DAGs
[2025-10-18T05:17:31.934+0000] {logging_mixin.py:149} INFO - [2025-10-18T05:17:31.933+0000] {dag.py:3490} INFO - Setting next_dagrun for tutorial_taskflow_api_virtualenv to None, run_after=None
[2025-10-18T05:17:31.957+0000] {processor.py:179} INFO - Processing /home/airflow/.local/lib/python3.7/site-packages/airflow/example_dags/tutorial_taskflow_api_virtualenv.py took 0.102 seconds
[2025-10-18T05:18:02.827+0000] {processor.py:157} INFO - Started process (PID=17568) to work on /home/airflow/.local/lib/python3.7/site-packages/airflow/example_dags/tutorial_taskflow_api_virtualenv.py
[2025-10-18T05:18:02.828+0000] {processor.py:826} INFO - Processing file /home/airflow/.local/lib/python3.7/site-packages/airflow/example_dags/tutorial_taskflow_api_virtualenv.py for tasks to queue
[2025-10-18T05:18:02.829+0000] {logging_mixin.py:149} INFO - [2025-10-18T05:18:02.829+0000] {dagbag.py:541} INFO - Filling up the DagBag from /home/airflow/.local/lib/python3.7/site-packages/airflow/example_dags/tutorial_taskflow_api_virtualenv.py
[2025-10-18T05:18:02.839+0000] {processor.py:836} INFO - DAG(s) dict_keys(['tutorial_taskflow_api_virtualenv']) retrieved from /home/airflow/.local/lib/python3.7/site-packages/airflow/example_dags/tutorial_taskflow_api_virtualenv.py
[2025-10-18T05:18:02.867+0000] {logging_mixin.py:149} INFO - [2025-10-18T05:18:02.867+0000] {dag.py:2726} INFO - Sync 1 DAGs
[2025-10-18T05:18:02.897+0000] {logging_mixin.py:149} INFO - [2025-10-18T05:18:02.897+0000] {dag.py:3490} INFO - Setting next_dagrun for tutorial_taskflow_api_virtualenv to None, run_after=None
[2025-10-18T05:18:02.917+0000] {processor.py:179} INFO - Processing /home/airflow/.local/lib/python3.7/site-packages/airflow/example_dags/tutorial_taskflow_api_virtualenv.py took 0.094 seconds
