[2025-10-18T04:44:11.243+0000] {processor.py:157} INFO - Started process (PID=288) to work on /home/airflow/.local/lib/python3.7/site-packages/airflow/example_dags/tutorial_dag.py
[2025-10-18T04:44:11.245+0000] {processor.py:826} INFO - Processing file /home/airflow/.local/lib/python3.7/site-packages/airflow/example_dags/tutorial_dag.py for tasks to queue
[2025-10-18T04:44:11.250+0000] {logging_mixin.py:149} INFO - [2025-10-18T04:44:11.249+0000] {dagbag.py:541} INFO - Filling up the DagBag from /home/airflow/.local/lib/python3.7/site-packages/airflow/example_dags/tutorial_dag.py
[2025-10-18T04:44:11.273+0000] {processor.py:836} INFO - DAG(s) dict_keys(['tutorial_dag']) retrieved from /home/airflow/.local/lib/python3.7/site-packages/airflow/example_dags/tutorial_dag.py
[2025-10-18T04:44:11.357+0000] {logging_mixin.py:149} INFO - [2025-10-18T04:44:11.357+0000] {dag.py:2726} INFO - Sync 1 DAGs
[2025-10-18T04:44:11.448+0000] {logging_mixin.py:149} INFO - [2025-10-18T04:44:11.448+0000] {dag.py:3490} INFO - Setting next_dagrun for tutorial_dag to None, run_after=None
[2025-10-18T04:44:11.543+0000] {processor.py:179} INFO - Processing /home/airflow/.local/lib/python3.7/site-packages/airflow/example_dags/tutorial_dag.py took 0.307 seconds
[2025-10-18T04:44:43.581+0000] {processor.py:157} INFO - Started process (PID=590) to work on /home/airflow/.local/lib/python3.7/site-packages/airflow/example_dags/tutorial_dag.py
[2025-10-18T04:44:43.582+0000] {processor.py:826} INFO - Processing file /home/airflow/.local/lib/python3.7/site-packages/airflow/example_dags/tutorial_dag.py for tasks to queue
[2025-10-18T04:44:43.583+0000] {logging_mixin.py:149} INFO - [2025-10-18T04:44:43.583+0000] {dagbag.py:541} INFO - Filling up the DagBag from /home/airflow/.local/lib/python3.7/site-packages/airflow/example_dags/tutorial_dag.py
[2025-10-18T04:44:43.590+0000] {processor.py:836} INFO - DAG(s) dict_keys(['tutorial_dag']) retrieved from /home/airflow/.local/lib/python3.7/site-packages/airflow/example_dags/tutorial_dag.py
[2025-10-18T04:44:43.677+0000] {logging_mixin.py:149} INFO - [2025-10-18T04:44:43.677+0000] {dag.py:2726} INFO - Sync 1 DAGs
[2025-10-18T04:44:43.814+0000] {logging_mixin.py:149} INFO - [2025-10-18T04:44:43.813+0000] {dag.py:3490} INFO - Setting next_dagrun for tutorial_dag to None, run_after=None
[2025-10-18T04:44:43.922+0000] {processor.py:179} INFO - Processing /home/airflow/.local/lib/python3.7/site-packages/airflow/example_dags/tutorial_dag.py took 0.345 seconds
[2025-10-18T04:49:13.158+0000] {processor.py:157} INFO - Started process (PID=294) to work on /home/airflow/.local/lib/python3.7/site-packages/airflow/example_dags/tutorial_dag.py
[2025-10-18T04:49:13.161+0000] {processor.py:826} INFO - Processing file /home/airflow/.local/lib/python3.7/site-packages/airflow/example_dags/tutorial_dag.py for tasks to queue
[2025-10-18T04:49:13.165+0000] {logging_mixin.py:149} INFO - [2025-10-18T04:49:13.164+0000] {dagbag.py:541} INFO - Filling up the DagBag from /home/airflow/.local/lib/python3.7/site-packages/airflow/example_dags/tutorial_dag.py
[2025-10-18T04:49:13.202+0000] {processor.py:836} INFO - DAG(s) dict_keys(['tutorial_dag']) retrieved from /home/airflow/.local/lib/python3.7/site-packages/airflow/example_dags/tutorial_dag.py
[2025-10-18T04:49:13.336+0000] {logging_mixin.py:149} INFO - [2025-10-18T04:49:13.336+0000] {dag.py:2726} INFO - Sync 1 DAGs
[2025-10-18T04:49:13.469+0000] {logging_mixin.py:149} INFO - [2025-10-18T04:49:13.468+0000] {dag.py:3490} INFO - Setting next_dagrun for tutorial_dag to None, run_after=None
[2025-10-18T04:49:13.562+0000] {processor.py:179} INFO - Processing /home/airflow/.local/lib/python3.7/site-packages/airflow/example_dags/tutorial_dag.py took 0.417 seconds
[2025-10-18T04:49:44.172+0000] {processor.py:157} INFO - Started process (PID=598) to work on /home/airflow/.local/lib/python3.7/site-packages/airflow/example_dags/tutorial_dag.py
[2025-10-18T04:49:44.173+0000] {processor.py:826} INFO - Processing file /home/airflow/.local/lib/python3.7/site-packages/airflow/example_dags/tutorial_dag.py for tasks to queue
[2025-10-18T04:49:44.175+0000] {logging_mixin.py:149} INFO - [2025-10-18T04:49:44.174+0000] {dagbag.py:541} INFO - Filling up the DagBag from /home/airflow/.local/lib/python3.7/site-packages/airflow/example_dags/tutorial_dag.py
[2025-10-18T04:49:44.179+0000] {processor.py:836} INFO - DAG(s) dict_keys(['tutorial_dag']) retrieved from /home/airflow/.local/lib/python3.7/site-packages/airflow/example_dags/tutorial_dag.py
[2025-10-18T04:49:44.207+0000] {logging_mixin.py:149} INFO - [2025-10-18T04:49:44.207+0000] {dag.py:2726} INFO - Sync 1 DAGs
[2025-10-18T04:49:44.237+0000] {logging_mixin.py:149} INFO - [2025-10-18T04:49:44.236+0000] {dag.py:3490} INFO - Setting next_dagrun for tutorial_dag to None, run_after=None
[2025-10-18T04:49:44.263+0000] {processor.py:179} INFO - Processing /home/airflow/.local/lib/python3.7/site-packages/airflow/example_dags/tutorial_dag.py took 0.094 seconds
[2025-10-18T04:50:14.877+0000] {processor.py:157} INFO - Started process (PID=905) to work on /home/airflow/.local/lib/python3.7/site-packages/airflow/example_dags/tutorial_dag.py
[2025-10-18T04:50:14.878+0000] {processor.py:826} INFO - Processing file /home/airflow/.local/lib/python3.7/site-packages/airflow/example_dags/tutorial_dag.py for tasks to queue
[2025-10-18T04:50:14.880+0000] {logging_mixin.py:149} INFO - [2025-10-18T04:50:14.880+0000] {dagbag.py:541} INFO - Filling up the DagBag from /home/airflow/.local/lib/python3.7/site-packages/airflow/example_dags/tutorial_dag.py
[2025-10-18T04:50:14.887+0000] {processor.py:836} INFO - DAG(s) dict_keys(['tutorial_dag']) retrieved from /home/airflow/.local/lib/python3.7/site-packages/airflow/example_dags/tutorial_dag.py
[2025-10-18T04:50:14.914+0000] {logging_mixin.py:149} INFO - [2025-10-18T04:50:14.914+0000] {dag.py:2726} INFO - Sync 1 DAGs
[2025-10-18T04:50:14.942+0000] {logging_mixin.py:149} INFO - [2025-10-18T04:50:14.942+0000] {dag.py:3490} INFO - Setting next_dagrun for tutorial_dag to None, run_after=None
[2025-10-18T04:50:14.963+0000] {processor.py:179} INFO - Processing /home/airflow/.local/lib/python3.7/site-packages/airflow/example_dags/tutorial_dag.py took 0.090 seconds
[2025-10-18T04:50:45.051+0000] {processor.py:157} INFO - Started process (PID=1212) to work on /home/airflow/.local/lib/python3.7/site-packages/airflow/example_dags/tutorial_dag.py
[2025-10-18T04:50:45.053+0000] {processor.py:826} INFO - Processing file /home/airflow/.local/lib/python3.7/site-packages/airflow/example_dags/tutorial_dag.py for tasks to queue
[2025-10-18T04:50:45.053+0000] {logging_mixin.py:149} INFO - [2025-10-18T04:50:45.053+0000] {dagbag.py:541} INFO - Filling up the DagBag from /home/airflow/.local/lib/python3.7/site-packages/airflow/example_dags/tutorial_dag.py
[2025-10-18T04:50:45.059+0000] {processor.py:836} INFO - DAG(s) dict_keys(['tutorial_dag']) retrieved from /home/airflow/.local/lib/python3.7/site-packages/airflow/example_dags/tutorial_dag.py
[2025-10-18T04:50:45.086+0000] {logging_mixin.py:149} INFO - [2025-10-18T04:50:45.086+0000] {dag.py:2726} INFO - Sync 1 DAGs
[2025-10-18T04:50:45.114+0000] {logging_mixin.py:149} INFO - [2025-10-18T04:50:45.114+0000] {dag.py:3490} INFO - Setting next_dagrun for tutorial_dag to None, run_after=None
[2025-10-18T04:50:45.135+0000] {processor.py:179} INFO - Processing /home/airflow/.local/lib/python3.7/site-packages/airflow/example_dags/tutorial_dag.py took 0.088 seconds
[2025-10-18T04:51:15.690+0000] {processor.py:157} INFO - Started process (PID=1519) to work on /home/airflow/.local/lib/python3.7/site-packages/airflow/example_dags/tutorial_dag.py
[2025-10-18T04:51:15.691+0000] {processor.py:826} INFO - Processing file /home/airflow/.local/lib/python3.7/site-packages/airflow/example_dags/tutorial_dag.py for tasks to queue
[2025-10-18T04:51:15.692+0000] {logging_mixin.py:149} INFO - [2025-10-18T04:51:15.692+0000] {dagbag.py:541} INFO - Filling up the DagBag from /home/airflow/.local/lib/python3.7/site-packages/airflow/example_dags/tutorial_dag.py
[2025-10-18T04:51:15.701+0000] {processor.py:836} INFO - DAG(s) dict_keys(['tutorial_dag']) retrieved from /home/airflow/.local/lib/python3.7/site-packages/airflow/example_dags/tutorial_dag.py
[2025-10-18T04:51:15.727+0000] {logging_mixin.py:149} INFO - [2025-10-18T04:51:15.727+0000] {dag.py:2726} INFO - Sync 1 DAGs
[2025-10-18T04:51:15.756+0000] {logging_mixin.py:149} INFO - [2025-10-18T04:51:15.756+0000] {dag.py:3490} INFO - Setting next_dagrun for tutorial_dag to None, run_after=None
[2025-10-18T04:51:15.776+0000] {processor.py:179} INFO - Processing /home/airflow/.local/lib/python3.7/site-packages/airflow/example_dags/tutorial_dag.py took 0.089 seconds
[2025-10-18T04:51:46.232+0000] {processor.py:157} INFO - Started process (PID=1826) to work on /home/airflow/.local/lib/python3.7/site-packages/airflow/example_dags/tutorial_dag.py
[2025-10-18T04:51:46.233+0000] {processor.py:826} INFO - Processing file /home/airflow/.local/lib/python3.7/site-packages/airflow/example_dags/tutorial_dag.py for tasks to queue
[2025-10-18T04:51:46.234+0000] {logging_mixin.py:149} INFO - [2025-10-18T04:51:46.234+0000] {dagbag.py:541} INFO - Filling up the DagBag from /home/airflow/.local/lib/python3.7/site-packages/airflow/example_dags/tutorial_dag.py
[2025-10-18T04:51:46.241+0000] {processor.py:836} INFO - DAG(s) dict_keys(['tutorial_dag']) retrieved from /home/airflow/.local/lib/python3.7/site-packages/airflow/example_dags/tutorial_dag.py
[2025-10-18T04:51:46.269+0000] {logging_mixin.py:149} INFO - [2025-10-18T04:51:46.269+0000] {dag.py:2726} INFO - Sync 1 DAGs
[2025-10-18T04:51:46.297+0000] {logging_mixin.py:149} INFO - [2025-10-18T04:51:46.297+0000] {dag.py:3490} INFO - Setting next_dagrun for tutorial_dag to None, run_after=None
[2025-10-18T04:51:46.318+0000] {processor.py:179} INFO - Processing /home/airflow/.local/lib/python3.7/site-packages/airflow/example_dags/tutorial_dag.py took 0.090 seconds
[2025-10-18T04:52:16.397+0000] {processor.py:157} INFO - Started process (PID=2133) to work on /home/airflow/.local/lib/python3.7/site-packages/airflow/example_dags/tutorial_dag.py
[2025-10-18T04:52:16.398+0000] {processor.py:826} INFO - Processing file /home/airflow/.local/lib/python3.7/site-packages/airflow/example_dags/tutorial_dag.py for tasks to queue
[2025-10-18T04:52:16.400+0000] {logging_mixin.py:149} INFO - [2025-10-18T04:52:16.400+0000] {dagbag.py:541} INFO - Filling up the DagBag from /home/airflow/.local/lib/python3.7/site-packages/airflow/example_dags/tutorial_dag.py
[2025-10-18T04:52:16.409+0000] {processor.py:836} INFO - DAG(s) dict_keys(['tutorial_dag']) retrieved from /home/airflow/.local/lib/python3.7/site-packages/airflow/example_dags/tutorial_dag.py
[2025-10-18T04:52:16.438+0000] {logging_mixin.py:149} INFO - [2025-10-18T04:52:16.438+0000] {dag.py:2726} INFO - Sync 1 DAGs
[2025-10-18T04:52:16.466+0000] {logging_mixin.py:149} INFO - [2025-10-18T04:52:16.466+0000] {dag.py:3490} INFO - Setting next_dagrun for tutorial_dag to None, run_after=None
[2025-10-18T04:52:16.488+0000] {processor.py:179} INFO - Processing /home/airflow/.local/lib/python3.7/site-packages/airflow/example_dags/tutorial_dag.py took 0.095 seconds
[2025-10-18T04:52:47.174+0000] {processor.py:157} INFO - Started process (PID=2440) to work on /home/airflow/.local/lib/python3.7/site-packages/airflow/example_dags/tutorial_dag.py
[2025-10-18T04:52:47.175+0000] {processor.py:826} INFO - Processing file /home/airflow/.local/lib/python3.7/site-packages/airflow/example_dags/tutorial_dag.py for tasks to queue
[2025-10-18T04:52:47.176+0000] {logging_mixin.py:149} INFO - [2025-10-18T04:52:47.176+0000] {dagbag.py:541} INFO - Filling up the DagBag from /home/airflow/.local/lib/python3.7/site-packages/airflow/example_dags/tutorial_dag.py
[2025-10-18T04:52:47.181+0000] {processor.py:836} INFO - DAG(s) dict_keys(['tutorial_dag']) retrieved from /home/airflow/.local/lib/python3.7/site-packages/airflow/example_dags/tutorial_dag.py
[2025-10-18T04:52:47.208+0000] {logging_mixin.py:149} INFO - [2025-10-18T04:52:47.208+0000] {dag.py:2726} INFO - Sync 1 DAGs
[2025-10-18T04:52:47.237+0000] {logging_mixin.py:149} INFO - [2025-10-18T04:52:47.237+0000] {dag.py:3490} INFO - Setting next_dagrun for tutorial_dag to None, run_after=None
[2025-10-18T04:52:47.258+0000] {processor.py:179} INFO - Processing /home/airflow/.local/lib/python3.7/site-packages/airflow/example_dags/tutorial_dag.py took 0.088 seconds
[2025-10-18T04:53:17.425+0000] {processor.py:157} INFO - Started process (PID=2745) to work on /home/airflow/.local/lib/python3.7/site-packages/airflow/example_dags/tutorial_dag.py
[2025-10-18T04:53:17.425+0000] {processor.py:826} INFO - Processing file /home/airflow/.local/lib/python3.7/site-packages/airflow/example_dags/tutorial_dag.py for tasks to queue
[2025-10-18T04:53:17.427+0000] {logging_mixin.py:149} INFO - [2025-10-18T04:53:17.427+0000] {dagbag.py:541} INFO - Filling up the DagBag from /home/airflow/.local/lib/python3.7/site-packages/airflow/example_dags/tutorial_dag.py
[2025-10-18T04:53:17.433+0000] {processor.py:836} INFO - DAG(s) dict_keys(['tutorial_dag']) retrieved from /home/airflow/.local/lib/python3.7/site-packages/airflow/example_dags/tutorial_dag.py
[2025-10-18T04:53:17.461+0000] {logging_mixin.py:149} INFO - [2025-10-18T04:53:17.461+0000] {dag.py:2726} INFO - Sync 1 DAGs
[2025-10-18T04:53:17.489+0000] {logging_mixin.py:149} INFO - [2025-10-18T04:53:17.489+0000] {dag.py:3490} INFO - Setting next_dagrun for tutorial_dag to None, run_after=None
[2025-10-18T04:53:17.509+0000] {processor.py:179} INFO - Processing /home/airflow/.local/lib/python3.7/site-packages/airflow/example_dags/tutorial_dag.py took 0.088 seconds
[2025-10-18T04:53:48.224+0000] {processor.py:157} INFO - Started process (PID=3052) to work on /home/airflow/.local/lib/python3.7/site-packages/airflow/example_dags/tutorial_dag.py
[2025-10-18T04:53:48.225+0000] {processor.py:826} INFO - Processing file /home/airflow/.local/lib/python3.7/site-packages/airflow/example_dags/tutorial_dag.py for tasks to queue
[2025-10-18T04:53:48.227+0000] {logging_mixin.py:149} INFO - [2025-10-18T04:53:48.227+0000] {dagbag.py:541} INFO - Filling up the DagBag from /home/airflow/.local/lib/python3.7/site-packages/airflow/example_dags/tutorial_dag.py
[2025-10-18T04:53:48.233+0000] {processor.py:836} INFO - DAG(s) dict_keys(['tutorial_dag']) retrieved from /home/airflow/.local/lib/python3.7/site-packages/airflow/example_dags/tutorial_dag.py
[2025-10-18T04:53:48.264+0000] {logging_mixin.py:149} INFO - [2025-10-18T04:53:48.264+0000] {dag.py:2726} INFO - Sync 1 DAGs
[2025-10-18T04:53:48.296+0000] {logging_mixin.py:149} INFO - [2025-10-18T04:53:48.296+0000] {dag.py:3490} INFO - Setting next_dagrun for tutorial_dag to None, run_after=None
[2025-10-18T04:53:48.316+0000] {processor.py:179} INFO - Processing /home/airflow/.local/lib/python3.7/site-packages/airflow/example_dags/tutorial_dag.py took 0.096 seconds
[2025-10-18T04:54:19.274+0000] {processor.py:157} INFO - Started process (PID=3359) to work on /home/airflow/.local/lib/python3.7/site-packages/airflow/example_dags/tutorial_dag.py
[2025-10-18T04:54:19.275+0000] {processor.py:826} INFO - Processing file /home/airflow/.local/lib/python3.7/site-packages/airflow/example_dags/tutorial_dag.py for tasks to queue
[2025-10-18T04:54:19.276+0000] {logging_mixin.py:149} INFO - [2025-10-18T04:54:19.276+0000] {dagbag.py:541} INFO - Filling up the DagBag from /home/airflow/.local/lib/python3.7/site-packages/airflow/example_dags/tutorial_dag.py
[2025-10-18T04:54:19.283+0000] {processor.py:836} INFO - DAG(s) dict_keys(['tutorial_dag']) retrieved from /home/airflow/.local/lib/python3.7/site-packages/airflow/example_dags/tutorial_dag.py
[2025-10-18T04:54:19.311+0000] {logging_mixin.py:149} INFO - [2025-10-18T04:54:19.311+0000] {dag.py:2726} INFO - Sync 1 DAGs
[2025-10-18T04:54:19.338+0000] {logging_mixin.py:149} INFO - [2025-10-18T04:54:19.338+0000] {dag.py:3490} INFO - Setting next_dagrun for tutorial_dag to None, run_after=None
[2025-10-18T04:54:19.358+0000] {processor.py:179} INFO - Processing /home/airflow/.local/lib/python3.7/site-packages/airflow/example_dags/tutorial_dag.py took 0.088 seconds
[2025-10-18T04:54:50.354+0000] {processor.py:157} INFO - Started process (PID=3666) to work on /home/airflow/.local/lib/python3.7/site-packages/airflow/example_dags/tutorial_dag.py
[2025-10-18T04:54:50.356+0000] {processor.py:826} INFO - Processing file /home/airflow/.local/lib/python3.7/site-packages/airflow/example_dags/tutorial_dag.py for tasks to queue
[2025-10-18T04:54:50.357+0000] {logging_mixin.py:149} INFO - [2025-10-18T04:54:50.357+0000] {dagbag.py:541} INFO - Filling up the DagBag from /home/airflow/.local/lib/python3.7/site-packages/airflow/example_dags/tutorial_dag.py
[2025-10-18T04:54:50.368+0000] {processor.py:836} INFO - DAG(s) dict_keys(['tutorial_dag']) retrieved from /home/airflow/.local/lib/python3.7/site-packages/airflow/example_dags/tutorial_dag.py
[2025-10-18T04:54:50.397+0000] {logging_mixin.py:149} INFO - [2025-10-18T04:54:50.397+0000] {dag.py:2726} INFO - Sync 1 DAGs
[2025-10-18T04:54:50.425+0000] {logging_mixin.py:149} INFO - [2025-10-18T04:54:50.425+0000] {dag.py:3490} INFO - Setting next_dagrun for tutorial_dag to None, run_after=None
[2025-10-18T04:54:50.444+0000] {processor.py:179} INFO - Processing /home/airflow/.local/lib/python3.7/site-packages/airflow/example_dags/tutorial_dag.py took 0.093 seconds
[2025-10-18T04:55:21.438+0000] {processor.py:157} INFO - Started process (PID=3978) to work on /home/airflow/.local/lib/python3.7/site-packages/airflow/example_dags/tutorial_dag.py
[2025-10-18T04:55:21.439+0000] {processor.py:826} INFO - Processing file /home/airflow/.local/lib/python3.7/site-packages/airflow/example_dags/tutorial_dag.py for tasks to queue
[2025-10-18T04:55:21.440+0000] {logging_mixin.py:149} INFO - [2025-10-18T04:55:21.440+0000] {dagbag.py:541} INFO - Filling up the DagBag from /home/airflow/.local/lib/python3.7/site-packages/airflow/example_dags/tutorial_dag.py
[2025-10-18T04:55:21.446+0000] {processor.py:836} INFO - DAG(s) dict_keys(['tutorial_dag']) retrieved from /home/airflow/.local/lib/python3.7/site-packages/airflow/example_dags/tutorial_dag.py
[2025-10-18T04:55:21.481+0000] {logging_mixin.py:149} INFO - [2025-10-18T04:55:21.480+0000] {dag.py:2726} INFO - Sync 1 DAGs
[2025-10-18T04:55:21.510+0000] {logging_mixin.py:149} INFO - [2025-10-18T04:55:21.510+0000] {dag.py:3490} INFO - Setting next_dagrun for tutorial_dag to None, run_after=None
[2025-10-18T04:55:21.532+0000] {processor.py:179} INFO - Processing /home/airflow/.local/lib/python3.7/site-packages/airflow/example_dags/tutorial_dag.py took 0.097 seconds
[2025-10-18T04:55:53.053+0000] {processor.py:157} INFO - Started process (PID=4285) to work on /home/airflow/.local/lib/python3.7/site-packages/airflow/example_dags/tutorial_dag.py
[2025-10-18T04:55:53.054+0000] {processor.py:826} INFO - Processing file /home/airflow/.local/lib/python3.7/site-packages/airflow/example_dags/tutorial_dag.py for tasks to queue
[2025-10-18T04:55:53.055+0000] {logging_mixin.py:149} INFO - [2025-10-18T04:55:53.055+0000] {dagbag.py:541} INFO - Filling up the DagBag from /home/airflow/.local/lib/python3.7/site-packages/airflow/example_dags/tutorial_dag.py
[2025-10-18T04:55:53.061+0000] {processor.py:836} INFO - DAG(s) dict_keys(['tutorial_dag']) retrieved from /home/airflow/.local/lib/python3.7/site-packages/airflow/example_dags/tutorial_dag.py
[2025-10-18T04:55:53.091+0000] {logging_mixin.py:149} INFO - [2025-10-18T04:55:53.090+0000] {dag.py:2726} INFO - Sync 1 DAGs
[2025-10-18T04:55:53.125+0000] {logging_mixin.py:149} INFO - [2025-10-18T04:55:53.125+0000] {dag.py:3490} INFO - Setting next_dagrun for tutorial_dag to None, run_after=None
[2025-10-18T04:55:53.147+0000] {processor.py:179} INFO - Processing /home/airflow/.local/lib/python3.7/site-packages/airflow/example_dags/tutorial_dag.py took 0.097 seconds
[2025-10-18T04:56:24.207+0000] {processor.py:157} INFO - Started process (PID=4592) to work on /home/airflow/.local/lib/python3.7/site-packages/airflow/example_dags/tutorial_dag.py
[2025-10-18T04:56:24.208+0000] {processor.py:826} INFO - Processing file /home/airflow/.local/lib/python3.7/site-packages/airflow/example_dags/tutorial_dag.py for tasks to queue
[2025-10-18T04:56:24.209+0000] {logging_mixin.py:149} INFO - [2025-10-18T04:56:24.209+0000] {dagbag.py:541} INFO - Filling up the DagBag from /home/airflow/.local/lib/python3.7/site-packages/airflow/example_dags/tutorial_dag.py
[2025-10-18T04:56:24.215+0000] {processor.py:836} INFO - DAG(s) dict_keys(['tutorial_dag']) retrieved from /home/airflow/.local/lib/python3.7/site-packages/airflow/example_dags/tutorial_dag.py
[2025-10-18T04:56:24.241+0000] {logging_mixin.py:149} INFO - [2025-10-18T04:56:24.241+0000] {dag.py:2726} INFO - Sync 1 DAGs
[2025-10-18T04:56:24.271+0000] {logging_mixin.py:149} INFO - [2025-10-18T04:56:24.270+0000] {dag.py:3490} INFO - Setting next_dagrun for tutorial_dag to None, run_after=None
[2025-10-18T04:56:24.295+0000] {processor.py:179} INFO - Processing /home/airflow/.local/lib/python3.7/site-packages/airflow/example_dags/tutorial_dag.py took 0.092 seconds
[2025-10-18T04:56:55.281+0000] {processor.py:157} INFO - Started process (PID=4901) to work on /home/airflow/.local/lib/python3.7/site-packages/airflow/example_dags/tutorial_dag.py
[2025-10-18T04:56:55.282+0000] {processor.py:826} INFO - Processing file /home/airflow/.local/lib/python3.7/site-packages/airflow/example_dags/tutorial_dag.py for tasks to queue
[2025-10-18T04:56:55.283+0000] {logging_mixin.py:149} INFO - [2025-10-18T04:56:55.283+0000] {dagbag.py:541} INFO - Filling up the DagBag from /home/airflow/.local/lib/python3.7/site-packages/airflow/example_dags/tutorial_dag.py
[2025-10-18T04:56:55.293+0000] {processor.py:836} INFO - DAG(s) dict_keys(['tutorial_dag']) retrieved from /home/airflow/.local/lib/python3.7/site-packages/airflow/example_dags/tutorial_dag.py
[2025-10-18T04:56:55.326+0000] {logging_mixin.py:149} INFO - [2025-10-18T04:56:55.325+0000] {dag.py:2726} INFO - Sync 1 DAGs
[2025-10-18T04:56:55.354+0000] {logging_mixin.py:149} INFO - [2025-10-18T04:56:55.354+0000] {dag.py:3490} INFO - Setting next_dagrun for tutorial_dag to None, run_after=None
[2025-10-18T04:56:55.375+0000] {processor.py:179} INFO - Processing /home/airflow/.local/lib/python3.7/site-packages/airflow/example_dags/tutorial_dag.py took 0.097 seconds
[2025-10-18T04:57:26.140+0000] {processor.py:157} INFO - Started process (PID=5208) to work on /home/airflow/.local/lib/python3.7/site-packages/airflow/example_dags/tutorial_dag.py
[2025-10-18T04:57:26.141+0000] {processor.py:826} INFO - Processing file /home/airflow/.local/lib/python3.7/site-packages/airflow/example_dags/tutorial_dag.py for tasks to queue
[2025-10-18T04:57:26.142+0000] {logging_mixin.py:149} INFO - [2025-10-18T04:57:26.142+0000] {dagbag.py:541} INFO - Filling up the DagBag from /home/airflow/.local/lib/python3.7/site-packages/airflow/example_dags/tutorial_dag.py
[2025-10-18T04:57:26.147+0000] {processor.py:836} INFO - DAG(s) dict_keys(['tutorial_dag']) retrieved from /home/airflow/.local/lib/python3.7/site-packages/airflow/example_dags/tutorial_dag.py
[2025-10-18T04:57:26.181+0000] {logging_mixin.py:149} INFO - [2025-10-18T04:57:26.181+0000] {dag.py:2726} INFO - Sync 1 DAGs
[2025-10-18T04:57:26.213+0000] {logging_mixin.py:149} INFO - [2025-10-18T04:57:26.213+0000] {dag.py:3490} INFO - Setting next_dagrun for tutorial_dag to None, run_after=None
[2025-10-18T04:57:26.239+0000] {processor.py:179} INFO - Processing /home/airflow/.local/lib/python3.7/site-packages/airflow/example_dags/tutorial_dag.py took 0.102 seconds
[2025-10-18T04:57:56.821+0000] {processor.py:157} INFO - Started process (PID=5513) to work on /home/airflow/.local/lib/python3.7/site-packages/airflow/example_dags/tutorial_dag.py
[2025-10-18T04:57:56.822+0000] {processor.py:826} INFO - Processing file /home/airflow/.local/lib/python3.7/site-packages/airflow/example_dags/tutorial_dag.py for tasks to queue
[2025-10-18T04:57:56.823+0000] {logging_mixin.py:149} INFO - [2025-10-18T04:57:56.823+0000] {dagbag.py:541} INFO - Filling up the DagBag from /home/airflow/.local/lib/python3.7/site-packages/airflow/example_dags/tutorial_dag.py
[2025-10-18T04:57:56.830+0000] {processor.py:836} INFO - DAG(s) dict_keys(['tutorial_dag']) retrieved from /home/airflow/.local/lib/python3.7/site-packages/airflow/example_dags/tutorial_dag.py
[2025-10-18T04:57:56.857+0000] {logging_mixin.py:149} INFO - [2025-10-18T04:57:56.857+0000] {dag.py:2726} INFO - Sync 1 DAGs
[2025-10-18T04:57:56.896+0000] {logging_mixin.py:149} INFO - [2025-10-18T04:57:56.895+0000] {dag.py:3490} INFO - Setting next_dagrun for tutorial_dag to None, run_after=None
[2025-10-18T04:57:56.925+0000] {processor.py:179} INFO - Processing /home/airflow/.local/lib/python3.7/site-packages/airflow/example_dags/tutorial_dag.py took 0.107 seconds
[2025-10-18T04:58:27.776+0000] {processor.py:157} INFO - Started process (PID=5820) to work on /home/airflow/.local/lib/python3.7/site-packages/airflow/example_dags/tutorial_dag.py
[2025-10-18T04:58:27.776+0000] {processor.py:826} INFO - Processing file /home/airflow/.local/lib/python3.7/site-packages/airflow/example_dags/tutorial_dag.py for tasks to queue
[2025-10-18T04:58:27.778+0000] {logging_mixin.py:149} INFO - [2025-10-18T04:58:27.778+0000] {dagbag.py:541} INFO - Filling up the DagBag from /home/airflow/.local/lib/python3.7/site-packages/airflow/example_dags/tutorial_dag.py
[2025-10-18T04:58:27.785+0000] {processor.py:836} INFO - DAG(s) dict_keys(['tutorial_dag']) retrieved from /home/airflow/.local/lib/python3.7/site-packages/airflow/example_dags/tutorial_dag.py
[2025-10-18T04:58:27.818+0000] {logging_mixin.py:149} INFO - [2025-10-18T04:58:27.818+0000] {dag.py:2726} INFO - Sync 1 DAGs
[2025-10-18T04:58:27.855+0000] {logging_mixin.py:149} INFO - [2025-10-18T04:58:27.855+0000] {dag.py:3490} INFO - Setting next_dagrun for tutorial_dag to None, run_after=None
[2025-10-18T04:58:27.884+0000] {processor.py:179} INFO - Processing /home/airflow/.local/lib/python3.7/site-packages/airflow/example_dags/tutorial_dag.py took 0.112 seconds
[2025-10-18T04:58:59.001+0000] {processor.py:157} INFO - Started process (PID=6127) to work on /home/airflow/.local/lib/python3.7/site-packages/airflow/example_dags/tutorial_dag.py
[2025-10-18T04:58:59.002+0000] {processor.py:826} INFO - Processing file /home/airflow/.local/lib/python3.7/site-packages/airflow/example_dags/tutorial_dag.py for tasks to queue
[2025-10-18T04:58:59.004+0000] {logging_mixin.py:149} INFO - [2025-10-18T04:58:59.004+0000] {dagbag.py:541} INFO - Filling up the DagBag from /home/airflow/.local/lib/python3.7/site-packages/airflow/example_dags/tutorial_dag.py
[2025-10-18T04:58:59.010+0000] {processor.py:836} INFO - DAG(s) dict_keys(['tutorial_dag']) retrieved from /home/airflow/.local/lib/python3.7/site-packages/airflow/example_dags/tutorial_dag.py
[2025-10-18T04:58:59.045+0000] {logging_mixin.py:149} INFO - [2025-10-18T04:58:59.045+0000] {dag.py:2726} INFO - Sync 1 DAGs
[2025-10-18T04:58:59.074+0000] {logging_mixin.py:149} INFO - [2025-10-18T04:58:59.074+0000] {dag.py:3490} INFO - Setting next_dagrun for tutorial_dag to None, run_after=None
[2025-10-18T04:58:59.103+0000] {processor.py:179} INFO - Processing /home/airflow/.local/lib/python3.7/site-packages/airflow/example_dags/tutorial_dag.py took 0.106 seconds
[2025-10-18T04:59:29.843+0000] {processor.py:157} INFO - Started process (PID=6436) to work on /home/airflow/.local/lib/python3.7/site-packages/airflow/example_dags/tutorial_dag.py
[2025-10-18T04:59:29.844+0000] {processor.py:826} INFO - Processing file /home/airflow/.local/lib/python3.7/site-packages/airflow/example_dags/tutorial_dag.py for tasks to queue
[2025-10-18T04:59:29.845+0000] {logging_mixin.py:149} INFO - [2025-10-18T04:59:29.845+0000] {dagbag.py:541} INFO - Filling up the DagBag from /home/airflow/.local/lib/python3.7/site-packages/airflow/example_dags/tutorial_dag.py
[2025-10-18T04:59:29.851+0000] {processor.py:836} INFO - DAG(s) dict_keys(['tutorial_dag']) retrieved from /home/airflow/.local/lib/python3.7/site-packages/airflow/example_dags/tutorial_dag.py
[2025-10-18T04:59:29.886+0000] {logging_mixin.py:149} INFO - [2025-10-18T04:59:29.886+0000] {dag.py:2726} INFO - Sync 1 DAGs
[2025-10-18T04:59:29.915+0000] {logging_mixin.py:149} INFO - [2025-10-18T04:59:29.915+0000] {dag.py:3490} INFO - Setting next_dagrun for tutorial_dag to None, run_after=None
[2025-10-18T04:59:29.945+0000] {processor.py:179} INFO - Processing /home/airflow/.local/lib/python3.7/site-packages/airflow/example_dags/tutorial_dag.py took 0.105 seconds
[2025-10-18T05:00:00.456+0000] {processor.py:157} INFO - Started process (PID=6741) to work on /home/airflow/.local/lib/python3.7/site-packages/airflow/example_dags/tutorial_dag.py
[2025-10-18T05:00:00.457+0000] {processor.py:826} INFO - Processing file /home/airflow/.local/lib/python3.7/site-packages/airflow/example_dags/tutorial_dag.py for tasks to queue
[2025-10-18T05:00:00.457+0000] {logging_mixin.py:149} INFO - [2025-10-18T05:00:00.457+0000] {dagbag.py:541} INFO - Filling up the DagBag from /home/airflow/.local/lib/python3.7/site-packages/airflow/example_dags/tutorial_dag.py
[2025-10-18T05:00:00.463+0000] {processor.py:836} INFO - DAG(s) dict_keys(['tutorial_dag']) retrieved from /home/airflow/.local/lib/python3.7/site-packages/airflow/example_dags/tutorial_dag.py
[2025-10-18T05:00:00.496+0000] {logging_mixin.py:149} INFO - [2025-10-18T05:00:00.495+0000] {dag.py:2726} INFO - Sync 1 DAGs
[2025-10-18T05:00:00.523+0000] {logging_mixin.py:149} INFO - [2025-10-18T05:00:00.523+0000] {dag.py:3490} INFO - Setting next_dagrun for tutorial_dag to None, run_after=None
[2025-10-18T05:00:00.544+0000] {processor.py:179} INFO - Processing /home/airflow/.local/lib/python3.7/site-packages/airflow/example_dags/tutorial_dag.py took 0.092 seconds
[2025-10-18T05:00:31.422+0000] {processor.py:157} INFO - Started process (PID=7048) to work on /home/airflow/.local/lib/python3.7/site-packages/airflow/example_dags/tutorial_dag.py
[2025-10-18T05:00:31.423+0000] {processor.py:826} INFO - Processing file /home/airflow/.local/lib/python3.7/site-packages/airflow/example_dags/tutorial_dag.py for tasks to queue
[2025-10-18T05:00:31.424+0000] {logging_mixin.py:149} INFO - [2025-10-18T05:00:31.424+0000] {dagbag.py:541} INFO - Filling up the DagBag from /home/airflow/.local/lib/python3.7/site-packages/airflow/example_dags/tutorial_dag.py
[2025-10-18T05:00:31.430+0000] {processor.py:836} INFO - DAG(s) dict_keys(['tutorial_dag']) retrieved from /home/airflow/.local/lib/python3.7/site-packages/airflow/example_dags/tutorial_dag.py
[2025-10-18T05:00:31.462+0000] {logging_mixin.py:149} INFO - [2025-10-18T05:00:31.462+0000] {dag.py:2726} INFO - Sync 1 DAGs
[2025-10-18T05:00:31.499+0000] {logging_mixin.py:149} INFO - [2025-10-18T05:00:31.499+0000] {dag.py:3490} INFO - Setting next_dagrun for tutorial_dag to None, run_after=None
[2025-10-18T05:00:31.527+0000] {processor.py:179} INFO - Processing /home/airflow/.local/lib/python3.7/site-packages/airflow/example_dags/tutorial_dag.py took 0.109 seconds
[2025-10-18T05:01:02.518+0000] {processor.py:157} INFO - Started process (PID=7355) to work on /home/airflow/.local/lib/python3.7/site-packages/airflow/example_dags/tutorial_dag.py
[2025-10-18T05:01:02.519+0000] {processor.py:826} INFO - Processing file /home/airflow/.local/lib/python3.7/site-packages/airflow/example_dags/tutorial_dag.py for tasks to queue
[2025-10-18T05:01:02.521+0000] {logging_mixin.py:149} INFO - [2025-10-18T05:01:02.521+0000] {dagbag.py:541} INFO - Filling up the DagBag from /home/airflow/.local/lib/python3.7/site-packages/airflow/example_dags/tutorial_dag.py
[2025-10-18T05:01:02.527+0000] {processor.py:836} INFO - DAG(s) dict_keys(['tutorial_dag']) retrieved from /home/airflow/.local/lib/python3.7/site-packages/airflow/example_dags/tutorial_dag.py
[2025-10-18T05:01:02.559+0000] {logging_mixin.py:149} INFO - [2025-10-18T05:01:02.559+0000] {dag.py:2726} INFO - Sync 1 DAGs
[2025-10-18T05:01:02.594+0000] {logging_mixin.py:149} INFO - [2025-10-18T05:01:02.594+0000] {dag.py:3490} INFO - Setting next_dagrun for tutorial_dag to None, run_after=None
[2025-10-18T05:01:02.616+0000] {processor.py:179} INFO - Processing /home/airflow/.local/lib/python3.7/site-packages/airflow/example_dags/tutorial_dag.py took 0.101 seconds
[2025-10-18T05:01:33.208+0000] {processor.py:157} INFO - Started process (PID=7662) to work on /home/airflow/.local/lib/python3.7/site-packages/airflow/example_dags/tutorial_dag.py
[2025-10-18T05:01:33.209+0000] {processor.py:826} INFO - Processing file /home/airflow/.local/lib/python3.7/site-packages/airflow/example_dags/tutorial_dag.py for tasks to queue
[2025-10-18T05:01:33.210+0000] {logging_mixin.py:149} INFO - [2025-10-18T05:01:33.210+0000] {dagbag.py:541} INFO - Filling up the DagBag from /home/airflow/.local/lib/python3.7/site-packages/airflow/example_dags/tutorial_dag.py
[2025-10-18T05:01:33.219+0000] {processor.py:836} INFO - DAG(s) dict_keys(['tutorial_dag']) retrieved from /home/airflow/.local/lib/python3.7/site-packages/airflow/example_dags/tutorial_dag.py
[2025-10-18T05:01:33.252+0000] {logging_mixin.py:149} INFO - [2025-10-18T05:01:33.252+0000] {dag.py:2726} INFO - Sync 1 DAGs
[2025-10-18T05:01:33.283+0000] {logging_mixin.py:149} INFO - [2025-10-18T05:01:33.282+0000] {dag.py:3490} INFO - Setting next_dagrun for tutorial_dag to None, run_after=None
[2025-10-18T05:01:33.307+0000] {processor.py:179} INFO - Processing /home/airflow/.local/lib/python3.7/site-packages/airflow/example_dags/tutorial_dag.py took 0.102 seconds
[2025-10-18T05:02:04.155+0000] {processor.py:157} INFO - Started process (PID=7969) to work on /home/airflow/.local/lib/python3.7/site-packages/airflow/example_dags/tutorial_dag.py
[2025-10-18T05:02:04.156+0000] {processor.py:826} INFO - Processing file /home/airflow/.local/lib/python3.7/site-packages/airflow/example_dags/tutorial_dag.py for tasks to queue
[2025-10-18T05:02:04.157+0000] {logging_mixin.py:149} INFO - [2025-10-18T05:02:04.157+0000] {dagbag.py:541} INFO - Filling up the DagBag from /home/airflow/.local/lib/python3.7/site-packages/airflow/example_dags/tutorial_dag.py
[2025-10-18T05:02:04.162+0000] {processor.py:836} INFO - DAG(s) dict_keys(['tutorial_dag']) retrieved from /home/airflow/.local/lib/python3.7/site-packages/airflow/example_dags/tutorial_dag.py
[2025-10-18T05:02:04.189+0000] {logging_mixin.py:149} INFO - [2025-10-18T05:02:04.189+0000] {dag.py:2726} INFO - Sync 1 DAGs
[2025-10-18T05:02:04.217+0000] {logging_mixin.py:149} INFO - [2025-10-18T05:02:04.217+0000] {dag.py:3490} INFO - Setting next_dagrun for tutorial_dag to None, run_after=None
[2025-10-18T05:02:04.245+0000] {processor.py:179} INFO - Processing /home/airflow/.local/lib/python3.7/site-packages/airflow/example_dags/tutorial_dag.py took 0.093 seconds
[2025-10-18T05:02:34.892+0000] {processor.py:157} INFO - Started process (PID=8276) to work on /home/airflow/.local/lib/python3.7/site-packages/airflow/example_dags/tutorial_dag.py
[2025-10-18T05:02:34.893+0000] {processor.py:826} INFO - Processing file /home/airflow/.local/lib/python3.7/site-packages/airflow/example_dags/tutorial_dag.py for tasks to queue
[2025-10-18T05:02:34.894+0000] {logging_mixin.py:149} INFO - [2025-10-18T05:02:34.893+0000] {dagbag.py:541} INFO - Filling up the DagBag from /home/airflow/.local/lib/python3.7/site-packages/airflow/example_dags/tutorial_dag.py
[2025-10-18T05:02:34.899+0000] {processor.py:836} INFO - DAG(s) dict_keys(['tutorial_dag']) retrieved from /home/airflow/.local/lib/python3.7/site-packages/airflow/example_dags/tutorial_dag.py
[2025-10-18T05:02:34.928+0000] {logging_mixin.py:149} INFO - [2025-10-18T05:02:34.928+0000] {dag.py:2726} INFO - Sync 1 DAGs
[2025-10-18T05:02:34.957+0000] {logging_mixin.py:149} INFO - [2025-10-18T05:02:34.957+0000] {dag.py:3490} INFO - Setting next_dagrun for tutorial_dag to None, run_after=None
[2025-10-18T05:02:34.979+0000] {processor.py:179} INFO - Processing /home/airflow/.local/lib/python3.7/site-packages/airflow/example_dags/tutorial_dag.py took 0.091 seconds
[2025-10-18T05:03:05.727+0000] {processor.py:157} INFO - Started process (PID=8583) to work on /home/airflow/.local/lib/python3.7/site-packages/airflow/example_dags/tutorial_dag.py
[2025-10-18T05:03:05.728+0000] {processor.py:826} INFO - Processing file /home/airflow/.local/lib/python3.7/site-packages/airflow/example_dags/tutorial_dag.py for tasks to queue
[2025-10-18T05:03:05.729+0000] {logging_mixin.py:149} INFO - [2025-10-18T05:03:05.729+0000] {dagbag.py:541} INFO - Filling up the DagBag from /home/airflow/.local/lib/python3.7/site-packages/airflow/example_dags/tutorial_dag.py
[2025-10-18T05:03:05.735+0000] {processor.py:836} INFO - DAG(s) dict_keys(['tutorial_dag']) retrieved from /home/airflow/.local/lib/python3.7/site-packages/airflow/example_dags/tutorial_dag.py
[2025-10-18T05:03:05.763+0000] {logging_mixin.py:149} INFO - [2025-10-18T05:03:05.762+0000] {dag.py:2726} INFO - Sync 1 DAGs
[2025-10-18T05:03:05.795+0000] {logging_mixin.py:149} INFO - [2025-10-18T05:03:05.794+0000] {dag.py:3490} INFO - Setting next_dagrun for tutorial_dag to None, run_after=None
[2025-10-18T05:03:05.819+0000] {processor.py:179} INFO - Processing /home/airflow/.local/lib/python3.7/site-packages/airflow/example_dags/tutorial_dag.py took 0.095 seconds
[2025-10-18T05:03:37.456+0000] {processor.py:157} INFO - Started process (PID=8897) to work on /home/airflow/.local/lib/python3.7/site-packages/airflow/example_dags/tutorial_dag.py
[2025-10-18T05:03:37.457+0000] {processor.py:826} INFO - Processing file /home/airflow/.local/lib/python3.7/site-packages/airflow/example_dags/tutorial_dag.py for tasks to queue
[2025-10-18T05:03:37.458+0000] {logging_mixin.py:149} INFO - [2025-10-18T05:03:37.458+0000] {dagbag.py:541} INFO - Filling up the DagBag from /home/airflow/.local/lib/python3.7/site-packages/airflow/example_dags/tutorial_dag.py
[2025-10-18T05:03:37.464+0000] {processor.py:836} INFO - DAG(s) dict_keys(['tutorial_dag']) retrieved from /home/airflow/.local/lib/python3.7/site-packages/airflow/example_dags/tutorial_dag.py
[2025-10-18T05:03:37.491+0000] {logging_mixin.py:149} INFO - [2025-10-18T05:03:37.491+0000] {dag.py:2726} INFO - Sync 1 DAGs
[2025-10-18T05:03:37.526+0000] {logging_mixin.py:149} INFO - [2025-10-18T05:03:37.525+0000] {dag.py:3490} INFO - Setting next_dagrun for tutorial_dag to None, run_after=None
[2025-10-18T05:03:37.653+0000] {processor.py:179} INFO - Processing /home/airflow/.local/lib/python3.7/site-packages/airflow/example_dags/tutorial_dag.py took 0.201 seconds
[2025-10-18T05:04:08.545+0000] {processor.py:157} INFO - Started process (PID=9204) to work on /home/airflow/.local/lib/python3.7/site-packages/airflow/example_dags/tutorial_dag.py
[2025-10-18T05:04:08.546+0000] {processor.py:826} INFO - Processing file /home/airflow/.local/lib/python3.7/site-packages/airflow/example_dags/tutorial_dag.py for tasks to queue
[2025-10-18T05:04:08.547+0000] {logging_mixin.py:149} INFO - [2025-10-18T05:04:08.546+0000] {dagbag.py:541} INFO - Filling up the DagBag from /home/airflow/.local/lib/python3.7/site-packages/airflow/example_dags/tutorial_dag.py
[2025-10-18T05:04:08.552+0000] {processor.py:836} INFO - DAG(s) dict_keys(['tutorial_dag']) retrieved from /home/airflow/.local/lib/python3.7/site-packages/airflow/example_dags/tutorial_dag.py
[2025-10-18T05:04:08.587+0000] {logging_mixin.py:149} INFO - [2025-10-18T05:04:08.587+0000] {dag.py:2726} INFO - Sync 1 DAGs
[2025-10-18T05:04:08.619+0000] {logging_mixin.py:149} INFO - [2025-10-18T05:04:08.618+0000] {dag.py:3490} INFO - Setting next_dagrun for tutorial_dag to None, run_after=None
[2025-10-18T05:04:08.640+0000] {processor.py:179} INFO - Processing /home/airflow/.local/lib/python3.7/site-packages/airflow/example_dags/tutorial_dag.py took 0.099 seconds
[2025-10-18T05:04:39.247+0000] {processor.py:157} INFO - Started process (PID=9511) to work on /home/airflow/.local/lib/python3.7/site-packages/airflow/example_dags/tutorial_dag.py
[2025-10-18T05:04:39.248+0000] {processor.py:826} INFO - Processing file /home/airflow/.local/lib/python3.7/site-packages/airflow/example_dags/tutorial_dag.py for tasks to queue
[2025-10-18T05:04:39.249+0000] {logging_mixin.py:149} INFO - [2025-10-18T05:04:39.248+0000] {dagbag.py:541} INFO - Filling up the DagBag from /home/airflow/.local/lib/python3.7/site-packages/airflow/example_dags/tutorial_dag.py
[2025-10-18T05:04:39.254+0000] {processor.py:836} INFO - DAG(s) dict_keys(['tutorial_dag']) retrieved from /home/airflow/.local/lib/python3.7/site-packages/airflow/example_dags/tutorial_dag.py
[2025-10-18T05:04:39.288+0000] {logging_mixin.py:149} INFO - [2025-10-18T05:04:39.288+0000] {dag.py:2726} INFO - Sync 1 DAGs
[2025-10-18T05:04:39.430+0000] {logging_mixin.py:149} INFO - [2025-10-18T05:04:39.430+0000] {dag.py:3490} INFO - Setting next_dagrun for tutorial_dag to None, run_after=None
[2025-10-18T05:04:39.453+0000] {processor.py:179} INFO - Processing /home/airflow/.local/lib/python3.7/site-packages/airflow/example_dags/tutorial_dag.py took 0.210 seconds
[2025-10-18T05:05:10.338+0000] {processor.py:157} INFO - Started process (PID=9818) to work on /home/airflow/.local/lib/python3.7/site-packages/airflow/example_dags/tutorial_dag.py
[2025-10-18T05:05:10.339+0000] {processor.py:826} INFO - Processing file /home/airflow/.local/lib/python3.7/site-packages/airflow/example_dags/tutorial_dag.py for tasks to queue
[2025-10-18T05:05:10.340+0000] {logging_mixin.py:149} INFO - [2025-10-18T05:05:10.340+0000] {dagbag.py:541} INFO - Filling up the DagBag from /home/airflow/.local/lib/python3.7/site-packages/airflow/example_dags/tutorial_dag.py
[2025-10-18T05:05:10.345+0000] {processor.py:836} INFO - DAG(s) dict_keys(['tutorial_dag']) retrieved from /home/airflow/.local/lib/python3.7/site-packages/airflow/example_dags/tutorial_dag.py
[2025-10-18T05:05:10.377+0000] {logging_mixin.py:149} INFO - [2025-10-18T05:05:10.376+0000] {dag.py:2726} INFO - Sync 1 DAGs
[2025-10-18T05:05:10.411+0000] {logging_mixin.py:149} INFO - [2025-10-18T05:05:10.411+0000] {dag.py:3490} INFO - Setting next_dagrun for tutorial_dag to None, run_after=None
[2025-10-18T05:05:10.434+0000] {processor.py:179} INFO - Processing /home/airflow/.local/lib/python3.7/site-packages/airflow/example_dags/tutorial_dag.py took 0.100 seconds
[2025-10-18T05:05:41.196+0000] {processor.py:157} INFO - Started process (PID=10125) to work on /home/airflow/.local/lib/python3.7/site-packages/airflow/example_dags/tutorial_dag.py
[2025-10-18T05:05:41.198+0000] {processor.py:826} INFO - Processing file /home/airflow/.local/lib/python3.7/site-packages/airflow/example_dags/tutorial_dag.py for tasks to queue
[2025-10-18T05:05:41.199+0000] {logging_mixin.py:149} INFO - [2025-10-18T05:05:41.199+0000] {dagbag.py:541} INFO - Filling up the DagBag from /home/airflow/.local/lib/python3.7/site-packages/airflow/example_dags/tutorial_dag.py
[2025-10-18T05:05:41.205+0000] {processor.py:836} INFO - DAG(s) dict_keys(['tutorial_dag']) retrieved from /home/airflow/.local/lib/python3.7/site-packages/airflow/example_dags/tutorial_dag.py
[2025-10-18T05:05:41.234+0000] {logging_mixin.py:149} INFO - [2025-10-18T05:05:41.233+0000] {dag.py:2726} INFO - Sync 1 DAGs
[2025-10-18T05:05:41.265+0000] {logging_mixin.py:149} INFO - [2025-10-18T05:05:41.265+0000] {dag.py:3490} INFO - Setting next_dagrun for tutorial_dag to None, run_after=None
[2025-10-18T05:05:41.287+0000] {processor.py:179} INFO - Processing /home/airflow/.local/lib/python3.7/site-packages/airflow/example_dags/tutorial_dag.py took 0.094 seconds
[2025-10-18T05:06:11.853+0000] {processor.py:157} INFO - Started process (PID=10432) to work on /home/airflow/.local/lib/python3.7/site-packages/airflow/example_dags/tutorial_dag.py
[2025-10-18T05:06:11.855+0000] {processor.py:826} INFO - Processing file /home/airflow/.local/lib/python3.7/site-packages/airflow/example_dags/tutorial_dag.py for tasks to queue
[2025-10-18T05:06:11.856+0000] {logging_mixin.py:149} INFO - [2025-10-18T05:06:11.856+0000] {dagbag.py:541} INFO - Filling up the DagBag from /home/airflow/.local/lib/python3.7/site-packages/airflow/example_dags/tutorial_dag.py
[2025-10-18T05:06:11.862+0000] {processor.py:836} INFO - DAG(s) dict_keys(['tutorial_dag']) retrieved from /home/airflow/.local/lib/python3.7/site-packages/airflow/example_dags/tutorial_dag.py
[2025-10-18T05:06:11.902+0000] {logging_mixin.py:149} INFO - [2025-10-18T05:06:11.902+0000] {dag.py:2726} INFO - Sync 1 DAGs
[2025-10-18T05:06:11.945+0000] {logging_mixin.py:149} INFO - [2025-10-18T05:06:11.944+0000] {dag.py:3490} INFO - Setting next_dagrun for tutorial_dag to None, run_after=None
[2025-10-18T05:06:11.973+0000] {processor.py:179} INFO - Processing /home/airflow/.local/lib/python3.7/site-packages/airflow/example_dags/tutorial_dag.py took 0.126 seconds
[2025-10-18T05:06:42.691+0000] {processor.py:157} INFO - Started process (PID=10739) to work on /home/airflow/.local/lib/python3.7/site-packages/airflow/example_dags/tutorial_dag.py
[2025-10-18T05:06:42.693+0000] {processor.py:826} INFO - Processing file /home/airflow/.local/lib/python3.7/site-packages/airflow/example_dags/tutorial_dag.py for tasks to queue
[2025-10-18T05:06:42.696+0000] {logging_mixin.py:149} INFO - [2025-10-18T05:06:42.696+0000] {dagbag.py:541} INFO - Filling up the DagBag from /home/airflow/.local/lib/python3.7/site-packages/airflow/example_dags/tutorial_dag.py
[2025-10-18T05:06:42.702+0000] {processor.py:836} INFO - DAG(s) dict_keys(['tutorial_dag']) retrieved from /home/airflow/.local/lib/python3.7/site-packages/airflow/example_dags/tutorial_dag.py
[2025-10-18T05:06:42.732+0000] {logging_mixin.py:149} INFO - [2025-10-18T05:06:42.732+0000] {dag.py:2726} INFO - Sync 1 DAGs
[2025-10-18T05:06:42.765+0000] {logging_mixin.py:149} INFO - [2025-10-18T05:06:42.765+0000] {dag.py:3490} INFO - Setting next_dagrun for tutorial_dag to None, run_after=None
[2025-10-18T05:06:42.799+0000] {processor.py:179} INFO - Processing /home/airflow/.local/lib/python3.7/site-packages/airflow/example_dags/tutorial_dag.py took 0.111 seconds
[2025-10-18T05:07:13.708+0000] {processor.py:157} INFO - Started process (PID=11046) to work on /home/airflow/.local/lib/python3.7/site-packages/airflow/example_dags/tutorial_dag.py
[2025-10-18T05:07:13.710+0000] {processor.py:826} INFO - Processing file /home/airflow/.local/lib/python3.7/site-packages/airflow/example_dags/tutorial_dag.py for tasks to queue
[2025-10-18T05:07:13.711+0000] {logging_mixin.py:149} INFO - [2025-10-18T05:07:13.710+0000] {dagbag.py:541} INFO - Filling up the DagBag from /home/airflow/.local/lib/python3.7/site-packages/airflow/example_dags/tutorial_dag.py
[2025-10-18T05:07:13.716+0000] {processor.py:836} INFO - DAG(s) dict_keys(['tutorial_dag']) retrieved from /home/airflow/.local/lib/python3.7/site-packages/airflow/example_dags/tutorial_dag.py
[2025-10-18T05:07:13.744+0000] {logging_mixin.py:149} INFO - [2025-10-18T05:07:13.744+0000] {dag.py:2726} INFO - Sync 1 DAGs
[2025-10-18T05:07:13.775+0000] {logging_mixin.py:149} INFO - [2025-10-18T05:07:13.775+0000] {dag.py:3490} INFO - Setting next_dagrun for tutorial_dag to None, run_after=None
[2025-10-18T05:07:13.800+0000] {processor.py:179} INFO - Processing /home/airflow/.local/lib/python3.7/site-packages/airflow/example_dags/tutorial_dag.py took 0.095 seconds
[2025-10-18T05:07:44.473+0000] {processor.py:157} INFO - Started process (PID=11353) to work on /home/airflow/.local/lib/python3.7/site-packages/airflow/example_dags/tutorial_dag.py
[2025-10-18T05:07:44.476+0000] {processor.py:826} INFO - Processing file /home/airflow/.local/lib/python3.7/site-packages/airflow/example_dags/tutorial_dag.py for tasks to queue
[2025-10-18T05:07:44.478+0000] {logging_mixin.py:149} INFO - [2025-10-18T05:07:44.477+0000] {dagbag.py:541} INFO - Filling up the DagBag from /home/airflow/.local/lib/python3.7/site-packages/airflow/example_dags/tutorial_dag.py
[2025-10-18T05:07:44.484+0000] {processor.py:836} INFO - DAG(s) dict_keys(['tutorial_dag']) retrieved from /home/airflow/.local/lib/python3.7/site-packages/airflow/example_dags/tutorial_dag.py
[2025-10-18T05:07:44.519+0000] {logging_mixin.py:149} INFO - [2025-10-18T05:07:44.519+0000] {dag.py:2726} INFO - Sync 1 DAGs
[2025-10-18T05:07:44.562+0000] {logging_mixin.py:149} INFO - [2025-10-18T05:07:44.562+0000] {dag.py:3490} INFO - Setting next_dagrun for tutorial_dag to None, run_after=None
[2025-10-18T05:07:44.593+0000] {processor.py:179} INFO - Processing /home/airflow/.local/lib/python3.7/site-packages/airflow/example_dags/tutorial_dag.py took 0.123 seconds
[2025-10-18T05:08:15.528+0000] {processor.py:157} INFO - Started process (PID=11660) to work on /home/airflow/.local/lib/python3.7/site-packages/airflow/example_dags/tutorial_dag.py
[2025-10-18T05:08:15.530+0000] {processor.py:826} INFO - Processing file /home/airflow/.local/lib/python3.7/site-packages/airflow/example_dags/tutorial_dag.py for tasks to queue
[2025-10-18T05:08:15.531+0000] {logging_mixin.py:149} INFO - [2025-10-18T05:08:15.531+0000] {dagbag.py:541} INFO - Filling up the DagBag from /home/airflow/.local/lib/python3.7/site-packages/airflow/example_dags/tutorial_dag.py
[2025-10-18T05:08:15.537+0000] {processor.py:836} INFO - DAG(s) dict_keys(['tutorial_dag']) retrieved from /home/airflow/.local/lib/python3.7/site-packages/airflow/example_dags/tutorial_dag.py
[2025-10-18T05:08:15.566+0000] {logging_mixin.py:149} INFO - [2025-10-18T05:08:15.566+0000] {dag.py:2726} INFO - Sync 1 DAGs
[2025-10-18T05:08:15.597+0000] {logging_mixin.py:149} INFO - [2025-10-18T05:08:15.597+0000] {dag.py:3490} INFO - Setting next_dagrun for tutorial_dag to None, run_after=None
[2025-10-18T05:08:15.626+0000] {processor.py:179} INFO - Processing /home/airflow/.local/lib/python3.7/site-packages/airflow/example_dags/tutorial_dag.py took 0.101 seconds
[2025-10-18T05:08:46.533+0000] {processor.py:157} INFO - Started process (PID=11967) to work on /home/airflow/.local/lib/python3.7/site-packages/airflow/example_dags/tutorial_dag.py
[2025-10-18T05:08:46.534+0000] {processor.py:826} INFO - Processing file /home/airflow/.local/lib/python3.7/site-packages/airflow/example_dags/tutorial_dag.py for tasks to queue
[2025-10-18T05:08:46.535+0000] {logging_mixin.py:149} INFO - [2025-10-18T05:08:46.535+0000] {dagbag.py:541} INFO - Filling up the DagBag from /home/airflow/.local/lib/python3.7/site-packages/airflow/example_dags/tutorial_dag.py
[2025-10-18T05:08:46.541+0000] {processor.py:836} INFO - DAG(s) dict_keys(['tutorial_dag']) retrieved from /home/airflow/.local/lib/python3.7/site-packages/airflow/example_dags/tutorial_dag.py
[2025-10-18T05:08:46.573+0000] {logging_mixin.py:149} INFO - [2025-10-18T05:08:46.573+0000] {dag.py:2726} INFO - Sync 1 DAGs
[2025-10-18T05:08:46.604+0000] {logging_mixin.py:149} INFO - [2025-10-18T05:08:46.604+0000] {dag.py:3490} INFO - Setting next_dagrun for tutorial_dag to None, run_after=None
[2025-10-18T05:08:46.631+0000] {processor.py:179} INFO - Processing /home/airflow/.local/lib/python3.7/site-packages/airflow/example_dags/tutorial_dag.py took 0.102 seconds
[2025-10-18T05:09:16.692+0000] {processor.py:157} INFO - Started process (PID=12274) to work on /home/airflow/.local/lib/python3.7/site-packages/airflow/example_dags/tutorial_dag.py
[2025-10-18T05:09:16.693+0000] {processor.py:826} INFO - Processing file /home/airflow/.local/lib/python3.7/site-packages/airflow/example_dags/tutorial_dag.py for tasks to queue
[2025-10-18T05:09:16.694+0000] {logging_mixin.py:149} INFO - [2025-10-18T05:09:16.694+0000] {dagbag.py:541} INFO - Filling up the DagBag from /home/airflow/.local/lib/python3.7/site-packages/airflow/example_dags/tutorial_dag.py
[2025-10-18T05:09:16.702+0000] {processor.py:836} INFO - DAG(s) dict_keys(['tutorial_dag']) retrieved from /home/airflow/.local/lib/python3.7/site-packages/airflow/example_dags/tutorial_dag.py
[2025-10-18T05:09:16.729+0000] {logging_mixin.py:149} INFO - [2025-10-18T05:09:16.729+0000] {dag.py:2726} INFO - Sync 1 DAGs
[2025-10-18T05:09:16.757+0000] {logging_mixin.py:149} INFO - [2025-10-18T05:09:16.757+0000] {dag.py:3490} INFO - Setting next_dagrun for tutorial_dag to None, run_after=None
[2025-10-18T05:09:16.779+0000] {processor.py:179} INFO - Processing /home/airflow/.local/lib/python3.7/site-packages/airflow/example_dags/tutorial_dag.py took 0.093 seconds
[2025-10-18T05:09:47.494+0000] {processor.py:157} INFO - Started process (PID=12581) to work on /home/airflow/.local/lib/python3.7/site-packages/airflow/example_dags/tutorial_dag.py
[2025-10-18T05:09:47.495+0000] {processor.py:826} INFO - Processing file /home/airflow/.local/lib/python3.7/site-packages/airflow/example_dags/tutorial_dag.py for tasks to queue
[2025-10-18T05:09:47.495+0000] {logging_mixin.py:149} INFO - [2025-10-18T05:09:47.495+0000] {dagbag.py:541} INFO - Filling up the DagBag from /home/airflow/.local/lib/python3.7/site-packages/airflow/example_dags/tutorial_dag.py
[2025-10-18T05:09:47.501+0000] {processor.py:836} INFO - DAG(s) dict_keys(['tutorial_dag']) retrieved from /home/airflow/.local/lib/python3.7/site-packages/airflow/example_dags/tutorial_dag.py
[2025-10-18T05:09:47.531+0000] {logging_mixin.py:149} INFO - [2025-10-18T05:09:47.531+0000] {dag.py:2726} INFO - Sync 1 DAGs
[2025-10-18T05:09:47.562+0000] {logging_mixin.py:149} INFO - [2025-10-18T05:09:47.562+0000] {dag.py:3490} INFO - Setting next_dagrun for tutorial_dag to None, run_after=None
[2025-10-18T05:09:47.585+0000] {processor.py:179} INFO - Processing /home/airflow/.local/lib/python3.7/site-packages/airflow/example_dags/tutorial_dag.py took 0.094 seconds
[2025-10-18T05:10:18.660+0000] {processor.py:157} INFO - Started process (PID=12890) to work on /home/airflow/.local/lib/python3.7/site-packages/airflow/example_dags/tutorial_dag.py
[2025-10-18T05:10:18.661+0000] {processor.py:826} INFO - Processing file /home/airflow/.local/lib/python3.7/site-packages/airflow/example_dags/tutorial_dag.py for tasks to queue
[2025-10-18T05:10:18.663+0000] {logging_mixin.py:149} INFO - [2025-10-18T05:10:18.663+0000] {dagbag.py:541} INFO - Filling up the DagBag from /home/airflow/.local/lib/python3.7/site-packages/airflow/example_dags/tutorial_dag.py
[2025-10-18T05:10:18.668+0000] {processor.py:836} INFO - DAG(s) dict_keys(['tutorial_dag']) retrieved from /home/airflow/.local/lib/python3.7/site-packages/airflow/example_dags/tutorial_dag.py
[2025-10-18T05:10:18.698+0000] {logging_mixin.py:149} INFO - [2025-10-18T05:10:18.698+0000] {dag.py:2726} INFO - Sync 1 DAGs
[2025-10-18T05:10:18.726+0000] {logging_mixin.py:149} INFO - [2025-10-18T05:10:18.726+0000] {dag.py:3490} INFO - Setting next_dagrun for tutorial_dag to None, run_after=None
[2025-10-18T05:10:18.754+0000] {processor.py:179} INFO - Processing /home/airflow/.local/lib/python3.7/site-packages/airflow/example_dags/tutorial_dag.py took 0.098 seconds
[2025-10-18T05:10:49.609+0000] {processor.py:157} INFO - Started process (PID=13195) to work on /home/airflow/.local/lib/python3.7/site-packages/airflow/example_dags/tutorial_dag.py
[2025-10-18T05:10:49.610+0000] {processor.py:826} INFO - Processing file /home/airflow/.local/lib/python3.7/site-packages/airflow/example_dags/tutorial_dag.py for tasks to queue
[2025-10-18T05:10:49.611+0000] {logging_mixin.py:149} INFO - [2025-10-18T05:10:49.611+0000] {dagbag.py:541} INFO - Filling up the DagBag from /home/airflow/.local/lib/python3.7/site-packages/airflow/example_dags/tutorial_dag.py
[2025-10-18T05:10:49.617+0000] {processor.py:836} INFO - DAG(s) dict_keys(['tutorial_dag']) retrieved from /home/airflow/.local/lib/python3.7/site-packages/airflow/example_dags/tutorial_dag.py
[2025-10-18T05:10:49.646+0000] {logging_mixin.py:149} INFO - [2025-10-18T05:10:49.646+0000] {dag.py:2726} INFO - Sync 1 DAGs
[2025-10-18T05:10:49.675+0000] {logging_mixin.py:149} INFO - [2025-10-18T05:10:49.674+0000] {dag.py:3490} INFO - Setting next_dagrun for tutorial_dag to None, run_after=None
[2025-10-18T05:10:49.696+0000] {processor.py:179} INFO - Processing /home/airflow/.local/lib/python3.7/site-packages/airflow/example_dags/tutorial_dag.py took 0.090 seconds
[2025-10-18T05:11:20.405+0000] {processor.py:157} INFO - Started process (PID=13502) to work on /home/airflow/.local/lib/python3.7/site-packages/airflow/example_dags/tutorial_dag.py
[2025-10-18T05:11:20.405+0000] {processor.py:826} INFO - Processing file /home/airflow/.local/lib/python3.7/site-packages/airflow/example_dags/tutorial_dag.py for tasks to queue
[2025-10-18T05:11:20.406+0000] {logging_mixin.py:149} INFO - [2025-10-18T05:11:20.406+0000] {dagbag.py:541} INFO - Filling up the DagBag from /home/airflow/.local/lib/python3.7/site-packages/airflow/example_dags/tutorial_dag.py
[2025-10-18T05:11:20.412+0000] {processor.py:836} INFO - DAG(s) dict_keys(['tutorial_dag']) retrieved from /home/airflow/.local/lib/python3.7/site-packages/airflow/example_dags/tutorial_dag.py
[2025-10-18T05:11:20.440+0000] {logging_mixin.py:149} INFO - [2025-10-18T05:11:20.440+0000] {dag.py:2726} INFO - Sync 1 DAGs
[2025-10-18T05:11:20.468+0000] {logging_mixin.py:149} INFO - [2025-10-18T05:11:20.468+0000] {dag.py:3490} INFO - Setting next_dagrun for tutorial_dag to None, run_after=None
[2025-10-18T05:11:20.493+0000] {processor.py:179} INFO - Processing /home/airflow/.local/lib/python3.7/site-packages/airflow/example_dags/tutorial_dag.py took 0.092 seconds
[2025-10-18T05:11:51.115+0000] {processor.py:157} INFO - Started process (PID=13809) to work on /home/airflow/.local/lib/python3.7/site-packages/airflow/example_dags/tutorial_dag.py
[2025-10-18T05:11:51.116+0000] {processor.py:826} INFO - Processing file /home/airflow/.local/lib/python3.7/site-packages/airflow/example_dags/tutorial_dag.py for tasks to queue
[2025-10-18T05:11:51.117+0000] {logging_mixin.py:149} INFO - [2025-10-18T05:11:51.117+0000] {dagbag.py:541} INFO - Filling up the DagBag from /home/airflow/.local/lib/python3.7/site-packages/airflow/example_dags/tutorial_dag.py
[2025-10-18T05:11:51.123+0000] {processor.py:836} INFO - DAG(s) dict_keys(['tutorial_dag']) retrieved from /home/airflow/.local/lib/python3.7/site-packages/airflow/example_dags/tutorial_dag.py
[2025-10-18T05:11:51.151+0000] {logging_mixin.py:149} INFO - [2025-10-18T05:11:51.150+0000] {dag.py:2726} INFO - Sync 1 DAGs
[2025-10-18T05:11:51.184+0000] {logging_mixin.py:149} INFO - [2025-10-18T05:11:51.184+0000] {dag.py:3490} INFO - Setting next_dagrun for tutorial_dag to None, run_after=None
[2025-10-18T05:11:51.211+0000] {processor.py:179} INFO - Processing /home/airflow/.local/lib/python3.7/site-packages/airflow/example_dags/tutorial_dag.py took 0.100 seconds
[2025-10-18T05:12:21.891+0000] {processor.py:157} INFO - Started process (PID=14116) to work on /home/airflow/.local/lib/python3.7/site-packages/airflow/example_dags/tutorial_dag.py
[2025-10-18T05:12:21.892+0000] {processor.py:826} INFO - Processing file /home/airflow/.local/lib/python3.7/site-packages/airflow/example_dags/tutorial_dag.py for tasks to queue
[2025-10-18T05:12:21.893+0000] {logging_mixin.py:149} INFO - [2025-10-18T05:12:21.893+0000] {dagbag.py:541} INFO - Filling up the DagBag from /home/airflow/.local/lib/python3.7/site-packages/airflow/example_dags/tutorial_dag.py
[2025-10-18T05:12:21.899+0000] {processor.py:836} INFO - DAG(s) dict_keys(['tutorial_dag']) retrieved from /home/airflow/.local/lib/python3.7/site-packages/airflow/example_dags/tutorial_dag.py
[2025-10-18T05:12:21.933+0000] {logging_mixin.py:149} INFO - [2025-10-18T05:12:21.933+0000] {dag.py:2726} INFO - Sync 1 DAGs
[2025-10-18T05:12:21.961+0000] {logging_mixin.py:149} INFO - [2025-10-18T05:12:21.961+0000] {dag.py:3490} INFO - Setting next_dagrun for tutorial_dag to None, run_after=None
[2025-10-18T05:12:21.984+0000] {processor.py:179} INFO - Processing /home/airflow/.local/lib/python3.7/site-packages/airflow/example_dags/tutorial_dag.py took 0.097 seconds
[2025-10-18T05:12:52.829+0000] {processor.py:157} INFO - Started process (PID=14423) to work on /home/airflow/.local/lib/python3.7/site-packages/airflow/example_dags/tutorial_dag.py
[2025-10-18T05:12:52.830+0000] {processor.py:826} INFO - Processing file /home/airflow/.local/lib/python3.7/site-packages/airflow/example_dags/tutorial_dag.py for tasks to queue
[2025-10-18T05:12:52.831+0000] {logging_mixin.py:149} INFO - [2025-10-18T05:12:52.831+0000] {dagbag.py:541} INFO - Filling up the DagBag from /home/airflow/.local/lib/python3.7/site-packages/airflow/example_dags/tutorial_dag.py
[2025-10-18T05:12:52.837+0000] {processor.py:836} INFO - DAG(s) dict_keys(['tutorial_dag']) retrieved from /home/airflow/.local/lib/python3.7/site-packages/airflow/example_dags/tutorial_dag.py
[2025-10-18T05:12:52.864+0000] {logging_mixin.py:149} INFO - [2025-10-18T05:12:52.864+0000] {dag.py:2726} INFO - Sync 1 DAGs
[2025-10-18T05:12:52.892+0000] {logging_mixin.py:149} INFO - [2025-10-18T05:12:52.892+0000] {dag.py:3490} INFO - Setting next_dagrun for tutorial_dag to None, run_after=None
[2025-10-18T05:12:52.918+0000] {processor.py:179} INFO - Processing /home/airflow/.local/lib/python3.7/site-packages/airflow/example_dags/tutorial_dag.py took 0.092 seconds
[2025-10-18T05:13:23.715+0000] {processor.py:157} INFO - Started process (PID=14730) to work on /home/airflow/.local/lib/python3.7/site-packages/airflow/example_dags/tutorial_dag.py
[2025-10-18T05:13:23.721+0000] {processor.py:826} INFO - Processing file /home/airflow/.local/lib/python3.7/site-packages/airflow/example_dags/tutorial_dag.py for tasks to queue
[2025-10-18T05:13:23.722+0000] {logging_mixin.py:149} INFO - [2025-10-18T05:13:23.722+0000] {dagbag.py:541} INFO - Filling up the DagBag from /home/airflow/.local/lib/python3.7/site-packages/airflow/example_dags/tutorial_dag.py
[2025-10-18T05:13:23.729+0000] {processor.py:836} INFO - DAG(s) dict_keys(['tutorial_dag']) retrieved from /home/airflow/.local/lib/python3.7/site-packages/airflow/example_dags/tutorial_dag.py
[2025-10-18T05:13:23.761+0000] {logging_mixin.py:149} INFO - [2025-10-18T05:13:23.761+0000] {dag.py:2726} INFO - Sync 1 DAGs
[2025-10-18T05:13:23.789+0000] {logging_mixin.py:149} INFO - [2025-10-18T05:13:23.789+0000] {dag.py:3490} INFO - Setting next_dagrun for tutorial_dag to None, run_after=None
[2025-10-18T05:13:23.812+0000] {processor.py:179} INFO - Processing /home/airflow/.local/lib/python3.7/site-packages/airflow/example_dags/tutorial_dag.py took 0.100 seconds
[2025-10-18T05:13:54.375+0000] {processor.py:157} INFO - Started process (PID=15037) to work on /home/airflow/.local/lib/python3.7/site-packages/airflow/example_dags/tutorial_dag.py
[2025-10-18T05:13:54.376+0000] {processor.py:826} INFO - Processing file /home/airflow/.local/lib/python3.7/site-packages/airflow/example_dags/tutorial_dag.py for tasks to queue
[2025-10-18T05:13:54.376+0000] {logging_mixin.py:149} INFO - [2025-10-18T05:13:54.376+0000] {dagbag.py:541} INFO - Filling up the DagBag from /home/airflow/.local/lib/python3.7/site-packages/airflow/example_dags/tutorial_dag.py
[2025-10-18T05:13:54.382+0000] {processor.py:836} INFO - DAG(s) dict_keys(['tutorial_dag']) retrieved from /home/airflow/.local/lib/python3.7/site-packages/airflow/example_dags/tutorial_dag.py
[2025-10-18T05:13:54.409+0000] {logging_mixin.py:149} INFO - [2025-10-18T05:13:54.409+0000] {dag.py:2726} INFO - Sync 1 DAGs
[2025-10-18T05:13:54.437+0000] {logging_mixin.py:149} INFO - [2025-10-18T05:13:54.437+0000] {dag.py:3490} INFO - Setting next_dagrun for tutorial_dag to None, run_after=None
[2025-10-18T05:13:54.461+0000] {processor.py:179} INFO - Processing /home/airflow/.local/lib/python3.7/site-packages/airflow/example_dags/tutorial_dag.py took 0.090 seconds
[2025-10-18T05:14:25.182+0000] {processor.py:157} INFO - Started process (PID=15344) to work on /home/airflow/.local/lib/python3.7/site-packages/airflow/example_dags/tutorial_dag.py
[2025-10-18T05:14:25.183+0000] {processor.py:826} INFO - Processing file /home/airflow/.local/lib/python3.7/site-packages/airflow/example_dags/tutorial_dag.py for tasks to queue
[2025-10-18T05:14:25.184+0000] {logging_mixin.py:149} INFO - [2025-10-18T05:14:25.184+0000] {dagbag.py:541} INFO - Filling up the DagBag from /home/airflow/.local/lib/python3.7/site-packages/airflow/example_dags/tutorial_dag.py
[2025-10-18T05:14:25.190+0000] {processor.py:836} INFO - DAG(s) dict_keys(['tutorial_dag']) retrieved from /home/airflow/.local/lib/python3.7/site-packages/airflow/example_dags/tutorial_dag.py
[2025-10-18T05:14:25.217+0000] {logging_mixin.py:149} INFO - [2025-10-18T05:14:25.217+0000] {dag.py:2726} INFO - Sync 1 DAGs
[2025-10-18T05:14:25.246+0000] {logging_mixin.py:149} INFO - [2025-10-18T05:14:25.246+0000] {dag.py:3490} INFO - Setting next_dagrun for tutorial_dag to None, run_after=None
[2025-10-18T05:14:25.269+0000] {processor.py:179} INFO - Processing /home/airflow/.local/lib/python3.7/site-packages/airflow/example_dags/tutorial_dag.py took 0.091 seconds
[2025-10-18T05:14:56.329+0000] {processor.py:157} INFO - Started process (PID=15651) to work on /home/airflow/.local/lib/python3.7/site-packages/airflow/example_dags/tutorial_dag.py
[2025-10-18T05:14:56.331+0000] {processor.py:826} INFO - Processing file /home/airflow/.local/lib/python3.7/site-packages/airflow/example_dags/tutorial_dag.py for tasks to queue
[2025-10-18T05:14:56.334+0000] {logging_mixin.py:149} INFO - [2025-10-18T05:14:56.334+0000] {dagbag.py:541} INFO - Filling up the DagBag from /home/airflow/.local/lib/python3.7/site-packages/airflow/example_dags/tutorial_dag.py
[2025-10-18T05:14:56.343+0000] {processor.py:836} INFO - DAG(s) dict_keys(['tutorial_dag']) retrieved from /home/airflow/.local/lib/python3.7/site-packages/airflow/example_dags/tutorial_dag.py
[2025-10-18T05:14:56.374+0000] {logging_mixin.py:149} INFO - [2025-10-18T05:14:56.374+0000] {dag.py:2726} INFO - Sync 1 DAGs
[2025-10-18T05:14:56.406+0000] {logging_mixin.py:149} INFO - [2025-10-18T05:14:56.406+0000] {dag.py:3490} INFO - Setting next_dagrun for tutorial_dag to None, run_after=None
[2025-10-18T05:14:56.427+0000] {processor.py:179} INFO - Processing /home/airflow/.local/lib/python3.7/site-packages/airflow/example_dags/tutorial_dag.py took 0.103 seconds
[2025-10-18T05:15:27.047+0000] {processor.py:157} INFO - Started process (PID=15958) to work on /home/airflow/.local/lib/python3.7/site-packages/airflow/example_dags/tutorial_dag.py
[2025-10-18T05:15:27.050+0000] {processor.py:826} INFO - Processing file /home/airflow/.local/lib/python3.7/site-packages/airflow/example_dags/tutorial_dag.py for tasks to queue
[2025-10-18T05:15:27.051+0000] {logging_mixin.py:149} INFO - [2025-10-18T05:15:27.050+0000] {dagbag.py:541} INFO - Filling up the DagBag from /home/airflow/.local/lib/python3.7/site-packages/airflow/example_dags/tutorial_dag.py
[2025-10-18T05:15:27.058+0000] {processor.py:836} INFO - DAG(s) dict_keys(['tutorial_dag']) retrieved from /home/airflow/.local/lib/python3.7/site-packages/airflow/example_dags/tutorial_dag.py
[2025-10-18T05:15:27.092+0000] {logging_mixin.py:149} INFO - [2025-10-18T05:15:27.092+0000] {dag.py:2726} INFO - Sync 1 DAGs
[2025-10-18T05:15:27.125+0000] {logging_mixin.py:149} INFO - [2025-10-18T05:15:27.125+0000] {dag.py:3490} INFO - Setting next_dagrun for tutorial_dag to None, run_after=None
[2025-10-18T05:15:27.153+0000] {processor.py:179} INFO - Processing /home/airflow/.local/lib/python3.7/site-packages/airflow/example_dags/tutorial_dag.py took 0.109 seconds
[2025-10-18T05:15:57.738+0000] {processor.py:157} INFO - Started process (PID=16265) to work on /home/airflow/.local/lib/python3.7/site-packages/airflow/example_dags/tutorial_dag.py
[2025-10-18T05:15:57.739+0000] {processor.py:826} INFO - Processing file /home/airflow/.local/lib/python3.7/site-packages/airflow/example_dags/tutorial_dag.py for tasks to queue
[2025-10-18T05:15:57.740+0000] {logging_mixin.py:149} INFO - [2025-10-18T05:15:57.740+0000] {dagbag.py:541} INFO - Filling up the DagBag from /home/airflow/.local/lib/python3.7/site-packages/airflow/example_dags/tutorial_dag.py
[2025-10-18T05:15:57.747+0000] {processor.py:836} INFO - DAG(s) dict_keys(['tutorial_dag']) retrieved from /home/airflow/.local/lib/python3.7/site-packages/airflow/example_dags/tutorial_dag.py
[2025-10-18T05:15:57.778+0000] {logging_mixin.py:149} INFO - [2025-10-18T05:15:57.777+0000] {dag.py:2726} INFO - Sync 1 DAGs
[2025-10-18T05:15:57.807+0000] {logging_mixin.py:149} INFO - [2025-10-18T05:15:57.806+0000] {dag.py:3490} INFO - Setting next_dagrun for tutorial_dag to None, run_after=None
[2025-10-18T05:15:57.830+0000] {processor.py:179} INFO - Processing /home/airflow/.local/lib/python3.7/site-packages/airflow/example_dags/tutorial_dag.py took 0.096 seconds
[2025-10-18T05:16:28.473+0000] {processor.py:157} INFO - Started process (PID=16572) to work on /home/airflow/.local/lib/python3.7/site-packages/airflow/example_dags/tutorial_dag.py
[2025-10-18T05:16:28.474+0000] {processor.py:826} INFO - Processing file /home/airflow/.local/lib/python3.7/site-packages/airflow/example_dags/tutorial_dag.py for tasks to queue
[2025-10-18T05:16:28.475+0000] {logging_mixin.py:149} INFO - [2025-10-18T05:16:28.475+0000] {dagbag.py:541} INFO - Filling up the DagBag from /home/airflow/.local/lib/python3.7/site-packages/airflow/example_dags/tutorial_dag.py
[2025-10-18T05:16:28.481+0000] {processor.py:836} INFO - DAG(s) dict_keys(['tutorial_dag']) retrieved from /home/airflow/.local/lib/python3.7/site-packages/airflow/example_dags/tutorial_dag.py
[2025-10-18T05:16:28.511+0000] {logging_mixin.py:149} INFO - [2025-10-18T05:16:28.511+0000] {dag.py:2726} INFO - Sync 1 DAGs
[2025-10-18T05:16:28.541+0000] {logging_mixin.py:149} INFO - [2025-10-18T05:16:28.541+0000] {dag.py:3490} INFO - Setting next_dagrun for tutorial_dag to None, run_after=None
[2025-10-18T05:16:28.563+0000] {processor.py:179} INFO - Processing /home/airflow/.local/lib/python3.7/site-packages/airflow/example_dags/tutorial_dag.py took 0.095 seconds
[2025-10-18T05:16:59.312+0000] {processor.py:157} INFO - Started process (PID=16879) to work on /home/airflow/.local/lib/python3.7/site-packages/airflow/example_dags/tutorial_dag.py
[2025-10-18T05:16:59.313+0000] {processor.py:826} INFO - Processing file /home/airflow/.local/lib/python3.7/site-packages/airflow/example_dags/tutorial_dag.py for tasks to queue
[2025-10-18T05:16:59.314+0000] {logging_mixin.py:149} INFO - [2025-10-18T05:16:59.314+0000] {dagbag.py:541} INFO - Filling up the DagBag from /home/airflow/.local/lib/python3.7/site-packages/airflow/example_dags/tutorial_dag.py
[2025-10-18T05:16:59.320+0000] {processor.py:836} INFO - DAG(s) dict_keys(['tutorial_dag']) retrieved from /home/airflow/.local/lib/python3.7/site-packages/airflow/example_dags/tutorial_dag.py
[2025-10-18T05:16:59.347+0000] {logging_mixin.py:149} INFO - [2025-10-18T05:16:59.347+0000] {dag.py:2726} INFO - Sync 1 DAGs
[2025-10-18T05:16:59.378+0000] {logging_mixin.py:149} INFO - [2025-10-18T05:16:59.377+0000] {dag.py:3490} INFO - Setting next_dagrun for tutorial_dag to None, run_after=None
[2025-10-18T05:16:59.404+0000] {processor.py:179} INFO - Processing /home/airflow/.local/lib/python3.7/site-packages/airflow/example_dags/tutorial_dag.py took 0.095 seconds
[2025-10-18T05:17:30.758+0000] {processor.py:157} INFO - Started process (PID=17186) to work on /home/airflow/.local/lib/python3.7/site-packages/airflow/example_dags/tutorial_dag.py
[2025-10-18T05:17:30.759+0000] {processor.py:826} INFO - Processing file /home/airflow/.local/lib/python3.7/site-packages/airflow/example_dags/tutorial_dag.py for tasks to queue
[2025-10-18T05:17:30.761+0000] {logging_mixin.py:149} INFO - [2025-10-18T05:17:30.760+0000] {dagbag.py:541} INFO - Filling up the DagBag from /home/airflow/.local/lib/python3.7/site-packages/airflow/example_dags/tutorial_dag.py
[2025-10-18T05:17:30.766+0000] {processor.py:836} INFO - DAG(s) dict_keys(['tutorial_dag']) retrieved from /home/airflow/.local/lib/python3.7/site-packages/airflow/example_dags/tutorial_dag.py
[2025-10-18T05:17:30.795+0000] {logging_mixin.py:149} INFO - [2025-10-18T05:17:30.795+0000] {dag.py:2726} INFO - Sync 1 DAGs
[2025-10-18T05:17:30.825+0000] {logging_mixin.py:149} INFO - [2025-10-18T05:17:30.825+0000] {dag.py:3490} INFO - Setting next_dagrun for tutorial_dag to None, run_after=None
[2025-10-18T05:17:30.846+0000] {processor.py:179} INFO - Processing /home/airflow/.local/lib/python3.7/site-packages/airflow/example_dags/tutorial_dag.py took 0.092 seconds
[2025-10-18T05:18:01.668+0000] {processor.py:157} INFO - Started process (PID=17493) to work on /home/airflow/.local/lib/python3.7/site-packages/airflow/example_dags/tutorial_dag.py
[2025-10-18T05:18:01.669+0000] {processor.py:826} INFO - Processing file /home/airflow/.local/lib/python3.7/site-packages/airflow/example_dags/tutorial_dag.py for tasks to queue
[2025-10-18T05:18:01.669+0000] {logging_mixin.py:149} INFO - [2025-10-18T05:18:01.669+0000] {dagbag.py:541} INFO - Filling up the DagBag from /home/airflow/.local/lib/python3.7/site-packages/airflow/example_dags/tutorial_dag.py
[2025-10-18T05:18:01.675+0000] {processor.py:836} INFO - DAG(s) dict_keys(['tutorial_dag']) retrieved from /home/airflow/.local/lib/python3.7/site-packages/airflow/example_dags/tutorial_dag.py
[2025-10-18T05:18:01.703+0000] {logging_mixin.py:149} INFO - [2025-10-18T05:18:01.703+0000] {dag.py:2726} INFO - Sync 1 DAGs
[2025-10-18T05:18:01.738+0000] {logging_mixin.py:149} INFO - [2025-10-18T05:18:01.737+0000] {dag.py:3490} INFO - Setting next_dagrun for tutorial_dag to None, run_after=None
[2025-10-18T05:18:01.760+0000] {processor.py:179} INFO - Processing /home/airflow/.local/lib/python3.7/site-packages/airflow/example_dags/tutorial_dag.py took 0.096 seconds
