[2025-07-10T17:58:00.083+0000] {processor.py:157} INFO - Started process (PID=386) to work on /home/airflow/.local/lib/python3.7/site-packages/airflow/example_dags/example_branch_day_of_week_operator.py
[2025-07-10T17:58:00.084+0000] {processor.py:826} INFO - Processing file /home/airflow/.local/lib/python3.7/site-packages/airflow/example_dags/example_branch_day_of_week_operator.py for tasks to queue
[2025-07-10T17:58:00.085+0000] {logging_mixin.py:149} INFO - [2025-07-10T17:58:00.085+0000] {dagbag.py:541} INFO - Filling up the DagBag from /home/airflow/.local/lib/python3.7/site-packages/airflow/example_dags/example_branch_day_of_week_operator.py
[2025-07-10T17:58:00.101+0000] {processor.py:836} INFO - DAG(s) dict_keys(['example_weekday_branch_operator']) retrieved from /home/airflow/.local/lib/python3.7/site-packages/airflow/example_dags/example_branch_day_of_week_operator.py
[2025-07-10T17:58:00.149+0000] {logging_mixin.py:149} INFO - [2025-07-10T17:58:00.149+0000] {dag.py:2726} INFO - Sync 1 DAGs
[2025-07-10T17:58:00.252+0000] {logging_mixin.py:149} INFO - [2025-07-10T17:58:00.251+0000] {dag.py:3490} INFO - Setting next_dagrun for example_weekday_branch_operator to 2025-07-09T00:00:00+00:00, run_after=2025-07-10T00:00:00+00:00
[2025-07-10T17:58:00.314+0000] {processor.py:179} INFO - Processing /home/airflow/.local/lib/python3.7/site-packages/airflow/example_dags/example_branch_day_of_week_operator.py took 0.238 seconds
[2025-07-10T17:58:30.560+0000] {processor.py:157} INFO - Started process (PID=626) to work on /home/airflow/.local/lib/python3.7/site-packages/airflow/example_dags/example_branch_day_of_week_operator.py
[2025-07-10T17:58:30.561+0000] {processor.py:826} INFO - Processing file /home/airflow/.local/lib/python3.7/site-packages/airflow/example_dags/example_branch_day_of_week_operator.py for tasks to queue
[2025-07-10T17:58:30.562+0000] {logging_mixin.py:149} INFO - [2025-07-10T17:58:30.562+0000] {dagbag.py:541} INFO - Filling up the DagBag from /home/airflow/.local/lib/python3.7/site-packages/airflow/example_dags/example_branch_day_of_week_operator.py
[2025-07-10T17:58:30.572+0000] {processor.py:836} INFO - DAG(s) dict_keys(['example_weekday_branch_operator']) retrieved from /home/airflow/.local/lib/python3.7/site-packages/airflow/example_dags/example_branch_day_of_week_operator.py
[2025-07-10T17:58:30.613+0000] {logging_mixin.py:149} INFO - [2025-07-10T17:58:30.613+0000] {dag.py:2726} INFO - Sync 1 DAGs
[2025-07-10T17:58:30.653+0000] {logging_mixin.py:149} INFO - [2025-07-10T17:58:30.653+0000] {dag.py:3490} INFO - Setting next_dagrun for example_weekday_branch_operator to 2025-07-09T00:00:00+00:00, run_after=2025-07-10T00:00:00+00:00
[2025-07-10T17:58:30.679+0000] {processor.py:179} INFO - Processing /home/airflow/.local/lib/python3.7/site-packages/airflow/example_dags/example_branch_day_of_week_operator.py took 0.125 seconds
[2025-07-10T17:59:01.601+0000] {processor.py:157} INFO - Started process (PID=876) to work on /home/airflow/.local/lib/python3.7/site-packages/airflow/example_dags/example_branch_day_of_week_operator.py
[2025-07-10T17:59:01.601+0000] {processor.py:826} INFO - Processing file /home/airflow/.local/lib/python3.7/site-packages/airflow/example_dags/example_branch_day_of_week_operator.py for tasks to queue
[2025-07-10T17:59:01.602+0000] {logging_mixin.py:149} INFO - [2025-07-10T17:59:01.602+0000] {dagbag.py:541} INFO - Filling up the DagBag from /home/airflow/.local/lib/python3.7/site-packages/airflow/example_dags/example_branch_day_of_week_operator.py
[2025-07-10T17:59:01.610+0000] {processor.py:836} INFO - DAG(s) dict_keys(['example_weekday_branch_operator']) retrieved from /home/airflow/.local/lib/python3.7/site-packages/airflow/example_dags/example_branch_day_of_week_operator.py
[2025-07-10T17:59:01.639+0000] {logging_mixin.py:149} INFO - [2025-07-10T17:59:01.639+0000] {dag.py:2726} INFO - Sync 1 DAGs
[2025-07-10T17:59:01.669+0000] {logging_mixin.py:149} INFO - [2025-07-10T17:59:01.669+0000] {dag.py:3490} INFO - Setting next_dagrun for example_weekday_branch_operator to 2025-07-09T00:00:00+00:00, run_after=2025-07-10T00:00:00+00:00
[2025-07-10T17:59:01.798+0000] {processor.py:179} INFO - Processing /home/airflow/.local/lib/python3.7/site-packages/airflow/example_dags/example_branch_day_of_week_operator.py took 0.201 seconds
