[2025-07-10T17:57:54.097+0000] {processor.py:157} INFO - Started process (PID=214) to work on /home/airflow/.local/lib/python3.7/site-packages/airflow/example_dags/example_sla_dag.py
[2025-07-10T17:57:54.099+0000] {processor.py:826} INFO - Processing file /home/airflow/.local/lib/python3.7/site-packages/airflow/example_dags/example_sla_dag.py for tasks to queue
[2025-07-10T17:57:54.102+0000] {logging_mixin.py:149} INFO - [2025-07-10T17:57:54.101+0000] {dagbag.py:541} INFO - Filling up the DagBag from /home/airflow/.local/lib/python3.7/site-packages/airflow/example_dags/example_sla_dag.py
[2025-07-10T17:57:54.122+0000] {processor.py:836} INFO - DAG(s) dict_keys(['example_sla_dag']) retrieved from /home/airflow/.local/lib/python3.7/site-packages/airflow/example_dags/example_sla_dag.py
[2025-07-10T17:57:54.196+0000] {logging_mixin.py:149} INFO - [2025-07-10T17:57:54.195+0000] {dag.py:2726} INFO - Sync 1 DAGs
[2025-07-10T17:57:54.297+0000] {logging_mixin.py:149} INFO - [2025-07-10T17:57:54.297+0000] {dag.py:3490} INFO - Setting next_dagrun for example_sla_dag to 2025-07-10T17:54:00+00:00, run_after=2025-07-10T17:56:00+00:00
[2025-07-10T17:57:54.339+0000] {processor.py:179} INFO - Processing /home/airflow/.local/lib/python3.7/site-packages/airflow/example_dags/example_sla_dag.py took 0.248 seconds
[2025-07-10T17:58:25.037+0000] {processor.py:157} INFO - Started process (PID=459) to work on /home/airflow/.local/lib/python3.7/site-packages/airflow/example_dags/example_sla_dag.py
[2025-07-10T17:58:25.037+0000] {processor.py:826} INFO - Processing file /home/airflow/.local/lib/python3.7/site-packages/airflow/example_dags/example_sla_dag.py for tasks to queue
[2025-07-10T17:58:25.038+0000] {logging_mixin.py:149} INFO - [2025-07-10T17:58:25.038+0000] {dagbag.py:541} INFO - Filling up the DagBag from /home/airflow/.local/lib/python3.7/site-packages/airflow/example_dags/example_sla_dag.py
[2025-07-10T17:58:25.048+0000] {processor.py:836} INFO - DAG(s) dict_keys(['example_sla_dag']) retrieved from /home/airflow/.local/lib/python3.7/site-packages/airflow/example_dags/example_sla_dag.py
[2025-07-10T17:58:25.082+0000] {logging_mixin.py:149} INFO - [2025-07-10T17:58:25.082+0000] {dag.py:2726} INFO - Sync 1 DAGs
[2025-07-10T17:58:25.135+0000] {logging_mixin.py:149} INFO - [2025-07-10T17:58:25.134+0000] {dag.py:3490} INFO - Setting next_dagrun for example_sla_dag to 2025-07-10T17:56:00+00:00, run_after=2025-07-10T17:58:00+00:00
[2025-07-10T17:58:25.176+0000] {processor.py:179} INFO - Processing /home/airflow/.local/lib/python3.7/site-packages/airflow/example_dags/example_sla_dag.py took 0.143 seconds
[2025-07-10T17:58:55.454+0000] {processor.py:157} INFO - Started process (PID=704) to work on /home/airflow/.local/lib/python3.7/site-packages/airflow/example_dags/example_sla_dag.py
[2025-07-10T17:58:55.455+0000] {processor.py:826} INFO - Processing file /home/airflow/.local/lib/python3.7/site-packages/airflow/example_dags/example_sla_dag.py for tasks to queue
[2025-07-10T17:58:55.458+0000] {logging_mixin.py:149} INFO - [2025-07-10T17:58:55.458+0000] {dagbag.py:541} INFO - Filling up the DagBag from /home/airflow/.local/lib/python3.7/site-packages/airflow/example_dags/example_sla_dag.py
[2025-07-10T17:58:55.471+0000] {processor.py:836} INFO - DAG(s) dict_keys(['example_sla_dag']) retrieved from /home/airflow/.local/lib/python3.7/site-packages/airflow/example_dags/example_sla_dag.py
[2025-07-10T17:58:55.509+0000] {logging_mixin.py:149} INFO - [2025-07-10T17:58:55.509+0000] {dag.py:2726} INFO - Sync 1 DAGs
[2025-07-10T17:58:55.546+0000] {logging_mixin.py:149} INFO - [2025-07-10T17:58:55.546+0000] {dag.py:3490} INFO - Setting next_dagrun for example_sla_dag to 2025-07-10T17:56:00+00:00, run_after=2025-07-10T17:58:00+00:00
[2025-07-10T17:58:55.577+0000] {processor.py:179} INFO - Processing /home/airflow/.local/lib/python3.7/site-packages/airflow/example_dags/example_sla_dag.py took 0.127 seconds
