[2025-08-15T07:27:47.653+0000] {processor.py:157} INFO - Started process (PID=260) to work on /home/airflow/.local/lib/python3.7/site-packages/airflow/example_dags/example_xcomargs.py
[2025-08-15T07:27:47.654+0000] {processor.py:826} INFO - Processing file /home/airflow/.local/lib/python3.7/site-packages/airflow/example_dags/example_xcomargs.py for tasks to queue
[2025-08-15T07:27:47.655+0000] {logging_mixin.py:149} INFO - [2025-08-15T07:27:47.655+0000] {dagbag.py:541} INFO - Filling up the DagBag from /home/airflow/.local/lib/python3.7/site-packages/airflow/example_dags/example_xcomargs.py
[2025-08-15T07:27:47.670+0000] {processor.py:836} INFO - DAG(s) dict_keys(['example_xcom_args', 'example_xcom_args_with_operators']) retrieved from /home/airflow/.local/lib/python3.7/site-packages/airflow/example_dags/example_xcomargs.py
[2025-08-15T07:27:47.716+0000] {logging_mixin.py:149} INFO - [2025-08-15T07:27:47.715+0000] {dag.py:2726} INFO - Sync 2 DAGs
[2025-08-15T07:27:47.749+0000] {logging_mixin.py:149} INFO - [2025-08-15T07:27:47.749+0000] {dag.py:3490} INFO - Setting next_dagrun for example_xcom_args to None, run_after=None
[2025-08-15T07:27:47.754+0000] {logging_mixin.py:149} INFO - [2025-08-15T07:27:47.754+0000] {dag.py:3490} INFO - Setting next_dagrun for example_xcom_args_with_operators to None, run_after=None
[2025-08-15T07:27:47.775+0000] {processor.py:179} INFO - Processing /home/airflow/.local/lib/python3.7/site-packages/airflow/example_dags/example_xcomargs.py took 0.126 seconds
[2025-08-15T07:39:40.654+0000] {processor.py:157} INFO - Started process (PID=261) to work on /home/airflow/.local/lib/python3.7/site-packages/airflow/example_dags/example_xcomargs.py
[2025-08-15T07:39:40.659+0000] {processor.py:826} INFO - Processing file /home/airflow/.local/lib/python3.7/site-packages/airflow/example_dags/example_xcomargs.py for tasks to queue
[2025-08-15T07:39:40.661+0000] {logging_mixin.py:149} INFO - [2025-08-15T07:39:40.661+0000] {dagbag.py:541} INFO - Filling up the DagBag from /home/airflow/.local/lib/python3.7/site-packages/airflow/example_dags/example_xcomargs.py
[2025-08-15T07:39:40.684+0000] {processor.py:836} INFO - DAG(s) dict_keys(['example_xcom_args', 'example_xcom_args_with_operators']) retrieved from /home/airflow/.local/lib/python3.7/site-packages/airflow/example_dags/example_xcomargs.py
[2025-08-15T07:39:40.760+0000] {logging_mixin.py:149} INFO - [2025-08-15T07:39:40.760+0000] {dag.py:2726} INFO - Sync 2 DAGs
[2025-08-15T07:39:40.862+0000] {logging_mixin.py:149} INFO - [2025-08-15T07:39:40.862+0000] {dag.py:3490} INFO - Setting next_dagrun for example_xcom_args to None, run_after=None
[2025-08-15T07:39:40.868+0000] {logging_mixin.py:149} INFO - [2025-08-15T07:39:40.867+0000] {dag.py:3490} INFO - Setting next_dagrun for example_xcom_args_with_operators to None, run_after=None
[2025-08-15T07:39:40.898+0000] {processor.py:179} INFO - Processing /home/airflow/.local/lib/python3.7/site-packages/airflow/example_dags/example_xcomargs.py took 0.254 seconds
[2025-08-15T07:40:11.206+0000] {processor.py:157} INFO - Started process (PID=506) to work on /home/airflow/.local/lib/python3.7/site-packages/airflow/example_dags/example_xcomargs.py
[2025-08-15T07:40:11.207+0000] {processor.py:826} INFO - Processing file /home/airflow/.local/lib/python3.7/site-packages/airflow/example_dags/example_xcomargs.py for tasks to queue
[2025-08-15T07:40:11.208+0000] {logging_mixin.py:149} INFO - [2025-08-15T07:40:11.208+0000] {dagbag.py:541} INFO - Filling up the DagBag from /home/airflow/.local/lib/python3.7/site-packages/airflow/example_dags/example_xcomargs.py
[2025-08-15T07:40:11.217+0000] {processor.py:836} INFO - DAG(s) dict_keys(['example_xcom_args', 'example_xcom_args_with_operators']) retrieved from /home/airflow/.local/lib/python3.7/site-packages/airflow/example_dags/example_xcomargs.py
[2025-08-15T07:40:11.255+0000] {logging_mixin.py:149} INFO - [2025-08-15T07:40:11.255+0000] {dag.py:2726} INFO - Sync 2 DAGs
[2025-08-15T07:40:11.288+0000] {logging_mixin.py:149} INFO - [2025-08-15T07:40:11.287+0000] {dag.py:3490} INFO - Setting next_dagrun for example_xcom_args to None, run_after=None
[2025-08-15T07:40:11.292+0000] {logging_mixin.py:149} INFO - [2025-08-15T07:40:11.291+0000] {dag.py:3490} INFO - Setting next_dagrun for example_xcom_args_with_operators to None, run_after=None
[2025-08-15T07:40:11.311+0000] {processor.py:179} INFO - Processing /home/airflow/.local/lib/python3.7/site-packages/airflow/example_dags/example_xcomargs.py took 0.109 seconds
[2025-08-15T07:40:41.946+0000] {processor.py:157} INFO - Started process (PID=751) to work on /home/airflow/.local/lib/python3.7/site-packages/airflow/example_dags/example_xcomargs.py
[2025-08-15T07:40:41.947+0000] {processor.py:826} INFO - Processing file /home/airflow/.local/lib/python3.7/site-packages/airflow/example_dags/example_xcomargs.py for tasks to queue
[2025-08-15T07:40:41.948+0000] {logging_mixin.py:149} INFO - [2025-08-15T07:40:41.948+0000] {dagbag.py:541} INFO - Filling up the DagBag from /home/airflow/.local/lib/python3.7/site-packages/airflow/example_dags/example_xcomargs.py
[2025-08-15T07:40:41.958+0000] {processor.py:836} INFO - DAG(s) dict_keys(['example_xcom_args', 'example_xcom_args_with_operators']) retrieved from /home/airflow/.local/lib/python3.7/site-packages/airflow/example_dags/example_xcomargs.py
[2025-08-15T07:40:41.990+0000] {logging_mixin.py:149} INFO - [2025-08-15T07:40:41.990+0000] {dag.py:2726} INFO - Sync 2 DAGs
[2025-08-15T07:40:42.022+0000] {logging_mixin.py:149} INFO - [2025-08-15T07:40:42.021+0000] {dag.py:3490} INFO - Setting next_dagrun for example_xcom_args to None, run_after=None
[2025-08-15T07:40:42.027+0000] {logging_mixin.py:149} INFO - [2025-08-15T07:40:42.027+0000] {dag.py:3490} INFO - Setting next_dagrun for example_xcom_args_with_operators to None, run_after=None
[2025-08-15T07:40:42.054+0000] {processor.py:179} INFO - Processing /home/airflow/.local/lib/python3.7/site-packages/airflow/example_dags/example_xcomargs.py took 0.112 seconds
[2025-08-15T07:41:13.028+0000] {processor.py:157} INFO - Started process (PID=996) to work on /home/airflow/.local/lib/python3.7/site-packages/airflow/example_dags/example_xcomargs.py
[2025-08-15T07:41:13.028+0000] {processor.py:826} INFO - Processing file /home/airflow/.local/lib/python3.7/site-packages/airflow/example_dags/example_xcomargs.py for tasks to queue
[2025-08-15T07:41:13.029+0000] {logging_mixin.py:149} INFO - [2025-08-15T07:41:13.029+0000] {dagbag.py:541} INFO - Filling up the DagBag from /home/airflow/.local/lib/python3.7/site-packages/airflow/example_dags/example_xcomargs.py
[2025-08-15T07:41:13.037+0000] {processor.py:836} INFO - DAG(s) dict_keys(['example_xcom_args', 'example_xcom_args_with_operators']) retrieved from /home/airflow/.local/lib/python3.7/site-packages/airflow/example_dags/example_xcomargs.py
[2025-08-15T07:41:13.174+0000] {logging_mixin.py:149} INFO - [2025-08-15T07:41:13.173+0000] {dag.py:2726} INFO - Sync 2 DAGs
[2025-08-15T07:41:13.211+0000] {logging_mixin.py:149} INFO - [2025-08-15T07:41:13.211+0000] {dag.py:3490} INFO - Setting next_dagrun for example_xcom_args to None, run_after=None
[2025-08-15T07:41:13.217+0000] {logging_mixin.py:149} INFO - [2025-08-15T07:41:13.217+0000] {dag.py:3490} INFO - Setting next_dagrun for example_xcom_args_with_operators to None, run_after=None
[2025-08-15T07:41:13.242+0000] {processor.py:179} INFO - Processing /home/airflow/.local/lib/python3.7/site-packages/airflow/example_dags/example_xcomargs.py took 0.218 seconds
[2025-08-15T07:41:43.435+0000] {processor.py:157} INFO - Started process (PID=1241) to work on /home/airflow/.local/lib/python3.7/site-packages/airflow/example_dags/example_xcomargs.py
[2025-08-15T07:41:43.436+0000] {processor.py:826} INFO - Processing file /home/airflow/.local/lib/python3.7/site-packages/airflow/example_dags/example_xcomargs.py for tasks to queue
[2025-08-15T07:41:43.437+0000] {logging_mixin.py:149} INFO - [2025-08-15T07:41:43.437+0000] {dagbag.py:541} INFO - Filling up the DagBag from /home/airflow/.local/lib/python3.7/site-packages/airflow/example_dags/example_xcomargs.py
[2025-08-15T07:41:43.447+0000] {processor.py:836} INFO - DAG(s) dict_keys(['example_xcom_args_with_operators', 'example_xcom_args']) retrieved from /home/airflow/.local/lib/python3.7/site-packages/airflow/example_dags/example_xcomargs.py
[2025-08-15T07:41:43.480+0000] {logging_mixin.py:149} INFO - [2025-08-15T07:41:43.480+0000] {dag.py:2726} INFO - Sync 2 DAGs
[2025-08-15T07:41:43.509+0000] {logging_mixin.py:149} INFO - [2025-08-15T07:41:43.509+0000] {dag.py:3490} INFO - Setting next_dagrun for example_xcom_args to None, run_after=None
[2025-08-15T07:41:43.513+0000] {logging_mixin.py:149} INFO - [2025-08-15T07:41:43.513+0000] {dag.py:3490} INFO - Setting next_dagrun for example_xcom_args_with_operators to None, run_after=None
[2025-08-15T07:41:43.532+0000] {processor.py:179} INFO - Processing /home/airflow/.local/lib/python3.7/site-packages/airflow/example_dags/example_xcomargs.py took 0.100 seconds
[2025-08-15T07:42:13.836+0000] {processor.py:157} INFO - Started process (PID=1487) to work on /home/airflow/.local/lib/python3.7/site-packages/airflow/example_dags/example_xcomargs.py
[2025-08-15T07:42:13.837+0000] {processor.py:826} INFO - Processing file /home/airflow/.local/lib/python3.7/site-packages/airflow/example_dags/example_xcomargs.py for tasks to queue
[2025-08-15T07:42:13.837+0000] {logging_mixin.py:149} INFO - [2025-08-15T07:42:13.837+0000] {dagbag.py:541} INFO - Filling up the DagBag from /home/airflow/.local/lib/python3.7/site-packages/airflow/example_dags/example_xcomargs.py
[2025-08-15T07:42:13.846+0000] {processor.py:836} INFO - DAG(s) dict_keys(['example_xcom_args_with_operators', 'example_xcom_args']) retrieved from /home/airflow/.local/lib/python3.7/site-packages/airflow/example_dags/example_xcomargs.py
[2025-08-15T07:42:13.877+0000] {logging_mixin.py:149} INFO - [2025-08-15T07:42:13.877+0000] {dag.py:2726} INFO - Sync 2 DAGs
[2025-08-15T07:42:13.905+0000] {logging_mixin.py:149} INFO - [2025-08-15T07:42:13.905+0000] {dag.py:3490} INFO - Setting next_dagrun for example_xcom_args to None, run_after=None
[2025-08-15T07:42:13.909+0000] {logging_mixin.py:149} INFO - [2025-08-15T07:42:13.909+0000] {dag.py:3490} INFO - Setting next_dagrun for example_xcom_args_with_operators to None, run_after=None
[2025-08-15T07:42:13.927+0000] {processor.py:179} INFO - Processing /home/airflow/.local/lib/python3.7/site-packages/airflow/example_dags/example_xcomargs.py took 0.095 seconds
[2025-08-15T07:42:43.978+0000] {processor.py:157} INFO - Started process (PID=1731) to work on /home/airflow/.local/lib/python3.7/site-packages/airflow/example_dags/example_xcomargs.py
[2025-08-15T07:42:43.979+0000] {processor.py:826} INFO - Processing file /home/airflow/.local/lib/python3.7/site-packages/airflow/example_dags/example_xcomargs.py for tasks to queue
[2025-08-15T07:42:43.980+0000] {logging_mixin.py:149} INFO - [2025-08-15T07:42:43.980+0000] {dagbag.py:541} INFO - Filling up the DagBag from /home/airflow/.local/lib/python3.7/site-packages/airflow/example_dags/example_xcomargs.py
[2025-08-15T07:42:43.988+0000] {processor.py:836} INFO - DAG(s) dict_keys(['example_xcom_args', 'example_xcom_args_with_operators']) retrieved from /home/airflow/.local/lib/python3.7/site-packages/airflow/example_dags/example_xcomargs.py
[2025-08-15T07:42:44.018+0000] {logging_mixin.py:149} INFO - [2025-08-15T07:42:44.018+0000] {dag.py:2726} INFO - Sync 2 DAGs
[2025-08-15T07:42:44.047+0000] {logging_mixin.py:149} INFO - [2025-08-15T07:42:44.047+0000] {dag.py:3490} INFO - Setting next_dagrun for example_xcom_args to None, run_after=None
[2025-08-15T07:42:44.051+0000] {logging_mixin.py:149} INFO - [2025-08-15T07:42:44.051+0000] {dag.py:3490} INFO - Setting next_dagrun for example_xcom_args_with_operators to None, run_after=None
[2025-08-15T07:42:44.070+0000] {processor.py:179} INFO - Processing /home/airflow/.local/lib/python3.7/site-packages/airflow/example_dags/example_xcomargs.py took 0.096 seconds
[2025-08-15T07:43:14.231+0000] {processor.py:157} INFO - Started process (PID=1976) to work on /home/airflow/.local/lib/python3.7/site-packages/airflow/example_dags/example_xcomargs.py
[2025-08-15T07:43:14.233+0000] {processor.py:826} INFO - Processing file /home/airflow/.local/lib/python3.7/site-packages/airflow/example_dags/example_xcomargs.py for tasks to queue
[2025-08-15T07:43:14.234+0000] {logging_mixin.py:149} INFO - [2025-08-15T07:43:14.234+0000] {dagbag.py:541} INFO - Filling up the DagBag from /home/airflow/.local/lib/python3.7/site-packages/airflow/example_dags/example_xcomargs.py
[2025-08-15T07:43:14.245+0000] {processor.py:836} INFO - DAG(s) dict_keys(['example_xcom_args_with_operators', 'example_xcom_args']) retrieved from /home/airflow/.local/lib/python3.7/site-packages/airflow/example_dags/example_xcomargs.py
[2025-08-15T07:43:14.282+0000] {logging_mixin.py:149} INFO - [2025-08-15T07:43:14.282+0000] {dag.py:2726} INFO - Sync 2 DAGs
[2025-08-15T07:43:14.312+0000] {logging_mixin.py:149} INFO - [2025-08-15T07:43:14.312+0000] {dag.py:3490} INFO - Setting next_dagrun for example_xcom_args to None, run_after=None
[2025-08-15T07:43:14.317+0000] {logging_mixin.py:149} INFO - [2025-08-15T07:43:14.317+0000] {dag.py:3490} INFO - Setting next_dagrun for example_xcom_args_with_operators to None, run_after=None
[2025-08-15T07:43:14.337+0000] {processor.py:179} INFO - Processing /home/airflow/.local/lib/python3.7/site-packages/airflow/example_dags/example_xcomargs.py took 0.110 seconds
[2025-08-15T07:43:44.727+0000] {processor.py:157} INFO - Started process (PID=2221) to work on /home/airflow/.local/lib/python3.7/site-packages/airflow/example_dags/example_xcomargs.py
[2025-08-15T07:43:44.728+0000] {processor.py:826} INFO - Processing file /home/airflow/.local/lib/python3.7/site-packages/airflow/example_dags/example_xcomargs.py for tasks to queue
[2025-08-15T07:43:44.729+0000] {logging_mixin.py:149} INFO - [2025-08-15T07:43:44.729+0000] {dagbag.py:541} INFO - Filling up the DagBag from /home/airflow/.local/lib/python3.7/site-packages/airflow/example_dags/example_xcomargs.py
[2025-08-15T07:43:44.737+0000] {processor.py:836} INFO - DAG(s) dict_keys(['example_xcom_args_with_operators', 'example_xcom_args']) retrieved from /home/airflow/.local/lib/python3.7/site-packages/airflow/example_dags/example_xcomargs.py
[2025-08-15T07:43:44.770+0000] {logging_mixin.py:149} INFO - [2025-08-15T07:43:44.770+0000] {dag.py:2726} INFO - Sync 2 DAGs
[2025-08-15T07:43:44.799+0000] {logging_mixin.py:149} INFO - [2025-08-15T07:43:44.799+0000] {dag.py:3490} INFO - Setting next_dagrun for example_xcom_args to None, run_after=None
[2025-08-15T07:43:44.803+0000] {logging_mixin.py:149} INFO - [2025-08-15T07:43:44.803+0000] {dag.py:3490} INFO - Setting next_dagrun for example_xcom_args_with_operators to None, run_after=None
[2025-08-15T07:43:44.823+0000] {processor.py:179} INFO - Processing /home/airflow/.local/lib/python3.7/site-packages/airflow/example_dags/example_xcomargs.py took 0.100 seconds
[2025-08-15T07:44:15.050+0000] {processor.py:157} INFO - Started process (PID=2466) to work on /home/airflow/.local/lib/python3.7/site-packages/airflow/example_dags/example_xcomargs.py
[2025-08-15T07:44:15.051+0000] {processor.py:826} INFO - Processing file /home/airflow/.local/lib/python3.7/site-packages/airflow/example_dags/example_xcomargs.py for tasks to queue
[2025-08-15T07:44:15.052+0000] {logging_mixin.py:149} INFO - [2025-08-15T07:44:15.052+0000] {dagbag.py:541} INFO - Filling up the DagBag from /home/airflow/.local/lib/python3.7/site-packages/airflow/example_dags/example_xcomargs.py
[2025-08-15T07:44:15.062+0000] {processor.py:836} INFO - DAG(s) dict_keys(['example_xcom_args_with_operators', 'example_xcom_args']) retrieved from /home/airflow/.local/lib/python3.7/site-packages/airflow/example_dags/example_xcomargs.py
[2025-08-15T07:44:15.094+0000] {logging_mixin.py:149} INFO - [2025-08-15T07:44:15.094+0000] {dag.py:2726} INFO - Sync 2 DAGs
[2025-08-15T07:44:15.126+0000] {logging_mixin.py:149} INFO - [2025-08-15T07:44:15.126+0000] {dag.py:3490} INFO - Setting next_dagrun for example_xcom_args to None, run_after=None
[2025-08-15T07:44:15.130+0000] {logging_mixin.py:149} INFO - [2025-08-15T07:44:15.130+0000] {dag.py:3490} INFO - Setting next_dagrun for example_xcom_args_with_operators to None, run_after=None
[2025-08-15T07:44:15.148+0000] {processor.py:179} INFO - Processing /home/airflow/.local/lib/python3.7/site-packages/airflow/example_dags/example_xcomargs.py took 0.101 seconds
[2025-08-15T07:44:45.314+0000] {processor.py:157} INFO - Started process (PID=2711) to work on /home/airflow/.local/lib/python3.7/site-packages/airflow/example_dags/example_xcomargs.py
[2025-08-15T07:44:45.315+0000] {processor.py:826} INFO - Processing file /home/airflow/.local/lib/python3.7/site-packages/airflow/example_dags/example_xcomargs.py for tasks to queue
[2025-08-15T07:44:45.316+0000] {logging_mixin.py:149} INFO - [2025-08-15T07:44:45.316+0000] {dagbag.py:541} INFO - Filling up the DagBag from /home/airflow/.local/lib/python3.7/site-packages/airflow/example_dags/example_xcomargs.py
[2025-08-15T07:44:45.326+0000] {processor.py:836} INFO - DAG(s) dict_keys(['example_xcom_args_with_operators', 'example_xcom_args']) retrieved from /home/airflow/.local/lib/python3.7/site-packages/airflow/example_dags/example_xcomargs.py
[2025-08-15T07:44:45.359+0000] {logging_mixin.py:149} INFO - [2025-08-15T07:44:45.359+0000] {dag.py:2726} INFO - Sync 2 DAGs
[2025-08-15T07:44:45.386+0000] {logging_mixin.py:149} INFO - [2025-08-15T07:44:45.386+0000] {dag.py:3490} INFO - Setting next_dagrun for example_xcom_args to None, run_after=None
[2025-08-15T07:44:45.391+0000] {logging_mixin.py:149} INFO - [2025-08-15T07:44:45.391+0000] {dag.py:3490} INFO - Setting next_dagrun for example_xcom_args_with_operators to None, run_after=None
[2025-08-15T07:44:45.411+0000] {processor.py:179} INFO - Processing /home/airflow/.local/lib/python3.7/site-packages/airflow/example_dags/example_xcomargs.py took 0.100 seconds
[2025-08-15T07:45:15.689+0000] {processor.py:157} INFO - Started process (PID=2956) to work on /home/airflow/.local/lib/python3.7/site-packages/airflow/example_dags/example_xcomargs.py
[2025-08-15T07:45:15.690+0000] {processor.py:826} INFO - Processing file /home/airflow/.local/lib/python3.7/site-packages/airflow/example_dags/example_xcomargs.py for tasks to queue
[2025-08-15T07:45:15.691+0000] {logging_mixin.py:149} INFO - [2025-08-15T07:45:15.691+0000] {dagbag.py:541} INFO - Filling up the DagBag from /home/airflow/.local/lib/python3.7/site-packages/airflow/example_dags/example_xcomargs.py
[2025-08-15T07:45:15.700+0000] {processor.py:836} INFO - DAG(s) dict_keys(['example_xcom_args', 'example_xcom_args_with_operators']) retrieved from /home/airflow/.local/lib/python3.7/site-packages/airflow/example_dags/example_xcomargs.py
[2025-08-15T07:45:15.732+0000] {logging_mixin.py:149} INFO - [2025-08-15T07:45:15.732+0000] {dag.py:2726} INFO - Sync 2 DAGs
[2025-08-15T07:45:15.761+0000] {logging_mixin.py:149} INFO - [2025-08-15T07:45:15.761+0000] {dag.py:3490} INFO - Setting next_dagrun for example_xcom_args to None, run_after=None
[2025-08-15T07:45:15.765+0000] {logging_mixin.py:149} INFO - [2025-08-15T07:45:15.765+0000] {dag.py:3490} INFO - Setting next_dagrun for example_xcom_args_with_operators to None, run_after=None
[2025-08-15T07:45:15.785+0000] {processor.py:179} INFO - Processing /home/airflow/.local/lib/python3.7/site-packages/airflow/example_dags/example_xcomargs.py took 0.101 seconds
[2025-08-15T07:45:46.260+0000] {processor.py:157} INFO - Started process (PID=3201) to work on /home/airflow/.local/lib/python3.7/site-packages/airflow/example_dags/example_xcomargs.py
[2025-08-15T07:45:46.261+0000] {processor.py:826} INFO - Processing file /home/airflow/.local/lib/python3.7/site-packages/airflow/example_dags/example_xcomargs.py for tasks to queue
[2025-08-15T07:45:46.262+0000] {logging_mixin.py:149} INFO - [2025-08-15T07:45:46.262+0000] {dagbag.py:541} INFO - Filling up the DagBag from /home/airflow/.local/lib/python3.7/site-packages/airflow/example_dags/example_xcomargs.py
[2025-08-15T07:45:46.270+0000] {processor.py:836} INFO - DAG(s) dict_keys(['example_xcom_args', 'example_xcom_args_with_operators']) retrieved from /home/airflow/.local/lib/python3.7/site-packages/airflow/example_dags/example_xcomargs.py
[2025-08-15T07:45:46.303+0000] {logging_mixin.py:149} INFO - [2025-08-15T07:45:46.303+0000] {dag.py:2726} INFO - Sync 2 DAGs
[2025-08-15T07:45:46.333+0000] {logging_mixin.py:149} INFO - [2025-08-15T07:45:46.333+0000] {dag.py:3490} INFO - Setting next_dagrun for example_xcom_args to None, run_after=None
[2025-08-15T07:45:46.337+0000] {logging_mixin.py:149} INFO - [2025-08-15T07:45:46.337+0000] {dag.py:3490} INFO - Setting next_dagrun for example_xcom_args_with_operators to None, run_after=None
[2025-08-15T07:45:46.356+0000] {processor.py:179} INFO - Processing /home/airflow/.local/lib/python3.7/site-packages/airflow/example_dags/example_xcomargs.py took 0.099 seconds
[2025-08-15T07:46:16.519+0000] {processor.py:157} INFO - Started process (PID=3446) to work on /home/airflow/.local/lib/python3.7/site-packages/airflow/example_dags/example_xcomargs.py
[2025-08-15T07:46:16.520+0000] {processor.py:826} INFO - Processing file /home/airflow/.local/lib/python3.7/site-packages/airflow/example_dags/example_xcomargs.py for tasks to queue
[2025-08-15T07:46:16.521+0000] {logging_mixin.py:149} INFO - [2025-08-15T07:46:16.520+0000] {dagbag.py:541} INFO - Filling up the DagBag from /home/airflow/.local/lib/python3.7/site-packages/airflow/example_dags/example_xcomargs.py
[2025-08-15T07:46:16.530+0000] {processor.py:836} INFO - DAG(s) dict_keys(['example_xcom_args', 'example_xcom_args_with_operators']) retrieved from /home/airflow/.local/lib/python3.7/site-packages/airflow/example_dags/example_xcomargs.py
[2025-08-15T07:46:16.561+0000] {logging_mixin.py:149} INFO - [2025-08-15T07:46:16.561+0000] {dag.py:2726} INFO - Sync 2 DAGs
[2025-08-15T07:46:16.590+0000] {logging_mixin.py:149} INFO - [2025-08-15T07:46:16.590+0000] {dag.py:3490} INFO - Setting next_dagrun for example_xcom_args to None, run_after=None
[2025-08-15T07:46:16.594+0000] {logging_mixin.py:149} INFO - [2025-08-15T07:46:16.594+0000] {dag.py:3490} INFO - Setting next_dagrun for example_xcom_args_with_operators to None, run_after=None
[2025-08-15T07:46:16.614+0000] {processor.py:179} INFO - Processing /home/airflow/.local/lib/python3.7/site-packages/airflow/example_dags/example_xcomargs.py took 0.099 seconds
[2025-08-15T07:46:46.916+0000] {processor.py:157} INFO - Started process (PID=3691) to work on /home/airflow/.local/lib/python3.7/site-packages/airflow/example_dags/example_xcomargs.py
[2025-08-15T07:46:46.917+0000] {processor.py:826} INFO - Processing file /home/airflow/.local/lib/python3.7/site-packages/airflow/example_dags/example_xcomargs.py for tasks to queue
[2025-08-15T07:46:46.918+0000] {logging_mixin.py:149} INFO - [2025-08-15T07:46:46.917+0000] {dagbag.py:541} INFO - Filling up the DagBag from /home/airflow/.local/lib/python3.7/site-packages/airflow/example_dags/example_xcomargs.py
[2025-08-15T07:46:46.926+0000] {processor.py:836} INFO - DAG(s) dict_keys(['example_xcom_args', 'example_xcom_args_with_operators']) retrieved from /home/airflow/.local/lib/python3.7/site-packages/airflow/example_dags/example_xcomargs.py
[2025-08-15T07:46:46.958+0000] {logging_mixin.py:149} INFO - [2025-08-15T07:46:46.958+0000] {dag.py:2726} INFO - Sync 2 DAGs
[2025-08-15T07:46:46.987+0000] {logging_mixin.py:149} INFO - [2025-08-15T07:46:46.986+0000] {dag.py:3490} INFO - Setting next_dagrun for example_xcom_args to None, run_after=None
[2025-08-15T07:46:46.990+0000] {logging_mixin.py:149} INFO - [2025-08-15T07:46:46.990+0000] {dag.py:3490} INFO - Setting next_dagrun for example_xcom_args_with_operators to None, run_after=None
[2025-08-15T07:46:47.010+0000] {processor.py:179} INFO - Processing /home/airflow/.local/lib/python3.7/site-packages/airflow/example_dags/example_xcomargs.py took 0.098 seconds
[2025-08-15T07:47:17.285+0000] {processor.py:157} INFO - Started process (PID=3936) to work on /home/airflow/.local/lib/python3.7/site-packages/airflow/example_dags/example_xcomargs.py
[2025-08-15T07:47:17.286+0000] {processor.py:826} INFO - Processing file /home/airflow/.local/lib/python3.7/site-packages/airflow/example_dags/example_xcomargs.py for tasks to queue
[2025-08-15T07:47:17.287+0000] {logging_mixin.py:149} INFO - [2025-08-15T07:47:17.287+0000] {dagbag.py:541} INFO - Filling up the DagBag from /home/airflow/.local/lib/python3.7/site-packages/airflow/example_dags/example_xcomargs.py
[2025-08-15T07:47:17.296+0000] {processor.py:836} INFO - DAG(s) dict_keys(['example_xcom_args', 'example_xcom_args_with_operators']) retrieved from /home/airflow/.local/lib/python3.7/site-packages/airflow/example_dags/example_xcomargs.py
[2025-08-15T07:47:17.328+0000] {logging_mixin.py:149} INFO - [2025-08-15T07:47:17.328+0000] {dag.py:2726} INFO - Sync 2 DAGs
[2025-08-15T07:47:17.356+0000] {logging_mixin.py:149} INFO - [2025-08-15T07:47:17.356+0000] {dag.py:3490} INFO - Setting next_dagrun for example_xcom_args to None, run_after=None
[2025-08-15T07:47:17.360+0000] {logging_mixin.py:149} INFO - [2025-08-15T07:47:17.360+0000] {dag.py:3490} INFO - Setting next_dagrun for example_xcom_args_with_operators to None, run_after=None
[2025-08-15T07:47:17.379+0000] {processor.py:179} INFO - Processing /home/airflow/.local/lib/python3.7/site-packages/airflow/example_dags/example_xcomargs.py took 0.097 seconds
[2025-08-15T07:47:47.574+0000] {processor.py:157} INFO - Started process (PID=4181) to work on /home/airflow/.local/lib/python3.7/site-packages/airflow/example_dags/example_xcomargs.py
[2025-08-15T07:47:47.578+0000] {processor.py:826} INFO - Processing file /home/airflow/.local/lib/python3.7/site-packages/airflow/example_dags/example_xcomargs.py for tasks to queue
[2025-08-15T07:47:47.579+0000] {logging_mixin.py:149} INFO - [2025-08-15T07:47:47.578+0000] {dagbag.py:541} INFO - Filling up the DagBag from /home/airflow/.local/lib/python3.7/site-packages/airflow/example_dags/example_xcomargs.py
[2025-08-15T07:47:47.587+0000] {processor.py:836} INFO - DAG(s) dict_keys(['example_xcom_args', 'example_xcom_args_with_operators']) retrieved from /home/airflow/.local/lib/python3.7/site-packages/airflow/example_dags/example_xcomargs.py
[2025-08-15T07:47:47.617+0000] {logging_mixin.py:149} INFO - [2025-08-15T07:47:47.617+0000] {dag.py:2726} INFO - Sync 2 DAGs
[2025-08-15T07:47:47.647+0000] {logging_mixin.py:149} INFO - [2025-08-15T07:47:47.646+0000] {dag.py:3490} INFO - Setting next_dagrun for example_xcom_args to None, run_after=None
[2025-08-15T07:47:47.650+0000] {logging_mixin.py:149} INFO - [2025-08-15T07:47:47.650+0000] {dag.py:3490} INFO - Setting next_dagrun for example_xcom_args_with_operators to None, run_after=None
[2025-08-15T07:47:47.668+0000] {processor.py:179} INFO - Processing /home/airflow/.local/lib/python3.7/site-packages/airflow/example_dags/example_xcomargs.py took 0.098 seconds
[2025-08-15T07:48:18.147+0000] {processor.py:157} INFO - Started process (PID=4426) to work on /home/airflow/.local/lib/python3.7/site-packages/airflow/example_dags/example_xcomargs.py
[2025-08-15T07:48:18.148+0000] {processor.py:826} INFO - Processing file /home/airflow/.local/lib/python3.7/site-packages/airflow/example_dags/example_xcomargs.py for tasks to queue
[2025-08-15T07:48:18.149+0000] {logging_mixin.py:149} INFO - [2025-08-15T07:48:18.149+0000] {dagbag.py:541} INFO - Filling up the DagBag from /home/airflow/.local/lib/python3.7/site-packages/airflow/example_dags/example_xcomargs.py
[2025-08-15T07:48:18.158+0000] {processor.py:836} INFO - DAG(s) dict_keys(['example_xcom_args_with_operators', 'example_xcom_args']) retrieved from /home/airflow/.local/lib/python3.7/site-packages/airflow/example_dags/example_xcomargs.py
[2025-08-15T07:48:18.187+0000] {logging_mixin.py:149} INFO - [2025-08-15T07:48:18.187+0000] {dag.py:2726} INFO - Sync 2 DAGs
[2025-08-15T07:48:18.216+0000] {logging_mixin.py:149} INFO - [2025-08-15T07:48:18.215+0000] {dag.py:3490} INFO - Setting next_dagrun for example_xcom_args to None, run_after=None
[2025-08-15T07:48:18.219+0000] {logging_mixin.py:149} INFO - [2025-08-15T07:48:18.219+0000] {dag.py:3490} INFO - Setting next_dagrun for example_xcom_args_with_operators to None, run_after=None
[2025-08-15T07:48:18.240+0000] {processor.py:179} INFO - Processing /home/airflow/.local/lib/python3.7/site-packages/airflow/example_dags/example_xcomargs.py took 0.096 seconds
[2025-08-15T07:48:48.413+0000] {processor.py:157} INFO - Started process (PID=4671) to work on /home/airflow/.local/lib/python3.7/site-packages/airflow/example_dags/example_xcomargs.py
[2025-08-15T07:48:48.414+0000] {processor.py:826} INFO - Processing file /home/airflow/.local/lib/python3.7/site-packages/airflow/example_dags/example_xcomargs.py for tasks to queue
[2025-08-15T07:48:48.415+0000] {logging_mixin.py:149} INFO - [2025-08-15T07:48:48.415+0000] {dagbag.py:541} INFO - Filling up the DagBag from /home/airflow/.local/lib/python3.7/site-packages/airflow/example_dags/example_xcomargs.py
[2025-08-15T07:48:48.424+0000] {processor.py:836} INFO - DAG(s) dict_keys(['example_xcom_args', 'example_xcom_args_with_operators']) retrieved from /home/airflow/.local/lib/python3.7/site-packages/airflow/example_dags/example_xcomargs.py
[2025-08-15T07:48:48.457+0000] {logging_mixin.py:149} INFO - [2025-08-15T07:48:48.457+0000] {dag.py:2726} INFO - Sync 2 DAGs
[2025-08-15T07:48:48.488+0000] {logging_mixin.py:149} INFO - [2025-08-15T07:48:48.487+0000] {dag.py:3490} INFO - Setting next_dagrun for example_xcom_args to None, run_after=None
[2025-08-15T07:48:48.491+0000] {logging_mixin.py:149} INFO - [2025-08-15T07:48:48.491+0000] {dag.py:3490} INFO - Setting next_dagrun for example_xcom_args_with_operators to None, run_after=None
[2025-08-15T07:48:48.511+0000] {processor.py:179} INFO - Processing /home/airflow/.local/lib/python3.7/site-packages/airflow/example_dags/example_xcomargs.py took 0.101 seconds
[2025-08-15T07:49:19.038+0000] {processor.py:157} INFO - Started process (PID=4918) to work on /home/airflow/.local/lib/python3.7/site-packages/airflow/example_dags/example_xcomargs.py
[2025-08-15T07:49:19.039+0000] {processor.py:826} INFO - Processing file /home/airflow/.local/lib/python3.7/site-packages/airflow/example_dags/example_xcomargs.py for tasks to queue
[2025-08-15T07:49:19.040+0000] {logging_mixin.py:149} INFO - [2025-08-15T07:49:19.040+0000] {dagbag.py:541} INFO - Filling up the DagBag from /home/airflow/.local/lib/python3.7/site-packages/airflow/example_dags/example_xcomargs.py
[2025-08-15T07:49:19.051+0000] {processor.py:836} INFO - DAG(s) dict_keys(['example_xcom_args', 'example_xcom_args_with_operators']) retrieved from /home/airflow/.local/lib/python3.7/site-packages/airflow/example_dags/example_xcomargs.py
[2025-08-15T07:49:19.086+0000] {logging_mixin.py:149} INFO - [2025-08-15T07:49:19.086+0000] {dag.py:2726} INFO - Sync 2 DAGs
[2025-08-15T07:49:19.115+0000] {logging_mixin.py:149} INFO - [2025-08-15T07:49:19.114+0000] {dag.py:3490} INFO - Setting next_dagrun for example_xcom_args to None, run_after=None
[2025-08-15T07:49:19.118+0000] {logging_mixin.py:149} INFO - [2025-08-15T07:49:19.118+0000] {dag.py:3490} INFO - Setting next_dagrun for example_xcom_args_with_operators to None, run_after=None
[2025-08-15T07:49:19.139+0000] {processor.py:179} INFO - Processing /home/airflow/.local/lib/python3.7/site-packages/airflow/example_dags/example_xcomargs.py took 0.106 seconds
[2025-08-15T07:49:49.373+0000] {processor.py:157} INFO - Started process (PID=5163) to work on /home/airflow/.local/lib/python3.7/site-packages/airflow/example_dags/example_xcomargs.py
[2025-08-15T07:49:49.374+0000] {processor.py:826} INFO - Processing file /home/airflow/.local/lib/python3.7/site-packages/airflow/example_dags/example_xcomargs.py for tasks to queue
[2025-08-15T07:49:49.375+0000] {logging_mixin.py:149} INFO - [2025-08-15T07:49:49.375+0000] {dagbag.py:541} INFO - Filling up the DagBag from /home/airflow/.local/lib/python3.7/site-packages/airflow/example_dags/example_xcomargs.py
[2025-08-15T07:49:49.384+0000] {processor.py:836} INFO - DAG(s) dict_keys(['example_xcom_args_with_operators', 'example_xcom_args']) retrieved from /home/airflow/.local/lib/python3.7/site-packages/airflow/example_dags/example_xcomargs.py
[2025-08-15T07:49:49.416+0000] {logging_mixin.py:149} INFO - [2025-08-15T07:49:49.416+0000] {dag.py:2726} INFO - Sync 2 DAGs
[2025-08-15T07:49:49.445+0000] {logging_mixin.py:149} INFO - [2025-08-15T07:49:49.445+0000] {dag.py:3490} INFO - Setting next_dagrun for example_xcom_args to None, run_after=None
[2025-08-15T07:49:49.449+0000] {logging_mixin.py:149} INFO - [2025-08-15T07:49:49.449+0000] {dag.py:3490} INFO - Setting next_dagrun for example_xcom_args_with_operators to None, run_after=None
[2025-08-15T07:49:49.471+0000] {processor.py:179} INFO - Processing /home/airflow/.local/lib/python3.7/site-packages/airflow/example_dags/example_xcomargs.py took 0.102 seconds
[2025-08-15T07:50:19.819+0000] {processor.py:157} INFO - Started process (PID=5406) to work on /home/airflow/.local/lib/python3.7/site-packages/airflow/example_dags/example_xcomargs.py
[2025-08-15T07:50:19.820+0000] {processor.py:826} INFO - Processing file /home/airflow/.local/lib/python3.7/site-packages/airflow/example_dags/example_xcomargs.py for tasks to queue
[2025-08-15T07:50:19.821+0000] {logging_mixin.py:149} INFO - [2025-08-15T07:50:19.821+0000] {dagbag.py:541} INFO - Filling up the DagBag from /home/airflow/.local/lib/python3.7/site-packages/airflow/example_dags/example_xcomargs.py
[2025-08-15T07:50:19.829+0000] {processor.py:836} INFO - DAG(s) dict_keys(['example_xcom_args', 'example_xcom_args_with_operators']) retrieved from /home/airflow/.local/lib/python3.7/site-packages/airflow/example_dags/example_xcomargs.py
[2025-08-15T07:50:19.862+0000] {logging_mixin.py:149} INFO - [2025-08-15T07:50:19.862+0000] {dag.py:2726} INFO - Sync 2 DAGs
[2025-08-15T07:50:19.892+0000] {logging_mixin.py:149} INFO - [2025-08-15T07:50:19.891+0000] {dag.py:3490} INFO - Setting next_dagrun for example_xcom_args to None, run_after=None
[2025-08-15T07:50:19.895+0000] {logging_mixin.py:149} INFO - [2025-08-15T07:50:19.895+0000] {dag.py:3490} INFO - Setting next_dagrun for example_xcom_args_with_operators to None, run_after=None
[2025-08-15T07:50:19.916+0000] {processor.py:179} INFO - Processing /home/airflow/.local/lib/python3.7/site-packages/airflow/example_dags/example_xcomargs.py took 0.100 seconds
[2025-08-15T07:50:50.231+0000] {processor.py:157} INFO - Started process (PID=5651) to work on /home/airflow/.local/lib/python3.7/site-packages/airflow/example_dags/example_xcomargs.py
[2025-08-15T07:50:50.232+0000] {processor.py:826} INFO - Processing file /home/airflow/.local/lib/python3.7/site-packages/airflow/example_dags/example_xcomargs.py for tasks to queue
[2025-08-15T07:50:50.233+0000] {logging_mixin.py:149} INFO - [2025-08-15T07:50:50.233+0000] {dagbag.py:541} INFO - Filling up the DagBag from /home/airflow/.local/lib/python3.7/site-packages/airflow/example_dags/example_xcomargs.py
[2025-08-15T07:50:50.244+0000] {processor.py:836} INFO - DAG(s) dict_keys(['example_xcom_args_with_operators', 'example_xcom_args']) retrieved from /home/airflow/.local/lib/python3.7/site-packages/airflow/example_dags/example_xcomargs.py
[2025-08-15T07:50:50.278+0000] {logging_mixin.py:149} INFO - [2025-08-15T07:50:50.278+0000] {dag.py:2726} INFO - Sync 2 DAGs
[2025-08-15T07:50:50.308+0000] {logging_mixin.py:149} INFO - [2025-08-15T07:50:50.308+0000] {dag.py:3490} INFO - Setting next_dagrun for example_xcom_args to None, run_after=None
[2025-08-15T07:50:50.312+0000] {logging_mixin.py:149} INFO - [2025-08-15T07:50:50.312+0000] {dag.py:3490} INFO - Setting next_dagrun for example_xcom_args_with_operators to None, run_after=None
[2025-08-15T07:50:50.330+0000] {processor.py:179} INFO - Processing /home/airflow/.local/lib/python3.7/site-packages/airflow/example_dags/example_xcomargs.py took 0.103 seconds
[2025-08-15T07:51:20.572+0000] {processor.py:157} INFO - Started process (PID=5896) to work on /home/airflow/.local/lib/python3.7/site-packages/airflow/example_dags/example_xcomargs.py
[2025-08-15T07:51:20.572+0000] {processor.py:826} INFO - Processing file /home/airflow/.local/lib/python3.7/site-packages/airflow/example_dags/example_xcomargs.py for tasks to queue
[2025-08-15T07:51:20.574+0000] {logging_mixin.py:149} INFO - [2025-08-15T07:51:20.574+0000] {dagbag.py:541} INFO - Filling up the DagBag from /home/airflow/.local/lib/python3.7/site-packages/airflow/example_dags/example_xcomargs.py
[2025-08-15T07:51:20.584+0000] {processor.py:836} INFO - DAG(s) dict_keys(['example_xcom_args_with_operators', 'example_xcom_args']) retrieved from /home/airflow/.local/lib/python3.7/site-packages/airflow/example_dags/example_xcomargs.py
[2025-08-15T07:51:20.616+0000] {logging_mixin.py:149} INFO - [2025-08-15T07:51:20.616+0000] {dag.py:2726} INFO - Sync 2 DAGs
[2025-08-15T07:51:20.655+0000] {logging_mixin.py:149} INFO - [2025-08-15T07:51:20.655+0000] {dag.py:3490} INFO - Setting next_dagrun for example_xcom_args to None, run_after=None
[2025-08-15T07:51:20.660+0000] {logging_mixin.py:149} INFO - [2025-08-15T07:51:20.660+0000] {dag.py:3490} INFO - Setting next_dagrun for example_xcom_args_with_operators to None, run_after=None
[2025-08-15T07:51:20.686+0000] {processor.py:179} INFO - Processing /home/airflow/.local/lib/python3.7/site-packages/airflow/example_dags/example_xcomargs.py took 0.118 seconds
[2025-08-15T07:51:51.119+0000] {processor.py:157} INFO - Started process (PID=6141) to work on /home/airflow/.local/lib/python3.7/site-packages/airflow/example_dags/example_xcomargs.py
[2025-08-15T07:51:51.120+0000] {processor.py:826} INFO - Processing file /home/airflow/.local/lib/python3.7/site-packages/airflow/example_dags/example_xcomargs.py for tasks to queue
[2025-08-15T07:51:51.121+0000] {logging_mixin.py:149} INFO - [2025-08-15T07:51:51.121+0000] {dagbag.py:541} INFO - Filling up the DagBag from /home/airflow/.local/lib/python3.7/site-packages/airflow/example_dags/example_xcomargs.py
[2025-08-15T07:51:51.131+0000] {processor.py:836} INFO - DAG(s) dict_keys(['example_xcom_args_with_operators', 'example_xcom_args']) retrieved from /home/airflow/.local/lib/python3.7/site-packages/airflow/example_dags/example_xcomargs.py
[2025-08-15T07:51:51.164+0000] {logging_mixin.py:149} INFO - [2025-08-15T07:51:51.164+0000] {dag.py:2726} INFO - Sync 2 DAGs
[2025-08-15T07:51:51.193+0000] {logging_mixin.py:149} INFO - [2025-08-15T07:51:51.193+0000] {dag.py:3490} INFO - Setting next_dagrun for example_xcom_args to None, run_after=None
[2025-08-15T07:51:51.196+0000] {logging_mixin.py:149} INFO - [2025-08-15T07:51:51.196+0000] {dag.py:3490} INFO - Setting next_dagrun for example_xcom_args_with_operators to None, run_after=None
[2025-08-15T07:51:51.219+0000] {processor.py:179} INFO - Processing /home/airflow/.local/lib/python3.7/site-packages/airflow/example_dags/example_xcomargs.py took 0.103 seconds
[2025-08-15T07:52:21.443+0000] {processor.py:157} INFO - Started process (PID=6386) to work on /home/airflow/.local/lib/python3.7/site-packages/airflow/example_dags/example_xcomargs.py
[2025-08-15T07:52:21.444+0000] {processor.py:826} INFO - Processing file /home/airflow/.local/lib/python3.7/site-packages/airflow/example_dags/example_xcomargs.py for tasks to queue
[2025-08-15T07:52:21.446+0000] {logging_mixin.py:149} INFO - [2025-08-15T07:52:21.446+0000] {dagbag.py:541} INFO - Filling up the DagBag from /home/airflow/.local/lib/python3.7/site-packages/airflow/example_dags/example_xcomargs.py
[2025-08-15T07:52:21.455+0000] {processor.py:836} INFO - DAG(s) dict_keys(['example_xcom_args_with_operators', 'example_xcom_args']) retrieved from /home/airflow/.local/lib/python3.7/site-packages/airflow/example_dags/example_xcomargs.py
[2025-08-15T07:52:21.487+0000] {logging_mixin.py:149} INFO - [2025-08-15T07:52:21.486+0000] {dag.py:2726} INFO - Sync 2 DAGs
[2025-08-15T07:52:21.516+0000] {logging_mixin.py:149} INFO - [2025-08-15T07:52:21.515+0000] {dag.py:3490} INFO - Setting next_dagrun for example_xcom_args to None, run_after=None
[2025-08-15T07:52:21.519+0000] {logging_mixin.py:149} INFO - [2025-08-15T07:52:21.519+0000] {dag.py:3490} INFO - Setting next_dagrun for example_xcom_args_with_operators to None, run_after=None
[2025-08-15T07:52:21.540+0000] {processor.py:179} INFO - Processing /home/airflow/.local/lib/python3.7/site-packages/airflow/example_dags/example_xcomargs.py took 0.101 seconds
[2025-08-15T07:52:51.873+0000] {processor.py:157} INFO - Started process (PID=6631) to work on /home/airflow/.local/lib/python3.7/site-packages/airflow/example_dags/example_xcomargs.py
[2025-08-15T07:52:51.874+0000] {processor.py:826} INFO - Processing file /home/airflow/.local/lib/python3.7/site-packages/airflow/example_dags/example_xcomargs.py for tasks to queue
[2025-08-15T07:52:51.875+0000] {logging_mixin.py:149} INFO - [2025-08-15T07:52:51.875+0000] {dagbag.py:541} INFO - Filling up the DagBag from /home/airflow/.local/lib/python3.7/site-packages/airflow/example_dags/example_xcomargs.py
[2025-08-15T07:52:51.884+0000] {processor.py:836} INFO - DAG(s) dict_keys(['example_xcom_args_with_operators', 'example_xcom_args']) retrieved from /home/airflow/.local/lib/python3.7/site-packages/airflow/example_dags/example_xcomargs.py
[2025-08-15T07:52:51.918+0000] {logging_mixin.py:149} INFO - [2025-08-15T07:52:51.918+0000] {dag.py:2726} INFO - Sync 2 DAGs
[2025-08-15T07:52:51.959+0000] {logging_mixin.py:149} INFO - [2025-08-15T07:52:51.958+0000] {dag.py:3490} INFO - Setting next_dagrun for example_xcom_args to None, run_after=None
[2025-08-15T07:52:51.967+0000] {logging_mixin.py:149} INFO - [2025-08-15T07:52:51.967+0000] {dag.py:3490} INFO - Setting next_dagrun for example_xcom_args_with_operators to None, run_after=None
[2025-08-15T07:52:51.988+0000] {processor.py:179} INFO - Processing /home/airflow/.local/lib/python3.7/site-packages/airflow/example_dags/example_xcomargs.py took 0.119 seconds
[2025-08-15T07:53:22.261+0000] {processor.py:157} INFO - Started process (PID=6876) to work on /home/airflow/.local/lib/python3.7/site-packages/airflow/example_dags/example_xcomargs.py
[2025-08-15T07:53:22.262+0000] {processor.py:826} INFO - Processing file /home/airflow/.local/lib/python3.7/site-packages/airflow/example_dags/example_xcomargs.py for tasks to queue
[2025-08-15T07:53:22.264+0000] {logging_mixin.py:149} INFO - [2025-08-15T07:53:22.263+0000] {dagbag.py:541} INFO - Filling up the DagBag from /home/airflow/.local/lib/python3.7/site-packages/airflow/example_dags/example_xcomargs.py
[2025-08-15T07:53:22.274+0000] {processor.py:836} INFO - DAG(s) dict_keys(['example_xcom_args_with_operators', 'example_xcom_args']) retrieved from /home/airflow/.local/lib/python3.7/site-packages/airflow/example_dags/example_xcomargs.py
[2025-08-15T07:53:22.305+0000] {logging_mixin.py:149} INFO - [2025-08-15T07:53:22.305+0000] {dag.py:2726} INFO - Sync 2 DAGs
[2025-08-15T07:53:22.334+0000] {logging_mixin.py:149} INFO - [2025-08-15T07:53:22.333+0000] {dag.py:3490} INFO - Setting next_dagrun for example_xcom_args to None, run_after=None
[2025-08-15T07:53:22.337+0000] {logging_mixin.py:149} INFO - [2025-08-15T07:53:22.337+0000] {dag.py:3490} INFO - Setting next_dagrun for example_xcom_args_with_operators to None, run_after=None
[2025-08-15T07:53:22.359+0000] {processor.py:179} INFO - Processing /home/airflow/.local/lib/python3.7/site-packages/airflow/example_dags/example_xcomargs.py took 0.101 seconds
[2025-08-15T07:53:52.576+0000] {processor.py:157} INFO - Started process (PID=7121) to work on /home/airflow/.local/lib/python3.7/site-packages/airflow/example_dags/example_xcomargs.py
[2025-08-15T07:53:52.577+0000] {processor.py:826} INFO - Processing file /home/airflow/.local/lib/python3.7/site-packages/airflow/example_dags/example_xcomargs.py for tasks to queue
[2025-08-15T07:53:52.578+0000] {logging_mixin.py:149} INFO - [2025-08-15T07:53:52.578+0000] {dagbag.py:541} INFO - Filling up the DagBag from /home/airflow/.local/lib/python3.7/site-packages/airflow/example_dags/example_xcomargs.py
[2025-08-15T07:53:52.587+0000] {processor.py:836} INFO - DAG(s) dict_keys(['example_xcom_args', 'example_xcom_args_with_operators']) retrieved from /home/airflow/.local/lib/python3.7/site-packages/airflow/example_dags/example_xcomargs.py
[2025-08-15T07:53:52.617+0000] {logging_mixin.py:149} INFO - [2025-08-15T07:53:52.617+0000] {dag.py:2726} INFO - Sync 2 DAGs
[2025-08-15T07:53:52.645+0000] {logging_mixin.py:149} INFO - [2025-08-15T07:53:52.645+0000] {dag.py:3490} INFO - Setting next_dagrun for example_xcom_args to None, run_after=None
[2025-08-15T07:53:52.649+0000] {logging_mixin.py:149} INFO - [2025-08-15T07:53:52.649+0000] {dag.py:3490} INFO - Setting next_dagrun for example_xcom_args_with_operators to None, run_after=None
[2025-08-15T07:53:52.667+0000] {processor.py:179} INFO - Processing /home/airflow/.local/lib/python3.7/site-packages/airflow/example_dags/example_xcomargs.py took 0.094 seconds
[2025-08-15T07:54:22.820+0000] {processor.py:157} INFO - Started process (PID=7366) to work on /home/airflow/.local/lib/python3.7/site-packages/airflow/example_dags/example_xcomargs.py
[2025-08-15T07:54:22.821+0000] {processor.py:826} INFO - Processing file /home/airflow/.local/lib/python3.7/site-packages/airflow/example_dags/example_xcomargs.py for tasks to queue
[2025-08-15T07:54:22.822+0000] {logging_mixin.py:149} INFO - [2025-08-15T07:54:22.822+0000] {dagbag.py:541} INFO - Filling up the DagBag from /home/airflow/.local/lib/python3.7/site-packages/airflow/example_dags/example_xcomargs.py
[2025-08-15T07:54:22.832+0000] {processor.py:836} INFO - DAG(s) dict_keys(['example_xcom_args_with_operators', 'example_xcom_args']) retrieved from /home/airflow/.local/lib/python3.7/site-packages/airflow/example_dags/example_xcomargs.py
[2025-08-15T07:54:22.867+0000] {logging_mixin.py:149} INFO - [2025-08-15T07:54:22.866+0000] {dag.py:2726} INFO - Sync 2 DAGs
[2025-08-15T07:54:22.907+0000] {logging_mixin.py:149} INFO - [2025-08-15T07:54:22.906+0000] {dag.py:3490} INFO - Setting next_dagrun for example_xcom_args to None, run_after=None
[2025-08-15T07:54:22.910+0000] {logging_mixin.py:149} INFO - [2025-08-15T07:54:22.910+0000] {dag.py:3490} INFO - Setting next_dagrun for example_xcom_args_with_operators to None, run_after=None
[2025-08-15T07:54:22.930+0000] {processor.py:179} INFO - Processing /home/airflow/.local/lib/python3.7/site-packages/airflow/example_dags/example_xcomargs.py took 0.114 seconds
[2025-08-15T07:54:53.075+0000] {processor.py:157} INFO - Started process (PID=7611) to work on /home/airflow/.local/lib/python3.7/site-packages/airflow/example_dags/example_xcomargs.py
[2025-08-15T07:54:53.076+0000] {processor.py:826} INFO - Processing file /home/airflow/.local/lib/python3.7/site-packages/airflow/example_dags/example_xcomargs.py for tasks to queue
[2025-08-15T07:54:53.077+0000] {logging_mixin.py:149} INFO - [2025-08-15T07:54:53.077+0000] {dagbag.py:541} INFO - Filling up the DagBag from /home/airflow/.local/lib/python3.7/site-packages/airflow/example_dags/example_xcomargs.py
[2025-08-15T07:54:53.086+0000] {processor.py:836} INFO - DAG(s) dict_keys(['example_xcom_args', 'example_xcom_args_with_operators']) retrieved from /home/airflow/.local/lib/python3.7/site-packages/airflow/example_dags/example_xcomargs.py
[2025-08-15T07:54:53.117+0000] {logging_mixin.py:149} INFO - [2025-08-15T07:54:53.116+0000] {dag.py:2726} INFO - Sync 2 DAGs
[2025-08-15T07:54:53.147+0000] {logging_mixin.py:149} INFO - [2025-08-15T07:54:53.147+0000] {dag.py:3490} INFO - Setting next_dagrun for example_xcom_args to None, run_after=None
[2025-08-15T07:54:53.151+0000] {logging_mixin.py:149} INFO - [2025-08-15T07:54:53.151+0000] {dag.py:3490} INFO - Setting next_dagrun for example_xcom_args_with_operators to None, run_after=None
[2025-08-15T07:54:53.174+0000] {processor.py:179} INFO - Processing /home/airflow/.local/lib/python3.7/site-packages/airflow/example_dags/example_xcomargs.py took 0.102 seconds
[2025-08-15T07:55:23.378+0000] {processor.py:157} INFO - Started process (PID=7856) to work on /home/airflow/.local/lib/python3.7/site-packages/airflow/example_dags/example_xcomargs.py
[2025-08-15T07:55:23.379+0000] {processor.py:826} INFO - Processing file /home/airflow/.local/lib/python3.7/site-packages/airflow/example_dags/example_xcomargs.py for tasks to queue
[2025-08-15T07:55:23.379+0000] {logging_mixin.py:149} INFO - [2025-08-15T07:55:23.379+0000] {dagbag.py:541} INFO - Filling up the DagBag from /home/airflow/.local/lib/python3.7/site-packages/airflow/example_dags/example_xcomargs.py
[2025-08-15T07:55:23.388+0000] {processor.py:836} INFO - DAG(s) dict_keys(['example_xcom_args_with_operators', 'example_xcom_args']) retrieved from /home/airflow/.local/lib/python3.7/site-packages/airflow/example_dags/example_xcomargs.py
[2025-08-15T07:55:23.431+0000] {logging_mixin.py:149} INFO - [2025-08-15T07:55:23.431+0000] {dag.py:2726} INFO - Sync 2 DAGs
[2025-08-15T07:55:23.489+0000] {logging_mixin.py:149} INFO - [2025-08-15T07:55:23.488+0000] {dag.py:3490} INFO - Setting next_dagrun for example_xcom_args to None, run_after=None
[2025-08-15T07:55:23.497+0000] {logging_mixin.py:149} INFO - [2025-08-15T07:55:23.496+0000] {dag.py:3490} INFO - Setting next_dagrun for example_xcom_args_with_operators to None, run_after=None
[2025-08-15T07:55:23.517+0000] {processor.py:179} INFO - Processing /home/airflow/.local/lib/python3.7/site-packages/airflow/example_dags/example_xcomargs.py took 0.142 seconds
[2025-08-15T07:55:53.666+0000] {processor.py:157} INFO - Started process (PID=8101) to work on /home/airflow/.local/lib/python3.7/site-packages/airflow/example_dags/example_xcomargs.py
[2025-08-15T07:55:53.667+0000] {processor.py:826} INFO - Processing file /home/airflow/.local/lib/python3.7/site-packages/airflow/example_dags/example_xcomargs.py for tasks to queue
[2025-08-15T07:55:53.668+0000] {logging_mixin.py:149} INFO - [2025-08-15T07:55:53.668+0000] {dagbag.py:541} INFO - Filling up the DagBag from /home/airflow/.local/lib/python3.7/site-packages/airflow/example_dags/example_xcomargs.py
[2025-08-15T07:55:53.679+0000] {processor.py:836} INFO - DAG(s) dict_keys(['example_xcom_args', 'example_xcom_args_with_operators']) retrieved from /home/airflow/.local/lib/python3.7/site-packages/airflow/example_dags/example_xcomargs.py
[2025-08-15T07:55:53.716+0000] {logging_mixin.py:149} INFO - [2025-08-15T07:55:53.715+0000] {dag.py:2726} INFO - Sync 2 DAGs
[2025-08-15T07:55:53.751+0000] {logging_mixin.py:149} INFO - [2025-08-15T07:55:53.751+0000] {dag.py:3490} INFO - Setting next_dagrun for example_xcom_args to None, run_after=None
[2025-08-15T07:55:53.755+0000] {logging_mixin.py:149} INFO - [2025-08-15T07:55:53.755+0000] {dag.py:3490} INFO - Setting next_dagrun for example_xcom_args_with_operators to None, run_after=None
[2025-08-15T07:55:53.775+0000] {processor.py:179} INFO - Processing /home/airflow/.local/lib/python3.7/site-packages/airflow/example_dags/example_xcomargs.py took 0.114 seconds
[2025-08-15T07:56:24.050+0000] {processor.py:157} INFO - Started process (PID=8346) to work on /home/airflow/.local/lib/python3.7/site-packages/airflow/example_dags/example_xcomargs.py
[2025-08-15T07:56:24.051+0000] {processor.py:826} INFO - Processing file /home/airflow/.local/lib/python3.7/site-packages/airflow/example_dags/example_xcomargs.py for tasks to queue
[2025-08-15T07:56:24.052+0000] {logging_mixin.py:149} INFO - [2025-08-15T07:56:24.052+0000] {dagbag.py:541} INFO - Filling up the DagBag from /home/airflow/.local/lib/python3.7/site-packages/airflow/example_dags/example_xcomargs.py
[2025-08-15T07:56:24.063+0000] {processor.py:836} INFO - DAG(s) dict_keys(['example_xcom_args_with_operators', 'example_xcom_args']) retrieved from /home/airflow/.local/lib/python3.7/site-packages/airflow/example_dags/example_xcomargs.py
[2025-08-15T07:56:24.100+0000] {logging_mixin.py:149} INFO - [2025-08-15T07:56:24.099+0000] {dag.py:2726} INFO - Sync 2 DAGs
[2025-08-15T07:56:24.133+0000] {logging_mixin.py:149} INFO - [2025-08-15T07:56:24.132+0000] {dag.py:3490} INFO - Setting next_dagrun for example_xcom_args to None, run_after=None
[2025-08-15T07:56:24.136+0000] {logging_mixin.py:149} INFO - [2025-08-15T07:56:24.136+0000] {dag.py:3490} INFO - Setting next_dagrun for example_xcom_args_with_operators to None, run_after=None
[2025-08-15T07:56:24.158+0000] {processor.py:179} INFO - Processing /home/airflow/.local/lib/python3.7/site-packages/airflow/example_dags/example_xcomargs.py took 0.113 seconds
[2025-08-15T07:56:54.516+0000] {processor.py:157} INFO - Started process (PID=8591) to work on /home/airflow/.local/lib/python3.7/site-packages/airflow/example_dags/example_xcomargs.py
[2025-08-15T07:56:54.517+0000] {processor.py:826} INFO - Processing file /home/airflow/.local/lib/python3.7/site-packages/airflow/example_dags/example_xcomargs.py for tasks to queue
[2025-08-15T07:56:54.517+0000] {logging_mixin.py:149} INFO - [2025-08-15T07:56:54.517+0000] {dagbag.py:541} INFO - Filling up the DagBag from /home/airflow/.local/lib/python3.7/site-packages/airflow/example_dags/example_xcomargs.py
[2025-08-15T07:56:54.526+0000] {processor.py:836} INFO - DAG(s) dict_keys(['example_xcom_args', 'example_xcom_args_with_operators']) retrieved from /home/airflow/.local/lib/python3.7/site-packages/airflow/example_dags/example_xcomargs.py
[2025-08-15T07:56:54.559+0000] {logging_mixin.py:149} INFO - [2025-08-15T07:56:54.558+0000] {dag.py:2726} INFO - Sync 2 DAGs
[2025-08-15T07:56:54.590+0000] {logging_mixin.py:149} INFO - [2025-08-15T07:56:54.589+0000] {dag.py:3490} INFO - Setting next_dagrun for example_xcom_args to None, run_after=None
[2025-08-15T07:56:54.593+0000] {logging_mixin.py:149} INFO - [2025-08-15T07:56:54.593+0000] {dag.py:3490} INFO - Setting next_dagrun for example_xcom_args_with_operators to None, run_after=None
[2025-08-15T07:56:54.615+0000] {processor.py:179} INFO - Processing /home/airflow/.local/lib/python3.7/site-packages/airflow/example_dags/example_xcomargs.py took 0.103 seconds
[2025-08-15T07:57:24.715+0000] {processor.py:157} INFO - Started process (PID=8836) to work on /home/airflow/.local/lib/python3.7/site-packages/airflow/example_dags/example_xcomargs.py
[2025-08-15T07:57:24.716+0000] {processor.py:826} INFO - Processing file /home/airflow/.local/lib/python3.7/site-packages/airflow/example_dags/example_xcomargs.py for tasks to queue
[2025-08-15T07:57:24.717+0000] {logging_mixin.py:149} INFO - [2025-08-15T07:57:24.717+0000] {dagbag.py:541} INFO - Filling up the DagBag from /home/airflow/.local/lib/python3.7/site-packages/airflow/example_dags/example_xcomargs.py
[2025-08-15T07:57:24.725+0000] {processor.py:836} INFO - DAG(s) dict_keys(['example_xcom_args', 'example_xcom_args_with_operators']) retrieved from /home/airflow/.local/lib/python3.7/site-packages/airflow/example_dags/example_xcomargs.py
[2025-08-15T07:57:24.759+0000] {logging_mixin.py:149} INFO - [2025-08-15T07:57:24.759+0000] {dag.py:2726} INFO - Sync 2 DAGs
[2025-08-15T07:57:24.791+0000] {logging_mixin.py:149} INFO - [2025-08-15T07:57:24.791+0000] {dag.py:3490} INFO - Setting next_dagrun for example_xcom_args to None, run_after=None
[2025-08-15T07:57:24.796+0000] {logging_mixin.py:149} INFO - [2025-08-15T07:57:24.795+0000] {dag.py:3490} INFO - Setting next_dagrun for example_xcom_args_with_operators to None, run_after=None
[2025-08-15T07:57:24.818+0000] {processor.py:179} INFO - Processing /home/airflow/.local/lib/python3.7/site-packages/airflow/example_dags/example_xcomargs.py took 0.106 seconds
[2025-08-15T07:57:55.295+0000] {processor.py:157} INFO - Started process (PID=9081) to work on /home/airflow/.local/lib/python3.7/site-packages/airflow/example_dags/example_xcomargs.py
[2025-08-15T07:57:55.296+0000] {processor.py:826} INFO - Processing file /home/airflow/.local/lib/python3.7/site-packages/airflow/example_dags/example_xcomargs.py for tasks to queue
[2025-08-15T07:57:55.297+0000] {logging_mixin.py:149} INFO - [2025-08-15T07:57:55.297+0000] {dagbag.py:541} INFO - Filling up the DagBag from /home/airflow/.local/lib/python3.7/site-packages/airflow/example_dags/example_xcomargs.py
[2025-08-15T07:57:55.306+0000] {processor.py:836} INFO - DAG(s) dict_keys(['example_xcom_args', 'example_xcom_args_with_operators']) retrieved from /home/airflow/.local/lib/python3.7/site-packages/airflow/example_dags/example_xcomargs.py
[2025-08-15T07:57:55.336+0000] {logging_mixin.py:149} INFO - [2025-08-15T07:57:55.336+0000] {dag.py:2726} INFO - Sync 2 DAGs
[2025-08-15T07:57:55.367+0000] {logging_mixin.py:149} INFO - [2025-08-15T07:57:55.367+0000] {dag.py:3490} INFO - Setting next_dagrun for example_xcom_args to None, run_after=None
[2025-08-15T07:57:55.371+0000] {logging_mixin.py:149} INFO - [2025-08-15T07:57:55.371+0000] {dag.py:3490} INFO - Setting next_dagrun for example_xcom_args_with_operators to None, run_after=None
[2025-08-15T07:57:55.390+0000] {processor.py:179} INFO - Processing /home/airflow/.local/lib/python3.7/site-packages/airflow/example_dags/example_xcomargs.py took 0.099 seconds
[2025-08-15T07:58:25.778+0000] {processor.py:157} INFO - Started process (PID=9326) to work on /home/airflow/.local/lib/python3.7/site-packages/airflow/example_dags/example_xcomargs.py
[2025-08-15T07:58:25.779+0000] {processor.py:826} INFO - Processing file /home/airflow/.local/lib/python3.7/site-packages/airflow/example_dags/example_xcomargs.py for tasks to queue
[2025-08-15T07:58:25.780+0000] {logging_mixin.py:149} INFO - [2025-08-15T07:58:25.780+0000] {dagbag.py:541} INFO - Filling up the DagBag from /home/airflow/.local/lib/python3.7/site-packages/airflow/example_dags/example_xcomargs.py
[2025-08-15T07:58:25.789+0000] {processor.py:836} INFO - DAG(s) dict_keys(['example_xcom_args', 'example_xcom_args_with_operators']) retrieved from /home/airflow/.local/lib/python3.7/site-packages/airflow/example_dags/example_xcomargs.py
[2025-08-15T07:58:25.821+0000] {logging_mixin.py:149} INFO - [2025-08-15T07:58:25.821+0000] {dag.py:2726} INFO - Sync 2 DAGs
[2025-08-15T07:58:25.850+0000] {logging_mixin.py:149} INFO - [2025-08-15T07:58:25.850+0000] {dag.py:3490} INFO - Setting next_dagrun for example_xcom_args to None, run_after=None
[2025-08-15T07:58:25.854+0000] {logging_mixin.py:149} INFO - [2025-08-15T07:58:25.854+0000] {dag.py:3490} INFO - Setting next_dagrun for example_xcom_args_with_operators to None, run_after=None
[2025-08-15T07:58:25.873+0000] {processor.py:179} INFO - Processing /home/airflow/.local/lib/python3.7/site-packages/airflow/example_dags/example_xcomargs.py took 0.098 seconds
[2025-08-15T07:58:56.136+0000] {processor.py:157} INFO - Started process (PID=9571) to work on /home/airflow/.local/lib/python3.7/site-packages/airflow/example_dags/example_xcomargs.py
[2025-08-15T07:58:56.137+0000] {processor.py:826} INFO - Processing file /home/airflow/.local/lib/python3.7/site-packages/airflow/example_dags/example_xcomargs.py for tasks to queue
[2025-08-15T07:58:56.138+0000] {logging_mixin.py:149} INFO - [2025-08-15T07:58:56.138+0000] {dagbag.py:541} INFO - Filling up the DagBag from /home/airflow/.local/lib/python3.7/site-packages/airflow/example_dags/example_xcomargs.py
[2025-08-15T07:58:56.148+0000] {processor.py:836} INFO - DAG(s) dict_keys(['example_xcom_args_with_operators', 'example_xcom_args']) retrieved from /home/airflow/.local/lib/python3.7/site-packages/airflow/example_dags/example_xcomargs.py
[2025-08-15T07:58:56.183+0000] {logging_mixin.py:149} INFO - [2025-08-15T07:58:56.183+0000] {dag.py:2726} INFO - Sync 2 DAGs
[2025-08-15T07:58:56.211+0000] {logging_mixin.py:149} INFO - [2025-08-15T07:58:56.211+0000] {dag.py:3490} INFO - Setting next_dagrun for example_xcom_args to None, run_after=None
[2025-08-15T07:58:56.218+0000] {logging_mixin.py:149} INFO - [2025-08-15T07:58:56.218+0000] {dag.py:3490} INFO - Setting next_dagrun for example_xcom_args_with_operators to None, run_after=None
[2025-08-15T07:58:56.238+0000] {processor.py:179} INFO - Processing /home/airflow/.local/lib/python3.7/site-packages/airflow/example_dags/example_xcomargs.py took 0.105 seconds
[2025-08-15T07:59:26.368+0000] {processor.py:157} INFO - Started process (PID=9816) to work on /home/airflow/.local/lib/python3.7/site-packages/airflow/example_dags/example_xcomargs.py
[2025-08-15T07:59:26.369+0000] {processor.py:826} INFO - Processing file /home/airflow/.local/lib/python3.7/site-packages/airflow/example_dags/example_xcomargs.py for tasks to queue
[2025-08-15T07:59:26.370+0000] {logging_mixin.py:149} INFO - [2025-08-15T07:59:26.370+0000] {dagbag.py:541} INFO - Filling up the DagBag from /home/airflow/.local/lib/python3.7/site-packages/airflow/example_dags/example_xcomargs.py
[2025-08-15T07:59:26.379+0000] {processor.py:836} INFO - DAG(s) dict_keys(['example_xcom_args_with_operators', 'example_xcom_args']) retrieved from /home/airflow/.local/lib/python3.7/site-packages/airflow/example_dags/example_xcomargs.py
[2025-08-15T07:59:26.411+0000] {logging_mixin.py:149} INFO - [2025-08-15T07:59:26.411+0000] {dag.py:2726} INFO - Sync 2 DAGs
[2025-08-15T07:59:26.440+0000] {logging_mixin.py:149} INFO - [2025-08-15T07:59:26.440+0000] {dag.py:3490} INFO - Setting next_dagrun for example_xcom_args to None, run_after=None
[2025-08-15T07:59:26.444+0000] {logging_mixin.py:149} INFO - [2025-08-15T07:59:26.444+0000] {dag.py:3490} INFO - Setting next_dagrun for example_xcom_args_with_operators to None, run_after=None
[2025-08-15T07:59:26.462+0000] {processor.py:179} INFO - Processing /home/airflow/.local/lib/python3.7/site-packages/airflow/example_dags/example_xcomargs.py took 0.097 seconds
[2025-08-15T07:59:56.536+0000] {processor.py:157} INFO - Started process (PID=10061) to work on /home/airflow/.local/lib/python3.7/site-packages/airflow/example_dags/example_xcomargs.py
[2025-08-15T07:59:56.537+0000] {processor.py:826} INFO - Processing file /home/airflow/.local/lib/python3.7/site-packages/airflow/example_dags/example_xcomargs.py for tasks to queue
[2025-08-15T07:59:56.538+0000] {logging_mixin.py:149} INFO - [2025-08-15T07:59:56.538+0000] {dagbag.py:541} INFO - Filling up the DagBag from /home/airflow/.local/lib/python3.7/site-packages/airflow/example_dags/example_xcomargs.py
[2025-08-15T07:59:56.547+0000] {processor.py:836} INFO - DAG(s) dict_keys(['example_xcom_args_with_operators', 'example_xcom_args']) retrieved from /home/airflow/.local/lib/python3.7/site-packages/airflow/example_dags/example_xcomargs.py
[2025-08-15T07:59:56.579+0000] {logging_mixin.py:149} INFO - [2025-08-15T07:59:56.579+0000] {dag.py:2726} INFO - Sync 2 DAGs
[2025-08-15T07:59:56.607+0000] {logging_mixin.py:149} INFO - [2025-08-15T07:59:56.607+0000] {dag.py:3490} INFO - Setting next_dagrun for example_xcom_args to None, run_after=None
[2025-08-15T07:59:56.611+0000] {logging_mixin.py:149} INFO - [2025-08-15T07:59:56.611+0000] {dag.py:3490} INFO - Setting next_dagrun for example_xcom_args_with_operators to None, run_after=None
[2025-08-15T07:59:56.630+0000] {processor.py:179} INFO - Processing /home/airflow/.local/lib/python3.7/site-packages/airflow/example_dags/example_xcomargs.py took 0.097 seconds
[2025-08-15T08:00:27.263+0000] {processor.py:157} INFO - Started process (PID=10307) to work on /home/airflow/.local/lib/python3.7/site-packages/airflow/example_dags/example_xcomargs.py
[2025-08-15T08:00:27.264+0000] {processor.py:826} INFO - Processing file /home/airflow/.local/lib/python3.7/site-packages/airflow/example_dags/example_xcomargs.py for tasks to queue
[2025-08-15T08:00:27.264+0000] {logging_mixin.py:149} INFO - [2025-08-15T08:00:27.264+0000] {dagbag.py:541} INFO - Filling up the DagBag from /home/airflow/.local/lib/python3.7/site-packages/airflow/example_dags/example_xcomargs.py
[2025-08-15T08:00:27.273+0000] {processor.py:836} INFO - DAG(s) dict_keys(['example_xcom_args_with_operators', 'example_xcom_args']) retrieved from /home/airflow/.local/lib/python3.7/site-packages/airflow/example_dags/example_xcomargs.py
[2025-08-15T08:00:27.303+0000] {logging_mixin.py:149} INFO - [2025-08-15T08:00:27.303+0000] {dag.py:2726} INFO - Sync 2 DAGs
[2025-08-15T08:00:27.330+0000] {logging_mixin.py:149} INFO - [2025-08-15T08:00:27.330+0000] {dag.py:3490} INFO - Setting next_dagrun for example_xcom_args to None, run_after=None
[2025-08-15T08:00:27.334+0000] {logging_mixin.py:149} INFO - [2025-08-15T08:00:27.334+0000] {dag.py:3490} INFO - Setting next_dagrun for example_xcom_args_with_operators to None, run_after=None
[2025-08-15T08:00:27.353+0000] {processor.py:179} INFO - Processing /home/airflow/.local/lib/python3.7/site-packages/airflow/example_dags/example_xcomargs.py took 0.093 seconds
[2025-08-15T08:00:57.513+0000] {processor.py:157} INFO - Started process (PID=10551) to work on /home/airflow/.local/lib/python3.7/site-packages/airflow/example_dags/example_xcomargs.py
[2025-08-15T08:00:57.514+0000] {processor.py:826} INFO - Processing file /home/airflow/.local/lib/python3.7/site-packages/airflow/example_dags/example_xcomargs.py for tasks to queue
[2025-08-15T08:00:57.515+0000] {logging_mixin.py:149} INFO - [2025-08-15T08:00:57.515+0000] {dagbag.py:541} INFO - Filling up the DagBag from /home/airflow/.local/lib/python3.7/site-packages/airflow/example_dags/example_xcomargs.py
[2025-08-15T08:00:57.523+0000] {processor.py:836} INFO - DAG(s) dict_keys(['example_xcom_args_with_operators', 'example_xcom_args']) retrieved from /home/airflow/.local/lib/python3.7/site-packages/airflow/example_dags/example_xcomargs.py
[2025-08-15T08:00:57.553+0000] {logging_mixin.py:149} INFO - [2025-08-15T08:00:57.553+0000] {dag.py:2726} INFO - Sync 2 DAGs
[2025-08-15T08:00:57.583+0000] {logging_mixin.py:149} INFO - [2025-08-15T08:00:57.583+0000] {dag.py:3490} INFO - Setting next_dagrun for example_xcom_args to None, run_after=None
[2025-08-15T08:00:57.587+0000] {logging_mixin.py:149} INFO - [2025-08-15T08:00:57.587+0000] {dag.py:3490} INFO - Setting next_dagrun for example_xcom_args_with_operators to None, run_after=None
[2025-08-15T08:00:57.606+0000] {processor.py:179} INFO - Processing /home/airflow/.local/lib/python3.7/site-packages/airflow/example_dags/example_xcomargs.py took 0.097 seconds
[2025-08-15T08:01:27.939+0000] {processor.py:157} INFO - Started process (PID=10796) to work on /home/airflow/.local/lib/python3.7/site-packages/airflow/example_dags/example_xcomargs.py
[2025-08-15T08:01:27.940+0000] {processor.py:826} INFO - Processing file /home/airflow/.local/lib/python3.7/site-packages/airflow/example_dags/example_xcomargs.py for tasks to queue
[2025-08-15T08:01:27.941+0000] {logging_mixin.py:149} INFO - [2025-08-15T08:01:27.941+0000] {dagbag.py:541} INFO - Filling up the DagBag from /home/airflow/.local/lib/python3.7/site-packages/airflow/example_dags/example_xcomargs.py
[2025-08-15T08:01:27.950+0000] {processor.py:836} INFO - DAG(s) dict_keys(['example_xcom_args_with_operators', 'example_xcom_args']) retrieved from /home/airflow/.local/lib/python3.7/site-packages/airflow/example_dags/example_xcomargs.py
[2025-08-15T08:01:27.980+0000] {logging_mixin.py:149} INFO - [2025-08-15T08:01:27.980+0000] {dag.py:2726} INFO - Sync 2 DAGs
[2025-08-15T08:01:28.010+0000] {logging_mixin.py:149} INFO - [2025-08-15T08:01:28.010+0000] {dag.py:3490} INFO - Setting next_dagrun for example_xcom_args to None, run_after=None
[2025-08-15T08:01:28.015+0000] {logging_mixin.py:149} INFO - [2025-08-15T08:01:28.015+0000] {dag.py:3490} INFO - Setting next_dagrun for example_xcom_args_with_operators to None, run_after=None
[2025-08-15T08:01:28.033+0000] {processor.py:179} INFO - Processing /home/airflow/.local/lib/python3.7/site-packages/airflow/example_dags/example_xcomargs.py took 0.097 seconds
[2025-08-15T08:01:58.319+0000] {processor.py:157} INFO - Started process (PID=11043) to work on /home/airflow/.local/lib/python3.7/site-packages/airflow/example_dags/example_xcomargs.py
[2025-08-15T08:01:58.320+0000] {processor.py:826} INFO - Processing file /home/airflow/.local/lib/python3.7/site-packages/airflow/example_dags/example_xcomargs.py for tasks to queue
[2025-08-15T08:01:58.320+0000] {logging_mixin.py:149} INFO - [2025-08-15T08:01:58.320+0000] {dagbag.py:541} INFO - Filling up the DagBag from /home/airflow/.local/lib/python3.7/site-packages/airflow/example_dags/example_xcomargs.py
[2025-08-15T08:01:58.329+0000] {processor.py:836} INFO - DAG(s) dict_keys(['example_xcom_args_with_operators', 'example_xcom_args']) retrieved from /home/airflow/.local/lib/python3.7/site-packages/airflow/example_dags/example_xcomargs.py
[2025-08-15T08:01:58.360+0000] {logging_mixin.py:149} INFO - [2025-08-15T08:01:58.360+0000] {dag.py:2726} INFO - Sync 2 DAGs
[2025-08-15T08:01:58.388+0000] {logging_mixin.py:149} INFO - [2025-08-15T08:01:58.388+0000] {dag.py:3490} INFO - Setting next_dagrun for example_xcom_args to None, run_after=None
[2025-08-15T08:01:58.392+0000] {logging_mixin.py:149} INFO - [2025-08-15T08:01:58.391+0000] {dag.py:3490} INFO - Setting next_dagrun for example_xcom_args_with_operators to None, run_after=None
[2025-08-15T08:01:58.411+0000] {processor.py:179} INFO - Processing /home/airflow/.local/lib/python3.7/site-packages/airflow/example_dags/example_xcomargs.py took 0.095 seconds
[2025-08-15T08:02:28.576+0000] {processor.py:157} INFO - Started process (PID=11286) to work on /home/airflow/.local/lib/python3.7/site-packages/airflow/example_dags/example_xcomargs.py
[2025-08-15T08:02:28.577+0000] {processor.py:826} INFO - Processing file /home/airflow/.local/lib/python3.7/site-packages/airflow/example_dags/example_xcomargs.py for tasks to queue
[2025-08-15T08:02:28.578+0000] {logging_mixin.py:149} INFO - [2025-08-15T08:02:28.578+0000] {dagbag.py:541} INFO - Filling up the DagBag from /home/airflow/.local/lib/python3.7/site-packages/airflow/example_dags/example_xcomargs.py
[2025-08-15T08:02:28.587+0000] {processor.py:836} INFO - DAG(s) dict_keys(['example_xcom_args_with_operators', 'example_xcom_args']) retrieved from /home/airflow/.local/lib/python3.7/site-packages/airflow/example_dags/example_xcomargs.py
[2025-08-15T08:02:28.618+0000] {logging_mixin.py:149} INFO - [2025-08-15T08:02:28.618+0000] {dag.py:2726} INFO - Sync 2 DAGs
[2025-08-15T08:02:28.648+0000] {logging_mixin.py:149} INFO - [2025-08-15T08:02:28.648+0000] {dag.py:3490} INFO - Setting next_dagrun for example_xcom_args to None, run_after=None
[2025-08-15T08:02:28.652+0000] {logging_mixin.py:149} INFO - [2025-08-15T08:02:28.652+0000] {dag.py:3490} INFO - Setting next_dagrun for example_xcom_args_with_operators to None, run_after=None
[2025-08-15T08:02:28.671+0000] {processor.py:179} INFO - Processing /home/airflow/.local/lib/python3.7/site-packages/airflow/example_dags/example_xcomargs.py took 0.098 seconds
