[2025-08-15T07:27:50.452+0000] {processor.py:157} INFO - Started process (PID=370) to work on /home/airflow/.local/lib/python3.7/site-packages/airflow/example_dags/example_short_circuit_decorator.py
[2025-08-15T07:27:50.454+0000] {processor.py:826} INFO - Processing file /home/airflow/.local/lib/python3.7/site-packages/airflow/example_dags/example_short_circuit_decorator.py for tasks to queue
[2025-08-15T07:27:50.455+0000] {logging_mixin.py:149} INFO - [2025-08-15T07:27:50.455+0000] {dagbag.py:541} INFO - Filling up the DagBag from /home/airflow/.local/lib/python3.7/site-packages/airflow/example_dags/example_short_circuit_decorator.py
[2025-08-15T07:27:50.472+0000] {processor.py:836} INFO - DAG(s) dict_keys(['example_short_circuit_decorator']) retrieved from /home/airflow/.local/lib/python3.7/site-packages/airflow/example_dags/example_short_circuit_decorator.py
[2025-08-15T07:27:50.518+0000] {logging_mixin.py:149} INFO - [2025-08-15T07:27:50.517+0000] {dag.py:2726} INFO - Sync 1 DAGs
[2025-08-15T07:27:50.559+0000] {logging_mixin.py:149} INFO - [2025-08-15T07:27:50.558+0000] {dag.py:3490} INFO - Setting next_dagrun for example_short_circuit_decorator to 2025-08-14T07:27:50.558144+00:00, run_after=2025-08-15T07:27:50.558144+00:00
[2025-08-15T07:27:50.586+0000] {processor.py:179} INFO - Processing /home/airflow/.local/lib/python3.7/site-packages/airflow/example_dags/example_short_circuit_decorator.py took 0.138 seconds
[2025-08-15T07:39:44.178+0000] {processor.py:157} INFO - Started process (PID=371) to work on /home/airflow/.local/lib/python3.7/site-packages/airflow/example_dags/example_short_circuit_decorator.py
[2025-08-15T07:39:44.180+0000] {processor.py:826} INFO - Processing file /home/airflow/.local/lib/python3.7/site-packages/airflow/example_dags/example_short_circuit_decorator.py for tasks to queue
[2025-08-15T07:39:44.181+0000] {logging_mixin.py:149} INFO - [2025-08-15T07:39:44.181+0000] {dagbag.py:541} INFO - Filling up the DagBag from /home/airflow/.local/lib/python3.7/site-packages/airflow/example_dags/example_short_circuit_decorator.py
[2025-08-15T07:39:44.197+0000] {processor.py:836} INFO - DAG(s) dict_keys(['example_short_circuit_decorator']) retrieved from /home/airflow/.local/lib/python3.7/site-packages/airflow/example_dags/example_short_circuit_decorator.py
[2025-08-15T07:39:44.258+0000] {logging_mixin.py:149} INFO - [2025-08-15T07:39:44.258+0000] {dag.py:2726} INFO - Sync 1 DAGs
[2025-08-15T07:39:44.305+0000] {logging_mixin.py:149} INFO - [2025-08-15T07:39:44.305+0000] {dag.py:3490} INFO - Setting next_dagrun for example_short_circuit_decorator to 2025-08-14T07:39:44.305023+00:00, run_after=2025-08-15T07:39:44.305023+00:00
[2025-08-15T07:39:44.338+0000] {processor.py:179} INFO - Processing /home/airflow/.local/lib/python3.7/site-packages/airflow/example_dags/example_short_circuit_decorator.py took 0.165 seconds
[2025-08-15T07:40:14.427+0000] {processor.py:157} INFO - Started process (PID=616) to work on /home/airflow/.local/lib/python3.7/site-packages/airflow/example_dags/example_short_circuit_decorator.py
[2025-08-15T07:40:14.428+0000] {processor.py:826} INFO - Processing file /home/airflow/.local/lib/python3.7/site-packages/airflow/example_dags/example_short_circuit_decorator.py for tasks to queue
[2025-08-15T07:40:14.429+0000] {logging_mixin.py:149} INFO - [2025-08-15T07:40:14.429+0000] {dagbag.py:541} INFO - Filling up the DagBag from /home/airflow/.local/lib/python3.7/site-packages/airflow/example_dags/example_short_circuit_decorator.py
[2025-08-15T07:40:14.440+0000] {processor.py:836} INFO - DAG(s) dict_keys(['example_short_circuit_decorator']) retrieved from /home/airflow/.local/lib/python3.7/site-packages/airflow/example_dags/example_short_circuit_decorator.py
[2025-08-15T07:40:14.468+0000] {logging_mixin.py:149} INFO - [2025-08-15T07:40:14.468+0000] {dag.py:2726} INFO - Sync 1 DAGs
[2025-08-15T07:40:14.497+0000] {logging_mixin.py:149} INFO - [2025-08-15T07:40:14.496+0000] {dag.py:3490} INFO - Setting next_dagrun for example_short_circuit_decorator to 2025-08-14T07:40:14.496723+00:00, run_after=2025-08-15T07:40:14.496723+00:00
[2025-08-15T07:40:14.519+0000] {processor.py:179} INFO - Processing /home/airflow/.local/lib/python3.7/site-packages/airflow/example_dags/example_short_circuit_decorator.py took 0.095 seconds
[2025-08-15T07:40:45.596+0000] {processor.py:157} INFO - Started process (PID=861) to work on /home/airflow/.local/lib/python3.7/site-packages/airflow/example_dags/example_short_circuit_decorator.py
[2025-08-15T07:40:45.597+0000] {processor.py:826} INFO - Processing file /home/airflow/.local/lib/python3.7/site-packages/airflow/example_dags/example_short_circuit_decorator.py for tasks to queue
[2025-08-15T07:40:45.598+0000] {logging_mixin.py:149} INFO - [2025-08-15T07:40:45.598+0000] {dagbag.py:541} INFO - Filling up the DagBag from /home/airflow/.local/lib/python3.7/site-packages/airflow/example_dags/example_short_circuit_decorator.py
[2025-08-15T07:40:45.609+0000] {processor.py:836} INFO - DAG(s) dict_keys(['example_short_circuit_decorator']) retrieved from /home/airflow/.local/lib/python3.7/site-packages/airflow/example_dags/example_short_circuit_decorator.py
[2025-08-15T07:40:45.638+0000] {logging_mixin.py:149} INFO - [2025-08-15T07:40:45.638+0000] {dag.py:2726} INFO - Sync 1 DAGs
[2025-08-15T07:40:45.767+0000] {logging_mixin.py:149} INFO - [2025-08-15T07:40:45.767+0000] {dag.py:3490} INFO - Setting next_dagrun for example_short_circuit_decorator to 2025-08-14T07:40:45.766903+00:00, run_after=2025-08-15T07:40:45.766903+00:00
[2025-08-15T07:40:45.796+0000] {processor.py:179} INFO - Processing /home/airflow/.local/lib/python3.7/site-packages/airflow/example_dags/example_short_circuit_decorator.py took 0.203 seconds
[2025-08-15T07:41:16.446+0000] {processor.py:157} INFO - Started process (PID=1106) to work on /home/airflow/.local/lib/python3.7/site-packages/airflow/example_dags/example_short_circuit_decorator.py
[2025-08-15T07:41:16.448+0000] {processor.py:826} INFO - Processing file /home/airflow/.local/lib/python3.7/site-packages/airflow/example_dags/example_short_circuit_decorator.py for tasks to queue
[2025-08-15T07:41:16.449+0000] {logging_mixin.py:149} INFO - [2025-08-15T07:41:16.448+0000] {dagbag.py:541} INFO - Filling up the DagBag from /home/airflow/.local/lib/python3.7/site-packages/airflow/example_dags/example_short_circuit_decorator.py
[2025-08-15T07:41:16.460+0000] {processor.py:836} INFO - DAG(s) dict_keys(['example_short_circuit_decorator']) retrieved from /home/airflow/.local/lib/python3.7/site-packages/airflow/example_dags/example_short_circuit_decorator.py
[2025-08-15T07:41:16.493+0000] {logging_mixin.py:149} INFO - [2025-08-15T07:41:16.493+0000] {dag.py:2726} INFO - Sync 1 DAGs
[2025-08-15T07:41:16.525+0000] {logging_mixin.py:149} INFO - [2025-08-15T07:41:16.525+0000] {dag.py:3490} INFO - Setting next_dagrun for example_short_circuit_decorator to 2025-08-14T07:41:16.525419+00:00, run_after=2025-08-15T07:41:16.525419+00:00
[2025-08-15T07:41:16.556+0000] {processor.py:179} INFO - Processing /home/airflow/.local/lib/python3.7/site-packages/airflow/example_dags/example_short_circuit_decorator.py took 0.114 seconds
[2025-08-15T07:41:47.028+0000] {processor.py:157} INFO - Started process (PID=1351) to work on /home/airflow/.local/lib/python3.7/site-packages/airflow/example_dags/example_short_circuit_decorator.py
[2025-08-15T07:41:47.029+0000] {processor.py:826} INFO - Processing file /home/airflow/.local/lib/python3.7/site-packages/airflow/example_dags/example_short_circuit_decorator.py for tasks to queue
[2025-08-15T07:41:47.030+0000] {logging_mixin.py:149} INFO - [2025-08-15T07:41:47.030+0000] {dagbag.py:541} INFO - Filling up the DagBag from /home/airflow/.local/lib/python3.7/site-packages/airflow/example_dags/example_short_circuit_decorator.py
[2025-08-15T07:41:47.041+0000] {processor.py:836} INFO - DAG(s) dict_keys(['example_short_circuit_decorator']) retrieved from /home/airflow/.local/lib/python3.7/site-packages/airflow/example_dags/example_short_circuit_decorator.py
[2025-08-15T07:41:47.071+0000] {logging_mixin.py:149} INFO - [2025-08-15T07:41:47.071+0000] {dag.py:2726} INFO - Sync 1 DAGs
[2025-08-15T07:41:47.100+0000] {logging_mixin.py:149} INFO - [2025-08-15T07:41:47.099+0000] {dag.py:3490} INFO - Setting next_dagrun for example_short_circuit_decorator to 2025-08-14T07:41:47.099657+00:00, run_after=2025-08-15T07:41:47.099657+00:00
[2025-08-15T07:41:47.122+0000] {processor.py:179} INFO - Processing /home/airflow/.local/lib/python3.7/site-packages/airflow/example_dags/example_short_circuit_decorator.py took 0.097 seconds
[2025-08-15T07:42:17.397+0000] {processor.py:157} INFO - Started process (PID=1596) to work on /home/airflow/.local/lib/python3.7/site-packages/airflow/example_dags/example_short_circuit_decorator.py
[2025-08-15T07:42:17.398+0000] {processor.py:826} INFO - Processing file /home/airflow/.local/lib/python3.7/site-packages/airflow/example_dags/example_short_circuit_decorator.py for tasks to queue
[2025-08-15T07:42:17.399+0000] {logging_mixin.py:149} INFO - [2025-08-15T07:42:17.399+0000] {dagbag.py:541} INFO - Filling up the DagBag from /home/airflow/.local/lib/python3.7/site-packages/airflow/example_dags/example_short_circuit_decorator.py
[2025-08-15T07:42:17.410+0000] {processor.py:836} INFO - DAG(s) dict_keys(['example_short_circuit_decorator']) retrieved from /home/airflow/.local/lib/python3.7/site-packages/airflow/example_dags/example_short_circuit_decorator.py
[2025-08-15T07:42:17.441+0000] {logging_mixin.py:149} INFO - [2025-08-15T07:42:17.440+0000] {dag.py:2726} INFO - Sync 1 DAGs
[2025-08-15T07:42:17.469+0000] {logging_mixin.py:149} INFO - [2025-08-15T07:42:17.469+0000] {dag.py:3490} INFO - Setting next_dagrun for example_short_circuit_decorator to 2025-08-14T07:42:17.468835+00:00, run_after=2025-08-15T07:42:17.468835+00:00
[2025-08-15T07:42:17.489+0000] {processor.py:179} INFO - Processing /home/airflow/.local/lib/python3.7/site-packages/airflow/example_dags/example_short_circuit_decorator.py took 0.096 seconds
[2025-08-15T07:42:47.706+0000] {processor.py:157} INFO - Started process (PID=1841) to work on /home/airflow/.local/lib/python3.7/site-packages/airflow/example_dags/example_short_circuit_decorator.py
[2025-08-15T07:42:47.707+0000] {processor.py:826} INFO - Processing file /home/airflow/.local/lib/python3.7/site-packages/airflow/example_dags/example_short_circuit_decorator.py for tasks to queue
[2025-08-15T07:42:47.708+0000] {logging_mixin.py:149} INFO - [2025-08-15T07:42:47.708+0000] {dagbag.py:541} INFO - Filling up the DagBag from /home/airflow/.local/lib/python3.7/site-packages/airflow/example_dags/example_short_circuit_decorator.py
[2025-08-15T07:42:47.719+0000] {processor.py:836} INFO - DAG(s) dict_keys(['example_short_circuit_decorator']) retrieved from /home/airflow/.local/lib/python3.7/site-packages/airflow/example_dags/example_short_circuit_decorator.py
[2025-08-15T07:42:47.749+0000] {logging_mixin.py:149} INFO - [2025-08-15T07:42:47.748+0000] {dag.py:2726} INFO - Sync 1 DAGs
[2025-08-15T07:42:47.777+0000] {logging_mixin.py:149} INFO - [2025-08-15T07:42:47.777+0000] {dag.py:3490} INFO - Setting next_dagrun for example_short_circuit_decorator to 2025-08-14T07:42:47.777222+00:00, run_after=2025-08-15T07:42:47.777222+00:00
[2025-08-15T07:42:47.798+0000] {processor.py:179} INFO - Processing /home/airflow/.local/lib/python3.7/site-packages/airflow/example_dags/example_short_circuit_decorator.py took 0.095 seconds
[2025-08-15T07:43:18.209+0000] {processor.py:157} INFO - Started process (PID=2086) to work on /home/airflow/.local/lib/python3.7/site-packages/airflow/example_dags/example_short_circuit_decorator.py
[2025-08-15T07:43:18.210+0000] {processor.py:826} INFO - Processing file /home/airflow/.local/lib/python3.7/site-packages/airflow/example_dags/example_short_circuit_decorator.py for tasks to queue
[2025-08-15T07:43:18.211+0000] {logging_mixin.py:149} INFO - [2025-08-15T07:43:18.211+0000] {dagbag.py:541} INFO - Filling up the DagBag from /home/airflow/.local/lib/python3.7/site-packages/airflow/example_dags/example_short_circuit_decorator.py
[2025-08-15T07:43:18.222+0000] {processor.py:836} INFO - DAG(s) dict_keys(['example_short_circuit_decorator']) retrieved from /home/airflow/.local/lib/python3.7/site-packages/airflow/example_dags/example_short_circuit_decorator.py
[2025-08-15T07:43:18.253+0000] {logging_mixin.py:149} INFO - [2025-08-15T07:43:18.252+0000] {dag.py:2726} INFO - Sync 1 DAGs
[2025-08-15T07:43:18.284+0000] {logging_mixin.py:149} INFO - [2025-08-15T07:43:18.284+0000] {dag.py:3490} INFO - Setting next_dagrun for example_short_circuit_decorator to 2025-08-14T07:43:18.283891+00:00, run_after=2025-08-15T07:43:18.283891+00:00
[2025-08-15T07:43:18.308+0000] {processor.py:179} INFO - Processing /home/airflow/.local/lib/python3.7/site-packages/airflow/example_dags/example_short_circuit_decorator.py took 0.103 seconds
[2025-08-15T07:43:48.485+0000] {processor.py:157} INFO - Started process (PID=2331) to work on /home/airflow/.local/lib/python3.7/site-packages/airflow/example_dags/example_short_circuit_decorator.py
[2025-08-15T07:43:48.486+0000] {processor.py:826} INFO - Processing file /home/airflow/.local/lib/python3.7/site-packages/airflow/example_dags/example_short_circuit_decorator.py for tasks to queue
[2025-08-15T07:43:48.486+0000] {logging_mixin.py:149} INFO - [2025-08-15T07:43:48.486+0000] {dagbag.py:541} INFO - Filling up the DagBag from /home/airflow/.local/lib/python3.7/site-packages/airflow/example_dags/example_short_circuit_decorator.py
[2025-08-15T07:43:48.498+0000] {processor.py:836} INFO - DAG(s) dict_keys(['example_short_circuit_decorator']) retrieved from /home/airflow/.local/lib/python3.7/site-packages/airflow/example_dags/example_short_circuit_decorator.py
[2025-08-15T07:43:48.528+0000] {logging_mixin.py:149} INFO - [2025-08-15T07:43:48.528+0000] {dag.py:2726} INFO - Sync 1 DAGs
[2025-08-15T07:43:48.555+0000] {logging_mixin.py:149} INFO - [2025-08-15T07:43:48.555+0000] {dag.py:3490} INFO - Setting next_dagrun for example_short_circuit_decorator to 2025-08-14T07:43:48.555301+00:00, run_after=2025-08-15T07:43:48.555301+00:00
[2025-08-15T07:43:48.576+0000] {processor.py:179} INFO - Processing /home/airflow/.local/lib/python3.7/site-packages/airflow/example_dags/example_short_circuit_decorator.py took 0.095 seconds
[2025-08-15T07:44:18.852+0000] {processor.py:157} INFO - Started process (PID=2578) to work on /home/airflow/.local/lib/python3.7/site-packages/airflow/example_dags/example_short_circuit_decorator.py
[2025-08-15T07:44:18.853+0000] {processor.py:826} INFO - Processing file /home/airflow/.local/lib/python3.7/site-packages/airflow/example_dags/example_short_circuit_decorator.py for tasks to queue
[2025-08-15T07:44:18.854+0000] {logging_mixin.py:149} INFO - [2025-08-15T07:44:18.854+0000] {dagbag.py:541} INFO - Filling up the DagBag from /home/airflow/.local/lib/python3.7/site-packages/airflow/example_dags/example_short_circuit_decorator.py
[2025-08-15T07:44:18.865+0000] {processor.py:836} INFO - DAG(s) dict_keys(['example_short_circuit_decorator']) retrieved from /home/airflow/.local/lib/python3.7/site-packages/airflow/example_dags/example_short_circuit_decorator.py
[2025-08-15T07:44:18.894+0000] {logging_mixin.py:149} INFO - [2025-08-15T07:44:18.894+0000] {dag.py:2726} INFO - Sync 1 DAGs
[2025-08-15T07:44:18.922+0000] {logging_mixin.py:149} INFO - [2025-08-15T07:44:18.922+0000] {dag.py:3490} INFO - Setting next_dagrun for example_short_circuit_decorator to 2025-08-14T07:44:18.922032+00:00, run_after=2025-08-15T07:44:18.922032+00:00
[2025-08-15T07:44:18.943+0000] {processor.py:179} INFO - Processing /home/airflow/.local/lib/python3.7/site-packages/airflow/example_dags/example_short_circuit_decorator.py took 0.095 seconds
[2025-08-15T07:44:49.211+0000] {processor.py:157} INFO - Started process (PID=2821) to work on /home/airflow/.local/lib/python3.7/site-packages/airflow/example_dags/example_short_circuit_decorator.py
[2025-08-15T07:44:49.212+0000] {processor.py:826} INFO - Processing file /home/airflow/.local/lib/python3.7/site-packages/airflow/example_dags/example_short_circuit_decorator.py for tasks to queue
[2025-08-15T07:44:49.213+0000] {logging_mixin.py:149} INFO - [2025-08-15T07:44:49.213+0000] {dagbag.py:541} INFO - Filling up the DagBag from /home/airflow/.local/lib/python3.7/site-packages/airflow/example_dags/example_short_circuit_decorator.py
[2025-08-15T07:44:49.224+0000] {processor.py:836} INFO - DAG(s) dict_keys(['example_short_circuit_decorator']) retrieved from /home/airflow/.local/lib/python3.7/site-packages/airflow/example_dags/example_short_circuit_decorator.py
[2025-08-15T07:44:49.255+0000] {logging_mixin.py:149} INFO - [2025-08-15T07:44:49.255+0000] {dag.py:2726} INFO - Sync 1 DAGs
[2025-08-15T07:44:49.287+0000] {logging_mixin.py:149} INFO - [2025-08-15T07:44:49.287+0000] {dag.py:3490} INFO - Setting next_dagrun for example_short_circuit_decorator to 2025-08-14T07:44:49.287450+00:00, run_after=2025-08-15T07:44:49.287450+00:00
[2025-08-15T07:44:49.310+0000] {processor.py:179} INFO - Processing /home/airflow/.local/lib/python3.7/site-packages/airflow/example_dags/example_short_circuit_decorator.py took 0.103 seconds
[2025-08-15T07:45:19.681+0000] {processor.py:157} INFO - Started process (PID=3066) to work on /home/airflow/.local/lib/python3.7/site-packages/airflow/example_dags/example_short_circuit_decorator.py
[2025-08-15T07:45:19.682+0000] {processor.py:826} INFO - Processing file /home/airflow/.local/lib/python3.7/site-packages/airflow/example_dags/example_short_circuit_decorator.py for tasks to queue
[2025-08-15T07:45:19.683+0000] {logging_mixin.py:149} INFO - [2025-08-15T07:45:19.683+0000] {dagbag.py:541} INFO - Filling up the DagBag from /home/airflow/.local/lib/python3.7/site-packages/airflow/example_dags/example_short_circuit_decorator.py
[2025-08-15T07:45:19.697+0000] {processor.py:836} INFO - DAG(s) dict_keys(['example_short_circuit_decorator']) retrieved from /home/airflow/.local/lib/python3.7/site-packages/airflow/example_dags/example_short_circuit_decorator.py
[2025-08-15T07:45:19.726+0000] {logging_mixin.py:149} INFO - [2025-08-15T07:45:19.726+0000] {dag.py:2726} INFO - Sync 1 DAGs
[2025-08-15T07:45:19.753+0000] {logging_mixin.py:149} INFO - [2025-08-15T07:45:19.753+0000] {dag.py:3490} INFO - Setting next_dagrun for example_short_circuit_decorator to 2025-08-14T07:45:19.753202+00:00, run_after=2025-08-15T07:45:19.753202+00:00
[2025-08-15T07:45:19.776+0000] {processor.py:179} INFO - Processing /home/airflow/.local/lib/python3.7/site-packages/airflow/example_dags/example_short_circuit_decorator.py took 0.099 seconds
[2025-08-15T07:45:50.029+0000] {processor.py:157} INFO - Started process (PID=3311) to work on /home/airflow/.local/lib/python3.7/site-packages/airflow/example_dags/example_short_circuit_decorator.py
[2025-08-15T07:45:50.031+0000] {processor.py:826} INFO - Processing file /home/airflow/.local/lib/python3.7/site-packages/airflow/example_dags/example_short_circuit_decorator.py for tasks to queue
[2025-08-15T07:45:50.032+0000] {logging_mixin.py:149} INFO - [2025-08-15T07:45:50.031+0000] {dagbag.py:541} INFO - Filling up the DagBag from /home/airflow/.local/lib/python3.7/site-packages/airflow/example_dags/example_short_circuit_decorator.py
[2025-08-15T07:45:50.044+0000] {processor.py:836} INFO - DAG(s) dict_keys(['example_short_circuit_decorator']) retrieved from /home/airflow/.local/lib/python3.7/site-packages/airflow/example_dags/example_short_circuit_decorator.py
[2025-08-15T07:45:50.075+0000] {logging_mixin.py:149} INFO - [2025-08-15T07:45:50.075+0000] {dag.py:2726} INFO - Sync 1 DAGs
[2025-08-15T07:45:50.102+0000] {logging_mixin.py:149} INFO - [2025-08-15T07:45:50.102+0000] {dag.py:3490} INFO - Setting next_dagrun for example_short_circuit_decorator to 2025-08-14T07:45:50.102567+00:00, run_after=2025-08-15T07:45:50.102567+00:00
[2025-08-15T07:45:50.128+0000] {processor.py:179} INFO - Processing /home/airflow/.local/lib/python3.7/site-packages/airflow/example_dags/example_short_circuit_decorator.py took 0.103 seconds
[2025-08-15T07:46:20.164+0000] {processor.py:157} INFO - Started process (PID=3553) to work on /home/airflow/.local/lib/python3.7/site-packages/airflow/example_dags/example_short_circuit_decorator.py
[2025-08-15T07:46:20.165+0000] {processor.py:826} INFO - Processing file /home/airflow/.local/lib/python3.7/site-packages/airflow/example_dags/example_short_circuit_decorator.py for tasks to queue
[2025-08-15T07:46:20.166+0000] {logging_mixin.py:149} INFO - [2025-08-15T07:46:20.166+0000] {dagbag.py:541} INFO - Filling up the DagBag from /home/airflow/.local/lib/python3.7/site-packages/airflow/example_dags/example_short_circuit_decorator.py
[2025-08-15T07:46:20.177+0000] {processor.py:836} INFO - DAG(s) dict_keys(['example_short_circuit_decorator']) retrieved from /home/airflow/.local/lib/python3.7/site-packages/airflow/example_dags/example_short_circuit_decorator.py
[2025-08-15T07:46:20.206+0000] {logging_mixin.py:149} INFO - [2025-08-15T07:46:20.206+0000] {dag.py:2726} INFO - Sync 1 DAGs
[2025-08-15T07:46:20.235+0000] {logging_mixin.py:149} INFO - [2025-08-15T07:46:20.235+0000] {dag.py:3490} INFO - Setting next_dagrun for example_short_circuit_decorator to 2025-08-14T07:46:20.234888+00:00, run_after=2025-08-15T07:46:20.234888+00:00
[2025-08-15T07:46:20.259+0000] {processor.py:179} INFO - Processing /home/airflow/.local/lib/python3.7/site-packages/airflow/example_dags/example_short_circuit_decorator.py took 0.098 seconds
[2025-08-15T07:46:50.399+0000] {processor.py:157} INFO - Started process (PID=3796) to work on /home/airflow/.local/lib/python3.7/site-packages/airflow/example_dags/example_short_circuit_decorator.py
[2025-08-15T07:46:50.400+0000] {processor.py:826} INFO - Processing file /home/airflow/.local/lib/python3.7/site-packages/airflow/example_dags/example_short_circuit_decorator.py for tasks to queue
[2025-08-15T07:46:50.402+0000] {logging_mixin.py:149} INFO - [2025-08-15T07:46:50.402+0000] {dagbag.py:541} INFO - Filling up the DagBag from /home/airflow/.local/lib/python3.7/site-packages/airflow/example_dags/example_short_circuit_decorator.py
[2025-08-15T07:46:50.413+0000] {processor.py:836} INFO - DAG(s) dict_keys(['example_short_circuit_decorator']) retrieved from /home/airflow/.local/lib/python3.7/site-packages/airflow/example_dags/example_short_circuit_decorator.py
[2025-08-15T07:46:50.445+0000] {logging_mixin.py:149} INFO - [2025-08-15T07:46:50.444+0000] {dag.py:2726} INFO - Sync 1 DAGs
[2025-08-15T07:46:50.473+0000] {logging_mixin.py:149} INFO - [2025-08-15T07:46:50.473+0000] {dag.py:3490} INFO - Setting next_dagrun for example_short_circuit_decorator to 2025-08-14T07:46:50.473101+00:00, run_after=2025-08-15T07:46:50.473101+00:00
[2025-08-15T07:46:50.495+0000] {processor.py:179} INFO - Processing /home/airflow/.local/lib/python3.7/site-packages/airflow/example_dags/example_short_circuit_decorator.py took 0.099 seconds
[2025-08-15T07:47:20.758+0000] {processor.py:157} INFO - Started process (PID=4041) to work on /home/airflow/.local/lib/python3.7/site-packages/airflow/example_dags/example_short_circuit_decorator.py
[2025-08-15T07:47:20.760+0000] {processor.py:826} INFO - Processing file /home/airflow/.local/lib/python3.7/site-packages/airflow/example_dags/example_short_circuit_decorator.py for tasks to queue
[2025-08-15T07:47:20.762+0000] {logging_mixin.py:149} INFO - [2025-08-15T07:47:20.761+0000] {dagbag.py:541} INFO - Filling up the DagBag from /home/airflow/.local/lib/python3.7/site-packages/airflow/example_dags/example_short_circuit_decorator.py
[2025-08-15T07:47:20.788+0000] {processor.py:836} INFO - DAG(s) dict_keys(['example_short_circuit_decorator']) retrieved from /home/airflow/.local/lib/python3.7/site-packages/airflow/example_dags/example_short_circuit_decorator.py
[2025-08-15T07:47:20.819+0000] {logging_mixin.py:149} INFO - [2025-08-15T07:47:20.819+0000] {dag.py:2726} INFO - Sync 1 DAGs
[2025-08-15T07:47:20.847+0000] {logging_mixin.py:149} INFO - [2025-08-15T07:47:20.847+0000] {dag.py:3490} INFO - Setting next_dagrun for example_short_circuit_decorator to 2025-08-14T07:47:20.847308+00:00, run_after=2025-08-15T07:47:20.847308+00:00
[2025-08-15T07:47:20.872+0000] {processor.py:179} INFO - Processing /home/airflow/.local/lib/python3.7/site-packages/airflow/example_dags/example_short_circuit_decorator.py took 0.119 seconds
[2025-08-15T07:47:51.173+0000] {processor.py:157} INFO - Started process (PID=4286) to work on /home/airflow/.local/lib/python3.7/site-packages/airflow/example_dags/example_short_circuit_decorator.py
[2025-08-15T07:47:51.174+0000] {processor.py:826} INFO - Processing file /home/airflow/.local/lib/python3.7/site-packages/airflow/example_dags/example_short_circuit_decorator.py for tasks to queue
[2025-08-15T07:47:51.175+0000] {logging_mixin.py:149} INFO - [2025-08-15T07:47:51.175+0000] {dagbag.py:541} INFO - Filling up the DagBag from /home/airflow/.local/lib/python3.7/site-packages/airflow/example_dags/example_short_circuit_decorator.py
[2025-08-15T07:47:51.186+0000] {processor.py:836} INFO - DAG(s) dict_keys(['example_short_circuit_decorator']) retrieved from /home/airflow/.local/lib/python3.7/site-packages/airflow/example_dags/example_short_circuit_decorator.py
[2025-08-15T07:47:51.216+0000] {logging_mixin.py:149} INFO - [2025-08-15T07:47:51.216+0000] {dag.py:2726} INFO - Sync 1 DAGs
[2025-08-15T07:47:51.249+0000] {logging_mixin.py:149} INFO - [2025-08-15T07:47:51.249+0000] {dag.py:3490} INFO - Setting next_dagrun for example_short_circuit_decorator to 2025-08-14T07:47:51.249359+00:00, run_after=2025-08-15T07:47:51.249359+00:00
[2025-08-15T07:47:51.272+0000] {processor.py:179} INFO - Processing /home/airflow/.local/lib/python3.7/site-packages/airflow/example_dags/example_short_circuit_decorator.py took 0.103 seconds
[2025-08-15T07:48:21.705+0000] {processor.py:157} INFO - Started process (PID=4533) to work on /home/airflow/.local/lib/python3.7/site-packages/airflow/example_dags/example_short_circuit_decorator.py
[2025-08-15T07:48:21.706+0000] {processor.py:826} INFO - Processing file /home/airflow/.local/lib/python3.7/site-packages/airflow/example_dags/example_short_circuit_decorator.py for tasks to queue
[2025-08-15T07:48:21.706+0000] {logging_mixin.py:149} INFO - [2025-08-15T07:48:21.706+0000] {dagbag.py:541} INFO - Filling up the DagBag from /home/airflow/.local/lib/python3.7/site-packages/airflow/example_dags/example_short_circuit_decorator.py
[2025-08-15T07:48:21.716+0000] {processor.py:836} INFO - DAG(s) dict_keys(['example_short_circuit_decorator']) retrieved from /home/airflow/.local/lib/python3.7/site-packages/airflow/example_dags/example_short_circuit_decorator.py
[2025-08-15T07:48:21.747+0000] {logging_mixin.py:149} INFO - [2025-08-15T07:48:21.747+0000] {dag.py:2726} INFO - Sync 1 DAGs
[2025-08-15T07:48:21.778+0000] {logging_mixin.py:149} INFO - [2025-08-15T07:48:21.778+0000] {dag.py:3490} INFO - Setting next_dagrun for example_short_circuit_decorator to 2025-08-14T07:48:21.778498+00:00, run_after=2025-08-15T07:48:21.778498+00:00
[2025-08-15T07:48:21.799+0000] {processor.py:179} INFO - Processing /home/airflow/.local/lib/python3.7/site-packages/airflow/example_dags/example_short_circuit_decorator.py took 0.098 seconds
[2025-08-15T07:48:52.136+0000] {processor.py:157} INFO - Started process (PID=4778) to work on /home/airflow/.local/lib/python3.7/site-packages/airflow/example_dags/example_short_circuit_decorator.py
[2025-08-15T07:48:52.137+0000] {processor.py:826} INFO - Processing file /home/airflow/.local/lib/python3.7/site-packages/airflow/example_dags/example_short_circuit_decorator.py for tasks to queue
[2025-08-15T07:48:52.138+0000] {logging_mixin.py:149} INFO - [2025-08-15T07:48:52.138+0000] {dagbag.py:541} INFO - Filling up the DagBag from /home/airflow/.local/lib/python3.7/site-packages/airflow/example_dags/example_short_circuit_decorator.py
[2025-08-15T07:48:52.148+0000] {processor.py:836} INFO - DAG(s) dict_keys(['example_short_circuit_decorator']) retrieved from /home/airflow/.local/lib/python3.7/site-packages/airflow/example_dags/example_short_circuit_decorator.py
[2025-08-15T07:48:52.178+0000] {logging_mixin.py:149} INFO - [2025-08-15T07:48:52.177+0000] {dag.py:2726} INFO - Sync 1 DAGs
[2025-08-15T07:48:52.206+0000] {logging_mixin.py:149} INFO - [2025-08-15T07:48:52.206+0000] {dag.py:3490} INFO - Setting next_dagrun for example_short_circuit_decorator to 2025-08-14T07:48:52.206115+00:00, run_after=2025-08-15T07:48:52.206115+00:00
[2025-08-15T07:48:52.226+0000] {processor.py:179} INFO - Processing /home/airflow/.local/lib/python3.7/site-packages/airflow/example_dags/example_short_circuit_decorator.py took 0.094 seconds
[2025-08-15T07:49:22.610+0000] {processor.py:157} INFO - Started process (PID=5021) to work on /home/airflow/.local/lib/python3.7/site-packages/airflow/example_dags/example_short_circuit_decorator.py
[2025-08-15T07:49:22.611+0000] {processor.py:826} INFO - Processing file /home/airflow/.local/lib/python3.7/site-packages/airflow/example_dags/example_short_circuit_decorator.py for tasks to queue
[2025-08-15T07:49:22.612+0000] {logging_mixin.py:149} INFO - [2025-08-15T07:49:22.612+0000] {dagbag.py:541} INFO - Filling up the DagBag from /home/airflow/.local/lib/python3.7/site-packages/airflow/example_dags/example_short_circuit_decorator.py
[2025-08-15T07:49:22.623+0000] {processor.py:836} INFO - DAG(s) dict_keys(['example_short_circuit_decorator']) retrieved from /home/airflow/.local/lib/python3.7/site-packages/airflow/example_dags/example_short_circuit_decorator.py
[2025-08-15T07:49:22.656+0000] {logging_mixin.py:149} INFO - [2025-08-15T07:49:22.656+0000] {dag.py:2726} INFO - Sync 1 DAGs
[2025-08-15T07:49:22.686+0000] {logging_mixin.py:149} INFO - [2025-08-15T07:49:22.686+0000] {dag.py:3490} INFO - Setting next_dagrun for example_short_circuit_decorator to 2025-08-14T07:49:22.686098+00:00, run_after=2025-08-15T07:49:22.686098+00:00
[2025-08-15T07:49:22.707+0000] {processor.py:179} INFO - Processing /home/airflow/.local/lib/python3.7/site-packages/airflow/example_dags/example_short_circuit_decorator.py took 0.101 seconds
[2025-08-15T07:49:53.056+0000] {processor.py:157} INFO - Started process (PID=5266) to work on /home/airflow/.local/lib/python3.7/site-packages/airflow/example_dags/example_short_circuit_decorator.py
[2025-08-15T07:49:53.058+0000] {processor.py:826} INFO - Processing file /home/airflow/.local/lib/python3.7/site-packages/airflow/example_dags/example_short_circuit_decorator.py for tasks to queue
[2025-08-15T07:49:53.059+0000] {logging_mixin.py:149} INFO - [2025-08-15T07:49:53.059+0000] {dagbag.py:541} INFO - Filling up the DagBag from /home/airflow/.local/lib/python3.7/site-packages/airflow/example_dags/example_short_circuit_decorator.py
[2025-08-15T07:49:53.070+0000] {processor.py:836} INFO - DAG(s) dict_keys(['example_short_circuit_decorator']) retrieved from /home/airflow/.local/lib/python3.7/site-packages/airflow/example_dags/example_short_circuit_decorator.py
[2025-08-15T07:49:53.099+0000] {logging_mixin.py:149} INFO - [2025-08-15T07:49:53.099+0000] {dag.py:2726} INFO - Sync 1 DAGs
[2025-08-15T07:49:53.130+0000] {logging_mixin.py:149} INFO - [2025-08-15T07:49:53.130+0000] {dag.py:3490} INFO - Setting next_dagrun for example_short_circuit_decorator to 2025-08-14T07:49:53.130349+00:00, run_after=2025-08-15T07:49:53.130349+00:00
[2025-08-15T07:49:53.158+0000] {processor.py:179} INFO - Processing /home/airflow/.local/lib/python3.7/site-packages/airflow/example_dags/example_short_circuit_decorator.py took 0.105 seconds
[2025-08-15T07:50:23.411+0000] {processor.py:157} INFO - Started process (PID=5511) to work on /home/airflow/.local/lib/python3.7/site-packages/airflow/example_dags/example_short_circuit_decorator.py
[2025-08-15T07:50:23.412+0000] {processor.py:826} INFO - Processing file /home/airflow/.local/lib/python3.7/site-packages/airflow/example_dags/example_short_circuit_decorator.py for tasks to queue
[2025-08-15T07:50:23.413+0000] {logging_mixin.py:149} INFO - [2025-08-15T07:50:23.413+0000] {dagbag.py:541} INFO - Filling up the DagBag from /home/airflow/.local/lib/python3.7/site-packages/airflow/example_dags/example_short_circuit_decorator.py
[2025-08-15T07:50:23.425+0000] {processor.py:836} INFO - DAG(s) dict_keys(['example_short_circuit_decorator']) retrieved from /home/airflow/.local/lib/python3.7/site-packages/airflow/example_dags/example_short_circuit_decorator.py
[2025-08-15T07:50:23.455+0000] {logging_mixin.py:149} INFO - [2025-08-15T07:50:23.455+0000] {dag.py:2726} INFO - Sync 1 DAGs
[2025-08-15T07:50:23.483+0000] {logging_mixin.py:149} INFO - [2025-08-15T07:50:23.483+0000] {dag.py:3490} INFO - Setting next_dagrun for example_short_circuit_decorator to 2025-08-14T07:50:23.483559+00:00, run_after=2025-08-15T07:50:23.483559+00:00
[2025-08-15T07:50:23.506+0000] {processor.py:179} INFO - Processing /home/airflow/.local/lib/python3.7/site-packages/airflow/example_dags/example_short_circuit_decorator.py took 0.102 seconds
[2025-08-15T07:50:53.894+0000] {processor.py:157} INFO - Started process (PID=5758) to work on /home/airflow/.local/lib/python3.7/site-packages/airflow/example_dags/example_short_circuit_decorator.py
[2025-08-15T07:50:53.895+0000] {processor.py:826} INFO - Processing file /home/airflow/.local/lib/python3.7/site-packages/airflow/example_dags/example_short_circuit_decorator.py for tasks to queue
[2025-08-15T07:50:53.896+0000] {logging_mixin.py:149} INFO - [2025-08-15T07:50:53.896+0000] {dagbag.py:541} INFO - Filling up the DagBag from /home/airflow/.local/lib/python3.7/site-packages/airflow/example_dags/example_short_circuit_decorator.py
[2025-08-15T07:50:53.907+0000] {processor.py:836} INFO - DAG(s) dict_keys(['example_short_circuit_decorator']) retrieved from /home/airflow/.local/lib/python3.7/site-packages/airflow/example_dags/example_short_circuit_decorator.py
[2025-08-15T07:50:53.939+0000] {logging_mixin.py:149} INFO - [2025-08-15T07:50:53.939+0000] {dag.py:2726} INFO - Sync 1 DAGs
[2025-08-15T07:50:53.967+0000] {logging_mixin.py:149} INFO - [2025-08-15T07:50:53.966+0000] {dag.py:3490} INFO - Setting next_dagrun for example_short_circuit_decorator to 2025-08-14T07:50:53.966560+00:00, run_after=2025-08-15T07:50:53.966560+00:00
[2025-08-15T07:50:53.990+0000] {processor.py:179} INFO - Processing /home/airflow/.local/lib/python3.7/site-packages/airflow/example_dags/example_short_circuit_decorator.py took 0.099 seconds
[2025-08-15T07:51:24.231+0000] {processor.py:157} INFO - Started process (PID=6001) to work on /home/airflow/.local/lib/python3.7/site-packages/airflow/example_dags/example_short_circuit_decorator.py
[2025-08-15T07:51:24.232+0000] {processor.py:826} INFO - Processing file /home/airflow/.local/lib/python3.7/site-packages/airflow/example_dags/example_short_circuit_decorator.py for tasks to queue
[2025-08-15T07:51:24.233+0000] {logging_mixin.py:149} INFO - [2025-08-15T07:51:24.233+0000] {dagbag.py:541} INFO - Filling up the DagBag from /home/airflow/.local/lib/python3.7/site-packages/airflow/example_dags/example_short_circuit_decorator.py
[2025-08-15T07:51:24.244+0000] {processor.py:836} INFO - DAG(s) dict_keys(['example_short_circuit_decorator']) retrieved from /home/airflow/.local/lib/python3.7/site-packages/airflow/example_dags/example_short_circuit_decorator.py
[2025-08-15T07:51:24.274+0000] {logging_mixin.py:149} INFO - [2025-08-15T07:51:24.274+0000] {dag.py:2726} INFO - Sync 1 DAGs
[2025-08-15T07:51:24.303+0000] {logging_mixin.py:149} INFO - [2025-08-15T07:51:24.303+0000] {dag.py:3490} INFO - Setting next_dagrun for example_short_circuit_decorator to 2025-08-14T07:51:24.303010+00:00, run_after=2025-08-15T07:51:24.303010+00:00
[2025-08-15T07:51:24.324+0000] {processor.py:179} INFO - Processing /home/airflow/.local/lib/python3.7/site-packages/airflow/example_dags/example_short_circuit_decorator.py took 0.097 seconds
[2025-08-15T07:51:54.609+0000] {processor.py:157} INFO - Started process (PID=6246) to work on /home/airflow/.local/lib/python3.7/site-packages/airflow/example_dags/example_short_circuit_decorator.py
[2025-08-15T07:51:54.610+0000] {processor.py:826} INFO - Processing file /home/airflow/.local/lib/python3.7/site-packages/airflow/example_dags/example_short_circuit_decorator.py for tasks to queue
[2025-08-15T07:51:54.611+0000] {logging_mixin.py:149} INFO - [2025-08-15T07:51:54.611+0000] {dagbag.py:541} INFO - Filling up the DagBag from /home/airflow/.local/lib/python3.7/site-packages/airflow/example_dags/example_short_circuit_decorator.py
[2025-08-15T07:51:54.624+0000] {processor.py:836} INFO - DAG(s) dict_keys(['example_short_circuit_decorator']) retrieved from /home/airflow/.local/lib/python3.7/site-packages/airflow/example_dags/example_short_circuit_decorator.py
[2025-08-15T07:51:54.656+0000] {logging_mixin.py:149} INFO - [2025-08-15T07:51:54.656+0000] {dag.py:2726} INFO - Sync 1 DAGs
[2025-08-15T07:51:54.684+0000] {logging_mixin.py:149} INFO - [2025-08-15T07:51:54.684+0000] {dag.py:3490} INFO - Setting next_dagrun for example_short_circuit_decorator to 2025-08-14T07:51:54.684286+00:00, run_after=2025-08-15T07:51:54.684286+00:00
[2025-08-15T07:51:54.707+0000] {processor.py:179} INFO - Processing /home/airflow/.local/lib/python3.7/site-packages/airflow/example_dags/example_short_circuit_decorator.py took 0.102 seconds
[2025-08-15T07:52:25.127+0000] {processor.py:157} INFO - Started process (PID=6493) to work on /home/airflow/.local/lib/python3.7/site-packages/airflow/example_dags/example_short_circuit_decorator.py
[2025-08-15T07:52:25.128+0000] {processor.py:826} INFO - Processing file /home/airflow/.local/lib/python3.7/site-packages/airflow/example_dags/example_short_circuit_decorator.py for tasks to queue
[2025-08-15T07:52:25.128+0000] {logging_mixin.py:149} INFO - [2025-08-15T07:52:25.128+0000] {dagbag.py:541} INFO - Filling up the DagBag from /home/airflow/.local/lib/python3.7/site-packages/airflow/example_dags/example_short_circuit_decorator.py
[2025-08-15T07:52:25.139+0000] {processor.py:836} INFO - DAG(s) dict_keys(['example_short_circuit_decorator']) retrieved from /home/airflow/.local/lib/python3.7/site-packages/airflow/example_dags/example_short_circuit_decorator.py
[2025-08-15T07:52:25.169+0000] {logging_mixin.py:149} INFO - [2025-08-15T07:52:25.169+0000] {dag.py:2726} INFO - Sync 1 DAGs
[2025-08-15T07:52:25.199+0000] {logging_mixin.py:149} INFO - [2025-08-15T07:52:25.199+0000] {dag.py:3490} INFO - Setting next_dagrun for example_short_circuit_decorator to 2025-08-14T07:52:25.199128+00:00, run_after=2025-08-15T07:52:25.199128+00:00
[2025-08-15T07:52:25.221+0000] {processor.py:179} INFO - Processing /home/airflow/.local/lib/python3.7/site-packages/airflow/example_dags/example_short_circuit_decorator.py took 0.098 seconds
[2025-08-15T07:52:55.430+0000] {processor.py:157} INFO - Started process (PID=6736) to work on /home/airflow/.local/lib/python3.7/site-packages/airflow/example_dags/example_short_circuit_decorator.py
[2025-08-15T07:52:55.431+0000] {processor.py:826} INFO - Processing file /home/airflow/.local/lib/python3.7/site-packages/airflow/example_dags/example_short_circuit_decorator.py for tasks to queue
[2025-08-15T07:52:55.432+0000] {logging_mixin.py:149} INFO - [2025-08-15T07:52:55.432+0000] {dagbag.py:541} INFO - Filling up the DagBag from /home/airflow/.local/lib/python3.7/site-packages/airflow/example_dags/example_short_circuit_decorator.py
[2025-08-15T07:52:55.442+0000] {processor.py:836} INFO - DAG(s) dict_keys(['example_short_circuit_decorator']) retrieved from /home/airflow/.local/lib/python3.7/site-packages/airflow/example_dags/example_short_circuit_decorator.py
[2025-08-15T07:52:55.477+0000] {logging_mixin.py:149} INFO - [2025-08-15T07:52:55.477+0000] {dag.py:2726} INFO - Sync 1 DAGs
[2025-08-15T07:52:55.506+0000] {logging_mixin.py:149} INFO - [2025-08-15T07:52:55.506+0000] {dag.py:3490} INFO - Setting next_dagrun for example_short_circuit_decorator to 2025-08-14T07:52:55.505788+00:00, run_after=2025-08-15T07:52:55.505788+00:00
[2025-08-15T07:52:55.528+0000] {processor.py:179} INFO - Processing /home/airflow/.local/lib/python3.7/site-packages/airflow/example_dags/example_short_circuit_decorator.py took 0.102 seconds
[2025-08-15T07:53:25.722+0000] {processor.py:157} INFO - Started process (PID=6981) to work on /home/airflow/.local/lib/python3.7/site-packages/airflow/example_dags/example_short_circuit_decorator.py
[2025-08-15T07:53:25.723+0000] {processor.py:826} INFO - Processing file /home/airflow/.local/lib/python3.7/site-packages/airflow/example_dags/example_short_circuit_decorator.py for tasks to queue
[2025-08-15T07:53:25.723+0000] {logging_mixin.py:149} INFO - [2025-08-15T07:53:25.723+0000] {dagbag.py:541} INFO - Filling up the DagBag from /home/airflow/.local/lib/python3.7/site-packages/airflow/example_dags/example_short_circuit_decorator.py
[2025-08-15T07:53:25.735+0000] {processor.py:836} INFO - DAG(s) dict_keys(['example_short_circuit_decorator']) retrieved from /home/airflow/.local/lib/python3.7/site-packages/airflow/example_dags/example_short_circuit_decorator.py
[2025-08-15T07:53:25.764+0000] {logging_mixin.py:149} INFO - [2025-08-15T07:53:25.764+0000] {dag.py:2726} INFO - Sync 1 DAGs
[2025-08-15T07:53:25.793+0000] {logging_mixin.py:149} INFO - [2025-08-15T07:53:25.793+0000] {dag.py:3490} INFO - Setting next_dagrun for example_short_circuit_decorator to 2025-08-14T07:53:25.793441+00:00, run_after=2025-08-15T07:53:25.793441+00:00
[2025-08-15T07:53:25.819+0000] {processor.py:179} INFO - Processing /home/airflow/.local/lib/python3.7/site-packages/airflow/example_dags/example_short_circuit_decorator.py took 0.101 seconds
[2025-08-15T07:53:55.913+0000] {processor.py:157} INFO - Started process (PID=7226) to work on /home/airflow/.local/lib/python3.7/site-packages/airflow/example_dags/example_short_circuit_decorator.py
[2025-08-15T07:53:55.914+0000] {processor.py:826} INFO - Processing file /home/airflow/.local/lib/python3.7/site-packages/airflow/example_dags/example_short_circuit_decorator.py for tasks to queue
[2025-08-15T07:53:55.915+0000] {logging_mixin.py:149} INFO - [2025-08-15T07:53:55.915+0000] {dagbag.py:541} INFO - Filling up the DagBag from /home/airflow/.local/lib/python3.7/site-packages/airflow/example_dags/example_short_circuit_decorator.py
[2025-08-15T07:53:55.926+0000] {processor.py:836} INFO - DAG(s) dict_keys(['example_short_circuit_decorator']) retrieved from /home/airflow/.local/lib/python3.7/site-packages/airflow/example_dags/example_short_circuit_decorator.py
[2025-08-15T07:53:55.957+0000] {logging_mixin.py:149} INFO - [2025-08-15T07:53:55.957+0000] {dag.py:2726} INFO - Sync 1 DAGs
[2025-08-15T07:53:55.987+0000] {logging_mixin.py:149} INFO - [2025-08-15T07:53:55.987+0000] {dag.py:3490} INFO - Setting next_dagrun for example_short_circuit_decorator to 2025-08-14T07:53:55.986953+00:00, run_after=2025-08-15T07:53:55.986953+00:00
[2025-08-15T07:53:56.011+0000] {processor.py:179} INFO - Processing /home/airflow/.local/lib/python3.7/site-packages/airflow/example_dags/example_short_circuit_decorator.py took 0.101 seconds
[2025-08-15T07:54:26.184+0000] {processor.py:157} INFO - Started process (PID=7471) to work on /home/airflow/.local/lib/python3.7/site-packages/airflow/example_dags/example_short_circuit_decorator.py
[2025-08-15T07:54:26.185+0000] {processor.py:826} INFO - Processing file /home/airflow/.local/lib/python3.7/site-packages/airflow/example_dags/example_short_circuit_decorator.py for tasks to queue
[2025-08-15T07:54:26.185+0000] {logging_mixin.py:149} INFO - [2025-08-15T07:54:26.185+0000] {dagbag.py:541} INFO - Filling up the DagBag from /home/airflow/.local/lib/python3.7/site-packages/airflow/example_dags/example_short_circuit_decorator.py
[2025-08-15T07:54:26.198+0000] {processor.py:836} INFO - DAG(s) dict_keys(['example_short_circuit_decorator']) retrieved from /home/airflow/.local/lib/python3.7/site-packages/airflow/example_dags/example_short_circuit_decorator.py
[2025-08-15T07:54:26.228+0000] {logging_mixin.py:149} INFO - [2025-08-15T07:54:26.228+0000] {dag.py:2726} INFO - Sync 1 DAGs
[2025-08-15T07:54:26.261+0000] {logging_mixin.py:149} INFO - [2025-08-15T07:54:26.261+0000] {dag.py:3490} INFO - Setting next_dagrun for example_short_circuit_decorator to 2025-08-14T07:54:26.261176+00:00, run_after=2025-08-15T07:54:26.261176+00:00
[2025-08-15T07:54:26.284+0000] {processor.py:179} INFO - Processing /home/airflow/.local/lib/python3.7/site-packages/airflow/example_dags/example_short_circuit_decorator.py took 0.105 seconds
[2025-08-15T07:54:56.549+0000] {processor.py:157} INFO - Started process (PID=7716) to work on /home/airflow/.local/lib/python3.7/site-packages/airflow/example_dags/example_short_circuit_decorator.py
[2025-08-15T07:54:56.552+0000] {processor.py:826} INFO - Processing file /home/airflow/.local/lib/python3.7/site-packages/airflow/example_dags/example_short_circuit_decorator.py for tasks to queue
[2025-08-15T07:54:56.553+0000] {logging_mixin.py:149} INFO - [2025-08-15T07:54:56.552+0000] {dagbag.py:541} INFO - Filling up the DagBag from /home/airflow/.local/lib/python3.7/site-packages/airflow/example_dags/example_short_circuit_decorator.py
[2025-08-15T07:54:56.564+0000] {processor.py:836} INFO - DAG(s) dict_keys(['example_short_circuit_decorator']) retrieved from /home/airflow/.local/lib/python3.7/site-packages/airflow/example_dags/example_short_circuit_decorator.py
[2025-08-15T07:54:56.595+0000] {logging_mixin.py:149} INFO - [2025-08-15T07:54:56.595+0000] {dag.py:2726} INFO - Sync 1 DAGs
[2025-08-15T07:54:56.625+0000] {logging_mixin.py:149} INFO - [2025-08-15T07:54:56.625+0000] {dag.py:3490} INFO - Setting next_dagrun for example_short_circuit_decorator to 2025-08-14T07:54:56.625279+00:00, run_after=2025-08-15T07:54:56.625279+00:00
[2025-08-15T07:54:56.646+0000] {processor.py:179} INFO - Processing /home/airflow/.local/lib/python3.7/site-packages/airflow/example_dags/example_short_circuit_decorator.py took 0.101 seconds
[2025-08-15T07:55:26.931+0000] {processor.py:157} INFO - Started process (PID=7961) to work on /home/airflow/.local/lib/python3.7/site-packages/airflow/example_dags/example_short_circuit_decorator.py
[2025-08-15T07:55:26.933+0000] {processor.py:826} INFO - Processing file /home/airflow/.local/lib/python3.7/site-packages/airflow/example_dags/example_short_circuit_decorator.py for tasks to queue
[2025-08-15T07:55:26.934+0000] {logging_mixin.py:149} INFO - [2025-08-15T07:55:26.934+0000] {dagbag.py:541} INFO - Filling up the DagBag from /home/airflow/.local/lib/python3.7/site-packages/airflow/example_dags/example_short_circuit_decorator.py
[2025-08-15T07:55:26.947+0000] {processor.py:836} INFO - DAG(s) dict_keys(['example_short_circuit_decorator']) retrieved from /home/airflow/.local/lib/python3.7/site-packages/airflow/example_dags/example_short_circuit_decorator.py
[2025-08-15T07:55:26.976+0000] {logging_mixin.py:149} INFO - [2025-08-15T07:55:26.976+0000] {dag.py:2726} INFO - Sync 1 DAGs
[2025-08-15T07:55:27.007+0000] {logging_mixin.py:149} INFO - [2025-08-15T07:55:27.007+0000] {dag.py:3490} INFO - Setting next_dagrun for example_short_circuit_decorator to 2025-08-14T07:55:27.007493+00:00, run_after=2025-08-15T07:55:27.007493+00:00
[2025-08-15T07:55:27.027+0000] {processor.py:179} INFO - Processing /home/airflow/.local/lib/python3.7/site-packages/airflow/example_dags/example_short_circuit_decorator.py took 0.100 seconds
[2025-08-15T07:55:57.201+0000] {processor.py:157} INFO - Started process (PID=8206) to work on /home/airflow/.local/lib/python3.7/site-packages/airflow/example_dags/example_short_circuit_decorator.py
[2025-08-15T07:55:57.201+0000] {processor.py:826} INFO - Processing file /home/airflow/.local/lib/python3.7/site-packages/airflow/example_dags/example_short_circuit_decorator.py for tasks to queue
[2025-08-15T07:55:57.202+0000] {logging_mixin.py:149} INFO - [2025-08-15T07:55:57.202+0000] {dagbag.py:541} INFO - Filling up the DagBag from /home/airflow/.local/lib/python3.7/site-packages/airflow/example_dags/example_short_circuit_decorator.py
[2025-08-15T07:55:57.214+0000] {processor.py:836} INFO - DAG(s) dict_keys(['example_short_circuit_decorator']) retrieved from /home/airflow/.local/lib/python3.7/site-packages/airflow/example_dags/example_short_circuit_decorator.py
[2025-08-15T07:55:57.245+0000] {logging_mixin.py:149} INFO - [2025-08-15T07:55:57.245+0000] {dag.py:2726} INFO - Sync 1 DAGs
[2025-08-15T07:55:57.275+0000] {logging_mixin.py:149} INFO - [2025-08-15T07:55:57.275+0000] {dag.py:3490} INFO - Setting next_dagrun for example_short_circuit_decorator to 2025-08-14T07:55:57.275353+00:00, run_after=2025-08-15T07:55:57.275353+00:00
[2025-08-15T07:55:57.295+0000] {processor.py:179} INFO - Processing /home/airflow/.local/lib/python3.7/site-packages/airflow/example_dags/example_short_circuit_decorator.py took 0.098 seconds
[2025-08-15T07:56:27.726+0000] {processor.py:157} INFO - Started process (PID=8453) to work on /home/airflow/.local/lib/python3.7/site-packages/airflow/example_dags/example_short_circuit_decorator.py
[2025-08-15T07:56:27.727+0000] {processor.py:826} INFO - Processing file /home/airflow/.local/lib/python3.7/site-packages/airflow/example_dags/example_short_circuit_decorator.py for tasks to queue
[2025-08-15T07:56:27.728+0000] {logging_mixin.py:149} INFO - [2025-08-15T07:56:27.728+0000] {dagbag.py:541} INFO - Filling up the DagBag from /home/airflow/.local/lib/python3.7/site-packages/airflow/example_dags/example_short_circuit_decorator.py
[2025-08-15T07:56:27.738+0000] {processor.py:836} INFO - DAG(s) dict_keys(['example_short_circuit_decorator']) retrieved from /home/airflow/.local/lib/python3.7/site-packages/airflow/example_dags/example_short_circuit_decorator.py
[2025-08-15T07:56:27.773+0000] {logging_mixin.py:149} INFO - [2025-08-15T07:56:27.773+0000] {dag.py:2726} INFO - Sync 1 DAGs
[2025-08-15T07:56:27.802+0000] {logging_mixin.py:149} INFO - [2025-08-15T07:56:27.802+0000] {dag.py:3490} INFO - Setting next_dagrun for example_short_circuit_decorator to 2025-08-14T07:56:27.801746+00:00, run_after=2025-08-15T07:56:27.801746+00:00
[2025-08-15T07:56:27.823+0000] {processor.py:179} INFO - Processing /home/airflow/.local/lib/python3.7/site-packages/airflow/example_dags/example_short_circuit_decorator.py took 0.100 seconds
[2025-08-15T07:56:57.927+0000] {processor.py:157} INFO - Started process (PID=8696) to work on /home/airflow/.local/lib/python3.7/site-packages/airflow/example_dags/example_short_circuit_decorator.py
[2025-08-15T07:56:57.928+0000] {processor.py:826} INFO - Processing file /home/airflow/.local/lib/python3.7/site-packages/airflow/example_dags/example_short_circuit_decorator.py for tasks to queue
[2025-08-15T07:56:57.929+0000] {logging_mixin.py:149} INFO - [2025-08-15T07:56:57.929+0000] {dagbag.py:541} INFO - Filling up the DagBag from /home/airflow/.local/lib/python3.7/site-packages/airflow/example_dags/example_short_circuit_decorator.py
[2025-08-15T07:56:57.939+0000] {processor.py:836} INFO - DAG(s) dict_keys(['example_short_circuit_decorator']) retrieved from /home/airflow/.local/lib/python3.7/site-packages/airflow/example_dags/example_short_circuit_decorator.py
[2025-08-15T07:56:57.969+0000] {logging_mixin.py:149} INFO - [2025-08-15T07:56:57.969+0000] {dag.py:2726} INFO - Sync 1 DAGs
[2025-08-15T07:56:57.998+0000] {logging_mixin.py:149} INFO - [2025-08-15T07:56:57.998+0000] {dag.py:3490} INFO - Setting next_dagrun for example_short_circuit_decorator to 2025-08-14T07:56:57.997944+00:00, run_after=2025-08-15T07:56:57.997944+00:00
[2025-08-15T07:56:58.020+0000] {processor.py:179} INFO - Processing /home/airflow/.local/lib/python3.7/site-packages/airflow/example_dags/example_short_circuit_decorator.py took 0.097 seconds
[2025-08-15T07:57:28.121+0000] {processor.py:157} INFO - Started process (PID=8936) to work on /home/airflow/.local/lib/python3.7/site-packages/airflow/example_dags/example_short_circuit_decorator.py
[2025-08-15T07:57:28.122+0000] {processor.py:826} INFO - Processing file /home/airflow/.local/lib/python3.7/site-packages/airflow/example_dags/example_short_circuit_decorator.py for tasks to queue
[2025-08-15T07:57:28.123+0000] {logging_mixin.py:149} INFO - [2025-08-15T07:57:28.123+0000] {dagbag.py:541} INFO - Filling up the DagBag from /home/airflow/.local/lib/python3.7/site-packages/airflow/example_dags/example_short_circuit_decorator.py
[2025-08-15T07:57:28.134+0000] {processor.py:836} INFO - DAG(s) dict_keys(['example_short_circuit_decorator']) retrieved from /home/airflow/.local/lib/python3.7/site-packages/airflow/example_dags/example_short_circuit_decorator.py
[2025-08-15T07:57:28.163+0000] {logging_mixin.py:149} INFO - [2025-08-15T07:57:28.163+0000] {dag.py:2726} INFO - Sync 1 DAGs
[2025-08-15T07:57:28.191+0000] {logging_mixin.py:149} INFO - [2025-08-15T07:57:28.191+0000] {dag.py:3490} INFO - Setting next_dagrun for example_short_circuit_decorator to 2025-08-14T07:57:28.191298+00:00, run_after=2025-08-15T07:57:28.191298+00:00
[2025-08-15T07:57:28.213+0000] {processor.py:179} INFO - Processing /home/airflow/.local/lib/python3.7/site-packages/airflow/example_dags/example_short_circuit_decorator.py took 0.095 seconds
[2025-08-15T07:57:58.774+0000] {processor.py:157} INFO - Started process (PID=9183) to work on /home/airflow/.local/lib/python3.7/site-packages/airflow/example_dags/example_short_circuit_decorator.py
[2025-08-15T07:57:58.775+0000] {processor.py:826} INFO - Processing file /home/airflow/.local/lib/python3.7/site-packages/airflow/example_dags/example_short_circuit_decorator.py for tasks to queue
[2025-08-15T07:57:58.776+0000] {logging_mixin.py:149} INFO - [2025-08-15T07:57:58.776+0000] {dagbag.py:541} INFO - Filling up the DagBag from /home/airflow/.local/lib/python3.7/site-packages/airflow/example_dags/example_short_circuit_decorator.py
[2025-08-15T07:57:58.786+0000] {processor.py:836} INFO - DAG(s) dict_keys(['example_short_circuit_decorator']) retrieved from /home/airflow/.local/lib/python3.7/site-packages/airflow/example_dags/example_short_circuit_decorator.py
[2025-08-15T07:57:58.816+0000] {logging_mixin.py:149} INFO - [2025-08-15T07:57:58.816+0000] {dag.py:2726} INFO - Sync 1 DAGs
[2025-08-15T07:57:58.843+0000] {logging_mixin.py:149} INFO - [2025-08-15T07:57:58.843+0000] {dag.py:3490} INFO - Setting next_dagrun for example_short_circuit_decorator to 2025-08-14T07:57:58.843516+00:00, run_after=2025-08-15T07:57:58.843516+00:00
[2025-08-15T07:57:58.865+0000] {processor.py:179} INFO - Processing /home/airflow/.local/lib/python3.7/site-packages/airflow/example_dags/example_short_circuit_decorator.py took 0.095 seconds
[2025-08-15T07:58:29.042+0000] {processor.py:157} INFO - Started process (PID=9426) to work on /home/airflow/.local/lib/python3.7/site-packages/airflow/example_dags/example_short_circuit_decorator.py
[2025-08-15T07:58:29.043+0000] {processor.py:826} INFO - Processing file /home/airflow/.local/lib/python3.7/site-packages/airflow/example_dags/example_short_circuit_decorator.py for tasks to queue
[2025-08-15T07:58:29.044+0000] {logging_mixin.py:149} INFO - [2025-08-15T07:58:29.044+0000] {dagbag.py:541} INFO - Filling up the DagBag from /home/airflow/.local/lib/python3.7/site-packages/airflow/example_dags/example_short_circuit_decorator.py
[2025-08-15T07:58:29.057+0000] {processor.py:836} INFO - DAG(s) dict_keys(['example_short_circuit_decorator']) retrieved from /home/airflow/.local/lib/python3.7/site-packages/airflow/example_dags/example_short_circuit_decorator.py
[2025-08-15T07:58:29.089+0000] {logging_mixin.py:149} INFO - [2025-08-15T07:58:29.089+0000] {dag.py:2726} INFO - Sync 1 DAGs
[2025-08-15T07:58:29.120+0000] {logging_mixin.py:149} INFO - [2025-08-15T07:58:29.120+0000] {dag.py:3490} INFO - Setting next_dagrun for example_short_circuit_decorator to 2025-08-14T07:58:29.120156+00:00, run_after=2025-08-15T07:58:29.120156+00:00
[2025-08-15T07:58:29.142+0000] {processor.py:179} INFO - Processing /home/airflow/.local/lib/python3.7/site-packages/airflow/example_dags/example_short_circuit_decorator.py took 0.104 seconds
[2025-08-15T07:58:59.389+0000] {processor.py:157} INFO - Started process (PID=9671) to work on /home/airflow/.local/lib/python3.7/site-packages/airflow/example_dags/example_short_circuit_decorator.py
[2025-08-15T07:58:59.390+0000] {processor.py:826} INFO - Processing file /home/airflow/.local/lib/python3.7/site-packages/airflow/example_dags/example_short_circuit_decorator.py for tasks to queue
[2025-08-15T07:58:59.391+0000] {logging_mixin.py:149} INFO - [2025-08-15T07:58:59.391+0000] {dagbag.py:541} INFO - Filling up the DagBag from /home/airflow/.local/lib/python3.7/site-packages/airflow/example_dags/example_short_circuit_decorator.py
[2025-08-15T07:58:59.402+0000] {processor.py:836} INFO - DAG(s) dict_keys(['example_short_circuit_decorator']) retrieved from /home/airflow/.local/lib/python3.7/site-packages/airflow/example_dags/example_short_circuit_decorator.py
[2025-08-15T07:58:59.432+0000] {logging_mixin.py:149} INFO - [2025-08-15T07:58:59.432+0000] {dag.py:2726} INFO - Sync 1 DAGs
[2025-08-15T07:58:59.461+0000] {logging_mixin.py:149} INFO - [2025-08-15T07:58:59.461+0000] {dag.py:3490} INFO - Setting next_dagrun for example_short_circuit_decorator to 2025-08-14T07:58:59.461081+00:00, run_after=2025-08-15T07:58:59.461081+00:00
[2025-08-15T07:58:59.484+0000] {processor.py:179} INFO - Processing /home/airflow/.local/lib/python3.7/site-packages/airflow/example_dags/example_short_circuit_decorator.py took 0.099 seconds
[2025-08-15T07:59:29.683+0000] {processor.py:157} INFO - Started process (PID=9916) to work on /home/airflow/.local/lib/python3.7/site-packages/airflow/example_dags/example_short_circuit_decorator.py
[2025-08-15T07:59:29.684+0000] {processor.py:826} INFO - Processing file /home/airflow/.local/lib/python3.7/site-packages/airflow/example_dags/example_short_circuit_decorator.py for tasks to queue
[2025-08-15T07:59:29.685+0000] {logging_mixin.py:149} INFO - [2025-08-15T07:59:29.684+0000] {dagbag.py:541} INFO - Filling up the DagBag from /home/airflow/.local/lib/python3.7/site-packages/airflow/example_dags/example_short_circuit_decorator.py
[2025-08-15T07:59:29.696+0000] {processor.py:836} INFO - DAG(s) dict_keys(['example_short_circuit_decorator']) retrieved from /home/airflow/.local/lib/python3.7/site-packages/airflow/example_dags/example_short_circuit_decorator.py
[2025-08-15T07:59:29.725+0000] {logging_mixin.py:149} INFO - [2025-08-15T07:59:29.725+0000] {dag.py:2726} INFO - Sync 1 DAGs
[2025-08-15T07:59:29.753+0000] {logging_mixin.py:149} INFO - [2025-08-15T07:59:29.753+0000] {dag.py:3490} INFO - Setting next_dagrun for example_short_circuit_decorator to 2025-08-14T07:59:29.752897+00:00, run_after=2025-08-15T07:59:29.752897+00:00
[2025-08-15T07:59:29.775+0000] {processor.py:179} INFO - Processing /home/airflow/.local/lib/python3.7/site-packages/airflow/example_dags/example_short_circuit_decorator.py took 0.096 seconds
[2025-08-15T07:59:59.985+0000] {processor.py:157} INFO - Started process (PID=10161) to work on /home/airflow/.local/lib/python3.7/site-packages/airflow/example_dags/example_short_circuit_decorator.py
[2025-08-15T07:59:59.986+0000] {processor.py:826} INFO - Processing file /home/airflow/.local/lib/python3.7/site-packages/airflow/example_dags/example_short_circuit_decorator.py for tasks to queue
[2025-08-15T07:59:59.987+0000] {logging_mixin.py:149} INFO - [2025-08-15T07:59:59.987+0000] {dagbag.py:541} INFO - Filling up the DagBag from /home/airflow/.local/lib/python3.7/site-packages/airflow/example_dags/example_short_circuit_decorator.py
[2025-08-15T07:59:59.999+0000] {processor.py:836} INFO - DAG(s) dict_keys(['example_short_circuit_decorator']) retrieved from /home/airflow/.local/lib/python3.7/site-packages/airflow/example_dags/example_short_circuit_decorator.py
[2025-08-15T08:00:00.031+0000] {logging_mixin.py:149} INFO - [2025-08-15T08:00:00.031+0000] {dag.py:2726} INFO - Sync 1 DAGs
[2025-08-15T08:00:00.059+0000] {logging_mixin.py:149} INFO - [2025-08-15T08:00:00.059+0000] {dag.py:3490} INFO - Setting next_dagrun for example_short_circuit_decorator to 2025-08-14T08:00:00.059479+00:00, run_after=2025-08-15T08:00:00.059479+00:00
[2025-08-15T08:00:00.081+0000] {processor.py:179} INFO - Processing /home/airflow/.local/lib/python3.7/site-packages/airflow/example_dags/example_short_circuit_decorator.py took 0.100 seconds
[2025-08-15T08:00:30.511+0000] {processor.py:157} INFO - Started process (PID=10406) to work on /home/airflow/.local/lib/python3.7/site-packages/airflow/example_dags/example_short_circuit_decorator.py
[2025-08-15T08:00:30.512+0000] {processor.py:826} INFO - Processing file /home/airflow/.local/lib/python3.7/site-packages/airflow/example_dags/example_short_circuit_decorator.py for tasks to queue
[2025-08-15T08:00:30.513+0000] {logging_mixin.py:149} INFO - [2025-08-15T08:00:30.513+0000] {dagbag.py:541} INFO - Filling up the DagBag from /home/airflow/.local/lib/python3.7/site-packages/airflow/example_dags/example_short_circuit_decorator.py
[2025-08-15T08:00:30.523+0000] {processor.py:836} INFO - DAG(s) dict_keys(['example_short_circuit_decorator']) retrieved from /home/airflow/.local/lib/python3.7/site-packages/airflow/example_dags/example_short_circuit_decorator.py
[2025-08-15T08:00:30.553+0000] {logging_mixin.py:149} INFO - [2025-08-15T08:00:30.552+0000] {dag.py:2726} INFO - Sync 1 DAGs
[2025-08-15T08:00:30.581+0000] {logging_mixin.py:149} INFO - [2025-08-15T08:00:30.580+0000] {dag.py:3490} INFO - Setting next_dagrun for example_short_circuit_decorator to 2025-08-14T08:00:30.580755+00:00, run_after=2025-08-15T08:00:30.580755+00:00
[2025-08-15T08:00:30.605+0000] {processor.py:179} INFO - Processing /home/airflow/.local/lib/python3.7/site-packages/airflow/example_dags/example_short_circuit_decorator.py took 0.098 seconds
[2025-08-15T08:01:00.852+0000] {processor.py:157} INFO - Started process (PID=10651) to work on /home/airflow/.local/lib/python3.7/site-packages/airflow/example_dags/example_short_circuit_decorator.py
[2025-08-15T08:01:00.853+0000] {processor.py:826} INFO - Processing file /home/airflow/.local/lib/python3.7/site-packages/airflow/example_dags/example_short_circuit_decorator.py for tasks to queue
[2025-08-15T08:01:00.854+0000] {logging_mixin.py:149} INFO - [2025-08-15T08:01:00.854+0000] {dagbag.py:541} INFO - Filling up the DagBag from /home/airflow/.local/lib/python3.7/site-packages/airflow/example_dags/example_short_circuit_decorator.py
[2025-08-15T08:01:00.868+0000] {processor.py:836} INFO - DAG(s) dict_keys(['example_short_circuit_decorator']) retrieved from /home/airflow/.local/lib/python3.7/site-packages/airflow/example_dags/example_short_circuit_decorator.py
[2025-08-15T08:01:00.906+0000] {logging_mixin.py:149} INFO - [2025-08-15T08:01:00.905+0000] {dag.py:2726} INFO - Sync 1 DAGs
[2025-08-15T08:01:00.948+0000] {logging_mixin.py:149} INFO - [2025-08-15T08:01:00.947+0000] {dag.py:3490} INFO - Setting next_dagrun for example_short_circuit_decorator to 2025-08-14T08:01:00.947587+00:00, run_after=2025-08-15T08:01:00.947587+00:00
[2025-08-15T08:01:00.983+0000] {processor.py:179} INFO - Processing /home/airflow/.local/lib/python3.7/site-packages/airflow/example_dags/example_short_circuit_decorator.py took 0.135 seconds
[2025-08-15T08:01:31.311+0000] {processor.py:157} INFO - Started process (PID=10898) to work on /home/airflow/.local/lib/python3.7/site-packages/airflow/example_dags/example_short_circuit_decorator.py
[2025-08-15T08:01:31.311+0000] {processor.py:826} INFO - Processing file /home/airflow/.local/lib/python3.7/site-packages/airflow/example_dags/example_short_circuit_decorator.py for tasks to queue
[2025-08-15T08:01:31.312+0000] {logging_mixin.py:149} INFO - [2025-08-15T08:01:31.312+0000] {dagbag.py:541} INFO - Filling up the DagBag from /home/airflow/.local/lib/python3.7/site-packages/airflow/example_dags/example_short_circuit_decorator.py
[2025-08-15T08:01:31.323+0000] {processor.py:836} INFO - DAG(s) dict_keys(['example_short_circuit_decorator']) retrieved from /home/airflow/.local/lib/python3.7/site-packages/airflow/example_dags/example_short_circuit_decorator.py
[2025-08-15T08:01:31.351+0000] {logging_mixin.py:149} INFO - [2025-08-15T08:01:31.351+0000] {dag.py:2726} INFO - Sync 1 DAGs
[2025-08-15T08:01:31.379+0000] {logging_mixin.py:149} INFO - [2025-08-15T08:01:31.379+0000] {dag.py:3490} INFO - Setting next_dagrun for example_short_circuit_decorator to 2025-08-14T08:01:31.379001+00:00, run_after=2025-08-15T08:01:31.379001+00:00
[2025-08-15T08:01:31.399+0000] {processor.py:179} INFO - Processing /home/airflow/.local/lib/python3.7/site-packages/airflow/example_dags/example_short_circuit_decorator.py took 0.092 seconds
[2025-08-15T08:02:01.652+0000] {processor.py:157} INFO - Started process (PID=11141) to work on /home/airflow/.local/lib/python3.7/site-packages/airflow/example_dags/example_short_circuit_decorator.py
[2025-08-15T08:02:01.653+0000] {processor.py:826} INFO - Processing file /home/airflow/.local/lib/python3.7/site-packages/airflow/example_dags/example_short_circuit_decorator.py for tasks to queue
[2025-08-15T08:02:01.653+0000] {logging_mixin.py:149} INFO - [2025-08-15T08:02:01.653+0000] {dagbag.py:541} INFO - Filling up the DagBag from /home/airflow/.local/lib/python3.7/site-packages/airflow/example_dags/example_short_circuit_decorator.py
[2025-08-15T08:02:01.665+0000] {processor.py:836} INFO - DAG(s) dict_keys(['example_short_circuit_decorator']) retrieved from /home/airflow/.local/lib/python3.7/site-packages/airflow/example_dags/example_short_circuit_decorator.py
[2025-08-15T08:02:01.697+0000] {logging_mixin.py:149} INFO - [2025-08-15T08:02:01.696+0000] {dag.py:2726} INFO - Sync 1 DAGs
[2025-08-15T08:02:01.726+0000] {logging_mixin.py:149} INFO - [2025-08-15T08:02:01.726+0000] {dag.py:3490} INFO - Setting next_dagrun for example_short_circuit_decorator to 2025-08-14T08:02:01.726474+00:00, run_after=2025-08-15T08:02:01.726474+00:00
[2025-08-15T08:02:01.751+0000] {processor.py:179} INFO - Processing /home/airflow/.local/lib/python3.7/site-packages/airflow/example_dags/example_short_circuit_decorator.py took 0.103 seconds
[2025-08-15T08:02:31.892+0000] {processor.py:157} INFO - Started process (PID=11386) to work on /home/airflow/.local/lib/python3.7/site-packages/airflow/example_dags/example_short_circuit_decorator.py
[2025-08-15T08:02:31.893+0000] {processor.py:826} INFO - Processing file /home/airflow/.local/lib/python3.7/site-packages/airflow/example_dags/example_short_circuit_decorator.py for tasks to queue
[2025-08-15T08:02:31.894+0000] {logging_mixin.py:149} INFO - [2025-08-15T08:02:31.894+0000] {dagbag.py:541} INFO - Filling up the DagBag from /home/airflow/.local/lib/python3.7/site-packages/airflow/example_dags/example_short_circuit_decorator.py
[2025-08-15T08:02:31.907+0000] {processor.py:836} INFO - DAG(s) dict_keys(['example_short_circuit_decorator']) retrieved from /home/airflow/.local/lib/python3.7/site-packages/airflow/example_dags/example_short_circuit_decorator.py
[2025-08-15T08:02:31.938+0000] {logging_mixin.py:149} INFO - [2025-08-15T08:02:31.937+0000] {dag.py:2726} INFO - Sync 1 DAGs
[2025-08-15T08:02:31.969+0000] {logging_mixin.py:149} INFO - [2025-08-15T08:02:31.969+0000] {dag.py:3490} INFO - Setting next_dagrun for example_short_circuit_decorator to 2025-08-14T08:02:31.969197+00:00, run_after=2025-08-15T08:02:31.969197+00:00
[2025-08-15T08:02:31.991+0000] {processor.py:179} INFO - Processing /home/airflow/.local/lib/python3.7/site-packages/airflow/example_dags/example_short_circuit_decorator.py took 0.102 seconds
