[2025-08-15T07:27:48.013+0000] {processor.py:157} INFO - Started process (PID=285) to work on /home/airflow/.local/lib/python3.7/site-packages/airflow/example_dags/example_dag_decorator.py
[2025-08-15T07:27:48.014+0000] {processor.py:826} INFO - Processing file /home/airflow/.local/lib/python3.7/site-packages/airflow/example_dags/example_dag_decorator.py for tasks to queue
[2025-08-15T07:27:48.015+0000] {logging_mixin.py:149} INFO - [2025-08-15T07:27:48.014+0000] {dagbag.py:541} INFO - Filling up the DagBag from /home/airflow/.local/lib/python3.7/site-packages/airflow/example_dags/example_dag_decorator.py
[2025-08-15T07:27:48.035+0000] {processor.py:836} INFO - DAG(s) dict_keys(['example_dag_decorator']) retrieved from /home/airflow/.local/lib/python3.7/site-packages/airflow/example_dags/example_dag_decorator.py
[2025-08-15T07:27:48.210+0000] {logging_mixin.py:149} INFO - [2025-08-15T07:27:48.210+0000] {dag.py:2726} INFO - Sync 1 DAGs
[2025-08-15T07:27:48.246+0000] {logging_mixin.py:149} INFO - [2025-08-15T07:27:48.245+0000] {dag.py:3490} INFO - Setting next_dagrun for example_dag_decorator to None, run_after=None
[2025-08-15T07:27:48.272+0000] {processor.py:179} INFO - Processing /home/airflow/.local/lib/python3.7/site-packages/airflow/example_dags/example_dag_decorator.py took 0.263 seconds
[2025-08-15T07:39:41.443+0000] {processor.py:157} INFO - Started process (PID=288) to work on /home/airflow/.local/lib/python3.7/site-packages/airflow/example_dags/example_dag_decorator.py
[2025-08-15T07:39:41.446+0000] {processor.py:826} INFO - Processing file /home/airflow/.local/lib/python3.7/site-packages/airflow/example_dags/example_dag_decorator.py for tasks to queue
[2025-08-15T07:39:41.447+0000] {logging_mixin.py:149} INFO - [2025-08-15T07:39:41.447+0000] {dagbag.py:541} INFO - Filling up the DagBag from /home/airflow/.local/lib/python3.7/site-packages/airflow/example_dags/example_dag_decorator.py
[2025-08-15T07:39:41.470+0000] {processor.py:836} INFO - DAG(s) dict_keys(['example_dag_decorator']) retrieved from /home/airflow/.local/lib/python3.7/site-packages/airflow/example_dags/example_dag_decorator.py
[2025-08-15T07:39:41.708+0000] {logging_mixin.py:149} INFO - [2025-08-15T07:39:41.708+0000] {dag.py:2726} INFO - Sync 1 DAGs
[2025-08-15T07:39:41.747+0000] {logging_mixin.py:149} INFO - [2025-08-15T07:39:41.747+0000] {dag.py:3490} INFO - Setting next_dagrun for example_dag_decorator to None, run_after=None
[2025-08-15T07:39:41.781+0000] {processor.py:179} INFO - Processing /home/airflow/.local/lib/python3.7/site-packages/airflow/example_dags/example_dag_decorator.py took 0.343 seconds
[2025-08-15T07:40:12.508+0000] {processor.py:157} INFO - Started process (PID=533) to work on /home/airflow/.local/lib/python3.7/site-packages/airflow/example_dags/example_dag_decorator.py
[2025-08-15T07:40:12.509+0000] {processor.py:826} INFO - Processing file /home/airflow/.local/lib/python3.7/site-packages/airflow/example_dags/example_dag_decorator.py for tasks to queue
[2025-08-15T07:40:12.510+0000] {logging_mixin.py:149} INFO - [2025-08-15T07:40:12.510+0000] {dagbag.py:541} INFO - Filling up the DagBag from /home/airflow/.local/lib/python3.7/site-packages/airflow/example_dags/example_dag_decorator.py
[2025-08-15T07:40:12.528+0000] {processor.py:836} INFO - DAG(s) dict_keys(['example_dag_decorator']) retrieved from /home/airflow/.local/lib/python3.7/site-packages/airflow/example_dags/example_dag_decorator.py
[2025-08-15T07:40:12.679+0000] {logging_mixin.py:149} INFO - [2025-08-15T07:40:12.679+0000] {dag.py:2726} INFO - Sync 1 DAGs
[2025-08-15T07:40:12.808+0000] {logging_mixin.py:149} INFO - [2025-08-15T07:40:12.808+0000] {dag.py:3490} INFO - Setting next_dagrun for example_dag_decorator to None, run_after=None
[2025-08-15T07:40:12.834+0000] {processor.py:179} INFO - Processing /home/airflow/.local/lib/python3.7/site-packages/airflow/example_dags/example_dag_decorator.py took 0.329 seconds
[2025-08-15T07:40:43.258+0000] {processor.py:157} INFO - Started process (PID=778) to work on /home/airflow/.local/lib/python3.7/site-packages/airflow/example_dags/example_dag_decorator.py
[2025-08-15T07:40:43.260+0000] {processor.py:826} INFO - Processing file /home/airflow/.local/lib/python3.7/site-packages/airflow/example_dags/example_dag_decorator.py for tasks to queue
[2025-08-15T07:40:43.261+0000] {logging_mixin.py:149} INFO - [2025-08-15T07:40:43.261+0000] {dagbag.py:541} INFO - Filling up the DagBag from /home/airflow/.local/lib/python3.7/site-packages/airflow/example_dags/example_dag_decorator.py
[2025-08-15T07:40:43.281+0000] {processor.py:836} INFO - DAG(s) dict_keys(['example_dag_decorator']) retrieved from /home/airflow/.local/lib/python3.7/site-packages/airflow/example_dags/example_dag_decorator.py
[2025-08-15T07:40:43.536+0000] {logging_mixin.py:149} INFO - [2025-08-15T07:40:43.535+0000] {dag.py:2726} INFO - Sync 1 DAGs
[2025-08-15T07:40:43.563+0000] {logging_mixin.py:149} INFO - [2025-08-15T07:40:43.563+0000] {dag.py:3490} INFO - Setting next_dagrun for example_dag_decorator to None, run_after=None
[2025-08-15T07:40:43.586+0000] {processor.py:179} INFO - Processing /home/airflow/.local/lib/python3.7/site-packages/airflow/example_dags/example_dag_decorator.py took 0.332 seconds
[2025-08-15T07:41:13.755+0000] {processor.py:157} INFO - Started process (PID=1021) to work on /home/airflow/.local/lib/python3.7/site-packages/airflow/example_dags/example_dag_decorator.py
[2025-08-15T07:41:13.756+0000] {processor.py:826} INFO - Processing file /home/airflow/.local/lib/python3.7/site-packages/airflow/example_dags/example_dag_decorator.py for tasks to queue
[2025-08-15T07:41:13.757+0000] {logging_mixin.py:149} INFO - [2025-08-15T07:41:13.757+0000] {dagbag.py:541} INFO - Filling up the DagBag from /home/airflow/.local/lib/python3.7/site-packages/airflow/example_dags/example_dag_decorator.py
[2025-08-15T07:41:13.874+0000] {processor.py:836} INFO - DAG(s) dict_keys(['example_dag_decorator']) retrieved from /home/airflow/.local/lib/python3.7/site-packages/airflow/example_dags/example_dag_decorator.py
[2025-08-15T07:41:14.001+0000] {logging_mixin.py:149} INFO - [2025-08-15T07:41:14.001+0000] {dag.py:2726} INFO - Sync 1 DAGs
[2025-08-15T07:41:14.024+0000] {logging_mixin.py:149} INFO - [2025-08-15T07:41:14.024+0000] {dag.py:3490} INFO - Setting next_dagrun for example_dag_decorator to None, run_after=None
[2025-08-15T07:41:14.046+0000] {processor.py:179} INFO - Processing /home/airflow/.local/lib/python3.7/site-packages/airflow/example_dags/example_dag_decorator.py took 0.295 seconds
[2025-08-15T07:41:44.721+0000] {processor.py:157} INFO - Started process (PID=1266) to work on /home/airflow/.local/lib/python3.7/site-packages/airflow/example_dags/example_dag_decorator.py
[2025-08-15T07:41:44.722+0000] {processor.py:826} INFO - Processing file /home/airflow/.local/lib/python3.7/site-packages/airflow/example_dags/example_dag_decorator.py for tasks to queue
[2025-08-15T07:41:44.723+0000] {logging_mixin.py:149} INFO - [2025-08-15T07:41:44.723+0000] {dagbag.py:541} INFO - Filling up the DagBag from /home/airflow/.local/lib/python3.7/site-packages/airflow/example_dags/example_dag_decorator.py
[2025-08-15T07:41:44.738+0000] {processor.py:836} INFO - DAG(s) dict_keys(['example_dag_decorator']) retrieved from /home/airflow/.local/lib/python3.7/site-packages/airflow/example_dags/example_dag_decorator.py
[2025-08-15T07:41:44.874+0000] {logging_mixin.py:149} INFO - [2025-08-15T07:41:44.874+0000] {dag.py:2726} INFO - Sync 1 DAGs
[2025-08-15T07:41:44.900+0000] {logging_mixin.py:149} INFO - [2025-08-15T07:41:44.900+0000] {dag.py:3490} INFO - Setting next_dagrun for example_dag_decorator to None, run_after=None
[2025-08-15T07:41:44.924+0000] {processor.py:179} INFO - Processing /home/airflow/.local/lib/python3.7/site-packages/airflow/example_dags/example_dag_decorator.py took 0.207 seconds
[2025-08-15T07:42:15.096+0000] {processor.py:157} INFO - Started process (PID=1511) to work on /home/airflow/.local/lib/python3.7/site-packages/airflow/example_dags/example_dag_decorator.py
[2025-08-15T07:42:15.097+0000] {processor.py:826} INFO - Processing file /home/airflow/.local/lib/python3.7/site-packages/airflow/example_dags/example_dag_decorator.py for tasks to queue
[2025-08-15T07:42:15.098+0000] {logging_mixin.py:149} INFO - [2025-08-15T07:42:15.097+0000] {dagbag.py:541} INFO - Filling up the DagBag from /home/airflow/.local/lib/python3.7/site-packages/airflow/example_dags/example_dag_decorator.py
[2025-08-15T07:42:15.113+0000] {processor.py:836} INFO - DAG(s) dict_keys(['example_dag_decorator']) retrieved from /home/airflow/.local/lib/python3.7/site-packages/airflow/example_dags/example_dag_decorator.py
[2025-08-15T07:42:15.252+0000] {logging_mixin.py:149} INFO - [2025-08-15T07:42:15.252+0000] {dag.py:2726} INFO - Sync 1 DAGs
[2025-08-15T07:42:15.278+0000] {logging_mixin.py:149} INFO - [2025-08-15T07:42:15.278+0000] {dag.py:3490} INFO - Setting next_dagrun for example_dag_decorator to None, run_after=None
[2025-08-15T07:42:15.301+0000] {processor.py:179} INFO - Processing /home/airflow/.local/lib/python3.7/site-packages/airflow/example_dags/example_dag_decorator.py took 0.209 seconds
[2025-08-15T07:42:45.445+0000] {processor.py:157} INFO - Started process (PID=1758) to work on /home/airflow/.local/lib/python3.7/site-packages/airflow/example_dags/example_dag_decorator.py
[2025-08-15T07:42:45.446+0000] {processor.py:826} INFO - Processing file /home/airflow/.local/lib/python3.7/site-packages/airflow/example_dags/example_dag_decorator.py for tasks to queue
[2025-08-15T07:42:45.447+0000] {logging_mixin.py:149} INFO - [2025-08-15T07:42:45.447+0000] {dagbag.py:541} INFO - Filling up the DagBag from /home/airflow/.local/lib/python3.7/site-packages/airflow/example_dags/example_dag_decorator.py
[2025-08-15T07:42:45.462+0000] {processor.py:836} INFO - DAG(s) dict_keys(['example_dag_decorator']) retrieved from /home/airflow/.local/lib/python3.7/site-packages/airflow/example_dags/example_dag_decorator.py
[2025-08-15T07:42:45.601+0000] {logging_mixin.py:149} INFO - [2025-08-15T07:42:45.601+0000] {dag.py:2726} INFO - Sync 1 DAGs
[2025-08-15T07:42:45.629+0000] {logging_mixin.py:149} INFO - [2025-08-15T07:42:45.629+0000] {dag.py:3490} INFO - Setting next_dagrun for example_dag_decorator to None, run_after=None
[2025-08-15T07:42:45.652+0000] {processor.py:179} INFO - Processing /home/airflow/.local/lib/python3.7/site-packages/airflow/example_dags/example_dag_decorator.py took 0.210 seconds
[2025-08-15T07:43:15.708+0000] {processor.py:157} INFO - Started process (PID=2003) to work on /home/airflow/.local/lib/python3.7/site-packages/airflow/example_dags/example_dag_decorator.py
[2025-08-15T07:43:15.709+0000] {processor.py:826} INFO - Processing file /home/airflow/.local/lib/python3.7/site-packages/airflow/example_dags/example_dag_decorator.py for tasks to queue
[2025-08-15T07:43:15.710+0000] {logging_mixin.py:149} INFO - [2025-08-15T07:43:15.709+0000] {dagbag.py:541} INFO - Filling up the DagBag from /home/airflow/.local/lib/python3.7/site-packages/airflow/example_dags/example_dag_decorator.py
[2025-08-15T07:43:15.725+0000] {processor.py:836} INFO - DAG(s) dict_keys(['example_dag_decorator']) retrieved from /home/airflow/.local/lib/python3.7/site-packages/airflow/example_dags/example_dag_decorator.py
[2025-08-15T07:43:15.862+0000] {logging_mixin.py:149} INFO - [2025-08-15T07:43:15.862+0000] {dag.py:2726} INFO - Sync 1 DAGs
[2025-08-15T07:43:15.888+0000] {logging_mixin.py:149} INFO - [2025-08-15T07:43:15.887+0000] {dag.py:3490} INFO - Setting next_dagrun for example_dag_decorator to None, run_after=None
[2025-08-15T07:43:15.912+0000] {processor.py:179} INFO - Processing /home/airflow/.local/lib/python3.7/site-packages/airflow/example_dags/example_dag_decorator.py took 0.207 seconds
[2025-08-15T07:43:46.114+0000] {processor.py:157} INFO - Started process (PID=2251) to work on /home/airflow/.local/lib/python3.7/site-packages/airflow/example_dags/example_dag_decorator.py
[2025-08-15T07:43:46.115+0000] {processor.py:826} INFO - Processing file /home/airflow/.local/lib/python3.7/site-packages/airflow/example_dags/example_dag_decorator.py for tasks to queue
[2025-08-15T07:43:46.116+0000] {logging_mixin.py:149} INFO - [2025-08-15T07:43:46.116+0000] {dagbag.py:541} INFO - Filling up the DagBag from /home/airflow/.local/lib/python3.7/site-packages/airflow/example_dags/example_dag_decorator.py
[2025-08-15T07:43:46.132+0000] {processor.py:836} INFO - DAG(s) dict_keys(['example_dag_decorator']) retrieved from /home/airflow/.local/lib/python3.7/site-packages/airflow/example_dags/example_dag_decorator.py
[2025-08-15T07:43:46.268+0000] {logging_mixin.py:149} INFO - [2025-08-15T07:43:46.268+0000] {dag.py:2726} INFO - Sync 1 DAGs
[2025-08-15T07:43:46.294+0000] {logging_mixin.py:149} INFO - [2025-08-15T07:43:46.294+0000] {dag.py:3490} INFO - Setting next_dagrun for example_dag_decorator to None, run_after=None
[2025-08-15T07:43:46.315+0000] {processor.py:179} INFO - Processing /home/airflow/.local/lib/python3.7/site-packages/airflow/example_dags/example_dag_decorator.py took 0.204 seconds
[2025-08-15T07:44:16.450+0000] {processor.py:157} INFO - Started process (PID=2496) to work on /home/airflow/.local/lib/python3.7/site-packages/airflow/example_dags/example_dag_decorator.py
[2025-08-15T07:44:16.451+0000] {processor.py:826} INFO - Processing file /home/airflow/.local/lib/python3.7/site-packages/airflow/example_dags/example_dag_decorator.py for tasks to queue
[2025-08-15T07:44:16.451+0000] {logging_mixin.py:149} INFO - [2025-08-15T07:44:16.451+0000] {dagbag.py:541} INFO - Filling up the DagBag from /home/airflow/.local/lib/python3.7/site-packages/airflow/example_dags/example_dag_decorator.py
[2025-08-15T07:44:16.467+0000] {processor.py:836} INFO - DAG(s) dict_keys(['example_dag_decorator']) retrieved from /home/airflow/.local/lib/python3.7/site-packages/airflow/example_dags/example_dag_decorator.py
[2025-08-15T07:44:16.605+0000] {logging_mixin.py:149} INFO - [2025-08-15T07:44:16.604+0000] {dag.py:2726} INFO - Sync 1 DAGs
[2025-08-15T07:44:16.631+0000] {logging_mixin.py:149} INFO - [2025-08-15T07:44:16.631+0000] {dag.py:3490} INFO - Setting next_dagrun for example_dag_decorator to None, run_after=None
[2025-08-15T07:44:16.654+0000] {processor.py:179} INFO - Processing /home/airflow/.local/lib/python3.7/site-packages/airflow/example_dags/example_dag_decorator.py took 0.207 seconds
[2025-08-15T07:44:46.707+0000] {processor.py:157} INFO - Started process (PID=2741) to work on /home/airflow/.local/lib/python3.7/site-packages/airflow/example_dags/example_dag_decorator.py
[2025-08-15T07:44:46.708+0000] {processor.py:826} INFO - Processing file /home/airflow/.local/lib/python3.7/site-packages/airflow/example_dags/example_dag_decorator.py for tasks to queue
[2025-08-15T07:44:46.709+0000] {logging_mixin.py:149} INFO - [2025-08-15T07:44:46.709+0000] {dagbag.py:541} INFO - Filling up the DagBag from /home/airflow/.local/lib/python3.7/site-packages/airflow/example_dags/example_dag_decorator.py
[2025-08-15T07:44:46.724+0000] {processor.py:836} INFO - DAG(s) dict_keys(['example_dag_decorator']) retrieved from /home/airflow/.local/lib/python3.7/site-packages/airflow/example_dags/example_dag_decorator.py
[2025-08-15T07:44:46.858+0000] {logging_mixin.py:149} INFO - [2025-08-15T07:44:46.858+0000] {dag.py:2726} INFO - Sync 1 DAGs
[2025-08-15T07:44:46.885+0000] {logging_mixin.py:149} INFO - [2025-08-15T07:44:46.885+0000] {dag.py:3490} INFO - Setting next_dagrun for example_dag_decorator to None, run_after=None
[2025-08-15T07:44:46.906+0000] {processor.py:179} INFO - Processing /home/airflow/.local/lib/python3.7/site-packages/airflow/example_dags/example_dag_decorator.py took 0.203 seconds
[2025-08-15T07:45:17.116+0000] {processor.py:157} INFO - Started process (PID=2991) to work on /home/airflow/.local/lib/python3.7/site-packages/airflow/example_dags/example_dag_decorator.py
[2025-08-15T07:45:17.117+0000] {processor.py:826} INFO - Processing file /home/airflow/.local/lib/python3.7/site-packages/airflow/example_dags/example_dag_decorator.py for tasks to queue
[2025-08-15T07:45:17.118+0000] {logging_mixin.py:149} INFO - [2025-08-15T07:45:17.118+0000] {dagbag.py:541} INFO - Filling up the DagBag from /home/airflow/.local/lib/python3.7/site-packages/airflow/example_dags/example_dag_decorator.py
[2025-08-15T07:45:17.133+0000] {processor.py:836} INFO - DAG(s) dict_keys(['example_dag_decorator']) retrieved from /home/airflow/.local/lib/python3.7/site-packages/airflow/example_dags/example_dag_decorator.py
[2025-08-15T07:45:17.276+0000] {logging_mixin.py:149} INFO - [2025-08-15T07:45:17.275+0000] {dag.py:2726} INFO - Sync 1 DAGs
[2025-08-15T07:45:17.301+0000] {logging_mixin.py:149} INFO - [2025-08-15T07:45:17.300+0000] {dag.py:3490} INFO - Setting next_dagrun for example_dag_decorator to None, run_after=None
[2025-08-15T07:45:17.323+0000] {processor.py:179} INFO - Processing /home/airflow/.local/lib/python3.7/site-packages/airflow/example_dags/example_dag_decorator.py took 0.211 seconds
[2025-08-15T07:45:47.545+0000] {processor.py:157} INFO - Started process (PID=3226) to work on /home/airflow/.local/lib/python3.7/site-packages/airflow/example_dags/example_dag_decorator.py
[2025-08-15T07:45:47.546+0000] {processor.py:826} INFO - Processing file /home/airflow/.local/lib/python3.7/site-packages/airflow/example_dags/example_dag_decorator.py for tasks to queue
[2025-08-15T07:45:47.547+0000] {logging_mixin.py:149} INFO - [2025-08-15T07:45:47.547+0000] {dagbag.py:541} INFO - Filling up the DagBag from /home/airflow/.local/lib/python3.7/site-packages/airflow/example_dags/example_dag_decorator.py
[2025-08-15T07:45:47.563+0000] {processor.py:836} INFO - DAG(s) dict_keys(['example_dag_decorator']) retrieved from /home/airflow/.local/lib/python3.7/site-packages/airflow/example_dags/example_dag_decorator.py
[2025-08-15T07:45:47.702+0000] {logging_mixin.py:149} INFO - [2025-08-15T07:45:47.701+0000] {dag.py:2726} INFO - Sync 1 DAGs
[2025-08-15T07:45:47.729+0000] {logging_mixin.py:149} INFO - [2025-08-15T07:45:47.729+0000] {dag.py:3490} INFO - Setting next_dagrun for example_dag_decorator to None, run_after=None
[2025-08-15T07:45:47.755+0000] {processor.py:179} INFO - Processing /home/airflow/.local/lib/python3.7/site-packages/airflow/example_dags/example_dag_decorator.py took 0.213 seconds
[2025-08-15T07:46:17.805+0000] {processor.py:157} INFO - Started process (PID=3471) to work on /home/airflow/.local/lib/python3.7/site-packages/airflow/example_dags/example_dag_decorator.py
[2025-08-15T07:46:17.806+0000] {processor.py:826} INFO - Processing file /home/airflow/.local/lib/python3.7/site-packages/airflow/example_dags/example_dag_decorator.py for tasks to queue
[2025-08-15T07:46:17.807+0000] {logging_mixin.py:149} INFO - [2025-08-15T07:46:17.807+0000] {dagbag.py:541} INFO - Filling up the DagBag from /home/airflow/.local/lib/python3.7/site-packages/airflow/example_dags/example_dag_decorator.py
[2025-08-15T07:46:17.822+0000] {processor.py:836} INFO - DAG(s) dict_keys(['example_dag_decorator']) retrieved from /home/airflow/.local/lib/python3.7/site-packages/airflow/example_dags/example_dag_decorator.py
[2025-08-15T07:46:17.854+0000] {logging_mixin.py:149} INFO - [2025-08-15T07:46:17.854+0000] {dag.py:2726} INFO - Sync 1 DAGs
[2025-08-15T07:46:17.886+0000] {logging_mixin.py:149} INFO - [2025-08-15T07:46:17.886+0000] {dag.py:3490} INFO - Setting next_dagrun for example_dag_decorator to None, run_after=None
[2025-08-15T07:46:17.910+0000] {processor.py:179} INFO - Processing /home/airflow/.local/lib/python3.7/site-packages/airflow/example_dags/example_dag_decorator.py took 0.108 seconds
[2025-08-15T07:46:48.192+0000] {processor.py:157} INFO - Started process (PID=3716) to work on /home/airflow/.local/lib/python3.7/site-packages/airflow/example_dags/example_dag_decorator.py
[2025-08-15T07:46:48.193+0000] {processor.py:826} INFO - Processing file /home/airflow/.local/lib/python3.7/site-packages/airflow/example_dags/example_dag_decorator.py for tasks to queue
[2025-08-15T07:46:48.194+0000] {logging_mixin.py:149} INFO - [2025-08-15T07:46:48.194+0000] {dagbag.py:541} INFO - Filling up the DagBag from /home/airflow/.local/lib/python3.7/site-packages/airflow/example_dags/example_dag_decorator.py
[2025-08-15T07:46:48.217+0000] {processor.py:836} INFO - DAG(s) dict_keys(['example_dag_decorator']) retrieved from /home/airflow/.local/lib/python3.7/site-packages/airflow/example_dags/example_dag_decorator.py
[2025-08-15T07:46:48.365+0000] {logging_mixin.py:149} INFO - [2025-08-15T07:46:48.365+0000] {dag.py:2726} INFO - Sync 1 DAGs
[2025-08-15T07:46:48.394+0000] {logging_mixin.py:149} INFO - [2025-08-15T07:46:48.394+0000] {dag.py:3490} INFO - Setting next_dagrun for example_dag_decorator to None, run_after=None
[2025-08-15T07:46:48.417+0000] {processor.py:179} INFO - Processing /home/airflow/.local/lib/python3.7/site-packages/airflow/example_dags/example_dag_decorator.py took 0.230 seconds
[2025-08-15T07:47:18.585+0000] {processor.py:157} INFO - Started process (PID=3961) to work on /home/airflow/.local/lib/python3.7/site-packages/airflow/example_dags/example_dag_decorator.py
[2025-08-15T07:47:18.586+0000] {processor.py:826} INFO - Processing file /home/airflow/.local/lib/python3.7/site-packages/airflow/example_dags/example_dag_decorator.py for tasks to queue
[2025-08-15T07:47:18.587+0000] {logging_mixin.py:149} INFO - [2025-08-15T07:47:18.587+0000] {dagbag.py:541} INFO - Filling up the DagBag from /home/airflow/.local/lib/python3.7/site-packages/airflow/example_dags/example_dag_decorator.py
[2025-08-15T07:47:18.606+0000] {processor.py:836} INFO - DAG(s) dict_keys(['example_dag_decorator']) retrieved from /home/airflow/.local/lib/python3.7/site-packages/airflow/example_dags/example_dag_decorator.py
[2025-08-15T07:47:18.744+0000] {logging_mixin.py:149} INFO - [2025-08-15T07:47:18.743+0000] {dag.py:2726} INFO - Sync 1 DAGs
[2025-08-15T07:47:18.771+0000] {logging_mixin.py:149} INFO - [2025-08-15T07:47:18.770+0000] {dag.py:3490} INFO - Setting next_dagrun for example_dag_decorator to None, run_after=None
[2025-08-15T07:47:18.795+0000] {processor.py:179} INFO - Processing /home/airflow/.local/lib/python3.7/site-packages/airflow/example_dags/example_dag_decorator.py took 0.215 seconds
[2025-08-15T07:47:48.880+0000] {processor.py:157} INFO - Started process (PID=4206) to work on /home/airflow/.local/lib/python3.7/site-packages/airflow/example_dags/example_dag_decorator.py
[2025-08-15T07:47:48.881+0000] {processor.py:826} INFO - Processing file /home/airflow/.local/lib/python3.7/site-packages/airflow/example_dags/example_dag_decorator.py for tasks to queue
[2025-08-15T07:47:48.882+0000] {logging_mixin.py:149} INFO - [2025-08-15T07:47:48.882+0000] {dagbag.py:541} INFO - Filling up the DagBag from /home/airflow/.local/lib/python3.7/site-packages/airflow/example_dags/example_dag_decorator.py
[2025-08-15T07:47:48.900+0000] {processor.py:836} INFO - DAG(s) dict_keys(['example_dag_decorator']) retrieved from /home/airflow/.local/lib/python3.7/site-packages/airflow/example_dags/example_dag_decorator.py
[2025-08-15T07:47:49.041+0000] {logging_mixin.py:149} INFO - [2025-08-15T07:47:49.041+0000] {dag.py:2726} INFO - Sync 1 DAGs
[2025-08-15T07:47:49.070+0000] {logging_mixin.py:149} INFO - [2025-08-15T07:47:49.069+0000] {dag.py:3490} INFO - Setting next_dagrun for example_dag_decorator to None, run_after=None
[2025-08-15T07:47:49.095+0000] {processor.py:179} INFO - Processing /home/airflow/.local/lib/python3.7/site-packages/airflow/example_dags/example_dag_decorator.py took 0.219 seconds
[2025-08-15T07:48:19.421+0000] {processor.py:157} INFO - Started process (PID=4451) to work on /home/airflow/.local/lib/python3.7/site-packages/airflow/example_dags/example_dag_decorator.py
[2025-08-15T07:48:19.422+0000] {processor.py:826} INFO - Processing file /home/airflow/.local/lib/python3.7/site-packages/airflow/example_dags/example_dag_decorator.py for tasks to queue
[2025-08-15T07:48:19.423+0000] {logging_mixin.py:149} INFO - [2025-08-15T07:48:19.423+0000] {dagbag.py:541} INFO - Filling up the DagBag from /home/airflow/.local/lib/python3.7/site-packages/airflow/example_dags/example_dag_decorator.py
[2025-08-15T07:48:19.440+0000] {processor.py:836} INFO - DAG(s) dict_keys(['example_dag_decorator']) retrieved from /home/airflow/.local/lib/python3.7/site-packages/airflow/example_dags/example_dag_decorator.py
[2025-08-15T07:48:19.586+0000] {logging_mixin.py:149} INFO - [2025-08-15T07:48:19.586+0000] {dag.py:2726} INFO - Sync 1 DAGs
[2025-08-15T07:48:19.613+0000] {logging_mixin.py:149} INFO - [2025-08-15T07:48:19.613+0000] {dag.py:3490} INFO - Setting next_dagrun for example_dag_decorator to None, run_after=None
[2025-08-15T07:48:19.636+0000] {processor.py:179} INFO - Processing /home/airflow/.local/lib/python3.7/site-packages/airflow/example_dags/example_dag_decorator.py took 0.218 seconds
[2025-08-15T07:48:49.710+0000] {processor.py:157} INFO - Started process (PID=4696) to work on /home/airflow/.local/lib/python3.7/site-packages/airflow/example_dags/example_dag_decorator.py
[2025-08-15T07:48:49.711+0000] {processor.py:826} INFO - Processing file /home/airflow/.local/lib/python3.7/site-packages/airflow/example_dags/example_dag_decorator.py for tasks to queue
[2025-08-15T07:48:49.712+0000] {logging_mixin.py:149} INFO - [2025-08-15T07:48:49.712+0000] {dagbag.py:541} INFO - Filling up the DagBag from /home/airflow/.local/lib/python3.7/site-packages/airflow/example_dags/example_dag_decorator.py
[2025-08-15T07:48:49.727+0000] {processor.py:836} INFO - DAG(s) dict_keys(['example_dag_decorator']) retrieved from /home/airflow/.local/lib/python3.7/site-packages/airflow/example_dags/example_dag_decorator.py
[2025-08-15T07:48:49.863+0000] {logging_mixin.py:149} INFO - [2025-08-15T07:48:49.863+0000] {dag.py:2726} INFO - Sync 1 DAGs
[2025-08-15T07:48:49.893+0000] {logging_mixin.py:149} INFO - [2025-08-15T07:48:49.892+0000] {dag.py:3490} INFO - Setting next_dagrun for example_dag_decorator to None, run_after=None
[2025-08-15T07:48:49.916+0000] {processor.py:179} INFO - Processing /home/airflow/.local/lib/python3.7/site-packages/airflow/example_dags/example_dag_decorator.py took 0.209 seconds
[2025-08-15T07:49:20.306+0000] {processor.py:157} INFO - Started process (PID=4941) to work on /home/airflow/.local/lib/python3.7/site-packages/airflow/example_dags/example_dag_decorator.py
[2025-08-15T07:49:20.307+0000] {processor.py:826} INFO - Processing file /home/airflow/.local/lib/python3.7/site-packages/airflow/example_dags/example_dag_decorator.py for tasks to queue
[2025-08-15T07:49:20.308+0000] {logging_mixin.py:149} INFO - [2025-08-15T07:49:20.308+0000] {dagbag.py:541} INFO - Filling up the DagBag from /home/airflow/.local/lib/python3.7/site-packages/airflow/example_dags/example_dag_decorator.py
[2025-08-15T07:49:20.323+0000] {processor.py:836} INFO - DAG(s) dict_keys(['example_dag_decorator']) retrieved from /home/airflow/.local/lib/python3.7/site-packages/airflow/example_dags/example_dag_decorator.py
[2025-08-15T07:49:20.463+0000] {logging_mixin.py:149} INFO - [2025-08-15T07:49:20.463+0000] {dag.py:2726} INFO - Sync 1 DAGs
[2025-08-15T07:49:20.490+0000] {logging_mixin.py:149} INFO - [2025-08-15T07:49:20.490+0000] {dag.py:3490} INFO - Setting next_dagrun for example_dag_decorator to None, run_after=None
[2025-08-15T07:49:20.513+0000] {processor.py:179} INFO - Processing /home/airflow/.local/lib/python3.7/site-packages/airflow/example_dags/example_dag_decorator.py took 0.210 seconds
[2025-08-15T07:49:50.899+0000] {processor.py:157} INFO - Started process (PID=5193) to work on /home/airflow/.local/lib/python3.7/site-packages/airflow/example_dags/example_dag_decorator.py
[2025-08-15T07:49:50.900+0000] {processor.py:826} INFO - Processing file /home/airflow/.local/lib/python3.7/site-packages/airflow/example_dags/example_dag_decorator.py for tasks to queue
[2025-08-15T07:49:50.901+0000] {logging_mixin.py:149} INFO - [2025-08-15T07:49:50.901+0000] {dagbag.py:541} INFO - Filling up the DagBag from /home/airflow/.local/lib/python3.7/site-packages/airflow/example_dags/example_dag_decorator.py
[2025-08-15T07:49:50.916+0000] {processor.py:836} INFO - DAG(s) dict_keys(['example_dag_decorator']) retrieved from /home/airflow/.local/lib/python3.7/site-packages/airflow/example_dags/example_dag_decorator.py
[2025-08-15T07:49:51.059+0000] {logging_mixin.py:149} INFO - [2025-08-15T07:49:51.059+0000] {dag.py:2726} INFO - Sync 1 DAGs
[2025-08-15T07:49:51.084+0000] {logging_mixin.py:149} INFO - [2025-08-15T07:49:51.084+0000] {dag.py:3490} INFO - Setting next_dagrun for example_dag_decorator to None, run_after=None
[2025-08-15T07:49:51.106+0000] {processor.py:179} INFO - Processing /home/airflow/.local/lib/python3.7/site-packages/airflow/example_dags/example_dag_decorator.py took 0.210 seconds
[2025-08-15T07:50:21.309+0000] {processor.py:157} INFO - Started process (PID=5441) to work on /home/airflow/.local/lib/python3.7/site-packages/airflow/example_dags/example_dag_decorator.py
[2025-08-15T07:50:21.310+0000] {processor.py:826} INFO - Processing file /home/airflow/.local/lib/python3.7/site-packages/airflow/example_dags/example_dag_decorator.py for tasks to queue
[2025-08-15T07:50:21.311+0000] {logging_mixin.py:149} INFO - [2025-08-15T07:50:21.311+0000] {dagbag.py:541} INFO - Filling up the DagBag from /home/airflow/.local/lib/python3.7/site-packages/airflow/example_dags/example_dag_decorator.py
[2025-08-15T07:50:21.326+0000] {processor.py:836} INFO - DAG(s) dict_keys(['example_dag_decorator']) retrieved from /home/airflow/.local/lib/python3.7/site-packages/airflow/example_dags/example_dag_decorator.py
[2025-08-15T07:50:21.466+0000] {logging_mixin.py:149} INFO - [2025-08-15T07:50:21.466+0000] {dag.py:2726} INFO - Sync 1 DAGs
[2025-08-15T07:50:21.494+0000] {logging_mixin.py:149} INFO - [2025-08-15T07:50:21.494+0000] {dag.py:3490} INFO - Setting next_dagrun for example_dag_decorator to None, run_after=None
[2025-08-15T07:50:21.517+0000] {processor.py:179} INFO - Processing /home/airflow/.local/lib/python3.7/site-packages/airflow/example_dags/example_dag_decorator.py took 0.212 seconds
[2025-08-15T07:50:51.649+0000] {processor.py:157} INFO - Started process (PID=5681) to work on /home/airflow/.local/lib/python3.7/site-packages/airflow/example_dags/example_dag_decorator.py
[2025-08-15T07:50:51.651+0000] {processor.py:826} INFO - Processing file /home/airflow/.local/lib/python3.7/site-packages/airflow/example_dags/example_dag_decorator.py for tasks to queue
[2025-08-15T07:50:51.654+0000] {logging_mixin.py:149} INFO - [2025-08-15T07:50:51.653+0000] {dagbag.py:541} INFO - Filling up the DagBag from /home/airflow/.local/lib/python3.7/site-packages/airflow/example_dags/example_dag_decorator.py
[2025-08-15T07:50:51.669+0000] {processor.py:836} INFO - DAG(s) dict_keys(['example_dag_decorator']) retrieved from /home/airflow/.local/lib/python3.7/site-packages/airflow/example_dags/example_dag_decorator.py
[2025-08-15T07:50:51.816+0000] {logging_mixin.py:149} INFO - [2025-08-15T07:50:51.816+0000] {dag.py:2726} INFO - Sync 1 DAGs
[2025-08-15T07:50:51.841+0000] {logging_mixin.py:149} INFO - [2025-08-15T07:50:51.841+0000] {dag.py:3490} INFO - Setting next_dagrun for example_dag_decorator to None, run_after=None
[2025-08-15T07:50:51.865+0000] {processor.py:179} INFO - Processing /home/airflow/.local/lib/python3.7/site-packages/airflow/example_dags/example_dag_decorator.py took 0.219 seconds
[2025-08-15T07:51:21.999+0000] {processor.py:157} INFO - Started process (PID=5926) to work on /home/airflow/.local/lib/python3.7/site-packages/airflow/example_dags/example_dag_decorator.py
[2025-08-15T07:51:22.000+0000] {processor.py:826} INFO - Processing file /home/airflow/.local/lib/python3.7/site-packages/airflow/example_dags/example_dag_decorator.py for tasks to queue
[2025-08-15T07:51:22.001+0000] {logging_mixin.py:149} INFO - [2025-08-15T07:51:22.001+0000] {dagbag.py:541} INFO - Filling up the DagBag from /home/airflow/.local/lib/python3.7/site-packages/airflow/example_dags/example_dag_decorator.py
[2025-08-15T07:51:22.016+0000] {processor.py:836} INFO - DAG(s) dict_keys(['example_dag_decorator']) retrieved from /home/airflow/.local/lib/python3.7/site-packages/airflow/example_dags/example_dag_decorator.py
[2025-08-15T07:51:22.161+0000] {logging_mixin.py:149} INFO - [2025-08-15T07:51:22.161+0000] {dag.py:2726} INFO - Sync 1 DAGs
[2025-08-15T07:51:22.187+0000] {logging_mixin.py:149} INFO - [2025-08-15T07:51:22.187+0000] {dag.py:3490} INFO - Setting next_dagrun for example_dag_decorator to None, run_after=None
[2025-08-15T07:51:22.210+0000] {processor.py:179} INFO - Processing /home/airflow/.local/lib/python3.7/site-packages/airflow/example_dags/example_dag_decorator.py took 0.216 seconds
[2025-08-15T07:51:52.413+0000] {processor.py:157} INFO - Started process (PID=6166) to work on /home/airflow/.local/lib/python3.7/site-packages/airflow/example_dags/example_dag_decorator.py
[2025-08-15T07:51:52.414+0000] {processor.py:826} INFO - Processing file /home/airflow/.local/lib/python3.7/site-packages/airflow/example_dags/example_dag_decorator.py for tasks to queue
[2025-08-15T07:51:52.414+0000] {logging_mixin.py:149} INFO - [2025-08-15T07:51:52.414+0000] {dagbag.py:541} INFO - Filling up the DagBag from /home/airflow/.local/lib/python3.7/site-packages/airflow/example_dags/example_dag_decorator.py
[2025-08-15T07:51:52.429+0000] {processor.py:836} INFO - DAG(s) dict_keys(['example_dag_decorator']) retrieved from /home/airflow/.local/lib/python3.7/site-packages/airflow/example_dags/example_dag_decorator.py
[2025-08-15T07:51:52.568+0000] {logging_mixin.py:149} INFO - [2025-08-15T07:51:52.567+0000] {dag.py:2726} INFO - Sync 1 DAGs
[2025-08-15T07:51:52.594+0000] {logging_mixin.py:149} INFO - [2025-08-15T07:51:52.594+0000] {dag.py:3490} INFO - Setting next_dagrun for example_dag_decorator to None, run_after=None
[2025-08-15T07:51:52.618+0000] {processor.py:179} INFO - Processing /home/airflow/.local/lib/python3.7/site-packages/airflow/example_dags/example_dag_decorator.py took 0.209 seconds
[2025-08-15T07:52:22.745+0000] {processor.py:157} INFO - Started process (PID=6411) to work on /home/airflow/.local/lib/python3.7/site-packages/airflow/example_dags/example_dag_decorator.py
[2025-08-15T07:52:22.746+0000] {processor.py:826} INFO - Processing file /home/airflow/.local/lib/python3.7/site-packages/airflow/example_dags/example_dag_decorator.py for tasks to queue
[2025-08-15T07:52:22.746+0000] {logging_mixin.py:149} INFO - [2025-08-15T07:52:22.746+0000] {dagbag.py:541} INFO - Filling up the DagBag from /home/airflow/.local/lib/python3.7/site-packages/airflow/example_dags/example_dag_decorator.py
[2025-08-15T07:52:22.763+0000] {processor.py:836} INFO - DAG(s) dict_keys(['example_dag_decorator']) retrieved from /home/airflow/.local/lib/python3.7/site-packages/airflow/example_dags/example_dag_decorator.py
[2025-08-15T07:52:22.921+0000] {logging_mixin.py:149} INFO - [2025-08-15T07:52:22.921+0000] {dag.py:2726} INFO - Sync 1 DAGs
[2025-08-15T07:52:22.954+0000] {logging_mixin.py:149} INFO - [2025-08-15T07:52:22.954+0000] {dag.py:3490} INFO - Setting next_dagrun for example_dag_decorator to None, run_after=None
[2025-08-15T07:52:22.980+0000] {processor.py:179} INFO - Processing /home/airflow/.local/lib/python3.7/site-packages/airflow/example_dags/example_dag_decorator.py took 0.239 seconds
[2025-08-15T07:52:53.212+0000] {processor.py:157} INFO - Started process (PID=6656) to work on /home/airflow/.local/lib/python3.7/site-packages/airflow/example_dags/example_dag_decorator.py
[2025-08-15T07:52:53.213+0000] {processor.py:826} INFO - Processing file /home/airflow/.local/lib/python3.7/site-packages/airflow/example_dags/example_dag_decorator.py for tasks to queue
[2025-08-15T07:52:53.214+0000] {logging_mixin.py:149} INFO - [2025-08-15T07:52:53.214+0000] {dagbag.py:541} INFO - Filling up the DagBag from /home/airflow/.local/lib/python3.7/site-packages/airflow/example_dags/example_dag_decorator.py
[2025-08-15T07:52:53.231+0000] {processor.py:836} INFO - DAG(s) dict_keys(['example_dag_decorator']) retrieved from /home/airflow/.local/lib/python3.7/site-packages/airflow/example_dags/example_dag_decorator.py
[2025-08-15T07:52:53.393+0000] {logging_mixin.py:149} INFO - [2025-08-15T07:52:53.393+0000] {dag.py:2726} INFO - Sync 1 DAGs
[2025-08-15T07:52:53.423+0000] {logging_mixin.py:149} INFO - [2025-08-15T07:52:53.423+0000] {dag.py:3490} INFO - Setting next_dagrun for example_dag_decorator to None, run_after=None
[2025-08-15T07:52:53.478+0000] {processor.py:179} INFO - Processing /home/airflow/.local/lib/python3.7/site-packages/airflow/example_dags/example_dag_decorator.py took 0.269 seconds
[2025-08-15T07:53:23.547+0000] {processor.py:157} INFO - Started process (PID=6901) to work on /home/airflow/.local/lib/python3.7/site-packages/airflow/example_dags/example_dag_decorator.py
[2025-08-15T07:53:23.549+0000] {processor.py:826} INFO - Processing file /home/airflow/.local/lib/python3.7/site-packages/airflow/example_dags/example_dag_decorator.py for tasks to queue
[2025-08-15T07:53:23.549+0000] {logging_mixin.py:149} INFO - [2025-08-15T07:53:23.549+0000] {dagbag.py:541} INFO - Filling up the DagBag from /home/airflow/.local/lib/python3.7/site-packages/airflow/example_dags/example_dag_decorator.py
[2025-08-15T07:53:23.564+0000] {processor.py:836} INFO - DAG(s) dict_keys(['example_dag_decorator']) retrieved from /home/airflow/.local/lib/python3.7/site-packages/airflow/example_dags/example_dag_decorator.py
[2025-08-15T07:53:23.698+0000] {logging_mixin.py:149} INFO - [2025-08-15T07:53:23.698+0000] {dag.py:2726} INFO - Sync 1 DAGs
[2025-08-15T07:53:23.724+0000] {logging_mixin.py:149} INFO - [2025-08-15T07:53:23.724+0000] {dag.py:3490} INFO - Setting next_dagrun for example_dag_decorator to None, run_after=None
[2025-08-15T07:53:23.746+0000] {processor.py:179} INFO - Processing /home/airflow/.local/lib/python3.7/site-packages/airflow/example_dags/example_dag_decorator.py took 0.203 seconds
[2025-08-15T07:53:53.847+0000] {processor.py:157} INFO - Started process (PID=7146) to work on /home/airflow/.local/lib/python3.7/site-packages/airflow/example_dags/example_dag_decorator.py
[2025-08-15T07:53:53.848+0000] {processor.py:826} INFO - Processing file /home/airflow/.local/lib/python3.7/site-packages/airflow/example_dags/example_dag_decorator.py for tasks to queue
[2025-08-15T07:53:53.849+0000] {logging_mixin.py:149} INFO - [2025-08-15T07:53:53.849+0000] {dagbag.py:541} INFO - Filling up the DagBag from /home/airflow/.local/lib/python3.7/site-packages/airflow/example_dags/example_dag_decorator.py
[2025-08-15T07:53:53.864+0000] {processor.py:836} INFO - DAG(s) dict_keys(['example_dag_decorator']) retrieved from /home/airflow/.local/lib/python3.7/site-packages/airflow/example_dags/example_dag_decorator.py
[2025-08-15T07:53:54.001+0000] {logging_mixin.py:149} INFO - [2025-08-15T07:53:54.001+0000] {dag.py:2726} INFO - Sync 1 DAGs
[2025-08-15T07:53:54.026+0000] {logging_mixin.py:149} INFO - [2025-08-15T07:53:54.026+0000] {dag.py:3490} INFO - Setting next_dagrun for example_dag_decorator to None, run_after=None
[2025-08-15T07:53:54.049+0000] {processor.py:179} INFO - Processing /home/airflow/.local/lib/python3.7/site-packages/airflow/example_dags/example_dag_decorator.py took 0.205 seconds
[2025-08-15T07:54:24.129+0000] {processor.py:157} INFO - Started process (PID=7391) to work on /home/airflow/.local/lib/python3.7/site-packages/airflow/example_dags/example_dag_decorator.py
[2025-08-15T07:54:24.130+0000] {processor.py:826} INFO - Processing file /home/airflow/.local/lib/python3.7/site-packages/airflow/example_dags/example_dag_decorator.py for tasks to queue
[2025-08-15T07:54:24.132+0000] {logging_mixin.py:149} INFO - [2025-08-15T07:54:24.131+0000] {dagbag.py:541} INFO - Filling up the DagBag from /home/airflow/.local/lib/python3.7/site-packages/airflow/example_dags/example_dag_decorator.py
[2025-08-15T07:54:24.152+0000] {processor.py:836} INFO - DAG(s) dict_keys(['example_dag_decorator']) retrieved from /home/airflow/.local/lib/python3.7/site-packages/airflow/example_dags/example_dag_decorator.py
[2025-08-15T07:54:24.292+0000] {logging_mixin.py:149} INFO - [2025-08-15T07:54:24.292+0000] {dag.py:2726} INFO - Sync 1 DAGs
[2025-08-15T07:54:24.320+0000] {logging_mixin.py:149} INFO - [2025-08-15T07:54:24.320+0000] {dag.py:3490} INFO - Setting next_dagrun for example_dag_decorator to None, run_after=None
[2025-08-15T07:54:24.343+0000] {processor.py:179} INFO - Processing /home/airflow/.local/lib/python3.7/site-packages/airflow/example_dags/example_dag_decorator.py took 0.218 seconds
[2025-08-15T07:54:54.449+0000] {processor.py:157} INFO - Started process (PID=7641) to work on /home/airflow/.local/lib/python3.7/site-packages/airflow/example_dags/example_dag_decorator.py
[2025-08-15T07:54:54.450+0000] {processor.py:826} INFO - Processing file /home/airflow/.local/lib/python3.7/site-packages/airflow/example_dags/example_dag_decorator.py for tasks to queue
[2025-08-15T07:54:54.451+0000] {logging_mixin.py:149} INFO - [2025-08-15T07:54:54.451+0000] {dagbag.py:541} INFO - Filling up the DagBag from /home/airflow/.local/lib/python3.7/site-packages/airflow/example_dags/example_dag_decorator.py
[2025-08-15T07:54:54.468+0000] {processor.py:836} INFO - DAG(s) dict_keys(['example_dag_decorator']) retrieved from /home/airflow/.local/lib/python3.7/site-packages/airflow/example_dags/example_dag_decorator.py
[2025-08-15T07:54:54.603+0000] {logging_mixin.py:149} INFO - [2025-08-15T07:54:54.603+0000] {dag.py:2726} INFO - Sync 1 DAGs
[2025-08-15T07:54:54.629+0000] {logging_mixin.py:149} INFO - [2025-08-15T07:54:54.629+0000] {dag.py:3490} INFO - Setting next_dagrun for example_dag_decorator to None, run_after=None
[2025-08-15T07:54:54.655+0000] {processor.py:179} INFO - Processing /home/airflow/.local/lib/python3.7/site-packages/airflow/example_dags/example_dag_decorator.py took 0.210 seconds
[2025-08-15T07:55:24.884+0000] {processor.py:157} INFO - Started process (PID=7891) to work on /home/airflow/.local/lib/python3.7/site-packages/airflow/example_dags/example_dag_decorator.py
[2025-08-15T07:55:24.885+0000] {processor.py:826} INFO - Processing file /home/airflow/.local/lib/python3.7/site-packages/airflow/example_dags/example_dag_decorator.py for tasks to queue
[2025-08-15T07:55:24.886+0000] {logging_mixin.py:149} INFO - [2025-08-15T07:55:24.886+0000] {dagbag.py:541} INFO - Filling up the DagBag from /home/airflow/.local/lib/python3.7/site-packages/airflow/example_dags/example_dag_decorator.py
[2025-08-15T07:55:24.902+0000] {processor.py:836} INFO - DAG(s) dict_keys(['example_dag_decorator']) retrieved from /home/airflow/.local/lib/python3.7/site-packages/airflow/example_dags/example_dag_decorator.py
[2025-08-15T07:55:25.042+0000] {logging_mixin.py:149} INFO - [2025-08-15T07:55:25.041+0000] {dag.py:2726} INFO - Sync 1 DAGs
[2025-08-15T07:55:25.069+0000] {logging_mixin.py:149} INFO - [2025-08-15T07:55:25.069+0000] {dag.py:3490} INFO - Setting next_dagrun for example_dag_decorator to None, run_after=None
[2025-08-15T07:55:25.097+0000] {processor.py:179} INFO - Processing /home/airflow/.local/lib/python3.7/site-packages/airflow/example_dags/example_dag_decorator.py took 0.217 seconds
[2025-08-15T07:55:55.136+0000] {processor.py:157} INFO - Started process (PID=8131) to work on /home/airflow/.local/lib/python3.7/site-packages/airflow/example_dags/example_dag_decorator.py
[2025-08-15T07:55:55.136+0000] {processor.py:826} INFO - Processing file /home/airflow/.local/lib/python3.7/site-packages/airflow/example_dags/example_dag_decorator.py for tasks to queue
[2025-08-15T07:55:55.137+0000] {logging_mixin.py:149} INFO - [2025-08-15T07:55:55.137+0000] {dagbag.py:541} INFO - Filling up the DagBag from /home/airflow/.local/lib/python3.7/site-packages/airflow/example_dags/example_dag_decorator.py
[2025-08-15T07:55:55.153+0000] {processor.py:836} INFO - DAG(s) dict_keys(['example_dag_decorator']) retrieved from /home/airflow/.local/lib/python3.7/site-packages/airflow/example_dags/example_dag_decorator.py
[2025-08-15T07:55:55.294+0000] {logging_mixin.py:149} INFO - [2025-08-15T07:55:55.294+0000] {dag.py:2726} INFO - Sync 1 DAGs
[2025-08-15T07:55:55.319+0000] {logging_mixin.py:149} INFO - [2025-08-15T07:55:55.319+0000] {dag.py:3490} INFO - Setting next_dagrun for example_dag_decorator to None, run_after=None
[2025-08-15T07:55:55.341+0000] {processor.py:179} INFO - Processing /home/airflow/.local/lib/python3.7/site-packages/airflow/example_dags/example_dag_decorator.py took 0.209 seconds
[2025-08-15T07:56:25.444+0000] {processor.py:157} INFO - Started process (PID=8376) to work on /home/airflow/.local/lib/python3.7/site-packages/airflow/example_dags/example_dag_decorator.py
[2025-08-15T07:56:25.445+0000] {processor.py:826} INFO - Processing file /home/airflow/.local/lib/python3.7/site-packages/airflow/example_dags/example_dag_decorator.py for tasks to queue
[2025-08-15T07:56:25.447+0000] {logging_mixin.py:149} INFO - [2025-08-15T07:56:25.446+0000] {dagbag.py:541} INFO - Filling up the DagBag from /home/airflow/.local/lib/python3.7/site-packages/airflow/example_dags/example_dag_decorator.py
[2025-08-15T07:56:25.462+0000] {processor.py:836} INFO - DAG(s) dict_keys(['example_dag_decorator']) retrieved from /home/airflow/.local/lib/python3.7/site-packages/airflow/example_dags/example_dag_decorator.py
[2025-08-15T07:56:25.603+0000] {logging_mixin.py:149} INFO - [2025-08-15T07:56:25.603+0000] {dag.py:2726} INFO - Sync 1 DAGs
[2025-08-15T07:56:25.629+0000] {logging_mixin.py:149} INFO - [2025-08-15T07:56:25.629+0000] {dag.py:3490} INFO - Setting next_dagrun for example_dag_decorator to None, run_after=None
[2025-08-15T07:56:25.650+0000] {processor.py:179} INFO - Processing /home/airflow/.local/lib/python3.7/site-packages/airflow/example_dags/example_dag_decorator.py took 0.210 seconds
[2025-08-15T07:56:55.930+0000] {processor.py:157} INFO - Started process (PID=8626) to work on /home/airflow/.local/lib/python3.7/site-packages/airflow/example_dags/example_dag_decorator.py
[2025-08-15T07:56:55.931+0000] {processor.py:826} INFO - Processing file /home/airflow/.local/lib/python3.7/site-packages/airflow/example_dags/example_dag_decorator.py for tasks to queue
[2025-08-15T07:56:55.932+0000] {logging_mixin.py:149} INFO - [2025-08-15T07:56:55.932+0000] {dagbag.py:541} INFO - Filling up the DagBag from /home/airflow/.local/lib/python3.7/site-packages/airflow/example_dags/example_dag_decorator.py
[2025-08-15T07:56:55.948+0000] {processor.py:836} INFO - DAG(s) dict_keys(['example_dag_decorator']) retrieved from /home/airflow/.local/lib/python3.7/site-packages/airflow/example_dags/example_dag_decorator.py
[2025-08-15T07:56:56.088+0000] {logging_mixin.py:149} INFO - [2025-08-15T07:56:56.088+0000] {dag.py:2726} INFO - Sync 1 DAGs
[2025-08-15T07:56:56.114+0000] {logging_mixin.py:149} INFO - [2025-08-15T07:56:56.113+0000] {dag.py:3490} INFO - Setting next_dagrun for example_dag_decorator to None, run_after=None
[2025-08-15T07:56:56.138+0000] {processor.py:179} INFO - Processing /home/airflow/.local/lib/python3.7/site-packages/airflow/example_dags/example_dag_decorator.py took 0.211 seconds
[2025-08-15T07:57:26.271+0000] {processor.py:157} INFO - Started process (PID=8876) to work on /home/airflow/.local/lib/python3.7/site-packages/airflow/example_dags/example_dag_decorator.py
[2025-08-15T07:57:26.272+0000] {processor.py:826} INFO - Processing file /home/airflow/.local/lib/python3.7/site-packages/airflow/example_dags/example_dag_decorator.py for tasks to queue
[2025-08-15T07:57:26.273+0000] {logging_mixin.py:149} INFO - [2025-08-15T07:57:26.273+0000] {dagbag.py:541} INFO - Filling up the DagBag from /home/airflow/.local/lib/python3.7/site-packages/airflow/example_dags/example_dag_decorator.py
[2025-08-15T07:57:26.288+0000] {processor.py:836} INFO - DAG(s) dict_keys(['example_dag_decorator']) retrieved from /home/airflow/.local/lib/python3.7/site-packages/airflow/example_dags/example_dag_decorator.py
[2025-08-15T07:57:26.423+0000] {logging_mixin.py:149} INFO - [2025-08-15T07:57:26.422+0000] {dag.py:2726} INFO - Sync 1 DAGs
[2025-08-15T07:57:26.448+0000] {logging_mixin.py:149} INFO - [2025-08-15T07:57:26.448+0000] {dag.py:3490} INFO - Setting next_dagrun for example_dag_decorator to None, run_after=None
[2025-08-15T07:57:26.472+0000] {processor.py:179} INFO - Processing /home/airflow/.local/lib/python3.7/site-packages/airflow/example_dags/example_dag_decorator.py took 0.205 seconds
[2025-08-15T07:57:56.936+0000] {processor.py:157} INFO - Started process (PID=9128) to work on /home/airflow/.local/lib/python3.7/site-packages/airflow/example_dags/example_dag_decorator.py
[2025-08-15T07:57:56.937+0000] {processor.py:826} INFO - Processing file /home/airflow/.local/lib/python3.7/site-packages/airflow/example_dags/example_dag_decorator.py for tasks to queue
[2025-08-15T07:57:56.938+0000] {logging_mixin.py:149} INFO - [2025-08-15T07:57:56.938+0000] {dagbag.py:541} INFO - Filling up the DagBag from /home/airflow/.local/lib/python3.7/site-packages/airflow/example_dags/example_dag_decorator.py
[2025-08-15T07:57:56.953+0000] {processor.py:836} INFO - DAG(s) dict_keys(['example_dag_decorator']) retrieved from /home/airflow/.local/lib/python3.7/site-packages/airflow/example_dags/example_dag_decorator.py
[2025-08-15T07:57:57.087+0000] {logging_mixin.py:149} INFO - [2025-08-15T07:57:57.087+0000] {dag.py:2726} INFO - Sync 1 DAGs
[2025-08-15T07:57:57.113+0000] {logging_mixin.py:149} INFO - [2025-08-15T07:57:57.113+0000] {dag.py:3490} INFO - Setting next_dagrun for example_dag_decorator to None, run_after=None
[2025-08-15T07:57:57.137+0000] {processor.py:179} INFO - Processing /home/airflow/.local/lib/python3.7/site-packages/airflow/example_dags/example_dag_decorator.py took 0.204 seconds
[2025-08-15T07:58:27.300+0000] {processor.py:157} INFO - Started process (PID=9371) to work on /home/airflow/.local/lib/python3.7/site-packages/airflow/example_dags/example_dag_decorator.py
[2025-08-15T07:58:27.301+0000] {processor.py:826} INFO - Processing file /home/airflow/.local/lib/python3.7/site-packages/airflow/example_dags/example_dag_decorator.py for tasks to queue
[2025-08-15T07:58:27.301+0000] {logging_mixin.py:149} INFO - [2025-08-15T07:58:27.301+0000] {dagbag.py:541} INFO - Filling up the DagBag from /home/airflow/.local/lib/python3.7/site-packages/airflow/example_dags/example_dag_decorator.py
[2025-08-15T07:58:27.316+0000] {processor.py:836} INFO - DAG(s) dict_keys(['example_dag_decorator']) retrieved from /home/airflow/.local/lib/python3.7/site-packages/airflow/example_dags/example_dag_decorator.py
[2025-08-15T07:58:27.451+0000] {logging_mixin.py:149} INFO - [2025-08-15T07:58:27.450+0000] {dag.py:2726} INFO - Sync 1 DAGs
[2025-08-15T07:58:27.476+0000] {logging_mixin.py:149} INFO - [2025-08-15T07:58:27.476+0000] {dag.py:3490} INFO - Setting next_dagrun for example_dag_decorator to None, run_after=None
[2025-08-15T07:58:27.496+0000] {processor.py:179} INFO - Processing /home/airflow/.local/lib/python3.7/site-packages/airflow/example_dags/example_dag_decorator.py took 0.200 seconds
[2025-08-15T07:58:57.628+0000] {processor.py:157} INFO - Started process (PID=9613) to work on /home/airflow/.local/lib/python3.7/site-packages/airflow/example_dags/example_dag_decorator.py
[2025-08-15T07:58:57.629+0000] {processor.py:826} INFO - Processing file /home/airflow/.local/lib/python3.7/site-packages/airflow/example_dags/example_dag_decorator.py for tasks to queue
[2025-08-15T07:58:57.630+0000] {logging_mixin.py:149} INFO - [2025-08-15T07:58:57.630+0000] {dagbag.py:541} INFO - Filling up the DagBag from /home/airflow/.local/lib/python3.7/site-packages/airflow/example_dags/example_dag_decorator.py
[2025-08-15T07:58:57.645+0000] {processor.py:836} INFO - DAG(s) dict_keys(['example_dag_decorator']) retrieved from /home/airflow/.local/lib/python3.7/site-packages/airflow/example_dags/example_dag_decorator.py
[2025-08-15T07:58:57.778+0000] {logging_mixin.py:149} INFO - [2025-08-15T07:58:57.778+0000] {dag.py:2726} INFO - Sync 1 DAGs
[2025-08-15T07:58:57.803+0000] {logging_mixin.py:149} INFO - [2025-08-15T07:58:57.803+0000] {dag.py:3490} INFO - Setting next_dagrun for example_dag_decorator to None, run_after=None
[2025-08-15T07:58:57.824+0000] {processor.py:179} INFO - Processing /home/airflow/.local/lib/python3.7/site-packages/airflow/example_dags/example_dag_decorator.py took 0.199 seconds
[2025-08-15T07:59:27.887+0000] {processor.py:157} INFO - Started process (PID=9858) to work on /home/airflow/.local/lib/python3.7/site-packages/airflow/example_dags/example_dag_decorator.py
[2025-08-15T07:59:27.888+0000] {processor.py:826} INFO - Processing file /home/airflow/.local/lib/python3.7/site-packages/airflow/example_dags/example_dag_decorator.py for tasks to queue
[2025-08-15T07:59:27.889+0000] {logging_mixin.py:149} INFO - [2025-08-15T07:59:27.888+0000] {dagbag.py:541} INFO - Filling up the DagBag from /home/airflow/.local/lib/python3.7/site-packages/airflow/example_dags/example_dag_decorator.py
[2025-08-15T07:59:27.904+0000] {processor.py:836} INFO - DAG(s) dict_keys(['example_dag_decorator']) retrieved from /home/airflow/.local/lib/python3.7/site-packages/airflow/example_dags/example_dag_decorator.py
[2025-08-15T07:59:28.042+0000] {logging_mixin.py:149} INFO - [2025-08-15T07:59:28.041+0000] {dag.py:2726} INFO - Sync 1 DAGs
[2025-08-15T07:59:28.069+0000] {logging_mixin.py:149} INFO - [2025-08-15T07:59:28.069+0000] {dag.py:3490} INFO - Setting next_dagrun for example_dag_decorator to None, run_after=None
[2025-08-15T07:59:28.094+0000] {processor.py:179} INFO - Processing /home/airflow/.local/lib/python3.7/site-packages/airflow/example_dags/example_dag_decorator.py took 0.210 seconds
[2025-08-15T07:59:58.130+0000] {processor.py:157} INFO - Started process (PID=10106) to work on /home/airflow/.local/lib/python3.7/site-packages/airflow/example_dags/example_dag_decorator.py
[2025-08-15T07:59:58.131+0000] {processor.py:826} INFO - Processing file /home/airflow/.local/lib/python3.7/site-packages/airflow/example_dags/example_dag_decorator.py for tasks to queue
[2025-08-15T07:59:58.132+0000] {logging_mixin.py:149} INFO - [2025-08-15T07:59:58.132+0000] {dagbag.py:541} INFO - Filling up the DagBag from /home/airflow/.local/lib/python3.7/site-packages/airflow/example_dags/example_dag_decorator.py
[2025-08-15T07:59:58.150+0000] {processor.py:836} INFO - DAG(s) dict_keys(['example_dag_decorator']) retrieved from /home/airflow/.local/lib/python3.7/site-packages/airflow/example_dags/example_dag_decorator.py
[2025-08-15T07:59:58.295+0000] {logging_mixin.py:149} INFO - [2025-08-15T07:59:58.295+0000] {dag.py:2726} INFO - Sync 1 DAGs
[2025-08-15T07:59:58.321+0000] {logging_mixin.py:149} INFO - [2025-08-15T07:59:58.321+0000] {dag.py:3490} INFO - Setting next_dagrun for example_dag_decorator to None, run_after=None
[2025-08-15T07:59:58.344+0000] {processor.py:179} INFO - Processing /home/airflow/.local/lib/python3.7/site-packages/airflow/example_dags/example_dag_decorator.py took 0.217 seconds
[2025-08-15T08:00:28.528+0000] {processor.py:157} INFO - Started process (PID=10331) to work on /home/airflow/.local/lib/python3.7/site-packages/airflow/example_dags/example_dag_decorator.py
[2025-08-15T08:00:28.529+0000] {processor.py:826} INFO - Processing file /home/airflow/.local/lib/python3.7/site-packages/airflow/example_dags/example_dag_decorator.py for tasks to queue
[2025-08-15T08:00:28.530+0000] {logging_mixin.py:149} INFO - [2025-08-15T08:00:28.530+0000] {dagbag.py:541} INFO - Filling up the DagBag from /home/airflow/.local/lib/python3.7/site-packages/airflow/example_dags/example_dag_decorator.py
[2025-08-15T08:00:28.553+0000] {processor.py:836} INFO - DAG(s) dict_keys(['example_dag_decorator']) retrieved from /home/airflow/.local/lib/python3.7/site-packages/airflow/example_dags/example_dag_decorator.py
[2025-08-15T08:00:28.692+0000] {logging_mixin.py:149} INFO - [2025-08-15T08:00:28.692+0000] {dag.py:2726} INFO - Sync 1 DAGs
[2025-08-15T08:00:28.718+0000] {logging_mixin.py:149} INFO - [2025-08-15T08:00:28.718+0000] {dag.py:3490} INFO - Setting next_dagrun for example_dag_decorator to None, run_after=None
[2025-08-15T08:00:28.743+0000] {processor.py:179} INFO - Processing /home/airflow/.local/lib/python3.7/site-packages/airflow/example_dags/example_dag_decorator.py took 0.220 seconds
[2025-08-15T08:00:58.833+0000] {processor.py:157} INFO - Started process (PID=10576) to work on /home/airflow/.local/lib/python3.7/site-packages/airflow/example_dags/example_dag_decorator.py
[2025-08-15T08:00:58.835+0000] {processor.py:826} INFO - Processing file /home/airflow/.local/lib/python3.7/site-packages/airflow/example_dags/example_dag_decorator.py for tasks to queue
[2025-08-15T08:00:58.836+0000] {logging_mixin.py:149} INFO - [2025-08-15T08:00:58.836+0000] {dagbag.py:541} INFO - Filling up the DagBag from /home/airflow/.local/lib/python3.7/site-packages/airflow/example_dags/example_dag_decorator.py
[2025-08-15T08:00:58.856+0000] {processor.py:836} INFO - DAG(s) dict_keys(['example_dag_decorator']) retrieved from /home/airflow/.local/lib/python3.7/site-packages/airflow/example_dags/example_dag_decorator.py
[2025-08-15T08:00:58.997+0000] {logging_mixin.py:149} INFO - [2025-08-15T08:00:58.997+0000] {dag.py:2726} INFO - Sync 1 DAGs
[2025-08-15T08:00:59.024+0000] {logging_mixin.py:149} INFO - [2025-08-15T08:00:59.023+0000] {dag.py:3490} INFO - Setting next_dagrun for example_dag_decorator to None, run_after=None
[2025-08-15T08:00:59.048+0000] {processor.py:179} INFO - Processing /home/airflow/.local/lib/python3.7/site-packages/airflow/example_dags/example_dag_decorator.py took 0.219 seconds
[2025-08-15T08:01:29.256+0000] {processor.py:157} INFO - Started process (PID=10821) to work on /home/airflow/.local/lib/python3.7/site-packages/airflow/example_dags/example_dag_decorator.py
[2025-08-15T08:01:29.257+0000] {processor.py:826} INFO - Processing file /home/airflow/.local/lib/python3.7/site-packages/airflow/example_dags/example_dag_decorator.py for tasks to queue
[2025-08-15T08:01:29.258+0000] {logging_mixin.py:149} INFO - [2025-08-15T08:01:29.258+0000] {dagbag.py:541} INFO - Filling up the DagBag from /home/airflow/.local/lib/python3.7/site-packages/airflow/example_dags/example_dag_decorator.py
[2025-08-15T08:01:29.274+0000] {processor.py:836} INFO - DAG(s) dict_keys(['example_dag_decorator']) retrieved from /home/airflow/.local/lib/python3.7/site-packages/airflow/example_dags/example_dag_decorator.py
[2025-08-15T08:01:29.418+0000] {logging_mixin.py:149} INFO - [2025-08-15T08:01:29.418+0000] {dag.py:2726} INFO - Sync 1 DAGs
[2025-08-15T08:01:29.450+0000] {logging_mixin.py:149} INFO - [2025-08-15T08:01:29.449+0000] {dag.py:3490} INFO - Setting next_dagrun for example_dag_decorator to None, run_after=None
[2025-08-15T08:01:29.474+0000] {processor.py:179} INFO - Processing /home/airflow/.local/lib/python3.7/site-packages/airflow/example_dags/example_dag_decorator.py took 0.222 seconds
[2025-08-15T08:01:59.679+0000] {processor.py:157} INFO - Started process (PID=11066) to work on /home/airflow/.local/lib/python3.7/site-packages/airflow/example_dags/example_dag_decorator.py
[2025-08-15T08:01:59.680+0000] {processor.py:826} INFO - Processing file /home/airflow/.local/lib/python3.7/site-packages/airflow/example_dags/example_dag_decorator.py for tasks to queue
[2025-08-15T08:01:59.680+0000] {logging_mixin.py:149} INFO - [2025-08-15T08:01:59.680+0000] {dagbag.py:541} INFO - Filling up the DagBag from /home/airflow/.local/lib/python3.7/site-packages/airflow/example_dags/example_dag_decorator.py
[2025-08-15T08:01:59.697+0000] {processor.py:836} INFO - DAG(s) dict_keys(['example_dag_decorator']) retrieved from /home/airflow/.local/lib/python3.7/site-packages/airflow/example_dags/example_dag_decorator.py
[2025-08-15T08:01:59.844+0000] {logging_mixin.py:149} INFO - [2025-08-15T08:01:59.844+0000] {dag.py:2726} INFO - Sync 1 DAGs
[2025-08-15T08:01:59.871+0000] {logging_mixin.py:149} INFO - [2025-08-15T08:01:59.871+0000] {dag.py:3490} INFO - Setting next_dagrun for example_dag_decorator to None, run_after=None
[2025-08-15T08:01:59.895+0000] {processor.py:179} INFO - Processing /home/airflow/.local/lib/python3.7/site-packages/airflow/example_dags/example_dag_decorator.py took 0.220 seconds
[2025-08-15T08:02:30.010+0000] {processor.py:157} INFO - Started process (PID=11316) to work on /home/airflow/.local/lib/python3.7/site-packages/airflow/example_dags/example_dag_decorator.py
[2025-08-15T08:02:30.011+0000] {processor.py:826} INFO - Processing file /home/airflow/.local/lib/python3.7/site-packages/airflow/example_dags/example_dag_decorator.py for tasks to queue
[2025-08-15T08:02:30.012+0000] {logging_mixin.py:149} INFO - [2025-08-15T08:02:30.012+0000] {dagbag.py:541} INFO - Filling up the DagBag from /home/airflow/.local/lib/python3.7/site-packages/airflow/example_dags/example_dag_decorator.py
[2025-08-15T08:02:30.030+0000] {processor.py:836} INFO - DAG(s) dict_keys(['example_dag_decorator']) retrieved from /home/airflow/.local/lib/python3.7/site-packages/airflow/example_dags/example_dag_decorator.py
[2025-08-15T08:02:30.174+0000] {logging_mixin.py:149} INFO - [2025-08-15T08:02:30.174+0000] {dag.py:2726} INFO - Sync 1 DAGs
[2025-08-15T08:02:30.200+0000] {logging_mixin.py:149} INFO - [2025-08-15T08:02:30.200+0000] {dag.py:3490} INFO - Setting next_dagrun for example_dag_decorator to None, run_after=None
[2025-08-15T08:02:30.225+0000] {processor.py:179} INFO - Processing /home/airflow/.local/lib/python3.7/site-packages/airflow/example_dags/example_dag_decorator.py took 0.220 seconds
