[2025-08-15T07:27:48.378+0000] {processor.py:157} INFO - Started process (PID=295) to work on /home/airflow/.local/lib/python3.7/site-packages/airflow/example_dags/tutorial_taskflow_api.py
[2025-08-15T07:27:48.379+0000] {processor.py:826} INFO - Processing file /home/airflow/.local/lib/python3.7/site-packages/airflow/example_dags/tutorial_taskflow_api.py for tasks to queue
[2025-08-15T07:27:48.380+0000] {logging_mixin.py:149} INFO - [2025-08-15T07:27:48.380+0000] {dagbag.py:541} INFO - Filling up the DagBag from /home/airflow/.local/lib/python3.7/site-packages/airflow/example_dags/tutorial_taskflow_api.py
[2025-08-15T07:27:48.390+0000] {processor.py:836} INFO - DAG(s) dict_keys(['tutorial_taskflow_api']) retrieved from /home/airflow/.local/lib/python3.7/site-packages/airflow/example_dags/tutorial_taskflow_api.py
[2025-08-15T07:27:48.427+0000] {logging_mixin.py:149} INFO - [2025-08-15T07:27:48.426+0000] {dag.py:2726} INFO - Sync 1 DAGs
[2025-08-15T07:27:48.459+0000] {logging_mixin.py:149} INFO - [2025-08-15T07:27:48.459+0000] {dag.py:3490} INFO - Setting next_dagrun for tutorial_taskflow_api to None, run_after=None
[2025-08-15T07:27:48.483+0000] {processor.py:179} INFO - Processing /home/airflow/.local/lib/python3.7/site-packages/airflow/example_dags/tutorial_taskflow_api.py took 0.109 seconds
[2025-08-15T07:39:41.815+0000] {processor.py:157} INFO - Started process (PID=296) to work on /home/airflow/.local/lib/python3.7/site-packages/airflow/example_dags/tutorial_taskflow_api.py
[2025-08-15T07:39:41.817+0000] {processor.py:826} INFO - Processing file /home/airflow/.local/lib/python3.7/site-packages/airflow/example_dags/tutorial_taskflow_api.py for tasks to queue
[2025-08-15T07:39:41.818+0000] {logging_mixin.py:149} INFO - [2025-08-15T07:39:41.818+0000] {dagbag.py:541} INFO - Filling up the DagBag from /home/airflow/.local/lib/python3.7/site-packages/airflow/example_dags/tutorial_taskflow_api.py
[2025-08-15T07:39:41.829+0000] {processor.py:836} INFO - DAG(s) dict_keys(['tutorial_taskflow_api']) retrieved from /home/airflow/.local/lib/python3.7/site-packages/airflow/example_dags/tutorial_taskflow_api.py
[2025-08-15T07:39:41.886+0000] {logging_mixin.py:149} INFO - [2025-08-15T07:39:41.886+0000] {dag.py:2726} INFO - Sync 1 DAGs
[2025-08-15T07:39:41.931+0000] {logging_mixin.py:149} INFO - [2025-08-15T07:39:41.931+0000] {dag.py:3490} INFO - Setting next_dagrun for tutorial_taskflow_api to None, run_after=None
[2025-08-15T07:39:41.960+0000] {processor.py:179} INFO - Processing /home/airflow/.local/lib/python3.7/site-packages/airflow/example_dags/tutorial_taskflow_api.py took 0.149 seconds
[2025-08-15T07:40:12.859+0000] {processor.py:157} INFO - Started process (PID=541) to work on /home/airflow/.local/lib/python3.7/site-packages/airflow/example_dags/tutorial_taskflow_api.py
[2025-08-15T07:40:12.860+0000] {processor.py:826} INFO - Processing file /home/airflow/.local/lib/python3.7/site-packages/airflow/example_dags/tutorial_taskflow_api.py for tasks to queue
[2025-08-15T07:40:12.860+0000] {logging_mixin.py:149} INFO - [2025-08-15T07:40:12.860+0000] {dagbag.py:541} INFO - Filling up the DagBag from /home/airflow/.local/lib/python3.7/site-packages/airflow/example_dags/tutorial_taskflow_api.py
[2025-08-15T07:40:12.866+0000] {processor.py:836} INFO - DAG(s) dict_keys(['tutorial_taskflow_api']) retrieved from /home/airflow/.local/lib/python3.7/site-packages/airflow/example_dags/tutorial_taskflow_api.py
[2025-08-15T07:40:12.893+0000] {logging_mixin.py:149} INFO - [2025-08-15T07:40:12.893+0000] {dag.py:2726} INFO - Sync 1 DAGs
[2025-08-15T07:40:12.939+0000] {logging_mixin.py:149} INFO - [2025-08-15T07:40:12.939+0000] {dag.py:3490} INFO - Setting next_dagrun for tutorial_taskflow_api to None, run_after=None
[2025-08-15T07:40:12.965+0000] {processor.py:179} INFO - Processing /home/airflow/.local/lib/python3.7/site-packages/airflow/example_dags/tutorial_taskflow_api.py took 0.110 seconds
[2025-08-15T07:40:43.612+0000] {processor.py:157} INFO - Started process (PID=786) to work on /home/airflow/.local/lib/python3.7/site-packages/airflow/example_dags/tutorial_taskflow_api.py
[2025-08-15T07:40:43.613+0000] {processor.py:826} INFO - Processing file /home/airflow/.local/lib/python3.7/site-packages/airflow/example_dags/tutorial_taskflow_api.py for tasks to queue
[2025-08-15T07:40:43.614+0000] {logging_mixin.py:149} INFO - [2025-08-15T07:40:43.614+0000] {dagbag.py:541} INFO - Filling up the DagBag from /home/airflow/.local/lib/python3.7/site-packages/airflow/example_dags/tutorial_taskflow_api.py
[2025-08-15T07:40:43.622+0000] {processor.py:836} INFO - DAG(s) dict_keys(['tutorial_taskflow_api']) retrieved from /home/airflow/.local/lib/python3.7/site-packages/airflow/example_dags/tutorial_taskflow_api.py
[2025-08-15T07:40:43.651+0000] {logging_mixin.py:149} INFO - [2025-08-15T07:40:43.651+0000] {dag.py:2726} INFO - Sync 1 DAGs
[2025-08-15T07:40:43.679+0000] {logging_mixin.py:149} INFO - [2025-08-15T07:40:43.679+0000] {dag.py:3490} INFO - Setting next_dagrun for tutorial_taskflow_api to None, run_after=None
[2025-08-15T07:40:43.803+0000] {processor.py:179} INFO - Processing /home/airflow/.local/lib/python3.7/site-packages/airflow/example_dags/tutorial_taskflow_api.py took 0.196 seconds
[2025-08-15T07:41:14.073+0000] {processor.py:157} INFO - Started process (PID=1031) to work on /home/airflow/.local/lib/python3.7/site-packages/airflow/example_dags/tutorial_taskflow_api.py
[2025-08-15T07:41:14.074+0000] {processor.py:826} INFO - Processing file /home/airflow/.local/lib/python3.7/site-packages/airflow/example_dags/tutorial_taskflow_api.py for tasks to queue
[2025-08-15T07:41:14.075+0000] {logging_mixin.py:149} INFO - [2025-08-15T07:41:14.075+0000] {dagbag.py:541} INFO - Filling up the DagBag from /home/airflow/.local/lib/python3.7/site-packages/airflow/example_dags/tutorial_taskflow_api.py
[2025-08-15T07:41:14.178+0000] {processor.py:836} INFO - DAG(s) dict_keys(['tutorial_taskflow_api']) retrieved from /home/airflow/.local/lib/python3.7/site-packages/airflow/example_dags/tutorial_taskflow_api.py
[2025-08-15T07:41:14.201+0000] {logging_mixin.py:149} INFO - [2025-08-15T07:41:14.201+0000] {dag.py:2726} INFO - Sync 1 DAGs
[2025-08-15T07:41:14.226+0000] {logging_mixin.py:149} INFO - [2025-08-15T07:41:14.226+0000] {dag.py:3490} INFO - Setting next_dagrun for tutorial_taskflow_api to None, run_after=None
[2025-08-15T07:41:14.248+0000] {processor.py:179} INFO - Processing /home/airflow/.local/lib/python3.7/site-packages/airflow/example_dags/tutorial_taskflow_api.py took 0.178 seconds
[2025-08-15T07:41:44.951+0000] {processor.py:157} INFO - Started process (PID=1276) to work on /home/airflow/.local/lib/python3.7/site-packages/airflow/example_dags/tutorial_taskflow_api.py
[2025-08-15T07:41:44.952+0000] {processor.py:826} INFO - Processing file /home/airflow/.local/lib/python3.7/site-packages/airflow/example_dags/tutorial_taskflow_api.py for tasks to queue
[2025-08-15T07:41:44.953+0000] {logging_mixin.py:149} INFO - [2025-08-15T07:41:44.952+0000] {dagbag.py:541} INFO - Filling up the DagBag from /home/airflow/.local/lib/python3.7/site-packages/airflow/example_dags/tutorial_taskflow_api.py
[2025-08-15T07:41:44.959+0000] {processor.py:836} INFO - DAG(s) dict_keys(['tutorial_taskflow_api']) retrieved from /home/airflow/.local/lib/python3.7/site-packages/airflow/example_dags/tutorial_taskflow_api.py
[2025-08-15T07:41:44.985+0000] {logging_mixin.py:149} INFO - [2025-08-15T07:41:44.985+0000] {dag.py:2726} INFO - Sync 1 DAGs
[2025-08-15T07:41:45.014+0000] {logging_mixin.py:149} INFO - [2025-08-15T07:41:45.014+0000] {dag.py:3490} INFO - Setting next_dagrun for tutorial_taskflow_api to None, run_after=None
[2025-08-15T07:41:45.037+0000] {processor.py:179} INFO - Processing /home/airflow/.local/lib/python3.7/site-packages/airflow/example_dags/tutorial_taskflow_api.py took 0.090 seconds
[2025-08-15T07:42:15.329+0000] {processor.py:157} INFO - Started process (PID=1521) to work on /home/airflow/.local/lib/python3.7/site-packages/airflow/example_dags/tutorial_taskflow_api.py
[2025-08-15T07:42:15.330+0000] {processor.py:826} INFO - Processing file /home/airflow/.local/lib/python3.7/site-packages/airflow/example_dags/tutorial_taskflow_api.py for tasks to queue
[2025-08-15T07:42:15.331+0000] {logging_mixin.py:149} INFO - [2025-08-15T07:42:15.331+0000] {dagbag.py:541} INFO - Filling up the DagBag from /home/airflow/.local/lib/python3.7/site-packages/airflow/example_dags/tutorial_taskflow_api.py
[2025-08-15T07:42:15.337+0000] {processor.py:836} INFO - DAG(s) dict_keys(['tutorial_taskflow_api']) retrieved from /home/airflow/.local/lib/python3.7/site-packages/airflow/example_dags/tutorial_taskflow_api.py
[2025-08-15T07:42:15.365+0000] {logging_mixin.py:149} INFO - [2025-08-15T07:42:15.365+0000] {dag.py:2726} INFO - Sync 1 DAGs
[2025-08-15T07:42:15.394+0000] {logging_mixin.py:149} INFO - [2025-08-15T07:42:15.393+0000] {dag.py:3490} INFO - Setting next_dagrun for tutorial_taskflow_api to None, run_after=None
[2025-08-15T07:42:15.415+0000] {processor.py:179} INFO - Processing /home/airflow/.local/lib/python3.7/site-packages/airflow/example_dags/tutorial_taskflow_api.py took 0.090 seconds
[2025-08-15T07:42:45.451+0000] {processor.py:157} INFO - Started process (PID=1761) to work on /home/airflow/.local/lib/python3.7/site-packages/airflow/example_dags/tutorial_taskflow_api.py
[2025-08-15T07:42:45.452+0000] {processor.py:826} INFO - Processing file /home/airflow/.local/lib/python3.7/site-packages/airflow/example_dags/tutorial_taskflow_api.py for tasks to queue
[2025-08-15T07:42:45.453+0000] {logging_mixin.py:149} INFO - [2025-08-15T07:42:45.453+0000] {dagbag.py:541} INFO - Filling up the DagBag from /home/airflow/.local/lib/python3.7/site-packages/airflow/example_dags/tutorial_taskflow_api.py
[2025-08-15T07:42:45.459+0000] {processor.py:836} INFO - DAG(s) dict_keys(['tutorial_taskflow_api']) retrieved from /home/airflow/.local/lib/python3.7/site-packages/airflow/example_dags/tutorial_taskflow_api.py
[2025-08-15T07:42:45.485+0000] {logging_mixin.py:149} INFO - [2025-08-15T07:42:45.485+0000] {dag.py:2726} INFO - Sync 1 DAGs
[2025-08-15T07:42:45.513+0000] {logging_mixin.py:149} INFO - [2025-08-15T07:42:45.513+0000] {dag.py:3490} INFO - Setting next_dagrun for tutorial_taskflow_api to None, run_after=None
[2025-08-15T07:42:45.535+0000] {processor.py:179} INFO - Processing /home/airflow/.local/lib/python3.7/site-packages/airflow/example_dags/tutorial_taskflow_api.py took 0.088 seconds
[2025-08-15T07:43:15.711+0000] {processor.py:157} INFO - Started process (PID=2006) to work on /home/airflow/.local/lib/python3.7/site-packages/airflow/example_dags/tutorial_taskflow_api.py
[2025-08-15T07:43:15.712+0000] {processor.py:826} INFO - Processing file /home/airflow/.local/lib/python3.7/site-packages/airflow/example_dags/tutorial_taskflow_api.py for tasks to queue
[2025-08-15T07:43:15.713+0000] {logging_mixin.py:149} INFO - [2025-08-15T07:43:15.713+0000] {dagbag.py:541} INFO - Filling up the DagBag from /home/airflow/.local/lib/python3.7/site-packages/airflow/example_dags/tutorial_taskflow_api.py
[2025-08-15T07:43:15.719+0000] {processor.py:836} INFO - DAG(s) dict_keys(['tutorial_taskflow_api']) retrieved from /home/airflow/.local/lib/python3.7/site-packages/airflow/example_dags/tutorial_taskflow_api.py
[2025-08-15T07:43:15.747+0000] {logging_mixin.py:149} INFO - [2025-08-15T07:43:15.747+0000] {dag.py:2726} INFO - Sync 1 DAGs
[2025-08-15T07:43:15.775+0000] {logging_mixin.py:149} INFO - [2025-08-15T07:43:15.775+0000] {dag.py:3490} INFO - Setting next_dagrun for tutorial_taskflow_api to None, run_after=None
[2025-08-15T07:43:15.799+0000] {processor.py:179} INFO - Processing /home/airflow/.local/lib/python3.7/site-packages/airflow/example_dags/tutorial_taskflow_api.py took 0.092 seconds
[2025-08-15T07:43:46.019+0000] {processor.py:157} INFO - Started process (PID=2246) to work on /home/airflow/.local/lib/python3.7/site-packages/airflow/example_dags/tutorial_taskflow_api.py
[2025-08-15T07:43:46.020+0000] {processor.py:826} INFO - Processing file /home/airflow/.local/lib/python3.7/site-packages/airflow/example_dags/tutorial_taskflow_api.py for tasks to queue
[2025-08-15T07:43:46.021+0000] {logging_mixin.py:149} INFO - [2025-08-15T07:43:46.021+0000] {dagbag.py:541} INFO - Filling up the DagBag from /home/airflow/.local/lib/python3.7/site-packages/airflow/example_dags/tutorial_taskflow_api.py
[2025-08-15T07:43:46.032+0000] {processor.py:836} INFO - DAG(s) dict_keys(['tutorial_taskflow_api']) retrieved from /home/airflow/.local/lib/python3.7/site-packages/airflow/example_dags/tutorial_taskflow_api.py
[2025-08-15T07:43:46.062+0000] {logging_mixin.py:149} INFO - [2025-08-15T07:43:46.062+0000] {dag.py:2726} INFO - Sync 1 DAGs
[2025-08-15T07:43:46.092+0000] {logging_mixin.py:149} INFO - [2025-08-15T07:43:46.092+0000] {dag.py:3490} INFO - Setting next_dagrun for tutorial_taskflow_api to None, run_after=None
[2025-08-15T07:43:46.114+0000] {processor.py:179} INFO - Processing /home/airflow/.local/lib/python3.7/site-packages/airflow/example_dags/tutorial_taskflow_api.py took 0.100 seconds
[2025-08-15T07:44:16.347+0000] {processor.py:157} INFO - Started process (PID=2491) to work on /home/airflow/.local/lib/python3.7/site-packages/airflow/example_dags/tutorial_taskflow_api.py
[2025-08-15T07:44:16.349+0000] {processor.py:826} INFO - Processing file /home/airflow/.local/lib/python3.7/site-packages/airflow/example_dags/tutorial_taskflow_api.py for tasks to queue
[2025-08-15T07:44:16.350+0000] {logging_mixin.py:149} INFO - [2025-08-15T07:44:16.349+0000] {dagbag.py:541} INFO - Filling up the DagBag from /home/airflow/.local/lib/python3.7/site-packages/airflow/example_dags/tutorial_taskflow_api.py
[2025-08-15T07:44:16.359+0000] {processor.py:836} INFO - DAG(s) dict_keys(['tutorial_taskflow_api']) retrieved from /home/airflow/.local/lib/python3.7/site-packages/airflow/example_dags/tutorial_taskflow_api.py
[2025-08-15T07:44:16.387+0000] {logging_mixin.py:149} INFO - [2025-08-15T07:44:16.387+0000] {dag.py:2726} INFO - Sync 1 DAGs
[2025-08-15T07:44:16.417+0000] {logging_mixin.py:149} INFO - [2025-08-15T07:44:16.417+0000] {dag.py:3490} INFO - Setting next_dagrun for tutorial_taskflow_api to None, run_after=None
[2025-08-15T07:44:16.439+0000] {processor.py:179} INFO - Processing /home/airflow/.local/lib/python3.7/site-packages/airflow/example_dags/tutorial_taskflow_api.py took 0.097 seconds
[2025-08-15T07:44:46.606+0000] {processor.py:157} INFO - Started process (PID=2736) to work on /home/airflow/.local/lib/python3.7/site-packages/airflow/example_dags/tutorial_taskflow_api.py
[2025-08-15T07:44:46.607+0000] {processor.py:826} INFO - Processing file /home/airflow/.local/lib/python3.7/site-packages/airflow/example_dags/tutorial_taskflow_api.py for tasks to queue
[2025-08-15T07:44:46.608+0000] {logging_mixin.py:149} INFO - [2025-08-15T07:44:46.608+0000] {dagbag.py:541} INFO - Filling up the DagBag from /home/airflow/.local/lib/python3.7/site-packages/airflow/example_dags/tutorial_taskflow_api.py
[2025-08-15T07:44:46.617+0000] {processor.py:836} INFO - DAG(s) dict_keys(['tutorial_taskflow_api']) retrieved from /home/airflow/.local/lib/python3.7/site-packages/airflow/example_dags/tutorial_taskflow_api.py
[2025-08-15T07:44:46.645+0000] {logging_mixin.py:149} INFO - [2025-08-15T07:44:46.645+0000] {dag.py:2726} INFO - Sync 1 DAGs
[2025-08-15T07:44:46.674+0000] {logging_mixin.py:149} INFO - [2025-08-15T07:44:46.674+0000] {dag.py:3490} INFO - Setting next_dagrun for tutorial_taskflow_api to None, run_after=None
[2025-08-15T07:44:46.698+0000] {processor.py:179} INFO - Processing /home/airflow/.local/lib/python3.7/site-packages/airflow/example_dags/tutorial_taskflow_api.py took 0.097 seconds
[2025-08-15T07:45:17.000+0000] {processor.py:157} INFO - Started process (PID=2981) to work on /home/airflow/.local/lib/python3.7/site-packages/airflow/example_dags/tutorial_taskflow_api.py
[2025-08-15T07:45:17.001+0000] {processor.py:826} INFO - Processing file /home/airflow/.local/lib/python3.7/site-packages/airflow/example_dags/tutorial_taskflow_api.py for tasks to queue
[2025-08-15T07:45:17.002+0000] {logging_mixin.py:149} INFO - [2025-08-15T07:45:17.001+0000] {dagbag.py:541} INFO - Filling up the DagBag from /home/airflow/.local/lib/python3.7/site-packages/airflow/example_dags/tutorial_taskflow_api.py
[2025-08-15T07:45:17.008+0000] {processor.py:836} INFO - DAG(s) dict_keys(['tutorial_taskflow_api']) retrieved from /home/airflow/.local/lib/python3.7/site-packages/airflow/example_dags/tutorial_taskflow_api.py
[2025-08-15T07:45:17.035+0000] {logging_mixin.py:149} INFO - [2025-08-15T07:45:17.035+0000] {dag.py:2726} INFO - Sync 1 DAGs
[2025-08-15T07:45:17.064+0000] {logging_mixin.py:149} INFO - [2025-08-15T07:45:17.064+0000] {dag.py:3490} INFO - Setting next_dagrun for tutorial_taskflow_api to None, run_after=None
[2025-08-15T07:45:17.086+0000] {processor.py:179} INFO - Processing /home/airflow/.local/lib/python3.7/site-packages/airflow/example_dags/tutorial_taskflow_api.py took 0.089 seconds
[2025-08-15T07:45:47.633+0000] {processor.py:157} INFO - Started process (PID=3231) to work on /home/airflow/.local/lib/python3.7/site-packages/airflow/example_dags/tutorial_taskflow_api.py
[2025-08-15T07:45:47.634+0000] {processor.py:826} INFO - Processing file /home/airflow/.local/lib/python3.7/site-packages/airflow/example_dags/tutorial_taskflow_api.py for tasks to queue
[2025-08-15T07:45:47.634+0000] {logging_mixin.py:149} INFO - [2025-08-15T07:45:47.634+0000] {dagbag.py:541} INFO - Filling up the DagBag from /home/airflow/.local/lib/python3.7/site-packages/airflow/example_dags/tutorial_taskflow_api.py
[2025-08-15T07:45:47.641+0000] {processor.py:836} INFO - DAG(s) dict_keys(['tutorial_taskflow_api']) retrieved from /home/airflow/.local/lib/python3.7/site-packages/airflow/example_dags/tutorial_taskflow_api.py
[2025-08-15T07:45:47.668+0000] {logging_mixin.py:149} INFO - [2025-08-15T07:45:47.667+0000] {dag.py:2726} INFO - Sync 1 DAGs
[2025-08-15T07:45:47.697+0000] {logging_mixin.py:149} INFO - [2025-08-15T07:45:47.697+0000] {dag.py:3490} INFO - Setting next_dagrun for tutorial_taskflow_api to None, run_after=None
[2025-08-15T07:45:47.718+0000] {processor.py:179} INFO - Processing /home/airflow/.local/lib/python3.7/site-packages/airflow/example_dags/tutorial_taskflow_api.py took 0.089 seconds
[2025-08-15T07:46:17.892+0000] {processor.py:157} INFO - Started process (PID=3476) to work on /home/airflow/.local/lib/python3.7/site-packages/airflow/example_dags/tutorial_taskflow_api.py
[2025-08-15T07:46:17.893+0000] {processor.py:826} INFO - Processing file /home/airflow/.local/lib/python3.7/site-packages/airflow/example_dags/tutorial_taskflow_api.py for tasks to queue
[2025-08-15T07:46:17.894+0000] {logging_mixin.py:149} INFO - [2025-08-15T07:46:17.893+0000] {dagbag.py:541} INFO - Filling up the DagBag from /home/airflow/.local/lib/python3.7/site-packages/airflow/example_dags/tutorial_taskflow_api.py
[2025-08-15T07:46:17.900+0000] {processor.py:836} INFO - DAG(s) dict_keys(['tutorial_taskflow_api']) retrieved from /home/airflow/.local/lib/python3.7/site-packages/airflow/example_dags/tutorial_taskflow_api.py
[2025-08-15T07:46:17.929+0000] {logging_mixin.py:149} INFO - [2025-08-15T07:46:17.929+0000] {dag.py:2726} INFO - Sync 1 DAGs
[2025-08-15T07:46:17.959+0000] {logging_mixin.py:149} INFO - [2025-08-15T07:46:17.958+0000] {dag.py:3490} INFO - Setting next_dagrun for tutorial_taskflow_api to None, run_after=None
[2025-08-15T07:46:17.981+0000] {processor.py:179} INFO - Processing /home/airflow/.local/lib/python3.7/site-packages/airflow/example_dags/tutorial_taskflow_api.py took 0.093 seconds
[2025-08-15T07:46:48.297+0000] {processor.py:157} INFO - Started process (PID=3721) to work on /home/airflow/.local/lib/python3.7/site-packages/airflow/example_dags/tutorial_taskflow_api.py
[2025-08-15T07:46:48.298+0000] {processor.py:826} INFO - Processing file /home/airflow/.local/lib/python3.7/site-packages/airflow/example_dags/tutorial_taskflow_api.py for tasks to queue
[2025-08-15T07:46:48.299+0000] {logging_mixin.py:149} INFO - [2025-08-15T07:46:48.299+0000] {dagbag.py:541} INFO - Filling up the DagBag from /home/airflow/.local/lib/python3.7/site-packages/airflow/example_dags/tutorial_taskflow_api.py
[2025-08-15T07:46:48.306+0000] {processor.py:836} INFO - DAG(s) dict_keys(['tutorial_taskflow_api']) retrieved from /home/airflow/.local/lib/python3.7/site-packages/airflow/example_dags/tutorial_taskflow_api.py
[2025-08-15T07:46:48.333+0000] {logging_mixin.py:149} INFO - [2025-08-15T07:46:48.333+0000] {dag.py:2726} INFO - Sync 1 DAGs
[2025-08-15T07:46:48.362+0000] {logging_mixin.py:149} INFO - [2025-08-15T07:46:48.362+0000] {dag.py:3490} INFO - Setting next_dagrun for tutorial_taskflow_api to None, run_after=None
[2025-08-15T07:46:48.385+0000] {processor.py:179} INFO - Processing /home/airflow/.local/lib/python3.7/site-packages/airflow/example_dags/tutorial_taskflow_api.py took 0.091 seconds
[2025-08-15T07:47:18.678+0000] {processor.py:157} INFO - Started process (PID=3966) to work on /home/airflow/.local/lib/python3.7/site-packages/airflow/example_dags/tutorial_taskflow_api.py
[2025-08-15T07:47:18.679+0000] {processor.py:826} INFO - Processing file /home/airflow/.local/lib/python3.7/site-packages/airflow/example_dags/tutorial_taskflow_api.py for tasks to queue
[2025-08-15T07:47:18.680+0000] {logging_mixin.py:149} INFO - [2025-08-15T07:47:18.680+0000] {dagbag.py:541} INFO - Filling up the DagBag from /home/airflow/.local/lib/python3.7/site-packages/airflow/example_dags/tutorial_taskflow_api.py
[2025-08-15T07:47:18.686+0000] {processor.py:836} INFO - DAG(s) dict_keys(['tutorial_taskflow_api']) retrieved from /home/airflow/.local/lib/python3.7/site-packages/airflow/example_dags/tutorial_taskflow_api.py
[2025-08-15T07:47:18.713+0000] {logging_mixin.py:149} INFO - [2025-08-15T07:47:18.713+0000] {dag.py:2726} INFO - Sync 1 DAGs
[2025-08-15T07:47:18.742+0000] {logging_mixin.py:149} INFO - [2025-08-15T07:47:18.742+0000] {dag.py:3490} INFO - Setting next_dagrun for tutorial_taskflow_api to None, run_after=None
[2025-08-15T07:47:18.764+0000] {processor.py:179} INFO - Processing /home/airflow/.local/lib/python3.7/site-packages/airflow/example_dags/tutorial_taskflow_api.py took 0.089 seconds
[2025-08-15T07:47:48.972+0000] {processor.py:157} INFO - Started process (PID=4211) to work on /home/airflow/.local/lib/python3.7/site-packages/airflow/example_dags/tutorial_taskflow_api.py
[2025-08-15T07:47:48.973+0000] {processor.py:826} INFO - Processing file /home/airflow/.local/lib/python3.7/site-packages/airflow/example_dags/tutorial_taskflow_api.py for tasks to queue
[2025-08-15T07:47:48.974+0000] {logging_mixin.py:149} INFO - [2025-08-15T07:47:48.973+0000] {dagbag.py:541} INFO - Filling up the DagBag from /home/airflow/.local/lib/python3.7/site-packages/airflow/example_dags/tutorial_taskflow_api.py
[2025-08-15T07:47:48.980+0000] {processor.py:836} INFO - DAG(s) dict_keys(['tutorial_taskflow_api']) retrieved from /home/airflow/.local/lib/python3.7/site-packages/airflow/example_dags/tutorial_taskflow_api.py
[2025-08-15T07:47:49.007+0000] {logging_mixin.py:149} INFO - [2025-08-15T07:47:49.007+0000] {dag.py:2726} INFO - Sync 1 DAGs
[2025-08-15T07:47:49.035+0000] {logging_mixin.py:149} INFO - [2025-08-15T07:47:49.035+0000] {dag.py:3490} INFO - Setting next_dagrun for tutorial_taskflow_api to None, run_after=None
[2025-08-15T07:47:49.057+0000] {processor.py:179} INFO - Processing /home/airflow/.local/lib/python3.7/site-packages/airflow/example_dags/tutorial_taskflow_api.py took 0.089 seconds
[2025-08-15T07:48:19.511+0000] {processor.py:157} INFO - Started process (PID=4456) to work on /home/airflow/.local/lib/python3.7/site-packages/airflow/example_dags/tutorial_taskflow_api.py
[2025-08-15T07:48:19.512+0000] {processor.py:826} INFO - Processing file /home/airflow/.local/lib/python3.7/site-packages/airflow/example_dags/tutorial_taskflow_api.py for tasks to queue
[2025-08-15T07:48:19.513+0000] {logging_mixin.py:149} INFO - [2025-08-15T07:48:19.512+0000] {dagbag.py:541} INFO - Filling up the DagBag from /home/airflow/.local/lib/python3.7/site-packages/airflow/example_dags/tutorial_taskflow_api.py
[2025-08-15T07:48:19.519+0000] {processor.py:836} INFO - DAG(s) dict_keys(['tutorial_taskflow_api']) retrieved from /home/airflow/.local/lib/python3.7/site-packages/airflow/example_dags/tutorial_taskflow_api.py
[2025-08-15T07:48:19.548+0000] {logging_mixin.py:149} INFO - [2025-08-15T07:48:19.548+0000] {dag.py:2726} INFO - Sync 1 DAGs
[2025-08-15T07:48:19.578+0000] {logging_mixin.py:149} INFO - [2025-08-15T07:48:19.577+0000] {dag.py:3490} INFO - Setting next_dagrun for tutorial_taskflow_api to None, run_after=None
[2025-08-15T07:48:19.599+0000] {processor.py:179} INFO - Processing /home/airflow/.local/lib/python3.7/site-packages/airflow/example_dags/tutorial_taskflow_api.py took 0.093 seconds
[2025-08-15T07:48:49.796+0000] {processor.py:157} INFO - Started process (PID=4701) to work on /home/airflow/.local/lib/python3.7/site-packages/airflow/example_dags/tutorial_taskflow_api.py
[2025-08-15T07:48:49.797+0000] {processor.py:826} INFO - Processing file /home/airflow/.local/lib/python3.7/site-packages/airflow/example_dags/tutorial_taskflow_api.py for tasks to queue
[2025-08-15T07:48:49.798+0000] {logging_mixin.py:149} INFO - [2025-08-15T07:48:49.798+0000] {dagbag.py:541} INFO - Filling up the DagBag from /home/airflow/.local/lib/python3.7/site-packages/airflow/example_dags/tutorial_taskflow_api.py
[2025-08-15T07:48:49.804+0000] {processor.py:836} INFO - DAG(s) dict_keys(['tutorial_taskflow_api']) retrieved from /home/airflow/.local/lib/python3.7/site-packages/airflow/example_dags/tutorial_taskflow_api.py
[2025-08-15T07:48:49.831+0000] {logging_mixin.py:149} INFO - [2025-08-15T07:48:49.831+0000] {dag.py:2726} INFO - Sync 1 DAGs
[2025-08-15T07:48:49.859+0000] {logging_mixin.py:149} INFO - [2025-08-15T07:48:49.859+0000] {dag.py:3490} INFO - Setting next_dagrun for tutorial_taskflow_api to None, run_after=None
[2025-08-15T07:48:49.882+0000] {processor.py:179} INFO - Processing /home/airflow/.local/lib/python3.7/site-packages/airflow/example_dags/tutorial_taskflow_api.py took 0.089 seconds
[2025-08-15T07:49:20.390+0000] {processor.py:157} INFO - Started process (PID=4946) to work on /home/airflow/.local/lib/python3.7/site-packages/airflow/example_dags/tutorial_taskflow_api.py
[2025-08-15T07:49:20.391+0000] {processor.py:826} INFO - Processing file /home/airflow/.local/lib/python3.7/site-packages/airflow/example_dags/tutorial_taskflow_api.py for tasks to queue
[2025-08-15T07:49:20.393+0000] {logging_mixin.py:149} INFO - [2025-08-15T07:49:20.393+0000] {dagbag.py:541} INFO - Filling up the DagBag from /home/airflow/.local/lib/python3.7/site-packages/airflow/example_dags/tutorial_taskflow_api.py
[2025-08-15T07:49:20.400+0000] {processor.py:836} INFO - DAG(s) dict_keys(['tutorial_taskflow_api']) retrieved from /home/airflow/.local/lib/python3.7/site-packages/airflow/example_dags/tutorial_taskflow_api.py
[2025-08-15T07:49:20.427+0000] {logging_mixin.py:149} INFO - [2025-08-15T07:49:20.427+0000] {dag.py:2726} INFO - Sync 1 DAGs
[2025-08-15T07:49:20.455+0000] {logging_mixin.py:149} INFO - [2025-08-15T07:49:20.455+0000] {dag.py:3490} INFO - Setting next_dagrun for tutorial_taskflow_api to None, run_after=None
[2025-08-15T07:49:20.476+0000] {processor.py:179} INFO - Processing /home/airflow/.local/lib/python3.7/site-packages/airflow/example_dags/tutorial_taskflow_api.py took 0.089 seconds
[2025-08-15T07:49:50.773+0000] {processor.py:157} INFO - Started process (PID=5188) to work on /home/airflow/.local/lib/python3.7/site-packages/airflow/example_dags/tutorial_taskflow_api.py
[2025-08-15T07:49:50.774+0000] {processor.py:826} INFO - Processing file /home/airflow/.local/lib/python3.7/site-packages/airflow/example_dags/tutorial_taskflow_api.py for tasks to queue
[2025-08-15T07:49:50.776+0000] {logging_mixin.py:149} INFO - [2025-08-15T07:49:50.776+0000] {dagbag.py:541} INFO - Filling up the DagBag from /home/airflow/.local/lib/python3.7/site-packages/airflow/example_dags/tutorial_taskflow_api.py
[2025-08-15T07:49:50.788+0000] {processor.py:836} INFO - DAG(s) dict_keys(['tutorial_taskflow_api']) retrieved from /home/airflow/.local/lib/python3.7/site-packages/airflow/example_dags/tutorial_taskflow_api.py
[2025-08-15T07:49:50.824+0000] {logging_mixin.py:149} INFO - [2025-08-15T07:49:50.823+0000] {dag.py:2726} INFO - Sync 1 DAGs
[2025-08-15T07:49:50.852+0000] {logging_mixin.py:149} INFO - [2025-08-15T07:49:50.851+0000] {dag.py:3490} INFO - Setting next_dagrun for tutorial_taskflow_api to None, run_after=None
[2025-08-15T07:49:50.874+0000] {processor.py:179} INFO - Processing /home/airflow/.local/lib/python3.7/site-packages/airflow/example_dags/tutorial_taskflow_api.py took 0.106 seconds
[2025-08-15T07:50:21.186+0000] {processor.py:157} INFO - Started process (PID=5431) to work on /home/airflow/.local/lib/python3.7/site-packages/airflow/example_dags/tutorial_taskflow_api.py
[2025-08-15T07:50:21.187+0000] {processor.py:826} INFO - Processing file /home/airflow/.local/lib/python3.7/site-packages/airflow/example_dags/tutorial_taskflow_api.py for tasks to queue
[2025-08-15T07:50:21.188+0000] {logging_mixin.py:149} INFO - [2025-08-15T07:50:21.188+0000] {dagbag.py:541} INFO - Filling up the DagBag from /home/airflow/.local/lib/python3.7/site-packages/airflow/example_dags/tutorial_taskflow_api.py
[2025-08-15T07:50:21.196+0000] {processor.py:836} INFO - DAG(s) dict_keys(['tutorial_taskflow_api']) retrieved from /home/airflow/.local/lib/python3.7/site-packages/airflow/example_dags/tutorial_taskflow_api.py
[2025-08-15T07:50:21.225+0000] {logging_mixin.py:149} INFO - [2025-08-15T07:50:21.225+0000] {dag.py:2726} INFO - Sync 1 DAGs
[2025-08-15T07:50:21.254+0000] {logging_mixin.py:149} INFO - [2025-08-15T07:50:21.254+0000] {dag.py:3490} INFO - Setting next_dagrun for tutorial_taskflow_api to None, run_after=None
[2025-08-15T07:50:21.281+0000] {processor.py:179} INFO - Processing /home/airflow/.local/lib/python3.7/site-packages/airflow/example_dags/tutorial_taskflow_api.py took 0.100 seconds
[2025-08-15T07:50:51.525+0000] {processor.py:157} INFO - Started process (PID=5676) to work on /home/airflow/.local/lib/python3.7/site-packages/airflow/example_dags/tutorial_taskflow_api.py
[2025-08-15T07:50:51.526+0000] {processor.py:826} INFO - Processing file /home/airflow/.local/lib/python3.7/site-packages/airflow/example_dags/tutorial_taskflow_api.py for tasks to queue
[2025-08-15T07:50:51.528+0000] {logging_mixin.py:149} INFO - [2025-08-15T07:50:51.528+0000] {dagbag.py:541} INFO - Filling up the DagBag from /home/airflow/.local/lib/python3.7/site-packages/airflow/example_dags/tutorial_taskflow_api.py
[2025-08-15T07:50:51.538+0000] {processor.py:836} INFO - DAG(s) dict_keys(['tutorial_taskflow_api']) retrieved from /home/airflow/.local/lib/python3.7/site-packages/airflow/example_dags/tutorial_taskflow_api.py
[2025-08-15T07:50:51.577+0000] {logging_mixin.py:149} INFO - [2025-08-15T07:50:51.577+0000] {dag.py:2726} INFO - Sync 1 DAGs
[2025-08-15T07:50:51.620+0000] {logging_mixin.py:149} INFO - [2025-08-15T07:50:51.620+0000] {dag.py:3490} INFO - Setting next_dagrun for tutorial_taskflow_api to None, run_after=None
[2025-08-15T07:50:51.643+0000] {processor.py:179} INFO - Processing /home/airflow/.local/lib/python3.7/site-packages/airflow/example_dags/tutorial_taskflow_api.py took 0.123 seconds
[2025-08-15T07:51:21.923+0000] {processor.py:157} INFO - Started process (PID=5921) to work on /home/airflow/.local/lib/python3.7/site-packages/airflow/example_dags/tutorial_taskflow_api.py
[2025-08-15T07:51:21.924+0000] {processor.py:826} INFO - Processing file /home/airflow/.local/lib/python3.7/site-packages/airflow/example_dags/tutorial_taskflow_api.py for tasks to queue
[2025-08-15T07:51:21.924+0000] {logging_mixin.py:149} INFO - [2025-08-15T07:51:21.924+0000] {dagbag.py:541} INFO - Filling up the DagBag from /home/airflow/.local/lib/python3.7/site-packages/airflow/example_dags/tutorial_taskflow_api.py
[2025-08-15T07:51:21.930+0000] {processor.py:836} INFO - DAG(s) dict_keys(['tutorial_taskflow_api']) retrieved from /home/airflow/.local/lib/python3.7/site-packages/airflow/example_dags/tutorial_taskflow_api.py
[2025-08-15T07:51:21.963+0000] {logging_mixin.py:149} INFO - [2025-08-15T07:51:21.963+0000] {dag.py:2726} INFO - Sync 1 DAGs
[2025-08-15T07:51:21.993+0000] {logging_mixin.py:149} INFO - [2025-08-15T07:51:21.993+0000] {dag.py:3490} INFO - Setting next_dagrun for tutorial_taskflow_api to None, run_after=None
[2025-08-15T07:51:22.014+0000] {processor.py:179} INFO - Processing /home/airflow/.local/lib/python3.7/site-packages/airflow/example_dags/tutorial_taskflow_api.py took 0.095 seconds
[2025-08-15T07:51:52.498+0000] {processor.py:157} INFO - Started process (PID=6171) to work on /home/airflow/.local/lib/python3.7/site-packages/airflow/example_dags/tutorial_taskflow_api.py
[2025-08-15T07:51:52.499+0000] {processor.py:826} INFO - Processing file /home/airflow/.local/lib/python3.7/site-packages/airflow/example_dags/tutorial_taskflow_api.py for tasks to queue
[2025-08-15T07:51:52.501+0000] {logging_mixin.py:149} INFO - [2025-08-15T07:51:52.500+0000] {dagbag.py:541} INFO - Filling up the DagBag from /home/airflow/.local/lib/python3.7/site-packages/airflow/example_dags/tutorial_taskflow_api.py
[2025-08-15T07:51:52.507+0000] {processor.py:836} INFO - DAG(s) dict_keys(['tutorial_taskflow_api']) retrieved from /home/airflow/.local/lib/python3.7/site-packages/airflow/example_dags/tutorial_taskflow_api.py
[2025-08-15T07:51:52.534+0000] {logging_mixin.py:149} INFO - [2025-08-15T07:51:52.534+0000] {dag.py:2726} INFO - Sync 1 DAGs
[2025-08-15T07:51:52.565+0000] {logging_mixin.py:149} INFO - [2025-08-15T07:51:52.564+0000] {dag.py:3490} INFO - Setting next_dagrun for tutorial_taskflow_api to None, run_after=None
[2025-08-15T07:51:52.587+0000] {processor.py:179} INFO - Processing /home/airflow/.local/lib/python3.7/site-packages/airflow/example_dags/tutorial_taskflow_api.py took 0.092 seconds
[2025-08-15T07:52:22.848+0000] {processor.py:157} INFO - Started process (PID=6416) to work on /home/airflow/.local/lib/python3.7/site-packages/airflow/example_dags/tutorial_taskflow_api.py
[2025-08-15T07:52:22.850+0000] {processor.py:826} INFO - Processing file /home/airflow/.local/lib/python3.7/site-packages/airflow/example_dags/tutorial_taskflow_api.py for tasks to queue
[2025-08-15T07:52:22.851+0000] {logging_mixin.py:149} INFO - [2025-08-15T07:52:22.851+0000] {dagbag.py:541} INFO - Filling up the DagBag from /home/airflow/.local/lib/python3.7/site-packages/airflow/example_dags/tutorial_taskflow_api.py
[2025-08-15T07:52:22.858+0000] {processor.py:836} INFO - DAG(s) dict_keys(['tutorial_taskflow_api']) retrieved from /home/airflow/.local/lib/python3.7/site-packages/airflow/example_dags/tutorial_taskflow_api.py
[2025-08-15T07:52:22.886+0000] {logging_mixin.py:149} INFO - [2025-08-15T07:52:22.886+0000] {dag.py:2726} INFO - Sync 1 DAGs
[2025-08-15T07:52:22.920+0000] {logging_mixin.py:149} INFO - [2025-08-15T07:52:22.920+0000] {dag.py:3490} INFO - Setting next_dagrun for tutorial_taskflow_api to None, run_after=None
[2025-08-15T07:52:22.944+0000] {processor.py:179} INFO - Processing /home/airflow/.local/lib/python3.7/site-packages/airflow/example_dags/tutorial_taskflow_api.py took 0.099 seconds
[2025-08-15T07:52:53.316+0000] {processor.py:157} INFO - Started process (PID=6661) to work on /home/airflow/.local/lib/python3.7/site-packages/airflow/example_dags/tutorial_taskflow_api.py
[2025-08-15T07:52:53.317+0000] {processor.py:826} INFO - Processing file /home/airflow/.local/lib/python3.7/site-packages/airflow/example_dags/tutorial_taskflow_api.py for tasks to queue
[2025-08-15T07:52:53.318+0000] {logging_mixin.py:149} INFO - [2025-08-15T07:52:53.317+0000] {dagbag.py:541} INFO - Filling up the DagBag from /home/airflow/.local/lib/python3.7/site-packages/airflow/example_dags/tutorial_taskflow_api.py
[2025-08-15T07:52:53.324+0000] {processor.py:836} INFO - DAG(s) dict_keys(['tutorial_taskflow_api']) retrieved from /home/airflow/.local/lib/python3.7/site-packages/airflow/example_dags/tutorial_taskflow_api.py
[2025-08-15T07:52:53.351+0000] {logging_mixin.py:149} INFO - [2025-08-15T07:52:53.350+0000] {dag.py:2726} INFO - Sync 1 DAGs
[2025-08-15T07:52:53.389+0000] {logging_mixin.py:149} INFO - [2025-08-15T07:52:53.389+0000] {dag.py:3490} INFO - Setting next_dagrun for tutorial_taskflow_api to None, run_after=None
[2025-08-15T07:52:53.413+0000] {processor.py:179} INFO - Processing /home/airflow/.local/lib/python3.7/site-packages/airflow/example_dags/tutorial_taskflow_api.py took 0.101 seconds
[2025-08-15T07:53:23.634+0000] {processor.py:157} INFO - Started process (PID=6906) to work on /home/airflow/.local/lib/python3.7/site-packages/airflow/example_dags/tutorial_taskflow_api.py
[2025-08-15T07:53:23.635+0000] {processor.py:826} INFO - Processing file /home/airflow/.local/lib/python3.7/site-packages/airflow/example_dags/tutorial_taskflow_api.py for tasks to queue
[2025-08-15T07:53:23.635+0000] {logging_mixin.py:149} INFO - [2025-08-15T07:53:23.635+0000] {dagbag.py:541} INFO - Filling up the DagBag from /home/airflow/.local/lib/python3.7/site-packages/airflow/example_dags/tutorial_taskflow_api.py
[2025-08-15T07:53:23.642+0000] {processor.py:836} INFO - DAG(s) dict_keys(['tutorial_taskflow_api']) retrieved from /home/airflow/.local/lib/python3.7/site-packages/airflow/example_dags/tutorial_taskflow_api.py
[2025-08-15T07:53:23.668+0000] {logging_mixin.py:149} INFO - [2025-08-15T07:53:23.668+0000] {dag.py:2726} INFO - Sync 1 DAGs
[2025-08-15T07:53:23.695+0000] {logging_mixin.py:149} INFO - [2025-08-15T07:53:23.695+0000] {dag.py:3490} INFO - Setting next_dagrun for tutorial_taskflow_api to None, run_after=None
[2025-08-15T07:53:23.716+0000] {processor.py:179} INFO - Processing /home/airflow/.local/lib/python3.7/site-packages/airflow/example_dags/tutorial_taskflow_api.py took 0.086 seconds
[2025-08-15T07:53:53.938+0000] {processor.py:157} INFO - Started process (PID=7151) to work on /home/airflow/.local/lib/python3.7/site-packages/airflow/example_dags/tutorial_taskflow_api.py
[2025-08-15T07:53:53.939+0000] {processor.py:826} INFO - Processing file /home/airflow/.local/lib/python3.7/site-packages/airflow/example_dags/tutorial_taskflow_api.py for tasks to queue
[2025-08-15T07:53:53.939+0000] {logging_mixin.py:149} INFO - [2025-08-15T07:53:53.939+0000] {dagbag.py:541} INFO - Filling up the DagBag from /home/airflow/.local/lib/python3.7/site-packages/airflow/example_dags/tutorial_taskflow_api.py
[2025-08-15T07:53:53.946+0000] {processor.py:836} INFO - DAG(s) dict_keys(['tutorial_taskflow_api']) retrieved from /home/airflow/.local/lib/python3.7/site-packages/airflow/example_dags/tutorial_taskflow_api.py
[2025-08-15T07:53:53.973+0000] {logging_mixin.py:149} INFO - [2025-08-15T07:53:53.973+0000] {dag.py:2726} INFO - Sync 1 DAGs
[2025-08-15T07:53:54.004+0000] {logging_mixin.py:149} INFO - [2025-08-15T07:53:54.004+0000] {dag.py:3490} INFO - Setting next_dagrun for tutorial_taskflow_api to None, run_after=None
[2025-08-15T07:53:54.025+0000] {processor.py:179} INFO - Processing /home/airflow/.local/lib/python3.7/site-packages/airflow/example_dags/tutorial_taskflow_api.py took 0.091 seconds
[2025-08-15T07:54:24.227+0000] {processor.py:157} INFO - Started process (PID=7396) to work on /home/airflow/.local/lib/python3.7/site-packages/airflow/example_dags/tutorial_taskflow_api.py
[2025-08-15T07:54:24.228+0000] {processor.py:826} INFO - Processing file /home/airflow/.local/lib/python3.7/site-packages/airflow/example_dags/tutorial_taskflow_api.py for tasks to queue
[2025-08-15T07:54:24.228+0000] {logging_mixin.py:149} INFO - [2025-08-15T07:54:24.228+0000] {dagbag.py:541} INFO - Filling up the DagBag from /home/airflow/.local/lib/python3.7/site-packages/airflow/example_dags/tutorial_taskflow_api.py
[2025-08-15T07:54:24.235+0000] {processor.py:836} INFO - DAG(s) dict_keys(['tutorial_taskflow_api']) retrieved from /home/airflow/.local/lib/python3.7/site-packages/airflow/example_dags/tutorial_taskflow_api.py
[2025-08-15T07:54:24.261+0000] {logging_mixin.py:149} INFO - [2025-08-15T07:54:24.261+0000] {dag.py:2726} INFO - Sync 1 DAGs
[2025-08-15T07:54:24.289+0000] {logging_mixin.py:149} INFO - [2025-08-15T07:54:24.289+0000] {dag.py:3490} INFO - Setting next_dagrun for tutorial_taskflow_api to None, run_after=None
[2025-08-15T07:54:24.312+0000] {processor.py:179} INFO - Processing /home/airflow/.local/lib/python3.7/site-packages/airflow/example_dags/tutorial_taskflow_api.py took 0.088 seconds
[2025-08-15T07:54:54.360+0000] {processor.py:157} INFO - Started process (PID=7636) to work on /home/airflow/.local/lib/python3.7/site-packages/airflow/example_dags/tutorial_taskflow_api.py
[2025-08-15T07:54:54.361+0000] {processor.py:826} INFO - Processing file /home/airflow/.local/lib/python3.7/site-packages/airflow/example_dags/tutorial_taskflow_api.py for tasks to queue
[2025-08-15T07:54:54.362+0000] {logging_mixin.py:149} INFO - [2025-08-15T07:54:54.362+0000] {dagbag.py:541} INFO - Filling up the DagBag from /home/airflow/.local/lib/python3.7/site-packages/airflow/example_dags/tutorial_taskflow_api.py
[2025-08-15T07:54:54.368+0000] {processor.py:836} INFO - DAG(s) dict_keys(['tutorial_taskflow_api']) retrieved from /home/airflow/.local/lib/python3.7/site-packages/airflow/example_dags/tutorial_taskflow_api.py
[2025-08-15T07:54:54.394+0000] {logging_mixin.py:149} INFO - [2025-08-15T07:54:54.394+0000] {dag.py:2726} INFO - Sync 1 DAGs
[2025-08-15T07:54:54.423+0000] {logging_mixin.py:149} INFO - [2025-08-15T07:54:54.423+0000] {dag.py:3490} INFO - Setting next_dagrun for tutorial_taskflow_api to None, run_after=None
[2025-08-15T07:54:54.445+0000] {processor.py:179} INFO - Processing /home/airflow/.local/lib/python3.7/site-packages/airflow/example_dags/tutorial_taskflow_api.py took 0.089 seconds
[2025-08-15T07:55:24.765+0000] {processor.py:157} INFO - Started process (PID=7881) to work on /home/airflow/.local/lib/python3.7/site-packages/airflow/example_dags/tutorial_taskflow_api.py
[2025-08-15T07:55:24.766+0000] {processor.py:826} INFO - Processing file /home/airflow/.local/lib/python3.7/site-packages/airflow/example_dags/tutorial_taskflow_api.py for tasks to queue
[2025-08-15T07:55:24.767+0000] {logging_mixin.py:149} INFO - [2025-08-15T07:55:24.766+0000] {dagbag.py:541} INFO - Filling up the DagBag from /home/airflow/.local/lib/python3.7/site-packages/airflow/example_dags/tutorial_taskflow_api.py
[2025-08-15T07:55:24.773+0000] {processor.py:836} INFO - DAG(s) dict_keys(['tutorial_taskflow_api']) retrieved from /home/airflow/.local/lib/python3.7/site-packages/airflow/example_dags/tutorial_taskflow_api.py
[2025-08-15T07:55:24.801+0000] {logging_mixin.py:149} INFO - [2025-08-15T07:55:24.800+0000] {dag.py:2726} INFO - Sync 1 DAGs
[2025-08-15T07:55:24.832+0000] {logging_mixin.py:149} INFO - [2025-08-15T07:55:24.831+0000] {dag.py:3490} INFO - Setting next_dagrun for tutorial_taskflow_api to None, run_after=None
[2025-08-15T07:55:24.854+0000] {processor.py:179} INFO - Processing /home/airflow/.local/lib/python3.7/site-packages/airflow/example_dags/tutorial_taskflow_api.py took 0.093 seconds
[2025-08-15T07:55:55.034+0000] {processor.py:157} INFO - Started process (PID=8126) to work on /home/airflow/.local/lib/python3.7/site-packages/airflow/example_dags/tutorial_taskflow_api.py
[2025-08-15T07:55:55.035+0000] {processor.py:826} INFO - Processing file /home/airflow/.local/lib/python3.7/site-packages/airflow/example_dags/tutorial_taskflow_api.py for tasks to queue
[2025-08-15T07:55:55.036+0000] {logging_mixin.py:149} INFO - [2025-08-15T07:55:55.036+0000] {dagbag.py:541} INFO - Filling up the DagBag from /home/airflow/.local/lib/python3.7/site-packages/airflow/example_dags/tutorial_taskflow_api.py
[2025-08-15T07:55:55.043+0000] {processor.py:836} INFO - DAG(s) dict_keys(['tutorial_taskflow_api']) retrieved from /home/airflow/.local/lib/python3.7/site-packages/airflow/example_dags/tutorial_taskflow_api.py
[2025-08-15T07:55:55.073+0000] {logging_mixin.py:149} INFO - [2025-08-15T07:55:55.073+0000] {dag.py:2726} INFO - Sync 1 DAGs
[2025-08-15T07:55:55.117+0000] {logging_mixin.py:149} INFO - [2025-08-15T07:55:55.116+0000] {dag.py:3490} INFO - Setting next_dagrun for tutorial_taskflow_api to None, run_after=None
[2025-08-15T07:55:55.138+0000] {processor.py:179} INFO - Processing /home/airflow/.local/lib/python3.7/site-packages/airflow/example_dags/tutorial_taskflow_api.py took 0.109 seconds
[2025-08-15T07:56:25.357+0000] {processor.py:157} INFO - Started process (PID=8371) to work on /home/airflow/.local/lib/python3.7/site-packages/airflow/example_dags/tutorial_taskflow_api.py
[2025-08-15T07:56:25.358+0000] {processor.py:826} INFO - Processing file /home/airflow/.local/lib/python3.7/site-packages/airflow/example_dags/tutorial_taskflow_api.py for tasks to queue
[2025-08-15T07:56:25.359+0000] {logging_mixin.py:149} INFO - [2025-08-15T07:56:25.359+0000] {dagbag.py:541} INFO - Filling up the DagBag from /home/airflow/.local/lib/python3.7/site-packages/airflow/example_dags/tutorial_taskflow_api.py
[2025-08-15T07:56:25.365+0000] {processor.py:836} INFO - DAG(s) dict_keys(['tutorial_taskflow_api']) retrieved from /home/airflow/.local/lib/python3.7/site-packages/airflow/example_dags/tutorial_taskflow_api.py
[2025-08-15T07:56:25.392+0000] {logging_mixin.py:149} INFO - [2025-08-15T07:56:25.392+0000] {dag.py:2726} INFO - Sync 1 DAGs
[2025-08-15T07:56:25.421+0000] {logging_mixin.py:149} INFO - [2025-08-15T07:56:25.420+0000] {dag.py:3490} INFO - Setting next_dagrun for tutorial_taskflow_api to None, run_after=None
[2025-08-15T07:56:25.444+0000] {processor.py:179} INFO - Processing /home/airflow/.local/lib/python3.7/site-packages/airflow/example_dags/tutorial_taskflow_api.py took 0.090 seconds
[2025-08-15T07:56:55.801+0000] {processor.py:157} INFO - Started process (PID=8616) to work on /home/airflow/.local/lib/python3.7/site-packages/airflow/example_dags/tutorial_taskflow_api.py
[2025-08-15T07:56:55.802+0000] {processor.py:826} INFO - Processing file /home/airflow/.local/lib/python3.7/site-packages/airflow/example_dags/tutorial_taskflow_api.py for tasks to queue
[2025-08-15T07:56:55.803+0000] {logging_mixin.py:149} INFO - [2025-08-15T07:56:55.803+0000] {dagbag.py:541} INFO - Filling up the DagBag from /home/airflow/.local/lib/python3.7/site-packages/airflow/example_dags/tutorial_taskflow_api.py
[2025-08-15T07:56:55.813+0000] {processor.py:836} INFO - DAG(s) dict_keys(['tutorial_taskflow_api']) retrieved from /home/airflow/.local/lib/python3.7/site-packages/airflow/example_dags/tutorial_taskflow_api.py
[2025-08-15T07:56:55.847+0000] {logging_mixin.py:149} INFO - [2025-08-15T07:56:55.847+0000] {dag.py:2726} INFO - Sync 1 DAGs
[2025-08-15T07:56:55.876+0000] {logging_mixin.py:149} INFO - [2025-08-15T07:56:55.876+0000] {dag.py:3490} INFO - Setting next_dagrun for tutorial_taskflow_api to None, run_after=None
[2025-08-15T07:56:55.901+0000] {processor.py:179} INFO - Processing /home/airflow/.local/lib/python3.7/site-packages/airflow/example_dags/tutorial_taskflow_api.py took 0.105 seconds
[2025-08-15T07:57:26.063+0000] {processor.py:157} INFO - Started process (PID=8861) to work on /home/airflow/.local/lib/python3.7/site-packages/airflow/example_dags/tutorial_taskflow_api.py
[2025-08-15T07:57:26.064+0000] {processor.py:826} INFO - Processing file /home/airflow/.local/lib/python3.7/site-packages/airflow/example_dags/tutorial_taskflow_api.py for tasks to queue
[2025-08-15T07:57:26.065+0000] {logging_mixin.py:149} INFO - [2025-08-15T07:57:26.065+0000] {dagbag.py:541} INFO - Filling up the DagBag from /home/airflow/.local/lib/python3.7/site-packages/airflow/example_dags/tutorial_taskflow_api.py
[2025-08-15T07:57:26.074+0000] {processor.py:836} INFO - DAG(s) dict_keys(['tutorial_taskflow_api']) retrieved from /home/airflow/.local/lib/python3.7/site-packages/airflow/example_dags/tutorial_taskflow_api.py
[2025-08-15T07:57:26.102+0000] {logging_mixin.py:149} INFO - [2025-08-15T07:57:26.102+0000] {dag.py:2726} INFO - Sync 1 DAGs
[2025-08-15T07:57:26.130+0000] {logging_mixin.py:149} INFO - [2025-08-15T07:57:26.129+0000] {dag.py:3490} INFO - Setting next_dagrun for tutorial_taskflow_api to None, run_after=None
[2025-08-15T07:57:26.150+0000] {processor.py:179} INFO - Processing /home/airflow/.local/lib/python3.7/site-packages/airflow/example_dags/tutorial_taskflow_api.py took 0.092 seconds
[2025-08-15T07:57:56.573+0000] {processor.py:157} INFO - Started process (PID=9106) to work on /home/airflow/.local/lib/python3.7/site-packages/airflow/example_dags/tutorial_taskflow_api.py
[2025-08-15T07:57:56.574+0000] {processor.py:826} INFO - Processing file /home/airflow/.local/lib/python3.7/site-packages/airflow/example_dags/tutorial_taskflow_api.py for tasks to queue
[2025-08-15T07:57:56.575+0000] {logging_mixin.py:149} INFO - [2025-08-15T07:57:56.575+0000] {dagbag.py:541} INFO - Filling up the DagBag from /home/airflow/.local/lib/python3.7/site-packages/airflow/example_dags/tutorial_taskflow_api.py
[2025-08-15T07:57:56.585+0000] {processor.py:836} INFO - DAG(s) dict_keys(['tutorial_taskflow_api']) retrieved from /home/airflow/.local/lib/python3.7/site-packages/airflow/example_dags/tutorial_taskflow_api.py
[2025-08-15T07:57:56.615+0000] {logging_mixin.py:149} INFO - [2025-08-15T07:57:56.615+0000] {dag.py:2726} INFO - Sync 1 DAGs
[2025-08-15T07:57:56.644+0000] {logging_mixin.py:149} INFO - [2025-08-15T07:57:56.644+0000] {dag.py:3490} INFO - Setting next_dagrun for tutorial_taskflow_api to None, run_after=None
[2025-08-15T07:57:56.665+0000] {processor.py:179} INFO - Processing /home/airflow/.local/lib/python3.7/site-packages/airflow/example_dags/tutorial_taskflow_api.py took 0.097 seconds
[2025-08-15T07:58:27.068+0000] {processor.py:157} INFO - Started process (PID=9351) to work on /home/airflow/.local/lib/python3.7/site-packages/airflow/example_dags/tutorial_taskflow_api.py
[2025-08-15T07:58:27.069+0000] {processor.py:826} INFO - Processing file /home/airflow/.local/lib/python3.7/site-packages/airflow/example_dags/tutorial_taskflow_api.py for tasks to queue
[2025-08-15T07:58:27.070+0000] {logging_mixin.py:149} INFO - [2025-08-15T07:58:27.070+0000] {dagbag.py:541} INFO - Filling up the DagBag from /home/airflow/.local/lib/python3.7/site-packages/airflow/example_dags/tutorial_taskflow_api.py
[2025-08-15T07:58:27.076+0000] {processor.py:836} INFO - DAG(s) dict_keys(['tutorial_taskflow_api']) retrieved from /home/airflow/.local/lib/python3.7/site-packages/airflow/example_dags/tutorial_taskflow_api.py
[2025-08-15T07:58:27.103+0000] {logging_mixin.py:149} INFO - [2025-08-15T07:58:27.103+0000] {dag.py:2726} INFO - Sync 1 DAGs
[2025-08-15T07:58:27.132+0000] {logging_mixin.py:149} INFO - [2025-08-15T07:58:27.132+0000] {dag.py:3490} INFO - Setting next_dagrun for tutorial_taskflow_api to None, run_after=None
[2025-08-15T07:58:27.155+0000] {processor.py:179} INFO - Processing /home/airflow/.local/lib/python3.7/site-packages/airflow/example_dags/tutorial_taskflow_api.py took 0.091 seconds
[2025-08-15T07:58:57.415+0000] {processor.py:157} INFO - Started process (PID=9596) to work on /home/airflow/.local/lib/python3.7/site-packages/airflow/example_dags/tutorial_taskflow_api.py
[2025-08-15T07:58:57.416+0000] {processor.py:826} INFO - Processing file /home/airflow/.local/lib/python3.7/site-packages/airflow/example_dags/tutorial_taskflow_api.py for tasks to queue
[2025-08-15T07:58:57.416+0000] {logging_mixin.py:149} INFO - [2025-08-15T07:58:57.416+0000] {dagbag.py:541} INFO - Filling up the DagBag from /home/airflow/.local/lib/python3.7/site-packages/airflow/example_dags/tutorial_taskflow_api.py
[2025-08-15T07:58:57.423+0000] {processor.py:836} INFO - DAG(s) dict_keys(['tutorial_taskflow_api']) retrieved from /home/airflow/.local/lib/python3.7/site-packages/airflow/example_dags/tutorial_taskflow_api.py
[2025-08-15T07:58:57.451+0000] {logging_mixin.py:149} INFO - [2025-08-15T07:58:57.450+0000] {dag.py:2726} INFO - Sync 1 DAGs
[2025-08-15T07:58:57.480+0000] {logging_mixin.py:149} INFO - [2025-08-15T07:58:57.480+0000] {dag.py:3490} INFO - Setting next_dagrun for tutorial_taskflow_api to None, run_after=None
[2025-08-15T07:58:57.502+0000] {processor.py:179} INFO - Processing /home/airflow/.local/lib/python3.7/site-packages/airflow/example_dags/tutorial_taskflow_api.py took 0.091 seconds
[2025-08-15T07:59:27.665+0000] {processor.py:157} INFO - Started process (PID=9841) to work on /home/airflow/.local/lib/python3.7/site-packages/airflow/example_dags/tutorial_taskflow_api.py
[2025-08-15T07:59:27.666+0000] {processor.py:826} INFO - Processing file /home/airflow/.local/lib/python3.7/site-packages/airflow/example_dags/tutorial_taskflow_api.py for tasks to queue
[2025-08-15T07:59:27.667+0000] {logging_mixin.py:149} INFO - [2025-08-15T07:59:27.666+0000] {dagbag.py:541} INFO - Filling up the DagBag from /home/airflow/.local/lib/python3.7/site-packages/airflow/example_dags/tutorial_taskflow_api.py
[2025-08-15T07:59:27.673+0000] {processor.py:836} INFO - DAG(s) dict_keys(['tutorial_taskflow_api']) retrieved from /home/airflow/.local/lib/python3.7/site-packages/airflow/example_dags/tutorial_taskflow_api.py
[2025-08-15T07:59:27.701+0000] {logging_mixin.py:149} INFO - [2025-08-15T07:59:27.701+0000] {dag.py:2726} INFO - Sync 1 DAGs
[2025-08-15T07:59:27.732+0000] {logging_mixin.py:149} INFO - [2025-08-15T07:59:27.731+0000] {dag.py:3490} INFO - Setting next_dagrun for tutorial_taskflow_api to None, run_after=None
[2025-08-15T07:59:27.756+0000] {processor.py:179} INFO - Processing /home/airflow/.local/lib/python3.7/site-packages/airflow/example_dags/tutorial_taskflow_api.py took 0.095 seconds
[2025-08-15T07:59:57.818+0000] {processor.py:157} INFO - Started process (PID=10086) to work on /home/airflow/.local/lib/python3.7/site-packages/airflow/example_dags/tutorial_taskflow_api.py
[2025-08-15T07:59:57.819+0000] {processor.py:826} INFO - Processing file /home/airflow/.local/lib/python3.7/site-packages/airflow/example_dags/tutorial_taskflow_api.py for tasks to queue
[2025-08-15T07:59:57.821+0000] {logging_mixin.py:149} INFO - [2025-08-15T07:59:57.820+0000] {dagbag.py:541} INFO - Filling up the DagBag from /home/airflow/.local/lib/python3.7/site-packages/airflow/example_dags/tutorial_taskflow_api.py
[2025-08-15T07:59:57.828+0000] {processor.py:836} INFO - DAG(s) dict_keys(['tutorial_taskflow_api']) retrieved from /home/airflow/.local/lib/python3.7/site-packages/airflow/example_dags/tutorial_taskflow_api.py
[2025-08-15T07:59:57.857+0000] {logging_mixin.py:149} INFO - [2025-08-15T07:59:57.857+0000] {dag.py:2726} INFO - Sync 1 DAGs
[2025-08-15T07:59:57.887+0000] {logging_mixin.py:149} INFO - [2025-08-15T07:59:57.887+0000] {dag.py:3490} INFO - Setting next_dagrun for tutorial_taskflow_api to None, run_after=None
[2025-08-15T07:59:57.910+0000] {processor.py:179} INFO - Processing /home/airflow/.local/lib/python3.7/site-packages/airflow/example_dags/tutorial_taskflow_api.py took 0.095 seconds
[2025-08-15T08:00:28.630+0000] {processor.py:157} INFO - Started process (PID=10336) to work on /home/airflow/.local/lib/python3.7/site-packages/airflow/example_dags/tutorial_taskflow_api.py
[2025-08-15T08:00:28.631+0000] {processor.py:826} INFO - Processing file /home/airflow/.local/lib/python3.7/site-packages/airflow/example_dags/tutorial_taskflow_api.py for tasks to queue
[2025-08-15T08:00:28.632+0000] {logging_mixin.py:149} INFO - [2025-08-15T08:00:28.632+0000] {dagbag.py:541} INFO - Filling up the DagBag from /home/airflow/.local/lib/python3.7/site-packages/airflow/example_dags/tutorial_taskflow_api.py
[2025-08-15T08:00:28.638+0000] {processor.py:836} INFO - DAG(s) dict_keys(['tutorial_taskflow_api']) retrieved from /home/airflow/.local/lib/python3.7/site-packages/airflow/example_dags/tutorial_taskflow_api.py
[2025-08-15T08:00:28.665+0000] {logging_mixin.py:149} INFO - [2025-08-15T08:00:28.665+0000] {dag.py:2726} INFO - Sync 1 DAGs
[2025-08-15T08:00:28.694+0000] {logging_mixin.py:149} INFO - [2025-08-15T08:00:28.694+0000] {dag.py:3490} INFO - Setting next_dagrun for tutorial_taskflow_api to None, run_after=None
[2025-08-15T08:00:28.715+0000] {processor.py:179} INFO - Processing /home/airflow/.local/lib/python3.7/site-packages/airflow/example_dags/tutorial_taskflow_api.py took 0.088 seconds
[2025-08-15T08:00:58.936+0000] {processor.py:157} INFO - Started process (PID=10581) to work on /home/airflow/.local/lib/python3.7/site-packages/airflow/example_dags/tutorial_taskflow_api.py
[2025-08-15T08:00:58.937+0000] {processor.py:826} INFO - Processing file /home/airflow/.local/lib/python3.7/site-packages/airflow/example_dags/tutorial_taskflow_api.py for tasks to queue
[2025-08-15T08:00:58.938+0000] {logging_mixin.py:149} INFO - [2025-08-15T08:00:58.938+0000] {dagbag.py:541} INFO - Filling up the DagBag from /home/airflow/.local/lib/python3.7/site-packages/airflow/example_dags/tutorial_taskflow_api.py
[2025-08-15T08:00:58.945+0000] {processor.py:836} INFO - DAG(s) dict_keys(['tutorial_taskflow_api']) retrieved from /home/airflow/.local/lib/python3.7/site-packages/airflow/example_dags/tutorial_taskflow_api.py
[2025-08-15T08:00:58.973+0000] {logging_mixin.py:149} INFO - [2025-08-15T08:00:58.972+0000] {dag.py:2726} INFO - Sync 1 DAGs
[2025-08-15T08:00:59.002+0000] {logging_mixin.py:149} INFO - [2025-08-15T08:00:59.002+0000] {dag.py:3490} INFO - Setting next_dagrun for tutorial_taskflow_api to None, run_after=None
[2025-08-15T08:00:59.024+0000] {processor.py:179} INFO - Processing /home/airflow/.local/lib/python3.7/site-packages/airflow/example_dags/tutorial_taskflow_api.py took 0.091 seconds
[2025-08-15T08:01:29.340+0000] {processor.py:157} INFO - Started process (PID=10826) to work on /home/airflow/.local/lib/python3.7/site-packages/airflow/example_dags/tutorial_taskflow_api.py
[2025-08-15T08:01:29.341+0000] {processor.py:826} INFO - Processing file /home/airflow/.local/lib/python3.7/site-packages/airflow/example_dags/tutorial_taskflow_api.py for tasks to queue
[2025-08-15T08:01:29.342+0000] {logging_mixin.py:149} INFO - [2025-08-15T08:01:29.342+0000] {dagbag.py:541} INFO - Filling up the DagBag from /home/airflow/.local/lib/python3.7/site-packages/airflow/example_dags/tutorial_taskflow_api.py
[2025-08-15T08:01:29.348+0000] {processor.py:836} INFO - DAG(s) dict_keys(['tutorial_taskflow_api']) retrieved from /home/airflow/.local/lib/python3.7/site-packages/airflow/example_dags/tutorial_taskflow_api.py
[2025-08-15T08:01:29.376+0000] {logging_mixin.py:149} INFO - [2025-08-15T08:01:29.376+0000] {dag.py:2726} INFO - Sync 1 DAGs
[2025-08-15T08:01:29.408+0000] {logging_mixin.py:149} INFO - [2025-08-15T08:01:29.408+0000] {dag.py:3490} INFO - Setting next_dagrun for tutorial_taskflow_api to None, run_after=None
[2025-08-15T08:01:29.430+0000] {processor.py:179} INFO - Processing /home/airflow/.local/lib/python3.7/site-packages/airflow/example_dags/tutorial_taskflow_api.py took 0.093 seconds
[2025-08-15T08:01:59.774+0000] {processor.py:157} INFO - Started process (PID=11071) to work on /home/airflow/.local/lib/python3.7/site-packages/airflow/example_dags/tutorial_taskflow_api.py
[2025-08-15T08:01:59.775+0000] {processor.py:826} INFO - Processing file /home/airflow/.local/lib/python3.7/site-packages/airflow/example_dags/tutorial_taskflow_api.py for tasks to queue
[2025-08-15T08:01:59.776+0000] {logging_mixin.py:149} INFO - [2025-08-15T08:01:59.776+0000] {dagbag.py:541} INFO - Filling up the DagBag from /home/airflow/.local/lib/python3.7/site-packages/airflow/example_dags/tutorial_taskflow_api.py
[2025-08-15T08:01:59.783+0000] {processor.py:836} INFO - DAG(s) dict_keys(['tutorial_taskflow_api']) retrieved from /home/airflow/.local/lib/python3.7/site-packages/airflow/example_dags/tutorial_taskflow_api.py
[2025-08-15T08:01:59.812+0000] {logging_mixin.py:149} INFO - [2025-08-15T08:01:59.812+0000] {dag.py:2726} INFO - Sync 1 DAGs
[2025-08-15T08:01:59.841+0000] {logging_mixin.py:149} INFO - [2025-08-15T08:01:59.841+0000] {dag.py:3490} INFO - Setting next_dagrun for tutorial_taskflow_api to None, run_after=None
[2025-08-15T08:01:59.864+0000] {processor.py:179} INFO - Processing /home/airflow/.local/lib/python3.7/site-packages/airflow/example_dags/tutorial_taskflow_api.py took 0.093 seconds
[2025-08-15T08:02:29.895+0000] {processor.py:157} INFO - Started process (PID=11311) to work on /home/airflow/.local/lib/python3.7/site-packages/airflow/example_dags/tutorial_taskflow_api.py
[2025-08-15T08:02:29.896+0000] {processor.py:826} INFO - Processing file /home/airflow/.local/lib/python3.7/site-packages/airflow/example_dags/tutorial_taskflow_api.py for tasks to queue
[2025-08-15T08:02:29.897+0000] {logging_mixin.py:149} INFO - [2025-08-15T08:02:29.897+0000] {dagbag.py:541} INFO - Filling up the DagBag from /home/airflow/.local/lib/python3.7/site-packages/airflow/example_dags/tutorial_taskflow_api.py
[2025-08-15T08:02:29.903+0000] {processor.py:836} INFO - DAG(s) dict_keys(['tutorial_taskflow_api']) retrieved from /home/airflow/.local/lib/python3.7/site-packages/airflow/example_dags/tutorial_taskflow_api.py
[2025-08-15T08:02:29.931+0000] {logging_mixin.py:149} INFO - [2025-08-15T08:02:29.930+0000] {dag.py:2726} INFO - Sync 1 DAGs
[2025-08-15T08:02:29.961+0000] {logging_mixin.py:149} INFO - [2025-08-15T08:02:29.961+0000] {dag.py:3490} INFO - Setting next_dagrun for tutorial_taskflow_api to None, run_after=None
[2025-08-15T08:02:29.982+0000] {processor.py:179} INFO - Processing /home/airflow/.local/lib/python3.7/site-packages/airflow/example_dags/tutorial_taskflow_api.py took 0.091 seconds
