[2025-08-12T18:51:17.775+0000] {processor.py:157} INFO - Started process (PID=188) to work on /home/airflow/.local/lib/python3.7/site-packages/airflow/example_dags/example_branch_operator_decorator.py
[2025-08-12T18:51:17.777+0000] {processor.py:826} INFO - Processing file /home/airflow/.local/lib/python3.7/site-packages/airflow/example_dags/example_branch_operator_decorator.py for tasks to queue
[2025-08-12T18:51:17.778+0000] {logging_mixin.py:149} INFO - [2025-08-12T18:51:17.778+0000] {dagbag.py:541} INFO - Filling up the DagBag from /home/airflow/.local/lib/python3.7/site-packages/airflow/example_dags/example_branch_operator_decorator.py
[2025-08-12T18:51:17.802+0000] {processor.py:836} INFO - DAG(s) dict_keys(['example_branch_python_operator_decorator']) retrieved from /home/airflow/.local/lib/python3.7/site-packages/airflow/example_dags/example_branch_operator_decorator.py
[2025-08-12T18:51:17.870+0000] {logging_mixin.py:149} INFO - [2025-08-12T18:51:17.870+0000] {dag.py:2726} INFO - Sync 1 DAGs
[2025-08-12T18:51:17.930+0000] {logging_mixin.py:149} INFO - [2025-08-12T18:51:17.929+0000] {dag.py:3490} INFO - Setting next_dagrun for example_branch_python_operator_decorator to 2025-08-11T00:00:00+00:00, run_after=2025-08-12T00:00:00+00:00
[2025-08-12T18:51:17.968+0000] {processor.py:179} INFO - Processing /home/airflow/.local/lib/python3.7/site-packages/airflow/example_dags/example_branch_operator_decorator.py took 0.200 seconds
[2025-08-12T18:51:48.192+0000] {processor.py:157} INFO - Started process (PID=431) to work on /home/airflow/.local/lib/python3.7/site-packages/airflow/example_dags/example_branch_operator_decorator.py
[2025-08-12T18:51:48.193+0000] {processor.py:826} INFO - Processing file /home/airflow/.local/lib/python3.7/site-packages/airflow/example_dags/example_branch_operator_decorator.py for tasks to queue
[2025-08-12T18:51:48.194+0000] {logging_mixin.py:149} INFO - [2025-08-12T18:51:48.194+0000] {dagbag.py:541} INFO - Filling up the DagBag from /home/airflow/.local/lib/python3.7/site-packages/airflow/example_dags/example_branch_operator_decorator.py
[2025-08-12T18:51:48.215+0000] {processor.py:836} INFO - DAG(s) dict_keys(['example_branch_python_operator_decorator']) retrieved from /home/airflow/.local/lib/python3.7/site-packages/airflow/example_dags/example_branch_operator_decorator.py
[2025-08-12T18:51:48.254+0000] {logging_mixin.py:149} INFO - [2025-08-12T18:51:48.253+0000] {dag.py:2726} INFO - Sync 1 DAGs
[2025-08-12T18:51:48.288+0000] {logging_mixin.py:149} INFO - [2025-08-12T18:51:48.288+0000] {dag.py:3490} INFO - Setting next_dagrun for example_branch_python_operator_decorator to 2025-08-11T00:00:00+00:00, run_after=2025-08-12T00:00:00+00:00
[2025-08-12T18:51:50.512+0000] {processor.py:179} INFO - Processing /home/airflow/.local/lib/python3.7/site-packages/airflow/example_dags/example_branch_operator_decorator.py took 2.324 seconds
[2025-08-12T18:52:21.065+0000] {processor.py:157} INFO - Started process (PID=683) to work on /home/airflow/.local/lib/python3.7/site-packages/airflow/example_dags/example_branch_operator_decorator.py
[2025-08-12T18:52:21.066+0000] {processor.py:826} INFO - Processing file /home/airflow/.local/lib/python3.7/site-packages/airflow/example_dags/example_branch_operator_decorator.py for tasks to queue
[2025-08-12T18:52:21.069+0000] {logging_mixin.py:149} INFO - [2025-08-12T18:52:21.068+0000] {dagbag.py:541} INFO - Filling up the DagBag from /home/airflow/.local/lib/python3.7/site-packages/airflow/example_dags/example_branch_operator_decorator.py
[2025-08-12T18:52:21.083+0000] {processor.py:836} INFO - DAG(s) dict_keys(['example_branch_python_operator_decorator']) retrieved from /home/airflow/.local/lib/python3.7/site-packages/airflow/example_dags/example_branch_operator_decorator.py
[2025-08-12T18:52:21.119+0000] {logging_mixin.py:149} INFO - [2025-08-12T18:52:21.119+0000] {dag.py:2726} INFO - Sync 1 DAGs
[2025-08-12T18:52:21.156+0000] {logging_mixin.py:149} INFO - [2025-08-12T18:52:21.155+0000] {dag.py:3490} INFO - Setting next_dagrun for example_branch_python_operator_decorator to 2025-08-11T00:00:00+00:00, run_after=2025-08-12T00:00:00+00:00
[2025-08-12T18:52:21.182+0000] {processor.py:179} INFO - Processing /home/airflow/.local/lib/python3.7/site-packages/airflow/example_dags/example_branch_operator_decorator.py took 0.121 seconds
[2025-08-12T18:52:51.261+0000] {processor.py:157} INFO - Started process (PID=928) to work on /home/airflow/.local/lib/python3.7/site-packages/airflow/example_dags/example_branch_operator_decorator.py
[2025-08-12T18:52:51.262+0000] {processor.py:826} INFO - Processing file /home/airflow/.local/lib/python3.7/site-packages/airflow/example_dags/example_branch_operator_decorator.py for tasks to queue
[2025-08-12T18:52:51.263+0000] {logging_mixin.py:149} INFO - [2025-08-12T18:52:51.263+0000] {dagbag.py:541} INFO - Filling up the DagBag from /home/airflow/.local/lib/python3.7/site-packages/airflow/example_dags/example_branch_operator_decorator.py
[2025-08-12T18:52:51.275+0000] {processor.py:836} INFO - DAG(s) dict_keys(['example_branch_python_operator_decorator']) retrieved from /home/airflow/.local/lib/python3.7/site-packages/airflow/example_dags/example_branch_operator_decorator.py
[2025-08-12T18:52:51.448+0000] {logging_mixin.py:149} INFO - [2025-08-12T18:52:51.448+0000] {dag.py:2726} INFO - Sync 1 DAGs
[2025-08-12T18:52:51.488+0000] {logging_mixin.py:149} INFO - [2025-08-12T18:52:51.488+0000] {dag.py:3490} INFO - Setting next_dagrun for example_branch_python_operator_decorator to 2025-08-11T00:00:00+00:00, run_after=2025-08-12T00:00:00+00:00
[2025-08-12T18:52:51.516+0000] {processor.py:179} INFO - Processing /home/airflow/.local/lib/python3.7/site-packages/airflow/example_dags/example_branch_operator_decorator.py took 0.259 seconds
[2025-08-12T18:53:22.435+0000] {processor.py:157} INFO - Started process (PID=1173) to work on /home/airflow/.local/lib/python3.7/site-packages/airflow/example_dags/example_branch_operator_decorator.py
[2025-08-12T18:53:22.436+0000] {processor.py:826} INFO - Processing file /home/airflow/.local/lib/python3.7/site-packages/airflow/example_dags/example_branch_operator_decorator.py for tasks to queue
[2025-08-12T18:53:22.437+0000] {logging_mixin.py:149} INFO - [2025-08-12T18:53:22.437+0000] {dagbag.py:541} INFO - Filling up the DagBag from /home/airflow/.local/lib/python3.7/site-packages/airflow/example_dags/example_branch_operator_decorator.py
[2025-08-12T18:53:22.449+0000] {processor.py:836} INFO - DAG(s) dict_keys(['example_branch_python_operator_decorator']) retrieved from /home/airflow/.local/lib/python3.7/site-packages/airflow/example_dags/example_branch_operator_decorator.py
[2025-08-12T18:53:22.484+0000] {logging_mixin.py:149} INFO - [2025-08-12T18:53:22.484+0000] {dag.py:2726} INFO - Sync 1 DAGs
[2025-08-12T18:53:22.516+0000] {logging_mixin.py:149} INFO - [2025-08-12T18:53:22.516+0000] {dag.py:3490} INFO - Setting next_dagrun for example_branch_python_operator_decorator to 2025-08-11T00:00:00+00:00, run_after=2025-08-12T00:00:00+00:00
[2025-08-12T18:53:22.540+0000] {processor.py:179} INFO - Processing /home/airflow/.local/lib/python3.7/site-packages/airflow/example_dags/example_branch_operator_decorator.py took 0.109 seconds
[2025-08-12T18:53:52.752+0000] {processor.py:157} INFO - Started process (PID=1418) to work on /home/airflow/.local/lib/python3.7/site-packages/airflow/example_dags/example_branch_operator_decorator.py
[2025-08-12T18:53:52.753+0000] {processor.py:826} INFO - Processing file /home/airflow/.local/lib/python3.7/site-packages/airflow/example_dags/example_branch_operator_decorator.py for tasks to queue
[2025-08-12T18:53:52.754+0000] {logging_mixin.py:149} INFO - [2025-08-12T18:53:52.754+0000] {dagbag.py:541} INFO - Filling up the DagBag from /home/airflow/.local/lib/python3.7/site-packages/airflow/example_dags/example_branch_operator_decorator.py
[2025-08-12T18:53:52.768+0000] {processor.py:836} INFO - DAG(s) dict_keys(['example_branch_python_operator_decorator']) retrieved from /home/airflow/.local/lib/python3.7/site-packages/airflow/example_dags/example_branch_operator_decorator.py
[2025-08-12T18:53:52.801+0000] {logging_mixin.py:149} INFO - [2025-08-12T18:53:52.801+0000] {dag.py:2726} INFO - Sync 1 DAGs
[2025-08-12T18:53:52.833+0000] {logging_mixin.py:149} INFO - [2025-08-12T18:53:52.833+0000] {dag.py:3490} INFO - Setting next_dagrun for example_branch_python_operator_decorator to 2025-08-11T00:00:00+00:00, run_after=2025-08-12T00:00:00+00:00
[2025-08-12T18:53:52.864+0000] {processor.py:179} INFO - Processing /home/airflow/.local/lib/python3.7/site-packages/airflow/example_dags/example_branch_operator_decorator.py took 0.117 seconds
[2025-08-12T18:54:22.973+0000] {processor.py:157} INFO - Started process (PID=1663) to work on /home/airflow/.local/lib/python3.7/site-packages/airflow/example_dags/example_branch_operator_decorator.py
[2025-08-12T18:54:22.974+0000] {processor.py:826} INFO - Processing file /home/airflow/.local/lib/python3.7/site-packages/airflow/example_dags/example_branch_operator_decorator.py for tasks to queue
[2025-08-12T18:54:22.975+0000] {logging_mixin.py:149} INFO - [2025-08-12T18:54:22.975+0000] {dagbag.py:541} INFO - Filling up the DagBag from /home/airflow/.local/lib/python3.7/site-packages/airflow/example_dags/example_branch_operator_decorator.py
[2025-08-12T18:54:22.988+0000] {processor.py:836} INFO - DAG(s) dict_keys(['example_branch_python_operator_decorator']) retrieved from /home/airflow/.local/lib/python3.7/site-packages/airflow/example_dags/example_branch_operator_decorator.py
[2025-08-12T18:54:23.022+0000] {logging_mixin.py:149} INFO - [2025-08-12T18:54:23.021+0000] {dag.py:2726} INFO - Sync 1 DAGs
[2025-08-12T18:54:23.053+0000] {logging_mixin.py:149} INFO - [2025-08-12T18:54:23.053+0000] {dag.py:3490} INFO - Setting next_dagrun for example_branch_python_operator_decorator to 2025-08-11T00:00:00+00:00, run_after=2025-08-12T00:00:00+00:00
[2025-08-12T18:54:23.083+0000] {processor.py:179} INFO - Processing /home/airflow/.local/lib/python3.7/site-packages/airflow/example_dags/example_branch_operator_decorator.py took 0.114 seconds
[2025-08-12T18:54:54.078+0000] {processor.py:157} INFO - Started process (PID=1908) to work on /home/airflow/.local/lib/python3.7/site-packages/airflow/example_dags/example_branch_operator_decorator.py
[2025-08-12T18:54:54.079+0000] {processor.py:826} INFO - Processing file /home/airflow/.local/lib/python3.7/site-packages/airflow/example_dags/example_branch_operator_decorator.py for tasks to queue
[2025-08-12T18:54:54.080+0000] {logging_mixin.py:149} INFO - [2025-08-12T18:54:54.080+0000] {dagbag.py:541} INFO - Filling up the DagBag from /home/airflow/.local/lib/python3.7/site-packages/airflow/example_dags/example_branch_operator_decorator.py
[2025-08-12T18:54:54.092+0000] {processor.py:836} INFO - DAG(s) dict_keys(['example_branch_python_operator_decorator']) retrieved from /home/airflow/.local/lib/python3.7/site-packages/airflow/example_dags/example_branch_operator_decorator.py
[2025-08-12T18:54:54.124+0000] {logging_mixin.py:149} INFO - [2025-08-12T18:54:54.124+0000] {dag.py:2726} INFO - Sync 1 DAGs
[2025-08-12T18:54:54.156+0000] {logging_mixin.py:149} INFO - [2025-08-12T18:54:54.156+0000] {dag.py:3490} INFO - Setting next_dagrun for example_branch_python_operator_decorator to 2025-08-11T00:00:00+00:00, run_after=2025-08-12T00:00:00+00:00
[2025-08-12T18:54:54.180+0000] {processor.py:179} INFO - Processing /home/airflow/.local/lib/python3.7/site-packages/airflow/example_dags/example_branch_operator_decorator.py took 0.106 seconds
[2025-08-12T18:55:24.603+0000] {processor.py:157} INFO - Started process (PID=2153) to work on /home/airflow/.local/lib/python3.7/site-packages/airflow/example_dags/example_branch_operator_decorator.py
[2025-08-12T18:55:24.606+0000] {processor.py:826} INFO - Processing file /home/airflow/.local/lib/python3.7/site-packages/airflow/example_dags/example_branch_operator_decorator.py for tasks to queue
[2025-08-12T18:55:24.609+0000] {logging_mixin.py:149} INFO - [2025-08-12T18:55:24.609+0000] {dagbag.py:541} INFO - Filling up the DagBag from /home/airflow/.local/lib/python3.7/site-packages/airflow/example_dags/example_branch_operator_decorator.py
[2025-08-12T18:55:24.636+0000] {processor.py:836} INFO - DAG(s) dict_keys(['example_branch_python_operator_decorator']) retrieved from /home/airflow/.local/lib/python3.7/site-packages/airflow/example_dags/example_branch_operator_decorator.py
[2025-08-12T18:55:24.692+0000] {logging_mixin.py:149} INFO - [2025-08-12T18:55:24.692+0000] {dag.py:2726} INFO - Sync 1 DAGs
[2025-08-12T18:55:24.743+0000] {logging_mixin.py:149} INFO - [2025-08-12T18:55:24.742+0000] {dag.py:3490} INFO - Setting next_dagrun for example_branch_python_operator_decorator to 2025-08-11T00:00:00+00:00, run_after=2025-08-12T00:00:00+00:00
[2025-08-12T18:55:24.772+0000] {processor.py:179} INFO - Processing /home/airflow/.local/lib/python3.7/site-packages/airflow/example_dags/example_branch_operator_decorator.py took 0.174 seconds
[2025-08-12T18:55:55.136+0000] {processor.py:157} INFO - Started process (PID=2398) to work on /home/airflow/.local/lib/python3.7/site-packages/airflow/example_dags/example_branch_operator_decorator.py
[2025-08-12T18:55:55.137+0000] {processor.py:826} INFO - Processing file /home/airflow/.local/lib/python3.7/site-packages/airflow/example_dags/example_branch_operator_decorator.py for tasks to queue
[2025-08-12T18:55:55.138+0000] {logging_mixin.py:149} INFO - [2025-08-12T18:55:55.138+0000] {dagbag.py:541} INFO - Filling up the DagBag from /home/airflow/.local/lib/python3.7/site-packages/airflow/example_dags/example_branch_operator_decorator.py
[2025-08-12T18:55:55.152+0000] {processor.py:836} INFO - DAG(s) dict_keys(['example_branch_python_operator_decorator']) retrieved from /home/airflow/.local/lib/python3.7/site-packages/airflow/example_dags/example_branch_operator_decorator.py
[2025-08-12T18:55:55.188+0000] {logging_mixin.py:149} INFO - [2025-08-12T18:55:55.188+0000] {dag.py:2726} INFO - Sync 1 DAGs
[2025-08-12T18:55:55.223+0000] {logging_mixin.py:149} INFO - [2025-08-12T18:55:55.223+0000] {dag.py:3490} INFO - Setting next_dagrun for example_branch_python_operator_decorator to 2025-08-11T00:00:00+00:00, run_after=2025-08-12T00:00:00+00:00
[2025-08-12T18:55:55.250+0000] {processor.py:179} INFO - Processing /home/airflow/.local/lib/python3.7/site-packages/airflow/example_dags/example_branch_operator_decorator.py took 0.119 seconds
[2025-08-12T18:56:26.229+0000] {processor.py:157} INFO - Started process (PID=2643) to work on /home/airflow/.local/lib/python3.7/site-packages/airflow/example_dags/example_branch_operator_decorator.py
[2025-08-12T18:56:26.230+0000] {processor.py:826} INFO - Processing file /home/airflow/.local/lib/python3.7/site-packages/airflow/example_dags/example_branch_operator_decorator.py for tasks to queue
[2025-08-12T18:56:26.231+0000] {logging_mixin.py:149} INFO - [2025-08-12T18:56:26.231+0000] {dagbag.py:541} INFO - Filling up the DagBag from /home/airflow/.local/lib/python3.7/site-packages/airflow/example_dags/example_branch_operator_decorator.py
[2025-08-12T18:56:26.243+0000] {processor.py:836} INFO - DAG(s) dict_keys(['example_branch_python_operator_decorator']) retrieved from /home/airflow/.local/lib/python3.7/site-packages/airflow/example_dags/example_branch_operator_decorator.py
[2025-08-12T18:56:26.276+0000] {logging_mixin.py:149} INFO - [2025-08-12T18:56:26.276+0000] {dag.py:2726} INFO - Sync 1 DAGs
[2025-08-12T18:56:26.309+0000] {logging_mixin.py:149} INFO - [2025-08-12T18:56:26.309+0000] {dag.py:3490} INFO - Setting next_dagrun for example_branch_python_operator_decorator to 2025-08-11T00:00:00+00:00, run_after=2025-08-12T00:00:00+00:00
[2025-08-12T18:56:26.342+0000] {processor.py:179} INFO - Processing /home/airflow/.local/lib/python3.7/site-packages/airflow/example_dags/example_branch_operator_decorator.py took 0.117 seconds
[2025-08-12T18:56:56.404+0000] {processor.py:157} INFO - Started process (PID=2888) to work on /home/airflow/.local/lib/python3.7/site-packages/airflow/example_dags/example_branch_operator_decorator.py
[2025-08-12T18:56:56.405+0000] {processor.py:826} INFO - Processing file /home/airflow/.local/lib/python3.7/site-packages/airflow/example_dags/example_branch_operator_decorator.py for tasks to queue
[2025-08-12T18:56:56.406+0000] {logging_mixin.py:149} INFO - [2025-08-12T18:56:56.406+0000] {dagbag.py:541} INFO - Filling up the DagBag from /home/airflow/.local/lib/python3.7/site-packages/airflow/example_dags/example_branch_operator_decorator.py
[2025-08-12T18:56:56.421+0000] {processor.py:836} INFO - DAG(s) dict_keys(['example_branch_python_operator_decorator']) retrieved from /home/airflow/.local/lib/python3.7/site-packages/airflow/example_dags/example_branch_operator_decorator.py
[2025-08-12T18:56:56.456+0000] {logging_mixin.py:149} INFO - [2025-08-12T18:56:56.456+0000] {dag.py:2726} INFO - Sync 1 DAGs
[2025-08-12T18:56:56.493+0000] {logging_mixin.py:149} INFO - [2025-08-12T18:56:56.493+0000] {dag.py:3490} INFO - Setting next_dagrun for example_branch_python_operator_decorator to 2025-08-11T00:00:00+00:00, run_after=2025-08-12T00:00:00+00:00
[2025-08-12T18:56:56.519+0000] {processor.py:179} INFO - Processing /home/airflow/.local/lib/python3.7/site-packages/airflow/example_dags/example_branch_operator_decorator.py took 0.119 seconds
[2025-08-12T18:57:26.629+0000] {processor.py:157} INFO - Started process (PID=3133) to work on /home/airflow/.local/lib/python3.7/site-packages/airflow/example_dags/example_branch_operator_decorator.py
[2025-08-12T18:57:26.630+0000] {processor.py:826} INFO - Processing file /home/airflow/.local/lib/python3.7/site-packages/airflow/example_dags/example_branch_operator_decorator.py for tasks to queue
[2025-08-12T18:57:26.633+0000] {logging_mixin.py:149} INFO - [2025-08-12T18:57:26.633+0000] {dagbag.py:541} INFO - Filling up the DagBag from /home/airflow/.local/lib/python3.7/site-packages/airflow/example_dags/example_branch_operator_decorator.py
[2025-08-12T18:57:26.644+0000] {processor.py:836} INFO - DAG(s) dict_keys(['example_branch_python_operator_decorator']) retrieved from /home/airflow/.local/lib/python3.7/site-packages/airflow/example_dags/example_branch_operator_decorator.py
[2025-08-12T18:57:26.680+0000] {logging_mixin.py:149} INFO - [2025-08-12T18:57:26.680+0000] {dag.py:2726} INFO - Sync 1 DAGs
[2025-08-12T18:57:26.721+0000] {logging_mixin.py:149} INFO - [2025-08-12T18:57:26.721+0000] {dag.py:3490} INFO - Setting next_dagrun for example_branch_python_operator_decorator to 2025-08-11T00:00:00+00:00, run_after=2025-08-12T00:00:00+00:00
[2025-08-12T18:57:26.750+0000] {processor.py:179} INFO - Processing /home/airflow/.local/lib/python3.7/site-packages/airflow/example_dags/example_branch_operator_decorator.py took 0.125 seconds
[2025-08-12T18:57:57.076+0000] {processor.py:157} INFO - Started process (PID=3378) to work on /home/airflow/.local/lib/python3.7/site-packages/airflow/example_dags/example_branch_operator_decorator.py
[2025-08-12T18:57:57.077+0000] {processor.py:826} INFO - Processing file /home/airflow/.local/lib/python3.7/site-packages/airflow/example_dags/example_branch_operator_decorator.py for tasks to queue
[2025-08-12T18:57:57.077+0000] {logging_mixin.py:149} INFO - [2025-08-12T18:57:57.077+0000] {dagbag.py:541} INFO - Filling up the DagBag from /home/airflow/.local/lib/python3.7/site-packages/airflow/example_dags/example_branch_operator_decorator.py
[2025-08-12T18:57:57.088+0000] {processor.py:836} INFO - DAG(s) dict_keys(['example_branch_python_operator_decorator']) retrieved from /home/airflow/.local/lib/python3.7/site-packages/airflow/example_dags/example_branch_operator_decorator.py
[2025-08-12T18:57:57.121+0000] {logging_mixin.py:149} INFO - [2025-08-12T18:57:57.121+0000] {dag.py:2726} INFO - Sync 1 DAGs
[2025-08-12T18:57:57.155+0000] {logging_mixin.py:149} INFO - [2025-08-12T18:57:57.155+0000] {dag.py:3490} INFO - Setting next_dagrun for example_branch_python_operator_decorator to 2025-08-11T00:00:00+00:00, run_after=2025-08-12T00:00:00+00:00
[2025-08-12T18:57:57.184+0000] {processor.py:179} INFO - Processing /home/airflow/.local/lib/python3.7/site-packages/airflow/example_dags/example_branch_operator_decorator.py took 0.112 seconds
[2025-08-12T18:58:27.695+0000] {processor.py:157} INFO - Started process (PID=3623) to work on /home/airflow/.local/lib/python3.7/site-packages/airflow/example_dags/example_branch_operator_decorator.py
[2025-08-12T18:58:27.698+0000] {processor.py:826} INFO - Processing file /home/airflow/.local/lib/python3.7/site-packages/airflow/example_dags/example_branch_operator_decorator.py for tasks to queue
[2025-08-12T18:58:27.699+0000] {logging_mixin.py:149} INFO - [2025-08-12T18:58:27.699+0000] {dagbag.py:541} INFO - Filling up the DagBag from /home/airflow/.local/lib/python3.7/site-packages/airflow/example_dags/example_branch_operator_decorator.py
[2025-08-12T18:58:27.712+0000] {processor.py:836} INFO - DAG(s) dict_keys(['example_branch_python_operator_decorator']) retrieved from /home/airflow/.local/lib/python3.7/site-packages/airflow/example_dags/example_branch_operator_decorator.py
[2025-08-12T18:58:27.742+0000] {logging_mixin.py:149} INFO - [2025-08-12T18:58:27.742+0000] {dag.py:2726} INFO - Sync 1 DAGs
[2025-08-12T18:58:27.776+0000] {logging_mixin.py:149} INFO - [2025-08-12T18:58:27.776+0000] {dag.py:3490} INFO - Setting next_dagrun for example_branch_python_operator_decorator to 2025-08-11T00:00:00+00:00, run_after=2025-08-12T00:00:00+00:00
[2025-08-12T18:58:27.804+0000] {processor.py:179} INFO - Processing /home/airflow/.local/lib/python3.7/site-packages/airflow/example_dags/example_branch_operator_decorator.py took 0.112 seconds
[2025-08-12T18:58:57.933+0000] {processor.py:157} INFO - Started process (PID=3868) to work on /home/airflow/.local/lib/python3.7/site-packages/airflow/example_dags/example_branch_operator_decorator.py
[2025-08-12T18:58:57.935+0000] {processor.py:826} INFO - Processing file /home/airflow/.local/lib/python3.7/site-packages/airflow/example_dags/example_branch_operator_decorator.py for tasks to queue
[2025-08-12T18:58:57.936+0000] {logging_mixin.py:149} INFO - [2025-08-12T18:58:57.936+0000] {dagbag.py:541} INFO - Filling up the DagBag from /home/airflow/.local/lib/python3.7/site-packages/airflow/example_dags/example_branch_operator_decorator.py
[2025-08-12T18:58:57.959+0000] {processor.py:836} INFO - DAG(s) dict_keys(['example_branch_python_operator_decorator']) retrieved from /home/airflow/.local/lib/python3.7/site-packages/airflow/example_dags/example_branch_operator_decorator.py
[2025-08-12T18:58:57.996+0000] {logging_mixin.py:149} INFO - [2025-08-12T18:58:57.996+0000] {dag.py:2726} INFO - Sync 1 DAGs
[2025-08-12T18:58:58.034+0000] {logging_mixin.py:149} INFO - [2025-08-12T18:58:58.034+0000] {dag.py:3490} INFO - Setting next_dagrun for example_branch_python_operator_decorator to 2025-08-11T00:00:00+00:00, run_after=2025-08-12T00:00:00+00:00
[2025-08-12T18:58:58.060+0000] {processor.py:179} INFO - Processing /home/airflow/.local/lib/python3.7/site-packages/airflow/example_dags/example_branch_operator_decorator.py took 0.134 seconds
[2025-08-12T18:59:28.234+0000] {processor.py:157} INFO - Started process (PID=4113) to work on /home/airflow/.local/lib/python3.7/site-packages/airflow/example_dags/example_branch_operator_decorator.py
[2025-08-12T18:59:28.235+0000] {processor.py:826} INFO - Processing file /home/airflow/.local/lib/python3.7/site-packages/airflow/example_dags/example_branch_operator_decorator.py for tasks to queue
[2025-08-12T18:59:28.239+0000] {logging_mixin.py:149} INFO - [2025-08-12T18:59:28.239+0000] {dagbag.py:541} INFO - Filling up the DagBag from /home/airflow/.local/lib/python3.7/site-packages/airflow/example_dags/example_branch_operator_decorator.py
[2025-08-12T18:59:28.252+0000] {processor.py:836} INFO - DAG(s) dict_keys(['example_branch_python_operator_decorator']) retrieved from /home/airflow/.local/lib/python3.7/site-packages/airflow/example_dags/example_branch_operator_decorator.py
[2025-08-12T18:59:28.284+0000] {logging_mixin.py:149} INFO - [2025-08-12T18:59:28.284+0000] {dag.py:2726} INFO - Sync 1 DAGs
[2025-08-12T18:59:28.320+0000] {logging_mixin.py:149} INFO - [2025-08-12T18:59:28.320+0000] {dag.py:3490} INFO - Setting next_dagrun for example_branch_python_operator_decorator to 2025-08-11T00:00:00+00:00, run_after=2025-08-12T00:00:00+00:00
[2025-08-12T18:59:28.348+0000] {processor.py:179} INFO - Processing /home/airflow/.local/lib/python3.7/site-packages/airflow/example_dags/example_branch_operator_decorator.py took 0.117 seconds
[2025-08-12T18:59:59.345+0000] {processor.py:157} INFO - Started process (PID=4358) to work on /home/airflow/.local/lib/python3.7/site-packages/airflow/example_dags/example_branch_operator_decorator.py
[2025-08-12T18:59:59.346+0000] {processor.py:826} INFO - Processing file /home/airflow/.local/lib/python3.7/site-packages/airflow/example_dags/example_branch_operator_decorator.py for tasks to queue
[2025-08-12T18:59:59.348+0000] {logging_mixin.py:149} INFO - [2025-08-12T18:59:59.347+0000] {dagbag.py:541} INFO - Filling up the DagBag from /home/airflow/.local/lib/python3.7/site-packages/airflow/example_dags/example_branch_operator_decorator.py
[2025-08-12T18:59:59.361+0000] {processor.py:836} INFO - DAG(s) dict_keys(['example_branch_python_operator_decorator']) retrieved from /home/airflow/.local/lib/python3.7/site-packages/airflow/example_dags/example_branch_operator_decorator.py
[2025-08-12T18:59:59.396+0000] {logging_mixin.py:149} INFO - [2025-08-12T18:59:59.396+0000] {dag.py:2726} INFO - Sync 1 DAGs
[2025-08-12T18:59:59.436+0000] {logging_mixin.py:149} INFO - [2025-08-12T18:59:59.436+0000] {dag.py:3490} INFO - Setting next_dagrun for example_branch_python_operator_decorator to 2025-08-11T00:00:00+00:00, run_after=2025-08-12T00:00:00+00:00
[2025-08-12T18:59:59.462+0000] {processor.py:179} INFO - Processing /home/airflow/.local/lib/python3.7/site-packages/airflow/example_dags/example_branch_operator_decorator.py took 0.122 seconds
[2025-08-12T19:00:29.823+0000] {processor.py:157} INFO - Started process (PID=4603) to work on /home/airflow/.local/lib/python3.7/site-packages/airflow/example_dags/example_branch_operator_decorator.py
[2025-08-12T19:00:29.824+0000] {processor.py:826} INFO - Processing file /home/airflow/.local/lib/python3.7/site-packages/airflow/example_dags/example_branch_operator_decorator.py for tasks to queue
[2025-08-12T19:00:29.825+0000] {logging_mixin.py:149} INFO - [2025-08-12T19:00:29.825+0000] {dagbag.py:541} INFO - Filling up the DagBag from /home/airflow/.local/lib/python3.7/site-packages/airflow/example_dags/example_branch_operator_decorator.py
[2025-08-12T19:00:29.837+0000] {processor.py:836} INFO - DAG(s) dict_keys(['example_branch_python_operator_decorator']) retrieved from /home/airflow/.local/lib/python3.7/site-packages/airflow/example_dags/example_branch_operator_decorator.py
[2025-08-12T19:00:29.868+0000] {logging_mixin.py:149} INFO - [2025-08-12T19:00:29.868+0000] {dag.py:2726} INFO - Sync 1 DAGs
[2025-08-12T19:00:29.899+0000] {logging_mixin.py:149} INFO - [2025-08-12T19:00:29.899+0000] {dag.py:3490} INFO - Setting next_dagrun for example_branch_python_operator_decorator to 2025-08-11T00:00:00+00:00, run_after=2025-08-12T00:00:00+00:00
[2025-08-12T19:00:29.924+0000] {processor.py:179} INFO - Processing /home/airflow/.local/lib/python3.7/site-packages/airflow/example_dags/example_branch_operator_decorator.py took 0.104 seconds
[2025-08-12T19:01:00.314+0000] {processor.py:157} INFO - Started process (PID=4848) to work on /home/airflow/.local/lib/python3.7/site-packages/airflow/example_dags/example_branch_operator_decorator.py
[2025-08-12T19:01:00.315+0000] {processor.py:826} INFO - Processing file /home/airflow/.local/lib/python3.7/site-packages/airflow/example_dags/example_branch_operator_decorator.py for tasks to queue
[2025-08-12T19:01:00.318+0000] {logging_mixin.py:149} INFO - [2025-08-12T19:01:00.318+0000] {dagbag.py:541} INFO - Filling up the DagBag from /home/airflow/.local/lib/python3.7/site-packages/airflow/example_dags/example_branch_operator_decorator.py
[2025-08-12T19:01:00.330+0000] {processor.py:836} INFO - DAG(s) dict_keys(['example_branch_python_operator_decorator']) retrieved from /home/airflow/.local/lib/python3.7/site-packages/airflow/example_dags/example_branch_operator_decorator.py
[2025-08-12T19:01:00.359+0000] {logging_mixin.py:149} INFO - [2025-08-12T19:01:00.359+0000] {dag.py:2726} INFO - Sync 1 DAGs
[2025-08-12T19:01:00.391+0000] {logging_mixin.py:149} INFO - [2025-08-12T19:01:00.390+0000] {dag.py:3490} INFO - Setting next_dagrun for example_branch_python_operator_decorator to 2025-08-11T00:00:00+00:00, run_after=2025-08-12T00:00:00+00:00
[2025-08-12T19:01:00.417+0000] {processor.py:179} INFO - Processing /home/airflow/.local/lib/python3.7/site-packages/airflow/example_dags/example_branch_operator_decorator.py took 0.107 seconds
[2025-08-12T19:01:30.781+0000] {processor.py:157} INFO - Started process (PID=5093) to work on /home/airflow/.local/lib/python3.7/site-packages/airflow/example_dags/example_branch_operator_decorator.py
[2025-08-12T19:01:30.783+0000] {processor.py:826} INFO - Processing file /home/airflow/.local/lib/python3.7/site-packages/airflow/example_dags/example_branch_operator_decorator.py for tasks to queue
[2025-08-12T19:01:30.784+0000] {logging_mixin.py:149} INFO - [2025-08-12T19:01:30.784+0000] {dagbag.py:541} INFO - Filling up the DagBag from /home/airflow/.local/lib/python3.7/site-packages/airflow/example_dags/example_branch_operator_decorator.py
[2025-08-12T19:01:30.798+0000] {processor.py:836} INFO - DAG(s) dict_keys(['example_branch_python_operator_decorator']) retrieved from /home/airflow/.local/lib/python3.7/site-packages/airflow/example_dags/example_branch_operator_decorator.py
[2025-08-12T19:01:30.846+0000] {logging_mixin.py:149} INFO - [2025-08-12T19:01:30.846+0000] {dag.py:2726} INFO - Sync 1 DAGs
[2025-08-12T19:01:30.894+0000] {logging_mixin.py:149} INFO - [2025-08-12T19:01:30.894+0000] {dag.py:3490} INFO - Setting next_dagrun for example_branch_python_operator_decorator to 2025-08-11T00:00:00+00:00, run_after=2025-08-12T00:00:00+00:00
[2025-08-12T19:01:30.922+0000] {processor.py:179} INFO - Processing /home/airflow/.local/lib/python3.7/site-packages/airflow/example_dags/example_branch_operator_decorator.py took 0.146 seconds
[2025-08-12T19:02:01.250+0000] {processor.py:157} INFO - Started process (PID=5338) to work on /home/airflow/.local/lib/python3.7/site-packages/airflow/example_dags/example_branch_operator_decorator.py
[2025-08-12T19:02:01.252+0000] {processor.py:826} INFO - Processing file /home/airflow/.local/lib/python3.7/site-packages/airflow/example_dags/example_branch_operator_decorator.py for tasks to queue
[2025-08-12T19:02:01.253+0000] {logging_mixin.py:149} INFO - [2025-08-12T19:02:01.253+0000] {dagbag.py:541} INFO - Filling up the DagBag from /home/airflow/.local/lib/python3.7/site-packages/airflow/example_dags/example_branch_operator_decorator.py
[2025-08-12T19:02:01.265+0000] {processor.py:836} INFO - DAG(s) dict_keys(['example_branch_python_operator_decorator']) retrieved from /home/airflow/.local/lib/python3.7/site-packages/airflow/example_dags/example_branch_operator_decorator.py
[2025-08-12T19:02:01.296+0000] {logging_mixin.py:149} INFO - [2025-08-12T19:02:01.296+0000] {dag.py:2726} INFO - Sync 1 DAGs
[2025-08-12T19:02:01.330+0000] {logging_mixin.py:149} INFO - [2025-08-12T19:02:01.330+0000] {dag.py:3490} INFO - Setting next_dagrun for example_branch_python_operator_decorator to 2025-08-11T00:00:00+00:00, run_after=2025-08-12T00:00:00+00:00
[2025-08-12T19:02:01.354+0000] {processor.py:179} INFO - Processing /home/airflow/.local/lib/python3.7/site-packages/airflow/example_dags/example_branch_operator_decorator.py took 0.109 seconds
[2025-08-12T19:02:31.671+0000] {processor.py:157} INFO - Started process (PID=5583) to work on /home/airflow/.local/lib/python3.7/site-packages/airflow/example_dags/example_branch_operator_decorator.py
[2025-08-12T19:02:31.672+0000] {processor.py:826} INFO - Processing file /home/airflow/.local/lib/python3.7/site-packages/airflow/example_dags/example_branch_operator_decorator.py for tasks to queue
[2025-08-12T19:02:31.673+0000] {logging_mixin.py:149} INFO - [2025-08-12T19:02:31.672+0000] {dagbag.py:541} INFO - Filling up the DagBag from /home/airflow/.local/lib/python3.7/site-packages/airflow/example_dags/example_branch_operator_decorator.py
[2025-08-12T19:02:31.685+0000] {processor.py:836} INFO - DAG(s) dict_keys(['example_branch_python_operator_decorator']) retrieved from /home/airflow/.local/lib/python3.7/site-packages/airflow/example_dags/example_branch_operator_decorator.py
[2025-08-12T19:02:31.721+0000] {logging_mixin.py:149} INFO - [2025-08-12T19:02:31.720+0000] {dag.py:2726} INFO - Sync 1 DAGs
[2025-08-12T19:02:31.756+0000] {logging_mixin.py:149} INFO - [2025-08-12T19:02:31.756+0000] {dag.py:3490} INFO - Setting next_dagrun for example_branch_python_operator_decorator to 2025-08-11T00:00:00+00:00, run_after=2025-08-12T00:00:00+00:00
[2025-08-12T19:02:31.781+0000] {processor.py:179} INFO - Processing /home/airflow/.local/lib/python3.7/site-packages/airflow/example_dags/example_branch_operator_decorator.py took 0.115 seconds
[2025-08-12T19:03:02.037+0000] {processor.py:157} INFO - Started process (PID=5828) to work on /home/airflow/.local/lib/python3.7/site-packages/airflow/example_dags/example_branch_operator_decorator.py
[2025-08-12T19:03:02.038+0000] {processor.py:826} INFO - Processing file /home/airflow/.local/lib/python3.7/site-packages/airflow/example_dags/example_branch_operator_decorator.py for tasks to queue
[2025-08-12T19:03:02.038+0000] {logging_mixin.py:149} INFO - [2025-08-12T19:03:02.038+0000] {dagbag.py:541} INFO - Filling up the DagBag from /home/airflow/.local/lib/python3.7/site-packages/airflow/example_dags/example_branch_operator_decorator.py
[2025-08-12T19:03:02.050+0000] {processor.py:836} INFO - DAG(s) dict_keys(['example_branch_python_operator_decorator']) retrieved from /home/airflow/.local/lib/python3.7/site-packages/airflow/example_dags/example_branch_operator_decorator.py
[2025-08-12T19:03:02.081+0000] {logging_mixin.py:149} INFO - [2025-08-12T19:03:02.081+0000] {dag.py:2726} INFO - Sync 1 DAGs
[2025-08-12T19:03:02.116+0000] {logging_mixin.py:149} INFO - [2025-08-12T19:03:02.116+0000] {dag.py:3490} INFO - Setting next_dagrun for example_branch_python_operator_decorator to 2025-08-11T00:00:00+00:00, run_after=2025-08-12T00:00:00+00:00
[2025-08-12T19:03:02.142+0000] {processor.py:179} INFO - Processing /home/airflow/.local/lib/python3.7/site-packages/airflow/example_dags/example_branch_operator_decorator.py took 0.110 seconds
[2025-08-12T21:41:50.325+0000] {processor.py:157} INFO - Started process (PID=187) to work on /home/airflow/.local/lib/python3.7/site-packages/airflow/example_dags/example_branch_operator_decorator.py
[2025-08-12T21:41:50.328+0000] {processor.py:826} INFO - Processing file /home/airflow/.local/lib/python3.7/site-packages/airflow/example_dags/example_branch_operator_decorator.py for tasks to queue
[2025-08-12T21:41:50.329+0000] {logging_mixin.py:149} INFO - [2025-08-12T21:41:50.329+0000] {dagbag.py:541} INFO - Filling up the DagBag from /home/airflow/.local/lib/python3.7/site-packages/airflow/example_dags/example_branch_operator_decorator.py
[2025-08-12T21:41:50.346+0000] {processor.py:836} INFO - DAG(s) dict_keys(['example_branch_python_operator_decorator']) retrieved from /home/airflow/.local/lib/python3.7/site-packages/airflow/example_dags/example_branch_operator_decorator.py
[2025-08-12T21:41:50.394+0000] {logging_mixin.py:149} INFO - [2025-08-12T21:41:50.394+0000] {dag.py:2726} INFO - Sync 1 DAGs
[2025-08-12T21:41:50.431+0000] {logging_mixin.py:149} INFO - [2025-08-12T21:41:50.431+0000] {dag.py:3490} INFO - Setting next_dagrun for example_branch_python_operator_decorator to 2025-08-11T00:00:00+00:00, run_after=2025-08-12T00:00:00+00:00
[2025-08-12T21:41:50.460+0000] {processor.py:179} INFO - Processing /home/airflow/.local/lib/python3.7/site-packages/airflow/example_dags/example_branch_operator_decorator.py took 0.142 seconds
[2025-08-12T21:42:21.164+0000] {processor.py:157} INFO - Started process (PID=430) to work on /home/airflow/.local/lib/python3.7/site-packages/airflow/example_dags/example_branch_operator_decorator.py
[2025-08-12T21:42:21.166+0000] {processor.py:826} INFO - Processing file /home/airflow/.local/lib/python3.7/site-packages/airflow/example_dags/example_branch_operator_decorator.py for tasks to queue
[2025-08-12T21:42:21.168+0000] {logging_mixin.py:149} INFO - [2025-08-12T21:42:21.167+0000] {dagbag.py:541} INFO - Filling up the DagBag from /home/airflow/.local/lib/python3.7/site-packages/airflow/example_dags/example_branch_operator_decorator.py
[2025-08-12T21:42:21.186+0000] {processor.py:836} INFO - DAG(s) dict_keys(['example_branch_python_operator_decorator']) retrieved from /home/airflow/.local/lib/python3.7/site-packages/airflow/example_dags/example_branch_operator_decorator.py
[2025-08-12T21:42:21.236+0000] {logging_mixin.py:149} INFO - [2025-08-12T21:42:21.235+0000] {dag.py:2726} INFO - Sync 1 DAGs
[2025-08-12T21:42:21.277+0000] {logging_mixin.py:149} INFO - [2025-08-12T21:42:21.277+0000] {dag.py:3490} INFO - Setting next_dagrun for example_branch_python_operator_decorator to 2025-08-11T00:00:00+00:00, run_after=2025-08-12T00:00:00+00:00
[2025-08-12T21:42:21.306+0000] {processor.py:179} INFO - Processing /home/airflow/.local/lib/python3.7/site-packages/airflow/example_dags/example_branch_operator_decorator.py took 0.151 seconds
[2025-08-12T21:42:51.606+0000] {processor.py:157} INFO - Started process (PID=675) to work on /home/airflow/.local/lib/python3.7/site-packages/airflow/example_dags/example_branch_operator_decorator.py
[2025-08-12T21:42:51.607+0000] {processor.py:826} INFO - Processing file /home/airflow/.local/lib/python3.7/site-packages/airflow/example_dags/example_branch_operator_decorator.py for tasks to queue
[2025-08-12T21:42:51.608+0000] {logging_mixin.py:149} INFO - [2025-08-12T21:42:51.608+0000] {dagbag.py:541} INFO - Filling up the DagBag from /home/airflow/.local/lib/python3.7/site-packages/airflow/example_dags/example_branch_operator_decorator.py
[2025-08-12T21:42:51.620+0000] {processor.py:836} INFO - DAG(s) dict_keys(['example_branch_python_operator_decorator']) retrieved from /home/airflow/.local/lib/python3.7/site-packages/airflow/example_dags/example_branch_operator_decorator.py
[2025-08-12T21:42:51.660+0000] {logging_mixin.py:149} INFO - [2025-08-12T21:42:51.659+0000] {dag.py:2726} INFO - Sync 1 DAGs
[2025-08-12T21:42:51.698+0000] {logging_mixin.py:149} INFO - [2025-08-12T21:42:51.698+0000] {dag.py:3490} INFO - Setting next_dagrun for example_branch_python_operator_decorator to 2025-08-11T00:00:00+00:00, run_after=2025-08-12T00:00:00+00:00
[2025-08-12T21:42:51.728+0000] {processor.py:179} INFO - Processing /home/airflow/.local/lib/python3.7/site-packages/airflow/example_dags/example_branch_operator_decorator.py took 0.127 seconds
[2025-08-12T21:43:22.056+0000] {processor.py:157} INFO - Started process (PID=920) to work on /home/airflow/.local/lib/python3.7/site-packages/airflow/example_dags/example_branch_operator_decorator.py
[2025-08-12T21:43:22.058+0000] {processor.py:826} INFO - Processing file /home/airflow/.local/lib/python3.7/site-packages/airflow/example_dags/example_branch_operator_decorator.py for tasks to queue
[2025-08-12T21:43:22.059+0000] {logging_mixin.py:149} INFO - [2025-08-12T21:43:22.059+0000] {dagbag.py:541} INFO - Filling up the DagBag from /home/airflow/.local/lib/python3.7/site-packages/airflow/example_dags/example_branch_operator_decorator.py
[2025-08-12T21:43:22.081+0000] {processor.py:836} INFO - DAG(s) dict_keys(['example_branch_python_operator_decorator']) retrieved from /home/airflow/.local/lib/python3.7/site-packages/airflow/example_dags/example_branch_operator_decorator.py
[2025-08-12T21:43:22.292+0000] {logging_mixin.py:149} INFO - [2025-08-12T21:43:22.292+0000] {dag.py:2726} INFO - Sync 1 DAGs
[2025-08-12T21:43:22.327+0000] {logging_mixin.py:149} INFO - [2025-08-12T21:43:22.327+0000] {dag.py:3490} INFO - Setting next_dagrun for example_branch_python_operator_decorator to 2025-08-11T00:00:00+00:00, run_after=2025-08-12T00:00:00+00:00
[2025-08-12T21:43:22.350+0000] {processor.py:179} INFO - Processing /home/airflow/.local/lib/python3.7/site-packages/airflow/example_dags/example_branch_operator_decorator.py took 0.299 seconds
[2025-08-12T21:43:53.311+0000] {processor.py:157} INFO - Started process (PID=1165) to work on /home/airflow/.local/lib/python3.7/site-packages/airflow/example_dags/example_branch_operator_decorator.py
[2025-08-12T21:43:53.312+0000] {processor.py:826} INFO - Processing file /home/airflow/.local/lib/python3.7/site-packages/airflow/example_dags/example_branch_operator_decorator.py for tasks to queue
[2025-08-12T21:43:53.313+0000] {logging_mixin.py:149} INFO - [2025-08-12T21:43:53.313+0000] {dagbag.py:541} INFO - Filling up the DagBag from /home/airflow/.local/lib/python3.7/site-packages/airflow/example_dags/example_branch_operator_decorator.py
[2025-08-12T21:43:53.325+0000] {processor.py:836} INFO - DAG(s) dict_keys(['example_branch_python_operator_decorator']) retrieved from /home/airflow/.local/lib/python3.7/site-packages/airflow/example_dags/example_branch_operator_decorator.py
[2025-08-12T21:43:53.356+0000] {logging_mixin.py:149} INFO - [2025-08-12T21:43:53.356+0000] {dag.py:2726} INFO - Sync 1 DAGs
[2025-08-12T21:43:53.388+0000] {logging_mixin.py:149} INFO - [2025-08-12T21:43:53.388+0000] {dag.py:3490} INFO - Setting next_dagrun for example_branch_python_operator_decorator to 2025-08-11T00:00:00+00:00, run_after=2025-08-12T00:00:00+00:00
[2025-08-12T21:43:53.411+0000] {processor.py:179} INFO - Processing /home/airflow/.local/lib/python3.7/site-packages/airflow/example_dags/example_branch_operator_decorator.py took 0.104 seconds
[2025-08-12T21:44:23.927+0000] {processor.py:157} INFO - Started process (PID=1410) to work on /home/airflow/.local/lib/python3.7/site-packages/airflow/example_dags/example_branch_operator_decorator.py
[2025-08-12T21:44:23.928+0000] {processor.py:826} INFO - Processing file /home/airflow/.local/lib/python3.7/site-packages/airflow/example_dags/example_branch_operator_decorator.py for tasks to queue
[2025-08-12T21:44:23.932+0000] {logging_mixin.py:149} INFO - [2025-08-12T21:44:23.932+0000] {dagbag.py:541} INFO - Filling up the DagBag from /home/airflow/.local/lib/python3.7/site-packages/airflow/example_dags/example_branch_operator_decorator.py
[2025-08-12T21:44:23.943+0000] {processor.py:836} INFO - DAG(s) dict_keys(['example_branch_python_operator_decorator']) retrieved from /home/airflow/.local/lib/python3.7/site-packages/airflow/example_dags/example_branch_operator_decorator.py
[2025-08-12T21:44:23.976+0000] {logging_mixin.py:149} INFO - [2025-08-12T21:44:23.976+0000] {dag.py:2726} INFO - Sync 1 DAGs
[2025-08-12T21:44:24.011+0000] {logging_mixin.py:149} INFO - [2025-08-12T21:44:24.011+0000] {dag.py:3490} INFO - Setting next_dagrun for example_branch_python_operator_decorator to 2025-08-11T00:00:00+00:00, run_after=2025-08-12T00:00:00+00:00
[2025-08-12T21:44:24.041+0000] {processor.py:179} INFO - Processing /home/airflow/.local/lib/python3.7/site-packages/airflow/example_dags/example_branch_operator_decorator.py took 0.118 seconds
[2025-08-12T21:44:54.421+0000] {processor.py:157} INFO - Started process (PID=1655) to work on /home/airflow/.local/lib/python3.7/site-packages/airflow/example_dags/example_branch_operator_decorator.py
[2025-08-12T21:44:54.423+0000] {processor.py:826} INFO - Processing file /home/airflow/.local/lib/python3.7/site-packages/airflow/example_dags/example_branch_operator_decorator.py for tasks to queue
[2025-08-12T21:44:54.425+0000] {logging_mixin.py:149} INFO - [2025-08-12T21:44:54.425+0000] {dagbag.py:541} INFO - Filling up the DagBag from /home/airflow/.local/lib/python3.7/site-packages/airflow/example_dags/example_branch_operator_decorator.py
[2025-08-12T21:44:54.443+0000] {processor.py:836} INFO - DAG(s) dict_keys(['example_branch_python_operator_decorator']) retrieved from /home/airflow/.local/lib/python3.7/site-packages/airflow/example_dags/example_branch_operator_decorator.py
[2025-08-12T21:44:54.483+0000] {logging_mixin.py:149} INFO - [2025-08-12T21:44:54.483+0000] {dag.py:2726} INFO - Sync 1 DAGs
[2025-08-12T21:44:54.514+0000] {logging_mixin.py:149} INFO - [2025-08-12T21:44:54.514+0000] {dag.py:3490} INFO - Setting next_dagrun for example_branch_python_operator_decorator to 2025-08-11T00:00:00+00:00, run_after=2025-08-12T00:00:00+00:00
[2025-08-12T21:44:54.538+0000] {processor.py:179} INFO - Processing /home/airflow/.local/lib/python3.7/site-packages/airflow/example_dags/example_branch_operator_decorator.py took 0.122 seconds
[2025-08-12T21:45:24.609+0000] {processor.py:157} INFO - Started process (PID=1900) to work on /home/airflow/.local/lib/python3.7/site-packages/airflow/example_dags/example_branch_operator_decorator.py
[2025-08-12T21:45:24.610+0000] {processor.py:826} INFO - Processing file /home/airflow/.local/lib/python3.7/site-packages/airflow/example_dags/example_branch_operator_decorator.py for tasks to queue
[2025-08-12T21:45:24.611+0000] {logging_mixin.py:149} INFO - [2025-08-12T21:45:24.611+0000] {dagbag.py:541} INFO - Filling up the DagBag from /home/airflow/.local/lib/python3.7/site-packages/airflow/example_dags/example_branch_operator_decorator.py
[2025-08-12T21:45:24.624+0000] {processor.py:836} INFO - DAG(s) dict_keys(['example_branch_python_operator_decorator']) retrieved from /home/airflow/.local/lib/python3.7/site-packages/airflow/example_dags/example_branch_operator_decorator.py
[2025-08-12T21:45:24.656+0000] {logging_mixin.py:149} INFO - [2025-08-12T21:45:24.656+0000] {dag.py:2726} INFO - Sync 1 DAGs
[2025-08-12T21:45:24.688+0000] {logging_mixin.py:149} INFO - [2025-08-12T21:45:24.688+0000] {dag.py:3490} INFO - Setting next_dagrun for example_branch_python_operator_decorator to 2025-08-11T00:00:00+00:00, run_after=2025-08-12T00:00:00+00:00
[2025-08-12T21:45:24.713+0000] {processor.py:179} INFO - Processing /home/airflow/.local/lib/python3.7/site-packages/airflow/example_dags/example_branch_operator_decorator.py took 0.108 seconds
[2025-08-12T21:45:54.969+0000] {processor.py:157} INFO - Started process (PID=2145) to work on /home/airflow/.local/lib/python3.7/site-packages/airflow/example_dags/example_branch_operator_decorator.py
[2025-08-12T21:45:54.970+0000] {processor.py:826} INFO - Processing file /home/airflow/.local/lib/python3.7/site-packages/airflow/example_dags/example_branch_operator_decorator.py for tasks to queue
[2025-08-12T21:45:54.972+0000] {logging_mixin.py:149} INFO - [2025-08-12T21:45:54.972+0000] {dagbag.py:541} INFO - Filling up the DagBag from /home/airflow/.local/lib/python3.7/site-packages/airflow/example_dags/example_branch_operator_decorator.py
[2025-08-12T21:45:54.984+0000] {processor.py:836} INFO - DAG(s) dict_keys(['example_branch_python_operator_decorator']) retrieved from /home/airflow/.local/lib/python3.7/site-packages/airflow/example_dags/example_branch_operator_decorator.py
[2025-08-12T21:45:55.015+0000] {logging_mixin.py:149} INFO - [2025-08-12T21:45:55.015+0000] {dag.py:2726} INFO - Sync 1 DAGs
[2025-08-12T21:45:55.046+0000] {logging_mixin.py:149} INFO - [2025-08-12T21:45:55.046+0000] {dag.py:3490} INFO - Setting next_dagrun for example_branch_python_operator_decorator to 2025-08-11T00:00:00+00:00, run_after=2025-08-12T00:00:00+00:00
[2025-08-12T21:45:55.072+0000] {processor.py:179} INFO - Processing /home/airflow/.local/lib/python3.7/site-packages/airflow/example_dags/example_branch_operator_decorator.py took 0.107 seconds
[2025-08-12T21:46:25.453+0000] {processor.py:157} INFO - Started process (PID=2390) to work on /home/airflow/.local/lib/python3.7/site-packages/airflow/example_dags/example_branch_operator_decorator.py
[2025-08-12T21:46:25.454+0000] {processor.py:826} INFO - Processing file /home/airflow/.local/lib/python3.7/site-packages/airflow/example_dags/example_branch_operator_decorator.py for tasks to queue
[2025-08-12T21:46:25.455+0000] {logging_mixin.py:149} INFO - [2025-08-12T21:46:25.455+0000] {dagbag.py:541} INFO - Filling up the DagBag from /home/airflow/.local/lib/python3.7/site-packages/airflow/example_dags/example_branch_operator_decorator.py
[2025-08-12T21:46:25.467+0000] {processor.py:836} INFO - DAG(s) dict_keys(['example_branch_python_operator_decorator']) retrieved from /home/airflow/.local/lib/python3.7/site-packages/airflow/example_dags/example_branch_operator_decorator.py
[2025-08-12T21:46:25.499+0000] {logging_mixin.py:149} INFO - [2025-08-12T21:46:25.498+0000] {dag.py:2726} INFO - Sync 1 DAGs
[2025-08-12T21:46:25.530+0000] {logging_mixin.py:149} INFO - [2025-08-12T21:46:25.529+0000] {dag.py:3490} INFO - Setting next_dagrun for example_branch_python_operator_decorator to 2025-08-11T00:00:00+00:00, run_after=2025-08-12T00:00:00+00:00
[2025-08-12T21:46:25.556+0000] {processor.py:179} INFO - Processing /home/airflow/.local/lib/python3.7/site-packages/airflow/example_dags/example_branch_operator_decorator.py took 0.108 seconds
[2025-08-12T21:46:55.922+0000] {processor.py:157} INFO - Started process (PID=2635) to work on /home/airflow/.local/lib/python3.7/site-packages/airflow/example_dags/example_branch_operator_decorator.py
[2025-08-12T21:46:55.923+0000] {processor.py:826} INFO - Processing file /home/airflow/.local/lib/python3.7/site-packages/airflow/example_dags/example_branch_operator_decorator.py for tasks to queue
[2025-08-12T21:46:55.924+0000] {logging_mixin.py:149} INFO - [2025-08-12T21:46:55.924+0000] {dagbag.py:541} INFO - Filling up the DagBag from /home/airflow/.local/lib/python3.7/site-packages/airflow/example_dags/example_branch_operator_decorator.py
[2025-08-12T21:46:55.936+0000] {processor.py:836} INFO - DAG(s) dict_keys(['example_branch_python_operator_decorator']) retrieved from /home/airflow/.local/lib/python3.7/site-packages/airflow/example_dags/example_branch_operator_decorator.py
[2025-08-12T21:46:55.971+0000] {logging_mixin.py:149} INFO - [2025-08-12T21:46:55.971+0000] {dag.py:2726} INFO - Sync 1 DAGs
[2025-08-12T21:46:56.008+0000] {logging_mixin.py:149} INFO - [2025-08-12T21:46:56.008+0000] {dag.py:3490} INFO - Setting next_dagrun for example_branch_python_operator_decorator to 2025-08-11T00:00:00+00:00, run_after=2025-08-12T00:00:00+00:00
[2025-08-12T21:46:56.040+0000] {processor.py:179} INFO - Processing /home/airflow/.local/lib/python3.7/site-packages/airflow/example_dags/example_branch_operator_decorator.py took 0.122 seconds
