[2025-08-12T18:51:22.896+0000] {processor.py:157} INFO - Started process (PID=363) to work on /home/airflow/.local/lib/python3.7/site-packages/airflow/example_dags/example_python_operator.py
[2025-08-12T18:51:22.899+0000] {processor.py:826} INFO - Processing file /home/airflow/.local/lib/python3.7/site-packages/airflow/example_dags/example_python_operator.py for tasks to queue
[2025-08-12T18:51:22.901+0000] {logging_mixin.py:149} INFO - [2025-08-12T18:51:22.901+0000] {dagbag.py:541} INFO - Filling up the DagBag from /home/airflow/.local/lib/python3.7/site-packages/airflow/example_dags/example_python_operator.py
[2025-08-12T18:51:22.925+0000] {processor.py:836} INFO - DAG(s) dict_keys(['example_python_operator']) retrieved from /home/airflow/.local/lib/python3.7/site-packages/airflow/example_dags/example_python_operator.py
[2025-08-12T18:51:23.190+0000] {logging_mixin.py:149} INFO - [2025-08-12T18:51:23.190+0000] {dag.py:2726} INFO - Sync 1 DAGs
[2025-08-12T18:51:23.239+0000] {logging_mixin.py:149} INFO - [2025-08-12T18:51:23.239+0000] {dag.py:3490} INFO - Setting next_dagrun for example_python_operator to None, run_after=None
[2025-08-12T18:51:23.282+0000] {processor.py:179} INFO - Processing /home/airflow/.local/lib/python3.7/site-packages/airflow/example_dags/example_python_operator.py took 0.392 seconds
[2025-08-12T18:51:54.105+0000] {processor.py:157} INFO - Started process (PID=608) to work on /home/airflow/.local/lib/python3.7/site-packages/airflow/example_dags/example_python_operator.py
[2025-08-12T18:51:54.106+0000] {processor.py:826} INFO - Processing file /home/airflow/.local/lib/python3.7/site-packages/airflow/example_dags/example_python_operator.py for tasks to queue
[2025-08-12T18:51:54.107+0000] {logging_mixin.py:149} INFO - [2025-08-12T18:51:54.107+0000] {dagbag.py:541} INFO - Filling up the DagBag from /home/airflow/.local/lib/python3.7/site-packages/airflow/example_dags/example_python_operator.py
[2025-08-12T18:51:54.123+0000] {processor.py:836} INFO - DAG(s) dict_keys(['example_python_operator']) retrieved from /home/airflow/.local/lib/python3.7/site-packages/airflow/example_dags/example_python_operator.py
[2025-08-12T18:51:54.166+0000] {logging_mixin.py:149} INFO - [2025-08-12T18:51:54.166+0000] {dag.py:2726} INFO - Sync 1 DAGs
[2025-08-12T18:51:54.207+0000] {logging_mixin.py:149} INFO - [2025-08-12T18:51:54.207+0000] {dag.py:3490} INFO - Setting next_dagrun for example_python_operator to None, run_after=None
[2025-08-12T18:51:54.237+0000] {processor.py:179} INFO - Processing /home/airflow/.local/lib/python3.7/site-packages/airflow/example_dags/example_python_operator.py took 0.137 seconds
[2025-08-12T18:52:25.496+0000] {processor.py:157} INFO - Started process (PID=855) to work on /home/airflow/.local/lib/python3.7/site-packages/airflow/example_dags/example_python_operator.py
[2025-08-12T18:52:25.497+0000] {processor.py:826} INFO - Processing file /home/airflow/.local/lib/python3.7/site-packages/airflow/example_dags/example_python_operator.py for tasks to queue
[2025-08-12T18:52:25.498+0000] {logging_mixin.py:149} INFO - [2025-08-12T18:52:25.498+0000] {dagbag.py:541} INFO - Filling up the DagBag from /home/airflow/.local/lib/python3.7/site-packages/airflow/example_dags/example_python_operator.py
[2025-08-12T18:52:25.509+0000] {processor.py:836} INFO - DAG(s) dict_keys(['example_python_operator']) retrieved from /home/airflow/.local/lib/python3.7/site-packages/airflow/example_dags/example_python_operator.py
[2025-08-12T18:52:25.541+0000] {logging_mixin.py:149} INFO - [2025-08-12T18:52:25.541+0000] {dag.py:2726} INFO - Sync 1 DAGs
[2025-08-12T18:52:25.685+0000] {logging_mixin.py:149} INFO - [2025-08-12T18:52:25.685+0000] {dag.py:3490} INFO - Setting next_dagrun for example_python_operator to None, run_after=None
[2025-08-12T18:52:25.718+0000] {processor.py:179} INFO - Processing /home/airflow/.local/lib/python3.7/site-packages/airflow/example_dags/example_python_operator.py took 0.225 seconds
[2025-08-12T18:52:56.303+0000] {processor.py:157} INFO - Started process (PID=1098) to work on /home/airflow/.local/lib/python3.7/site-packages/airflow/example_dags/example_python_operator.py
[2025-08-12T18:52:56.304+0000] {processor.py:826} INFO - Processing file /home/airflow/.local/lib/python3.7/site-packages/airflow/example_dags/example_python_operator.py for tasks to queue
[2025-08-12T18:52:56.306+0000] {logging_mixin.py:149} INFO - [2025-08-12T18:52:56.305+0000] {dagbag.py:541} INFO - Filling up the DagBag from /home/airflow/.local/lib/python3.7/site-packages/airflow/example_dags/example_python_operator.py
[2025-08-12T18:52:56.319+0000] {processor.py:836} INFO - DAG(s) dict_keys(['example_python_operator']) retrieved from /home/airflow/.local/lib/python3.7/site-packages/airflow/example_dags/example_python_operator.py
[2025-08-12T18:52:56.353+0000] {logging_mixin.py:149} INFO - [2025-08-12T18:52:56.352+0000] {dag.py:2726} INFO - Sync 1 DAGs
[2025-08-12T18:52:56.383+0000] {logging_mixin.py:149} INFO - [2025-08-12T18:52:56.383+0000] {dag.py:3490} INFO - Setting next_dagrun for example_python_operator to None, run_after=None
[2025-08-12T18:52:56.407+0000] {processor.py:179} INFO - Processing /home/airflow/.local/lib/python3.7/site-packages/airflow/example_dags/example_python_operator.py took 0.108 seconds
[2025-08-12T18:53:26.654+0000] {processor.py:157} INFO - Started process (PID=1345) to work on /home/airflow/.local/lib/python3.7/site-packages/airflow/example_dags/example_python_operator.py
[2025-08-12T18:53:26.657+0000] {processor.py:826} INFO - Processing file /home/airflow/.local/lib/python3.7/site-packages/airflow/example_dags/example_python_operator.py for tasks to queue
[2025-08-12T18:53:26.659+0000] {logging_mixin.py:149} INFO - [2025-08-12T18:53:26.658+0000] {dagbag.py:541} INFO - Filling up the DagBag from /home/airflow/.local/lib/python3.7/site-packages/airflow/example_dags/example_python_operator.py
[2025-08-12T18:53:26.670+0000] {processor.py:836} INFO - DAG(s) dict_keys(['example_python_operator']) retrieved from /home/airflow/.local/lib/python3.7/site-packages/airflow/example_dags/example_python_operator.py
[2025-08-12T18:53:26.703+0000] {logging_mixin.py:149} INFO - [2025-08-12T18:53:26.703+0000] {dag.py:2726} INFO - Sync 1 DAGs
[2025-08-12T18:53:26.732+0000] {logging_mixin.py:149} INFO - [2025-08-12T18:53:26.732+0000] {dag.py:3490} INFO - Setting next_dagrun for example_python_operator to None, run_after=None
[2025-08-12T18:53:26.754+0000] {processor.py:179} INFO - Processing /home/airflow/.local/lib/python3.7/site-packages/airflow/example_dags/example_python_operator.py took 0.105 seconds
[2025-08-12T18:53:57.075+0000] {processor.py:157} INFO - Started process (PID=1590) to work on /home/airflow/.local/lib/python3.7/site-packages/airflow/example_dags/example_python_operator.py
[2025-08-12T18:53:57.076+0000] {processor.py:826} INFO - Processing file /home/airflow/.local/lib/python3.7/site-packages/airflow/example_dags/example_python_operator.py for tasks to queue
[2025-08-12T18:53:57.077+0000] {logging_mixin.py:149} INFO - [2025-08-12T18:53:57.077+0000] {dagbag.py:541} INFO - Filling up the DagBag from /home/airflow/.local/lib/python3.7/site-packages/airflow/example_dags/example_python_operator.py
[2025-08-12T18:53:57.090+0000] {processor.py:836} INFO - DAG(s) dict_keys(['example_python_operator']) retrieved from /home/airflow/.local/lib/python3.7/site-packages/airflow/example_dags/example_python_operator.py
[2025-08-12T18:53:57.136+0000] {logging_mixin.py:149} INFO - [2025-08-12T18:53:57.136+0000] {dag.py:2726} INFO - Sync 1 DAGs
[2025-08-12T18:53:57.170+0000] {logging_mixin.py:149} INFO - [2025-08-12T18:53:57.170+0000] {dag.py:3490} INFO - Setting next_dagrun for example_python_operator to None, run_after=None
[2025-08-12T18:53:57.204+0000] {processor.py:179} INFO - Processing /home/airflow/.local/lib/python3.7/site-packages/airflow/example_dags/example_python_operator.py took 0.133 seconds
[2025-08-12T18:54:27.894+0000] {processor.py:157} INFO - Started process (PID=1833) to work on /home/airflow/.local/lib/python3.7/site-packages/airflow/example_dags/example_python_operator.py
[2025-08-12T18:54:27.895+0000] {processor.py:826} INFO - Processing file /home/airflow/.local/lib/python3.7/site-packages/airflow/example_dags/example_python_operator.py for tasks to queue
[2025-08-12T18:54:27.896+0000] {logging_mixin.py:149} INFO - [2025-08-12T18:54:27.896+0000] {dagbag.py:541} INFO - Filling up the DagBag from /home/airflow/.local/lib/python3.7/site-packages/airflow/example_dags/example_python_operator.py
[2025-08-12T18:54:27.909+0000] {processor.py:836} INFO - DAG(s) dict_keys(['example_python_operator']) retrieved from /home/airflow/.local/lib/python3.7/site-packages/airflow/example_dags/example_python_operator.py
[2025-08-12T18:54:27.943+0000] {logging_mixin.py:149} INFO - [2025-08-12T18:54:27.942+0000] {dag.py:2726} INFO - Sync 1 DAGs
[2025-08-12T18:54:27.974+0000] {logging_mixin.py:149} INFO - [2025-08-12T18:54:27.974+0000] {dag.py:3490} INFO - Setting next_dagrun for example_python_operator to None, run_after=None
[2025-08-12T18:54:27.998+0000] {processor.py:179} INFO - Processing /home/airflow/.local/lib/python3.7/site-packages/airflow/example_dags/example_python_operator.py took 0.108 seconds
[2025-08-12T18:54:58.887+0000] {processor.py:157} INFO - Started process (PID=2078) to work on /home/airflow/.local/lib/python3.7/site-packages/airflow/example_dags/example_python_operator.py
[2025-08-12T18:54:58.888+0000] {processor.py:826} INFO - Processing file /home/airflow/.local/lib/python3.7/site-packages/airflow/example_dags/example_python_operator.py for tasks to queue
[2025-08-12T18:54:58.888+0000] {logging_mixin.py:149} INFO - [2025-08-12T18:54:58.888+0000] {dagbag.py:541} INFO - Filling up the DagBag from /home/airflow/.local/lib/python3.7/site-packages/airflow/example_dags/example_python_operator.py
[2025-08-12T18:54:58.903+0000] {processor.py:836} INFO - DAG(s) dict_keys(['example_python_operator']) retrieved from /home/airflow/.local/lib/python3.7/site-packages/airflow/example_dags/example_python_operator.py
[2025-08-12T18:54:58.940+0000] {logging_mixin.py:149} INFO - [2025-08-12T18:54:58.940+0000] {dag.py:2726} INFO - Sync 1 DAGs
[2025-08-12T18:54:58.972+0000] {logging_mixin.py:149} INFO - [2025-08-12T18:54:58.972+0000] {dag.py:3490} INFO - Setting next_dagrun for example_python_operator to None, run_after=None
[2025-08-12T18:54:58.998+0000] {processor.py:179} INFO - Processing /home/airflow/.local/lib/python3.7/site-packages/airflow/example_dags/example_python_operator.py took 0.117 seconds
[2025-08-12T18:55:29.463+0000] {processor.py:157} INFO - Started process (PID=2323) to work on /home/airflow/.local/lib/python3.7/site-packages/airflow/example_dags/example_python_operator.py
[2025-08-12T18:55:29.464+0000] {processor.py:826} INFO - Processing file /home/airflow/.local/lib/python3.7/site-packages/airflow/example_dags/example_python_operator.py for tasks to queue
[2025-08-12T18:55:29.464+0000] {logging_mixin.py:149} INFO - [2025-08-12T18:55:29.464+0000] {dagbag.py:541} INFO - Filling up the DagBag from /home/airflow/.local/lib/python3.7/site-packages/airflow/example_dags/example_python_operator.py
[2025-08-12T18:55:29.478+0000] {processor.py:836} INFO - DAG(s) dict_keys(['example_python_operator']) retrieved from /home/airflow/.local/lib/python3.7/site-packages/airflow/example_dags/example_python_operator.py
[2025-08-12T18:55:29.517+0000] {logging_mixin.py:149} INFO - [2025-08-12T18:55:29.517+0000] {dag.py:2726} INFO - Sync 1 DAGs
[2025-08-12T18:55:29.550+0000] {logging_mixin.py:149} INFO - [2025-08-12T18:55:29.550+0000] {dag.py:3490} INFO - Setting next_dagrun for example_python_operator to None, run_after=None
[2025-08-12T18:55:29.574+0000] {processor.py:179} INFO - Processing /home/airflow/.local/lib/python3.7/site-packages/airflow/example_dags/example_python_operator.py took 0.116 seconds
[2025-08-12T18:56:00.075+0000] {processor.py:157} INFO - Started process (PID=2568) to work on /home/airflow/.local/lib/python3.7/site-packages/airflow/example_dags/example_python_operator.py
[2025-08-12T18:56:00.076+0000] {processor.py:826} INFO - Processing file /home/airflow/.local/lib/python3.7/site-packages/airflow/example_dags/example_python_operator.py for tasks to queue
[2025-08-12T18:56:00.077+0000] {logging_mixin.py:149} INFO - [2025-08-12T18:56:00.077+0000] {dagbag.py:541} INFO - Filling up the DagBag from /home/airflow/.local/lib/python3.7/site-packages/airflow/example_dags/example_python_operator.py
[2025-08-12T18:56:00.089+0000] {processor.py:836} INFO - DAG(s) dict_keys(['example_python_operator']) retrieved from /home/airflow/.local/lib/python3.7/site-packages/airflow/example_dags/example_python_operator.py
[2025-08-12T18:56:00.124+0000] {logging_mixin.py:149} INFO - [2025-08-12T18:56:00.124+0000] {dag.py:2726} INFO - Sync 1 DAGs
[2025-08-12T18:56:00.155+0000] {logging_mixin.py:149} INFO - [2025-08-12T18:56:00.155+0000] {dag.py:3490} INFO - Setting next_dagrun for example_python_operator to None, run_after=None
[2025-08-12T18:56:00.179+0000] {processor.py:179} INFO - Processing /home/airflow/.local/lib/python3.7/site-packages/airflow/example_dags/example_python_operator.py took 0.108 seconds
[2025-08-12T18:56:30.653+0000] {processor.py:157} INFO - Started process (PID=2815) to work on /home/airflow/.local/lib/python3.7/site-packages/airflow/example_dags/example_python_operator.py
[2025-08-12T18:56:30.654+0000] {processor.py:826} INFO - Processing file /home/airflow/.local/lib/python3.7/site-packages/airflow/example_dags/example_python_operator.py for tasks to queue
[2025-08-12T18:56:30.655+0000] {logging_mixin.py:149} INFO - [2025-08-12T18:56:30.654+0000] {dagbag.py:541} INFO - Filling up the DagBag from /home/airflow/.local/lib/python3.7/site-packages/airflow/example_dags/example_python_operator.py
[2025-08-12T18:56:30.667+0000] {processor.py:836} INFO - DAG(s) dict_keys(['example_python_operator']) retrieved from /home/airflow/.local/lib/python3.7/site-packages/airflow/example_dags/example_python_operator.py
[2025-08-12T18:56:30.698+0000] {logging_mixin.py:149} INFO - [2025-08-12T18:56:30.698+0000] {dag.py:2726} INFO - Sync 1 DAGs
[2025-08-12T18:56:30.727+0000] {logging_mixin.py:149} INFO - [2025-08-12T18:56:30.727+0000] {dag.py:3490} INFO - Setting next_dagrun for example_python_operator to None, run_after=None
[2025-08-12T18:56:30.749+0000] {processor.py:179} INFO - Processing /home/airflow/.local/lib/python3.7/site-packages/airflow/example_dags/example_python_operator.py took 0.100 seconds
[2025-08-12T18:57:01.459+0000] {processor.py:157} INFO - Started process (PID=3058) to work on /home/airflow/.local/lib/python3.7/site-packages/airflow/example_dags/example_python_operator.py
[2025-08-12T18:57:01.460+0000] {processor.py:826} INFO - Processing file /home/airflow/.local/lib/python3.7/site-packages/airflow/example_dags/example_python_operator.py for tasks to queue
[2025-08-12T18:57:01.460+0000] {logging_mixin.py:149} INFO - [2025-08-12T18:57:01.460+0000] {dagbag.py:541} INFO - Filling up the DagBag from /home/airflow/.local/lib/python3.7/site-packages/airflow/example_dags/example_python_operator.py
[2025-08-12T18:57:01.472+0000] {processor.py:836} INFO - DAG(s) dict_keys(['example_python_operator']) retrieved from /home/airflow/.local/lib/python3.7/site-packages/airflow/example_dags/example_python_operator.py
[2025-08-12T18:57:01.514+0000] {logging_mixin.py:149} INFO - [2025-08-12T18:57:01.513+0000] {dag.py:2726} INFO - Sync 1 DAGs
[2025-08-12T18:57:01.548+0000] {logging_mixin.py:149} INFO - [2025-08-12T18:57:01.547+0000] {dag.py:3490} INFO - Setting next_dagrun for example_python_operator to None, run_after=None
[2025-08-12T18:57:01.574+0000] {processor.py:179} INFO - Processing /home/airflow/.local/lib/python3.7/site-packages/airflow/example_dags/example_python_operator.py took 0.118 seconds
[2025-08-12T18:57:31.927+0000] {processor.py:157} INFO - Started process (PID=3303) to work on /home/airflow/.local/lib/python3.7/site-packages/airflow/example_dags/example_python_operator.py
[2025-08-12T18:57:31.928+0000] {processor.py:826} INFO - Processing file /home/airflow/.local/lib/python3.7/site-packages/airflow/example_dags/example_python_operator.py for tasks to queue
[2025-08-12T18:57:31.929+0000] {logging_mixin.py:149} INFO - [2025-08-12T18:57:31.929+0000] {dagbag.py:541} INFO - Filling up the DagBag from /home/airflow/.local/lib/python3.7/site-packages/airflow/example_dags/example_python_operator.py
[2025-08-12T18:57:31.941+0000] {processor.py:836} INFO - DAG(s) dict_keys(['example_python_operator']) retrieved from /home/airflow/.local/lib/python3.7/site-packages/airflow/example_dags/example_python_operator.py
[2025-08-12T18:57:31.978+0000] {logging_mixin.py:149} INFO - [2025-08-12T18:57:31.978+0000] {dag.py:2726} INFO - Sync 1 DAGs
[2025-08-12T18:57:32.009+0000] {logging_mixin.py:149} INFO - [2025-08-12T18:57:32.009+0000] {dag.py:3490} INFO - Setting next_dagrun for example_python_operator to None, run_after=None
[2025-08-12T18:57:32.033+0000] {processor.py:179} INFO - Processing /home/airflow/.local/lib/python3.7/site-packages/airflow/example_dags/example_python_operator.py took 0.110 seconds
[2025-08-12T18:58:02.981+0000] {processor.py:157} INFO - Started process (PID=3548) to work on /home/airflow/.local/lib/python3.7/site-packages/airflow/example_dags/example_python_operator.py
[2025-08-12T18:58:02.982+0000] {processor.py:826} INFO - Processing file /home/airflow/.local/lib/python3.7/site-packages/airflow/example_dags/example_python_operator.py for tasks to queue
[2025-08-12T18:58:02.983+0000] {logging_mixin.py:149} INFO - [2025-08-12T18:58:02.983+0000] {dagbag.py:541} INFO - Filling up the DagBag from /home/airflow/.local/lib/python3.7/site-packages/airflow/example_dags/example_python_operator.py
[2025-08-12T18:58:02.995+0000] {processor.py:836} INFO - DAG(s) dict_keys(['example_python_operator']) retrieved from /home/airflow/.local/lib/python3.7/site-packages/airflow/example_dags/example_python_operator.py
[2025-08-12T18:58:03.027+0000] {logging_mixin.py:149} INFO - [2025-08-12T18:58:03.027+0000] {dag.py:2726} INFO - Sync 1 DAGs
[2025-08-12T18:58:03.058+0000] {logging_mixin.py:149} INFO - [2025-08-12T18:58:03.057+0000] {dag.py:3490} INFO - Setting next_dagrun for example_python_operator to None, run_after=None
[2025-08-12T18:58:03.082+0000] {processor.py:179} INFO - Processing /home/airflow/.local/lib/python3.7/site-packages/airflow/example_dags/example_python_operator.py took 0.104 seconds
[2025-08-12T18:58:34.081+0000] {processor.py:157} INFO - Started process (PID=3795) to work on /home/airflow/.local/lib/python3.7/site-packages/airflow/example_dags/example_python_operator.py
[2025-08-12T18:58:34.082+0000] {processor.py:826} INFO - Processing file /home/airflow/.local/lib/python3.7/site-packages/airflow/example_dags/example_python_operator.py for tasks to queue
[2025-08-12T18:58:34.083+0000] {logging_mixin.py:149} INFO - [2025-08-12T18:58:34.083+0000] {dagbag.py:541} INFO - Filling up the DagBag from /home/airflow/.local/lib/python3.7/site-packages/airflow/example_dags/example_python_operator.py
[2025-08-12T18:58:34.098+0000] {processor.py:836} INFO - DAG(s) dict_keys(['example_python_operator']) retrieved from /home/airflow/.local/lib/python3.7/site-packages/airflow/example_dags/example_python_operator.py
[2025-08-12T18:58:34.134+0000] {logging_mixin.py:149} INFO - [2025-08-12T18:58:34.134+0000] {dag.py:2726} INFO - Sync 1 DAGs
[2025-08-12T18:58:34.165+0000] {logging_mixin.py:149} INFO - [2025-08-12T18:58:34.164+0000] {dag.py:3490} INFO - Setting next_dagrun for example_python_operator to None, run_after=None
[2025-08-12T18:58:34.191+0000] {processor.py:179} INFO - Processing /home/airflow/.local/lib/python3.7/site-packages/airflow/example_dags/example_python_operator.py took 0.113 seconds
[2025-08-12T18:59:05.110+0000] {processor.py:157} INFO - Started process (PID=4038) to work on /home/airflow/.local/lib/python3.7/site-packages/airflow/example_dags/example_python_operator.py
[2025-08-12T18:59:05.111+0000] {processor.py:826} INFO - Processing file /home/airflow/.local/lib/python3.7/site-packages/airflow/example_dags/example_python_operator.py for tasks to queue
[2025-08-12T18:59:05.112+0000] {logging_mixin.py:149} INFO - [2025-08-12T18:59:05.112+0000] {dagbag.py:541} INFO - Filling up the DagBag from /home/airflow/.local/lib/python3.7/site-packages/airflow/example_dags/example_python_operator.py
[2025-08-12T18:59:05.125+0000] {processor.py:836} INFO - DAG(s) dict_keys(['example_python_operator']) retrieved from /home/airflow/.local/lib/python3.7/site-packages/airflow/example_dags/example_python_operator.py
[2025-08-12T18:59:05.157+0000] {logging_mixin.py:149} INFO - [2025-08-12T18:59:05.157+0000] {dag.py:2726} INFO - Sync 1 DAGs
[2025-08-12T18:59:05.189+0000] {logging_mixin.py:149} INFO - [2025-08-12T18:59:05.188+0000] {dag.py:3490} INFO - Setting next_dagrun for example_python_operator to None, run_after=None
[2025-08-12T18:59:05.219+0000] {processor.py:179} INFO - Processing /home/airflow/.local/lib/python3.7/site-packages/airflow/example_dags/example_python_operator.py took 0.113 seconds
[2025-08-12T18:59:35.542+0000] {processor.py:157} INFO - Started process (PID=4283) to work on /home/airflow/.local/lib/python3.7/site-packages/airflow/example_dags/example_python_operator.py
[2025-08-12T18:59:35.543+0000] {processor.py:826} INFO - Processing file /home/airflow/.local/lib/python3.7/site-packages/airflow/example_dags/example_python_operator.py for tasks to queue
[2025-08-12T18:59:35.544+0000] {logging_mixin.py:149} INFO - [2025-08-12T18:59:35.544+0000] {dagbag.py:541} INFO - Filling up the DagBag from /home/airflow/.local/lib/python3.7/site-packages/airflow/example_dags/example_python_operator.py
[2025-08-12T18:59:35.556+0000] {processor.py:836} INFO - DAG(s) dict_keys(['example_python_operator']) retrieved from /home/airflow/.local/lib/python3.7/site-packages/airflow/example_dags/example_python_operator.py
[2025-08-12T18:59:35.595+0000] {logging_mixin.py:149} INFO - [2025-08-12T18:59:35.594+0000] {dag.py:2726} INFO - Sync 1 DAGs
[2025-08-12T18:59:35.632+0000] {logging_mixin.py:149} INFO - [2025-08-12T18:59:35.632+0000] {dag.py:3490} INFO - Setting next_dagrun for example_python_operator to None, run_after=None
[2025-08-12T18:59:35.656+0000] {processor.py:179} INFO - Processing /home/airflow/.local/lib/python3.7/site-packages/airflow/example_dags/example_python_operator.py took 0.118 seconds
[2025-08-12T19:00:06.163+0000] {processor.py:157} INFO - Started process (PID=4528) to work on /home/airflow/.local/lib/python3.7/site-packages/airflow/example_dags/example_python_operator.py
[2025-08-12T19:00:06.164+0000] {processor.py:826} INFO - Processing file /home/airflow/.local/lib/python3.7/site-packages/airflow/example_dags/example_python_operator.py for tasks to queue
[2025-08-12T19:00:06.165+0000] {logging_mixin.py:149} INFO - [2025-08-12T19:00:06.165+0000] {dagbag.py:541} INFO - Filling up the DagBag from /home/airflow/.local/lib/python3.7/site-packages/airflow/example_dags/example_python_operator.py
[2025-08-12T19:00:06.179+0000] {processor.py:836} INFO - DAG(s) dict_keys(['example_python_operator']) retrieved from /home/airflow/.local/lib/python3.7/site-packages/airflow/example_dags/example_python_operator.py
[2025-08-12T19:00:06.210+0000] {logging_mixin.py:149} INFO - [2025-08-12T19:00:06.210+0000] {dag.py:2726} INFO - Sync 1 DAGs
[2025-08-12T19:00:06.240+0000] {logging_mixin.py:149} INFO - [2025-08-12T19:00:06.240+0000] {dag.py:3490} INFO - Setting next_dagrun for example_python_operator to None, run_after=None
[2025-08-12T19:00:06.262+0000] {processor.py:179} INFO - Processing /home/airflow/.local/lib/python3.7/site-packages/airflow/example_dags/example_python_operator.py took 0.102 seconds
[2025-08-12T19:00:36.572+0000] {processor.py:157} INFO - Started process (PID=4773) to work on /home/airflow/.local/lib/python3.7/site-packages/airflow/example_dags/example_python_operator.py
[2025-08-12T19:00:36.573+0000] {processor.py:826} INFO - Processing file /home/airflow/.local/lib/python3.7/site-packages/airflow/example_dags/example_python_operator.py for tasks to queue
[2025-08-12T19:00:36.574+0000] {logging_mixin.py:149} INFO - [2025-08-12T19:00:36.574+0000] {dagbag.py:541} INFO - Filling up the DagBag from /home/airflow/.local/lib/python3.7/site-packages/airflow/example_dags/example_python_operator.py
[2025-08-12T19:00:36.587+0000] {processor.py:836} INFO - DAG(s) dict_keys(['example_python_operator']) retrieved from /home/airflow/.local/lib/python3.7/site-packages/airflow/example_dags/example_python_operator.py
[2025-08-12T19:00:36.625+0000] {logging_mixin.py:149} INFO - [2025-08-12T19:00:36.625+0000] {dag.py:2726} INFO - Sync 1 DAGs
[2025-08-12T19:00:36.659+0000] {logging_mixin.py:149} INFO - [2025-08-12T19:00:36.659+0000] {dag.py:3490} INFO - Setting next_dagrun for example_python_operator to None, run_after=None
[2025-08-12T19:00:36.688+0000] {processor.py:179} INFO - Processing /home/airflow/.local/lib/python3.7/site-packages/airflow/example_dags/example_python_operator.py took 0.120 seconds
[2025-08-12T19:01:07.038+0000] {processor.py:157} INFO - Started process (PID=5018) to work on /home/airflow/.local/lib/python3.7/site-packages/airflow/example_dags/example_python_operator.py
[2025-08-12T19:01:07.039+0000] {processor.py:826} INFO - Processing file /home/airflow/.local/lib/python3.7/site-packages/airflow/example_dags/example_python_operator.py for tasks to queue
[2025-08-12T19:01:07.040+0000] {logging_mixin.py:149} INFO - [2025-08-12T19:01:07.040+0000] {dagbag.py:541} INFO - Filling up the DagBag from /home/airflow/.local/lib/python3.7/site-packages/airflow/example_dags/example_python_operator.py
[2025-08-12T19:01:07.052+0000] {processor.py:836} INFO - DAG(s) dict_keys(['example_python_operator']) retrieved from /home/airflow/.local/lib/python3.7/site-packages/airflow/example_dags/example_python_operator.py
[2025-08-12T19:01:07.082+0000] {logging_mixin.py:149} INFO - [2025-08-12T19:01:07.082+0000] {dag.py:2726} INFO - Sync 1 DAGs
[2025-08-12T19:01:07.113+0000] {logging_mixin.py:149} INFO - [2025-08-12T19:01:07.113+0000] {dag.py:3490} INFO - Setting next_dagrun for example_python_operator to None, run_after=None
[2025-08-12T19:01:07.140+0000] {processor.py:179} INFO - Processing /home/airflow/.local/lib/python3.7/site-packages/airflow/example_dags/example_python_operator.py took 0.105 seconds
[2025-08-12T19:01:37.563+0000] {processor.py:157} INFO - Started process (PID=5263) to work on /home/airflow/.local/lib/python3.7/site-packages/airflow/example_dags/example_python_operator.py
[2025-08-12T19:01:37.564+0000] {processor.py:826} INFO - Processing file /home/airflow/.local/lib/python3.7/site-packages/airflow/example_dags/example_python_operator.py for tasks to queue
[2025-08-12T19:01:37.565+0000] {logging_mixin.py:149} INFO - [2025-08-12T19:01:37.565+0000] {dagbag.py:541} INFO - Filling up the DagBag from /home/airflow/.local/lib/python3.7/site-packages/airflow/example_dags/example_python_operator.py
[2025-08-12T19:01:37.578+0000] {processor.py:836} INFO - DAG(s) dict_keys(['example_python_operator']) retrieved from /home/airflow/.local/lib/python3.7/site-packages/airflow/example_dags/example_python_operator.py
[2025-08-12T19:01:37.610+0000] {logging_mixin.py:149} INFO - [2025-08-12T19:01:37.610+0000] {dag.py:2726} INFO - Sync 1 DAGs
[2025-08-12T19:01:37.645+0000] {logging_mixin.py:149} INFO - [2025-08-12T19:01:37.645+0000] {dag.py:3490} INFO - Setting next_dagrun for example_python_operator to None, run_after=None
[2025-08-12T19:01:37.672+0000] {processor.py:179} INFO - Processing /home/airflow/.local/lib/python3.7/site-packages/airflow/example_dags/example_python_operator.py took 0.115 seconds
[2025-08-12T19:02:08.004+0000] {processor.py:157} INFO - Started process (PID=5508) to work on /home/airflow/.local/lib/python3.7/site-packages/airflow/example_dags/example_python_operator.py
[2025-08-12T19:02:08.004+0000] {processor.py:826} INFO - Processing file /home/airflow/.local/lib/python3.7/site-packages/airflow/example_dags/example_python_operator.py for tasks to queue
[2025-08-12T19:02:08.005+0000] {logging_mixin.py:149} INFO - [2025-08-12T19:02:08.005+0000] {dagbag.py:541} INFO - Filling up the DagBag from /home/airflow/.local/lib/python3.7/site-packages/airflow/example_dags/example_python_operator.py
[2025-08-12T19:02:08.017+0000] {processor.py:836} INFO - DAG(s) dict_keys(['example_python_operator']) retrieved from /home/airflow/.local/lib/python3.7/site-packages/airflow/example_dags/example_python_operator.py
[2025-08-12T19:02:08.052+0000] {logging_mixin.py:149} INFO - [2025-08-12T19:02:08.052+0000] {dag.py:2726} INFO - Sync 1 DAGs
[2025-08-12T19:02:08.083+0000] {logging_mixin.py:149} INFO - [2025-08-12T19:02:08.083+0000] {dag.py:3490} INFO - Setting next_dagrun for example_python_operator to None, run_after=None
[2025-08-12T19:02:08.104+0000] {processor.py:179} INFO - Processing /home/airflow/.local/lib/python3.7/site-packages/airflow/example_dags/example_python_operator.py took 0.105 seconds
[2025-08-12T19:02:38.371+0000] {processor.py:157} INFO - Started process (PID=5753) to work on /home/airflow/.local/lib/python3.7/site-packages/airflow/example_dags/example_python_operator.py
[2025-08-12T19:02:38.372+0000] {processor.py:826} INFO - Processing file /home/airflow/.local/lib/python3.7/site-packages/airflow/example_dags/example_python_operator.py for tasks to queue
[2025-08-12T19:02:38.373+0000] {logging_mixin.py:149} INFO - [2025-08-12T19:02:38.373+0000] {dagbag.py:541} INFO - Filling up the DagBag from /home/airflow/.local/lib/python3.7/site-packages/airflow/example_dags/example_python_operator.py
[2025-08-12T19:02:38.385+0000] {processor.py:836} INFO - DAG(s) dict_keys(['example_python_operator']) retrieved from /home/airflow/.local/lib/python3.7/site-packages/airflow/example_dags/example_python_operator.py
[2025-08-12T19:02:38.418+0000] {logging_mixin.py:149} INFO - [2025-08-12T19:02:38.418+0000] {dag.py:2726} INFO - Sync 1 DAGs
[2025-08-12T19:02:38.449+0000] {logging_mixin.py:149} INFO - [2025-08-12T19:02:38.449+0000] {dag.py:3490} INFO - Setting next_dagrun for example_python_operator to None, run_after=None
[2025-08-12T19:02:38.474+0000] {processor.py:179} INFO - Processing /home/airflow/.local/lib/python3.7/site-packages/airflow/example_dags/example_python_operator.py took 0.107 seconds
[2025-08-12T19:03:08.886+0000] {processor.py:157} INFO - Started process (PID=5998) to work on /home/airflow/.local/lib/python3.7/site-packages/airflow/example_dags/example_python_operator.py
[2025-08-12T19:03:08.887+0000] {processor.py:826} INFO - Processing file /home/airflow/.local/lib/python3.7/site-packages/airflow/example_dags/example_python_operator.py for tasks to queue
[2025-08-12T19:03:08.889+0000] {logging_mixin.py:149} INFO - [2025-08-12T19:03:08.888+0000] {dagbag.py:541} INFO - Filling up the DagBag from /home/airflow/.local/lib/python3.7/site-packages/airflow/example_dags/example_python_operator.py
[2025-08-12T19:03:08.903+0000] {processor.py:836} INFO - DAG(s) dict_keys(['example_python_operator']) retrieved from /home/airflow/.local/lib/python3.7/site-packages/airflow/example_dags/example_python_operator.py
[2025-08-12T19:03:08.938+0000] {logging_mixin.py:149} INFO - [2025-08-12T19:03:08.938+0000] {dag.py:2726} INFO - Sync 1 DAGs
[2025-08-12T19:03:08.970+0000] {logging_mixin.py:149} INFO - [2025-08-12T19:03:08.970+0000] {dag.py:3490} INFO - Setting next_dagrun for example_python_operator to None, run_after=None
[2025-08-12T19:03:08.992+0000] {processor.py:179} INFO - Processing /home/airflow/.local/lib/python3.7/site-packages/airflow/example_dags/example_python_operator.py took 0.111 seconds
[2025-08-12T21:41:54.669+0000] {processor.py:157} INFO - Started process (PID=355) to work on /home/airflow/.local/lib/python3.7/site-packages/airflow/example_dags/example_python_operator.py
[2025-08-12T21:41:54.671+0000] {processor.py:826} INFO - Processing file /home/airflow/.local/lib/python3.7/site-packages/airflow/example_dags/example_python_operator.py for tasks to queue
[2025-08-12T21:41:54.672+0000] {logging_mixin.py:149} INFO - [2025-08-12T21:41:54.672+0000] {dagbag.py:541} INFO - Filling up the DagBag from /home/airflow/.local/lib/python3.7/site-packages/airflow/example_dags/example_python_operator.py
[2025-08-12T21:41:54.691+0000] {processor.py:836} INFO - DAG(s) dict_keys(['example_python_operator']) retrieved from /home/airflow/.local/lib/python3.7/site-packages/airflow/example_dags/example_python_operator.py
[2025-08-12T21:41:54.936+0000] {logging_mixin.py:149} INFO - [2025-08-12T21:41:54.936+0000] {dag.py:2726} INFO - Sync 1 DAGs
[2025-08-12T21:41:54.979+0000] {logging_mixin.py:149} INFO - [2025-08-12T21:41:54.979+0000] {dag.py:3490} INFO - Setting next_dagrun for example_python_operator to None, run_after=None
[2025-08-12T21:41:55.014+0000] {processor.py:179} INFO - Processing /home/airflow/.local/lib/python3.7/site-packages/airflow/example_dags/example_python_operator.py took 0.349 seconds
[2025-08-12T21:42:25.330+0000] {processor.py:157} INFO - Started process (PID=600) to work on /home/airflow/.local/lib/python3.7/site-packages/airflow/example_dags/example_python_operator.py
[2025-08-12T21:42:25.332+0000] {processor.py:826} INFO - Processing file /home/airflow/.local/lib/python3.7/site-packages/airflow/example_dags/example_python_operator.py for tasks to queue
[2025-08-12T21:42:25.332+0000] {logging_mixin.py:149} INFO - [2025-08-12T21:42:25.332+0000] {dagbag.py:541} INFO - Filling up the DagBag from /home/airflow/.local/lib/python3.7/site-packages/airflow/example_dags/example_python_operator.py
[2025-08-12T21:42:25.344+0000] {processor.py:836} INFO - DAG(s) dict_keys(['example_python_operator']) retrieved from /home/airflow/.local/lib/python3.7/site-packages/airflow/example_dags/example_python_operator.py
[2025-08-12T21:42:25.381+0000] {logging_mixin.py:149} INFO - [2025-08-12T21:42:25.380+0000] {dag.py:2726} INFO - Sync 1 DAGs
[2025-08-12T21:42:25.412+0000] {logging_mixin.py:149} INFO - [2025-08-12T21:42:25.412+0000] {dag.py:3490} INFO - Setting next_dagrun for example_python_operator to None, run_after=None
[2025-08-12T21:42:25.440+0000] {processor.py:179} INFO - Processing /home/airflow/.local/lib/python3.7/site-packages/airflow/example_dags/example_python_operator.py took 0.113 seconds
[2025-08-12T21:42:56.890+0000] {processor.py:157} INFO - Started process (PID=845) to work on /home/airflow/.local/lib/python3.7/site-packages/airflow/example_dags/example_python_operator.py
[2025-08-12T21:42:56.891+0000] {processor.py:826} INFO - Processing file /home/airflow/.local/lib/python3.7/site-packages/airflow/example_dags/example_python_operator.py for tasks to queue
[2025-08-12T21:42:56.891+0000] {logging_mixin.py:149} INFO - [2025-08-12T21:42:56.891+0000] {dagbag.py:541} INFO - Filling up the DagBag from /home/airflow/.local/lib/python3.7/site-packages/airflow/example_dags/example_python_operator.py
[2025-08-12T21:42:56.903+0000] {processor.py:836} INFO - DAG(s) dict_keys(['example_python_operator']) retrieved from /home/airflow/.local/lib/python3.7/site-packages/airflow/example_dags/example_python_operator.py
[2025-08-12T21:42:56.933+0000] {logging_mixin.py:149} INFO - [2025-08-12T21:42:56.933+0000] {dag.py:2726} INFO - Sync 1 DAGs
[2025-08-12T21:42:57.066+0000] {logging_mixin.py:149} INFO - [2025-08-12T21:42:57.066+0000] {dag.py:3490} INFO - Setting next_dagrun for example_python_operator to None, run_after=None
[2025-08-12T21:42:57.091+0000] {processor.py:179} INFO - Processing /home/airflow/.local/lib/python3.7/site-packages/airflow/example_dags/example_python_operator.py took 0.205 seconds
[2025-08-12T21:43:27.534+0000] {processor.py:157} INFO - Started process (PID=1090) to work on /home/airflow/.local/lib/python3.7/site-packages/airflow/example_dags/example_python_operator.py
[2025-08-12T21:43:27.535+0000] {processor.py:826} INFO - Processing file /home/airflow/.local/lib/python3.7/site-packages/airflow/example_dags/example_python_operator.py for tasks to queue
[2025-08-12T21:43:27.536+0000] {logging_mixin.py:149} INFO - [2025-08-12T21:43:27.536+0000] {dagbag.py:541} INFO - Filling up the DagBag from /home/airflow/.local/lib/python3.7/site-packages/airflow/example_dags/example_python_operator.py
[2025-08-12T21:43:27.548+0000] {processor.py:836} INFO - DAG(s) dict_keys(['example_python_operator']) retrieved from /home/airflow/.local/lib/python3.7/site-packages/airflow/example_dags/example_python_operator.py
[2025-08-12T21:43:27.579+0000] {logging_mixin.py:149} INFO - [2025-08-12T21:43:27.579+0000] {dag.py:2726} INFO - Sync 1 DAGs
[2025-08-12T21:43:27.607+0000] {logging_mixin.py:149} INFO - [2025-08-12T21:43:27.607+0000] {dag.py:3490} INFO - Setting next_dagrun for example_python_operator to None, run_after=None
[2025-08-12T21:43:27.630+0000] {processor.py:179} INFO - Processing /home/airflow/.local/lib/python3.7/site-packages/airflow/example_dags/example_python_operator.py took 0.099 seconds
[2025-08-12T21:43:58.214+0000] {processor.py:157} INFO - Started process (PID=1335) to work on /home/airflow/.local/lib/python3.7/site-packages/airflow/example_dags/example_python_operator.py
[2025-08-12T21:43:58.215+0000] {processor.py:826} INFO - Processing file /home/airflow/.local/lib/python3.7/site-packages/airflow/example_dags/example_python_operator.py for tasks to queue
[2025-08-12T21:43:58.216+0000] {logging_mixin.py:149} INFO - [2025-08-12T21:43:58.215+0000] {dagbag.py:541} INFO - Filling up the DagBag from /home/airflow/.local/lib/python3.7/site-packages/airflow/example_dags/example_python_operator.py
[2025-08-12T21:43:58.227+0000] {processor.py:836} INFO - DAG(s) dict_keys(['example_python_operator']) retrieved from /home/airflow/.local/lib/python3.7/site-packages/airflow/example_dags/example_python_operator.py
[2025-08-12T21:43:58.259+0000] {logging_mixin.py:149} INFO - [2025-08-12T21:43:58.259+0000] {dag.py:2726} INFO - Sync 1 DAGs
[2025-08-12T21:43:58.291+0000] {logging_mixin.py:149} INFO - [2025-08-12T21:43:58.290+0000] {dag.py:3490} INFO - Setting next_dagrun for example_python_operator to None, run_after=None
[2025-08-12T21:43:58.314+0000] {processor.py:179} INFO - Processing /home/airflow/.local/lib/python3.7/site-packages/airflow/example_dags/example_python_operator.py took 0.105 seconds
[2025-08-12T21:44:28.711+0000] {processor.py:157} INFO - Started process (PID=1580) to work on /home/airflow/.local/lib/python3.7/site-packages/airflow/example_dags/example_python_operator.py
[2025-08-12T21:44:28.712+0000] {processor.py:826} INFO - Processing file /home/airflow/.local/lib/python3.7/site-packages/airflow/example_dags/example_python_operator.py for tasks to queue
[2025-08-12T21:44:28.713+0000] {logging_mixin.py:149} INFO - [2025-08-12T21:44:28.713+0000] {dagbag.py:541} INFO - Filling up the DagBag from /home/airflow/.local/lib/python3.7/site-packages/airflow/example_dags/example_python_operator.py
[2025-08-12T21:44:28.725+0000] {processor.py:836} INFO - DAG(s) dict_keys(['example_python_operator']) retrieved from /home/airflow/.local/lib/python3.7/site-packages/airflow/example_dags/example_python_operator.py
[2025-08-12T21:44:28.756+0000] {logging_mixin.py:149} INFO - [2025-08-12T21:44:28.755+0000] {dag.py:2726} INFO - Sync 1 DAGs
[2025-08-12T21:44:28.786+0000] {logging_mixin.py:149} INFO - [2025-08-12T21:44:28.786+0000] {dag.py:3490} INFO - Setting next_dagrun for example_python_operator to None, run_after=None
[2025-08-12T21:44:28.808+0000] {processor.py:179} INFO - Processing /home/airflow/.local/lib/python3.7/site-packages/airflow/example_dags/example_python_operator.py took 0.101 seconds
[2025-08-12T21:44:59.400+0000] {processor.py:157} INFO - Started process (PID=1825) to work on /home/airflow/.local/lib/python3.7/site-packages/airflow/example_dags/example_python_operator.py
[2025-08-12T21:44:59.401+0000] {processor.py:826} INFO - Processing file /home/airflow/.local/lib/python3.7/site-packages/airflow/example_dags/example_python_operator.py for tasks to queue
[2025-08-12T21:44:59.402+0000] {logging_mixin.py:149} INFO - [2025-08-12T21:44:59.402+0000] {dagbag.py:541} INFO - Filling up the DagBag from /home/airflow/.local/lib/python3.7/site-packages/airflow/example_dags/example_python_operator.py
[2025-08-12T21:44:59.415+0000] {processor.py:836} INFO - DAG(s) dict_keys(['example_python_operator']) retrieved from /home/airflow/.local/lib/python3.7/site-packages/airflow/example_dags/example_python_operator.py
[2025-08-12T21:44:59.448+0000] {logging_mixin.py:149} INFO - [2025-08-12T21:44:59.448+0000] {dag.py:2726} INFO - Sync 1 DAGs
[2025-08-12T21:44:59.479+0000] {logging_mixin.py:149} INFO - [2025-08-12T21:44:59.479+0000] {dag.py:3490} INFO - Setting next_dagrun for example_python_operator to None, run_after=None
[2025-08-12T21:44:59.501+0000] {processor.py:179} INFO - Processing /home/airflow/.local/lib/python3.7/site-packages/airflow/example_dags/example_python_operator.py took 0.105 seconds
[2025-08-12T21:45:30.270+0000] {processor.py:157} INFO - Started process (PID=2070) to work on /home/airflow/.local/lib/python3.7/site-packages/airflow/example_dags/example_python_operator.py
[2025-08-12T21:45:30.271+0000] {processor.py:826} INFO - Processing file /home/airflow/.local/lib/python3.7/site-packages/airflow/example_dags/example_python_operator.py for tasks to queue
[2025-08-12T21:45:30.272+0000] {logging_mixin.py:149} INFO - [2025-08-12T21:45:30.271+0000] {dagbag.py:541} INFO - Filling up the DagBag from /home/airflow/.local/lib/python3.7/site-packages/airflow/example_dags/example_python_operator.py
[2025-08-12T21:45:30.283+0000] {processor.py:836} INFO - DAG(s) dict_keys(['example_python_operator']) retrieved from /home/airflow/.local/lib/python3.7/site-packages/airflow/example_dags/example_python_operator.py
[2025-08-12T21:45:30.314+0000] {logging_mixin.py:149} INFO - [2025-08-12T21:45:30.314+0000] {dag.py:2726} INFO - Sync 1 DAGs
[2025-08-12T21:45:30.342+0000] {logging_mixin.py:149} INFO - [2025-08-12T21:45:30.342+0000] {dag.py:3490} INFO - Setting next_dagrun for example_python_operator to None, run_after=None
[2025-08-12T21:45:30.365+0000] {processor.py:179} INFO - Processing /home/airflow/.local/lib/python3.7/site-packages/airflow/example_dags/example_python_operator.py took 0.099 seconds
[2025-08-12T21:46:00.657+0000] {processor.py:157} INFO - Started process (PID=2315) to work on /home/airflow/.local/lib/python3.7/site-packages/airflow/example_dags/example_python_operator.py
[2025-08-12T21:46:00.659+0000] {processor.py:826} INFO - Processing file /home/airflow/.local/lib/python3.7/site-packages/airflow/example_dags/example_python_operator.py for tasks to queue
[2025-08-12T21:46:00.661+0000] {logging_mixin.py:149} INFO - [2025-08-12T21:46:00.661+0000] {dagbag.py:541} INFO - Filling up the DagBag from /home/airflow/.local/lib/python3.7/site-packages/airflow/example_dags/example_python_operator.py
[2025-08-12T21:46:00.674+0000] {processor.py:836} INFO - DAG(s) dict_keys(['example_python_operator']) retrieved from /home/airflow/.local/lib/python3.7/site-packages/airflow/example_dags/example_python_operator.py
[2025-08-12T21:46:00.724+0000] {logging_mixin.py:149} INFO - [2025-08-12T21:46:00.724+0000] {dag.py:2726} INFO - Sync 1 DAGs
[2025-08-12T21:46:00.753+0000] {logging_mixin.py:149} INFO - [2025-08-12T21:46:00.753+0000] {dag.py:3490} INFO - Setting next_dagrun for example_python_operator to None, run_after=None
[2025-08-12T21:46:00.776+0000] {processor.py:179} INFO - Processing /home/airflow/.local/lib/python3.7/site-packages/airflow/example_dags/example_python_operator.py took 0.123 seconds
[2025-08-12T21:46:31.122+0000] {processor.py:157} INFO - Started process (PID=2560) to work on /home/airflow/.local/lib/python3.7/site-packages/airflow/example_dags/example_python_operator.py
[2025-08-12T21:46:31.124+0000] {processor.py:826} INFO - Processing file /home/airflow/.local/lib/python3.7/site-packages/airflow/example_dags/example_python_operator.py for tasks to queue
[2025-08-12T21:46:31.125+0000] {logging_mixin.py:149} INFO - [2025-08-12T21:46:31.125+0000] {dagbag.py:541} INFO - Filling up the DagBag from /home/airflow/.local/lib/python3.7/site-packages/airflow/example_dags/example_python_operator.py
[2025-08-12T21:46:31.144+0000] {processor.py:836} INFO - DAG(s) dict_keys(['example_python_operator']) retrieved from /home/airflow/.local/lib/python3.7/site-packages/airflow/example_dags/example_python_operator.py
[2025-08-12T21:46:31.187+0000] {logging_mixin.py:149} INFO - [2025-08-12T21:46:31.187+0000] {dag.py:2726} INFO - Sync 1 DAGs
[2025-08-12T21:46:31.232+0000] {logging_mixin.py:149} INFO - [2025-08-12T21:46:31.232+0000] {dag.py:3490} INFO - Setting next_dagrun for example_python_operator to None, run_after=None
[2025-08-12T21:46:31.262+0000] {processor.py:179} INFO - Processing /home/airflow/.local/lib/python3.7/site-packages/airflow/example_dags/example_python_operator.py took 0.146 seconds
