[2025-08-12T18:51:22.658+0000] {processor.py:157} INFO - Started process (PID=353) to work on /home/airflow/.local/lib/python3.7/site-packages/airflow/example_dags/example_short_circuit_operator.py
[2025-08-12T18:51:22.659+0000] {processor.py:826} INFO - Processing file /home/airflow/.local/lib/python3.7/site-packages/airflow/example_dags/example_short_circuit_operator.py for tasks to queue
[2025-08-12T18:51:22.661+0000] {logging_mixin.py:149} INFO - [2025-08-12T18:51:22.661+0000] {dagbag.py:541} INFO - Filling up the DagBag from /home/airflow/.local/lib/python3.7/site-packages/airflow/example_dags/example_short_circuit_operator.py
[2025-08-12T18:51:22.675+0000] {processor.py:836} INFO - DAG(s) dict_keys(['example_short_circuit_operator']) retrieved from /home/airflow/.local/lib/python3.7/site-packages/airflow/example_dags/example_short_circuit_operator.py
[2025-08-12T18:51:22.749+0000] {logging_mixin.py:149} INFO - [2025-08-12T18:51:22.749+0000] {dag.py:2726} INFO - Sync 1 DAGs
[2025-08-12T18:51:22.805+0000] {logging_mixin.py:149} INFO - [2025-08-12T18:51:22.804+0000] {dag.py:3490} INFO - Setting next_dagrun for example_short_circuit_operator to 2025-08-11T18:51:22.803971+00:00, run_after=2025-08-12T18:51:22.803971+00:00
[2025-08-12T18:51:22.847+0000] {processor.py:179} INFO - Processing /home/airflow/.local/lib/python3.7/site-packages/airflow/example_dags/example_short_circuit_operator.py took 0.195 seconds
[2025-08-12T18:51:53.937+0000] {processor.py:157} INFO - Started process (PID=598) to work on /home/airflow/.local/lib/python3.7/site-packages/airflow/example_dags/example_short_circuit_operator.py
[2025-08-12T18:51:53.939+0000] {processor.py:826} INFO - Processing file /home/airflow/.local/lib/python3.7/site-packages/airflow/example_dags/example_short_circuit_operator.py for tasks to queue
[2025-08-12T18:51:53.940+0000] {logging_mixin.py:149} INFO - [2025-08-12T18:51:53.940+0000] {dagbag.py:541} INFO - Filling up the DagBag from /home/airflow/.local/lib/python3.7/site-packages/airflow/example_dags/example_short_circuit_operator.py
[2025-08-12T18:51:53.953+0000] {processor.py:836} INFO - DAG(s) dict_keys(['example_short_circuit_operator']) retrieved from /home/airflow/.local/lib/python3.7/site-packages/airflow/example_dags/example_short_circuit_operator.py
[2025-08-12T18:51:53.992+0000] {logging_mixin.py:149} INFO - [2025-08-12T18:51:53.992+0000] {dag.py:2726} INFO - Sync 1 DAGs
[2025-08-12T18:51:54.036+0000] {logging_mixin.py:149} INFO - [2025-08-12T18:51:54.036+0000] {dag.py:3490} INFO - Setting next_dagrun for example_short_circuit_operator to 2025-08-11T18:51:54.036323+00:00, run_after=2025-08-12T18:51:54.036323+00:00
[2025-08-12T18:51:54.070+0000] {processor.py:179} INFO - Processing /home/airflow/.local/lib/python3.7/site-packages/airflow/example_dags/example_short_circuit_operator.py took 0.136 seconds
[2025-08-12T18:52:25.012+0000] {processor.py:157} INFO - Started process (PID=843) to work on /home/airflow/.local/lib/python3.7/site-packages/airflow/example_dags/example_short_circuit_operator.py
[2025-08-12T18:52:25.013+0000] {processor.py:826} INFO - Processing file /home/airflow/.local/lib/python3.7/site-packages/airflow/example_dags/example_short_circuit_operator.py for tasks to queue
[2025-08-12T18:52:25.014+0000] {logging_mixin.py:149} INFO - [2025-08-12T18:52:25.014+0000] {dagbag.py:541} INFO - Filling up the DagBag from /home/airflow/.local/lib/python3.7/site-packages/airflow/example_dags/example_short_circuit_operator.py
[2025-08-12T18:52:25.024+0000] {processor.py:836} INFO - DAG(s) dict_keys(['example_short_circuit_operator']) retrieved from /home/airflow/.local/lib/python3.7/site-packages/airflow/example_dags/example_short_circuit_operator.py
[2025-08-12T18:52:25.056+0000] {logging_mixin.py:149} INFO - [2025-08-12T18:52:25.055+0000] {dag.py:2726} INFO - Sync 1 DAGs
[2025-08-12T18:52:25.086+0000] {logging_mixin.py:149} INFO - [2025-08-12T18:52:25.086+0000] {dag.py:3490} INFO - Setting next_dagrun for example_short_circuit_operator to 2025-08-11T18:52:25.086133+00:00, run_after=2025-08-12T18:52:25.086133+00:00
[2025-08-12T18:52:25.235+0000] {processor.py:179} INFO - Processing /home/airflow/.local/lib/python3.7/site-packages/airflow/example_dags/example_short_circuit_operator.py took 0.226 seconds
[2025-08-12T18:52:56.173+0000] {processor.py:157} INFO - Started process (PID=1088) to work on /home/airflow/.local/lib/python3.7/site-packages/airflow/example_dags/example_short_circuit_operator.py
[2025-08-12T18:52:56.174+0000] {processor.py:826} INFO - Processing file /home/airflow/.local/lib/python3.7/site-packages/airflow/example_dags/example_short_circuit_operator.py for tasks to queue
[2025-08-12T18:52:56.175+0000] {logging_mixin.py:149} INFO - [2025-08-12T18:52:56.175+0000] {dagbag.py:541} INFO - Filling up the DagBag from /home/airflow/.local/lib/python3.7/site-packages/airflow/example_dags/example_short_circuit_operator.py
[2025-08-12T18:52:56.184+0000] {processor.py:836} INFO - DAG(s) dict_keys(['example_short_circuit_operator']) retrieved from /home/airflow/.local/lib/python3.7/site-packages/airflow/example_dags/example_short_circuit_operator.py
[2025-08-12T18:52:56.220+0000] {logging_mixin.py:149} INFO - [2025-08-12T18:52:56.220+0000] {dag.py:2726} INFO - Sync 1 DAGs
[2025-08-12T18:52:56.253+0000] {logging_mixin.py:149} INFO - [2025-08-12T18:52:56.253+0000] {dag.py:3490} INFO - Setting next_dagrun for example_short_circuit_operator to 2025-08-11T18:52:56.252934+00:00, run_after=2025-08-12T18:52:56.252934+00:00
[2025-08-12T18:52:56.275+0000] {processor.py:179} INFO - Processing /home/airflow/.local/lib/python3.7/site-packages/airflow/example_dags/example_short_circuit_operator.py took 0.107 seconds
[2025-08-12T18:53:26.402+0000] {processor.py:157} INFO - Started process (PID=1333) to work on /home/airflow/.local/lib/python3.7/site-packages/airflow/example_dags/example_short_circuit_operator.py
[2025-08-12T18:53:26.403+0000] {processor.py:826} INFO - Processing file /home/airflow/.local/lib/python3.7/site-packages/airflow/example_dags/example_short_circuit_operator.py for tasks to queue
[2025-08-12T18:53:26.404+0000] {logging_mixin.py:149} INFO - [2025-08-12T18:53:26.404+0000] {dagbag.py:541} INFO - Filling up the DagBag from /home/airflow/.local/lib/python3.7/site-packages/airflow/example_dags/example_short_circuit_operator.py
[2025-08-12T18:53:26.414+0000] {processor.py:836} INFO - DAG(s) dict_keys(['example_short_circuit_operator']) retrieved from /home/airflow/.local/lib/python3.7/site-packages/airflow/example_dags/example_short_circuit_operator.py
[2025-08-12T18:53:26.447+0000] {logging_mixin.py:149} INFO - [2025-08-12T18:53:26.447+0000] {dag.py:2726} INFO - Sync 1 DAGs
[2025-08-12T18:53:26.478+0000] {logging_mixin.py:149} INFO - [2025-08-12T18:53:26.478+0000] {dag.py:3490} INFO - Setting next_dagrun for example_short_circuit_operator to 2025-08-11T18:53:26.477841+00:00, run_after=2025-08-12T18:53:26.477841+00:00
[2025-08-12T18:53:26.501+0000] {processor.py:179} INFO - Processing /home/airflow/.local/lib/python3.7/site-packages/airflow/example_dags/example_short_circuit_operator.py took 0.104 seconds
[2025-08-12T18:53:56.809+0000] {processor.py:157} INFO - Started process (PID=1578) to work on /home/airflow/.local/lib/python3.7/site-packages/airflow/example_dags/example_short_circuit_operator.py
[2025-08-12T18:53:56.811+0000] {processor.py:826} INFO - Processing file /home/airflow/.local/lib/python3.7/site-packages/airflow/example_dags/example_short_circuit_operator.py for tasks to queue
[2025-08-12T18:53:56.812+0000] {logging_mixin.py:149} INFO - [2025-08-12T18:53:56.811+0000] {dagbag.py:541} INFO - Filling up the DagBag from /home/airflow/.local/lib/python3.7/site-packages/airflow/example_dags/example_short_circuit_operator.py
[2025-08-12T18:53:56.824+0000] {processor.py:836} INFO - DAG(s) dict_keys(['example_short_circuit_operator']) retrieved from /home/airflow/.local/lib/python3.7/site-packages/airflow/example_dags/example_short_circuit_operator.py
[2025-08-12T18:53:56.861+0000] {logging_mixin.py:149} INFO - [2025-08-12T18:53:56.860+0000] {dag.py:2726} INFO - Sync 1 DAGs
[2025-08-12T18:53:56.895+0000] {logging_mixin.py:149} INFO - [2025-08-12T18:53:56.895+0000] {dag.py:3490} INFO - Setting next_dagrun for example_short_circuit_operator to 2025-08-11T18:53:56.895090+00:00, run_after=2025-08-12T18:53:56.895090+00:00
[2025-08-12T18:53:56.926+0000] {processor.py:179} INFO - Processing /home/airflow/.local/lib/python3.7/site-packages/airflow/example_dags/example_short_circuit_operator.py took 0.121 seconds
[2025-08-12T18:54:27.768+0000] {processor.py:157} INFO - Started process (PID=1823) to work on /home/airflow/.local/lib/python3.7/site-packages/airflow/example_dags/example_short_circuit_operator.py
[2025-08-12T18:54:27.769+0000] {processor.py:826} INFO - Processing file /home/airflow/.local/lib/python3.7/site-packages/airflow/example_dags/example_short_circuit_operator.py for tasks to queue
[2025-08-12T18:54:27.770+0000] {logging_mixin.py:149} INFO - [2025-08-12T18:54:27.770+0000] {dagbag.py:541} INFO - Filling up the DagBag from /home/airflow/.local/lib/python3.7/site-packages/airflow/example_dags/example_short_circuit_operator.py
[2025-08-12T18:54:27.781+0000] {processor.py:836} INFO - DAG(s) dict_keys(['example_short_circuit_operator']) retrieved from /home/airflow/.local/lib/python3.7/site-packages/airflow/example_dags/example_short_circuit_operator.py
[2025-08-12T18:54:27.812+0000] {logging_mixin.py:149} INFO - [2025-08-12T18:54:27.811+0000] {dag.py:2726} INFO - Sync 1 DAGs
[2025-08-12T18:54:27.842+0000] {logging_mixin.py:149} INFO - [2025-08-12T18:54:27.842+0000] {dag.py:3490} INFO - Setting next_dagrun for example_short_circuit_operator to 2025-08-11T18:54:27.842375+00:00, run_after=2025-08-12T18:54:27.842375+00:00
[2025-08-12T18:54:27.867+0000] {processor.py:179} INFO - Processing /home/airflow/.local/lib/python3.7/site-packages/airflow/example_dags/example_short_circuit_operator.py took 0.102 seconds
[2025-08-12T18:54:58.743+0000] {processor.py:157} INFO - Started process (PID=2069) to work on /home/airflow/.local/lib/python3.7/site-packages/airflow/example_dags/example_short_circuit_operator.py
[2025-08-12T18:54:58.744+0000] {processor.py:826} INFO - Processing file /home/airflow/.local/lib/python3.7/site-packages/airflow/example_dags/example_short_circuit_operator.py for tasks to queue
[2025-08-12T18:54:58.745+0000] {logging_mixin.py:149} INFO - [2025-08-12T18:54:58.745+0000] {dagbag.py:541} INFO - Filling up the DagBag from /home/airflow/.local/lib/python3.7/site-packages/airflow/example_dags/example_short_circuit_operator.py
[2025-08-12T18:54:58.757+0000] {processor.py:836} INFO - DAG(s) dict_keys(['example_short_circuit_operator']) retrieved from /home/airflow/.local/lib/python3.7/site-packages/airflow/example_dags/example_short_circuit_operator.py
[2025-08-12T18:54:58.795+0000] {logging_mixin.py:149} INFO - [2025-08-12T18:54:58.795+0000] {dag.py:2726} INFO - Sync 1 DAGs
[2025-08-12T18:54:58.829+0000] {logging_mixin.py:149} INFO - [2025-08-12T18:54:58.829+0000] {dag.py:3490} INFO - Setting next_dagrun for example_short_circuit_operator to 2025-08-11T18:54:58.828817+00:00, run_after=2025-08-12T18:54:58.828817+00:00
[2025-08-12T18:54:58.853+0000] {processor.py:179} INFO - Processing /home/airflow/.local/lib/python3.7/site-packages/airflow/example_dags/example_short_circuit_operator.py took 0.113 seconds
[2025-08-12T18:55:29.258+0000] {processor.py:157} INFO - Started process (PID=2313) to work on /home/airflow/.local/lib/python3.7/site-packages/airflow/example_dags/example_short_circuit_operator.py
[2025-08-12T18:55:29.259+0000] {processor.py:826} INFO - Processing file /home/airflow/.local/lib/python3.7/site-packages/airflow/example_dags/example_short_circuit_operator.py for tasks to queue
[2025-08-12T18:55:29.260+0000] {logging_mixin.py:149} INFO - [2025-08-12T18:55:29.260+0000] {dagbag.py:541} INFO - Filling up the DagBag from /home/airflow/.local/lib/python3.7/site-packages/airflow/example_dags/example_short_circuit_operator.py
[2025-08-12T18:55:29.270+0000] {processor.py:836} INFO - DAG(s) dict_keys(['example_short_circuit_operator']) retrieved from /home/airflow/.local/lib/python3.7/site-packages/airflow/example_dags/example_short_circuit_operator.py
[2025-08-12T18:55:29.302+0000] {logging_mixin.py:149} INFO - [2025-08-12T18:55:29.302+0000] {dag.py:2726} INFO - Sync 1 DAGs
[2025-08-12T18:55:29.332+0000] {logging_mixin.py:149} INFO - [2025-08-12T18:55:29.332+0000] {dag.py:3490} INFO - Setting next_dagrun for example_short_circuit_operator to 2025-08-11T18:55:29.331950+00:00, run_after=2025-08-12T18:55:29.331950+00:00
[2025-08-12T18:55:29.360+0000] {processor.py:179} INFO - Processing /home/airflow/.local/lib/python3.7/site-packages/airflow/example_dags/example_short_circuit_operator.py took 0.106 seconds
[2025-08-12T18:55:59.869+0000] {processor.py:157} INFO - Started process (PID=2558) to work on /home/airflow/.local/lib/python3.7/site-packages/airflow/example_dags/example_short_circuit_operator.py
[2025-08-12T18:55:59.870+0000] {processor.py:826} INFO - Processing file /home/airflow/.local/lib/python3.7/site-packages/airflow/example_dags/example_short_circuit_operator.py for tasks to queue
[2025-08-12T18:55:59.871+0000] {logging_mixin.py:149} INFO - [2025-08-12T18:55:59.871+0000] {dagbag.py:541} INFO - Filling up the DagBag from /home/airflow/.local/lib/python3.7/site-packages/airflow/example_dags/example_short_circuit_operator.py
[2025-08-12T18:55:59.882+0000] {processor.py:836} INFO - DAG(s) dict_keys(['example_short_circuit_operator']) retrieved from /home/airflow/.local/lib/python3.7/site-packages/airflow/example_dags/example_short_circuit_operator.py
[2025-08-12T18:55:59.918+0000] {logging_mixin.py:149} INFO - [2025-08-12T18:55:59.917+0000] {dag.py:2726} INFO - Sync 1 DAGs
[2025-08-12T18:55:59.949+0000] {logging_mixin.py:149} INFO - [2025-08-12T18:55:59.949+0000] {dag.py:3490} INFO - Setting next_dagrun for example_short_circuit_operator to 2025-08-11T18:55:59.948808+00:00, run_after=2025-08-12T18:55:59.948808+00:00
[2025-08-12T18:55:59.973+0000] {processor.py:179} INFO - Processing /home/airflow/.local/lib/python3.7/site-packages/airflow/example_dags/example_short_circuit_operator.py took 0.107 seconds
[2025-08-12T18:56:30.532+0000] {processor.py:157} INFO - Started process (PID=2805) to work on /home/airflow/.local/lib/python3.7/site-packages/airflow/example_dags/example_short_circuit_operator.py
[2025-08-12T18:56:30.533+0000] {processor.py:826} INFO - Processing file /home/airflow/.local/lib/python3.7/site-packages/airflow/example_dags/example_short_circuit_operator.py for tasks to queue
[2025-08-12T18:56:30.534+0000] {logging_mixin.py:149} INFO - [2025-08-12T18:56:30.534+0000] {dagbag.py:541} INFO - Filling up the DagBag from /home/airflow/.local/lib/python3.7/site-packages/airflow/example_dags/example_short_circuit_operator.py
[2025-08-12T18:56:30.543+0000] {processor.py:836} INFO - DAG(s) dict_keys(['example_short_circuit_operator']) retrieved from /home/airflow/.local/lib/python3.7/site-packages/airflow/example_dags/example_short_circuit_operator.py
[2025-08-12T18:56:30.574+0000] {logging_mixin.py:149} INFO - [2025-08-12T18:56:30.574+0000] {dag.py:2726} INFO - Sync 1 DAGs
[2025-08-12T18:56:30.605+0000] {logging_mixin.py:149} INFO - [2025-08-12T18:56:30.604+0000] {dag.py:3490} INFO - Setting next_dagrun for example_short_circuit_operator to 2025-08-11T18:56:30.604657+00:00, run_after=2025-08-12T18:56:30.604657+00:00
[2025-08-12T18:56:30.627+0000] {processor.py:179} INFO - Processing /home/airflow/.local/lib/python3.7/site-packages/airflow/example_dags/example_short_circuit_operator.py took 0.099 seconds
[2025-08-12T18:57:01.316+0000] {processor.py:157} INFO - Started process (PID=3048) to work on /home/airflow/.local/lib/python3.7/site-packages/airflow/example_dags/example_short_circuit_operator.py
[2025-08-12T18:57:01.317+0000] {processor.py:826} INFO - Processing file /home/airflow/.local/lib/python3.7/site-packages/airflow/example_dags/example_short_circuit_operator.py for tasks to queue
[2025-08-12T18:57:01.318+0000] {logging_mixin.py:149} INFO - [2025-08-12T18:57:01.318+0000] {dagbag.py:541} INFO - Filling up the DagBag from /home/airflow/.local/lib/python3.7/site-packages/airflow/example_dags/example_short_circuit_operator.py
[2025-08-12T18:57:01.330+0000] {processor.py:836} INFO - DAG(s) dict_keys(['example_short_circuit_operator']) retrieved from /home/airflow/.local/lib/python3.7/site-packages/airflow/example_dags/example_short_circuit_operator.py
[2025-08-12T18:57:01.366+0000] {logging_mixin.py:149} INFO - [2025-08-12T18:57:01.365+0000] {dag.py:2726} INFO - Sync 1 DAGs
[2025-08-12T18:57:01.401+0000] {logging_mixin.py:149} INFO - [2025-08-12T18:57:01.401+0000] {dag.py:3490} INFO - Setting next_dagrun for example_short_circuit_operator to 2025-08-11T18:57:01.401092+00:00, run_after=2025-08-12T18:57:01.401092+00:00
[2025-08-12T18:57:01.429+0000] {processor.py:179} INFO - Processing /home/airflow/.local/lib/python3.7/site-packages/airflow/example_dags/example_short_circuit_operator.py took 0.117 seconds
[2025-08-12T18:57:31.711+0000] {processor.py:157} INFO - Started process (PID=3293) to work on /home/airflow/.local/lib/python3.7/site-packages/airflow/example_dags/example_short_circuit_operator.py
[2025-08-12T18:57:31.713+0000] {processor.py:826} INFO - Processing file /home/airflow/.local/lib/python3.7/site-packages/airflow/example_dags/example_short_circuit_operator.py for tasks to queue
[2025-08-12T18:57:31.714+0000] {logging_mixin.py:149} INFO - [2025-08-12T18:57:31.714+0000] {dagbag.py:541} INFO - Filling up the DagBag from /home/airflow/.local/lib/python3.7/site-packages/airflow/example_dags/example_short_circuit_operator.py
[2025-08-12T18:57:31.725+0000] {processor.py:836} INFO - DAG(s) dict_keys(['example_short_circuit_operator']) retrieved from /home/airflow/.local/lib/python3.7/site-packages/airflow/example_dags/example_short_circuit_operator.py
[2025-08-12T18:57:31.757+0000] {logging_mixin.py:149} INFO - [2025-08-12T18:57:31.757+0000] {dag.py:2726} INFO - Sync 1 DAGs
[2025-08-12T18:57:31.790+0000] {logging_mixin.py:149} INFO - [2025-08-12T18:57:31.790+0000] {dag.py:3490} INFO - Setting next_dagrun for example_short_circuit_operator to 2025-08-11T18:57:31.789995+00:00, run_after=2025-08-12T18:57:31.789995+00:00
[2025-08-12T18:57:31.815+0000] {processor.py:179} INFO - Processing /home/airflow/.local/lib/python3.7/site-packages/airflow/example_dags/example_short_circuit_operator.py took 0.108 seconds
[2025-08-12T18:58:02.851+0000] {processor.py:157} INFO - Started process (PID=3538) to work on /home/airflow/.local/lib/python3.7/site-packages/airflow/example_dags/example_short_circuit_operator.py
[2025-08-12T18:58:02.851+0000] {processor.py:826} INFO - Processing file /home/airflow/.local/lib/python3.7/site-packages/airflow/example_dags/example_short_circuit_operator.py for tasks to queue
[2025-08-12T18:58:02.852+0000] {logging_mixin.py:149} INFO - [2025-08-12T18:58:02.852+0000] {dagbag.py:541} INFO - Filling up the DagBag from /home/airflow/.local/lib/python3.7/site-packages/airflow/example_dags/example_short_circuit_operator.py
[2025-08-12T18:58:02.864+0000] {processor.py:836} INFO - DAG(s) dict_keys(['example_short_circuit_operator']) retrieved from /home/airflow/.local/lib/python3.7/site-packages/airflow/example_dags/example_short_circuit_operator.py
[2025-08-12T18:58:02.895+0000] {logging_mixin.py:149} INFO - [2025-08-12T18:58:02.895+0000] {dag.py:2726} INFO - Sync 1 DAGs
[2025-08-12T18:58:02.927+0000] {logging_mixin.py:149} INFO - [2025-08-12T18:58:02.927+0000] {dag.py:3490} INFO - Setting next_dagrun for example_short_circuit_operator to 2025-08-11T18:58:02.927336+00:00, run_after=2025-08-12T18:58:02.927336+00:00
[2025-08-12T18:58:02.950+0000] {processor.py:179} INFO - Processing /home/airflow/.local/lib/python3.7/site-packages/airflow/example_dags/example_short_circuit_operator.py took 0.104 seconds
[2025-08-12T18:58:33.949+0000] {processor.py:157} INFO - Started process (PID=3785) to work on /home/airflow/.local/lib/python3.7/site-packages/airflow/example_dags/example_short_circuit_operator.py
[2025-08-12T18:58:33.950+0000] {processor.py:826} INFO - Processing file /home/airflow/.local/lib/python3.7/site-packages/airflow/example_dags/example_short_circuit_operator.py for tasks to queue
[2025-08-12T18:58:33.951+0000] {logging_mixin.py:149} INFO - [2025-08-12T18:58:33.951+0000] {dagbag.py:541} INFO - Filling up the DagBag from /home/airflow/.local/lib/python3.7/site-packages/airflow/example_dags/example_short_circuit_operator.py
[2025-08-12T18:58:33.960+0000] {processor.py:836} INFO - DAG(s) dict_keys(['example_short_circuit_operator']) retrieved from /home/airflow/.local/lib/python3.7/site-packages/airflow/example_dags/example_short_circuit_operator.py
[2025-08-12T18:58:33.993+0000] {logging_mixin.py:149} INFO - [2025-08-12T18:58:33.993+0000] {dag.py:2726} INFO - Sync 1 DAGs
[2025-08-12T18:58:34.024+0000] {logging_mixin.py:149} INFO - [2025-08-12T18:58:34.024+0000] {dag.py:3490} INFO - Setting next_dagrun for example_short_circuit_operator to 2025-08-11T18:58:34.024298+00:00, run_after=2025-08-12T18:58:34.024298+00:00
[2025-08-12T18:58:34.052+0000] {processor.py:179} INFO - Processing /home/airflow/.local/lib/python3.7/site-packages/airflow/example_dags/example_short_circuit_operator.py took 0.107 seconds
[2025-08-12T18:59:04.858+0000] {processor.py:157} INFO - Started process (PID=4028) to work on /home/airflow/.local/lib/python3.7/site-packages/airflow/example_dags/example_short_circuit_operator.py
[2025-08-12T18:59:04.859+0000] {processor.py:826} INFO - Processing file /home/airflow/.local/lib/python3.7/site-packages/airflow/example_dags/example_short_circuit_operator.py for tasks to queue
[2025-08-12T18:59:04.860+0000] {logging_mixin.py:149} INFO - [2025-08-12T18:59:04.860+0000] {dagbag.py:541} INFO - Filling up the DagBag from /home/airflow/.local/lib/python3.7/site-packages/airflow/example_dags/example_short_circuit_operator.py
[2025-08-12T18:59:04.870+0000] {processor.py:836} INFO - DAG(s) dict_keys(['example_short_circuit_operator']) retrieved from /home/airflow/.local/lib/python3.7/site-packages/airflow/example_dags/example_short_circuit_operator.py
[2025-08-12T18:59:04.901+0000] {logging_mixin.py:149} INFO - [2025-08-12T18:59:04.901+0000] {dag.py:2726} INFO - Sync 1 DAGs
[2025-08-12T18:59:04.933+0000] {logging_mixin.py:149} INFO - [2025-08-12T18:59:04.933+0000] {dag.py:3490} INFO - Setting next_dagrun for example_short_circuit_operator to 2025-08-11T18:59:04.932785+00:00, run_after=2025-08-12T18:59:04.932785+00:00
[2025-08-12T18:59:04.956+0000] {processor.py:179} INFO - Processing /home/airflow/.local/lib/python3.7/site-packages/airflow/example_dags/example_short_circuit_operator.py took 0.101 seconds
[2025-08-12T18:59:35.248+0000] {processor.py:157} INFO - Started process (PID=4273) to work on /home/airflow/.local/lib/python3.7/site-packages/airflow/example_dags/example_short_circuit_operator.py
[2025-08-12T18:59:35.250+0000] {processor.py:826} INFO - Processing file /home/airflow/.local/lib/python3.7/site-packages/airflow/example_dags/example_short_circuit_operator.py for tasks to queue
[2025-08-12T18:59:35.251+0000] {logging_mixin.py:149} INFO - [2025-08-12T18:59:35.251+0000] {dagbag.py:541} INFO - Filling up the DagBag from /home/airflow/.local/lib/python3.7/site-packages/airflow/example_dags/example_short_circuit_operator.py
[2025-08-12T18:59:35.268+0000] {processor.py:836} INFO - DAG(s) dict_keys(['example_short_circuit_operator']) retrieved from /home/airflow/.local/lib/python3.7/site-packages/airflow/example_dags/example_short_circuit_operator.py
[2025-08-12T18:59:35.310+0000] {logging_mixin.py:149} INFO - [2025-08-12T18:59:35.310+0000] {dag.py:2726} INFO - Sync 1 DAGs
[2025-08-12T18:59:35.343+0000] {logging_mixin.py:149} INFO - [2025-08-12T18:59:35.343+0000] {dag.py:3490} INFO - Setting next_dagrun for example_short_circuit_operator to 2025-08-11T18:59:35.342784+00:00, run_after=2025-08-12T18:59:35.342784+00:00
[2025-08-12T18:59:35.371+0000] {processor.py:179} INFO - Processing /home/airflow/.local/lib/python3.7/site-packages/airflow/example_dags/example_short_circuit_operator.py took 0.127 seconds
[2025-08-12T19:00:05.894+0000] {processor.py:157} INFO - Started process (PID=4518) to work on /home/airflow/.local/lib/python3.7/site-packages/airflow/example_dags/example_short_circuit_operator.py
[2025-08-12T19:00:05.895+0000] {processor.py:826} INFO - Processing file /home/airflow/.local/lib/python3.7/site-packages/airflow/example_dags/example_short_circuit_operator.py for tasks to queue
[2025-08-12T19:00:05.896+0000] {logging_mixin.py:149} INFO - [2025-08-12T19:00:05.896+0000] {dagbag.py:541} INFO - Filling up the DagBag from /home/airflow/.local/lib/python3.7/site-packages/airflow/example_dags/example_short_circuit_operator.py
[2025-08-12T19:00:05.907+0000] {processor.py:836} INFO - DAG(s) dict_keys(['example_short_circuit_operator']) retrieved from /home/airflow/.local/lib/python3.7/site-packages/airflow/example_dags/example_short_circuit_operator.py
[2025-08-12T19:00:05.946+0000] {logging_mixin.py:149} INFO - [2025-08-12T19:00:05.945+0000] {dag.py:2726} INFO - Sync 1 DAGs
[2025-08-12T19:00:05.978+0000] {logging_mixin.py:149} INFO - [2025-08-12T19:00:05.978+0000] {dag.py:3490} INFO - Setting next_dagrun for example_short_circuit_operator to 2025-08-11T19:00:05.977815+00:00, run_after=2025-08-12T19:00:05.977815+00:00
[2025-08-12T19:00:06.006+0000] {processor.py:179} INFO - Processing /home/airflow/.local/lib/python3.7/site-packages/airflow/example_dags/example_short_circuit_operator.py took 0.117 seconds
[2025-08-12T19:00:36.284+0000] {processor.py:157} INFO - Started process (PID=4763) to work on /home/airflow/.local/lib/python3.7/site-packages/airflow/example_dags/example_short_circuit_operator.py
[2025-08-12T19:00:36.285+0000] {processor.py:826} INFO - Processing file /home/airflow/.local/lib/python3.7/site-packages/airflow/example_dags/example_short_circuit_operator.py for tasks to queue
[2025-08-12T19:00:36.289+0000] {logging_mixin.py:149} INFO - [2025-08-12T19:00:36.289+0000] {dagbag.py:541} INFO - Filling up the DagBag from /home/airflow/.local/lib/python3.7/site-packages/airflow/example_dags/example_short_circuit_operator.py
[2025-08-12T19:00:36.300+0000] {processor.py:836} INFO - DAG(s) dict_keys(['example_short_circuit_operator']) retrieved from /home/airflow/.local/lib/python3.7/site-packages/airflow/example_dags/example_short_circuit_operator.py
[2025-08-12T19:00:36.336+0000] {logging_mixin.py:149} INFO - [2025-08-12T19:00:36.336+0000] {dag.py:2726} INFO - Sync 1 DAGs
[2025-08-12T19:00:36.370+0000] {logging_mixin.py:149} INFO - [2025-08-12T19:00:36.370+0000] {dag.py:3490} INFO - Setting next_dagrun for example_short_circuit_operator to 2025-08-11T19:00:36.369837+00:00, run_after=2025-08-12T19:00:36.369837+00:00
[2025-08-12T19:00:36.395+0000] {processor.py:179} INFO - Processing /home/airflow/.local/lib/python3.7/site-packages/airflow/example_dags/example_short_circuit_operator.py took 0.116 seconds
[2025-08-12T19:01:06.762+0000] {processor.py:157} INFO - Started process (PID=5008) to work on /home/airflow/.local/lib/python3.7/site-packages/airflow/example_dags/example_short_circuit_operator.py
[2025-08-12T19:01:06.764+0000] {processor.py:826} INFO - Processing file /home/airflow/.local/lib/python3.7/site-packages/airflow/example_dags/example_short_circuit_operator.py for tasks to queue
[2025-08-12T19:01:06.765+0000] {logging_mixin.py:149} INFO - [2025-08-12T19:01:06.764+0000] {dagbag.py:541} INFO - Filling up the DagBag from /home/airflow/.local/lib/python3.7/site-packages/airflow/example_dags/example_short_circuit_operator.py
[2025-08-12T19:01:06.775+0000] {processor.py:836} INFO - DAG(s) dict_keys(['example_short_circuit_operator']) retrieved from /home/airflow/.local/lib/python3.7/site-packages/airflow/example_dags/example_short_circuit_operator.py
[2025-08-12T19:01:06.807+0000] {logging_mixin.py:149} INFO - [2025-08-12T19:01:06.807+0000] {dag.py:2726} INFO - Sync 1 DAGs
[2025-08-12T19:01:06.842+0000] {logging_mixin.py:149} INFO - [2025-08-12T19:01:06.841+0000] {dag.py:3490} INFO - Setting next_dagrun for example_short_circuit_operator to 2025-08-11T19:01:06.841600+00:00, run_after=2025-08-12T19:01:06.841600+00:00
[2025-08-12T19:01:06.867+0000] {processor.py:179} INFO - Processing /home/airflow/.local/lib/python3.7/site-packages/airflow/example_dags/example_short_circuit_operator.py took 0.109 seconds
[2025-08-12T19:01:37.282+0000] {processor.py:157} INFO - Started process (PID=5253) to work on /home/airflow/.local/lib/python3.7/site-packages/airflow/example_dags/example_short_circuit_operator.py
[2025-08-12T19:01:37.283+0000] {processor.py:826} INFO - Processing file /home/airflow/.local/lib/python3.7/site-packages/airflow/example_dags/example_short_circuit_operator.py for tasks to queue
[2025-08-12T19:01:37.286+0000] {logging_mixin.py:149} INFO - [2025-08-12T19:01:37.286+0000] {dagbag.py:541} INFO - Filling up the DagBag from /home/airflow/.local/lib/python3.7/site-packages/airflow/example_dags/example_short_circuit_operator.py
[2025-08-12T19:01:37.296+0000] {processor.py:836} INFO - DAG(s) dict_keys(['example_short_circuit_operator']) retrieved from /home/airflow/.local/lib/python3.7/site-packages/airflow/example_dags/example_short_circuit_operator.py
[2025-08-12T19:01:37.336+0000] {logging_mixin.py:149} INFO - [2025-08-12T19:01:37.335+0000] {dag.py:2726} INFO - Sync 1 DAGs
[2025-08-12T19:01:37.368+0000] {logging_mixin.py:149} INFO - [2025-08-12T19:01:37.368+0000] {dag.py:3490} INFO - Setting next_dagrun for example_short_circuit_operator to 2025-08-11T19:01:37.367955+00:00, run_after=2025-08-12T19:01:37.367955+00:00
[2025-08-12T19:01:37.391+0000] {processor.py:179} INFO - Processing /home/airflow/.local/lib/python3.7/site-packages/airflow/example_dags/example_short_circuit_operator.py took 0.113 seconds
[2025-08-12T19:02:07.740+0000] {processor.py:157} INFO - Started process (PID=5498) to work on /home/airflow/.local/lib/python3.7/site-packages/airflow/example_dags/example_short_circuit_operator.py
[2025-08-12T19:02:07.741+0000] {processor.py:826} INFO - Processing file /home/airflow/.local/lib/python3.7/site-packages/airflow/example_dags/example_short_circuit_operator.py for tasks to queue
[2025-08-12T19:02:07.742+0000] {logging_mixin.py:149} INFO - [2025-08-12T19:02:07.742+0000] {dagbag.py:541} INFO - Filling up the DagBag from /home/airflow/.local/lib/python3.7/site-packages/airflow/example_dags/example_short_circuit_operator.py
[2025-08-12T19:02:07.752+0000] {processor.py:836} INFO - DAG(s) dict_keys(['example_short_circuit_operator']) retrieved from /home/airflow/.local/lib/python3.7/site-packages/airflow/example_dags/example_short_circuit_operator.py
[2025-08-12T19:02:07.785+0000] {logging_mixin.py:149} INFO - [2025-08-12T19:02:07.785+0000] {dag.py:2726} INFO - Sync 1 DAGs
[2025-08-12T19:02:07.816+0000] {logging_mixin.py:149} INFO - [2025-08-12T19:02:07.815+0000] {dag.py:3490} INFO - Setting next_dagrun for example_short_circuit_operator to 2025-08-11T19:02:07.815639+00:00, run_after=2025-08-12T19:02:07.815639+00:00
[2025-08-12T19:02:07.841+0000] {processor.py:179} INFO - Processing /home/airflow/.local/lib/python3.7/site-packages/airflow/example_dags/example_short_circuit_operator.py took 0.105 seconds
[2025-08-12T19:02:38.102+0000] {processor.py:157} INFO - Started process (PID=5743) to work on /home/airflow/.local/lib/python3.7/site-packages/airflow/example_dags/example_short_circuit_operator.py
[2025-08-12T19:02:38.103+0000] {processor.py:826} INFO - Processing file /home/airflow/.local/lib/python3.7/site-packages/airflow/example_dags/example_short_circuit_operator.py for tasks to queue
[2025-08-12T19:02:38.104+0000] {logging_mixin.py:149} INFO - [2025-08-12T19:02:38.104+0000] {dagbag.py:541} INFO - Filling up the DagBag from /home/airflow/.local/lib/python3.7/site-packages/airflow/example_dags/example_short_circuit_operator.py
[2025-08-12T19:02:38.114+0000] {processor.py:836} INFO - DAG(s) dict_keys(['example_short_circuit_operator']) retrieved from /home/airflow/.local/lib/python3.7/site-packages/airflow/example_dags/example_short_circuit_operator.py
[2025-08-12T19:02:38.146+0000] {logging_mixin.py:149} INFO - [2025-08-12T19:02:38.146+0000] {dag.py:2726} INFO - Sync 1 DAGs
[2025-08-12T19:02:38.176+0000] {logging_mixin.py:149} INFO - [2025-08-12T19:02:38.175+0000] {dag.py:3490} INFO - Setting next_dagrun for example_short_circuit_operator to 2025-08-11T19:02:38.175452+00:00, run_after=2025-08-12T19:02:38.175452+00:00
[2025-08-12T19:02:38.199+0000] {processor.py:179} INFO - Processing /home/airflow/.local/lib/python3.7/site-packages/airflow/example_dags/example_short_circuit_operator.py took 0.101 seconds
[2025-08-12T19:03:08.620+0000] {processor.py:157} INFO - Started process (PID=5988) to work on /home/airflow/.local/lib/python3.7/site-packages/airflow/example_dags/example_short_circuit_operator.py
[2025-08-12T19:03:08.622+0000] {processor.py:826} INFO - Processing file /home/airflow/.local/lib/python3.7/site-packages/airflow/example_dags/example_short_circuit_operator.py for tasks to queue
[2025-08-12T19:03:08.623+0000] {logging_mixin.py:149} INFO - [2025-08-12T19:03:08.622+0000] {dagbag.py:541} INFO - Filling up the DagBag from /home/airflow/.local/lib/python3.7/site-packages/airflow/example_dags/example_short_circuit_operator.py
[2025-08-12T19:03:08.634+0000] {processor.py:836} INFO - DAG(s) dict_keys(['example_short_circuit_operator']) retrieved from /home/airflow/.local/lib/python3.7/site-packages/airflow/example_dags/example_short_circuit_operator.py
[2025-08-12T19:03:08.666+0000] {logging_mixin.py:149} INFO - [2025-08-12T19:03:08.666+0000] {dag.py:2726} INFO - Sync 1 DAGs
[2025-08-12T19:03:08.700+0000] {logging_mixin.py:149} INFO - [2025-08-12T19:03:08.700+0000] {dag.py:3490} INFO - Setting next_dagrun for example_short_circuit_operator to 2025-08-11T19:03:08.699724+00:00, run_after=2025-08-12T19:03:08.699724+00:00
[2025-08-12T19:03:08.723+0000] {processor.py:179} INFO - Processing /home/airflow/.local/lib/python3.7/site-packages/airflow/example_dags/example_short_circuit_operator.py took 0.107 seconds
[2025-08-12T21:41:54.491+0000] {processor.py:157} INFO - Started process (PID=345) to work on /home/airflow/.local/lib/python3.7/site-packages/airflow/example_dags/example_short_circuit_operator.py
[2025-08-12T21:41:54.493+0000] {processor.py:826} INFO - Processing file /home/airflow/.local/lib/python3.7/site-packages/airflow/example_dags/example_short_circuit_operator.py for tasks to queue
[2025-08-12T21:41:54.494+0000] {logging_mixin.py:149} INFO - [2025-08-12T21:41:54.494+0000] {dagbag.py:541} INFO - Filling up the DagBag from /home/airflow/.local/lib/python3.7/site-packages/airflow/example_dags/example_short_circuit_operator.py
[2025-08-12T21:41:54.509+0000] {processor.py:836} INFO - DAG(s) dict_keys(['example_short_circuit_operator']) retrieved from /home/airflow/.local/lib/python3.7/site-packages/airflow/example_dags/example_short_circuit_operator.py
[2025-08-12T21:41:54.563+0000] {logging_mixin.py:149} INFO - [2025-08-12T21:41:54.563+0000] {dag.py:2726} INFO - Sync 1 DAGs
[2025-08-12T21:41:54.607+0000] {logging_mixin.py:149} INFO - [2025-08-12T21:41:54.606+0000] {dag.py:3490} INFO - Setting next_dagrun for example_short_circuit_operator to 2025-08-11T21:41:54.606483+00:00, run_after=2025-08-12T21:41:54.606483+00:00
[2025-08-12T21:41:54.638+0000] {processor.py:179} INFO - Processing /home/airflow/.local/lib/python3.7/site-packages/airflow/example_dags/example_short_circuit_operator.py took 0.152 seconds
[2025-08-12T21:42:25.125+0000] {processor.py:157} INFO - Started process (PID=590) to work on /home/airflow/.local/lib/python3.7/site-packages/airflow/example_dags/example_short_circuit_operator.py
[2025-08-12T21:42:25.126+0000] {processor.py:826} INFO - Processing file /home/airflow/.local/lib/python3.7/site-packages/airflow/example_dags/example_short_circuit_operator.py for tasks to queue
[2025-08-12T21:42:25.127+0000] {logging_mixin.py:149} INFO - [2025-08-12T21:42:25.127+0000] {dagbag.py:541} INFO - Filling up the DagBag from /home/airflow/.local/lib/python3.7/site-packages/airflow/example_dags/example_short_circuit_operator.py
[2025-08-12T21:42:25.136+0000] {processor.py:836} INFO - DAG(s) dict_keys(['example_short_circuit_operator']) retrieved from /home/airflow/.local/lib/python3.7/site-packages/airflow/example_dags/example_short_circuit_operator.py
[2025-08-12T21:42:25.173+0000] {logging_mixin.py:149} INFO - [2025-08-12T21:42:25.173+0000] {dag.py:2726} INFO - Sync 1 DAGs
[2025-08-12T21:42:25.205+0000] {logging_mixin.py:149} INFO - [2025-08-12T21:42:25.205+0000] {dag.py:3490} INFO - Setting next_dagrun for example_short_circuit_operator to 2025-08-11T21:42:25.204899+00:00, run_after=2025-08-12T21:42:25.204899+00:00
[2025-08-12T21:42:25.233+0000] {processor.py:179} INFO - Processing /home/airflow/.local/lib/python3.7/site-packages/airflow/example_dags/example_short_circuit_operator.py took 0.111 seconds
[2025-08-12T21:42:56.667+0000] {processor.py:157} INFO - Started process (PID=837) to work on /home/airflow/.local/lib/python3.7/site-packages/airflow/example_dags/example_short_circuit_operator.py
[2025-08-12T21:42:56.668+0000] {processor.py:826} INFO - Processing file /home/airflow/.local/lib/python3.7/site-packages/airflow/example_dags/example_short_circuit_operator.py for tasks to queue
[2025-08-12T21:42:56.669+0000] {logging_mixin.py:149} INFO - [2025-08-12T21:42:56.669+0000] {dagbag.py:541} INFO - Filling up the DagBag from /home/airflow/.local/lib/python3.7/site-packages/airflow/example_dags/example_short_circuit_operator.py
[2025-08-12T21:42:56.678+0000] {processor.py:836} INFO - DAG(s) dict_keys(['example_short_circuit_operator']) retrieved from /home/airflow/.local/lib/python3.7/site-packages/airflow/example_dags/example_short_circuit_operator.py
[2025-08-12T21:42:56.709+0000] {logging_mixin.py:149} INFO - [2025-08-12T21:42:56.709+0000] {dag.py:2726} INFO - Sync 1 DAGs
[2025-08-12T21:42:56.736+0000] {logging_mixin.py:149} INFO - [2025-08-12T21:42:56.736+0000] {dag.py:3490} INFO - Setting next_dagrun for example_short_circuit_operator to 2025-08-11T21:42:56.736186+00:00, run_after=2025-08-12T21:42:56.736186+00:00
[2025-08-12T21:42:56.857+0000] {processor.py:179} INFO - Processing /home/airflow/.local/lib/python3.7/site-packages/airflow/example_dags/example_short_circuit_operator.py took 0.194 seconds
[2025-08-12T21:43:27.414+0000] {processor.py:157} INFO - Started process (PID=1080) to work on /home/airflow/.local/lib/python3.7/site-packages/airflow/example_dags/example_short_circuit_operator.py
[2025-08-12T21:43:27.415+0000] {processor.py:826} INFO - Processing file /home/airflow/.local/lib/python3.7/site-packages/airflow/example_dags/example_short_circuit_operator.py for tasks to queue
[2025-08-12T21:43:27.416+0000] {logging_mixin.py:149} INFO - [2025-08-12T21:43:27.416+0000] {dagbag.py:541} INFO - Filling up the DagBag from /home/airflow/.local/lib/python3.7/site-packages/airflow/example_dags/example_short_circuit_operator.py
[2025-08-12T21:43:27.425+0000] {processor.py:836} INFO - DAG(s) dict_keys(['example_short_circuit_operator']) retrieved from /home/airflow/.local/lib/python3.7/site-packages/airflow/example_dags/example_short_circuit_operator.py
[2025-08-12T21:43:27.454+0000] {logging_mixin.py:149} INFO - [2025-08-12T21:43:27.454+0000] {dag.py:2726} INFO - Sync 1 DAGs
[2025-08-12T21:43:27.486+0000] {logging_mixin.py:149} INFO - [2025-08-12T21:43:27.486+0000] {dag.py:3490} INFO - Setting next_dagrun for example_short_circuit_operator to 2025-08-11T21:43:27.485967+00:00, run_after=2025-08-12T21:43:27.485967+00:00
[2025-08-12T21:43:27.507+0000] {processor.py:179} INFO - Processing /home/airflow/.local/lib/python3.7/site-packages/airflow/example_dags/example_short_circuit_operator.py took 0.097 seconds
[2025-08-12T21:43:58.088+0000] {processor.py:157} INFO - Started process (PID=1325) to work on /home/airflow/.local/lib/python3.7/site-packages/airflow/example_dags/example_short_circuit_operator.py
[2025-08-12T21:43:58.089+0000] {processor.py:826} INFO - Processing file /home/airflow/.local/lib/python3.7/site-packages/airflow/example_dags/example_short_circuit_operator.py for tasks to queue
[2025-08-12T21:43:58.090+0000] {logging_mixin.py:149} INFO - [2025-08-12T21:43:58.090+0000] {dagbag.py:541} INFO - Filling up the DagBag from /home/airflow/.local/lib/python3.7/site-packages/airflow/example_dags/example_short_circuit_operator.py
[2025-08-12T21:43:58.099+0000] {processor.py:836} INFO - DAG(s) dict_keys(['example_short_circuit_operator']) retrieved from /home/airflow/.local/lib/python3.7/site-packages/airflow/example_dags/example_short_circuit_operator.py
[2025-08-12T21:43:58.132+0000] {logging_mixin.py:149} INFO - [2025-08-12T21:43:58.132+0000] {dag.py:2726} INFO - Sync 1 DAGs
[2025-08-12T21:43:58.162+0000] {logging_mixin.py:149} INFO - [2025-08-12T21:43:58.162+0000] {dag.py:3490} INFO - Setting next_dagrun for example_short_circuit_operator to 2025-08-11T21:43:58.162560+00:00, run_after=2025-08-12T21:43:58.162560+00:00
[2025-08-12T21:43:58.186+0000] {processor.py:179} INFO - Processing /home/airflow/.local/lib/python3.7/site-packages/airflow/example_dags/example_short_circuit_operator.py took 0.101 seconds
[2025-08-12T21:44:28.584+0000] {processor.py:157} INFO - Started process (PID=1570) to work on /home/airflow/.local/lib/python3.7/site-packages/airflow/example_dags/example_short_circuit_operator.py
[2025-08-12T21:44:28.585+0000] {processor.py:826} INFO - Processing file /home/airflow/.local/lib/python3.7/site-packages/airflow/example_dags/example_short_circuit_operator.py for tasks to queue
[2025-08-12T21:44:28.586+0000] {logging_mixin.py:149} INFO - [2025-08-12T21:44:28.586+0000] {dagbag.py:541} INFO - Filling up the DagBag from /home/airflow/.local/lib/python3.7/site-packages/airflow/example_dags/example_short_circuit_operator.py
[2025-08-12T21:44:28.596+0000] {processor.py:836} INFO - DAG(s) dict_keys(['example_short_circuit_operator']) retrieved from /home/airflow/.local/lib/python3.7/site-packages/airflow/example_dags/example_short_circuit_operator.py
[2025-08-12T21:44:28.630+0000] {logging_mixin.py:149} INFO - [2025-08-12T21:44:28.630+0000] {dag.py:2726} INFO - Sync 1 DAGs
[2025-08-12T21:44:28.660+0000] {logging_mixin.py:149} INFO - [2025-08-12T21:44:28.660+0000] {dag.py:3490} INFO - Setting next_dagrun for example_short_circuit_operator to 2025-08-11T21:44:28.660386+00:00, run_after=2025-08-12T21:44:28.660386+00:00
[2025-08-12T21:44:28.683+0000] {processor.py:179} INFO - Processing /home/airflow/.local/lib/python3.7/site-packages/airflow/example_dags/example_short_circuit_operator.py took 0.102 seconds
[2025-08-12T21:44:59.274+0000] {processor.py:157} INFO - Started process (PID=1815) to work on /home/airflow/.local/lib/python3.7/site-packages/airflow/example_dags/example_short_circuit_operator.py
[2025-08-12T21:44:59.276+0000] {processor.py:826} INFO - Processing file /home/airflow/.local/lib/python3.7/site-packages/airflow/example_dags/example_short_circuit_operator.py for tasks to queue
[2025-08-12T21:44:59.277+0000] {logging_mixin.py:149} INFO - [2025-08-12T21:44:59.277+0000] {dagbag.py:541} INFO - Filling up the DagBag from /home/airflow/.local/lib/python3.7/site-packages/airflow/example_dags/example_short_circuit_operator.py
[2025-08-12T21:44:59.287+0000] {processor.py:836} INFO - DAG(s) dict_keys(['example_short_circuit_operator']) retrieved from /home/airflow/.local/lib/python3.7/site-packages/airflow/example_dags/example_short_circuit_operator.py
[2025-08-12T21:44:59.320+0000] {logging_mixin.py:149} INFO - [2025-08-12T21:44:59.320+0000] {dag.py:2726} INFO - Sync 1 DAGs
[2025-08-12T21:44:59.351+0000] {logging_mixin.py:149} INFO - [2025-08-12T21:44:59.351+0000] {dag.py:3490} INFO - Setting next_dagrun for example_short_circuit_operator to 2025-08-11T21:44:59.350799+00:00, run_after=2025-08-12T21:44:59.350799+00:00
[2025-08-12T21:44:59.374+0000] {processor.py:179} INFO - Processing /home/airflow/.local/lib/python3.7/site-packages/airflow/example_dags/example_short_circuit_operator.py took 0.103 seconds
[2025-08-12T21:45:30.142+0000] {processor.py:157} INFO - Started process (PID=2060) to work on /home/airflow/.local/lib/python3.7/site-packages/airflow/example_dags/example_short_circuit_operator.py
[2025-08-12T21:45:30.143+0000] {processor.py:826} INFO - Processing file /home/airflow/.local/lib/python3.7/site-packages/airflow/example_dags/example_short_circuit_operator.py for tasks to queue
[2025-08-12T21:45:30.144+0000] {logging_mixin.py:149} INFO - [2025-08-12T21:45:30.144+0000] {dagbag.py:541} INFO - Filling up the DagBag from /home/airflow/.local/lib/python3.7/site-packages/airflow/example_dags/example_short_circuit_operator.py
[2025-08-12T21:45:30.155+0000] {processor.py:836} INFO - DAG(s) dict_keys(['example_short_circuit_operator']) retrieved from /home/airflow/.local/lib/python3.7/site-packages/airflow/example_dags/example_short_circuit_operator.py
[2025-08-12T21:45:30.185+0000] {logging_mixin.py:149} INFO - [2025-08-12T21:45:30.185+0000] {dag.py:2726} INFO - Sync 1 DAGs
[2025-08-12T21:45:30.216+0000] {logging_mixin.py:149} INFO - [2025-08-12T21:45:30.215+0000] {dag.py:3490} INFO - Setting next_dagrun for example_short_circuit_operator to 2025-08-11T21:45:30.215728+00:00, run_after=2025-08-12T21:45:30.215728+00:00
[2025-08-12T21:45:30.240+0000] {processor.py:179} INFO - Processing /home/airflow/.local/lib/python3.7/site-packages/airflow/example_dags/example_short_circuit_operator.py took 0.102 seconds
[2025-08-12T21:46:00.532+0000] {processor.py:157} INFO - Started process (PID=2305) to work on /home/airflow/.local/lib/python3.7/site-packages/airflow/example_dags/example_short_circuit_operator.py
[2025-08-12T21:46:00.533+0000] {processor.py:826} INFO - Processing file /home/airflow/.local/lib/python3.7/site-packages/airflow/example_dags/example_short_circuit_operator.py for tasks to queue
[2025-08-12T21:46:00.534+0000] {logging_mixin.py:149} INFO - [2025-08-12T21:46:00.534+0000] {dagbag.py:541} INFO - Filling up the DagBag from /home/airflow/.local/lib/python3.7/site-packages/airflow/example_dags/example_short_circuit_operator.py
[2025-08-12T21:46:00.544+0000] {processor.py:836} INFO - DAG(s) dict_keys(['example_short_circuit_operator']) retrieved from /home/airflow/.local/lib/python3.7/site-packages/airflow/example_dags/example_short_circuit_operator.py
[2025-08-12T21:46:00.576+0000] {logging_mixin.py:149} INFO - [2025-08-12T21:46:00.576+0000] {dag.py:2726} INFO - Sync 1 DAGs
[2025-08-12T21:46:00.606+0000] {logging_mixin.py:149} INFO - [2025-08-12T21:46:00.606+0000] {dag.py:3490} INFO - Setting next_dagrun for example_short_circuit_operator to 2025-08-11T21:46:00.606386+00:00, run_after=2025-08-12T21:46:00.606386+00:00
[2025-08-12T21:46:00.629+0000] {processor.py:179} INFO - Processing /home/airflow/.local/lib/python3.7/site-packages/airflow/example_dags/example_short_circuit_operator.py took 0.101 seconds
[2025-08-12T21:46:30.983+0000] {processor.py:157} INFO - Started process (PID=2550) to work on /home/airflow/.local/lib/python3.7/site-packages/airflow/example_dags/example_short_circuit_operator.py
[2025-08-12T21:46:30.984+0000] {processor.py:826} INFO - Processing file /home/airflow/.local/lib/python3.7/site-packages/airflow/example_dags/example_short_circuit_operator.py for tasks to queue
[2025-08-12T21:46:30.985+0000] {logging_mixin.py:149} INFO - [2025-08-12T21:46:30.984+0000] {dagbag.py:541} INFO - Filling up the DagBag from /home/airflow/.local/lib/python3.7/site-packages/airflow/example_dags/example_short_circuit_operator.py
[2025-08-12T21:46:30.994+0000] {processor.py:836} INFO - DAG(s) dict_keys(['example_short_circuit_operator']) retrieved from /home/airflow/.local/lib/python3.7/site-packages/airflow/example_dags/example_short_circuit_operator.py
[2025-08-12T21:46:31.029+0000] {logging_mixin.py:149} INFO - [2025-08-12T21:46:31.028+0000] {dag.py:2726} INFO - Sync 1 DAGs
[2025-08-12T21:46:31.066+0000] {logging_mixin.py:149} INFO - [2025-08-12T21:46:31.066+0000] {dag.py:3490} INFO - Setting next_dagrun for example_short_circuit_operator to 2025-08-11T21:46:31.065990+00:00, run_after=2025-08-12T21:46:31.065990+00:00
[2025-08-12T21:46:31.092+0000] {processor.py:179} INFO - Processing /home/airflow/.local/lib/python3.7/site-packages/airflow/example_dags/example_short_circuit_operator.py took 0.113 seconds
