[2025-09-27T12:39:50.284+0000] {processor.py:157} INFO - Started process (PID=245) to work on /home/airflow/.local/lib/python3.7/site-packages/airflow/example_dags/example_branch_python_dop_operator_3.py
[2025-09-27T12:39:50.285+0000] {processor.py:826} INFO - Processing file /home/airflow/.local/lib/python3.7/site-packages/airflow/example_dags/example_branch_python_dop_operator_3.py for tasks to queue
[2025-09-27T12:39:50.286+0000] {logging_mixin.py:149} INFO - [2025-09-27T12:39:50.286+0000] {dagbag.py:541} INFO - Filling up the DagBag from /home/airflow/.local/lib/python3.7/site-packages/airflow/example_dags/example_branch_python_dop_operator_3.py
[2025-09-27T12:39:50.297+0000] {processor.py:836} INFO - DAG(s) dict_keys(['example_branch_dop_operator_v3']) retrieved from /home/airflow/.local/lib/python3.7/site-packages/airflow/example_dags/example_branch_python_dop_operator_3.py
[2025-09-27T12:39:50.331+0000] {logging_mixin.py:149} INFO - [2025-09-27T12:39:50.331+0000] {dag.py:2726} INFO - Sync 1 DAGs
[2025-09-27T12:39:50.371+0000] {logging_mixin.py:149} INFO - [2025-09-27T12:39:50.371+0000] {dag.py:3490} INFO - Setting next_dagrun for example_branch_dop_operator_v3 to 2025-09-27T12:38:00+00:00, run_after=2025-09-27T12:39:00+00:00
[2025-09-27T12:39:50.398+0000] {processor.py:179} INFO - Processing /home/airflow/.local/lib/python3.7/site-packages/airflow/example_dags/example_branch_python_dop_operator_3.py took 0.118 seconds
[2025-09-27T12:40:21.397+0000] {processor.py:157} INFO - Started process (PID=539) to work on /home/airflow/.local/lib/python3.7/site-packages/airflow/example_dags/example_branch_python_dop_operator_3.py
[2025-09-27T12:40:21.398+0000] {processor.py:826} INFO - Processing file /home/airflow/.local/lib/python3.7/site-packages/airflow/example_dags/example_branch_python_dop_operator_3.py for tasks to queue
[2025-09-27T12:40:21.399+0000] {logging_mixin.py:149} INFO - [2025-09-27T12:40:21.399+0000] {dagbag.py:541} INFO - Filling up the DagBag from /home/airflow/.local/lib/python3.7/site-packages/airflow/example_dags/example_branch_python_dop_operator_3.py
[2025-09-27T12:40:21.411+0000] {processor.py:836} INFO - DAG(s) dict_keys(['example_branch_dop_operator_v3']) retrieved from /home/airflow/.local/lib/python3.7/site-packages/airflow/example_dags/example_branch_python_dop_operator_3.py
[2025-09-27T12:40:21.542+0000] {logging_mixin.py:149} INFO - [2025-09-27T12:40:21.542+0000] {dag.py:2726} INFO - Sync 1 DAGs
[2025-09-27T12:40:21.574+0000] {logging_mixin.py:149} INFO - [2025-09-27T12:40:21.574+0000] {dag.py:3490} INFO - Setting next_dagrun for example_branch_dop_operator_v3 to 2025-09-27T12:39:00+00:00, run_after=2025-09-27T12:40:00+00:00
[2025-09-27T12:40:21.593+0000] {processor.py:179} INFO - Processing /home/airflow/.local/lib/python3.7/site-packages/airflow/example_dags/example_branch_python_dop_operator_3.py took 0.199 seconds
[2025-09-27T12:40:51.737+0000] {processor.py:157} INFO - Started process (PID=833) to work on /home/airflow/.local/lib/python3.7/site-packages/airflow/example_dags/example_branch_python_dop_operator_3.py
[2025-09-27T12:40:51.738+0000] {processor.py:826} INFO - Processing file /home/airflow/.local/lib/python3.7/site-packages/airflow/example_dags/example_branch_python_dop_operator_3.py for tasks to queue
[2025-09-27T12:40:51.739+0000] {logging_mixin.py:149} INFO - [2025-09-27T12:40:51.738+0000] {dagbag.py:541} INFO - Filling up the DagBag from /home/airflow/.local/lib/python3.7/site-packages/airflow/example_dags/example_branch_python_dop_operator_3.py
[2025-09-27T12:40:51.747+0000] {processor.py:836} INFO - DAG(s) dict_keys(['example_branch_dop_operator_v3']) retrieved from /home/airflow/.local/lib/python3.7/site-packages/airflow/example_dags/example_branch_python_dop_operator_3.py
[2025-09-27T12:40:51.776+0000] {logging_mixin.py:149} INFO - [2025-09-27T12:40:51.776+0000] {dag.py:2726} INFO - Sync 1 DAGs
[2025-09-27T12:40:51.812+0000] {logging_mixin.py:149} INFO - [2025-09-27T12:40:51.811+0000] {dag.py:3490} INFO - Setting next_dagrun for example_branch_dop_operator_v3 to 2025-09-27T12:39:00+00:00, run_after=2025-09-27T12:40:00+00:00
[2025-09-27T12:40:51.834+0000] {processor.py:179} INFO - Processing /home/airflow/.local/lib/python3.7/site-packages/airflow/example_dags/example_branch_python_dop_operator_3.py took 0.101 seconds
[2025-09-27T12:41:22.241+0000] {processor.py:157} INFO - Started process (PID=1127) to work on /home/airflow/.local/lib/python3.7/site-packages/airflow/example_dags/example_branch_python_dop_operator_3.py
[2025-09-27T12:41:22.243+0000] {processor.py:826} INFO - Processing file /home/airflow/.local/lib/python3.7/site-packages/airflow/example_dags/example_branch_python_dop_operator_3.py for tasks to queue
[2025-09-27T12:41:22.244+0000] {logging_mixin.py:149} INFO - [2025-09-27T12:41:22.244+0000] {dagbag.py:541} INFO - Filling up the DagBag from /home/airflow/.local/lib/python3.7/site-packages/airflow/example_dags/example_branch_python_dop_operator_3.py
[2025-09-27T12:41:22.256+0000] {processor.py:836} INFO - DAG(s) dict_keys(['example_branch_dop_operator_v3']) retrieved from /home/airflow/.local/lib/python3.7/site-packages/airflow/example_dags/example_branch_python_dop_operator_3.py
[2025-09-27T12:41:22.285+0000] {logging_mixin.py:149} INFO - [2025-09-27T12:41:22.285+0000] {dag.py:2726} INFO - Sync 1 DAGs
[2025-09-27T12:41:22.328+0000] {logging_mixin.py:149} INFO - [2025-09-27T12:41:22.328+0000] {dag.py:3490} INFO - Setting next_dagrun for example_branch_dop_operator_v3 to 2025-09-27T12:40:00+00:00, run_after=2025-09-27T12:41:00+00:00
[2025-09-27T12:41:22.352+0000] {processor.py:179} INFO - Processing /home/airflow/.local/lib/python3.7/site-packages/airflow/example_dags/example_branch_python_dop_operator_3.py took 0.116 seconds
[2025-09-27T12:41:53.124+0000] {processor.py:157} INFO - Started process (PID=1423) to work on /home/airflow/.local/lib/python3.7/site-packages/airflow/example_dags/example_branch_python_dop_operator_3.py
[2025-09-27T12:41:53.125+0000] {processor.py:826} INFO - Processing file /home/airflow/.local/lib/python3.7/site-packages/airflow/example_dags/example_branch_python_dop_operator_3.py for tasks to queue
[2025-09-27T12:41:53.126+0000] {logging_mixin.py:149} INFO - [2025-09-27T12:41:53.126+0000] {dagbag.py:541} INFO - Filling up the DagBag from /home/airflow/.local/lib/python3.7/site-packages/airflow/example_dags/example_branch_python_dop_operator_3.py
[2025-09-27T12:41:53.135+0000] {processor.py:836} INFO - DAG(s) dict_keys(['example_branch_dop_operator_v3']) retrieved from /home/airflow/.local/lib/python3.7/site-packages/airflow/example_dags/example_branch_python_dop_operator_3.py
[2025-09-27T12:41:53.162+0000] {logging_mixin.py:149} INFO - [2025-09-27T12:41:53.162+0000] {dag.py:2726} INFO - Sync 1 DAGs
[2025-09-27T12:41:53.194+0000] {logging_mixin.py:149} INFO - [2025-09-27T12:41:53.194+0000] {dag.py:3490} INFO - Setting next_dagrun for example_branch_dop_operator_v3 to 2025-09-27T12:40:00+00:00, run_after=2025-09-27T12:41:00+00:00
[2025-09-27T12:41:53.217+0000] {processor.py:179} INFO - Processing /home/airflow/.local/lib/python3.7/site-packages/airflow/example_dags/example_branch_python_dop_operator_3.py took 0.096 seconds
[2025-09-27T12:42:23.788+0000] {processor.py:157} INFO - Started process (PID=1715) to work on /home/airflow/.local/lib/python3.7/site-packages/airflow/example_dags/example_branch_python_dop_operator_3.py
[2025-09-27T12:42:23.789+0000] {processor.py:826} INFO - Processing file /home/airflow/.local/lib/python3.7/site-packages/airflow/example_dags/example_branch_python_dop_operator_3.py for tasks to queue
[2025-09-27T12:42:23.789+0000] {logging_mixin.py:149} INFO - [2025-09-27T12:42:23.789+0000] {dagbag.py:541} INFO - Filling up the DagBag from /home/airflow/.local/lib/python3.7/site-packages/airflow/example_dags/example_branch_python_dop_operator_3.py
[2025-09-27T12:42:23.799+0000] {processor.py:836} INFO - DAG(s) dict_keys(['example_branch_dop_operator_v3']) retrieved from /home/airflow/.local/lib/python3.7/site-packages/airflow/example_dags/example_branch_python_dop_operator_3.py
[2025-09-27T12:42:23.826+0000] {logging_mixin.py:149} INFO - [2025-09-27T12:42:23.826+0000] {dag.py:2726} INFO - Sync 1 DAGs
[2025-09-27T12:42:23.861+0000] {logging_mixin.py:149} INFO - [2025-09-27T12:42:23.861+0000] {dag.py:3490} INFO - Setting next_dagrun for example_branch_dop_operator_v3 to 2025-09-27T12:41:00+00:00, run_after=2025-09-27T12:42:00+00:00
[2025-09-27T12:42:23.881+0000] {processor.py:179} INFO - Processing /home/airflow/.local/lib/python3.7/site-packages/airflow/example_dags/example_branch_python_dop_operator_3.py took 0.097 seconds
[2025-09-27T12:42:54.771+0000] {processor.py:157} INFO - Started process (PID=2011) to work on /home/airflow/.local/lib/python3.7/site-packages/airflow/example_dags/example_branch_python_dop_operator_3.py
[2025-09-27T12:42:54.772+0000] {processor.py:826} INFO - Processing file /home/airflow/.local/lib/python3.7/site-packages/airflow/example_dags/example_branch_python_dop_operator_3.py for tasks to queue
[2025-09-27T12:42:54.773+0000] {logging_mixin.py:149} INFO - [2025-09-27T12:42:54.773+0000] {dagbag.py:541} INFO - Filling up the DagBag from /home/airflow/.local/lib/python3.7/site-packages/airflow/example_dags/example_branch_python_dop_operator_3.py
[2025-09-27T12:42:54.782+0000] {processor.py:836} INFO - DAG(s) dict_keys(['example_branch_dop_operator_v3']) retrieved from /home/airflow/.local/lib/python3.7/site-packages/airflow/example_dags/example_branch_python_dop_operator_3.py
[2025-09-27T12:42:54.809+0000] {logging_mixin.py:149} INFO - [2025-09-27T12:42:54.809+0000] {dag.py:2726} INFO - Sync 1 DAGs
[2025-09-27T12:42:54.841+0000] {logging_mixin.py:149} INFO - [2025-09-27T12:42:54.841+0000] {dag.py:3490} INFO - Setting next_dagrun for example_branch_dop_operator_v3 to 2025-09-27T12:41:00+00:00, run_after=2025-09-27T12:42:00+00:00
[2025-09-27T12:42:54.862+0000] {processor.py:179} INFO - Processing /home/airflow/.local/lib/python3.7/site-packages/airflow/example_dags/example_branch_python_dop_operator_3.py took 0.095 seconds
[2025-09-27T12:43:25.358+0000] {processor.py:157} INFO - Started process (PID=2303) to work on /home/airflow/.local/lib/python3.7/site-packages/airflow/example_dags/example_branch_python_dop_operator_3.py
[2025-09-27T12:43:25.359+0000] {processor.py:826} INFO - Processing file /home/airflow/.local/lib/python3.7/site-packages/airflow/example_dags/example_branch_python_dop_operator_3.py for tasks to queue
[2025-09-27T12:43:25.360+0000] {logging_mixin.py:149} INFO - [2025-09-27T12:43:25.359+0000] {dagbag.py:541} INFO - Filling up the DagBag from /home/airflow/.local/lib/python3.7/site-packages/airflow/example_dags/example_branch_python_dop_operator_3.py
[2025-09-27T12:43:25.368+0000] {processor.py:836} INFO - DAG(s) dict_keys(['example_branch_dop_operator_v3']) retrieved from /home/airflow/.local/lib/python3.7/site-packages/airflow/example_dags/example_branch_python_dop_operator_3.py
[2025-09-27T12:43:25.395+0000] {logging_mixin.py:149} INFO - [2025-09-27T12:43:25.395+0000] {dag.py:2726} INFO - Sync 1 DAGs
[2025-09-27T12:43:25.427+0000] {logging_mixin.py:149} INFO - [2025-09-27T12:43:25.427+0000] {dag.py:3490} INFO - Setting next_dagrun for example_branch_dop_operator_v3 to 2025-09-27T12:42:00+00:00, run_after=2025-09-27T12:43:00+00:00
[2025-09-27T12:43:25.450+0000] {processor.py:179} INFO - Processing /home/airflow/.local/lib/python3.7/site-packages/airflow/example_dags/example_branch_python_dop_operator_3.py took 0.096 seconds
[2025-09-27T12:43:56.672+0000] {processor.py:157} INFO - Started process (PID=2597) to work on /home/airflow/.local/lib/python3.7/site-packages/airflow/example_dags/example_branch_python_dop_operator_3.py
[2025-09-27T12:43:56.673+0000] {processor.py:826} INFO - Processing file /home/airflow/.local/lib/python3.7/site-packages/airflow/example_dags/example_branch_python_dop_operator_3.py for tasks to queue
[2025-09-27T12:43:56.675+0000] {logging_mixin.py:149} INFO - [2025-09-27T12:43:56.674+0000] {dagbag.py:541} INFO - Filling up the DagBag from /home/airflow/.local/lib/python3.7/site-packages/airflow/example_dags/example_branch_python_dop_operator_3.py
[2025-09-27T12:43:56.689+0000] {processor.py:836} INFO - DAG(s) dict_keys(['example_branch_dop_operator_v3']) retrieved from /home/airflow/.local/lib/python3.7/site-packages/airflow/example_dags/example_branch_python_dop_operator_3.py
[2025-09-27T12:43:56.732+0000] {logging_mixin.py:149} INFO - [2025-09-27T12:43:56.732+0000] {dag.py:2726} INFO - Sync 1 DAGs
[2025-09-27T12:43:56.773+0000] {logging_mixin.py:149} INFO - [2025-09-27T12:43:56.773+0000] {dag.py:3490} INFO - Setting next_dagrun for example_branch_dop_operator_v3 to 2025-09-27T12:42:00+00:00, run_after=2025-09-27T12:43:00+00:00
[2025-09-27T12:43:56.796+0000] {processor.py:179} INFO - Processing /home/airflow/.local/lib/python3.7/site-packages/airflow/example_dags/example_branch_python_dop_operator_3.py took 0.128 seconds
[2025-09-27T12:46:18.937+0000] {processor.py:157} INFO - Started process (PID=2891) to work on /home/airflow/.local/lib/python3.7/site-packages/airflow/example_dags/example_branch_python_dop_operator_3.py
[2025-09-27T12:46:18.940+0000] {processor.py:826} INFO - Processing file /home/airflow/.local/lib/python3.7/site-packages/airflow/example_dags/example_branch_python_dop_operator_3.py for tasks to queue
[2025-09-27T12:46:18.941+0000] {logging_mixin.py:149} INFO - [2025-09-27T12:46:18.941+0000] {dagbag.py:541} INFO - Filling up the DagBag from /home/airflow/.local/lib/python3.7/site-packages/airflow/example_dags/example_branch_python_dop_operator_3.py
[2025-09-27T12:46:18.951+0000] {processor.py:836} INFO - DAG(s) dict_keys(['example_branch_dop_operator_v3']) retrieved from /home/airflow/.local/lib/python3.7/site-packages/airflow/example_dags/example_branch_python_dop_operator_3.py
[2025-09-27T12:46:18.994+0000] {logging_mixin.py:149} INFO - [2025-09-27T12:46:18.994+0000] {dag.py:2726} INFO - Sync 1 DAGs
[2025-09-27T12:46:19.050+0000] {logging_mixin.py:149} INFO - [2025-09-27T12:46:19.050+0000] {dag.py:3490} INFO - Setting next_dagrun for example_branch_dop_operator_v3 to 2025-09-27T12:45:00+00:00, run_after=2025-09-27T12:46:00+00:00
[2025-09-27T12:46:19.080+0000] {processor.py:179} INFO - Processing /home/airflow/.local/lib/python3.7/site-packages/airflow/example_dags/example_branch_python_dop_operator_3.py took 0.147 seconds
[2025-09-27T12:49:21.241+0000] {processor.py:157} INFO - Started process (PID=3192) to work on /home/airflow/.local/lib/python3.7/site-packages/airflow/example_dags/example_branch_python_dop_operator_3.py
[2025-09-27T12:49:21.243+0000] {processor.py:826} INFO - Processing file /home/airflow/.local/lib/python3.7/site-packages/airflow/example_dags/example_branch_python_dop_operator_3.py for tasks to queue
[2025-09-27T12:49:21.248+0000] {logging_mixin.py:149} INFO - [2025-09-27T12:49:21.247+0000] {dagbag.py:541} INFO - Filling up the DagBag from /home/airflow/.local/lib/python3.7/site-packages/airflow/example_dags/example_branch_python_dop_operator_3.py
[2025-09-27T12:49:21.263+0000] {processor.py:836} INFO - DAG(s) dict_keys(['example_branch_dop_operator_v3']) retrieved from /home/airflow/.local/lib/python3.7/site-packages/airflow/example_dags/example_branch_python_dop_operator_3.py
[2025-09-27T12:49:21.311+0000] {logging_mixin.py:149} INFO - [2025-09-27T12:49:21.311+0000] {dag.py:2726} INFO - Sync 1 DAGs
[2025-09-27T12:49:21.379+0000] {logging_mixin.py:149} INFO - [2025-09-27T12:49:21.378+0000] {dag.py:3490} INFO - Setting next_dagrun for example_branch_dop_operator_v3 to 2025-09-27T12:48:00+00:00, run_after=2025-09-27T12:49:00+00:00
[2025-09-27T12:49:21.434+0000] {processor.py:179} INFO - Processing /home/airflow/.local/lib/python3.7/site-packages/airflow/example_dags/example_branch_python_dop_operator_3.py took 0.199 seconds
[2025-09-27T12:49:51.865+0000] {processor.py:157} INFO - Started process (PID=3484) to work on /home/airflow/.local/lib/python3.7/site-packages/airflow/example_dags/example_branch_python_dop_operator_3.py
[2025-09-27T12:49:51.866+0000] {processor.py:826} INFO - Processing file /home/airflow/.local/lib/python3.7/site-packages/airflow/example_dags/example_branch_python_dop_operator_3.py for tasks to queue
[2025-09-27T12:49:51.866+0000] {logging_mixin.py:149} INFO - [2025-09-27T12:49:51.866+0000] {dagbag.py:541} INFO - Filling up the DagBag from /home/airflow/.local/lib/python3.7/site-packages/airflow/example_dags/example_branch_python_dop_operator_3.py
[2025-09-27T12:49:51.876+0000] {processor.py:836} INFO - DAG(s) dict_keys(['example_branch_dop_operator_v3']) retrieved from /home/airflow/.local/lib/python3.7/site-packages/airflow/example_dags/example_branch_python_dop_operator_3.py
[2025-09-27T12:49:51.909+0000] {logging_mixin.py:149} INFO - [2025-09-27T12:49:51.909+0000] {dag.py:2726} INFO - Sync 1 DAGs
[2025-09-27T12:49:51.942+0000] {logging_mixin.py:149} INFO - [2025-09-27T12:49:51.942+0000] {dag.py:3490} INFO - Setting next_dagrun for example_branch_dop_operator_v3 to 2025-09-27T12:48:00+00:00, run_after=2025-09-27T12:49:00+00:00
[2025-09-27T12:49:51.963+0000] {processor.py:179} INFO - Processing /home/airflow/.local/lib/python3.7/site-packages/airflow/example_dags/example_branch_python_dop_operator_3.py took 0.102 seconds
[2025-09-27T12:50:22.921+0000] {processor.py:157} INFO - Started process (PID=3778) to work on /home/airflow/.local/lib/python3.7/site-packages/airflow/example_dags/example_branch_python_dop_operator_3.py
[2025-09-27T12:50:22.922+0000] {processor.py:826} INFO - Processing file /home/airflow/.local/lib/python3.7/site-packages/airflow/example_dags/example_branch_python_dop_operator_3.py for tasks to queue
[2025-09-27T12:50:22.923+0000] {logging_mixin.py:149} INFO - [2025-09-27T12:50:22.923+0000] {dagbag.py:541} INFO - Filling up the DagBag from /home/airflow/.local/lib/python3.7/site-packages/airflow/example_dags/example_branch_python_dop_operator_3.py
[2025-09-27T12:50:22.932+0000] {processor.py:836} INFO - DAG(s) dict_keys(['example_branch_dop_operator_v3']) retrieved from /home/airflow/.local/lib/python3.7/site-packages/airflow/example_dags/example_branch_python_dop_operator_3.py
[2025-09-27T12:50:22.960+0000] {logging_mixin.py:149} INFO - [2025-09-27T12:50:22.959+0000] {dag.py:2726} INFO - Sync 1 DAGs
[2025-09-27T12:50:22.992+0000] {logging_mixin.py:149} INFO - [2025-09-27T12:50:22.992+0000] {dag.py:3490} INFO - Setting next_dagrun for example_branch_dop_operator_v3 to 2025-09-27T12:49:00+00:00, run_after=2025-09-27T12:50:00+00:00
[2025-09-27T12:50:23.016+0000] {processor.py:179} INFO - Processing /home/airflow/.local/lib/python3.7/site-packages/airflow/example_dags/example_branch_python_dop_operator_3.py took 0.099 seconds
[2025-09-27T12:50:53.139+0000] {processor.py:157} INFO - Started process (PID=4064) to work on /home/airflow/.local/lib/python3.7/site-packages/airflow/example_dags/example_branch_python_dop_operator_3.py
[2025-09-27T12:50:53.141+0000] {processor.py:826} INFO - Processing file /home/airflow/.local/lib/python3.7/site-packages/airflow/example_dags/example_branch_python_dop_operator_3.py for tasks to queue
[2025-09-27T12:50:53.142+0000] {logging_mixin.py:149} INFO - [2025-09-27T12:50:53.142+0000] {dagbag.py:541} INFO - Filling up the DagBag from /home/airflow/.local/lib/python3.7/site-packages/airflow/example_dags/example_branch_python_dop_operator_3.py
[2025-09-27T12:50:53.157+0000] {processor.py:836} INFO - DAG(s) dict_keys(['example_branch_dop_operator_v3']) retrieved from /home/airflow/.local/lib/python3.7/site-packages/airflow/example_dags/example_branch_python_dop_operator_3.py
[2025-09-27T12:50:53.245+0000] {logging_mixin.py:149} INFO - [2025-09-27T12:50:53.244+0000] {dag.py:2726} INFO - Sync 1 DAGs
[2025-09-27T12:50:53.282+0000] {logging_mixin.py:149} INFO - [2025-09-27T12:50:53.282+0000] {dag.py:3490} INFO - Setting next_dagrun for example_branch_dop_operator_v3 to 2025-09-27T12:49:00+00:00, run_after=2025-09-27T12:50:00+00:00
[2025-09-27T12:50:53.304+0000] {processor.py:179} INFO - Processing /home/airflow/.local/lib/python3.7/site-packages/airflow/example_dags/example_branch_python_dop_operator_3.py took 0.169 seconds
[2025-09-27T12:51:23.881+0000] {processor.py:157} INFO - Started process (PID=4353) to work on /home/airflow/.local/lib/python3.7/site-packages/airflow/example_dags/example_branch_python_dop_operator_3.py
[2025-09-27T12:51:23.882+0000] {processor.py:826} INFO - Processing file /home/airflow/.local/lib/python3.7/site-packages/airflow/example_dags/example_branch_python_dop_operator_3.py for tasks to queue
[2025-09-27T12:51:23.883+0000] {logging_mixin.py:149} INFO - [2025-09-27T12:51:23.883+0000] {dagbag.py:541} INFO - Filling up the DagBag from /home/airflow/.local/lib/python3.7/site-packages/airflow/example_dags/example_branch_python_dop_operator_3.py
[2025-09-27T12:51:23.893+0000] {processor.py:836} INFO - DAG(s) dict_keys(['example_branch_dop_operator_v3']) retrieved from /home/airflow/.local/lib/python3.7/site-packages/airflow/example_dags/example_branch_python_dop_operator_3.py
[2025-09-27T12:51:25.086+0000] {logging_mixin.py:149} INFO - [2025-09-27T12:51:25.086+0000] {dag.py:2726} INFO - Sync 1 DAGs
[2025-09-27T12:51:25.121+0000] {logging_mixin.py:149} INFO - [2025-09-27T12:51:25.121+0000] {dag.py:3490} INFO - Setting next_dagrun for example_branch_dop_operator_v3 to 2025-09-27T12:50:00+00:00, run_after=2025-09-27T12:51:00+00:00
[2025-09-27T12:51:25.143+0000] {processor.py:179} INFO - Processing /home/airflow/.local/lib/python3.7/site-packages/airflow/example_dags/example_branch_python_dop_operator_3.py took 1.266 seconds
[2025-09-27T12:51:55.301+0000] {processor.py:157} INFO - Started process (PID=4647) to work on /home/airflow/.local/lib/python3.7/site-packages/airflow/example_dags/example_branch_python_dop_operator_3.py
[2025-09-27T12:51:55.302+0000] {processor.py:826} INFO - Processing file /home/airflow/.local/lib/python3.7/site-packages/airflow/example_dags/example_branch_python_dop_operator_3.py for tasks to queue
[2025-09-27T12:51:55.303+0000] {logging_mixin.py:149} INFO - [2025-09-27T12:51:55.303+0000] {dagbag.py:541} INFO - Filling up the DagBag from /home/airflow/.local/lib/python3.7/site-packages/airflow/example_dags/example_branch_python_dop_operator_3.py
[2025-09-27T12:51:55.313+0000] {processor.py:836} INFO - DAG(s) dict_keys(['example_branch_dop_operator_v3']) retrieved from /home/airflow/.local/lib/python3.7/site-packages/airflow/example_dags/example_branch_python_dop_operator_3.py
[2025-09-27T12:51:55.577+0000] {processor.py:182} ERROR - Got an exception! Propagating...
Traceback (most recent call last):
  File "/home/airflow/.local/lib/python3.7/site-packages/sqlalchemy/engine/base.py", line 3366, in _wrap_pool_connect
    return fn()
  File "/home/airflow/.local/lib/python3.7/site-packages/sqlalchemy/pool/base.py", line 327, in connect
    return _ConnectionFairy._checkout(self)
  File "/home/airflow/.local/lib/python3.7/site-packages/sqlalchemy/pool/base.py", line 894, in _checkout
    fairy = _ConnectionRecord.checkout(pool)
  File "/home/airflow/.local/lib/python3.7/site-packages/sqlalchemy/pool/base.py", line 493, in checkout
    rec = pool._do_get()
  File "/home/airflow/.local/lib/python3.7/site-packages/sqlalchemy/pool/impl.py", line 146, in _do_get
    self._dec_overflow()
  File "/home/airflow/.local/lib/python3.7/site-packages/sqlalchemy/util/langhelpers.py", line 72, in __exit__
    with_traceback=exc_tb,
  File "/home/airflow/.local/lib/python3.7/site-packages/sqlalchemy/util/compat.py", line 211, in raise_
    raise exception
  File "/home/airflow/.local/lib/python3.7/site-packages/sqlalchemy/pool/impl.py", line 143, in _do_get
    return self._create_connection()
  File "/home/airflow/.local/lib/python3.7/site-packages/sqlalchemy/pool/base.py", line 273, in _create_connection
    return _ConnectionRecord(self)
  File "/home/airflow/.local/lib/python3.7/site-packages/sqlalchemy/pool/base.py", line 388, in __init__
    self.__connect()
  File "/home/airflow/.local/lib/python3.7/site-packages/sqlalchemy/pool/base.py", line 691, in __connect
    pool.logger.debug("Error on connect(): %s", e)
  File "/home/airflow/.local/lib/python3.7/site-packages/sqlalchemy/util/langhelpers.py", line 72, in __exit__
    with_traceback=exc_tb,
  File "/home/airflow/.local/lib/python3.7/site-packages/sqlalchemy/util/compat.py", line 211, in raise_
    raise exception
  File "/home/airflow/.local/lib/python3.7/site-packages/sqlalchemy/pool/base.py", line 686, in __connect
    self.dbapi_connection = connection = pool._invoke_creator(self)
  File "/home/airflow/.local/lib/python3.7/site-packages/sqlalchemy/engine/create.py", line 574, in connect
    return dialect.connect(*cargs, **cparams)
  File "/home/airflow/.local/lib/python3.7/site-packages/sqlalchemy/engine/default.py", line 598, in connect
    return self.dbapi.connect(*cargs, **cparams)
  File "/home/airflow/.local/lib/python3.7/site-packages/psycopg2/__init__.py", line 122, in connect
    conn = _connect(dsn, connection_factory=connection_factory, **kwasync)
psycopg2.OperationalError: connection to server at "postgres" (172.22.0.7), port 5432 failed: FATAL:  password authentication failed for user "airflow"


The above exception was the direct cause of the following exception:

Traceback (most recent call last):
  File "/home/airflow/.local/lib/python3.7/site-packages/airflow/dag_processing/processor.py", line 178, in _run_file_processor
    _handle_dag_file_processing()
  File "/home/airflow/.local/lib/python3.7/site-packages/airflow/dag_processing/processor.py", line 162, in _handle_dag_file_processing
    callback_requests=callback_requests,
  File "/home/airflow/.local/lib/python3.7/site-packages/airflow/utils/session.py", line 76, in wrapper
    return func(*args, session=session, **kwargs)
  File "/home/airflow/.local/lib/python3.7/site-packages/airflow/dag_processing/processor.py", line 857, in process_file
    pickle_dags=pickle_dags,
  File "/home/airflow/.local/lib/python3.7/site-packages/airflow/api_internal/internal_api_call.py", line 112, in wrapper
    return func(*args, **kwargs)
  File "/home/airflow/.local/lib/python3.7/site-packages/airflow/utils/session.py", line 76, in wrapper
    return func(*args, session=session, **kwargs)
  File "/home/airflow/.local/lib/python3.7/site-packages/airflow/dag_processing/processor.py", line 890, in save_dag_to_db
    import_errors = DagBag._sync_to_db(dags=dags, processor_subdir=dag_directory, session=session)
  File "/home/airflow/.local/lib/python3.7/site-packages/airflow/utils/session.py", line 73, in wrapper
    return func(*args, **kwargs)
  File "/home/airflow/.local/lib/python3.7/site-packages/airflow/models/dagbag.py", line 659, in _sync_to_db
    for attempt in run_with_db_retries(logger=log):
  File "/home/airflow/.local/lib/python3.7/site-packages/tenacity/__init__.py", line 347, in __iter__
    do = self.iter(retry_state=retry_state)
  File "/home/airflow/.local/lib/python3.7/site-packages/tenacity/__init__.py", line 325, in iter
    raise retry_exc.reraise()
  File "/home/airflow/.local/lib/python3.7/site-packages/tenacity/__init__.py", line 158, in reraise
    raise self.last_attempt.result()
  File "/usr/local/lib/python3.7/concurrent/futures/_base.py", line 428, in result
    return self.__get_result()
  File "/usr/local/lib/python3.7/concurrent/futures/_base.py", line 384, in __get_result
    raise self._exception
  File "/home/airflow/.local/lib/python3.7/site-packages/airflow/models/dagbag.py", line 671, in _sync_to_db
    serialize_errors.extend(_serialize_dag_capturing_errors(dag, session))
  File "/home/airflow/.local/lib/python3.7/site-packages/airflow/models/dagbag.py", line 641, in _serialize_dag_capturing_errors
    session=session,
  File "/home/airflow/.local/lib/python3.7/site-packages/airflow/utils/session.py", line 73, in wrapper
    return func(*args, **kwargs)
  File "/home/airflow/.local/lib/python3.7/site-packages/airflow/models/serialized_dag.py", line 149, in write_dag
    (timezone.utcnow() - timedelta(seconds=min_update_interval)) < cls.last_updated,
  File "/home/airflow/.local/lib/python3.7/site-packages/sqlalchemy/orm/query.py", line 2893, in scalar
    ret = self.one()
  File "/home/airflow/.local/lib/python3.7/site-packages/sqlalchemy/orm/query.py", line 2870, in one
    return self._iter().one()
  File "/home/airflow/.local/lib/python3.7/site-packages/sqlalchemy/orm/query.py", line 2919, in _iter
    execution_options={"_sa_orm_load_options": self.load_options},
  File "/home/airflow/.local/lib/python3.7/site-packages/sqlalchemy/orm/session.py", line 1716, in execute
    conn = self._connection_for_bind(bind)
  File "/home/airflow/.local/lib/python3.7/site-packages/sqlalchemy/orm/session.py", line 1556, in _connection_for_bind
    engine, execution_options
  File "/home/airflow/.local/lib/python3.7/site-packages/sqlalchemy/orm/session.py", line 750, in _connection_for_bind
    conn = bind.connect()
  File "/home/airflow/.local/lib/python3.7/site-packages/sqlalchemy/engine/base.py", line 3320, in connect
    return self._connection_cls(self, close_with_result=close_with_result)
  File "/home/airflow/.local/lib/python3.7/site-packages/sqlalchemy/engine/base.py", line 96, in __init__
    else engine.raw_connection()
  File "/home/airflow/.local/lib/python3.7/site-packages/sqlalchemy/engine/base.py", line 3399, in raw_connection
    return self._wrap_pool_connect(self.pool.connect, _connection)
  File "/home/airflow/.local/lib/python3.7/site-packages/sqlalchemy/engine/base.py", line 3370, in _wrap_pool_connect
    e, dialect, self
  File "/home/airflow/.local/lib/python3.7/site-packages/sqlalchemy/engine/base.py", line 2204, in _handle_dbapi_exception_noconnection
    sqlalchemy_exception, with_traceback=exc_info[2], from_=e
  File "/home/airflow/.local/lib/python3.7/site-packages/sqlalchemy/util/compat.py", line 211, in raise_
    raise exception
  File "/home/airflow/.local/lib/python3.7/site-packages/sqlalchemy/engine/base.py", line 3366, in _wrap_pool_connect
    return fn()
  File "/home/airflow/.local/lib/python3.7/site-packages/sqlalchemy/pool/base.py", line 327, in connect
    return _ConnectionFairy._checkout(self)
  File "/home/airflow/.local/lib/python3.7/site-packages/sqlalchemy/pool/base.py", line 894, in _checkout
    fairy = _ConnectionRecord.checkout(pool)
  File "/home/airflow/.local/lib/python3.7/site-packages/sqlalchemy/pool/base.py", line 493, in checkout
    rec = pool._do_get()
  File "/home/airflow/.local/lib/python3.7/site-packages/sqlalchemy/pool/impl.py", line 146, in _do_get
    self._dec_overflow()
  File "/home/airflow/.local/lib/python3.7/site-packages/sqlalchemy/util/langhelpers.py", line 72, in __exit__
    with_traceback=exc_tb,
  File "/home/airflow/.local/lib/python3.7/site-packages/sqlalchemy/util/compat.py", line 211, in raise_
    raise exception
  File "/home/airflow/.local/lib/python3.7/site-packages/sqlalchemy/pool/impl.py", line 143, in _do_get
    return self._create_connection()
  File "/home/airflow/.local/lib/python3.7/site-packages/sqlalchemy/pool/base.py", line 273, in _create_connection
    return _ConnectionRecord(self)
  File "/home/airflow/.local/lib/python3.7/site-packages/sqlalchemy/pool/base.py", line 388, in __init__
    self.__connect()
  File "/home/airflow/.local/lib/python3.7/site-packages/sqlalchemy/pool/base.py", line 691, in __connect
    pool.logger.debug("Error on connect(): %s", e)
  File "/home/airflow/.local/lib/python3.7/site-packages/sqlalchemy/util/langhelpers.py", line 72, in __exit__
    with_traceback=exc_tb,
  File "/home/airflow/.local/lib/python3.7/site-packages/sqlalchemy/util/compat.py", line 211, in raise_
    raise exception
  File "/home/airflow/.local/lib/python3.7/site-packages/sqlalchemy/pool/base.py", line 686, in __connect
    self.dbapi_connection = connection = pool._invoke_creator(self)
  File "/home/airflow/.local/lib/python3.7/site-packages/sqlalchemy/engine/create.py", line 574, in connect
    return dialect.connect(*cargs, **cparams)
  File "/home/airflow/.local/lib/python3.7/site-packages/sqlalchemy/engine/default.py", line 598, in connect
    return self.dbapi.connect(*cargs, **cparams)
  File "/home/airflow/.local/lib/python3.7/site-packages/psycopg2/__init__.py", line 122, in connect
    conn = _connect(dsn, connection_factory=connection_factory, **kwasync)
sqlalchemy.exc.OperationalError: (psycopg2.OperationalError) connection to server at "postgres" (172.22.0.7), port 5432 failed: FATAL:  password authentication failed for user "airflow"

(Background on this error at: https://sqlalche.me/e/14/e3q8)
[2025-09-27T12:52:25.679+0000] {processor.py:157} INFO - Started process (PID=4941) to work on /home/airflow/.local/lib/python3.7/site-packages/airflow/example_dags/example_branch_python_dop_operator_3.py
[2025-09-27T12:52:25.680+0000] {processor.py:826} INFO - Processing file /home/airflow/.local/lib/python3.7/site-packages/airflow/example_dags/example_branch_python_dop_operator_3.py for tasks to queue
[2025-09-27T12:52:25.681+0000] {logging_mixin.py:149} INFO - [2025-09-27T12:52:25.681+0000] {dagbag.py:541} INFO - Filling up the DagBag from /home/airflow/.local/lib/python3.7/site-packages/airflow/example_dags/example_branch_python_dop_operator_3.py
[2025-09-27T12:52:25.690+0000] {processor.py:836} INFO - DAG(s) dict_keys(['example_branch_dop_operator_v3']) retrieved from /home/airflow/.local/lib/python3.7/site-packages/airflow/example_dags/example_branch_python_dop_operator_3.py
[2025-09-27T12:52:25.722+0000] {logging_mixin.py:149} INFO - [2025-09-27T12:52:25.721+0000] {dag.py:2726} INFO - Sync 1 DAGs
[2025-09-27T12:52:25.754+0000] {logging_mixin.py:149} INFO - [2025-09-27T12:52:25.754+0000] {dag.py:3490} INFO - Setting next_dagrun for example_branch_dop_operator_v3 to 2025-09-27T12:51:00+00:00, run_after=2025-09-27T12:52:00+00:00
[2025-09-27T12:52:25.774+0000] {processor.py:179} INFO - Processing /home/airflow/.local/lib/python3.7/site-packages/airflow/example_dags/example_branch_python_dop_operator_3.py took 0.099 seconds
[2025-09-27T12:52:56.035+0000] {processor.py:157} INFO - Started process (PID=5230) to work on /home/airflow/.local/lib/python3.7/site-packages/airflow/example_dags/example_branch_python_dop_operator_3.py
[2025-09-27T12:52:56.036+0000] {processor.py:826} INFO - Processing file /home/airflow/.local/lib/python3.7/site-packages/airflow/example_dags/example_branch_python_dop_operator_3.py for tasks to queue
[2025-09-27T12:52:56.037+0000] {logging_mixin.py:149} INFO - [2025-09-27T12:52:56.036+0000] {dagbag.py:541} INFO - Filling up the DagBag from /home/airflow/.local/lib/python3.7/site-packages/airflow/example_dags/example_branch_python_dop_operator_3.py
[2025-09-27T12:52:56.045+0000] {processor.py:836} INFO - DAG(s) dict_keys(['example_branch_dop_operator_v3']) retrieved from /home/airflow/.local/lib/python3.7/site-packages/airflow/example_dags/example_branch_python_dop_operator_3.py
[2025-09-27T12:52:56.174+0000] {logging_mixin.py:149} INFO - [2025-09-27T12:52:56.174+0000] {dag.py:2726} INFO - Sync 1 DAGs
[2025-09-27T12:52:56.213+0000] {logging_mixin.py:149} INFO - [2025-09-27T12:52:56.212+0000] {dag.py:3490} INFO - Setting next_dagrun for example_branch_dop_operator_v3 to 2025-09-27T12:51:00+00:00, run_after=2025-09-27T12:52:00+00:00
[2025-09-27T12:52:56.237+0000] {processor.py:179} INFO - Processing /home/airflow/.local/lib/python3.7/site-packages/airflow/example_dags/example_branch_python_dop_operator_3.py took 0.206 seconds
[2025-09-27T12:53:27.429+0000] {processor.py:157} INFO - Started process (PID=5524) to work on /home/airflow/.local/lib/python3.7/site-packages/airflow/example_dags/example_branch_python_dop_operator_3.py
[2025-09-27T12:53:27.430+0000] {processor.py:826} INFO - Processing file /home/airflow/.local/lib/python3.7/site-packages/airflow/example_dags/example_branch_python_dop_operator_3.py for tasks to queue
[2025-09-27T12:53:27.431+0000] {logging_mixin.py:149} INFO - [2025-09-27T12:53:27.431+0000] {dagbag.py:541} INFO - Filling up the DagBag from /home/airflow/.local/lib/python3.7/site-packages/airflow/example_dags/example_branch_python_dop_operator_3.py
[2025-09-27T12:53:27.441+0000] {processor.py:836} INFO - DAG(s) dict_keys(['example_branch_dop_operator_v3']) retrieved from /home/airflow/.local/lib/python3.7/site-packages/airflow/example_dags/example_branch_python_dop_operator_3.py
[2025-09-27T12:53:27.469+0000] {logging_mixin.py:149} INFO - [2025-09-27T12:53:27.468+0000] {dag.py:2726} INFO - Sync 1 DAGs
[2025-09-27T12:53:27.502+0000] {logging_mixin.py:149} INFO - [2025-09-27T12:53:27.501+0000] {dag.py:3490} INFO - Setting next_dagrun for example_branch_dop_operator_v3 to 2025-09-27T12:52:00+00:00, run_after=2025-09-27T12:53:00+00:00
[2025-09-27T12:53:27.523+0000] {processor.py:179} INFO - Processing /home/airflow/.local/lib/python3.7/site-packages/airflow/example_dags/example_branch_python_dop_operator_3.py took 0.097 seconds
[2025-09-27T12:53:58.743+0000] {processor.py:157} INFO - Started process (PID=5823) to work on /home/airflow/.local/lib/python3.7/site-packages/airflow/example_dags/example_branch_python_dop_operator_3.py
[2025-09-27T12:53:58.744+0000] {processor.py:826} INFO - Processing file /home/airflow/.local/lib/python3.7/site-packages/airflow/example_dags/example_branch_python_dop_operator_3.py for tasks to queue
[2025-09-27T12:53:58.745+0000] {logging_mixin.py:149} INFO - [2025-09-27T12:53:58.744+0000] {dagbag.py:541} INFO - Filling up the DagBag from /home/airflow/.local/lib/python3.7/site-packages/airflow/example_dags/example_branch_python_dop_operator_3.py
[2025-09-27T12:53:58.754+0000] {processor.py:836} INFO - DAG(s) dict_keys(['example_branch_dop_operator_v3']) retrieved from /home/airflow/.local/lib/python3.7/site-packages/airflow/example_dags/example_branch_python_dop_operator_3.py
[2025-09-27T12:53:58.782+0000] {logging_mixin.py:149} INFO - [2025-09-27T12:53:58.782+0000] {dag.py:2726} INFO - Sync 1 DAGs
[2025-09-27T12:53:58.816+0000] {logging_mixin.py:149} INFO - [2025-09-27T12:53:58.816+0000] {dag.py:3490} INFO - Setting next_dagrun for example_branch_dop_operator_v3 to 2025-09-27T12:52:00+00:00, run_after=2025-09-27T12:53:00+00:00
[2025-09-27T12:53:58.838+0000] {processor.py:179} INFO - Processing /home/airflow/.local/lib/python3.7/site-packages/airflow/example_dags/example_branch_python_dop_operator_3.py took 0.099 seconds
[2025-09-27T12:54:29.448+0000] {processor.py:157} INFO - Started process (PID=6117) to work on /home/airflow/.local/lib/python3.7/site-packages/airflow/example_dags/example_branch_python_dop_operator_3.py
[2025-09-27T12:54:29.449+0000] {processor.py:826} INFO - Processing file /home/airflow/.local/lib/python3.7/site-packages/airflow/example_dags/example_branch_python_dop_operator_3.py for tasks to queue
[2025-09-27T12:54:29.449+0000] {logging_mixin.py:149} INFO - [2025-09-27T12:54:29.449+0000] {dagbag.py:541} INFO - Filling up the DagBag from /home/airflow/.local/lib/python3.7/site-packages/airflow/example_dags/example_branch_python_dop_operator_3.py
[2025-09-27T12:54:29.458+0000] {processor.py:836} INFO - DAG(s) dict_keys(['example_branch_dop_operator_v3']) retrieved from /home/airflow/.local/lib/python3.7/site-packages/airflow/example_dags/example_branch_python_dop_operator_3.py
[2025-09-27T12:54:29.486+0000] {logging_mixin.py:149} INFO - [2025-09-27T12:54:29.486+0000] {dag.py:2726} INFO - Sync 1 DAGs
[2025-09-27T12:54:29.518+0000] {logging_mixin.py:149} INFO - [2025-09-27T12:54:29.518+0000] {dag.py:3490} INFO - Setting next_dagrun for example_branch_dop_operator_v3 to 2025-09-27T12:53:00+00:00, run_after=2025-09-27T12:54:00+00:00
[2025-09-27T12:54:29.539+0000] {processor.py:179} INFO - Processing /home/airflow/.local/lib/python3.7/site-packages/airflow/example_dags/example_branch_python_dop_operator_3.py took 0.096 seconds
[2025-09-27T12:55:00.216+0000] {processor.py:157} INFO - Started process (PID=6406) to work on /home/airflow/.local/lib/python3.7/site-packages/airflow/example_dags/example_branch_python_dop_operator_3.py
[2025-09-27T12:55:00.217+0000] {processor.py:826} INFO - Processing file /home/airflow/.local/lib/python3.7/site-packages/airflow/example_dags/example_branch_python_dop_operator_3.py for tasks to queue
[2025-09-27T12:55:00.218+0000] {logging_mixin.py:149} INFO - [2025-09-27T12:55:00.218+0000] {dagbag.py:541} INFO - Filling up the DagBag from /home/airflow/.local/lib/python3.7/site-packages/airflow/example_dags/example_branch_python_dop_operator_3.py
[2025-09-27T12:55:00.230+0000] {processor.py:836} INFO - DAG(s) dict_keys(['example_branch_dop_operator_v3']) retrieved from /home/airflow/.local/lib/python3.7/site-packages/airflow/example_dags/example_branch_python_dop_operator_3.py
[2025-09-27T12:55:00.271+0000] {logging_mixin.py:149} INFO - [2025-09-27T12:55:00.270+0000] {dag.py:2726} INFO - Sync 1 DAGs
[2025-09-27T12:55:00.310+0000] {logging_mixin.py:149} INFO - [2025-09-27T12:55:00.310+0000] {dag.py:3490} INFO - Setting next_dagrun for example_branch_dop_operator_v3 to 2025-09-27T12:54:00+00:00, run_after=2025-09-27T12:55:00+00:00
[2025-09-27T12:55:00.333+0000] {processor.py:179} INFO - Processing /home/airflow/.local/lib/python3.7/site-packages/airflow/example_dags/example_branch_python_dop_operator_3.py took 0.122 seconds
[2025-09-27T12:55:31.251+0000] {processor.py:157} INFO - Started process (PID=6700) to work on /home/airflow/.local/lib/python3.7/site-packages/airflow/example_dags/example_branch_python_dop_operator_3.py
[2025-09-27T12:55:31.252+0000] {processor.py:826} INFO - Processing file /home/airflow/.local/lib/python3.7/site-packages/airflow/example_dags/example_branch_python_dop_operator_3.py for tasks to queue
[2025-09-27T12:55:31.253+0000] {logging_mixin.py:149} INFO - [2025-09-27T12:55:31.253+0000] {dagbag.py:541} INFO - Filling up the DagBag from /home/airflow/.local/lib/python3.7/site-packages/airflow/example_dags/example_branch_python_dop_operator_3.py
[2025-09-27T12:55:31.262+0000] {processor.py:836} INFO - DAG(s) dict_keys(['example_branch_dop_operator_v3']) retrieved from /home/airflow/.local/lib/python3.7/site-packages/airflow/example_dags/example_branch_python_dop_operator_3.py
[2025-09-27T12:55:31.290+0000] {logging_mixin.py:149} INFO - [2025-09-27T12:55:31.290+0000] {dag.py:2726} INFO - Sync 1 DAGs
[2025-09-27T12:55:31.322+0000] {logging_mixin.py:149} INFO - [2025-09-27T12:55:31.322+0000] {dag.py:3490} INFO - Setting next_dagrun for example_branch_dop_operator_v3 to 2025-09-27T12:54:00+00:00, run_after=2025-09-27T12:55:00+00:00
[2025-09-27T12:55:31.342+0000] {processor.py:179} INFO - Processing /home/airflow/.local/lib/python3.7/site-packages/airflow/example_dags/example_branch_python_dop_operator_3.py took 0.095 seconds
[2025-09-27T14:38:03.697+0000] {processor.py:157} INFO - Started process (PID=7033) to work on /home/airflow/.local/lib/python3.7/site-packages/airflow/example_dags/example_branch_python_dop_operator_3.py
[2025-09-27T14:38:03.698+0000] {processor.py:826} INFO - Processing file /home/airflow/.local/lib/python3.7/site-packages/airflow/example_dags/example_branch_python_dop_operator_3.py for tasks to queue
[2025-09-27T14:38:03.699+0000] {logging_mixin.py:149} INFO - [2025-09-27T14:38:03.699+0000] {dagbag.py:541} INFO - Filling up the DagBag from /home/airflow/.local/lib/python3.7/site-packages/airflow/example_dags/example_branch_python_dop_operator_3.py
[2025-09-27T14:38:03.715+0000] {processor.py:836} INFO - DAG(s) dict_keys(['example_branch_dop_operator_v3']) retrieved from /home/airflow/.local/lib/python3.7/site-packages/airflow/example_dags/example_branch_python_dop_operator_3.py
[2025-09-27T14:38:03.754+0000] {logging_mixin.py:149} INFO - [2025-09-27T14:38:03.753+0000] {dag.py:2726} INFO - Sync 1 DAGs
[2025-09-27T14:38:03.790+0000] {logging_mixin.py:149} INFO - [2025-09-27T14:38:03.790+0000] {dag.py:3490} INFO - Setting next_dagrun for example_branch_dop_operator_v3 to 2025-09-27T14:37:00+00:00, run_after=2025-09-27T14:38:00+00:00
[2025-09-27T14:38:03.818+0000] {processor.py:179} INFO - Processing /home/airflow/.local/lib/python3.7/site-packages/airflow/example_dags/example_branch_python_dop_operator_3.py took 0.126 seconds
[2025-09-27T14:55:30.060+0000] {processor.py:157} INFO - Started process (PID=7327) to work on /home/airflow/.local/lib/python3.7/site-packages/airflow/example_dags/example_branch_python_dop_operator_3.py
[2025-09-27T14:55:30.061+0000] {processor.py:826} INFO - Processing file /home/airflow/.local/lib/python3.7/site-packages/airflow/example_dags/example_branch_python_dop_operator_3.py for tasks to queue
[2025-09-27T14:55:30.062+0000] {logging_mixin.py:149} INFO - [2025-09-27T14:55:30.062+0000] {dagbag.py:541} INFO - Filling up the DagBag from /home/airflow/.local/lib/python3.7/site-packages/airflow/example_dags/example_branch_python_dop_operator_3.py
[2025-09-27T14:55:30.073+0000] {processor.py:836} INFO - DAG(s) dict_keys(['example_branch_dop_operator_v3']) retrieved from /home/airflow/.local/lib/python3.7/site-packages/airflow/example_dags/example_branch_python_dop_operator_3.py
[2025-09-27T14:55:30.221+0000] {logging_mixin.py:149} INFO - [2025-09-27T14:55:30.220+0000] {dag.py:2726} INFO - Sync 1 DAGs
[2025-09-27T14:55:30.254+0000] {logging_mixin.py:149} INFO - [2025-09-27T14:55:30.254+0000] {dag.py:3490} INFO - Setting next_dagrun for example_branch_dop_operator_v3 to 2025-09-27T14:54:00+00:00, run_after=2025-09-27T14:55:00+00:00
[2025-09-27T14:55:30.277+0000] {processor.py:179} INFO - Processing /home/airflow/.local/lib/python3.7/site-packages/airflow/example_dags/example_branch_python_dop_operator_3.py took 0.221 seconds
[2025-09-27T15:56:41.695+0000] {processor.py:157} INFO - Started process (PID=7604) to work on /home/airflow/.local/lib/python3.7/site-packages/airflow/example_dags/example_branch_python_dop_operator_3.py
[2025-09-27T15:56:41.697+0000] {processor.py:826} INFO - Processing file /home/airflow/.local/lib/python3.7/site-packages/airflow/example_dags/example_branch_python_dop_operator_3.py for tasks to queue
[2025-09-27T15:56:41.699+0000] {logging_mixin.py:149} INFO - [2025-09-27T15:56:41.698+0000] {dagbag.py:541} INFO - Filling up the DagBag from /home/airflow/.local/lib/python3.7/site-packages/airflow/example_dags/example_branch_python_dop_operator_3.py
[2025-09-27T15:56:41.713+0000] {processor.py:836} INFO - DAG(s) dict_keys(['example_branch_dop_operator_v3']) retrieved from /home/airflow/.local/lib/python3.7/site-packages/airflow/example_dags/example_branch_python_dop_operator_3.py
[2025-09-27T15:56:42.074+0000] {logging_mixin.py:149} INFO - [2025-09-27T15:56:42.074+0000] {dag.py:2726} INFO - Sync 1 DAGs
[2025-09-27T15:56:42.111+0000] {logging_mixin.py:149} INFO - [2025-09-27T15:56:42.110+0000] {dag.py:3490} INFO - Setting next_dagrun for example_branch_dop_operator_v3 to 2025-09-27T15:55:00+00:00, run_after=2025-09-27T15:56:00+00:00
[2025-09-27T15:56:42.134+0000] {processor.py:179} INFO - Processing /home/airflow/.local/lib/python3.7/site-packages/airflow/example_dags/example_branch_python_dop_operator_3.py took 0.445 seconds
[2025-09-27T15:57:12.996+0000] {processor.py:157} INFO - Started process (PID=7903) to work on /home/airflow/.local/lib/python3.7/site-packages/airflow/example_dags/example_branch_python_dop_operator_3.py
[2025-09-27T15:57:12.998+0000] {processor.py:826} INFO - Processing file /home/airflow/.local/lib/python3.7/site-packages/airflow/example_dags/example_branch_python_dop_operator_3.py for tasks to queue
[2025-09-27T15:57:12.998+0000] {logging_mixin.py:149} INFO - [2025-09-27T15:57:12.998+0000] {dagbag.py:541} INFO - Filling up the DagBag from /home/airflow/.local/lib/python3.7/site-packages/airflow/example_dags/example_branch_python_dop_operator_3.py
[2025-09-27T15:57:13.007+0000] {processor.py:836} INFO - DAG(s) dict_keys(['example_branch_dop_operator_v3']) retrieved from /home/airflow/.local/lib/python3.7/site-packages/airflow/example_dags/example_branch_python_dop_operator_3.py
[2025-09-27T15:57:13.035+0000] {logging_mixin.py:149} INFO - [2025-09-27T15:57:13.035+0000] {dag.py:2726} INFO - Sync 1 DAGs
[2025-09-27T15:57:13.070+0000] {logging_mixin.py:149} INFO - [2025-09-27T15:57:13.070+0000] {dag.py:3490} INFO - Setting next_dagrun for example_branch_dop_operator_v3 to 2025-09-27T15:56:00+00:00, run_after=2025-09-27T15:57:00+00:00
[2025-09-27T15:57:13.095+0000] {processor.py:179} INFO - Processing /home/airflow/.local/lib/python3.7/site-packages/airflow/example_dags/example_branch_python_dop_operator_3.py took 0.102 seconds
[2025-09-27T15:57:44.303+0000] {processor.py:157} INFO - Started process (PID=8192) to work on /home/airflow/.local/lib/python3.7/site-packages/airflow/example_dags/example_branch_python_dop_operator_3.py
[2025-09-27T15:57:44.304+0000] {processor.py:826} INFO - Processing file /home/airflow/.local/lib/python3.7/site-packages/airflow/example_dags/example_branch_python_dop_operator_3.py for tasks to queue
[2025-09-27T15:57:44.305+0000] {logging_mixin.py:149} INFO - [2025-09-27T15:57:44.305+0000] {dagbag.py:541} INFO - Filling up the DagBag from /home/airflow/.local/lib/python3.7/site-packages/airflow/example_dags/example_branch_python_dop_operator_3.py
[2025-09-27T15:57:44.314+0000] {processor.py:836} INFO - DAG(s) dict_keys(['example_branch_dop_operator_v3']) retrieved from /home/airflow/.local/lib/python3.7/site-packages/airflow/example_dags/example_branch_python_dop_operator_3.py
[2025-09-27T15:57:44.342+0000] {logging_mixin.py:149} INFO - [2025-09-27T15:57:44.342+0000] {dag.py:2726} INFO - Sync 1 DAGs
[2025-09-27T15:57:44.374+0000] {logging_mixin.py:149} INFO - [2025-09-27T15:57:44.373+0000] {dag.py:3490} INFO - Setting next_dagrun for example_branch_dop_operator_v3 to 2025-09-27T15:56:00+00:00, run_after=2025-09-27T15:57:00+00:00
[2025-09-27T15:57:44.398+0000] {processor.py:179} INFO - Processing /home/airflow/.local/lib/python3.7/site-packages/airflow/example_dags/example_branch_python_dop_operator_3.py took 0.098 seconds
