[2025-09-27T12:39:51.473+0000] {processor.py:157} INFO - Started process (PID=302) to work on /home/airflow/.local/lib/python3.7/site-packages/airflow/example_dags/example_branch_datetime_operator.py
[2025-09-27T12:39:51.474+0000] {processor.py:826} INFO - Processing file /home/airflow/.local/lib/python3.7/site-packages/airflow/example_dags/example_branch_datetime_operator.py for tasks to queue
[2025-09-27T12:39:51.475+0000] {logging_mixin.py:149} INFO - [2025-09-27T12:39:51.475+0000] {dagbag.py:541} INFO - Filling up the DagBag from /home/airflow/.local/lib/python3.7/site-packages/airflow/example_dags/example_branch_datetime_operator.py
[2025-09-27T12:39:51.488+0000] {processor.py:836} INFO - DAG(s) dict_keys(['example_branch_datetime_operator_2', 'example_branch_datetime_operator_3', 'example_branch_datetime_operator']) retrieved from /home/airflow/.local/lib/python3.7/site-packages/airflow/example_dags/example_branch_datetime_operator.py
[2025-09-27T12:39:51.532+0000] {logging_mixin.py:149} INFO - [2025-09-27T12:39:51.532+0000] {dag.py:2726} INFO - Sync 3 DAGs
[2025-09-27T12:39:51.566+0000] {logging_mixin.py:149} INFO - [2025-09-27T12:39:51.566+0000] {dag.py:3490} INFO - Setting next_dagrun for example_branch_datetime_operator to 2025-09-26T00:00:00+00:00, run_after=2025-09-27T00:00:00+00:00
[2025-09-27T12:39:51.573+0000] {logging_mixin.py:149} INFO - [2025-09-27T12:39:51.573+0000] {dag.py:3490} INFO - Setting next_dagrun for example_branch_datetime_operator_2 to 2025-09-26T00:00:00+00:00, run_after=2025-09-27T00:00:00+00:00
[2025-09-27T12:39:51.578+0000] {logging_mixin.py:149} INFO - [2025-09-27T12:39:51.578+0000] {dag.py:3490} INFO - Setting next_dagrun for example_branch_datetime_operator_3 to 2025-09-26T00:00:00+00:00, run_after=2025-09-27T00:00:00+00:00
[2025-09-27T12:39:51.601+0000] {processor.py:179} INFO - Processing /home/airflow/.local/lib/python3.7/site-packages/airflow/example_dags/example_branch_datetime_operator.py took 0.132 seconds
[2025-09-27T12:40:22.711+0000] {processor.py:157} INFO - Started process (PID=594) to work on /home/airflow/.local/lib/python3.7/site-packages/airflow/example_dags/example_branch_datetime_operator.py
[2025-09-27T12:40:22.712+0000] {processor.py:826} INFO - Processing file /home/airflow/.local/lib/python3.7/site-packages/airflow/example_dags/example_branch_datetime_operator.py for tasks to queue
[2025-09-27T12:40:22.713+0000] {logging_mixin.py:149} INFO - [2025-09-27T12:40:22.712+0000] {dagbag.py:541} INFO - Filling up the DagBag from /home/airflow/.local/lib/python3.7/site-packages/airflow/example_dags/example_branch_datetime_operator.py
[2025-09-27T12:40:22.723+0000] {processor.py:836} INFO - DAG(s) dict_keys(['example_branch_datetime_operator', 'example_branch_datetime_operator_3', 'example_branch_datetime_operator_2']) retrieved from /home/airflow/.local/lib/python3.7/site-packages/airflow/example_dags/example_branch_datetime_operator.py
[2025-09-27T12:40:22.872+0000] {logging_mixin.py:149} INFO - [2025-09-27T12:40:22.872+0000] {dag.py:2726} INFO - Sync 3 DAGs
[2025-09-27T12:40:22.902+0000] {logging_mixin.py:149} INFO - [2025-09-27T12:40:22.902+0000] {dag.py:3490} INFO - Setting next_dagrun for example_branch_datetime_operator to 2025-09-26T00:00:00+00:00, run_after=2025-09-27T00:00:00+00:00
[2025-09-27T12:40:22.908+0000] {logging_mixin.py:149} INFO - [2025-09-27T12:40:22.908+0000] {dag.py:3490} INFO - Setting next_dagrun for example_branch_datetime_operator_2 to 2025-09-26T00:00:00+00:00, run_after=2025-09-27T00:00:00+00:00
[2025-09-27T12:40:22.911+0000] {logging_mixin.py:149} INFO - [2025-09-27T12:40:22.911+0000] {dag.py:3490} INFO - Setting next_dagrun for example_branch_datetime_operator_3 to 2025-09-26T00:00:00+00:00, run_after=2025-09-27T00:00:00+00:00
[2025-09-27T12:40:22.935+0000] {processor.py:179} INFO - Processing /home/airflow/.local/lib/python3.7/site-packages/airflow/example_dags/example_branch_datetime_operator.py took 0.228 seconds
[2025-09-27T12:40:53.627+0000] {processor.py:157} INFO - Started process (PID=895) to work on /home/airflow/.local/lib/python3.7/site-packages/airflow/example_dags/example_branch_datetime_operator.py
[2025-09-27T12:40:53.628+0000] {processor.py:826} INFO - Processing file /home/airflow/.local/lib/python3.7/site-packages/airflow/example_dags/example_branch_datetime_operator.py for tasks to queue
[2025-09-27T12:40:53.629+0000] {logging_mixin.py:149} INFO - [2025-09-27T12:40:53.629+0000] {dagbag.py:541} INFO - Filling up the DagBag from /home/airflow/.local/lib/python3.7/site-packages/airflow/example_dags/example_branch_datetime_operator.py
[2025-09-27T12:40:53.640+0000] {processor.py:836} INFO - DAG(s) dict_keys(['example_branch_datetime_operator_3', 'example_branch_datetime_operator_2', 'example_branch_datetime_operator']) retrieved from /home/airflow/.local/lib/python3.7/site-packages/airflow/example_dags/example_branch_datetime_operator.py
[2025-09-27T12:40:53.675+0000] {logging_mixin.py:149} INFO - [2025-09-27T12:40:53.675+0000] {dag.py:2726} INFO - Sync 3 DAGs
[2025-09-27T12:40:53.705+0000] {logging_mixin.py:149} INFO - [2025-09-27T12:40:53.705+0000] {dag.py:3490} INFO - Setting next_dagrun for example_branch_datetime_operator to 2025-09-26T00:00:00+00:00, run_after=2025-09-27T00:00:00+00:00
[2025-09-27T12:40:53.713+0000] {logging_mixin.py:149} INFO - [2025-09-27T12:40:53.713+0000] {dag.py:3490} INFO - Setting next_dagrun for example_branch_datetime_operator_2 to 2025-09-26T00:00:00+00:00, run_after=2025-09-27T00:00:00+00:00
[2025-09-27T12:40:53.716+0000] {logging_mixin.py:149} INFO - [2025-09-27T12:40:53.716+0000] {dag.py:3490} INFO - Setting next_dagrun for example_branch_datetime_operator_3 to 2025-09-26T00:00:00+00:00, run_after=2025-09-27T00:00:00+00:00
[2025-09-27T12:40:53.738+0000] {processor.py:179} INFO - Processing /home/airflow/.local/lib/python3.7/site-packages/airflow/example_dags/example_branch_datetime_operator.py took 0.114 seconds
[2025-09-27T12:41:23.927+0000] {processor.py:157} INFO - Started process (PID=1189) to work on /home/airflow/.local/lib/python3.7/site-packages/airflow/example_dags/example_branch_datetime_operator.py
[2025-09-27T12:41:23.928+0000] {processor.py:826} INFO - Processing file /home/airflow/.local/lib/python3.7/site-packages/airflow/example_dags/example_branch_datetime_operator.py for tasks to queue
[2025-09-27T12:41:23.929+0000] {logging_mixin.py:149} INFO - [2025-09-27T12:41:23.928+0000] {dagbag.py:541} INFO - Filling up the DagBag from /home/airflow/.local/lib/python3.7/site-packages/airflow/example_dags/example_branch_datetime_operator.py
[2025-09-27T12:41:23.940+0000] {processor.py:836} INFO - DAG(s) dict_keys(['example_branch_datetime_operator', 'example_branch_datetime_operator_3', 'example_branch_datetime_operator_2']) retrieved from /home/airflow/.local/lib/python3.7/site-packages/airflow/example_dags/example_branch_datetime_operator.py
[2025-09-27T12:41:23.978+0000] {logging_mixin.py:149} INFO - [2025-09-27T12:41:23.978+0000] {dag.py:2726} INFO - Sync 3 DAGs
[2025-09-27T12:41:24.008+0000] {logging_mixin.py:149} INFO - [2025-09-27T12:41:24.008+0000] {dag.py:3490} INFO - Setting next_dagrun for example_branch_datetime_operator to 2025-09-26T00:00:00+00:00, run_after=2025-09-27T00:00:00+00:00
[2025-09-27T12:41:24.013+0000] {logging_mixin.py:149} INFO - [2025-09-27T12:41:24.013+0000] {dag.py:3490} INFO - Setting next_dagrun for example_branch_datetime_operator_2 to 2025-09-26T00:00:00+00:00, run_after=2025-09-27T00:00:00+00:00
[2025-09-27T12:41:24.016+0000] {logging_mixin.py:149} INFO - [2025-09-27T12:41:24.015+0000] {dag.py:3490} INFO - Setting next_dagrun for example_branch_datetime_operator_3 to 2025-09-26T00:00:00+00:00, run_after=2025-09-27T00:00:00+00:00
[2025-09-27T12:41:24.040+0000] {processor.py:179} INFO - Processing /home/airflow/.local/lib/python3.7/site-packages/airflow/example_dags/example_branch_datetime_operator.py took 0.117 seconds
[2025-09-27T12:41:54.767+0000] {processor.py:157} INFO - Started process (PID=1476) to work on /home/airflow/.local/lib/python3.7/site-packages/airflow/example_dags/example_branch_datetime_operator.py
[2025-09-27T12:41:54.768+0000] {processor.py:826} INFO - Processing file /home/airflow/.local/lib/python3.7/site-packages/airflow/example_dags/example_branch_datetime_operator.py for tasks to queue
[2025-09-27T12:41:54.770+0000] {logging_mixin.py:149} INFO - [2025-09-27T12:41:54.770+0000] {dagbag.py:541} INFO - Filling up the DagBag from /home/airflow/.local/lib/python3.7/site-packages/airflow/example_dags/example_branch_datetime_operator.py
[2025-09-27T12:41:54.784+0000] {processor.py:836} INFO - DAG(s) dict_keys(['example_branch_datetime_operator_2', 'example_branch_datetime_operator_3', 'example_branch_datetime_operator']) retrieved from /home/airflow/.local/lib/python3.7/site-packages/airflow/example_dags/example_branch_datetime_operator.py
[2025-09-27T12:41:54.825+0000] {logging_mixin.py:149} INFO - [2025-09-27T12:41:54.825+0000] {dag.py:2726} INFO - Sync 3 DAGs
[2025-09-27T12:41:54.856+0000] {logging_mixin.py:149} INFO - [2025-09-27T12:41:54.856+0000] {dag.py:3490} INFO - Setting next_dagrun for example_branch_datetime_operator to 2025-09-26T00:00:00+00:00, run_after=2025-09-27T00:00:00+00:00
[2025-09-27T12:41:54.862+0000] {logging_mixin.py:149} INFO - [2025-09-27T12:41:54.861+0000] {dag.py:3490} INFO - Setting next_dagrun for example_branch_datetime_operator_2 to 2025-09-26T00:00:00+00:00, run_after=2025-09-27T00:00:00+00:00
[2025-09-27T12:41:54.865+0000] {logging_mixin.py:149} INFO - [2025-09-27T12:41:54.865+0000] {dag.py:3490} INFO - Setting next_dagrun for example_branch_datetime_operator_3 to 2025-09-26T00:00:00+00:00, run_after=2025-09-27T00:00:00+00:00
[2025-09-27T12:41:54.886+0000] {processor.py:179} INFO - Processing /home/airflow/.local/lib/python3.7/site-packages/airflow/example_dags/example_branch_datetime_operator.py took 0.124 seconds
[2025-09-27T12:42:25.425+0000] {processor.py:157} INFO - Started process (PID=1770) to work on /home/airflow/.local/lib/python3.7/site-packages/airflow/example_dags/example_branch_datetime_operator.py
[2025-09-27T12:42:25.427+0000] {processor.py:826} INFO - Processing file /home/airflow/.local/lib/python3.7/site-packages/airflow/example_dags/example_branch_datetime_operator.py for tasks to queue
[2025-09-27T12:42:25.427+0000] {logging_mixin.py:149} INFO - [2025-09-27T12:42:25.427+0000] {dagbag.py:541} INFO - Filling up the DagBag from /home/airflow/.local/lib/python3.7/site-packages/airflow/example_dags/example_branch_datetime_operator.py
[2025-09-27T12:42:25.440+0000] {processor.py:836} INFO - DAG(s) dict_keys(['example_branch_datetime_operator', 'example_branch_datetime_operator_3', 'example_branch_datetime_operator_2']) retrieved from /home/airflow/.local/lib/python3.7/site-packages/airflow/example_dags/example_branch_datetime_operator.py
[2025-09-27T12:42:25.475+0000] {logging_mixin.py:149} INFO - [2025-09-27T12:42:25.475+0000] {dag.py:2726} INFO - Sync 3 DAGs
[2025-09-27T12:42:25.506+0000] {logging_mixin.py:149} INFO - [2025-09-27T12:42:25.505+0000] {dag.py:3490} INFO - Setting next_dagrun for example_branch_datetime_operator to 2025-09-26T00:00:00+00:00, run_after=2025-09-27T00:00:00+00:00
[2025-09-27T12:42:25.511+0000] {logging_mixin.py:149} INFO - [2025-09-27T12:42:25.511+0000] {dag.py:3490} INFO - Setting next_dagrun for example_branch_datetime_operator_2 to 2025-09-26T00:00:00+00:00, run_after=2025-09-27T00:00:00+00:00
[2025-09-27T12:42:25.514+0000] {logging_mixin.py:149} INFO - [2025-09-27T12:42:25.514+0000] {dag.py:3490} INFO - Setting next_dagrun for example_branch_datetime_operator_3 to 2025-09-26T00:00:00+00:00, run_after=2025-09-27T00:00:00+00:00
[2025-09-27T12:42:25.534+0000] {processor.py:179} INFO - Processing /home/airflow/.local/lib/python3.7/site-packages/airflow/example_dags/example_branch_datetime_operator.py took 0.112 seconds
[2025-09-27T12:42:56.644+0000] {processor.py:157} INFO - Started process (PID=2066) to work on /home/airflow/.local/lib/python3.7/site-packages/airflow/example_dags/example_branch_datetime_operator.py
[2025-09-27T12:42:56.645+0000] {processor.py:826} INFO - Processing file /home/airflow/.local/lib/python3.7/site-packages/airflow/example_dags/example_branch_datetime_operator.py for tasks to queue
[2025-09-27T12:42:56.646+0000] {logging_mixin.py:149} INFO - [2025-09-27T12:42:56.646+0000] {dagbag.py:541} INFO - Filling up the DagBag from /home/airflow/.local/lib/python3.7/site-packages/airflow/example_dags/example_branch_datetime_operator.py
[2025-09-27T12:42:56.656+0000] {processor.py:836} INFO - DAG(s) dict_keys(['example_branch_datetime_operator_2', 'example_branch_datetime_operator_3', 'example_branch_datetime_operator']) retrieved from /home/airflow/.local/lib/python3.7/site-packages/airflow/example_dags/example_branch_datetime_operator.py
[2025-09-27T12:42:56.692+0000] {logging_mixin.py:149} INFO - [2025-09-27T12:42:56.691+0000] {dag.py:2726} INFO - Sync 3 DAGs
[2025-09-27T12:42:56.720+0000] {logging_mixin.py:149} INFO - [2025-09-27T12:42:56.720+0000] {dag.py:3490} INFO - Setting next_dagrun for example_branch_datetime_operator to 2025-09-26T00:00:00+00:00, run_after=2025-09-27T00:00:00+00:00
[2025-09-27T12:42:56.725+0000] {logging_mixin.py:149} INFO - [2025-09-27T12:42:56.725+0000] {dag.py:3490} INFO - Setting next_dagrun for example_branch_datetime_operator_2 to 2025-09-26T00:00:00+00:00, run_after=2025-09-27T00:00:00+00:00
[2025-09-27T12:42:56.728+0000] {logging_mixin.py:149} INFO - [2025-09-27T12:42:56.728+0000] {dag.py:3490} INFO - Setting next_dagrun for example_branch_datetime_operator_3 to 2025-09-26T00:00:00+00:00, run_after=2025-09-27T00:00:00+00:00
[2025-09-27T12:42:56.746+0000] {processor.py:179} INFO - Processing /home/airflow/.local/lib/python3.7/site-packages/airflow/example_dags/example_branch_datetime_operator.py took 0.107 seconds
[2025-09-27T12:43:27.042+0000] {processor.py:157} INFO - Started process (PID=2358) to work on /home/airflow/.local/lib/python3.7/site-packages/airflow/example_dags/example_branch_datetime_operator.py
[2025-09-27T12:43:27.043+0000] {processor.py:826} INFO - Processing file /home/airflow/.local/lib/python3.7/site-packages/airflow/example_dags/example_branch_datetime_operator.py for tasks to queue
[2025-09-27T12:43:27.046+0000] {logging_mixin.py:149} INFO - [2025-09-27T12:43:27.046+0000] {dagbag.py:541} INFO - Filling up the DagBag from /home/airflow/.local/lib/python3.7/site-packages/airflow/example_dags/example_branch_datetime_operator.py
[2025-09-27T12:43:27.057+0000] {processor.py:836} INFO - DAG(s) dict_keys(['example_branch_datetime_operator_2', 'example_branch_datetime_operator', 'example_branch_datetime_operator_3']) retrieved from /home/airflow/.local/lib/python3.7/site-packages/airflow/example_dags/example_branch_datetime_operator.py
[2025-09-27T12:43:27.093+0000] {logging_mixin.py:149} INFO - [2025-09-27T12:43:27.093+0000] {dag.py:2726} INFO - Sync 3 DAGs
[2025-09-27T12:43:27.125+0000] {logging_mixin.py:149} INFO - [2025-09-27T12:43:27.125+0000] {dag.py:3490} INFO - Setting next_dagrun for example_branch_datetime_operator to 2025-09-26T00:00:00+00:00, run_after=2025-09-27T00:00:00+00:00
[2025-09-27T12:43:27.130+0000] {logging_mixin.py:149} INFO - [2025-09-27T12:43:27.130+0000] {dag.py:3490} INFO - Setting next_dagrun for example_branch_datetime_operator_2 to 2025-09-26T00:00:00+00:00, run_after=2025-09-27T00:00:00+00:00
[2025-09-27T12:43:27.133+0000] {logging_mixin.py:149} INFO - [2025-09-27T12:43:27.133+0000] {dag.py:3490} INFO - Setting next_dagrun for example_branch_datetime_operator_3 to 2025-09-26T00:00:00+00:00, run_after=2025-09-27T00:00:00+00:00
[2025-09-27T12:43:27.153+0000] {processor.py:179} INFO - Processing /home/airflow/.local/lib/python3.7/site-packages/airflow/example_dags/example_branch_datetime_operator.py took 0.114 seconds
[2025-09-27T12:43:57.345+0000] {processor.py:157} INFO - Started process (PID=2652) to work on /home/airflow/.local/lib/python3.7/site-packages/airflow/example_dags/example_branch_datetime_operator.py
[2025-09-27T12:43:57.346+0000] {processor.py:826} INFO - Processing file /home/airflow/.local/lib/python3.7/site-packages/airflow/example_dags/example_branch_datetime_operator.py for tasks to queue
[2025-09-27T12:43:57.347+0000] {logging_mixin.py:149} INFO - [2025-09-27T12:43:57.347+0000] {dagbag.py:541} INFO - Filling up the DagBag from /home/airflow/.local/lib/python3.7/site-packages/airflow/example_dags/example_branch_datetime_operator.py
[2025-09-27T12:43:57.357+0000] {processor.py:836} INFO - DAG(s) dict_keys(['example_branch_datetime_operator_2', 'example_branch_datetime_operator_3', 'example_branch_datetime_operator']) retrieved from /home/airflow/.local/lib/python3.7/site-packages/airflow/example_dags/example_branch_datetime_operator.py
[2025-09-27T12:43:57.393+0000] {logging_mixin.py:149} INFO - [2025-09-27T12:43:57.393+0000] {dag.py:2726} INFO - Sync 3 DAGs
[2025-09-27T12:43:57.424+0000] {logging_mixin.py:149} INFO - [2025-09-27T12:43:57.424+0000] {dag.py:3490} INFO - Setting next_dagrun for example_branch_datetime_operator to 2025-09-26T00:00:00+00:00, run_after=2025-09-27T00:00:00+00:00
[2025-09-27T12:43:57.429+0000] {logging_mixin.py:149} INFO - [2025-09-27T12:43:57.429+0000] {dag.py:3490} INFO - Setting next_dagrun for example_branch_datetime_operator_2 to 2025-09-26T00:00:00+00:00, run_after=2025-09-27T00:00:00+00:00
[2025-09-27T12:43:57.433+0000] {logging_mixin.py:149} INFO - [2025-09-27T12:43:57.432+0000] {dag.py:3490} INFO - Setting next_dagrun for example_branch_datetime_operator_3 to 2025-09-26T00:00:00+00:00, run_after=2025-09-27T00:00:00+00:00
[2025-09-27T12:43:57.451+0000] {processor.py:179} INFO - Processing /home/airflow/.local/lib/python3.7/site-packages/airflow/example_dags/example_branch_datetime_operator.py took 0.110 seconds
[2025-09-27T12:46:19.841+0000] {processor.py:157} INFO - Started process (PID=2946) to work on /home/airflow/.local/lib/python3.7/site-packages/airflow/example_dags/example_branch_datetime_operator.py
[2025-09-27T12:46:19.842+0000] {processor.py:826} INFO - Processing file /home/airflow/.local/lib/python3.7/site-packages/airflow/example_dags/example_branch_datetime_operator.py for tasks to queue
[2025-09-27T12:46:19.844+0000] {logging_mixin.py:149} INFO - [2025-09-27T12:46:19.843+0000] {dagbag.py:541} INFO - Filling up the DagBag from /home/airflow/.local/lib/python3.7/site-packages/airflow/example_dags/example_branch_datetime_operator.py
[2025-09-27T12:46:19.857+0000] {processor.py:836} INFO - DAG(s) dict_keys(['example_branch_datetime_operator', 'example_branch_datetime_operator_3', 'example_branch_datetime_operator_2']) retrieved from /home/airflow/.local/lib/python3.7/site-packages/airflow/example_dags/example_branch_datetime_operator.py
[2025-09-27T12:46:19.906+0000] {logging_mixin.py:149} INFO - [2025-09-27T12:46:19.906+0000] {dag.py:2726} INFO - Sync 3 DAGs
[2025-09-27T12:46:19.945+0000] {logging_mixin.py:149} INFO - [2025-09-27T12:46:19.945+0000] {dag.py:3490} INFO - Setting next_dagrun for example_branch_datetime_operator to 2025-09-26T00:00:00+00:00, run_after=2025-09-27T00:00:00+00:00
[2025-09-27T12:46:19.954+0000] {logging_mixin.py:149} INFO - [2025-09-27T12:46:19.954+0000] {dag.py:3490} INFO - Setting next_dagrun for example_branch_datetime_operator_2 to 2025-09-26T00:00:00+00:00, run_after=2025-09-27T00:00:00+00:00
[2025-09-27T12:46:19.957+0000] {logging_mixin.py:149} INFO - [2025-09-27T12:46:19.957+0000] {dag.py:3490} INFO - Setting next_dagrun for example_branch_datetime_operator_3 to 2025-09-26T00:00:00+00:00, run_after=2025-09-27T00:00:00+00:00
[2025-09-27T12:46:19.982+0000] {processor.py:179} INFO - Processing /home/airflow/.local/lib/python3.7/site-packages/airflow/example_dags/example_branch_datetime_operator.py took 0.146 seconds
[2025-09-27T12:49:23.255+0000] {processor.py:157} INFO - Started process (PID=3247) to work on /home/airflow/.local/lib/python3.7/site-packages/airflow/example_dags/example_branch_datetime_operator.py
[2025-09-27T12:49:23.256+0000] {processor.py:826} INFO - Processing file /home/airflow/.local/lib/python3.7/site-packages/airflow/example_dags/example_branch_datetime_operator.py for tasks to queue
[2025-09-27T12:49:23.258+0000] {logging_mixin.py:149} INFO - [2025-09-27T12:49:23.258+0000] {dagbag.py:541} INFO - Filling up the DagBag from /home/airflow/.local/lib/python3.7/site-packages/airflow/example_dags/example_branch_datetime_operator.py
[2025-09-27T12:49:23.280+0000] {processor.py:836} INFO - DAG(s) dict_keys(['example_branch_datetime_operator', 'example_branch_datetime_operator_3', 'example_branch_datetime_operator_2']) retrieved from /home/airflow/.local/lib/python3.7/site-packages/airflow/example_dags/example_branch_datetime_operator.py
[2025-09-27T12:49:23.352+0000] {logging_mixin.py:149} INFO - [2025-09-27T12:49:23.351+0000] {dag.py:2726} INFO - Sync 3 DAGs
[2025-09-27T12:49:23.415+0000] {logging_mixin.py:149} INFO - [2025-09-27T12:49:23.415+0000] {dag.py:3490} INFO - Setting next_dagrun for example_branch_datetime_operator to 2025-09-26T00:00:00+00:00, run_after=2025-09-27T00:00:00+00:00
[2025-09-27T12:49:23.430+0000] {logging_mixin.py:149} INFO - [2025-09-27T12:49:23.430+0000] {dag.py:3490} INFO - Setting next_dagrun for example_branch_datetime_operator_2 to 2025-09-26T00:00:00+00:00, run_after=2025-09-27T00:00:00+00:00
[2025-09-27T12:49:23.437+0000] {logging_mixin.py:149} INFO - [2025-09-27T12:49:23.437+0000] {dag.py:3490} INFO - Setting next_dagrun for example_branch_datetime_operator_3 to 2025-09-26T00:00:00+00:00, run_after=2025-09-27T00:00:00+00:00
[2025-09-27T12:49:23.480+0000] {processor.py:179} INFO - Processing /home/airflow/.local/lib/python3.7/site-packages/airflow/example_dags/example_branch_datetime_operator.py took 0.231 seconds
[2025-09-27T12:49:53.713+0000] {processor.py:157} INFO - Started process (PID=3541) to work on /home/airflow/.local/lib/python3.7/site-packages/airflow/example_dags/example_branch_datetime_operator.py
[2025-09-27T12:49:53.714+0000] {processor.py:826} INFO - Processing file /home/airflow/.local/lib/python3.7/site-packages/airflow/example_dags/example_branch_datetime_operator.py for tasks to queue
[2025-09-27T12:49:53.714+0000] {logging_mixin.py:149} INFO - [2025-09-27T12:49:53.714+0000] {dagbag.py:541} INFO - Filling up the DagBag from /home/airflow/.local/lib/python3.7/site-packages/airflow/example_dags/example_branch_datetime_operator.py
[2025-09-27T12:49:53.725+0000] {processor.py:836} INFO - DAG(s) dict_keys(['example_branch_datetime_operator_2', 'example_branch_datetime_operator', 'example_branch_datetime_operator_3']) retrieved from /home/airflow/.local/lib/python3.7/site-packages/airflow/example_dags/example_branch_datetime_operator.py
[2025-09-27T12:49:53.767+0000] {logging_mixin.py:149} INFO - [2025-09-27T12:49:53.767+0000] {dag.py:2726} INFO - Sync 3 DAGs
[2025-09-27T12:49:53.797+0000] {logging_mixin.py:149} INFO - [2025-09-27T12:49:53.797+0000] {dag.py:3490} INFO - Setting next_dagrun for example_branch_datetime_operator to 2025-09-26T00:00:00+00:00, run_after=2025-09-27T00:00:00+00:00
[2025-09-27T12:49:53.803+0000] {logging_mixin.py:149} INFO - [2025-09-27T12:49:53.803+0000] {dag.py:3490} INFO - Setting next_dagrun for example_branch_datetime_operator_2 to 2025-09-26T00:00:00+00:00, run_after=2025-09-27T00:00:00+00:00
[2025-09-27T12:49:53.806+0000] {logging_mixin.py:149} INFO - [2025-09-27T12:49:53.806+0000] {dag.py:3490} INFO - Setting next_dagrun for example_branch_datetime_operator_3 to 2025-09-26T00:00:00+00:00, run_after=2025-09-27T00:00:00+00:00
[2025-09-27T12:49:53.834+0000] {processor.py:179} INFO - Processing /home/airflow/.local/lib/python3.7/site-packages/airflow/example_dags/example_branch_datetime_operator.py took 0.124 seconds
[2025-09-27T12:50:23.889+0000] {processor.py:157} INFO - Started process (PID=3838) to work on /home/airflow/.local/lib/python3.7/site-packages/airflow/example_dags/example_branch_datetime_operator.py
[2025-09-27T12:50:23.890+0000] {processor.py:826} INFO - Processing file /home/airflow/.local/lib/python3.7/site-packages/airflow/example_dags/example_branch_datetime_operator.py for tasks to queue
[2025-09-27T12:50:23.892+0000] {logging_mixin.py:149} INFO - [2025-09-27T12:50:23.892+0000] {dagbag.py:541} INFO - Filling up the DagBag from /home/airflow/.local/lib/python3.7/site-packages/airflow/example_dags/example_branch_datetime_operator.py
[2025-09-27T12:50:23.902+0000] {processor.py:836} INFO - DAG(s) dict_keys(['example_branch_datetime_operator', 'example_branch_datetime_operator_2', 'example_branch_datetime_operator_3']) retrieved from /home/airflow/.local/lib/python3.7/site-packages/airflow/example_dags/example_branch_datetime_operator.py
[2025-09-27T12:50:23.947+0000] {logging_mixin.py:149} INFO - [2025-09-27T12:50:23.947+0000] {dag.py:2726} INFO - Sync 3 DAGs
[2025-09-27T12:50:23.982+0000] {logging_mixin.py:149} INFO - [2025-09-27T12:50:23.982+0000] {dag.py:3490} INFO - Setting next_dagrun for example_branch_datetime_operator to 2025-09-26T00:00:00+00:00, run_after=2025-09-27T00:00:00+00:00
[2025-09-27T12:50:23.987+0000] {logging_mixin.py:149} INFO - [2025-09-27T12:50:23.987+0000] {dag.py:3490} INFO - Setting next_dagrun for example_branch_datetime_operator_2 to 2025-09-26T00:00:00+00:00, run_after=2025-09-27T00:00:00+00:00
[2025-09-27T12:50:23.990+0000] {logging_mixin.py:149} INFO - [2025-09-27T12:50:23.990+0000] {dag.py:3490} INFO - Setting next_dagrun for example_branch_datetime_operator_3 to 2025-09-26T00:00:00+00:00, run_after=2025-09-27T00:00:00+00:00
[2025-09-27T12:50:24.009+0000] {processor.py:179} INFO - Processing /home/airflow/.local/lib/python3.7/site-packages/airflow/example_dags/example_branch_datetime_operator.py took 0.124 seconds
[2025-09-27T12:50:54.231+0000] {processor.py:157} INFO - Started process (PID=4127) to work on /home/airflow/.local/lib/python3.7/site-packages/airflow/example_dags/example_branch_datetime_operator.py
[2025-09-27T12:50:54.232+0000] {processor.py:826} INFO - Processing file /home/airflow/.local/lib/python3.7/site-packages/airflow/example_dags/example_branch_datetime_operator.py for tasks to queue
[2025-09-27T12:50:54.232+0000] {logging_mixin.py:149} INFO - [2025-09-27T12:50:54.232+0000] {dagbag.py:541} INFO - Filling up the DagBag from /home/airflow/.local/lib/python3.7/site-packages/airflow/example_dags/example_branch_datetime_operator.py
[2025-09-27T12:50:54.245+0000] {processor.py:836} INFO - DAG(s) dict_keys(['example_branch_datetime_operator_3', 'example_branch_datetime_operator', 'example_branch_datetime_operator_2']) retrieved from /home/airflow/.local/lib/python3.7/site-packages/airflow/example_dags/example_branch_datetime_operator.py
[2025-09-27T12:50:54.282+0000] {logging_mixin.py:149} INFO - [2025-09-27T12:50:54.282+0000] {dag.py:2726} INFO - Sync 3 DAGs
[2025-09-27T12:50:54.312+0000] {logging_mixin.py:149} INFO - [2025-09-27T12:50:54.312+0000] {dag.py:3490} INFO - Setting next_dagrun for example_branch_datetime_operator to 2025-09-26T00:00:00+00:00, run_after=2025-09-27T00:00:00+00:00
[2025-09-27T12:50:54.318+0000] {logging_mixin.py:149} INFO - [2025-09-27T12:50:54.318+0000] {dag.py:3490} INFO - Setting next_dagrun for example_branch_datetime_operator_2 to 2025-09-26T00:00:00+00:00, run_after=2025-09-27T00:00:00+00:00
[2025-09-27T12:50:54.321+0000] {logging_mixin.py:149} INFO - [2025-09-27T12:50:54.321+0000] {dag.py:3490} INFO - Setting next_dagrun for example_branch_datetime_operator_3 to 2025-09-26T00:00:00+00:00, run_after=2025-09-27T00:00:00+00:00
[2025-09-27T12:50:54.345+0000] {processor.py:179} INFO - Processing /home/airflow/.local/lib/python3.7/site-packages/airflow/example_dags/example_branch_datetime_operator.py took 0.120 seconds
[2025-09-27T12:51:27.076+0000] {processor.py:157} INFO - Started process (PID=4421) to work on /home/airflow/.local/lib/python3.7/site-packages/airflow/example_dags/example_branch_datetime_operator.py
[2025-09-27T12:51:27.077+0000] {processor.py:826} INFO - Processing file /home/airflow/.local/lib/python3.7/site-packages/airflow/example_dags/example_branch_datetime_operator.py for tasks to queue
[2025-09-27T12:51:27.078+0000] {logging_mixin.py:149} INFO - [2025-09-27T12:51:27.078+0000] {dagbag.py:541} INFO - Filling up the DagBag from /home/airflow/.local/lib/python3.7/site-packages/airflow/example_dags/example_branch_datetime_operator.py
[2025-09-27T12:51:27.092+0000] {processor.py:836} INFO - DAG(s) dict_keys(['example_branch_datetime_operator_2', 'example_branch_datetime_operator', 'example_branch_datetime_operator_3']) retrieved from /home/airflow/.local/lib/python3.7/site-packages/airflow/example_dags/example_branch_datetime_operator.py
[2025-09-27T12:51:27.139+0000] {logging_mixin.py:149} INFO - [2025-09-27T12:51:27.139+0000] {dag.py:2726} INFO - Sync 3 DAGs
[2025-09-27T12:51:27.173+0000] {logging_mixin.py:149} INFO - [2025-09-27T12:51:27.173+0000] {dag.py:3490} INFO - Setting next_dagrun for example_branch_datetime_operator to 2025-09-26T00:00:00+00:00, run_after=2025-09-27T00:00:00+00:00
[2025-09-27T12:51:27.179+0000] {logging_mixin.py:149} INFO - [2025-09-27T12:51:27.179+0000] {dag.py:3490} INFO - Setting next_dagrun for example_branch_datetime_operator_2 to 2025-09-26T00:00:00+00:00, run_after=2025-09-27T00:00:00+00:00
[2025-09-27T12:51:27.183+0000] {logging_mixin.py:149} INFO - [2025-09-27T12:51:27.183+0000] {dag.py:3490} INFO - Setting next_dagrun for example_branch_datetime_operator_3 to 2025-09-26T00:00:00+00:00, run_after=2025-09-27T00:00:00+00:00
[2025-09-27T12:51:27.206+0000] {processor.py:179} INFO - Processing /home/airflow/.local/lib/python3.7/site-packages/airflow/example_dags/example_branch_datetime_operator.py took 0.133 seconds
[2025-09-27T12:51:57.591+0000] {processor.py:157} INFO - Started process (PID=4710) to work on /home/airflow/.local/lib/python3.7/site-packages/airflow/example_dags/example_branch_datetime_operator.py
[2025-09-27T12:51:57.592+0000] {processor.py:826} INFO - Processing file /home/airflow/.local/lib/python3.7/site-packages/airflow/example_dags/example_branch_datetime_operator.py for tasks to queue
[2025-09-27T12:51:57.593+0000] {logging_mixin.py:149} INFO - [2025-09-27T12:51:57.593+0000] {dagbag.py:541} INFO - Filling up the DagBag from /home/airflow/.local/lib/python3.7/site-packages/airflow/example_dags/example_branch_datetime_operator.py
[2025-09-27T12:51:57.604+0000] {processor.py:836} INFO - DAG(s) dict_keys(['example_branch_datetime_operator_3', 'example_branch_datetime_operator', 'example_branch_datetime_operator_2']) retrieved from /home/airflow/.local/lib/python3.7/site-packages/airflow/example_dags/example_branch_datetime_operator.py
[2025-09-27T12:51:57.640+0000] {logging_mixin.py:149} INFO - [2025-09-27T12:51:57.639+0000] {dag.py:2726} INFO - Sync 3 DAGs
[2025-09-27T12:51:57.672+0000] {logging_mixin.py:149} INFO - [2025-09-27T12:51:57.672+0000] {dag.py:3490} INFO - Setting next_dagrun for example_branch_datetime_operator to 2025-09-26T00:00:00+00:00, run_after=2025-09-27T00:00:00+00:00
[2025-09-27T12:51:57.681+0000] {logging_mixin.py:149} INFO - [2025-09-27T12:51:57.681+0000] {dag.py:3490} INFO - Setting next_dagrun for example_branch_datetime_operator_2 to 2025-09-26T00:00:00+00:00, run_after=2025-09-27T00:00:00+00:00
[2025-09-27T12:51:57.684+0000] {logging_mixin.py:149} INFO - [2025-09-27T12:51:57.684+0000] {dag.py:3490} INFO - Setting next_dagrun for example_branch_datetime_operator_3 to 2025-09-26T00:00:00+00:00, run_after=2025-09-27T00:00:00+00:00
[2025-09-27T12:51:57.708+0000] {processor.py:179} INFO - Processing /home/airflow/.local/lib/python3.7/site-packages/airflow/example_dags/example_branch_datetime_operator.py took 0.120 seconds
[2025-09-27T12:52:29.231+0000] {processor.py:157} INFO - Started process (PID=5011) to work on /home/airflow/.local/lib/python3.7/site-packages/airflow/example_dags/example_branch_datetime_operator.py
[2025-09-27T12:52:29.232+0000] {processor.py:826} INFO - Processing file /home/airflow/.local/lib/python3.7/site-packages/airflow/example_dags/example_branch_datetime_operator.py for tasks to queue
[2025-09-27T12:52:29.233+0000] {logging_mixin.py:149} INFO - [2025-09-27T12:52:29.233+0000] {dagbag.py:541} INFO - Filling up the DagBag from /home/airflow/.local/lib/python3.7/site-packages/airflow/example_dags/example_branch_datetime_operator.py
[2025-09-27T12:52:29.244+0000] {processor.py:836} INFO - DAG(s) dict_keys(['example_branch_datetime_operator_2', 'example_branch_datetime_operator', 'example_branch_datetime_operator_3']) retrieved from /home/airflow/.local/lib/python3.7/site-packages/airflow/example_dags/example_branch_datetime_operator.py
[2025-09-27T12:52:29.282+0000] {logging_mixin.py:149} INFO - [2025-09-27T12:52:29.282+0000] {dag.py:2726} INFO - Sync 3 DAGs
[2025-09-27T12:52:29.314+0000] {logging_mixin.py:149} INFO - [2025-09-27T12:52:29.313+0000] {dag.py:3490} INFO - Setting next_dagrun for example_branch_datetime_operator to 2025-09-26T00:00:00+00:00, run_after=2025-09-27T00:00:00+00:00
[2025-09-27T12:52:29.319+0000] {logging_mixin.py:149} INFO - [2025-09-27T12:52:29.319+0000] {dag.py:3490} INFO - Setting next_dagrun for example_branch_datetime_operator_2 to 2025-09-26T00:00:00+00:00, run_after=2025-09-27T00:00:00+00:00
[2025-09-27T12:52:29.322+0000] {logging_mixin.py:149} INFO - [2025-09-27T12:52:29.322+0000] {dag.py:3490} INFO - Setting next_dagrun for example_branch_datetime_operator_3 to 2025-09-26T00:00:00+00:00, run_after=2025-09-27T00:00:00+00:00
[2025-09-27T12:52:29.340+0000] {processor.py:179} INFO - Processing /home/airflow/.local/lib/python3.7/site-packages/airflow/example_dags/example_branch_datetime_operator.py took 0.113 seconds
[2025-09-27T12:53:00.323+0000] {processor.py:157} INFO - Started process (PID=5303) to work on /home/airflow/.local/lib/python3.7/site-packages/airflow/example_dags/example_branch_datetime_operator.py
[2025-09-27T12:53:00.324+0000] {processor.py:826} INFO - Processing file /home/airflow/.local/lib/python3.7/site-packages/airflow/example_dags/example_branch_datetime_operator.py for tasks to queue
[2025-09-27T12:53:00.325+0000] {logging_mixin.py:149} INFO - [2025-09-27T12:53:00.325+0000] {dagbag.py:541} INFO - Filling up the DagBag from /home/airflow/.local/lib/python3.7/site-packages/airflow/example_dags/example_branch_datetime_operator.py
[2025-09-27T12:53:00.336+0000] {processor.py:836} INFO - DAG(s) dict_keys(['example_branch_datetime_operator_3', 'example_branch_datetime_operator_2', 'example_branch_datetime_operator']) retrieved from /home/airflow/.local/lib/python3.7/site-packages/airflow/example_dags/example_branch_datetime_operator.py
[2025-09-27T12:53:00.558+0000] {logging_mixin.py:149} INFO - [2025-09-27T12:53:00.558+0000] {dag.py:2726} INFO - Sync 3 DAGs
[2025-09-27T12:53:00.592+0000] {logging_mixin.py:149} INFO - [2025-09-27T12:53:00.591+0000] {dag.py:3490} INFO - Setting next_dagrun for example_branch_datetime_operator to 2025-09-26T00:00:00+00:00, run_after=2025-09-27T00:00:00+00:00
[2025-09-27T12:53:00.597+0000] {logging_mixin.py:149} INFO - [2025-09-27T12:53:00.597+0000] {dag.py:3490} INFO - Setting next_dagrun for example_branch_datetime_operator_2 to 2025-09-26T00:00:00+00:00, run_after=2025-09-27T00:00:00+00:00
[2025-09-27T12:53:00.600+0000] {logging_mixin.py:149} INFO - [2025-09-27T12:53:00.600+0000] {dag.py:3490} INFO - Setting next_dagrun for example_branch_datetime_operator_3 to 2025-09-26T00:00:00+00:00, run_after=2025-09-27T00:00:00+00:00
[2025-09-27T12:53:00.622+0000] {processor.py:179} INFO - Processing /home/airflow/.local/lib/python3.7/site-packages/airflow/example_dags/example_branch_datetime_operator.py took 0.302 seconds
[2025-09-27T12:53:31.496+0000] {processor.py:157} INFO - Started process (PID=5597) to work on /home/airflow/.local/lib/python3.7/site-packages/airflow/example_dags/example_branch_datetime_operator.py
[2025-09-27T12:53:31.497+0000] {processor.py:826} INFO - Processing file /home/airflow/.local/lib/python3.7/site-packages/airflow/example_dags/example_branch_datetime_operator.py for tasks to queue
[2025-09-27T12:53:31.498+0000] {logging_mixin.py:149} INFO - [2025-09-27T12:53:31.498+0000] {dagbag.py:541} INFO - Filling up the DagBag from /home/airflow/.local/lib/python3.7/site-packages/airflow/example_dags/example_branch_datetime_operator.py
[2025-09-27T12:53:31.510+0000] {processor.py:836} INFO - DAG(s) dict_keys(['example_branch_datetime_operator_3', 'example_branch_datetime_operator', 'example_branch_datetime_operator_2']) retrieved from /home/airflow/.local/lib/python3.7/site-packages/airflow/example_dags/example_branch_datetime_operator.py
[2025-09-27T12:53:31.550+0000] {logging_mixin.py:149} INFO - [2025-09-27T12:53:31.550+0000] {dag.py:2726} INFO - Sync 3 DAGs
[2025-09-27T12:53:31.589+0000] {logging_mixin.py:149} INFO - [2025-09-27T12:53:31.589+0000] {dag.py:3490} INFO - Setting next_dagrun for example_branch_datetime_operator to 2025-09-26T00:00:00+00:00, run_after=2025-09-27T00:00:00+00:00
[2025-09-27T12:53:31.602+0000] {logging_mixin.py:149} INFO - [2025-09-27T12:53:31.601+0000] {dag.py:3490} INFO - Setting next_dagrun for example_branch_datetime_operator_2 to 2025-09-26T00:00:00+00:00, run_after=2025-09-27T00:00:00+00:00
[2025-09-27T12:53:31.606+0000] {logging_mixin.py:149} INFO - [2025-09-27T12:53:31.606+0000] {dag.py:3490} INFO - Setting next_dagrun for example_branch_datetime_operator_3 to 2025-09-26T00:00:00+00:00, run_after=2025-09-27T00:00:00+00:00
[2025-09-27T12:53:31.627+0000] {processor.py:179} INFO - Processing /home/airflow/.local/lib/python3.7/site-packages/airflow/example_dags/example_branch_datetime_operator.py took 0.136 seconds
[2025-09-27T12:54:02.514+0000] {processor.py:157} INFO - Started process (PID=5891) to work on /home/airflow/.local/lib/python3.7/site-packages/airflow/example_dags/example_branch_datetime_operator.py
[2025-09-27T12:54:02.515+0000] {processor.py:826} INFO - Processing file /home/airflow/.local/lib/python3.7/site-packages/airflow/example_dags/example_branch_datetime_operator.py for tasks to queue
[2025-09-27T12:54:02.516+0000] {logging_mixin.py:149} INFO - [2025-09-27T12:54:02.516+0000] {dagbag.py:541} INFO - Filling up the DagBag from /home/airflow/.local/lib/python3.7/site-packages/airflow/example_dags/example_branch_datetime_operator.py
[2025-09-27T12:54:02.527+0000] {processor.py:836} INFO - DAG(s) dict_keys(['example_branch_datetime_operator_3', 'example_branch_datetime_operator_2', 'example_branch_datetime_operator']) retrieved from /home/airflow/.local/lib/python3.7/site-packages/airflow/example_dags/example_branch_datetime_operator.py
[2025-09-27T12:54:02.908+0000] {logging_mixin.py:149} INFO - [2025-09-27T12:54:02.908+0000] {dag.py:2726} INFO - Sync 3 DAGs
[2025-09-27T12:54:02.939+0000] {logging_mixin.py:149} INFO - [2025-09-27T12:54:02.939+0000] {dag.py:3490} INFO - Setting next_dagrun for example_branch_datetime_operator to 2025-09-26T00:00:00+00:00, run_after=2025-09-27T00:00:00+00:00
[2025-09-27T12:54:02.945+0000] {logging_mixin.py:149} INFO - [2025-09-27T12:54:02.945+0000] {dag.py:3490} INFO - Setting next_dagrun for example_branch_datetime_operator_2 to 2025-09-26T00:00:00+00:00, run_after=2025-09-27T00:00:00+00:00
[2025-09-27T12:54:02.949+0000] {logging_mixin.py:149} INFO - [2025-09-27T12:54:02.948+0000] {dag.py:3490} INFO - Setting next_dagrun for example_branch_datetime_operator_3 to 2025-09-26T00:00:00+00:00, run_after=2025-09-27T00:00:00+00:00
[2025-09-27T12:54:02.969+0000] {processor.py:179} INFO - Processing /home/airflow/.local/lib/python3.7/site-packages/airflow/example_dags/example_branch_datetime_operator.py took 0.459 seconds
[2025-09-27T12:54:33.533+0000] {processor.py:157} INFO - Started process (PID=6185) to work on /home/airflow/.local/lib/python3.7/site-packages/airflow/example_dags/example_branch_datetime_operator.py
[2025-09-27T12:54:33.534+0000] {processor.py:826} INFO - Processing file /home/airflow/.local/lib/python3.7/site-packages/airflow/example_dags/example_branch_datetime_operator.py for tasks to queue
[2025-09-27T12:54:33.535+0000] {logging_mixin.py:149} INFO - [2025-09-27T12:54:33.535+0000] {dagbag.py:541} INFO - Filling up the DagBag from /home/airflow/.local/lib/python3.7/site-packages/airflow/example_dags/example_branch_datetime_operator.py
[2025-09-27T12:54:33.547+0000] {processor.py:836} INFO - DAG(s) dict_keys(['example_branch_datetime_operator', 'example_branch_datetime_operator_2', 'example_branch_datetime_operator_3']) retrieved from /home/airflow/.local/lib/python3.7/site-packages/airflow/example_dags/example_branch_datetime_operator.py
[2025-09-27T12:54:33.582+0000] {logging_mixin.py:149} INFO - [2025-09-27T12:54:33.582+0000] {dag.py:2726} INFO - Sync 3 DAGs
[2025-09-27T12:54:33.612+0000] {logging_mixin.py:149} INFO - [2025-09-27T12:54:33.612+0000] {dag.py:3490} INFO - Setting next_dagrun for example_branch_datetime_operator to 2025-09-26T00:00:00+00:00, run_after=2025-09-27T00:00:00+00:00
[2025-09-27T12:54:33.618+0000] {logging_mixin.py:149} INFO - [2025-09-27T12:54:33.618+0000] {dag.py:3490} INFO - Setting next_dagrun for example_branch_datetime_operator_2 to 2025-09-26T00:00:00+00:00, run_after=2025-09-27T00:00:00+00:00
[2025-09-27T12:54:33.621+0000] {logging_mixin.py:149} INFO - [2025-09-27T12:54:33.621+0000] {dag.py:3490} INFO - Setting next_dagrun for example_branch_datetime_operator_3 to 2025-09-26T00:00:00+00:00, run_after=2025-09-27T00:00:00+00:00
[2025-09-27T12:54:33.639+0000] {processor.py:179} INFO - Processing /home/airflow/.local/lib/python3.7/site-packages/airflow/example_dags/example_branch_datetime_operator.py took 0.110 seconds
[2025-09-27T12:55:03.909+0000] {processor.py:157} INFO - Started process (PID=6479) to work on /home/airflow/.local/lib/python3.7/site-packages/airflow/example_dags/example_branch_datetime_operator.py
[2025-09-27T12:55:03.910+0000] {processor.py:826} INFO - Processing file /home/airflow/.local/lib/python3.7/site-packages/airflow/example_dags/example_branch_datetime_operator.py for tasks to queue
[2025-09-27T12:55:03.911+0000] {logging_mixin.py:149} INFO - [2025-09-27T12:55:03.911+0000] {dagbag.py:541} INFO - Filling up the DagBag from /home/airflow/.local/lib/python3.7/site-packages/airflow/example_dags/example_branch_datetime_operator.py
[2025-09-27T12:55:03.923+0000] {processor.py:836} INFO - DAG(s) dict_keys(['example_branch_datetime_operator', 'example_branch_datetime_operator_2', 'example_branch_datetime_operator_3']) retrieved from /home/airflow/.local/lib/python3.7/site-packages/airflow/example_dags/example_branch_datetime_operator.py
[2025-09-27T12:55:03.960+0000] {logging_mixin.py:149} INFO - [2025-09-27T12:55:03.960+0000] {dag.py:2726} INFO - Sync 3 DAGs
[2025-09-27T12:55:03.990+0000] {logging_mixin.py:149} INFO - [2025-09-27T12:55:03.990+0000] {dag.py:3490} INFO - Setting next_dagrun for example_branch_datetime_operator to 2025-09-26T00:00:00+00:00, run_after=2025-09-27T00:00:00+00:00
[2025-09-27T12:55:03.996+0000] {logging_mixin.py:149} INFO - [2025-09-27T12:55:03.995+0000] {dag.py:3490} INFO - Setting next_dagrun for example_branch_datetime_operator_2 to 2025-09-26T00:00:00+00:00, run_after=2025-09-27T00:00:00+00:00
[2025-09-27T12:55:03.998+0000] {logging_mixin.py:149} INFO - [2025-09-27T12:55:03.998+0000] {dag.py:3490} INFO - Setting next_dagrun for example_branch_datetime_operator_3 to 2025-09-26T00:00:00+00:00, run_after=2025-09-27T00:00:00+00:00
[2025-09-27T12:55:04.018+0000] {processor.py:179} INFO - Processing /home/airflow/.local/lib/python3.7/site-packages/airflow/example_dags/example_branch_datetime_operator.py took 0.113 seconds
[2025-09-27T12:55:35.928+0000] {processor.py:157} INFO - Started process (PID=6773) to work on /home/airflow/.local/lib/python3.7/site-packages/airflow/example_dags/example_branch_datetime_operator.py
[2025-09-27T12:55:35.929+0000] {processor.py:826} INFO - Processing file /home/airflow/.local/lib/python3.7/site-packages/airflow/example_dags/example_branch_datetime_operator.py for tasks to queue
[2025-09-27T12:55:35.930+0000] {logging_mixin.py:149} INFO - [2025-09-27T12:55:35.930+0000] {dagbag.py:541} INFO - Filling up the DagBag from /home/airflow/.local/lib/python3.7/site-packages/airflow/example_dags/example_branch_datetime_operator.py
[2025-09-27T12:55:35.941+0000] {processor.py:836} INFO - DAG(s) dict_keys(['example_branch_datetime_operator_3', 'example_branch_datetime_operator', 'example_branch_datetime_operator_2']) retrieved from /home/airflow/.local/lib/python3.7/site-packages/airflow/example_dags/example_branch_datetime_operator.py
[2025-09-27T12:55:35.978+0000] {logging_mixin.py:149} INFO - [2025-09-27T12:55:35.978+0000] {dag.py:2726} INFO - Sync 3 DAGs
[2025-09-27T12:55:36.007+0000] {logging_mixin.py:149} INFO - [2025-09-27T12:55:36.007+0000] {dag.py:3490} INFO - Setting next_dagrun for example_branch_datetime_operator to 2025-09-26T00:00:00+00:00, run_after=2025-09-27T00:00:00+00:00
[2025-09-27T12:55:36.014+0000] {logging_mixin.py:149} INFO - [2025-09-27T12:55:36.014+0000] {dag.py:3490} INFO - Setting next_dagrun for example_branch_datetime_operator_2 to 2025-09-26T00:00:00+00:00, run_after=2025-09-27T00:00:00+00:00
[2025-09-27T12:55:36.018+0000] {logging_mixin.py:149} INFO - [2025-09-27T12:55:36.018+0000] {dag.py:3490} INFO - Setting next_dagrun for example_branch_datetime_operator_3 to 2025-09-26T00:00:00+00:00, run_after=2025-09-27T00:00:00+00:00
[2025-09-27T12:55:36.037+0000] {processor.py:179} INFO - Processing /home/airflow/.local/lib/python3.7/site-packages/airflow/example_dags/example_branch_datetime_operator.py took 0.112 seconds
[2025-09-27T14:38:06.002+0000] {processor.py:157} INFO - Started process (PID=7086) to work on /home/airflow/.local/lib/python3.7/site-packages/airflow/example_dags/example_branch_datetime_operator.py
[2025-09-27T14:38:06.003+0000] {processor.py:826} INFO - Processing file /home/airflow/.local/lib/python3.7/site-packages/airflow/example_dags/example_branch_datetime_operator.py for tasks to queue
[2025-09-27T14:38:06.004+0000] {logging_mixin.py:149} INFO - [2025-09-27T14:38:06.003+0000] {dagbag.py:541} INFO - Filling up the DagBag from /home/airflow/.local/lib/python3.7/site-packages/airflow/example_dags/example_branch_datetime_operator.py
[2025-09-27T14:38:06.016+0000] {processor.py:836} INFO - DAG(s) dict_keys(['example_branch_datetime_operator', 'example_branch_datetime_operator_3', 'example_branch_datetime_operator_2']) retrieved from /home/airflow/.local/lib/python3.7/site-packages/airflow/example_dags/example_branch_datetime_operator.py
[2025-09-27T14:38:06.579+0000] {logging_mixin.py:149} INFO - [2025-09-27T14:38:06.579+0000] {dag.py:2726} INFO - Sync 3 DAGs
[2025-09-27T14:38:06.606+0000] {logging_mixin.py:149} INFO - [2025-09-27T14:38:06.605+0000] {dag.py:3490} INFO - Setting next_dagrun for example_branch_datetime_operator to 2025-09-26T00:00:00+00:00, run_after=2025-09-27T00:00:00+00:00
[2025-09-27T14:38:06.611+0000] {logging_mixin.py:149} INFO - [2025-09-27T14:38:06.611+0000] {dag.py:3490} INFO - Setting next_dagrun for example_branch_datetime_operator_2 to 2025-09-26T00:00:00+00:00, run_after=2025-09-27T00:00:00+00:00
[2025-09-27T14:38:06.616+0000] {logging_mixin.py:149} INFO - [2025-09-27T14:38:06.616+0000] {dag.py:3490} INFO - Setting next_dagrun for example_branch_datetime_operator_3 to 2025-09-26T00:00:00+00:00, run_after=2025-09-27T00:00:00+00:00
[2025-09-27T14:38:06.636+0000] {processor.py:179} INFO - Processing /home/airflow/.local/lib/python3.7/site-packages/airflow/example_dags/example_branch_datetime_operator.py took 0.638 seconds
[2025-09-27T14:55:32.032+0000] {processor.py:157} INFO - Started process (PID=7382) to work on /home/airflow/.local/lib/python3.7/site-packages/airflow/example_dags/example_branch_datetime_operator.py
[2025-09-27T14:55:32.033+0000] {processor.py:826} INFO - Processing file /home/airflow/.local/lib/python3.7/site-packages/airflow/example_dags/example_branch_datetime_operator.py for tasks to queue
[2025-09-27T14:55:32.034+0000] {logging_mixin.py:149} INFO - [2025-09-27T14:55:32.034+0000] {dagbag.py:541} INFO - Filling up the DagBag from /home/airflow/.local/lib/python3.7/site-packages/airflow/example_dags/example_branch_datetime_operator.py
[2025-09-27T14:55:32.045+0000] {processor.py:836} INFO - DAG(s) dict_keys(['example_branch_datetime_operator', 'example_branch_datetime_operator_2', 'example_branch_datetime_operator_3']) retrieved from /home/airflow/.local/lib/python3.7/site-packages/airflow/example_dags/example_branch_datetime_operator.py
[2025-09-27T14:55:32.081+0000] {logging_mixin.py:149} INFO - [2025-09-27T14:55:32.081+0000] {dag.py:2726} INFO - Sync 3 DAGs
[2025-09-27T14:55:32.108+0000] {logging_mixin.py:149} INFO - [2025-09-27T14:55:32.108+0000] {dag.py:3490} INFO - Setting next_dagrun for example_branch_datetime_operator to 2025-09-26T00:00:00+00:00, run_after=2025-09-27T00:00:00+00:00
[2025-09-27T14:55:32.113+0000] {logging_mixin.py:149} INFO - [2025-09-27T14:55:32.113+0000] {dag.py:3490} INFO - Setting next_dagrun for example_branch_datetime_operator_2 to 2025-09-26T00:00:00+00:00, run_after=2025-09-27T00:00:00+00:00
[2025-09-27T14:55:32.116+0000] {logging_mixin.py:149} INFO - [2025-09-27T14:55:32.116+0000] {dag.py:3490} INFO - Setting next_dagrun for example_branch_datetime_operator_3 to 2025-09-26T00:00:00+00:00, run_after=2025-09-27T00:00:00+00:00
[2025-09-27T14:55:32.135+0000] {processor.py:179} INFO - Processing /home/airflow/.local/lib/python3.7/site-packages/airflow/example_dags/example_branch_datetime_operator.py took 0.107 seconds
[2025-09-27T15:56:44.305+0000] {processor.py:157} INFO - Started process (PID=7659) to work on /home/airflow/.local/lib/python3.7/site-packages/airflow/example_dags/example_branch_datetime_operator.py
[2025-09-27T15:56:44.307+0000] {processor.py:826} INFO - Processing file /home/airflow/.local/lib/python3.7/site-packages/airflow/example_dags/example_branch_datetime_operator.py for tasks to queue
[2025-09-27T15:56:44.308+0000] {logging_mixin.py:149} INFO - [2025-09-27T15:56:44.308+0000] {dagbag.py:541} INFO - Filling up the DagBag from /home/airflow/.local/lib/python3.7/site-packages/airflow/example_dags/example_branch_datetime_operator.py
[2025-09-27T15:56:44.323+0000] {processor.py:836} INFO - DAG(s) dict_keys(['example_branch_datetime_operator', 'example_branch_datetime_operator_3', 'example_branch_datetime_operator_2']) retrieved from /home/airflow/.local/lib/python3.7/site-packages/airflow/example_dags/example_branch_datetime_operator.py
[2025-09-27T15:56:44.369+0000] {logging_mixin.py:149} INFO - [2025-09-27T15:56:44.369+0000] {dag.py:2726} INFO - Sync 3 DAGs
[2025-09-27T15:56:44.408+0000] {logging_mixin.py:149} INFO - [2025-09-27T15:56:44.408+0000] {dag.py:3490} INFO - Setting next_dagrun for example_branch_datetime_operator to 2025-09-26T00:00:00+00:00, run_after=2025-09-27T00:00:00+00:00
[2025-09-27T15:56:44.415+0000] {logging_mixin.py:149} INFO - [2025-09-27T15:56:44.414+0000] {dag.py:3490} INFO - Setting next_dagrun for example_branch_datetime_operator_2 to 2025-09-26T00:00:00+00:00, run_after=2025-09-27T00:00:00+00:00
[2025-09-27T15:56:44.418+0000] {logging_mixin.py:149} INFO - [2025-09-27T15:56:44.418+0000] {dag.py:3490} INFO - Setting next_dagrun for example_branch_datetime_operator_3 to 2025-09-26T00:00:00+00:00, run_after=2025-09-27T00:00:00+00:00
[2025-09-27T15:56:44.441+0000] {processor.py:179} INFO - Processing /home/airflow/.local/lib/python3.7/site-packages/airflow/example_dags/example_branch_datetime_operator.py took 0.141 seconds
[2025-09-27T15:57:14.738+0000] {processor.py:157} INFO - Started process (PID=7948) to work on /home/airflow/.local/lib/python3.7/site-packages/airflow/example_dags/example_branch_datetime_operator.py
[2025-09-27T15:57:14.739+0000] {processor.py:826} INFO - Processing file /home/airflow/.local/lib/python3.7/site-packages/airflow/example_dags/example_branch_datetime_operator.py for tasks to queue
[2025-09-27T15:57:14.740+0000] {logging_mixin.py:149} INFO - [2025-09-27T15:57:14.740+0000] {dagbag.py:541} INFO - Filling up the DagBag from /home/airflow/.local/lib/python3.7/site-packages/airflow/example_dags/example_branch_datetime_operator.py
[2025-09-27T15:57:14.750+0000] {processor.py:836} INFO - DAG(s) dict_keys(['example_branch_datetime_operator_3', 'example_branch_datetime_operator_2', 'example_branch_datetime_operator']) retrieved from /home/airflow/.local/lib/python3.7/site-packages/airflow/example_dags/example_branch_datetime_operator.py
[2025-09-27T15:57:14.787+0000] {logging_mixin.py:149} INFO - [2025-09-27T15:57:14.787+0000] {dag.py:2726} INFO - Sync 3 DAGs
[2025-09-27T15:57:14.816+0000] {logging_mixin.py:149} INFO - [2025-09-27T15:57:14.815+0000] {dag.py:3490} INFO - Setting next_dagrun for example_branch_datetime_operator to 2025-09-26T00:00:00+00:00, run_after=2025-09-27T00:00:00+00:00
[2025-09-27T15:57:14.824+0000] {logging_mixin.py:149} INFO - [2025-09-27T15:57:14.824+0000] {dag.py:3490} INFO - Setting next_dagrun for example_branch_datetime_operator_2 to 2025-09-26T00:00:00+00:00, run_after=2025-09-27T00:00:00+00:00
[2025-09-27T15:57:14.828+0000] {logging_mixin.py:149} INFO - [2025-09-27T15:57:14.827+0000] {dag.py:3490} INFO - Setting next_dagrun for example_branch_datetime_operator_3 to 2025-09-26T00:00:00+00:00, run_after=2025-09-27T00:00:00+00:00
[2025-09-27T15:57:14.850+0000] {processor.py:179} INFO - Processing /home/airflow/.local/lib/python3.7/site-packages/airflow/example_dags/example_branch_datetime_operator.py took 0.116 seconds
[2025-09-27T15:57:46.555+0000] {processor.py:157} INFO - Started process (PID=8242) to work on /home/airflow/.local/lib/python3.7/site-packages/airflow/example_dags/example_branch_datetime_operator.py
[2025-09-27T15:57:46.556+0000] {processor.py:826} INFO - Processing file /home/airflow/.local/lib/python3.7/site-packages/airflow/example_dags/example_branch_datetime_operator.py for tasks to queue
[2025-09-27T15:57:46.557+0000] {logging_mixin.py:149} INFO - [2025-09-27T15:57:46.557+0000] {dagbag.py:541} INFO - Filling up the DagBag from /home/airflow/.local/lib/python3.7/site-packages/airflow/example_dags/example_branch_datetime_operator.py
[2025-09-27T15:57:46.568+0000] {processor.py:836} INFO - DAG(s) dict_keys(['example_branch_datetime_operator_2', 'example_branch_datetime_operator', 'example_branch_datetime_operator_3']) retrieved from /home/airflow/.local/lib/python3.7/site-packages/airflow/example_dags/example_branch_datetime_operator.py
[2025-09-27T15:57:46.613+0000] {logging_mixin.py:149} INFO - [2025-09-27T15:57:46.613+0000] {dag.py:2726} INFO - Sync 3 DAGs
[2025-09-27T15:57:46.645+0000] {logging_mixin.py:149} INFO - [2025-09-27T15:57:46.644+0000] {dag.py:3490} INFO - Setting next_dagrun for example_branch_datetime_operator to 2025-09-26T00:00:00+00:00, run_after=2025-09-27T00:00:00+00:00
[2025-09-27T15:57:46.650+0000] {logging_mixin.py:149} INFO - [2025-09-27T15:57:46.650+0000] {dag.py:3490} INFO - Setting next_dagrun for example_branch_datetime_operator_2 to 2025-09-26T00:00:00+00:00, run_after=2025-09-27T00:00:00+00:00
[2025-09-27T15:57:46.653+0000] {logging_mixin.py:149} INFO - [2025-09-27T15:57:46.653+0000] {dag.py:3490} INFO - Setting next_dagrun for example_branch_datetime_operator_3 to 2025-09-26T00:00:00+00:00, run_after=2025-09-27T00:00:00+00:00
[2025-09-27T15:57:46.673+0000] {processor.py:179} INFO - Processing /home/airflow/.local/lib/python3.7/site-packages/airflow/example_dags/example_branch_datetime_operator.py took 0.122 seconds
