[2025-08-28T19:41:26.781+0000] {processor.py:157} INFO - Started process (PID=365) to work on /home/airflow/.local/lib/python3.7/site-packages/airflow/example_dags/example_latest_only_with_trigger.py
[2025-08-28T19:41:26.782+0000] {processor.py:826} INFO - Processing file /home/airflow/.local/lib/python3.7/site-packages/airflow/example_dags/example_latest_only_with_trigger.py for tasks to queue
[2025-08-28T19:41:26.784+0000] {logging_mixin.py:149} INFO - [2025-08-28T19:41:26.783+0000] {dagbag.py:541} INFO - Filling up the DagBag from /home/airflow/.local/lib/python3.7/site-packages/airflow/example_dags/example_latest_only_with_trigger.py
[2025-08-28T19:41:26.793+0000] {processor.py:836} INFO - DAG(s) dict_keys(['latest_only_with_trigger']) retrieved from /home/airflow/.local/lib/python3.7/site-packages/airflow/example_dags/example_latest_only_with_trigger.py
[2025-08-28T19:41:26.836+0000] {logging_mixin.py:149} INFO - [2025-08-28T19:41:26.836+0000] {dag.py:2726} INFO - Sync 1 DAGs
[2025-08-28T19:41:26.874+0000] {logging_mixin.py:149} INFO - [2025-08-28T19:41:26.874+0000] {dag.py:3490} INFO - Setting next_dagrun for latest_only_with_trigger to 2025-08-28T15:41:26.873826+00:00, run_after=2025-08-28T19:41:26.873826+00:00
[2025-08-28T19:41:26.909+0000] {processor.py:179} INFO - Processing /home/airflow/.local/lib/python3.7/site-packages/airflow/example_dags/example_latest_only_with_trigger.py took 0.134 seconds
[2025-08-28T19:41:57.122+0000] {processor.py:157} INFO - Started process (PID=610) to work on /home/airflow/.local/lib/python3.7/site-packages/airflow/example_dags/example_latest_only_with_trigger.py
[2025-08-28T19:41:57.124+0000] {processor.py:826} INFO - Processing file /home/airflow/.local/lib/python3.7/site-packages/airflow/example_dags/example_latest_only_with_trigger.py for tasks to queue
[2025-08-28T19:41:57.124+0000] {logging_mixin.py:149} INFO - [2025-08-28T19:41:57.124+0000] {dagbag.py:541} INFO - Filling up the DagBag from /home/airflow/.local/lib/python3.7/site-packages/airflow/example_dags/example_latest_only_with_trigger.py
[2025-08-28T19:41:57.133+0000] {processor.py:836} INFO - DAG(s) dict_keys(['latest_only_with_trigger']) retrieved from /home/airflow/.local/lib/python3.7/site-packages/airflow/example_dags/example_latest_only_with_trigger.py
[2025-08-28T19:41:57.162+0000] {logging_mixin.py:149} INFO - [2025-08-28T19:41:57.161+0000] {dag.py:2726} INFO - Sync 1 DAGs
[2025-08-28T19:41:57.192+0000] {logging_mixin.py:149} INFO - [2025-08-28T19:41:57.191+0000] {dag.py:3490} INFO - Setting next_dagrun for latest_only_with_trigger to 2025-08-28T15:41:57.191606+00:00, run_after=2025-08-28T19:41:57.191606+00:00
[2025-08-28T19:41:57.214+0000] {processor.py:179} INFO - Processing /home/airflow/.local/lib/python3.7/site-packages/airflow/example_dags/example_latest_only_with_trigger.py took 0.096 seconds
[2025-08-28T19:42:28.178+0000] {processor.py:157} INFO - Started process (PID=855) to work on /home/airflow/.local/lib/python3.7/site-packages/airflow/example_dags/example_latest_only_with_trigger.py
[2025-08-28T19:42:28.180+0000] {processor.py:826} INFO - Processing file /home/airflow/.local/lib/python3.7/site-packages/airflow/example_dags/example_latest_only_with_trigger.py for tasks to queue
[2025-08-28T19:42:28.182+0000] {logging_mixin.py:149} INFO - [2025-08-28T19:42:28.182+0000] {dagbag.py:541} INFO - Filling up the DagBag from /home/airflow/.local/lib/python3.7/site-packages/airflow/example_dags/example_latest_only_with_trigger.py
[2025-08-28T19:42:28.205+0000] {processor.py:836} INFO - DAG(s) dict_keys(['latest_only_with_trigger']) retrieved from /home/airflow/.local/lib/python3.7/site-packages/airflow/example_dags/example_latest_only_with_trigger.py
[2025-08-28T19:42:28.306+0000] {logging_mixin.py:149} INFO - [2025-08-28T19:42:28.302+0000] {dag.py:2726} INFO - Sync 1 DAGs
[2025-08-28T19:42:28.387+0000] {logging_mixin.py:149} INFO - [2025-08-28T19:42:28.387+0000] {dag.py:3490} INFO - Setting next_dagrun for latest_only_with_trigger to 2025-08-28T15:42:28.386941+00:00, run_after=2025-08-28T19:42:28.386941+00:00
[2025-08-28T19:42:28.572+0000] {processor.py:179} INFO - Processing /home/airflow/.local/lib/python3.7/site-packages/airflow/example_dags/example_latest_only_with_trigger.py took 0.401 seconds
[2025-08-28T19:42:59.637+0000] {processor.py:157} INFO - Started process (PID=1102) to work on /home/airflow/.local/lib/python3.7/site-packages/airflow/example_dags/example_latest_only_with_trigger.py
[2025-08-28T19:42:59.638+0000] {processor.py:826} INFO - Processing file /home/airflow/.local/lib/python3.7/site-packages/airflow/example_dags/example_latest_only_with_trigger.py for tasks to queue
[2025-08-28T19:42:59.639+0000] {logging_mixin.py:149} INFO - [2025-08-28T19:42:59.639+0000] {dagbag.py:541} INFO - Filling up the DagBag from /home/airflow/.local/lib/python3.7/site-packages/airflow/example_dags/example_latest_only_with_trigger.py
[2025-08-28T19:42:59.646+0000] {processor.py:836} INFO - DAG(s) dict_keys(['latest_only_with_trigger']) retrieved from /home/airflow/.local/lib/python3.7/site-packages/airflow/example_dags/example_latest_only_with_trigger.py
[2025-08-28T19:42:59.685+0000] {logging_mixin.py:149} INFO - [2025-08-28T19:42:59.685+0000] {dag.py:2726} INFO - Sync 1 DAGs
[2025-08-28T19:42:59.717+0000] {logging_mixin.py:149} INFO - [2025-08-28T19:42:59.717+0000] {dag.py:3490} INFO - Setting next_dagrun for latest_only_with_trigger to 2025-08-28T15:42:59.716783+00:00, run_after=2025-08-28T19:42:59.716783+00:00
[2025-08-28T19:42:59.745+0000] {processor.py:179} INFO - Processing /home/airflow/.local/lib/python3.7/site-packages/airflow/example_dags/example_latest_only_with_trigger.py took 0.112 seconds
[2025-08-28T19:43:30.771+0000] {processor.py:157} INFO - Started process (PID=1347) to work on /home/airflow/.local/lib/python3.7/site-packages/airflow/example_dags/example_latest_only_with_trigger.py
[2025-08-28T19:43:30.773+0000] {processor.py:826} INFO - Processing file /home/airflow/.local/lib/python3.7/site-packages/airflow/example_dags/example_latest_only_with_trigger.py for tasks to queue
[2025-08-28T19:43:30.774+0000] {logging_mixin.py:149} INFO - [2025-08-28T19:43:30.773+0000] {dagbag.py:541} INFO - Filling up the DagBag from /home/airflow/.local/lib/python3.7/site-packages/airflow/example_dags/example_latest_only_with_trigger.py
[2025-08-28T19:43:30.782+0000] {processor.py:836} INFO - DAG(s) dict_keys(['latest_only_with_trigger']) retrieved from /home/airflow/.local/lib/python3.7/site-packages/airflow/example_dags/example_latest_only_with_trigger.py
[2025-08-28T19:43:30.818+0000] {logging_mixin.py:149} INFO - [2025-08-28T19:43:30.818+0000] {dag.py:2726} INFO - Sync 1 DAGs
[2025-08-28T19:43:30.847+0000] {logging_mixin.py:149} INFO - [2025-08-28T19:43:30.847+0000] {dag.py:3490} INFO - Setting next_dagrun for latest_only_with_trigger to 2025-08-28T15:43:30.846825+00:00, run_after=2025-08-28T19:43:30.846825+00:00
[2025-08-28T19:43:30.879+0000] {processor.py:179} INFO - Processing /home/airflow/.local/lib/python3.7/site-packages/airflow/example_dags/example_latest_only_with_trigger.py took 0.113 seconds
[2025-08-28T19:44:01.116+0000] {processor.py:157} INFO - Started process (PID=1592) to work on /home/airflow/.local/lib/python3.7/site-packages/airflow/example_dags/example_latest_only_with_trigger.py
[2025-08-28T19:44:01.117+0000] {processor.py:826} INFO - Processing file /home/airflow/.local/lib/python3.7/site-packages/airflow/example_dags/example_latest_only_with_trigger.py for tasks to queue
[2025-08-28T19:44:01.118+0000] {logging_mixin.py:149} INFO - [2025-08-28T19:44:01.118+0000] {dagbag.py:541} INFO - Filling up the DagBag from /home/airflow/.local/lib/python3.7/site-packages/airflow/example_dags/example_latest_only_with_trigger.py
[2025-08-28T19:44:01.125+0000] {processor.py:836} INFO - DAG(s) dict_keys(['latest_only_with_trigger']) retrieved from /home/airflow/.local/lib/python3.7/site-packages/airflow/example_dags/example_latest_only_with_trigger.py
[2025-08-28T19:44:01.160+0000] {logging_mixin.py:149} INFO - [2025-08-28T19:44:01.159+0000] {dag.py:2726} INFO - Sync 1 DAGs
[2025-08-28T19:44:01.189+0000] {logging_mixin.py:149} INFO - [2025-08-28T19:44:01.189+0000] {dag.py:3490} INFO - Setting next_dagrun for latest_only_with_trigger to 2025-08-28T15:44:01.189122+00:00, run_after=2025-08-28T19:44:01.189122+00:00
[2025-08-28T19:44:01.215+0000] {processor.py:179} INFO - Processing /home/airflow/.local/lib/python3.7/site-packages/airflow/example_dags/example_latest_only_with_trigger.py took 0.103 seconds
[2025-08-28T19:44:31.518+0000] {processor.py:157} INFO - Started process (PID=1837) to work on /home/airflow/.local/lib/python3.7/site-packages/airflow/example_dags/example_latest_only_with_trigger.py
[2025-08-28T19:44:31.521+0000] {processor.py:826} INFO - Processing file /home/airflow/.local/lib/python3.7/site-packages/airflow/example_dags/example_latest_only_with_trigger.py for tasks to queue
[2025-08-28T19:44:31.522+0000] {logging_mixin.py:149} INFO - [2025-08-28T19:44:31.522+0000] {dagbag.py:541} INFO - Filling up the DagBag from /home/airflow/.local/lib/python3.7/site-packages/airflow/example_dags/example_latest_only_with_trigger.py
[2025-08-28T19:44:31.538+0000] {processor.py:836} INFO - DAG(s) dict_keys(['latest_only_with_trigger']) retrieved from /home/airflow/.local/lib/python3.7/site-packages/airflow/example_dags/example_latest_only_with_trigger.py
[2025-08-28T19:44:31.588+0000] {logging_mixin.py:149} INFO - [2025-08-28T19:44:31.588+0000] {dag.py:2726} INFO - Sync 1 DAGs
[2025-08-28T19:44:31.619+0000] {logging_mixin.py:149} INFO - [2025-08-28T19:44:31.618+0000] {dag.py:3490} INFO - Setting next_dagrun for latest_only_with_trigger to 2025-08-28T15:44:31.618654+00:00, run_after=2025-08-28T19:44:31.618654+00:00
[2025-08-28T19:44:31.644+0000] {processor.py:179} INFO - Processing /home/airflow/.local/lib/python3.7/site-packages/airflow/example_dags/example_latest_only_with_trigger.py took 0.132 seconds
[2025-08-28T19:45:02.092+0000] {processor.py:157} INFO - Started process (PID=2082) to work on /home/airflow/.local/lib/python3.7/site-packages/airflow/example_dags/example_latest_only_with_trigger.py
[2025-08-28T19:45:02.093+0000] {processor.py:826} INFO - Processing file /home/airflow/.local/lib/python3.7/site-packages/airflow/example_dags/example_latest_only_with_trigger.py for tasks to queue
[2025-08-28T19:45:02.094+0000] {logging_mixin.py:149} INFO - [2025-08-28T19:45:02.094+0000] {dagbag.py:541} INFO - Filling up the DagBag from /home/airflow/.local/lib/python3.7/site-packages/airflow/example_dags/example_latest_only_with_trigger.py
[2025-08-28T19:45:02.104+0000] {processor.py:836} INFO - DAG(s) dict_keys(['latest_only_with_trigger']) retrieved from /home/airflow/.local/lib/python3.7/site-packages/airflow/example_dags/example_latest_only_with_trigger.py
[2025-08-28T19:45:02.148+0000] {logging_mixin.py:149} INFO - [2025-08-28T19:45:02.148+0000] {dag.py:2726} INFO - Sync 1 DAGs
[2025-08-28T19:45:02.184+0000] {logging_mixin.py:149} INFO - [2025-08-28T19:45:02.184+0000] {dag.py:3490} INFO - Setting next_dagrun for latest_only_with_trigger to 2025-08-28T15:45:02.184536+00:00, run_after=2025-08-28T19:45:02.184536+00:00
[2025-08-28T19:45:02.234+0000] {processor.py:179} INFO - Processing /home/airflow/.local/lib/python3.7/site-packages/airflow/example_dags/example_latest_only_with_trigger.py took 0.152 seconds
[2025-08-28T19:45:32.607+0000] {processor.py:157} INFO - Started process (PID=2327) to work on /home/airflow/.local/lib/python3.7/site-packages/airflow/example_dags/example_latest_only_with_trigger.py
[2025-08-28T19:45:32.608+0000] {processor.py:826} INFO - Processing file /home/airflow/.local/lib/python3.7/site-packages/airflow/example_dags/example_latest_only_with_trigger.py for tasks to queue
[2025-08-28T19:45:32.609+0000] {logging_mixin.py:149} INFO - [2025-08-28T19:45:32.609+0000] {dagbag.py:541} INFO - Filling up the DagBag from /home/airflow/.local/lib/python3.7/site-packages/airflow/example_dags/example_latest_only_with_trigger.py
[2025-08-28T19:45:32.617+0000] {processor.py:836} INFO - DAG(s) dict_keys(['latest_only_with_trigger']) retrieved from /home/airflow/.local/lib/python3.7/site-packages/airflow/example_dags/example_latest_only_with_trigger.py
[2025-08-28T19:45:32.650+0000] {logging_mixin.py:149} INFO - [2025-08-28T19:45:32.649+0000] {dag.py:2726} INFO - Sync 1 DAGs
[2025-08-28T19:45:32.679+0000] {logging_mixin.py:149} INFO - [2025-08-28T19:45:32.679+0000] {dag.py:3490} INFO - Setting next_dagrun for latest_only_with_trigger to 2025-08-28T15:45:32.678945+00:00, run_after=2025-08-28T19:45:32.678945+00:00
[2025-08-28T19:45:32.701+0000] {processor.py:179} INFO - Processing /home/airflow/.local/lib/python3.7/site-packages/airflow/example_dags/example_latest_only_with_trigger.py took 0.098 seconds
[2025-08-28T19:58:38.642+0000] {processor.py:157} INFO - Started process (PID=373) to work on /home/airflow/.local/lib/python3.7/site-packages/airflow/example_dags/example_latest_only_with_trigger.py
[2025-08-28T19:58:38.643+0000] {processor.py:826} INFO - Processing file /home/airflow/.local/lib/python3.7/site-packages/airflow/example_dags/example_latest_only_with_trigger.py for tasks to queue
[2025-08-28T19:58:38.644+0000] {logging_mixin.py:149} INFO - [2025-08-28T19:58:38.644+0000] {dagbag.py:541} INFO - Filling up the DagBag from /home/airflow/.local/lib/python3.7/site-packages/airflow/example_dags/example_latest_only_with_trigger.py
[2025-08-28T19:58:38.653+0000] {processor.py:836} INFO - DAG(s) dict_keys(['latest_only_with_trigger']) retrieved from /home/airflow/.local/lib/python3.7/site-packages/airflow/example_dags/example_latest_only_with_trigger.py
[2025-08-28T19:58:38.702+0000] {logging_mixin.py:149} INFO - [2025-08-28T19:58:38.702+0000] {dag.py:2726} INFO - Sync 1 DAGs
[2025-08-28T19:58:38.746+0000] {logging_mixin.py:149} INFO - [2025-08-28T19:58:38.746+0000] {dag.py:3490} INFO - Setting next_dagrun for latest_only_with_trigger to 2025-08-28T15:58:38.746340+00:00, run_after=2025-08-28T19:58:38.746340+00:00
[2025-08-28T19:58:38.777+0000] {processor.py:179} INFO - Processing /home/airflow/.local/lib/python3.7/site-packages/airflow/example_dags/example_latest_only_with_trigger.py took 0.140 seconds
[2025-08-28T19:59:12.655+0000] {processor.py:157} INFO - Started process (PID=613) to work on /home/airflow/.local/lib/python3.7/site-packages/airflow/example_dags/example_latest_only_with_trigger.py
[2025-08-28T19:59:12.657+0000] {processor.py:826} INFO - Processing file /home/airflow/.local/lib/python3.7/site-packages/airflow/example_dags/example_latest_only_with_trigger.py for tasks to queue
[2025-08-28T19:59:12.658+0000] {logging_mixin.py:149} INFO - [2025-08-28T19:59:12.657+0000] {dagbag.py:541} INFO - Filling up the DagBag from /home/airflow/.local/lib/python3.7/site-packages/airflow/example_dags/example_latest_only_with_trigger.py
[2025-08-28T19:59:12.664+0000] {processor.py:836} INFO - DAG(s) dict_keys(['latest_only_with_trigger']) retrieved from /home/airflow/.local/lib/python3.7/site-packages/airflow/example_dags/example_latest_only_with_trigger.py
[2025-08-28T19:59:12.698+0000] {logging_mixin.py:149} INFO - [2025-08-28T19:59:12.698+0000] {dag.py:2726} INFO - Sync 1 DAGs
[2025-08-28T19:59:12.729+0000] {logging_mixin.py:149} INFO - [2025-08-28T19:59:12.728+0000] {dag.py:3490} INFO - Setting next_dagrun for latest_only_with_trigger to 2025-08-28T15:59:12.728595+00:00, run_after=2025-08-28T19:59:12.728595+00:00
[2025-08-28T19:59:12.758+0000] {processor.py:179} INFO - Processing /home/airflow/.local/lib/python3.7/site-packages/airflow/example_dags/example_latest_only_with_trigger.py took 0.107 seconds
[2025-08-28T19:59:43.893+0000] {processor.py:157} INFO - Started process (PID=858) to work on /home/airflow/.local/lib/python3.7/site-packages/airflow/example_dags/example_latest_only_with_trigger.py
[2025-08-28T19:59:43.894+0000] {processor.py:826} INFO - Processing file /home/airflow/.local/lib/python3.7/site-packages/airflow/example_dags/example_latest_only_with_trigger.py for tasks to queue
[2025-08-28T19:59:43.895+0000] {logging_mixin.py:149} INFO - [2025-08-28T19:59:43.895+0000] {dagbag.py:541} INFO - Filling up the DagBag from /home/airflow/.local/lib/python3.7/site-packages/airflow/example_dags/example_latest_only_with_trigger.py
[2025-08-28T19:59:43.903+0000] {processor.py:836} INFO - DAG(s) dict_keys(['latest_only_with_trigger']) retrieved from /home/airflow/.local/lib/python3.7/site-packages/airflow/example_dags/example_latest_only_with_trigger.py
[2025-08-28T19:59:43.936+0000] {logging_mixin.py:149} INFO - [2025-08-28T19:59:43.936+0000] {dag.py:2726} INFO - Sync 1 DAGs
[2025-08-28T19:59:43.970+0000] {logging_mixin.py:149} INFO - [2025-08-28T19:59:43.970+0000] {dag.py:3490} INFO - Setting next_dagrun for latest_only_with_trigger to 2025-08-28T15:59:43.970033+00:00, run_after=2025-08-28T19:59:43.970033+00:00
[2025-08-28T19:59:44.096+0000] {processor.py:179} INFO - Processing /home/airflow/.local/lib/python3.7/site-packages/airflow/example_dags/example_latest_only_with_trigger.py took 0.207 seconds
[2025-08-28T20:00:15.309+0000] {processor.py:157} INFO - Started process (PID=1110) to work on /home/airflow/.local/lib/python3.7/site-packages/airflow/example_dags/example_latest_only_with_trigger.py
[2025-08-28T20:00:15.310+0000] {processor.py:826} INFO - Processing file /home/airflow/.local/lib/python3.7/site-packages/airflow/example_dags/example_latest_only_with_trigger.py for tasks to queue
[2025-08-28T20:00:15.311+0000] {logging_mixin.py:149} INFO - [2025-08-28T20:00:15.311+0000] {dagbag.py:541} INFO - Filling up the DagBag from /home/airflow/.local/lib/python3.7/site-packages/airflow/example_dags/example_latest_only_with_trigger.py
[2025-08-28T20:00:15.420+0000] {processor.py:836} INFO - DAG(s) dict_keys(['latest_only_with_trigger']) retrieved from /home/airflow/.local/lib/python3.7/site-packages/airflow/example_dags/example_latest_only_with_trigger.py
[2025-08-28T20:00:15.443+0000] {logging_mixin.py:149} INFO - [2025-08-28T20:00:15.443+0000] {dag.py:2726} INFO - Sync 1 DAGs
[2025-08-28T20:00:15.471+0000] {logging_mixin.py:149} INFO - [2025-08-28T20:00:15.471+0000] {dag.py:3490} INFO - Setting next_dagrun for latest_only_with_trigger to 2025-08-28T16:00:15.471100+00:00, run_after=2025-08-28T20:00:15.471100+00:00
[2025-08-28T20:00:15.490+0000] {processor.py:179} INFO - Processing /home/airflow/.local/lib/python3.7/site-packages/airflow/example_dags/example_latest_only_with_trigger.py took 0.184 seconds
[2025-08-28T20:00:45.847+0000] {processor.py:157} INFO - Started process (PID=1353) to work on /home/airflow/.local/lib/python3.7/site-packages/airflow/example_dags/example_latest_only_with_trigger.py
[2025-08-28T20:00:45.848+0000] {processor.py:826} INFO - Processing file /home/airflow/.local/lib/python3.7/site-packages/airflow/example_dags/example_latest_only_with_trigger.py for tasks to queue
[2025-08-28T20:00:45.849+0000] {logging_mixin.py:149} INFO - [2025-08-28T20:00:45.849+0000] {dagbag.py:541} INFO - Filling up the DagBag from /home/airflow/.local/lib/python3.7/site-packages/airflow/example_dags/example_latest_only_with_trigger.py
[2025-08-28T20:00:45.856+0000] {processor.py:836} INFO - DAG(s) dict_keys(['latest_only_with_trigger']) retrieved from /home/airflow/.local/lib/python3.7/site-packages/airflow/example_dags/example_latest_only_with_trigger.py
[2025-08-28T20:00:45.884+0000] {logging_mixin.py:149} INFO - [2025-08-28T20:00:45.884+0000] {dag.py:2726} INFO - Sync 1 DAGs
[2025-08-28T20:00:45.915+0000] {logging_mixin.py:149} INFO - [2025-08-28T20:00:45.915+0000] {dag.py:3490} INFO - Setting next_dagrun for latest_only_with_trigger to 2025-08-28T16:00:45.915354+00:00, run_after=2025-08-28T20:00:45.915354+00:00
[2025-08-28T20:00:45.939+0000] {processor.py:179} INFO - Processing /home/airflow/.local/lib/python3.7/site-packages/airflow/example_dags/example_latest_only_with_trigger.py took 0.095 seconds
[2025-08-28T20:01:16.483+0000] {processor.py:157} INFO - Started process (PID=1600) to work on /home/airflow/.local/lib/python3.7/site-packages/airflow/example_dags/example_latest_only_with_trigger.py
[2025-08-28T20:01:16.484+0000] {processor.py:826} INFO - Processing file /home/airflow/.local/lib/python3.7/site-packages/airflow/example_dags/example_latest_only_with_trigger.py for tasks to queue
[2025-08-28T20:01:16.485+0000] {logging_mixin.py:149} INFO - [2025-08-28T20:01:16.485+0000] {dagbag.py:541} INFO - Filling up the DagBag from /home/airflow/.local/lib/python3.7/site-packages/airflow/example_dags/example_latest_only_with_trigger.py
[2025-08-28T20:01:16.492+0000] {processor.py:836} INFO - DAG(s) dict_keys(['latest_only_with_trigger']) retrieved from /home/airflow/.local/lib/python3.7/site-packages/airflow/example_dags/example_latest_only_with_trigger.py
[2025-08-28T20:01:16.523+0000] {logging_mixin.py:149} INFO - [2025-08-28T20:01:16.523+0000] {dag.py:2726} INFO - Sync 1 DAGs
[2025-08-28T20:01:16.554+0000] {logging_mixin.py:149} INFO - [2025-08-28T20:01:16.554+0000] {dag.py:3490} INFO - Setting next_dagrun for latest_only_with_trigger to 2025-08-28T16:01:16.554084+00:00, run_after=2025-08-28T20:01:16.554084+00:00
[2025-08-28T20:01:16.583+0000] {processor.py:179} INFO - Processing /home/airflow/.local/lib/python3.7/site-packages/airflow/example_dags/example_latest_only_with_trigger.py took 0.103 seconds
[2025-08-28T20:01:46.902+0000] {processor.py:157} INFO - Started process (PID=1843) to work on /home/airflow/.local/lib/python3.7/site-packages/airflow/example_dags/example_latest_only_with_trigger.py
[2025-08-28T20:01:46.903+0000] {processor.py:826} INFO - Processing file /home/airflow/.local/lib/python3.7/site-packages/airflow/example_dags/example_latest_only_with_trigger.py for tasks to queue
[2025-08-28T20:01:46.904+0000] {logging_mixin.py:149} INFO - [2025-08-28T20:01:46.903+0000] {dagbag.py:541} INFO - Filling up the DagBag from /home/airflow/.local/lib/python3.7/site-packages/airflow/example_dags/example_latest_only_with_trigger.py
[2025-08-28T20:01:46.910+0000] {processor.py:836} INFO - DAG(s) dict_keys(['latest_only_with_trigger']) retrieved from /home/airflow/.local/lib/python3.7/site-packages/airflow/example_dags/example_latest_only_with_trigger.py
[2025-08-28T20:01:46.938+0000] {logging_mixin.py:149} INFO - [2025-08-28T20:01:46.938+0000] {dag.py:2726} INFO - Sync 1 DAGs
[2025-08-28T20:01:46.966+0000] {logging_mixin.py:149} INFO - [2025-08-28T20:01:46.966+0000] {dag.py:3490} INFO - Setting next_dagrun for latest_only_with_trigger to 2025-08-28T16:01:46.966246+00:00, run_after=2025-08-28T20:01:46.966246+00:00
[2025-08-28T20:01:46.991+0000] {processor.py:179} INFO - Processing /home/airflow/.local/lib/python3.7/site-packages/airflow/example_dags/example_latest_only_with_trigger.py took 0.093 seconds
[2025-08-28T20:02:17.411+0000] {processor.py:157} INFO - Started process (PID=2090) to work on /home/airflow/.local/lib/python3.7/site-packages/airflow/example_dags/example_latest_only_with_trigger.py
[2025-08-28T20:02:17.412+0000] {processor.py:826} INFO - Processing file /home/airflow/.local/lib/python3.7/site-packages/airflow/example_dags/example_latest_only_with_trigger.py for tasks to queue
[2025-08-28T20:02:17.413+0000] {logging_mixin.py:149} INFO - [2025-08-28T20:02:17.413+0000] {dagbag.py:541} INFO - Filling up the DagBag from /home/airflow/.local/lib/python3.7/site-packages/airflow/example_dags/example_latest_only_with_trigger.py
[2025-08-28T20:02:17.420+0000] {processor.py:836} INFO - DAG(s) dict_keys(['latest_only_with_trigger']) retrieved from /home/airflow/.local/lib/python3.7/site-packages/airflow/example_dags/example_latest_only_with_trigger.py
[2025-08-28T20:02:17.455+0000] {logging_mixin.py:149} INFO - [2025-08-28T20:02:17.455+0000] {dag.py:2726} INFO - Sync 1 DAGs
[2025-08-28T20:02:17.488+0000] {logging_mixin.py:149} INFO - [2025-08-28T20:02:17.488+0000] {dag.py:3490} INFO - Setting next_dagrun for latest_only_with_trigger to 2025-08-28T16:02:17.488051+00:00, run_after=2025-08-28T20:02:17.488051+00:00
[2025-08-28T20:02:17.513+0000] {processor.py:179} INFO - Processing /home/airflow/.local/lib/python3.7/site-packages/airflow/example_dags/example_latest_only_with_trigger.py took 0.105 seconds
[2025-08-28T20:02:47.726+0000] {processor.py:157} INFO - Started process (PID=2333) to work on /home/airflow/.local/lib/python3.7/site-packages/airflow/example_dags/example_latest_only_with_trigger.py
[2025-08-28T20:02:47.727+0000] {processor.py:826} INFO - Processing file /home/airflow/.local/lib/python3.7/site-packages/airflow/example_dags/example_latest_only_with_trigger.py for tasks to queue
[2025-08-28T20:02:47.728+0000] {logging_mixin.py:149} INFO - [2025-08-28T20:02:47.728+0000] {dagbag.py:541} INFO - Filling up the DagBag from /home/airflow/.local/lib/python3.7/site-packages/airflow/example_dags/example_latest_only_with_trigger.py
[2025-08-28T20:02:47.735+0000] {processor.py:836} INFO - DAG(s) dict_keys(['latest_only_with_trigger']) retrieved from /home/airflow/.local/lib/python3.7/site-packages/airflow/example_dags/example_latest_only_with_trigger.py
[2025-08-28T20:02:47.764+0000] {logging_mixin.py:149} INFO - [2025-08-28T20:02:47.764+0000] {dag.py:2726} INFO - Sync 1 DAGs
[2025-08-28T20:02:47.796+0000] {logging_mixin.py:149} INFO - [2025-08-28T20:02:47.796+0000] {dag.py:3490} INFO - Setting next_dagrun for latest_only_with_trigger to 2025-08-28T16:02:47.795712+00:00, run_after=2025-08-28T20:02:47.795712+00:00
[2025-08-28T20:02:47.819+0000] {processor.py:179} INFO - Processing /home/airflow/.local/lib/python3.7/site-packages/airflow/example_dags/example_latest_only_with_trigger.py took 0.096 seconds
[2025-08-28T20:03:18.174+0000] {processor.py:157} INFO - Started process (PID=2578) to work on /home/airflow/.local/lib/python3.7/site-packages/airflow/example_dags/example_latest_only_with_trigger.py
[2025-08-28T20:03:18.175+0000] {processor.py:826} INFO - Processing file /home/airflow/.local/lib/python3.7/site-packages/airflow/example_dags/example_latest_only_with_trigger.py for tasks to queue
[2025-08-28T20:03:18.176+0000] {logging_mixin.py:149} INFO - [2025-08-28T20:03:18.176+0000] {dagbag.py:541} INFO - Filling up the DagBag from /home/airflow/.local/lib/python3.7/site-packages/airflow/example_dags/example_latest_only_with_trigger.py
[2025-08-28T20:03:18.184+0000] {processor.py:836} INFO - DAG(s) dict_keys(['latest_only_with_trigger']) retrieved from /home/airflow/.local/lib/python3.7/site-packages/airflow/example_dags/example_latest_only_with_trigger.py
[2025-08-28T20:03:18.211+0000] {logging_mixin.py:149} INFO - [2025-08-28T20:03:18.210+0000] {dag.py:2726} INFO - Sync 1 DAGs
[2025-08-28T20:03:18.241+0000] {logging_mixin.py:149} INFO - [2025-08-28T20:03:18.240+0000] {dag.py:3490} INFO - Setting next_dagrun for latest_only_with_trigger to 2025-08-28T16:03:18.240695+00:00, run_after=2025-08-28T20:03:18.240695+00:00
[2025-08-28T20:03:18.261+0000] {processor.py:179} INFO - Processing /home/airflow/.local/lib/python3.7/site-packages/airflow/example_dags/example_latest_only_with_trigger.py took 0.090 seconds
[2025-08-28T20:03:48.602+0000] {processor.py:157} INFO - Started process (PID=2823) to work on /home/airflow/.local/lib/python3.7/site-packages/airflow/example_dags/example_latest_only_with_trigger.py
[2025-08-28T20:03:48.603+0000] {processor.py:826} INFO - Processing file /home/airflow/.local/lib/python3.7/site-packages/airflow/example_dags/example_latest_only_with_trigger.py for tasks to queue
[2025-08-28T20:03:48.604+0000] {logging_mixin.py:149} INFO - [2025-08-28T20:03:48.603+0000] {dagbag.py:541} INFO - Filling up the DagBag from /home/airflow/.local/lib/python3.7/site-packages/airflow/example_dags/example_latest_only_with_trigger.py
[2025-08-28T20:03:48.610+0000] {processor.py:836} INFO - DAG(s) dict_keys(['latest_only_with_trigger']) retrieved from /home/airflow/.local/lib/python3.7/site-packages/airflow/example_dags/example_latest_only_with_trigger.py
[2025-08-28T20:03:48.636+0000] {logging_mixin.py:149} INFO - [2025-08-28T20:03:48.635+0000] {dag.py:2726} INFO - Sync 1 DAGs
[2025-08-28T20:03:48.663+0000] {logging_mixin.py:149} INFO - [2025-08-28T20:03:48.663+0000] {dag.py:3490} INFO - Setting next_dagrun for latest_only_with_trigger to 2025-08-28T16:03:48.663246+00:00, run_after=2025-08-28T20:03:48.663246+00:00
[2025-08-28T20:03:48.693+0000] {processor.py:179} INFO - Processing /home/airflow/.local/lib/python3.7/site-packages/airflow/example_dags/example_latest_only_with_trigger.py took 0.095 seconds
[2025-08-28T20:04:19.644+0000] {processor.py:157} INFO - Started process (PID=3068) to work on /home/airflow/.local/lib/python3.7/site-packages/airflow/example_dags/example_latest_only_with_trigger.py
[2025-08-28T20:04:19.645+0000] {processor.py:826} INFO - Processing file /home/airflow/.local/lib/python3.7/site-packages/airflow/example_dags/example_latest_only_with_trigger.py for tasks to queue
[2025-08-28T20:04:19.646+0000] {logging_mixin.py:149} INFO - [2025-08-28T20:04:19.646+0000] {dagbag.py:541} INFO - Filling up the DagBag from /home/airflow/.local/lib/python3.7/site-packages/airflow/example_dags/example_latest_only_with_trigger.py
[2025-08-28T20:04:19.653+0000] {processor.py:836} INFO - DAG(s) dict_keys(['latest_only_with_trigger']) retrieved from /home/airflow/.local/lib/python3.7/site-packages/airflow/example_dags/example_latest_only_with_trigger.py
[2025-08-28T20:04:19.680+0000] {logging_mixin.py:149} INFO - [2025-08-28T20:04:19.680+0000] {dag.py:2726} INFO - Sync 1 DAGs
[2025-08-28T20:04:19.710+0000] {logging_mixin.py:149} INFO - [2025-08-28T20:04:19.710+0000] {dag.py:3490} INFO - Setting next_dagrun for latest_only_with_trigger to 2025-08-28T16:04:19.710002+00:00, run_after=2025-08-28T20:04:19.710002+00:00
[2025-08-28T20:04:19.738+0000] {processor.py:179} INFO - Processing /home/airflow/.local/lib/python3.7/site-packages/airflow/example_dags/example_latest_only_with_trigger.py took 0.098 seconds
