[2025-08-28T19:41:26.579+0000] {processor.py:157} INFO - Started process (PID=355) to work on /home/airflow/.local/lib/python3.7/site-packages/airflow/example_dags/example_python_operator.py
[2025-08-28T19:41:26.581+0000] {processor.py:826} INFO - Processing file /home/airflow/.local/lib/python3.7/site-packages/airflow/example_dags/example_python_operator.py for tasks to queue
[2025-08-28T19:41:26.582+0000] {logging_mixin.py:149} INFO - [2025-08-28T19:41:26.581+0000] {dagbag.py:541} INFO - Filling up the DagBag from /home/airflow/.local/lib/python3.7/site-packages/airflow/example_dags/example_python_operator.py
[2025-08-28T19:41:26.599+0000] {processor.py:836} INFO - DAG(s) dict_keys(['example_python_operator']) retrieved from /home/airflow/.local/lib/python3.7/site-packages/airflow/example_dags/example_python_operator.py
[2025-08-28T19:41:26.793+0000] {logging_mixin.py:149} INFO - [2025-08-28T19:41:26.793+0000] {dag.py:2726} INFO - Sync 1 DAGs
[2025-08-28T19:41:26.831+0000] {logging_mixin.py:149} INFO - [2025-08-28T19:41:26.831+0000] {dag.py:3490} INFO - Setting next_dagrun for example_python_operator to None, run_after=None
[2025-08-28T19:41:26.860+0000] {processor.py:179} INFO - Processing /home/airflow/.local/lib/python3.7/site-packages/airflow/example_dags/example_python_operator.py took 0.286 seconds
[2025-08-28T19:41:56.991+0000] {processor.py:157} INFO - Started process (PID=600) to work on /home/airflow/.local/lib/python3.7/site-packages/airflow/example_dags/example_python_operator.py
[2025-08-28T19:41:56.991+0000] {processor.py:826} INFO - Processing file /home/airflow/.local/lib/python3.7/site-packages/airflow/example_dags/example_python_operator.py for tasks to queue
[2025-08-28T19:41:56.992+0000] {logging_mixin.py:149} INFO - [2025-08-28T19:41:56.992+0000] {dagbag.py:541} INFO - Filling up the DagBag from /home/airflow/.local/lib/python3.7/site-packages/airflow/example_dags/example_python_operator.py
[2025-08-28T19:41:57.007+0000] {processor.py:836} INFO - DAG(s) dict_keys(['example_python_operator']) retrieved from /home/airflow/.local/lib/python3.7/site-packages/airflow/example_dags/example_python_operator.py
[2025-08-28T19:41:57.042+0000] {logging_mixin.py:149} INFO - [2025-08-28T19:41:57.042+0000] {dag.py:2726} INFO - Sync 1 DAGs
[2025-08-28T19:41:57.076+0000] {logging_mixin.py:149} INFO - [2025-08-28T19:41:57.075+0000] {dag.py:3490} INFO - Setting next_dagrun for example_python_operator to None, run_after=None
[2025-08-28T19:41:57.097+0000] {processor.py:179} INFO - Processing /home/airflow/.local/lib/python3.7/site-packages/airflow/example_dags/example_python_operator.py took 0.110 seconds
[2025-08-28T19:42:27.764+0000] {processor.py:157} INFO - Started process (PID=845) to work on /home/airflow/.local/lib/python3.7/site-packages/airflow/example_dags/example_python_operator.py
[2025-08-28T19:42:27.765+0000] {processor.py:826} INFO - Processing file /home/airflow/.local/lib/python3.7/site-packages/airflow/example_dags/example_python_operator.py for tasks to queue
[2025-08-28T19:42:27.766+0000] {logging_mixin.py:149} INFO - [2025-08-28T19:42:27.766+0000] {dagbag.py:541} INFO - Filling up the DagBag from /home/airflow/.local/lib/python3.7/site-packages/airflow/example_dags/example_python_operator.py
[2025-08-28T19:42:27.783+0000] {processor.py:836} INFO - DAG(s) dict_keys(['example_python_operator']) retrieved from /home/airflow/.local/lib/python3.7/site-packages/airflow/example_dags/example_python_operator.py
[2025-08-28T19:42:27.826+0000] {logging_mixin.py:149} INFO - [2025-08-28T19:42:27.826+0000] {dag.py:2726} INFO - Sync 1 DAGs
[2025-08-28T19:42:27.889+0000] {logging_mixin.py:149} INFO - [2025-08-28T19:42:27.888+0000] {dag.py:3490} INFO - Setting next_dagrun for example_python_operator to None, run_after=None
[2025-08-28T19:42:28.081+0000] {processor.py:179} INFO - Processing /home/airflow/.local/lib/python3.7/site-packages/airflow/example_dags/example_python_operator.py took 0.322 seconds
[2025-08-28T19:42:59.407+0000] {processor.py:157} INFO - Started process (PID=1092) to work on /home/airflow/.local/lib/python3.7/site-packages/airflow/example_dags/example_python_operator.py
[2025-08-28T19:42:59.408+0000] {processor.py:826} INFO - Processing file /home/airflow/.local/lib/python3.7/site-packages/airflow/example_dags/example_python_operator.py for tasks to queue
[2025-08-28T19:42:59.409+0000] {logging_mixin.py:149} INFO - [2025-08-28T19:42:59.409+0000] {dagbag.py:541} INFO - Filling up the DagBag from /home/airflow/.local/lib/python3.7/site-packages/airflow/example_dags/example_python_operator.py
[2025-08-28T19:42:59.422+0000] {processor.py:836} INFO - DAG(s) dict_keys(['example_python_operator']) retrieved from /home/airflow/.local/lib/python3.7/site-packages/airflow/example_dags/example_python_operator.py
[2025-08-28T19:42:59.452+0000] {logging_mixin.py:149} INFO - [2025-08-28T19:42:59.452+0000] {dag.py:2726} INFO - Sync 1 DAGs
[2025-08-28T19:42:59.480+0000] {logging_mixin.py:149} INFO - [2025-08-28T19:42:59.480+0000] {dag.py:3490} INFO - Setting next_dagrun for example_python_operator to None, run_after=None
[2025-08-28T19:42:59.501+0000] {processor.py:179} INFO - Processing /home/airflow/.local/lib/python3.7/site-packages/airflow/example_dags/example_python_operator.py took 0.099 seconds
[2025-08-28T19:43:29.626+0000] {processor.py:157} INFO - Started process (PID=1335) to work on /home/airflow/.local/lib/python3.7/site-packages/airflow/example_dags/example_python_operator.py
[2025-08-28T19:43:29.627+0000] {processor.py:826} INFO - Processing file /home/airflow/.local/lib/python3.7/site-packages/airflow/example_dags/example_python_operator.py for tasks to queue
[2025-08-28T19:43:29.628+0000] {logging_mixin.py:149} INFO - [2025-08-28T19:43:29.628+0000] {dagbag.py:541} INFO - Filling up the DagBag from /home/airflow/.local/lib/python3.7/site-packages/airflow/example_dags/example_python_operator.py
[2025-08-28T19:43:29.640+0000] {processor.py:836} INFO - DAG(s) dict_keys(['example_python_operator']) retrieved from /home/airflow/.local/lib/python3.7/site-packages/airflow/example_dags/example_python_operator.py
[2025-08-28T19:43:29.676+0000] {logging_mixin.py:149} INFO - [2025-08-28T19:43:29.676+0000] {dag.py:2726} INFO - Sync 1 DAGs
[2025-08-28T19:43:29.707+0000] {logging_mixin.py:149} INFO - [2025-08-28T19:43:29.707+0000] {dag.py:3490} INFO - Setting next_dagrun for example_python_operator to None, run_after=None
[2025-08-28T19:43:29.730+0000] {processor.py:179} INFO - Processing /home/airflow/.local/lib/python3.7/site-packages/airflow/example_dags/example_python_operator.py took 0.108 seconds
[2025-08-28T19:43:59.934+0000] {processor.py:157} INFO - Started process (PID=1580) to work on /home/airflow/.local/lib/python3.7/site-packages/airflow/example_dags/example_python_operator.py
[2025-08-28T19:43:59.935+0000] {processor.py:826} INFO - Processing file /home/airflow/.local/lib/python3.7/site-packages/airflow/example_dags/example_python_operator.py for tasks to queue
[2025-08-28T19:43:59.936+0000] {logging_mixin.py:149} INFO - [2025-08-28T19:43:59.936+0000] {dagbag.py:541} INFO - Filling up the DagBag from /home/airflow/.local/lib/python3.7/site-packages/airflow/example_dags/example_python_operator.py
[2025-08-28T19:43:59.952+0000] {processor.py:836} INFO - DAG(s) dict_keys(['example_python_operator']) retrieved from /home/airflow/.local/lib/python3.7/site-packages/airflow/example_dags/example_python_operator.py
[2025-08-28T19:43:59.994+0000] {logging_mixin.py:149} INFO - [2025-08-28T19:43:59.994+0000] {dag.py:2726} INFO - Sync 1 DAGs
[2025-08-28T19:44:00.052+0000] {logging_mixin.py:149} INFO - [2025-08-28T19:44:00.052+0000] {dag.py:3490} INFO - Setting next_dagrun for example_python_operator to None, run_after=None
[2025-08-28T19:44:00.081+0000] {processor.py:179} INFO - Processing /home/airflow/.local/lib/python3.7/site-packages/airflow/example_dags/example_python_operator.py took 0.152 seconds
[2025-08-28T19:44:30.377+0000] {processor.py:157} INFO - Started process (PID=1827) to work on /home/airflow/.local/lib/python3.7/site-packages/airflow/example_dags/example_python_operator.py
[2025-08-28T19:44:30.378+0000] {processor.py:826} INFO - Processing file /home/airflow/.local/lib/python3.7/site-packages/airflow/example_dags/example_python_operator.py for tasks to queue
[2025-08-28T19:44:30.379+0000] {logging_mixin.py:149} INFO - [2025-08-28T19:44:30.379+0000] {dagbag.py:541} INFO - Filling up the DagBag from /home/airflow/.local/lib/python3.7/site-packages/airflow/example_dags/example_python_operator.py
[2025-08-28T19:44:30.391+0000] {processor.py:836} INFO - DAG(s) dict_keys(['example_python_operator']) retrieved from /home/airflow/.local/lib/python3.7/site-packages/airflow/example_dags/example_python_operator.py
[2025-08-28T19:44:30.421+0000] {logging_mixin.py:149} INFO - [2025-08-28T19:44:30.421+0000] {dag.py:2726} INFO - Sync 1 DAGs
[2025-08-28T19:44:30.450+0000] {logging_mixin.py:149} INFO - [2025-08-28T19:44:30.450+0000] {dag.py:3490} INFO - Setting next_dagrun for example_python_operator to None, run_after=None
[2025-08-28T19:44:30.470+0000] {processor.py:179} INFO - Processing /home/airflow/.local/lib/python3.7/site-packages/airflow/example_dags/example_python_operator.py took 0.097 seconds
[2025-08-28T19:45:00.931+0000] {processor.py:157} INFO - Started process (PID=2070) to work on /home/airflow/.local/lib/python3.7/site-packages/airflow/example_dags/example_python_operator.py
[2025-08-28T19:45:00.933+0000] {processor.py:826} INFO - Processing file /home/airflow/.local/lib/python3.7/site-packages/airflow/example_dags/example_python_operator.py for tasks to queue
[2025-08-28T19:45:00.934+0000] {logging_mixin.py:149} INFO - [2025-08-28T19:45:00.933+0000] {dagbag.py:541} INFO - Filling up the DagBag from /home/airflow/.local/lib/python3.7/site-packages/airflow/example_dags/example_python_operator.py
[2025-08-28T19:45:00.949+0000] {processor.py:836} INFO - DAG(s) dict_keys(['example_python_operator']) retrieved from /home/airflow/.local/lib/python3.7/site-packages/airflow/example_dags/example_python_operator.py
[2025-08-28T19:45:00.989+0000] {logging_mixin.py:149} INFO - [2025-08-28T19:45:00.989+0000] {dag.py:2726} INFO - Sync 1 DAGs
[2025-08-28T19:45:01.018+0000] {logging_mixin.py:149} INFO - [2025-08-28T19:45:01.017+0000] {dag.py:3490} INFO - Setting next_dagrun for example_python_operator to None, run_after=None
[2025-08-28T19:45:01.039+0000] {processor.py:179} INFO - Processing /home/airflow/.local/lib/python3.7/site-packages/airflow/example_dags/example_python_operator.py took 0.112 seconds
[2025-08-28T19:45:31.424+0000] {processor.py:157} INFO - Started process (PID=2315) to work on /home/airflow/.local/lib/python3.7/site-packages/airflow/example_dags/example_python_operator.py
[2025-08-28T19:45:31.425+0000] {processor.py:826} INFO - Processing file /home/airflow/.local/lib/python3.7/site-packages/airflow/example_dags/example_python_operator.py for tasks to queue
[2025-08-28T19:45:31.426+0000] {logging_mixin.py:149} INFO - [2025-08-28T19:45:31.425+0000] {dagbag.py:541} INFO - Filling up the DagBag from /home/airflow/.local/lib/python3.7/site-packages/airflow/example_dags/example_python_operator.py
[2025-08-28T19:45:31.438+0000] {processor.py:836} INFO - DAG(s) dict_keys(['example_python_operator']) retrieved from /home/airflow/.local/lib/python3.7/site-packages/airflow/example_dags/example_python_operator.py
[2025-08-28T19:45:31.472+0000] {logging_mixin.py:149} INFO - [2025-08-28T19:45:31.471+0000] {dag.py:2726} INFO - Sync 1 DAGs
[2025-08-28T19:45:31.501+0000] {logging_mixin.py:149} INFO - [2025-08-28T19:45:31.501+0000] {dag.py:3490} INFO - Setting next_dagrun for example_python_operator to None, run_after=None
[2025-08-28T19:45:31.533+0000] {processor.py:179} INFO - Processing /home/airflow/.local/lib/python3.7/site-packages/airflow/example_dags/example_python_operator.py took 0.113 seconds
[2025-08-28T19:58:38.167+0000] {processor.py:157} INFO - Started process (PID=363) to work on /home/airflow/.local/lib/python3.7/site-packages/airflow/example_dags/example_python_operator.py
[2025-08-28T19:58:38.169+0000] {processor.py:826} INFO - Processing file /home/airflow/.local/lib/python3.7/site-packages/airflow/example_dags/example_python_operator.py for tasks to queue
[2025-08-28T19:58:38.174+0000] {logging_mixin.py:149} INFO - [2025-08-28T19:58:38.173+0000] {dagbag.py:541} INFO - Filling up the DagBag from /home/airflow/.local/lib/python3.7/site-packages/airflow/example_dags/example_python_operator.py
[2025-08-28T19:58:38.204+0000] {processor.py:836} INFO - DAG(s) dict_keys(['example_python_operator']) retrieved from /home/airflow/.local/lib/python3.7/site-packages/airflow/example_dags/example_python_operator.py
[2025-08-28T19:58:38.541+0000] {logging_mixin.py:149} INFO - [2025-08-28T19:58:38.540+0000] {dag.py:2726} INFO - Sync 1 DAGs
[2025-08-28T19:58:38.596+0000] {logging_mixin.py:149} INFO - [2025-08-28T19:58:38.596+0000] {dag.py:3490} INFO - Setting next_dagrun for example_python_operator to None, run_after=None
[2025-08-28T19:58:42.735+0000] {processor.py:179} INFO - Processing /home/airflow/.local/lib/python3.7/site-packages/airflow/example_dags/example_python_operator.py took 4.576 seconds
[2025-08-28T19:59:12.855+0000] {processor.py:157} INFO - Started process (PID=628) to work on /home/airflow/.local/lib/python3.7/site-packages/airflow/example_dags/example_python_operator.py
[2025-08-28T19:59:12.856+0000] {processor.py:826} INFO - Processing file /home/airflow/.local/lib/python3.7/site-packages/airflow/example_dags/example_python_operator.py for tasks to queue
[2025-08-28T19:59:12.859+0000] {logging_mixin.py:149} INFO - [2025-08-28T19:59:12.859+0000] {dagbag.py:541} INFO - Filling up the DagBag from /home/airflow/.local/lib/python3.7/site-packages/airflow/example_dags/example_python_operator.py
[2025-08-28T19:59:12.892+0000] {processor.py:836} INFO - DAG(s) dict_keys(['example_python_operator']) retrieved from /home/airflow/.local/lib/python3.7/site-packages/airflow/example_dags/example_python_operator.py
[2025-08-28T19:59:12.959+0000] {logging_mixin.py:149} INFO - [2025-08-28T19:59:12.959+0000] {dag.py:2726} INFO - Sync 1 DAGs
[2025-08-28T19:59:13.015+0000] {logging_mixin.py:149} INFO - [2025-08-28T19:59:13.014+0000] {dag.py:3490} INFO - Setting next_dagrun for example_python_operator to None, run_after=None
[2025-08-28T19:59:13.052+0000] {processor.py:179} INFO - Processing /home/airflow/.local/lib/python3.7/site-packages/airflow/example_dags/example_python_operator.py took 0.203 seconds
[2025-08-28T19:59:44.267+0000] {processor.py:157} INFO - Started process (PID=873) to work on /home/airflow/.local/lib/python3.7/site-packages/airflow/example_dags/example_python_operator.py
[2025-08-28T19:59:44.268+0000] {processor.py:826} INFO - Processing file /home/airflow/.local/lib/python3.7/site-packages/airflow/example_dags/example_python_operator.py for tasks to queue
[2025-08-28T19:59:44.269+0000] {logging_mixin.py:149} INFO - [2025-08-28T19:59:44.269+0000] {dagbag.py:541} INFO - Filling up the DagBag from /home/airflow/.local/lib/python3.7/site-packages/airflow/example_dags/example_python_operator.py
[2025-08-28T19:59:44.281+0000] {processor.py:836} INFO - DAG(s) dict_keys(['example_python_operator']) retrieved from /home/airflow/.local/lib/python3.7/site-packages/airflow/example_dags/example_python_operator.py
[2025-08-28T19:59:44.315+0000] {logging_mixin.py:149} INFO - [2025-08-28T19:59:44.315+0000] {dag.py:2726} INFO - Sync 1 DAGs
[2025-08-28T19:59:44.345+0000] {logging_mixin.py:149} INFO - [2025-08-28T19:59:44.345+0000] {dag.py:3490} INFO - Setting next_dagrun for example_python_operator to None, run_after=None
[2025-08-28T19:59:44.470+0000] {processor.py:179} INFO - Processing /home/airflow/.local/lib/python3.7/site-packages/airflow/example_dags/example_python_operator.py took 0.207 seconds
[2025-08-28T20:00:15.082+0000] {processor.py:157} INFO - Started process (PID=1100) to work on /home/airflow/.local/lib/python3.7/site-packages/airflow/example_dags/example_python_operator.py
[2025-08-28T20:00:15.083+0000] {processor.py:826} INFO - Processing file /home/airflow/.local/lib/python3.7/site-packages/airflow/example_dags/example_python_operator.py for tasks to queue
[2025-08-28T20:00:15.084+0000] {logging_mixin.py:149} INFO - [2025-08-28T20:00:15.084+0000] {dagbag.py:541} INFO - Filling up the DagBag from /home/airflow/.local/lib/python3.7/site-packages/airflow/example_dags/example_python_operator.py
[2025-08-28T20:00:15.204+0000] {processor.py:836} INFO - DAG(s) dict_keys(['example_python_operator']) retrieved from /home/airflow/.local/lib/python3.7/site-packages/airflow/example_dags/example_python_operator.py
[2025-08-28T20:00:15.231+0000] {logging_mixin.py:149} INFO - [2025-08-28T20:00:15.231+0000] {dag.py:2726} INFO - Sync 1 DAGs
[2025-08-28T20:00:15.257+0000] {logging_mixin.py:149} INFO - [2025-08-28T20:00:15.257+0000] {dag.py:3490} INFO - Setting next_dagrun for example_python_operator to None, run_after=None
[2025-08-28T20:00:15.282+0000] {processor.py:179} INFO - Processing /home/airflow/.local/lib/python3.7/site-packages/airflow/example_dags/example_python_operator.py took 0.203 seconds
[2025-08-28T20:00:45.727+0000] {processor.py:157} INFO - Started process (PID=1343) to work on /home/airflow/.local/lib/python3.7/site-packages/airflow/example_dags/example_python_operator.py
[2025-08-28T20:00:45.728+0000] {processor.py:826} INFO - Processing file /home/airflow/.local/lib/python3.7/site-packages/airflow/example_dags/example_python_operator.py for tasks to queue
[2025-08-28T20:00:45.729+0000] {logging_mixin.py:149} INFO - [2025-08-28T20:00:45.729+0000] {dagbag.py:541} INFO - Filling up the DagBag from /home/airflow/.local/lib/python3.7/site-packages/airflow/example_dags/example_python_operator.py
[2025-08-28T20:00:45.741+0000] {processor.py:836} INFO - DAG(s) dict_keys(['example_python_operator']) retrieved from /home/airflow/.local/lib/python3.7/site-packages/airflow/example_dags/example_python_operator.py
[2025-08-28T20:00:45.771+0000] {logging_mixin.py:149} INFO - [2025-08-28T20:00:45.771+0000] {dag.py:2726} INFO - Sync 1 DAGs
[2025-08-28T20:00:45.799+0000] {logging_mixin.py:149} INFO - [2025-08-28T20:00:45.799+0000] {dag.py:3490} INFO - Setting next_dagrun for example_python_operator to None, run_after=None
[2025-08-28T20:00:45.821+0000] {processor.py:179} INFO - Processing /home/airflow/.local/lib/python3.7/site-packages/airflow/example_dags/example_python_operator.py took 0.098 seconds
[2025-08-28T20:01:16.245+0000] {processor.py:157} INFO - Started process (PID=1588) to work on /home/airflow/.local/lib/python3.7/site-packages/airflow/example_dags/example_python_operator.py
[2025-08-28T20:01:16.246+0000] {processor.py:826} INFO - Processing file /home/airflow/.local/lib/python3.7/site-packages/airflow/example_dags/example_python_operator.py for tasks to queue
[2025-08-28T20:01:16.247+0000] {logging_mixin.py:149} INFO - [2025-08-28T20:01:16.247+0000] {dagbag.py:541} INFO - Filling up the DagBag from /home/airflow/.local/lib/python3.7/site-packages/airflow/example_dags/example_python_operator.py
[2025-08-28T20:01:16.259+0000] {processor.py:836} INFO - DAG(s) dict_keys(['example_python_operator']) retrieved from /home/airflow/.local/lib/python3.7/site-packages/airflow/example_dags/example_python_operator.py
[2025-08-28T20:01:16.294+0000] {logging_mixin.py:149} INFO - [2025-08-28T20:01:16.294+0000] {dag.py:2726} INFO - Sync 1 DAGs
[2025-08-28T20:01:16.325+0000] {logging_mixin.py:149} INFO - [2025-08-28T20:01:16.325+0000] {dag.py:3490} INFO - Setting next_dagrun for example_python_operator to None, run_after=None
[2025-08-28T20:01:16.350+0000] {processor.py:179} INFO - Processing /home/airflow/.local/lib/python3.7/site-packages/airflow/example_dags/example_python_operator.py took 0.109 seconds
[2025-08-28T20:01:46.780+0000] {processor.py:157} INFO - Started process (PID=1833) to work on /home/airflow/.local/lib/python3.7/site-packages/airflow/example_dags/example_python_operator.py
[2025-08-28T20:01:46.781+0000] {processor.py:826} INFO - Processing file /home/airflow/.local/lib/python3.7/site-packages/airflow/example_dags/example_python_operator.py for tasks to queue
[2025-08-28T20:01:46.782+0000] {logging_mixin.py:149} INFO - [2025-08-28T20:01:46.782+0000] {dagbag.py:541} INFO - Filling up the DagBag from /home/airflow/.local/lib/python3.7/site-packages/airflow/example_dags/example_python_operator.py
[2025-08-28T20:01:46.793+0000] {processor.py:836} INFO - DAG(s) dict_keys(['example_python_operator']) retrieved from /home/airflow/.local/lib/python3.7/site-packages/airflow/example_dags/example_python_operator.py
[2025-08-28T20:01:46.824+0000] {logging_mixin.py:149} INFO - [2025-08-28T20:01:46.824+0000] {dag.py:2726} INFO - Sync 1 DAGs
[2025-08-28T20:01:46.851+0000] {logging_mixin.py:149} INFO - [2025-08-28T20:01:46.851+0000] {dag.py:3490} INFO - Setting next_dagrun for example_python_operator to None, run_after=None
[2025-08-28T20:01:46.875+0000] {processor.py:179} INFO - Processing /home/airflow/.local/lib/python3.7/site-packages/airflow/example_dags/example_python_operator.py took 0.099 seconds
[2025-08-28T20:02:17.286+0000] {processor.py:157} INFO - Started process (PID=2080) to work on /home/airflow/.local/lib/python3.7/site-packages/airflow/example_dags/example_python_operator.py
[2025-08-28T20:02:17.286+0000] {processor.py:826} INFO - Processing file /home/airflow/.local/lib/python3.7/site-packages/airflow/example_dags/example_python_operator.py for tasks to queue
[2025-08-28T20:02:17.287+0000] {logging_mixin.py:149} INFO - [2025-08-28T20:02:17.287+0000] {dagbag.py:541} INFO - Filling up the DagBag from /home/airflow/.local/lib/python3.7/site-packages/airflow/example_dags/example_python_operator.py
[2025-08-28T20:02:17.299+0000] {processor.py:836} INFO - DAG(s) dict_keys(['example_python_operator']) retrieved from /home/airflow/.local/lib/python3.7/site-packages/airflow/example_dags/example_python_operator.py
[2025-08-28T20:02:17.331+0000] {logging_mixin.py:149} INFO - [2025-08-28T20:02:17.331+0000] {dag.py:2726} INFO - Sync 1 DAGs
[2025-08-28T20:02:17.361+0000] {logging_mixin.py:149} INFO - [2025-08-28T20:02:17.360+0000] {dag.py:3490} INFO - Setting next_dagrun for example_python_operator to None, run_after=None
[2025-08-28T20:02:17.384+0000] {processor.py:179} INFO - Processing /home/airflow/.local/lib/python3.7/site-packages/airflow/example_dags/example_python_operator.py took 0.101 seconds
[2025-08-28T20:02:47.596+0000] {processor.py:157} INFO - Started process (PID=2323) to work on /home/airflow/.local/lib/python3.7/site-packages/airflow/example_dags/example_python_operator.py
[2025-08-28T20:02:47.597+0000] {processor.py:826} INFO - Processing file /home/airflow/.local/lib/python3.7/site-packages/airflow/example_dags/example_python_operator.py for tasks to queue
[2025-08-28T20:02:47.597+0000] {logging_mixin.py:149} INFO - [2025-08-28T20:02:47.597+0000] {dagbag.py:541} INFO - Filling up the DagBag from /home/airflow/.local/lib/python3.7/site-packages/airflow/example_dags/example_python_operator.py
[2025-08-28T20:02:47.610+0000] {processor.py:836} INFO - DAG(s) dict_keys(['example_python_operator']) retrieved from /home/airflow/.local/lib/python3.7/site-packages/airflow/example_dags/example_python_operator.py
[2025-08-28T20:02:47.641+0000] {logging_mixin.py:149} INFO - [2025-08-28T20:02:47.640+0000] {dag.py:2726} INFO - Sync 1 DAGs
[2025-08-28T20:02:47.672+0000] {logging_mixin.py:149} INFO - [2025-08-28T20:02:47.672+0000] {dag.py:3490} INFO - Setting next_dagrun for example_python_operator to None, run_after=None
[2025-08-28T20:02:47.696+0000] {processor.py:179} INFO - Processing /home/airflow/.local/lib/python3.7/site-packages/airflow/example_dags/example_python_operator.py took 0.104 seconds
[2025-08-28T20:03:18.057+0000] {processor.py:157} INFO - Started process (PID=2570) to work on /home/airflow/.local/lib/python3.7/site-packages/airflow/example_dags/example_python_operator.py
[2025-08-28T20:03:18.058+0000] {processor.py:826} INFO - Processing file /home/airflow/.local/lib/python3.7/site-packages/airflow/example_dags/example_python_operator.py for tasks to queue
[2025-08-28T20:03:18.059+0000] {logging_mixin.py:149} INFO - [2025-08-28T20:03:18.059+0000] {dagbag.py:541} INFO - Filling up the DagBag from /home/airflow/.local/lib/python3.7/site-packages/airflow/example_dags/example_python_operator.py
[2025-08-28T20:03:18.070+0000] {processor.py:836} INFO - DAG(s) dict_keys(['example_python_operator']) retrieved from /home/airflow/.local/lib/python3.7/site-packages/airflow/example_dags/example_python_operator.py
[2025-08-28T20:03:18.100+0000] {logging_mixin.py:149} INFO - [2025-08-28T20:03:18.100+0000] {dag.py:2726} INFO - Sync 1 DAGs
[2025-08-28T20:03:18.128+0000] {logging_mixin.py:149} INFO - [2025-08-28T20:03:18.128+0000] {dag.py:3490} INFO - Setting next_dagrun for example_python_operator to None, run_after=None
[2025-08-28T20:03:18.148+0000] {processor.py:179} INFO - Processing /home/airflow/.local/lib/python3.7/site-packages/airflow/example_dags/example_python_operator.py took 0.094 seconds
[2025-08-28T20:03:48.483+0000] {processor.py:157} INFO - Started process (PID=2815) to work on /home/airflow/.local/lib/python3.7/site-packages/airflow/example_dags/example_python_operator.py
[2025-08-28T20:03:48.484+0000] {processor.py:826} INFO - Processing file /home/airflow/.local/lib/python3.7/site-packages/airflow/example_dags/example_python_operator.py for tasks to queue
[2025-08-28T20:03:48.485+0000] {logging_mixin.py:149} INFO - [2025-08-28T20:03:48.485+0000] {dagbag.py:541} INFO - Filling up the DagBag from /home/airflow/.local/lib/python3.7/site-packages/airflow/example_dags/example_python_operator.py
[2025-08-28T20:03:48.496+0000] {processor.py:836} INFO - DAG(s) dict_keys(['example_python_operator']) retrieved from /home/airflow/.local/lib/python3.7/site-packages/airflow/example_dags/example_python_operator.py
[2025-08-28T20:03:48.526+0000] {logging_mixin.py:149} INFO - [2025-08-28T20:03:48.526+0000] {dag.py:2726} INFO - Sync 1 DAGs
[2025-08-28T20:03:48.553+0000] {logging_mixin.py:149} INFO - [2025-08-28T20:03:48.553+0000] {dag.py:3490} INFO - Setting next_dagrun for example_python_operator to None, run_after=None
[2025-08-28T20:03:48.574+0000] {processor.py:179} INFO - Processing /home/airflow/.local/lib/python3.7/site-packages/airflow/example_dags/example_python_operator.py took 0.094 seconds
[2025-08-28T20:04:19.511+0000] {processor.py:157} INFO - Started process (PID=3058) to work on /home/airflow/.local/lib/python3.7/site-packages/airflow/example_dags/example_python_operator.py
[2025-08-28T20:04:19.512+0000] {processor.py:826} INFO - Processing file /home/airflow/.local/lib/python3.7/site-packages/airflow/example_dags/example_python_operator.py for tasks to queue
[2025-08-28T20:04:19.513+0000] {logging_mixin.py:149} INFO - [2025-08-28T20:04:19.513+0000] {dagbag.py:541} INFO - Filling up the DagBag from /home/airflow/.local/lib/python3.7/site-packages/airflow/example_dags/example_python_operator.py
[2025-08-28T20:04:19.526+0000] {processor.py:836} INFO - DAG(s) dict_keys(['example_python_operator']) retrieved from /home/airflow/.local/lib/python3.7/site-packages/airflow/example_dags/example_python_operator.py
[2025-08-28T20:04:19.562+0000] {logging_mixin.py:149} INFO - [2025-08-28T20:04:19.562+0000] {dag.py:2726} INFO - Sync 1 DAGs
[2025-08-28T20:04:19.595+0000] {logging_mixin.py:149} INFO - [2025-08-28T20:04:19.594+0000] {dag.py:3490} INFO - Setting next_dagrun for example_python_operator to None, run_after=None
[2025-08-28T20:04:19.617+0000] {processor.py:179} INFO - Processing /home/airflow/.local/lib/python3.7/site-packages/airflow/example_dags/example_python_operator.py took 0.110 seconds
