[2025-07-18T00:18:32.799+0000] {processor.py:157} INFO - Started process (PID=47782) to work on /home/airflow/.local/lib/python3.7/site-packages/airflow/example_dags/example_datasets.py
[2025-07-18T00:18:32.800+0000] {processor.py:826} INFO - Processing file /home/airflow/.local/lib/python3.7/site-packages/airflow/example_dags/example_datasets.py for tasks to queue
[2025-07-18T00:18:32.801+0000] {logging_mixin.py:149} INFO - [2025-07-18T00:18:32.801+0000] {dagbag.py:541} INFO - Filling up the DagBag from /home/airflow/.local/lib/python3.7/site-packages/airflow/example_dags/example_datasets.py
[2025-07-18T00:18:32.814+0000] {processor.py:836} INFO - DAG(s) dict_keys(['dataset_consumes_1_and_2', 'dataset_consumes_1_never_scheduled', 'dataset_consumes_1', 'dataset_produces_2', 'dataset_produces_1', 'dataset_consumes_unknown_never_scheduled']) retrieved from /home/airflow/.local/lib/python3.7/site-packages/airflow/example_dags/example_datasets.py
[2025-07-18T00:18:32.882+0000] {logging_mixin.py:149} INFO - [2025-07-18T00:18:32.882+0000] {dag.py:2726} INFO - Sync 6 DAGs
[2025-07-18T00:18:32.925+0000] {logging_mixin.py:149} INFO - [2025-07-18T00:18:32.925+0000] {dag.py:3490} INFO - Setting next_dagrun for dataset_consumes_1 to None, run_after=None
[2025-07-18T00:18:32.930+0000] {logging_mixin.py:149} INFO - [2025-07-18T00:18:32.930+0000] {dag.py:3490} INFO - Setting next_dagrun for dataset_consumes_1_and_2 to None, run_after=None
[2025-07-18T00:18:32.933+0000] {logging_mixin.py:149} INFO - [2025-07-18T00:18:32.932+0000] {dag.py:3490} INFO - Setting next_dagrun for dataset_consumes_1_never_scheduled to None, run_after=None
[2025-07-18T00:18:32.935+0000] {logging_mixin.py:149} INFO - [2025-07-18T00:18:32.935+0000] {dag.py:3490} INFO - Setting next_dagrun for dataset_consumes_unknown_never_scheduled to None, run_after=None
[2025-07-18T00:18:32.939+0000] {logging_mixin.py:149} INFO - [2025-07-18T00:18:32.939+0000] {dag.py:3490} INFO - Setting next_dagrun for dataset_produces_1 to 2025-07-17T00:00:00+00:00, run_after=2025-07-18T00:00:00+00:00
[2025-07-18T00:18:32.941+0000] {logging_mixin.py:149} INFO - [2025-07-18T00:18:32.941+0000] {dag.py:3490} INFO - Setting next_dagrun for dataset_produces_2 to None, run_after=None
[2025-07-18T00:18:32.999+0000] {processor.py:179} INFO - Processing /home/airflow/.local/lib/python3.7/site-packages/airflow/example_dags/example_datasets.py took 0.204 seconds
[2025-07-18T01:20:02.373+0000] {processor.py:157} INFO - Started process (PID=48029) to work on /home/airflow/.local/lib/python3.7/site-packages/airflow/example_dags/example_datasets.py
[2025-07-18T01:20:02.377+0000] {processor.py:826} INFO - Processing file /home/airflow/.local/lib/python3.7/site-packages/airflow/example_dags/example_datasets.py for tasks to queue
[2025-07-18T01:20:02.379+0000] {logging_mixin.py:149} INFO - [2025-07-18T01:20:02.378+0000] {dagbag.py:541} INFO - Filling up the DagBag from /home/airflow/.local/lib/python3.7/site-packages/airflow/example_dags/example_datasets.py
[2025-07-18T01:20:02.396+0000] {processor.py:836} INFO - DAG(s) dict_keys(['dataset_produces_1', 'dataset_consumes_1_and_2', 'dataset_consumes_unknown_never_scheduled', 'dataset_consumes_1_never_scheduled', 'dataset_produces_2', 'dataset_consumes_1']) retrieved from /home/airflow/.local/lib/python3.7/site-packages/airflow/example_dags/example_datasets.py
[2025-07-18T01:20:02.446+0000] {logging_mixin.py:149} INFO - [2025-07-18T01:20:02.446+0000] {dag.py:2726} INFO - Sync 6 DAGs
[2025-07-18T01:20:02.475+0000] {logging_mixin.py:149} INFO - [2025-07-18T01:20:02.475+0000] {dag.py:3490} INFO - Setting next_dagrun for dataset_consumes_1 to None, run_after=None
[2025-07-18T01:20:02.480+0000] {logging_mixin.py:149} INFO - [2025-07-18T01:20:02.479+0000] {dag.py:3490} INFO - Setting next_dagrun for dataset_consumes_1_and_2 to None, run_after=None
[2025-07-18T01:20:02.481+0000] {logging_mixin.py:149} INFO - [2025-07-18T01:20:02.481+0000] {dag.py:3490} INFO - Setting next_dagrun for dataset_consumes_1_never_scheduled to None, run_after=None
[2025-07-18T01:20:02.482+0000] {logging_mixin.py:149} INFO - [2025-07-18T01:20:02.482+0000] {dag.py:3490} INFO - Setting next_dagrun for dataset_consumes_unknown_never_scheduled to None, run_after=None
[2025-07-18T01:20:02.486+0000] {logging_mixin.py:149} INFO - [2025-07-18T01:20:02.486+0000] {dag.py:3490} INFO - Setting next_dagrun for dataset_produces_1 to 2025-07-17T00:00:00+00:00, run_after=2025-07-18T00:00:00+00:00
[2025-07-18T01:20:02.488+0000] {logging_mixin.py:149} INFO - [2025-07-18T01:20:02.487+0000] {dag.py:3490} INFO - Setting next_dagrun for dataset_produces_2 to None, run_after=None
[2025-07-18T01:20:02.532+0000] {processor.py:179} INFO - Processing /home/airflow/.local/lib/python3.7/site-packages/airflow/example_dags/example_datasets.py took 0.175 seconds
[2025-07-18T04:21:53.279+0000] {processor.py:157} INFO - Started process (PID=48269) to work on /home/airflow/.local/lib/python3.7/site-packages/airflow/example_dags/example_datasets.py
[2025-07-18T04:21:53.280+0000] {processor.py:826} INFO - Processing file /home/airflow/.local/lib/python3.7/site-packages/airflow/example_dags/example_datasets.py for tasks to queue
[2025-07-18T04:21:53.283+0000] {logging_mixin.py:149} INFO - [2025-07-18T04:21:53.283+0000] {dagbag.py:541} INFO - Filling up the DagBag from /home/airflow/.local/lib/python3.7/site-packages/airflow/example_dags/example_datasets.py
[2025-07-18T04:21:53.296+0000] {processor.py:836} INFO - DAG(s) dict_keys(['dataset_consumes_unknown_never_scheduled', 'dataset_produces_2', 'dataset_produces_1', 'dataset_consumes_1_never_scheduled', 'dataset_consumes_1_and_2', 'dataset_consumes_1']) retrieved from /home/airflow/.local/lib/python3.7/site-packages/airflow/example_dags/example_datasets.py
[2025-07-18T04:21:53.350+0000] {logging_mixin.py:149} INFO - [2025-07-18T04:21:53.350+0000] {dag.py:2726} INFO - Sync 6 DAGs
[2025-07-18T04:21:53.384+0000] {logging_mixin.py:149} INFO - [2025-07-18T04:21:53.384+0000] {dag.py:3490} INFO - Setting next_dagrun for dataset_consumes_1 to None, run_after=None
[2025-07-18T04:21:53.388+0000] {logging_mixin.py:149} INFO - [2025-07-18T04:21:53.388+0000] {dag.py:3490} INFO - Setting next_dagrun for dataset_consumes_1_and_2 to None, run_after=None
[2025-07-18T04:21:53.390+0000] {logging_mixin.py:149} INFO - [2025-07-18T04:21:53.390+0000] {dag.py:3490} INFO - Setting next_dagrun for dataset_consumes_1_never_scheduled to None, run_after=None
[2025-07-18T04:21:53.392+0000] {logging_mixin.py:149} INFO - [2025-07-18T04:21:53.392+0000] {dag.py:3490} INFO - Setting next_dagrun for dataset_consumes_unknown_never_scheduled to None, run_after=None
[2025-07-18T04:21:53.395+0000] {logging_mixin.py:149} INFO - [2025-07-18T04:21:53.395+0000] {dag.py:3490} INFO - Setting next_dagrun for dataset_produces_1 to 2025-07-17T00:00:00+00:00, run_after=2025-07-18T00:00:00+00:00
[2025-07-18T04:21:53.397+0000] {logging_mixin.py:149} INFO - [2025-07-18T04:21:53.397+0000] {dag.py:3490} INFO - Setting next_dagrun for dataset_produces_2 to None, run_after=None
[2025-07-18T04:21:53.440+0000] {processor.py:179} INFO - Processing /home/airflow/.local/lib/python3.7/site-packages/airflow/example_dags/example_datasets.py took 0.165 seconds
[2025-07-18T05:36:38.525+0000] {processor.py:157} INFO - Started process (PID=48514) to work on /home/airflow/.local/lib/python3.7/site-packages/airflow/example_dags/example_datasets.py
[2025-07-18T05:36:38.528+0000] {processor.py:826} INFO - Processing file /home/airflow/.local/lib/python3.7/site-packages/airflow/example_dags/example_datasets.py for tasks to queue
[2025-07-18T05:36:38.529+0000] {logging_mixin.py:149} INFO - [2025-07-18T05:36:38.528+0000] {dagbag.py:541} INFO - Filling up the DagBag from /home/airflow/.local/lib/python3.7/site-packages/airflow/example_dags/example_datasets.py
[2025-07-18T05:36:38.542+0000] {processor.py:836} INFO - DAG(s) dict_keys(['dataset_consumes_unknown_never_scheduled', 'dataset_consumes_1_and_2', 'dataset_consumes_1_never_scheduled', 'dataset_produces_1', 'dataset_consumes_1', 'dataset_produces_2']) retrieved from /home/airflow/.local/lib/python3.7/site-packages/airflow/example_dags/example_datasets.py
[2025-07-18T05:36:38.618+0000] {logging_mixin.py:149} INFO - [2025-07-18T05:36:38.617+0000] {dag.py:2726} INFO - Sync 6 DAGs
[2025-07-18T05:36:38.661+0000] {logging_mixin.py:149} INFO - [2025-07-18T05:36:38.661+0000] {dag.py:3490} INFO - Setting next_dagrun for dataset_consumes_1 to None, run_after=None
[2025-07-18T05:36:38.666+0000] {logging_mixin.py:149} INFO - [2025-07-18T05:36:38.666+0000] {dag.py:3490} INFO - Setting next_dagrun for dataset_consumes_1_and_2 to None, run_after=None
[2025-07-18T05:36:38.667+0000] {logging_mixin.py:149} INFO - [2025-07-18T05:36:38.667+0000] {dag.py:3490} INFO - Setting next_dagrun for dataset_consumes_1_never_scheduled to None, run_after=None
[2025-07-18T05:36:38.669+0000] {logging_mixin.py:149} INFO - [2025-07-18T05:36:38.669+0000] {dag.py:3490} INFO - Setting next_dagrun for dataset_consumes_unknown_never_scheduled to None, run_after=None
[2025-07-18T05:36:38.672+0000] {logging_mixin.py:149} INFO - [2025-07-18T05:36:38.672+0000] {dag.py:3490} INFO - Setting next_dagrun for dataset_produces_1 to 2025-07-17T00:00:00+00:00, run_after=2025-07-18T00:00:00+00:00
[2025-07-18T05:36:38.674+0000] {logging_mixin.py:149} INFO - [2025-07-18T05:36:38.674+0000] {dag.py:3490} INFO - Setting next_dagrun for dataset_produces_2 to None, run_after=None
[2025-07-18T05:36:38.728+0000] {processor.py:179} INFO - Processing /home/airflow/.local/lib/python3.7/site-packages/airflow/example_dags/example_datasets.py took 0.207 seconds
[2025-07-18T06:24:03.187+0000] {processor.py:157} INFO - Started process (PID=48770) to work on /home/airflow/.local/lib/python3.7/site-packages/airflow/example_dags/example_datasets.py
[2025-07-18T06:24:03.188+0000] {processor.py:826} INFO - Processing file /home/airflow/.local/lib/python3.7/site-packages/airflow/example_dags/example_datasets.py for tasks to queue
[2025-07-18T06:24:03.189+0000] {logging_mixin.py:149} INFO - [2025-07-18T06:24:03.189+0000] {dagbag.py:541} INFO - Filling up the DagBag from /home/airflow/.local/lib/python3.7/site-packages/airflow/example_dags/example_datasets.py
[2025-07-18T06:24:03.208+0000] {processor.py:836} INFO - DAG(s) dict_keys(['dataset_produces_1', 'dataset_consumes_1_never_scheduled', 'dataset_consumes_1', 'dataset_produces_2', 'dataset_consumes_1_and_2', 'dataset_consumes_unknown_never_scheduled']) retrieved from /home/airflow/.local/lib/python3.7/site-packages/airflow/example_dags/example_datasets.py
[2025-07-18T06:24:03.284+0000] {logging_mixin.py:149} INFO - [2025-07-18T06:24:03.284+0000] {dag.py:2726} INFO - Sync 6 DAGs
[2025-07-18T06:24:03.335+0000] {logging_mixin.py:149} INFO - [2025-07-18T06:24:03.335+0000] {dag.py:3490} INFO - Setting next_dagrun for dataset_consumes_1 to None, run_after=None
[2025-07-18T06:24:03.345+0000] {logging_mixin.py:149} INFO - [2025-07-18T06:24:03.344+0000] {dag.py:3490} INFO - Setting next_dagrun for dataset_consumes_1_and_2 to None, run_after=None
[2025-07-18T06:24:03.348+0000] {logging_mixin.py:149} INFO - [2025-07-18T06:24:03.348+0000] {dag.py:3490} INFO - Setting next_dagrun for dataset_consumes_1_never_scheduled to None, run_after=None
[2025-07-18T06:24:03.353+0000] {logging_mixin.py:149} INFO - [2025-07-18T06:24:03.352+0000] {dag.py:3490} INFO - Setting next_dagrun for dataset_consumes_unknown_never_scheduled to None, run_after=None
[2025-07-18T06:24:03.358+0000] {logging_mixin.py:149} INFO - [2025-07-18T06:24:03.358+0000] {dag.py:3490} INFO - Setting next_dagrun for dataset_produces_1 to 2025-07-17T00:00:00+00:00, run_after=2025-07-18T00:00:00+00:00
[2025-07-18T06:24:03.361+0000] {logging_mixin.py:149} INFO - [2025-07-18T06:24:03.360+0000] {dag.py:3490} INFO - Setting next_dagrun for dataset_produces_2 to None, run_after=None
[2025-07-18T06:24:03.422+0000] {processor.py:179} INFO - Processing /home/airflow/.local/lib/python3.7/site-packages/airflow/example_dags/example_datasets.py took 0.241 seconds
[2025-07-18T06:40:56.885+0000] {processor.py:157} INFO - Started process (PID=48903) to work on /home/airflow/.local/lib/python3.7/site-packages/airflow/example_dags/example_datasets.py
[2025-07-18T06:40:56.887+0000] {processor.py:826} INFO - Processing file /home/airflow/.local/lib/python3.7/site-packages/airflow/example_dags/example_datasets.py for tasks to queue
[2025-07-18T06:40:56.889+0000] {logging_mixin.py:149} INFO - [2025-07-18T06:40:56.888+0000] {dagbag.py:541} INFO - Filling up the DagBag from /home/airflow/.local/lib/python3.7/site-packages/airflow/example_dags/example_datasets.py
[2025-07-18T06:40:56.907+0000] {processor.py:836} INFO - DAG(s) dict_keys(['dataset_consumes_1', 'dataset_produces_2', 'dataset_consumes_1_and_2', 'dataset_consumes_unknown_never_scheduled', 'dataset_produces_1', 'dataset_consumes_1_never_scheduled']) retrieved from /home/airflow/.local/lib/python3.7/site-packages/airflow/example_dags/example_datasets.py
[2025-07-18T06:40:56.987+0000] {logging_mixin.py:149} INFO - [2025-07-18T06:40:56.987+0000] {dag.py:2726} INFO - Sync 6 DAGs
[2025-07-18T06:40:57.034+0000] {logging_mixin.py:149} INFO - [2025-07-18T06:40:57.034+0000] {dag.py:3490} INFO - Setting next_dagrun for dataset_consumes_1 to None, run_after=None
[2025-07-18T06:40:57.040+0000] {logging_mixin.py:149} INFO - [2025-07-18T06:40:57.040+0000] {dag.py:3490} INFO - Setting next_dagrun for dataset_consumes_1_and_2 to None, run_after=None
[2025-07-18T06:40:57.043+0000] {logging_mixin.py:149} INFO - [2025-07-18T06:40:57.042+0000] {dag.py:3490} INFO - Setting next_dagrun for dataset_consumes_1_never_scheduled to None, run_after=None
[2025-07-18T06:40:57.045+0000] {logging_mixin.py:149} INFO - [2025-07-18T06:40:57.045+0000] {dag.py:3490} INFO - Setting next_dagrun for dataset_consumes_unknown_never_scheduled to None, run_after=None
[2025-07-18T06:40:57.051+0000] {logging_mixin.py:149} INFO - [2025-07-18T06:40:57.050+0000] {dag.py:3490} INFO - Setting next_dagrun for dataset_produces_1 to 2025-07-17T00:00:00+00:00, run_after=2025-07-18T00:00:00+00:00
[2025-07-18T06:40:57.053+0000] {logging_mixin.py:149} INFO - [2025-07-18T06:40:57.053+0000] {dag.py:3490} INFO - Setting next_dagrun for dataset_produces_2 to None, run_after=None
[2025-07-18T06:40:57.247+0000] {processor.py:179} INFO - Processing /home/airflow/.local/lib/python3.7/site-packages/airflow/example_dags/example_datasets.py took 0.368 seconds
