[2025-07-12T13:12:37.224+0000] {processor.py:157} INFO - Started process (PID=331) to work on /home/airflow/.local/lib/python3.7/site-packages/airflow/example_dags/example_local_kubernetes_executor.py
[2025-07-12T13:12:37.225+0000] {processor.py:826} INFO - Processing file /home/airflow/.local/lib/python3.7/site-packages/airflow/example_dags/example_local_kubernetes_executor.py for tasks to queue
[2025-07-12T13:12:37.226+0000] {logging_mixin.py:149} INFO - [2025-07-12T13:12:37.226+0000] {dagbag.py:541} INFO - Filling up the DagBag from /home/airflow/.local/lib/python3.7/site-packages/airflow/example_dags/example_local_kubernetes_executor.py
[2025-07-12T13:12:37.554+0000] {processor.py:836} INFO - DAG(s) dict_keys(['example_local_kubernetes_executor']) retrieved from /home/airflow/.local/lib/python3.7/site-packages/airflow/example_dags/example_local_kubernetes_executor.py
[2025-07-12T13:12:37.611+0000] {logging_mixin.py:149} INFO - [2025-07-12T13:12:37.611+0000] {dag.py:2726} INFO - Sync 1 DAGs
[2025-07-12T13:12:37.642+0000] {logging_mixin.py:149} INFO - [2025-07-12T13:12:37.641+0000] {dag.py:3490} INFO - Setting next_dagrun for example_local_kubernetes_executor to None, run_after=None
[2025-07-12T13:12:37.663+0000] {processor.py:179} INFO - Processing /home/airflow/.local/lib/python3.7/site-packages/airflow/example_dags/example_local_kubernetes_executor.py took 0.443 seconds
[2025-07-12T13:13:08.009+0000] {processor.py:157} INFO - Started process (PID=576) to work on /home/airflow/.local/lib/python3.7/site-packages/airflow/example_dags/example_local_kubernetes_executor.py
[2025-07-12T13:13:08.011+0000] {processor.py:826} INFO - Processing file /home/airflow/.local/lib/python3.7/site-packages/airflow/example_dags/example_local_kubernetes_executor.py for tasks to queue
[2025-07-12T13:13:08.012+0000] {logging_mixin.py:149} INFO - [2025-07-12T13:13:08.012+0000] {dagbag.py:541} INFO - Filling up the DagBag from /home/airflow/.local/lib/python3.7/site-packages/airflow/example_dags/example_local_kubernetes_executor.py
[2025-07-12T13:13:08.315+0000] {processor.py:836} INFO - DAG(s) dict_keys(['example_local_kubernetes_executor']) retrieved from /home/airflow/.local/lib/python3.7/site-packages/airflow/example_dags/example_local_kubernetes_executor.py
[2025-07-12T13:13:08.360+0000] {logging_mixin.py:149} INFO - [2025-07-12T13:13:08.360+0000] {dag.py:2726} INFO - Sync 1 DAGs
[2025-07-12T13:13:08.384+0000] {logging_mixin.py:149} INFO - [2025-07-12T13:13:08.384+0000] {dag.py:3490} INFO - Setting next_dagrun for example_local_kubernetes_executor to None, run_after=None
[2025-07-12T13:13:08.405+0000] {processor.py:179} INFO - Processing /home/airflow/.local/lib/python3.7/site-packages/airflow/example_dags/example_local_kubernetes_executor.py took 0.400 seconds
[2025-07-12T14:52:47.673+0000] {processor.py:157} INFO - Started process (PID=331) to work on /home/airflow/.local/lib/python3.7/site-packages/airflow/example_dags/example_local_kubernetes_executor.py
[2025-07-12T14:52:47.675+0000] {processor.py:826} INFO - Processing file /home/airflow/.local/lib/python3.7/site-packages/airflow/example_dags/example_local_kubernetes_executor.py for tasks to queue
[2025-07-12T14:52:47.676+0000] {logging_mixin.py:149} INFO - [2025-07-12T14:52:47.676+0000] {dagbag.py:541} INFO - Filling up the DagBag from /home/airflow/.local/lib/python3.7/site-packages/airflow/example_dags/example_local_kubernetes_executor.py
[2025-07-12T14:52:48.032+0000] {processor.py:836} INFO - DAG(s) dict_keys(['example_local_kubernetes_executor']) retrieved from /home/airflow/.local/lib/python3.7/site-packages/airflow/example_dags/example_local_kubernetes_executor.py
[2025-07-12T14:52:48.079+0000] {logging_mixin.py:149} INFO - [2025-07-12T14:52:48.079+0000] {dag.py:2726} INFO - Sync 1 DAGs
[2025-07-12T14:52:48.113+0000] {logging_mixin.py:149} INFO - [2025-07-12T14:52:48.113+0000] {dag.py:3490} INFO - Setting next_dagrun for example_local_kubernetes_executor to None, run_after=None
[2025-07-12T14:52:48.137+0000] {processor.py:179} INFO - Processing /home/airflow/.local/lib/python3.7/site-packages/airflow/example_dags/example_local_kubernetes_executor.py took 0.467 seconds
[2025-07-12T14:53:18.630+0000] {processor.py:157} INFO - Started process (PID=581) to work on /home/airflow/.local/lib/python3.7/site-packages/airflow/example_dags/example_local_kubernetes_executor.py
[2025-07-12T14:53:18.631+0000] {processor.py:826} INFO - Processing file /home/airflow/.local/lib/python3.7/site-packages/airflow/example_dags/example_local_kubernetes_executor.py for tasks to queue
[2025-07-12T14:53:18.631+0000] {logging_mixin.py:149} INFO - [2025-07-12T14:53:18.631+0000] {dagbag.py:541} INFO - Filling up the DagBag from /home/airflow/.local/lib/python3.7/site-packages/airflow/example_dags/example_local_kubernetes_executor.py
[2025-07-12T14:53:18.913+0000] {processor.py:836} INFO - DAG(s) dict_keys(['example_local_kubernetes_executor']) retrieved from /home/airflow/.local/lib/python3.7/site-packages/airflow/example_dags/example_local_kubernetes_executor.py
[2025-07-12T14:53:18.954+0000] {logging_mixin.py:149} INFO - [2025-07-12T14:53:18.954+0000] {dag.py:2726} INFO - Sync 1 DAGs
[2025-07-12T14:53:18.978+0000] {logging_mixin.py:149} INFO - [2025-07-12T14:53:18.978+0000] {dag.py:3490} INFO - Setting next_dagrun for example_local_kubernetes_executor to None, run_after=None
[2025-07-12T14:53:19.003+0000] {processor.py:179} INFO - Processing /home/airflow/.local/lib/python3.7/site-packages/airflow/example_dags/example_local_kubernetes_executor.py took 0.377 seconds
[2025-07-12T14:53:49.980+0000] {processor.py:157} INFO - Started process (PID=830) to work on /home/airflow/.local/lib/python3.7/site-packages/airflow/example_dags/example_local_kubernetes_executor.py
[2025-07-12T14:53:49.981+0000] {processor.py:826} INFO - Processing file /home/airflow/.local/lib/python3.7/site-packages/airflow/example_dags/example_local_kubernetes_executor.py for tasks to queue
[2025-07-12T14:53:49.983+0000] {logging_mixin.py:149} INFO - [2025-07-12T14:53:49.982+0000] {dagbag.py:541} INFO - Filling up the DagBag from /home/airflow/.local/lib/python3.7/site-packages/airflow/example_dags/example_local_kubernetes_executor.py
[2025-07-12T14:53:50.295+0000] {processor.py:836} INFO - DAG(s) dict_keys(['example_local_kubernetes_executor']) retrieved from /home/airflow/.local/lib/python3.7/site-packages/airflow/example_dags/example_local_kubernetes_executor.py
[2025-07-12T14:53:50.326+0000] {logging_mixin.py:149} INFO - [2025-07-12T14:53:50.326+0000] {dag.py:2726} INFO - Sync 1 DAGs
[2025-07-12T14:53:50.350+0000] {logging_mixin.py:149} INFO - [2025-07-12T14:53:50.350+0000] {dag.py:3490} INFO - Setting next_dagrun for example_local_kubernetes_executor to None, run_after=None
[2025-07-12T14:53:50.370+0000] {processor.py:179} INFO - Processing /home/airflow/.local/lib/python3.7/site-packages/airflow/example_dags/example_local_kubernetes_executor.py took 0.396 seconds
