[2025-07-12T13:12:34.415+0000] {processor.py:157} INFO - Started process (PID=222) to work on /home/airflow/.local/lib/python3.7/site-packages/airflow/example_dags/example_datasets.py
[2025-07-12T13:12:34.416+0000] {processor.py:826} INFO - Processing file /home/airflow/.local/lib/python3.7/site-packages/airflow/example_dags/example_datasets.py for tasks to queue
[2025-07-12T13:12:34.419+0000] {logging_mixin.py:149} INFO - [2025-07-12T13:12:34.418+0000] {dagbag.py:541} INFO - Filling up the DagBag from /home/airflow/.local/lib/python3.7/site-packages/airflow/example_dags/example_datasets.py
[2025-07-12T13:12:34.443+0000] {processor.py:836} INFO - DAG(s) dict_keys(['dataset_produces_2', 'dataset_produces_1', 'dataset_consumes_1_never_scheduled', 'dataset_consumes_1_and_2', 'dataset_consumes_unknown_never_scheduled', 'dataset_consumes_1']) retrieved from /home/airflow/.local/lib/python3.7/site-packages/airflow/example_dags/example_datasets.py
[2025-07-12T13:12:34.693+0000] {logging_mixin.py:149} INFO - [2025-07-12T13:12:34.692+0000] {dag.py:2726} INFO - Sync 6 DAGs
[2025-07-12T13:12:34.723+0000] {logging_mixin.py:149} INFO - [2025-07-12T13:12:34.723+0000] {dag.py:3490} INFO - Setting next_dagrun for dataset_consumes_1 to None, run_after=None
[2025-07-12T13:12:34.728+0000] {logging_mixin.py:149} INFO - [2025-07-12T13:12:34.728+0000] {dag.py:3490} INFO - Setting next_dagrun for dataset_consumes_1_and_2 to None, run_after=None
[2025-07-12T13:12:34.730+0000] {logging_mixin.py:149} INFO - [2025-07-12T13:12:34.730+0000] {dag.py:3490} INFO - Setting next_dagrun for dataset_consumes_1_never_scheduled to None, run_after=None
[2025-07-12T13:12:34.732+0000] {logging_mixin.py:149} INFO - [2025-07-12T13:12:34.731+0000] {dag.py:3490} INFO - Setting next_dagrun for dataset_consumes_unknown_never_scheduled to None, run_after=None
[2025-07-12T13:12:34.735+0000] {logging_mixin.py:149} INFO - [2025-07-12T13:12:34.735+0000] {dag.py:3490} INFO - Setting next_dagrun for dataset_produces_1 to 2025-07-11T00:00:00+00:00, run_after=2025-07-12T00:00:00+00:00
[2025-07-12T13:12:34.736+0000] {logging_mixin.py:149} INFO - [2025-07-12T13:12:34.736+0000] {dag.py:3490} INFO - Setting next_dagrun for dataset_produces_2 to None, run_after=None
[2025-07-12T13:12:34.783+0000] {processor.py:179} INFO - Processing /home/airflow/.local/lib/python3.7/site-packages/airflow/example_dags/example_datasets.py took 0.373 seconds
[2025-07-12T13:13:05.525+0000] {processor.py:157} INFO - Started process (PID=468) to work on /home/airflow/.local/lib/python3.7/site-packages/airflow/example_dags/example_datasets.py
[2025-07-12T13:13:05.526+0000] {processor.py:826} INFO - Processing file /home/airflow/.local/lib/python3.7/site-packages/airflow/example_dags/example_datasets.py for tasks to queue
[2025-07-12T13:13:05.528+0000] {logging_mixin.py:149} INFO - [2025-07-12T13:13:05.528+0000] {dagbag.py:541} INFO - Filling up the DagBag from /home/airflow/.local/lib/python3.7/site-packages/airflow/example_dags/example_datasets.py
[2025-07-12T13:13:05.538+0000] {processor.py:836} INFO - DAG(s) dict_keys(['dataset_consumes_1_and_2', 'dataset_consumes_1_never_scheduled', 'dataset_consumes_unknown_never_scheduled', 'dataset_consumes_1', 'dataset_produces_1', 'dataset_produces_2']) retrieved from /home/airflow/.local/lib/python3.7/site-packages/airflow/example_dags/example_datasets.py
[2025-07-12T13:13:05.591+0000] {logging_mixin.py:149} INFO - [2025-07-12T13:13:05.591+0000] {dag.py:2726} INFO - Sync 6 DAGs
[2025-07-12T13:13:05.639+0000] {logging_mixin.py:149} INFO - [2025-07-12T13:13:05.639+0000] {dag.py:3490} INFO - Setting next_dagrun for dataset_consumes_1 to None, run_after=None
[2025-07-12T13:13:05.646+0000] {logging_mixin.py:149} INFO - [2025-07-12T13:13:05.646+0000] {dag.py:3490} INFO - Setting next_dagrun for dataset_consumes_1_and_2 to None, run_after=None
[2025-07-12T13:13:05.648+0000] {logging_mixin.py:149} INFO - [2025-07-12T13:13:05.648+0000] {dag.py:3490} INFO - Setting next_dagrun for dataset_consumes_1_never_scheduled to None, run_after=None
[2025-07-12T13:13:05.651+0000] {logging_mixin.py:149} INFO - [2025-07-12T13:13:05.651+0000] {dag.py:3490} INFO - Setting next_dagrun for dataset_consumes_unknown_never_scheduled to None, run_after=None
[2025-07-12T13:13:05.656+0000] {logging_mixin.py:149} INFO - [2025-07-12T13:13:05.656+0000] {dag.py:3490} INFO - Setting next_dagrun for dataset_produces_1 to 2025-07-11T00:00:00+00:00, run_after=2025-07-12T00:00:00+00:00
[2025-07-12T13:13:05.659+0000] {logging_mixin.py:149} INFO - [2025-07-12T13:13:05.658+0000] {dag.py:3490} INFO - Setting next_dagrun for dataset_produces_2 to None, run_after=None
[2025-07-12T13:13:05.715+0000] {processor.py:179} INFO - Processing /home/airflow/.local/lib/python3.7/site-packages/airflow/example_dags/example_datasets.py took 0.194 seconds
[2025-07-12T14:41:28.314+0000] {processor.py:157} INFO - Started process (PID=228) to work on /home/airflow/.local/lib/python3.7/site-packages/airflow/example_dags/example_datasets.py
[2025-07-12T14:41:28.317+0000] {processor.py:826} INFO - Processing file /home/airflow/.local/lib/python3.7/site-packages/airflow/example_dags/example_datasets.py for tasks to queue
[2025-07-12T14:41:28.321+0000] {logging_mixin.py:149} INFO - [2025-07-12T14:41:28.320+0000] {dagbag.py:541} INFO - Filling up the DagBag from /home/airflow/.local/lib/python3.7/site-packages/airflow/example_dags/example_datasets.py
[2025-07-12T14:41:28.384+0000] {processor.py:836} INFO - DAG(s) dict_keys(['dataset_consumes_unknown_never_scheduled', 'dataset_consumes_1_never_scheduled', 'dataset_consumes_1', 'dataset_produces_1', 'dataset_produces_2', 'dataset_consumes_1_and_2']) retrieved from /home/airflow/.local/lib/python3.7/site-packages/airflow/example_dags/example_datasets.py
[2025-07-12T14:41:29.440+0000] {logging_mixin.py:149} INFO - [2025-07-12T14:41:29.440+0000] {dag.py:2726} INFO - Sync 6 DAGs
[2025-07-12T14:41:29.548+0000] {logging_mixin.py:149} INFO - [2025-07-12T14:41:29.547+0000] {dag.py:3490} INFO - Setting next_dagrun for dataset_consumes_1 to None, run_after=None
[2025-07-12T14:41:29.559+0000] {logging_mixin.py:149} INFO - [2025-07-12T14:41:29.559+0000] {dag.py:3490} INFO - Setting next_dagrun for dataset_consumes_1_and_2 to None, run_after=None
[2025-07-12T14:41:29.565+0000] {logging_mixin.py:149} INFO - [2025-07-12T14:41:29.564+0000] {dag.py:3490} INFO - Setting next_dagrun for dataset_consumes_1_never_scheduled to None, run_after=None
[2025-07-12T14:41:29.570+0000] {logging_mixin.py:149} INFO - [2025-07-12T14:41:29.570+0000] {dag.py:3490} INFO - Setting next_dagrun for dataset_consumes_unknown_never_scheduled to None, run_after=None
[2025-07-12T14:41:29.581+0000] {logging_mixin.py:149} INFO - [2025-07-12T14:41:29.581+0000] {dag.py:3490} INFO - Setting next_dagrun for dataset_produces_1 to 2025-07-11T00:00:00+00:00, run_after=2025-07-12T00:00:00+00:00
[2025-07-12T14:41:29.585+0000] {logging_mixin.py:149} INFO - [2025-07-12T14:41:29.585+0000] {dag.py:3490} INFO - Setting next_dagrun for dataset_produces_2 to None, run_after=None
[2025-07-12T14:41:29.737+0000] {processor.py:179} INFO - Processing /home/airflow/.local/lib/python3.7/site-packages/airflow/example_dags/example_datasets.py took 1.441 seconds
[2025-07-12T14:52:44.988+0000] {processor.py:157} INFO - Started process (PID=214) to work on /home/airflow/.local/lib/python3.7/site-packages/airflow/example_dags/example_datasets.py
[2025-07-12T14:52:44.989+0000] {processor.py:826} INFO - Processing file /home/airflow/.local/lib/python3.7/site-packages/airflow/example_dags/example_datasets.py for tasks to queue
[2025-07-12T14:52:44.990+0000] {logging_mixin.py:149} INFO - [2025-07-12T14:52:44.990+0000] {dagbag.py:541} INFO - Filling up the DagBag from /home/airflow/.local/lib/python3.7/site-packages/airflow/example_dags/example_datasets.py
[2025-07-12T14:52:45.005+0000] {processor.py:836} INFO - DAG(s) dict_keys(['dataset_produces_2', 'dataset_produces_1', 'dataset_consumes_1', 'dataset_consumes_1_and_2', 'dataset_consumes_1_never_scheduled', 'dataset_consumes_unknown_never_scheduled']) retrieved from /home/airflow/.local/lib/python3.7/site-packages/airflow/example_dags/example_datasets.py
[2025-07-12T14:52:45.288+0000] {logging_mixin.py:149} INFO - [2025-07-12T14:52:45.288+0000] {dag.py:2726} INFO - Sync 6 DAGs
[2025-07-12T14:52:45.322+0000] {logging_mixin.py:149} INFO - [2025-07-12T14:52:45.321+0000] {dag.py:3490} INFO - Setting next_dagrun for dataset_consumes_1 to None, run_after=None
[2025-07-12T14:52:45.326+0000] {logging_mixin.py:149} INFO - [2025-07-12T14:52:45.326+0000] {dag.py:3490} INFO - Setting next_dagrun for dataset_consumes_1_and_2 to None, run_after=None
[2025-07-12T14:52:45.328+0000] {logging_mixin.py:149} INFO - [2025-07-12T14:52:45.328+0000] {dag.py:3490} INFO - Setting next_dagrun for dataset_consumes_1_never_scheduled to None, run_after=None
[2025-07-12T14:52:45.329+0000] {logging_mixin.py:149} INFO - [2025-07-12T14:52:45.329+0000] {dag.py:3490} INFO - Setting next_dagrun for dataset_consumes_unknown_never_scheduled to None, run_after=None
[2025-07-12T14:52:45.334+0000] {logging_mixin.py:149} INFO - [2025-07-12T14:52:45.333+0000] {dag.py:3490} INFO - Setting next_dagrun for dataset_produces_1 to 2025-07-11T00:00:00+00:00, run_after=2025-07-12T00:00:00+00:00
[2025-07-12T14:52:45.336+0000] {logging_mixin.py:149} INFO - [2025-07-12T14:52:45.336+0000] {dag.py:3490} INFO - Setting next_dagrun for dataset_produces_2 to None, run_after=None
[2025-07-12T14:52:45.389+0000] {processor.py:179} INFO - Processing /home/airflow/.local/lib/python3.7/site-packages/airflow/example_dags/example_datasets.py took 0.404 seconds
[2025-07-12T14:53:15.512+0000] {processor.py:157} INFO - Started process (PID=471) to work on /home/airflow/.local/lib/python3.7/site-packages/airflow/example_dags/example_datasets.py
[2025-07-12T14:53:15.513+0000] {processor.py:826} INFO - Processing file /home/airflow/.local/lib/python3.7/site-packages/airflow/example_dags/example_datasets.py for tasks to queue
[2025-07-12T14:53:15.514+0000] {logging_mixin.py:149} INFO - [2025-07-12T14:53:15.514+0000] {dagbag.py:541} INFO - Filling up the DagBag from /home/airflow/.local/lib/python3.7/site-packages/airflow/example_dags/example_datasets.py
[2025-07-12T14:53:15.523+0000] {processor.py:836} INFO - DAG(s) dict_keys(['dataset_consumes_1', 'dataset_produces_2', 'dataset_consumes_unknown_never_scheduled', 'dataset_produces_1', 'dataset_consumes_1_and_2', 'dataset_consumes_1_never_scheduled']) retrieved from /home/airflow/.local/lib/python3.7/site-packages/airflow/example_dags/example_datasets.py
[2025-07-12T14:53:15.566+0000] {logging_mixin.py:149} INFO - [2025-07-12T14:53:15.566+0000] {dag.py:2726} INFO - Sync 6 DAGs
[2025-07-12T14:53:15.597+0000] {logging_mixin.py:149} INFO - [2025-07-12T14:53:15.597+0000] {dag.py:3490} INFO - Setting next_dagrun for dataset_consumes_1 to None, run_after=None
[2025-07-12T14:53:15.601+0000] {logging_mixin.py:149} INFO - [2025-07-12T14:53:15.600+0000] {dag.py:3490} INFO - Setting next_dagrun for dataset_consumes_1_and_2 to None, run_after=None
[2025-07-12T14:53:15.602+0000] {logging_mixin.py:149} INFO - [2025-07-12T14:53:15.602+0000] {dag.py:3490} INFO - Setting next_dagrun for dataset_consumes_1_never_scheduled to None, run_after=None
[2025-07-12T14:53:15.603+0000] {logging_mixin.py:149} INFO - [2025-07-12T14:53:15.603+0000] {dag.py:3490} INFO - Setting next_dagrun for dataset_consumes_unknown_never_scheduled to None, run_after=None
[2025-07-12T14:53:15.607+0000] {logging_mixin.py:149} INFO - [2025-07-12T14:53:15.606+0000] {dag.py:3490} INFO - Setting next_dagrun for dataset_produces_1 to 2025-07-11T00:00:00+00:00, run_after=2025-07-12T00:00:00+00:00
[2025-07-12T14:53:15.608+0000] {logging_mixin.py:149} INFO - [2025-07-12T14:53:15.608+0000] {dag.py:3490} INFO - Setting next_dagrun for dataset_produces_2 to None, run_after=None
[2025-07-12T14:53:15.643+0000] {processor.py:179} INFO - Processing /home/airflow/.local/lib/python3.7/site-packages/airflow/example_dags/example_datasets.py took 0.135 seconds
[2025-07-12T14:53:46.485+0000] {processor.py:157} INFO - Started process (PID=716) to work on /home/airflow/.local/lib/python3.7/site-packages/airflow/example_dags/example_datasets.py
[2025-07-12T14:53:46.486+0000] {processor.py:826} INFO - Processing file /home/airflow/.local/lib/python3.7/site-packages/airflow/example_dags/example_datasets.py for tasks to queue
[2025-07-12T14:53:46.487+0000] {logging_mixin.py:149} INFO - [2025-07-12T14:53:46.487+0000] {dagbag.py:541} INFO - Filling up the DagBag from /home/airflow/.local/lib/python3.7/site-packages/airflow/example_dags/example_datasets.py
[2025-07-12T14:53:46.497+0000] {processor.py:836} INFO - DAG(s) dict_keys(['dataset_consumes_unknown_never_scheduled', 'dataset_consumes_1', 'dataset_produces_1', 'dataset_consumes_1_never_scheduled', 'dataset_produces_2', 'dataset_consumes_1_and_2']) retrieved from /home/airflow/.local/lib/python3.7/site-packages/airflow/example_dags/example_datasets.py
[2025-07-12T14:53:46.539+0000] {logging_mixin.py:149} INFO - [2025-07-12T14:53:46.539+0000] {dag.py:2726} INFO - Sync 6 DAGs
[2025-07-12T14:53:46.568+0000] {logging_mixin.py:149} INFO - [2025-07-12T14:53:46.568+0000] {dag.py:3490} INFO - Setting next_dagrun for dataset_consumes_1 to None, run_after=None
[2025-07-12T14:53:46.574+0000] {logging_mixin.py:149} INFO - [2025-07-12T14:53:46.573+0000] {dag.py:3490} INFO - Setting next_dagrun for dataset_consumes_1_and_2 to None, run_after=None
[2025-07-12T14:53:46.576+0000] {logging_mixin.py:149} INFO - [2025-07-12T14:53:46.575+0000] {dag.py:3490} INFO - Setting next_dagrun for dataset_consumes_1_never_scheduled to None, run_after=None
[2025-07-12T14:53:46.577+0000] {logging_mixin.py:149} INFO - [2025-07-12T14:53:46.577+0000] {dag.py:3490} INFO - Setting next_dagrun for dataset_consumes_unknown_never_scheduled to None, run_after=None
[2025-07-12T14:53:46.580+0000] {logging_mixin.py:149} INFO - [2025-07-12T14:53:46.580+0000] {dag.py:3490} INFO - Setting next_dagrun for dataset_produces_1 to 2025-07-11T00:00:00+00:00, run_after=2025-07-12T00:00:00+00:00
[2025-07-12T14:53:46.582+0000] {logging_mixin.py:149} INFO - [2025-07-12T14:53:46.582+0000] {dag.py:3490} INFO - Setting next_dagrun for dataset_produces_2 to None, run_after=None
[2025-07-12T14:53:46.617+0000] {processor.py:179} INFO - Processing /home/airflow/.local/lib/python3.7/site-packages/airflow/example_dags/example_datasets.py took 0.135 seconds
[2025-07-12T14:54:17.528+0000] {processor.py:157} INFO - Started process (PID=967) to work on /home/airflow/.local/lib/python3.7/site-packages/airflow/example_dags/example_datasets.py
[2025-07-12T14:54:17.528+0000] {processor.py:826} INFO - Processing file /home/airflow/.local/lib/python3.7/site-packages/airflow/example_dags/example_datasets.py for tasks to queue
[2025-07-12T14:54:17.529+0000] {logging_mixin.py:149} INFO - [2025-07-12T14:54:17.529+0000] {dagbag.py:541} INFO - Filling up the DagBag from /home/airflow/.local/lib/python3.7/site-packages/airflow/example_dags/example_datasets.py
[2025-07-12T14:54:17.540+0000] {processor.py:836} INFO - DAG(s) dict_keys(['dataset_consumes_unknown_never_scheduled', 'dataset_produces_2', 'dataset_consumes_1_and_2', 'dataset_consumes_1', 'dataset_consumes_1_never_scheduled', 'dataset_produces_1']) retrieved from /home/airflow/.local/lib/python3.7/site-packages/airflow/example_dags/example_datasets.py
[2025-07-12T14:54:17.590+0000] {logging_mixin.py:149} INFO - [2025-07-12T14:54:17.590+0000] {dag.py:2726} INFO - Sync 6 DAGs
[2025-07-12T14:54:17.723+0000] {logging_mixin.py:149} INFO - [2025-07-12T14:54:17.723+0000] {dag.py:3490} INFO - Setting next_dagrun for dataset_consumes_1 to None, run_after=None
[2025-07-12T14:54:17.727+0000] {logging_mixin.py:149} INFO - [2025-07-12T14:54:17.727+0000] {dag.py:3490} INFO - Setting next_dagrun for dataset_consumes_1_and_2 to None, run_after=None
[2025-07-12T14:54:17.728+0000] {logging_mixin.py:149} INFO - [2025-07-12T14:54:17.728+0000] {dag.py:3490} INFO - Setting next_dagrun for dataset_consumes_1_never_scheduled to None, run_after=None
[2025-07-12T14:54:17.730+0000] {logging_mixin.py:149} INFO - [2025-07-12T14:54:17.730+0000] {dag.py:3490} INFO - Setting next_dagrun for dataset_consumes_unknown_never_scheduled to None, run_after=None
[2025-07-12T14:54:17.735+0000] {logging_mixin.py:149} INFO - [2025-07-12T14:54:17.735+0000] {dag.py:3490} INFO - Setting next_dagrun for dataset_produces_1 to 2025-07-11T00:00:00+00:00, run_after=2025-07-12T00:00:00+00:00
[2025-07-12T14:54:17.737+0000] {logging_mixin.py:149} INFO - [2025-07-12T14:54:17.737+0000] {dag.py:3490} INFO - Setting next_dagrun for dataset_produces_2 to None, run_after=None
[2025-07-12T14:54:17.777+0000] {processor.py:179} INFO - Processing /home/airflow/.local/lib/python3.7/site-packages/airflow/example_dags/example_datasets.py took 0.253 seconds
