[2025-07-12T13:12:37.166+0000] {processor.py:157} INFO - Started process (PID=326) to work on /home/airflow/.local/lib/python3.7/site-packages/airflow/example_dags/example_sensor_decorator.py
[2025-07-12T13:12:37.168+0000] {processor.py:826} INFO - Processing file /home/airflow/.local/lib/python3.7/site-packages/airflow/example_dags/example_sensor_decorator.py for tasks to queue
[2025-07-12T13:12:37.169+0000] {logging_mixin.py:149} INFO - [2025-07-12T13:12:37.168+0000] {dagbag.py:541} INFO - Filling up the DagBag from /home/airflow/.local/lib/python3.7/site-packages/airflow/example_dags/example_sensor_decorator.py
[2025-07-12T13:12:37.178+0000] {processor.py:836} INFO - DAG(s) dict_keys(['example_sensor_decorator']) retrieved from /home/airflow/.local/lib/python3.7/site-packages/airflow/example_dags/example_sensor_decorator.py
[2025-07-12T13:12:37.223+0000] {logging_mixin.py:149} INFO - [2025-07-12T13:12:37.222+0000] {dag.py:2726} INFO - Sync 1 DAGs
[2025-07-12T13:12:37.252+0000] {logging_mixin.py:149} INFO - [2025-07-12T13:12:37.252+0000] {dag.py:3490} INFO - Setting next_dagrun for example_sensor_decorator to None, run_after=None
[2025-07-12T13:12:37.278+0000] {processor.py:179} INFO - Processing /home/airflow/.local/lib/python3.7/site-packages/airflow/example_dags/example_sensor_decorator.py took 0.117 seconds
[2025-07-12T13:13:07.966+0000] {processor.py:157} INFO - Started process (PID=571) to work on /home/airflow/.local/lib/python3.7/site-packages/airflow/example_dags/example_sensor_decorator.py
[2025-07-12T13:13:07.968+0000] {processor.py:826} INFO - Processing file /home/airflow/.local/lib/python3.7/site-packages/airflow/example_dags/example_sensor_decorator.py for tasks to queue
[2025-07-12T13:13:07.969+0000] {logging_mixin.py:149} INFO - [2025-07-12T13:13:07.968+0000] {dagbag.py:541} INFO - Filling up the DagBag from /home/airflow/.local/lib/python3.7/site-packages/airflow/example_dags/example_sensor_decorator.py
[2025-07-12T13:13:07.976+0000] {processor.py:836} INFO - DAG(s) dict_keys(['example_sensor_decorator']) retrieved from /home/airflow/.local/lib/python3.7/site-packages/airflow/example_dags/example_sensor_decorator.py
[2025-07-12T13:13:08.007+0000] {logging_mixin.py:149} INFO - [2025-07-12T13:13:08.007+0000] {dag.py:2726} INFO - Sync 1 DAGs
[2025-07-12T13:13:08.036+0000] {logging_mixin.py:149} INFO - [2025-07-12T13:13:08.036+0000] {dag.py:3490} INFO - Setting next_dagrun for example_sensor_decorator to None, run_after=None
[2025-07-12T13:13:08.058+0000] {processor.py:179} INFO - Processing /home/airflow/.local/lib/python3.7/site-packages/airflow/example_dags/example_sensor_decorator.py took 0.095 seconds
[2025-07-12T14:52:47.660+0000] {processor.py:157} INFO - Started process (PID=328) to work on /home/airflow/.local/lib/python3.7/site-packages/airflow/example_dags/example_sensor_decorator.py
[2025-07-12T14:52:47.661+0000] {processor.py:826} INFO - Processing file /home/airflow/.local/lib/python3.7/site-packages/airflow/example_dags/example_sensor_decorator.py for tasks to queue
[2025-07-12T14:52:47.663+0000] {logging_mixin.py:149} INFO - [2025-07-12T14:52:47.662+0000] {dagbag.py:541} INFO - Filling up the DagBag from /home/airflow/.local/lib/python3.7/site-packages/airflow/example_dags/example_sensor_decorator.py
[2025-07-12T14:52:47.671+0000] {processor.py:836} INFO - DAG(s) dict_keys(['example_sensor_decorator']) retrieved from /home/airflow/.local/lib/python3.7/site-packages/airflow/example_dags/example_sensor_decorator.py
[2025-07-12T14:52:47.712+0000] {logging_mixin.py:149} INFO - [2025-07-12T14:52:47.711+0000] {dag.py:2726} INFO - Sync 1 DAGs
[2025-07-12T14:52:47.744+0000] {logging_mixin.py:149} INFO - [2025-07-12T14:52:47.744+0000] {dag.py:3490} INFO - Setting next_dagrun for example_sensor_decorator to None, run_after=None
[2025-07-12T14:52:47.794+0000] {processor.py:179} INFO - Processing /home/airflow/.local/lib/python3.7/site-packages/airflow/example_dags/example_sensor_decorator.py took 0.139 seconds
[2025-07-12T14:53:18.524+0000] {processor.py:157} INFO - Started process (PID=571) to work on /home/airflow/.local/lib/python3.7/site-packages/airflow/example_dags/example_sensor_decorator.py
[2025-07-12T14:53:18.525+0000] {processor.py:826} INFO - Processing file /home/airflow/.local/lib/python3.7/site-packages/airflow/example_dags/example_sensor_decorator.py for tasks to queue
[2025-07-12T14:53:18.525+0000] {logging_mixin.py:149} INFO - [2025-07-12T14:53:18.525+0000] {dagbag.py:541} INFO - Filling up the DagBag from /home/airflow/.local/lib/python3.7/site-packages/airflow/example_dags/example_sensor_decorator.py
[2025-07-12T14:53:18.531+0000] {processor.py:836} INFO - DAG(s) dict_keys(['example_sensor_decorator']) retrieved from /home/airflow/.local/lib/python3.7/site-packages/airflow/example_dags/example_sensor_decorator.py
[2025-07-12T14:53:18.556+0000] {logging_mixin.py:149} INFO - [2025-07-12T14:53:18.556+0000] {dag.py:2726} INFO - Sync 1 DAGs
[2025-07-12T14:53:18.584+0000] {logging_mixin.py:149} INFO - [2025-07-12T14:53:18.584+0000] {dag.py:3490} INFO - Setting next_dagrun for example_sensor_decorator to None, run_after=None
[2025-07-12T14:53:18.604+0000] {processor.py:179} INFO - Processing /home/airflow/.local/lib/python3.7/site-packages/airflow/example_dags/example_sensor_decorator.py took 0.084 seconds
[2025-07-12T14:53:49.426+0000] {processor.py:157} INFO - Started process (PID=815) to work on /home/airflow/.local/lib/python3.7/site-packages/airflow/example_dags/example_sensor_decorator.py
[2025-07-12T14:53:49.426+0000] {processor.py:826} INFO - Processing file /home/airflow/.local/lib/python3.7/site-packages/airflow/example_dags/example_sensor_decorator.py for tasks to queue
[2025-07-12T14:53:49.431+0000] {logging_mixin.py:149} INFO - [2025-07-12T14:53:49.430+0000] {dagbag.py:541} INFO - Filling up the DagBag from /home/airflow/.local/lib/python3.7/site-packages/airflow/example_dags/example_sensor_decorator.py
[2025-07-12T14:53:49.440+0000] {processor.py:836} INFO - DAG(s) dict_keys(['example_sensor_decorator']) retrieved from /home/airflow/.local/lib/python3.7/site-packages/airflow/example_dags/example_sensor_decorator.py
[2025-07-12T14:53:49.470+0000] {logging_mixin.py:149} INFO - [2025-07-12T14:53:49.470+0000] {dag.py:2726} INFO - Sync 1 DAGs
[2025-07-12T14:53:49.500+0000] {logging_mixin.py:149} INFO - [2025-07-12T14:53:49.500+0000] {dag.py:3490} INFO - Setting next_dagrun for example_sensor_decorator to None, run_after=None
[2025-07-12T14:53:49.625+0000] {processor.py:179} INFO - Processing /home/airflow/.local/lib/python3.7/site-packages/airflow/example_dags/example_sensor_decorator.py took 0.203 seconds
