[2025-07-12T13:12:36.978+0000] {processor.py:157} INFO - Started process (PID=316) to work on /home/airflow/.local/lib/python3.7/site-packages/airflow/example_dags/example_params_trigger_ui.py
[2025-07-12T13:12:36.980+0000] {processor.py:826} INFO - Processing file /home/airflow/.local/lib/python3.7/site-packages/airflow/example_dags/example_params_trigger_ui.py for tasks to queue
[2025-07-12T13:12:36.981+0000] {logging_mixin.py:149} INFO - [2025-07-12T13:12:36.980+0000] {dagbag.py:541} INFO - Filling up the DagBag from /home/airflow/.local/lib/python3.7/site-packages/airflow/example_dags/example_params_trigger_ui.py
[2025-07-12T13:12:37.008+0000] {processor.py:836} INFO - DAG(s) dict_keys(['example_params_trigger_ui']) retrieved from /home/airflow/.local/lib/python3.7/site-packages/airflow/example_dags/example_params_trigger_ui.py
[2025-07-12T13:12:37.131+0000] {logging_mixin.py:149} INFO - [2025-07-12T13:12:37.131+0000] {dag.py:2726} INFO - Sync 1 DAGs
[2025-07-12T13:12:37.168+0000] {logging_mixin.py:149} INFO - [2025-07-12T13:12:37.168+0000] {dag.py:3490} INFO - Setting next_dagrun for example_params_trigger_ui to None, run_after=None
[2025-07-12T13:12:37.193+0000] {processor.py:179} INFO - Processing /home/airflow/.local/lib/python3.7/site-packages/airflow/example_dags/example_params_trigger_ui.py took 0.223 seconds
[2025-07-12T13:13:07.740+0000] {processor.py:157} INFO - Started process (PID=561) to work on /home/airflow/.local/lib/python3.7/site-packages/airflow/example_dags/example_params_trigger_ui.py
[2025-07-12T13:13:07.741+0000] {processor.py:826} INFO - Processing file /home/airflow/.local/lib/python3.7/site-packages/airflow/example_dags/example_params_trigger_ui.py for tasks to queue
[2025-07-12T13:13:07.743+0000] {logging_mixin.py:149} INFO - [2025-07-12T13:13:07.743+0000] {dagbag.py:541} INFO - Filling up the DagBag from /home/airflow/.local/lib/python3.7/site-packages/airflow/example_dags/example_params_trigger_ui.py
[2025-07-12T13:13:07.770+0000] {processor.py:836} INFO - DAG(s) dict_keys(['example_params_trigger_ui']) retrieved from /home/airflow/.local/lib/python3.7/site-packages/airflow/example_dags/example_params_trigger_ui.py
[2025-07-12T13:13:07.880+0000] {logging_mixin.py:149} INFO - [2025-07-12T13:13:07.880+0000] {dag.py:2726} INFO - Sync 1 DAGs
[2025-07-12T13:13:07.913+0000] {logging_mixin.py:149} INFO - [2025-07-12T13:13:07.913+0000] {dag.py:3490} INFO - Setting next_dagrun for example_params_trigger_ui to None, run_after=None
[2025-07-12T13:13:07.938+0000] {processor.py:179} INFO - Processing /home/airflow/.local/lib/python3.7/site-packages/airflow/example_dags/example_params_trigger_ui.py took 0.201 seconds
[2025-07-12T14:52:47.274+0000] {processor.py:157} INFO - Started process (PID=316) to work on /home/airflow/.local/lib/python3.7/site-packages/airflow/example_dags/example_params_trigger_ui.py
[2025-07-12T14:52:47.276+0000] {processor.py:826} INFO - Processing file /home/airflow/.local/lib/python3.7/site-packages/airflow/example_dags/example_params_trigger_ui.py for tasks to queue
[2025-07-12T14:52:47.278+0000] {logging_mixin.py:149} INFO - [2025-07-12T14:52:47.278+0000] {dagbag.py:541} INFO - Filling up the DagBag from /home/airflow/.local/lib/python3.7/site-packages/airflow/example_dags/example_params_trigger_ui.py
[2025-07-12T14:52:47.347+0000] {processor.py:836} INFO - DAG(s) dict_keys(['example_params_trigger_ui']) retrieved from /home/airflow/.local/lib/python3.7/site-packages/airflow/example_dags/example_params_trigger_ui.py
[2025-07-12T14:52:47.574+0000] {logging_mixin.py:149} INFO - [2025-07-12T14:52:47.573+0000] {dag.py:2726} INFO - Sync 1 DAGs
[2025-07-12T14:52:47.609+0000] {logging_mixin.py:149} INFO - [2025-07-12T14:52:47.609+0000] {dag.py:3490} INFO - Setting next_dagrun for example_params_trigger_ui to None, run_after=None
[2025-07-12T14:52:47.641+0000] {processor.py:179} INFO - Processing /home/airflow/.local/lib/python3.7/site-packages/airflow/example_dags/example_params_trigger_ui.py took 0.375 seconds
[2025-07-12T14:53:18.244+0000] {processor.py:157} INFO - Started process (PID=561) to work on /home/airflow/.local/lib/python3.7/site-packages/airflow/example_dags/example_params_trigger_ui.py
[2025-07-12T14:53:18.245+0000] {processor.py:826} INFO - Processing file /home/airflow/.local/lib/python3.7/site-packages/airflow/example_dags/example_params_trigger_ui.py for tasks to queue
[2025-07-12T14:53:18.246+0000] {logging_mixin.py:149} INFO - [2025-07-12T14:53:18.246+0000] {dagbag.py:541} INFO - Filling up the DagBag from /home/airflow/.local/lib/python3.7/site-packages/airflow/example_dags/example_params_trigger_ui.py
[2025-07-12T14:53:18.269+0000] {processor.py:836} INFO - DAG(s) dict_keys(['example_params_trigger_ui']) retrieved from /home/airflow/.local/lib/python3.7/site-packages/airflow/example_dags/example_params_trigger_ui.py
[2025-07-12T14:53:18.373+0000] {logging_mixin.py:149} INFO - [2025-07-12T14:53:18.373+0000] {dag.py:2726} INFO - Sync 1 DAGs
[2025-07-12T14:53:18.400+0000] {logging_mixin.py:149} INFO - [2025-07-12T14:53:18.400+0000] {dag.py:3490} INFO - Setting next_dagrun for example_params_trigger_ui to None, run_after=None
[2025-07-12T14:53:18.427+0000] {processor.py:179} INFO - Processing /home/airflow/.local/lib/python3.7/site-packages/airflow/example_dags/example_params_trigger_ui.py took 0.187 seconds
[2025-07-12T14:53:49.113+0000] {processor.py:157} INFO - Started process (PID=805) to work on /home/airflow/.local/lib/python3.7/site-packages/airflow/example_dags/example_params_trigger_ui.py
[2025-07-12T14:53:49.115+0000] {processor.py:826} INFO - Processing file /home/airflow/.local/lib/python3.7/site-packages/airflow/example_dags/example_params_trigger_ui.py for tasks to queue
[2025-07-12T14:53:49.117+0000] {logging_mixin.py:149} INFO - [2025-07-12T14:53:49.116+0000] {dagbag.py:541} INFO - Filling up the DagBag from /home/airflow/.local/lib/python3.7/site-packages/airflow/example_dags/example_params_trigger_ui.py
[2025-07-12T14:53:49.149+0000] {processor.py:836} INFO - DAG(s) dict_keys(['example_params_trigger_ui']) retrieved from /home/airflow/.local/lib/python3.7/site-packages/airflow/example_dags/example_params_trigger_ui.py
[2025-07-12T14:53:49.256+0000] {logging_mixin.py:149} INFO - [2025-07-12T14:53:49.256+0000] {dag.py:2726} INFO - Sync 1 DAGs
[2025-07-12T14:53:49.378+0000] {logging_mixin.py:149} INFO - [2025-07-12T14:53:49.378+0000] {dag.py:3490} INFO - Setting next_dagrun for example_params_trigger_ui to None, run_after=None
[2025-07-12T14:53:49.397+0000] {processor.py:179} INFO - Processing /home/airflow/.local/lib/python3.7/site-packages/airflow/example_dags/example_params_trigger_ui.py took 0.288 seconds
