[2025-10-09T08:00:08.980+0000] {processor.py:157} INFO - Started process (PID=220) to work on /opt/airflow/dags/my_demo_dag.py
[2025-10-09T08:00:08.982+0000] {processor.py:826} INFO - Processing file /opt/airflow/dags/my_demo_dag.py for tasks to queue
[2025-10-09T08:00:08.985+0000] {logging_mixin.py:149} INFO - [2025-10-09T08:00:08.985+0000] {dagbag.py:541} INFO - Filling up the DagBag from /opt/airflow/dags/my_demo_dag.py
[2025-10-09T08:00:09.022+0000] {processor.py:836} INFO - DAG(s) dict_keys(['my_first_dag_2']) retrieved from /opt/airflow/dags/my_demo_dag.py
[2025-10-09T08:00:09.238+0000] {logging_mixin.py:149} INFO - [2025-10-09T08:00:09.238+0000] {dag.py:2726} INFO - Sync 1 DAGs
[2025-10-09T08:00:09.403+0000] {logging_mixin.py:149} INFO - [2025-10-09T08:00:09.403+0000] {dag.py:3490} INFO - Setting next_dagrun for my_first_dag_2 to 2024-01-22T00:00:00+00:00, run_after=2024-01-23T00:00:00+00:00
[2025-10-09T08:00:09.473+0000] {processor.py:179} INFO - Processing /opt/airflow/dags/my_demo_dag.py took 0.497 seconds
[2025-10-09T08:00:39.589+0000] {processor.py:157} INFO - Started process (PID=524) to work on /opt/airflow/dags/my_demo_dag.py
[2025-10-09T08:00:39.590+0000] {processor.py:826} INFO - Processing file /opt/airflow/dags/my_demo_dag.py for tasks to queue
[2025-10-09T08:00:39.590+0000] {logging_mixin.py:149} INFO - [2025-10-09T08:00:39.590+0000] {dagbag.py:541} INFO - Filling up the DagBag from /opt/airflow/dags/my_demo_dag.py
[2025-10-09T08:00:39.601+0000] {processor.py:836} INFO - DAG(s) dict_keys(['my_first_dag_2']) retrieved from /opt/airflow/dags/my_demo_dag.py
[2025-10-09T08:00:39.629+0000] {logging_mixin.py:149} INFO - [2025-10-09T08:00:39.628+0000] {dag.py:2726} INFO - Sync 1 DAGs
[2025-10-09T08:00:39.657+0000] {logging_mixin.py:149} INFO - [2025-10-09T08:00:39.657+0000] {dag.py:3490} INFO - Setting next_dagrun for my_first_dag_2 to 2024-01-22T00:00:00+00:00, run_after=2024-01-23T00:00:00+00:00
[2025-10-09T08:00:39.686+0000] {processor.py:179} INFO - Processing /opt/airflow/dags/my_demo_dag.py took 0.101 seconds
[2025-10-09T08:01:10.035+0000] {processor.py:157} INFO - Started process (PID=821) to work on /opt/airflow/dags/my_demo_dag.py
[2025-10-09T08:01:10.036+0000] {processor.py:826} INFO - Processing file /opt/airflow/dags/my_demo_dag.py for tasks to queue
[2025-10-09T08:01:10.039+0000] {logging_mixin.py:149} INFO - [2025-10-09T08:01:10.038+0000] {dagbag.py:541} INFO - Filling up the DagBag from /opt/airflow/dags/my_demo_dag.py
[2025-10-09T08:01:10.065+0000] {processor.py:836} INFO - DAG(s) dict_keys(['my_first_dag_2']) retrieved from /opt/airflow/dags/my_demo_dag.py
[2025-10-09T08:01:10.130+0000] {logging_mixin.py:149} INFO - [2025-10-09T08:01:10.130+0000] {dag.py:2726} INFO - Sync 1 DAGs
[2025-10-09T08:01:10.163+0000] {logging_mixin.py:149} INFO - [2025-10-09T08:01:10.163+0000] {dag.py:3490} INFO - Setting next_dagrun for my_first_dag_2 to 2024-01-22T00:00:00+00:00, run_after=2024-01-23T00:00:00+00:00
[2025-10-09T08:01:10.183+0000] {processor.py:179} INFO - Processing /opt/airflow/dags/my_demo_dag.py took 0.153 seconds
[2025-10-09T08:01:41.014+0000] {processor.py:157} INFO - Started process (PID=1131) to work on /opt/airflow/dags/my_demo_dag.py
[2025-10-09T08:01:41.015+0000] {processor.py:826} INFO - Processing file /opt/airflow/dags/my_demo_dag.py for tasks to queue
[2025-10-09T08:01:41.016+0000] {logging_mixin.py:149} INFO - [2025-10-09T08:01:41.016+0000] {dagbag.py:541} INFO - Filling up the DagBag from /opt/airflow/dags/my_demo_dag.py
[2025-10-09T08:01:41.027+0000] {processor.py:836} INFO - DAG(s) dict_keys(['my_first_dag_2']) retrieved from /opt/airflow/dags/my_demo_dag.py
[2025-10-09T08:01:41.053+0000] {logging_mixin.py:149} INFO - [2025-10-09T08:01:41.053+0000] {dag.py:2726} INFO - Sync 1 DAGs
[2025-10-09T08:01:41.080+0000] {logging_mixin.py:149} INFO - [2025-10-09T08:01:41.080+0000] {dag.py:3490} INFO - Setting next_dagrun for my_first_dag_2 to 2024-01-22T00:00:00+00:00, run_after=2024-01-23T00:00:00+00:00
[2025-10-09T08:01:41.100+0000] {processor.py:179} INFO - Processing /opt/airflow/dags/my_demo_dag.py took 0.089 seconds
[2025-10-09T08:02:11.892+0000] {processor.py:157} INFO - Started process (PID=1436) to work on /opt/airflow/dags/my_demo_dag.py
[2025-10-09T08:02:11.893+0000] {processor.py:826} INFO - Processing file /opt/airflow/dags/my_demo_dag.py for tasks to queue
[2025-10-09T08:02:11.895+0000] {logging_mixin.py:149} INFO - [2025-10-09T08:02:11.894+0000] {dagbag.py:541} INFO - Filling up the DagBag from /opt/airflow/dags/my_demo_dag.py
[2025-10-09T08:02:11.913+0000] {processor.py:836} INFO - DAG(s) dict_keys(['my_first_dag_2']) retrieved from /opt/airflow/dags/my_demo_dag.py
[2025-10-09T08:02:11.939+0000] {logging_mixin.py:149} INFO - [2025-10-09T08:02:11.939+0000] {dag.py:2726} INFO - Sync 1 DAGs
[2025-10-09T08:02:12.039+0000] {logging_mixin.py:149} INFO - [2025-10-09T08:02:12.039+0000] {dag.py:3490} INFO - Setting next_dagrun for my_first_dag_2 to 2024-01-22T00:00:00+00:00, run_after=2024-01-23T00:00:00+00:00
[2025-10-09T08:02:12.064+0000] {processor.py:179} INFO - Processing /opt/airflow/dags/my_demo_dag.py took 0.176 seconds
[2025-10-09T08:02:42.492+0000] {processor.py:157} INFO - Started process (PID=1742) to work on /opt/airflow/dags/my_demo_dag.py
[2025-10-09T08:02:42.494+0000] {processor.py:826} INFO - Processing file /opt/airflow/dags/my_demo_dag.py for tasks to queue
[2025-10-09T08:02:42.495+0000] {logging_mixin.py:149} INFO - [2025-10-09T08:02:42.495+0000] {dagbag.py:541} INFO - Filling up the DagBag from /opt/airflow/dags/my_demo_dag.py
[2025-10-09T08:02:42.509+0000] {processor.py:836} INFO - DAG(s) dict_keys(['my_first_dag_2']) retrieved from /opt/airflow/dags/my_demo_dag.py
[2025-10-09T08:02:42.535+0000] {logging_mixin.py:149} INFO - [2025-10-09T08:02:42.535+0000] {dag.py:2726} INFO - Sync 1 DAGs
[2025-10-09T08:02:42.565+0000] {logging_mixin.py:149} INFO - [2025-10-09T08:02:42.565+0000] {dag.py:3490} INFO - Setting next_dagrun for my_first_dag_2 to 2024-01-22T00:00:00+00:00, run_after=2024-01-23T00:00:00+00:00
[2025-10-09T08:02:42.584+0000] {processor.py:179} INFO - Processing /opt/airflow/dags/my_demo_dag.py took 0.096 seconds
[2025-10-09T08:03:13.297+0000] {processor.py:157} INFO - Started process (PID=2049) to work on /opt/airflow/dags/my_demo_dag.py
[2025-10-09T08:03:13.299+0000] {processor.py:826} INFO - Processing file /opt/airflow/dags/my_demo_dag.py for tasks to queue
[2025-10-09T08:03:13.300+0000] {logging_mixin.py:149} INFO - [2025-10-09T08:03:13.300+0000] {dagbag.py:541} INFO - Filling up the DagBag from /opt/airflow/dags/my_demo_dag.py
[2025-10-09T08:03:13.318+0000] {processor.py:836} INFO - DAG(s) dict_keys(['my_first_dag_2']) retrieved from /opt/airflow/dags/my_demo_dag.py
[2025-10-09T08:03:13.344+0000] {logging_mixin.py:149} INFO - [2025-10-09T08:03:13.344+0000] {dag.py:2726} INFO - Sync 1 DAGs
[2025-10-09T08:03:13.380+0000] {logging_mixin.py:149} INFO - [2025-10-09T08:03:13.380+0000] {dag.py:3490} INFO - Setting next_dagrun for my_first_dag_2 to 2024-01-22T00:00:00+00:00, run_after=2024-01-23T00:00:00+00:00
[2025-10-09T08:03:13.403+0000] {processor.py:179} INFO - Processing /opt/airflow/dags/my_demo_dag.py took 0.109 seconds
[2025-10-09T08:03:43.937+0000] {processor.py:157} INFO - Started process (PID=2356) to work on /opt/airflow/dags/my_demo_dag.py
[2025-10-09T08:03:43.938+0000] {processor.py:826} INFO - Processing file /opt/airflow/dags/my_demo_dag.py for tasks to queue
[2025-10-09T08:03:43.939+0000] {logging_mixin.py:149} INFO - [2025-10-09T08:03:43.939+0000] {dagbag.py:541} INFO - Filling up the DagBag from /opt/airflow/dags/my_demo_dag.py
[2025-10-09T08:03:43.950+0000] {processor.py:836} INFO - DAG(s) dict_keys(['my_first_dag_2']) retrieved from /opt/airflow/dags/my_demo_dag.py
[2025-10-09T08:03:43.975+0000] {logging_mixin.py:149} INFO - [2025-10-09T08:03:43.975+0000] {dag.py:2726} INFO - Sync 1 DAGs
[2025-10-09T08:03:44.003+0000] {logging_mixin.py:149} INFO - [2025-10-09T08:03:44.003+0000] {dag.py:3490} INFO - Setting next_dagrun for my_first_dag_2 to 2024-01-22T00:00:00+00:00, run_after=2024-01-23T00:00:00+00:00
[2025-10-09T08:03:44.024+0000] {processor.py:179} INFO - Processing /opt/airflow/dags/my_demo_dag.py took 0.090 seconds
[2025-10-09T08:04:14.268+0000] {processor.py:157} INFO - Started process (PID=2643) to work on /opt/airflow/dags/my_demo_dag.py
[2025-10-09T08:04:14.269+0000] {processor.py:826} INFO - Processing file /opt/airflow/dags/my_demo_dag.py for tasks to queue
[2025-10-09T08:04:14.270+0000] {logging_mixin.py:149} INFO - [2025-10-09T08:04:14.270+0000] {dagbag.py:541} INFO - Filling up the DagBag from /opt/airflow/dags/my_demo_dag.py
[2025-10-09T08:04:14.287+0000] {processor.py:836} INFO - DAG(s) dict_keys(['my_first_dag_2']) retrieved from /opt/airflow/dags/my_demo_dag.py
[2025-10-09T08:04:14.332+0000] {logging_mixin.py:149} INFO - [2025-10-09T08:04:14.332+0000] {dag.py:2726} INFO - Sync 1 DAGs
[2025-10-09T08:04:14.382+0000] {logging_mixin.py:149} INFO - [2025-10-09T08:04:14.382+0000] {dag.py:3490} INFO - Setting next_dagrun for my_first_dag_2 to 2024-01-22T00:00:00+00:00, run_after=2024-01-23T00:00:00+00:00
[2025-10-09T08:04:14.406+0000] {processor.py:179} INFO - Processing /opt/airflow/dags/my_demo_dag.py took 0.142 seconds
[2025-10-09T08:04:44.511+0000] {processor.py:157} INFO - Started process (PID=2947) to work on /opt/airflow/dags/my_demo_dag.py
[2025-10-09T08:04:44.512+0000] {processor.py:826} INFO - Processing file /opt/airflow/dags/my_demo_dag.py for tasks to queue
[2025-10-09T08:04:44.513+0000] {logging_mixin.py:149} INFO - [2025-10-09T08:04:44.513+0000] {dagbag.py:541} INFO - Filling up the DagBag from /opt/airflow/dags/my_demo_dag.py
[2025-10-09T08:04:44.526+0000] {processor.py:836} INFO - DAG(s) dict_keys(['my_first_dag_2']) retrieved from /opt/airflow/dags/my_demo_dag.py
[2025-10-09T08:04:44.553+0000] {logging_mixin.py:149} INFO - [2025-10-09T08:04:44.553+0000] {dag.py:2726} INFO - Sync 1 DAGs
[2025-10-09T08:04:44.582+0000] {logging_mixin.py:149} INFO - [2025-10-09T08:04:44.582+0000] {dag.py:3490} INFO - Setting next_dagrun for my_first_dag_2 to 2024-01-22T00:00:00+00:00, run_after=2024-01-23T00:00:00+00:00
[2025-10-09T08:04:44.602+0000] {processor.py:179} INFO - Processing /opt/airflow/dags/my_demo_dag.py took 0.095 seconds
[2025-10-09T08:05:14.903+0000] {processor.py:157} INFO - Started process (PID=3254) to work on /opt/airflow/dags/my_demo_dag.py
[2025-10-09T08:05:14.904+0000] {processor.py:826} INFO - Processing file /opt/airflow/dags/my_demo_dag.py for tasks to queue
[2025-10-09T08:05:14.906+0000] {logging_mixin.py:149} INFO - [2025-10-09T08:05:14.905+0000] {dagbag.py:541} INFO - Filling up the DagBag from /opt/airflow/dags/my_demo_dag.py
[2025-10-09T08:05:14.918+0000] {processor.py:836} INFO - DAG(s) dict_keys(['my_first_dag_2']) retrieved from /opt/airflow/dags/my_demo_dag.py
[2025-10-09T08:05:14.947+0000] {logging_mixin.py:149} INFO - [2025-10-09T08:05:14.947+0000] {dag.py:2726} INFO - Sync 1 DAGs
[2025-10-09T08:05:14.983+0000] {logging_mixin.py:149} INFO - [2025-10-09T08:05:14.983+0000] {dag.py:3490} INFO - Setting next_dagrun for my_first_dag_2 to 2024-01-22T00:00:00+00:00, run_after=2024-01-23T00:00:00+00:00
[2025-10-09T08:05:15.011+0000] {processor.py:179} INFO - Processing /opt/airflow/dags/my_demo_dag.py took 0.113 seconds
[2025-10-09T08:05:45.327+0000] {processor.py:157} INFO - Started process (PID=3561) to work on /opt/airflow/dags/my_demo_dag.py
[2025-10-09T08:05:45.328+0000] {processor.py:826} INFO - Processing file /opt/airflow/dags/my_demo_dag.py for tasks to queue
[2025-10-09T08:05:45.329+0000] {logging_mixin.py:149} INFO - [2025-10-09T08:05:45.329+0000] {dagbag.py:541} INFO - Filling up the DagBag from /opt/airflow/dags/my_demo_dag.py
[2025-10-09T08:05:45.342+0000] {processor.py:836} INFO - DAG(s) dict_keys(['my_first_dag_2']) retrieved from /opt/airflow/dags/my_demo_dag.py
[2025-10-09T08:05:45.372+0000] {logging_mixin.py:149} INFO - [2025-10-09T08:05:45.372+0000] {dag.py:2726} INFO - Sync 1 DAGs
[2025-10-09T08:05:45.403+0000] {logging_mixin.py:149} INFO - [2025-10-09T08:05:45.403+0000] {dag.py:3490} INFO - Setting next_dagrun for my_first_dag_2 to 2024-01-22T00:00:00+00:00, run_after=2024-01-23T00:00:00+00:00
[2025-10-09T08:05:45.429+0000] {processor.py:179} INFO - Processing /opt/airflow/dags/my_demo_dag.py took 0.106 seconds
[2025-10-09T08:06:15.978+0000] {processor.py:157} INFO - Started process (PID=3868) to work on /opt/airflow/dags/my_demo_dag.py
[2025-10-09T08:06:15.979+0000] {processor.py:826} INFO - Processing file /opt/airflow/dags/my_demo_dag.py for tasks to queue
[2025-10-09T08:06:15.980+0000] {logging_mixin.py:149} INFO - [2025-10-09T08:06:15.980+0000] {dagbag.py:541} INFO - Filling up the DagBag from /opt/airflow/dags/my_demo_dag.py
[2025-10-09T08:06:15.993+0000] {processor.py:836} INFO - DAG(s) dict_keys(['my_first_dag_2']) retrieved from /opt/airflow/dags/my_demo_dag.py
[2025-10-09T08:06:16.023+0000] {logging_mixin.py:149} INFO - [2025-10-09T08:06:16.022+0000] {dag.py:2726} INFO - Sync 1 DAGs
[2025-10-09T08:06:16.055+0000] {logging_mixin.py:149} INFO - [2025-10-09T08:06:16.055+0000] {dag.py:3490} INFO - Setting next_dagrun for my_first_dag_2 to 2024-01-22T00:00:00+00:00, run_after=2024-01-23T00:00:00+00:00
[2025-10-09T08:06:16.082+0000] {processor.py:179} INFO - Processing /opt/airflow/dags/my_demo_dag.py took 0.107 seconds
[2025-10-09T08:06:46.134+0000] {processor.py:157} INFO - Started process (PID=4185) to work on /opt/airflow/dags/my_demo_dag.py
[2025-10-09T08:06:46.135+0000] {processor.py:826} INFO - Processing file /opt/airflow/dags/my_demo_dag.py for tasks to queue
[2025-10-09T08:06:46.136+0000] {logging_mixin.py:149} INFO - [2025-10-09T08:06:46.136+0000] {dagbag.py:541} INFO - Filling up the DagBag from /opt/airflow/dags/my_demo_dag.py
[2025-10-09T08:06:46.154+0000] {processor.py:836} INFO - DAG(s) dict_keys(['my_first_dag_2']) retrieved from /opt/airflow/dags/my_demo_dag.py
[2025-10-09T08:06:46.183+0000] {logging_mixin.py:149} INFO - [2025-10-09T08:06:46.183+0000] {dag.py:2726} INFO - Sync 1 DAGs
[2025-10-09T08:06:46.213+0000] {logging_mixin.py:149} INFO - [2025-10-09T08:06:46.213+0000] {dag.py:3490} INFO - Setting next_dagrun for my_first_dag_2 to 2024-01-22T00:00:00+00:00, run_after=2024-01-23T00:00:00+00:00
[2025-10-09T08:06:46.236+0000] {processor.py:179} INFO - Processing /opt/airflow/dags/my_demo_dag.py took 0.107 seconds
[2025-10-09T08:07:16.558+0000] {processor.py:157} INFO - Started process (PID=4492) to work on /opt/airflow/dags/my_demo_dag.py
[2025-10-09T08:07:16.559+0000] {processor.py:826} INFO - Processing file /opt/airflow/dags/my_demo_dag.py for tasks to queue
[2025-10-09T08:07:16.560+0000] {logging_mixin.py:149} INFO - [2025-10-09T08:07:16.560+0000] {dagbag.py:541} INFO - Filling up the DagBag from /opt/airflow/dags/my_demo_dag.py
[2025-10-09T08:07:16.577+0000] {processor.py:836} INFO - DAG(s) dict_keys(['my_first_dag_2']) retrieved from /opt/airflow/dags/my_demo_dag.py
[2025-10-09T08:07:16.609+0000] {logging_mixin.py:149} INFO - [2025-10-09T08:07:16.608+0000] {dag.py:2726} INFO - Sync 1 DAGs
[2025-10-09T08:07:16.642+0000] {logging_mixin.py:149} INFO - [2025-10-09T08:07:16.642+0000] {dag.py:3490} INFO - Setting next_dagrun for my_first_dag_2 to 2024-01-22T00:00:00+00:00, run_after=2024-01-23T00:00:00+00:00
[2025-10-09T08:07:16.664+0000] {processor.py:179} INFO - Processing /opt/airflow/dags/my_demo_dag.py took 0.112 seconds
[2025-10-09T08:07:46.856+0000] {processor.py:157} INFO - Started process (PID=4799) to work on /opt/airflow/dags/my_demo_dag.py
[2025-10-09T08:07:46.859+0000] {processor.py:826} INFO - Processing file /opt/airflow/dags/my_demo_dag.py for tasks to queue
[2025-10-09T08:07:46.861+0000] {logging_mixin.py:149} INFO - [2025-10-09T08:07:46.860+0000] {dagbag.py:541} INFO - Filling up the DagBag from /opt/airflow/dags/my_demo_dag.py
[2025-10-09T08:07:46.878+0000] {processor.py:836} INFO - DAG(s) dict_keys(['my_first_dag_2']) retrieved from /opt/airflow/dags/my_demo_dag.py
[2025-10-09T08:07:46.916+0000] {logging_mixin.py:149} INFO - [2025-10-09T08:07:46.915+0000] {dag.py:2726} INFO - Sync 1 DAGs
[2025-10-09T08:07:46.959+0000] {logging_mixin.py:149} INFO - [2025-10-09T08:07:46.958+0000] {dag.py:3490} INFO - Setting next_dagrun for my_first_dag_2 to 2024-01-22T00:00:00+00:00, run_after=2024-01-23T00:00:00+00:00
[2025-10-09T08:07:46.991+0000] {processor.py:179} INFO - Processing /opt/airflow/dags/my_demo_dag.py took 0.142 seconds
[2025-10-09T08:08:17.287+0000] {processor.py:157} INFO - Started process (PID=5106) to work on /opt/airflow/dags/my_demo_dag.py
[2025-10-09T08:08:17.288+0000] {processor.py:826} INFO - Processing file /opt/airflow/dags/my_demo_dag.py for tasks to queue
[2025-10-09T08:08:17.289+0000] {logging_mixin.py:149} INFO - [2025-10-09T08:08:17.289+0000] {dagbag.py:541} INFO - Filling up the DagBag from /opt/airflow/dags/my_demo_dag.py
[2025-10-09T08:08:17.302+0000] {processor.py:836} INFO - DAG(s) dict_keys(['my_first_dag_2']) retrieved from /opt/airflow/dags/my_demo_dag.py
[2025-10-09T08:08:17.336+0000] {logging_mixin.py:149} INFO - [2025-10-09T08:08:17.336+0000] {dag.py:2726} INFO - Sync 1 DAGs
[2025-10-09T08:08:17.369+0000] {logging_mixin.py:149} INFO - [2025-10-09T08:08:17.368+0000] {dag.py:3490} INFO - Setting next_dagrun for my_first_dag_2 to 2024-01-22T00:00:00+00:00, run_after=2024-01-23T00:00:00+00:00
[2025-10-09T08:08:17.392+0000] {processor.py:179} INFO - Processing /opt/airflow/dags/my_demo_dag.py took 0.108 seconds
[2025-10-09T08:08:47.966+0000] {processor.py:157} INFO - Started process (PID=5413) to work on /opt/airflow/dags/my_demo_dag.py
[2025-10-09T08:08:47.967+0000] {processor.py:826} INFO - Processing file /opt/airflow/dags/my_demo_dag.py for tasks to queue
[2025-10-09T08:08:47.968+0000] {logging_mixin.py:149} INFO - [2025-10-09T08:08:47.968+0000] {dagbag.py:541} INFO - Filling up the DagBag from /opt/airflow/dags/my_demo_dag.py
[2025-10-09T08:08:47.986+0000] {processor.py:836} INFO - DAG(s) dict_keys(['my_first_dag_2']) retrieved from /opt/airflow/dags/my_demo_dag.py
[2025-10-09T08:08:48.013+0000] {logging_mixin.py:149} INFO - [2025-10-09T08:08:48.013+0000] {dag.py:2726} INFO - Sync 1 DAGs
[2025-10-09T08:08:48.043+0000] {logging_mixin.py:149} INFO - [2025-10-09T08:08:48.043+0000] {dag.py:3490} INFO - Setting next_dagrun for my_first_dag_2 to 2024-01-22T00:00:00+00:00, run_after=2024-01-23T00:00:00+00:00
[2025-10-09T08:08:48.070+0000] {processor.py:179} INFO - Processing /opt/airflow/dags/my_demo_dag.py took 0.108 seconds
[2025-10-09T08:09:18.548+0000] {processor.py:157} INFO - Started process (PID=5720) to work on /opt/airflow/dags/my_demo_dag.py
[2025-10-09T08:09:18.549+0000] {processor.py:826} INFO - Processing file /opt/airflow/dags/my_demo_dag.py for tasks to queue
[2025-10-09T08:09:18.550+0000] {logging_mixin.py:149} INFO - [2025-10-09T08:09:18.550+0000] {dagbag.py:541} INFO - Filling up the DagBag from /opt/airflow/dags/my_demo_dag.py
[2025-10-09T08:09:18.565+0000] {processor.py:836} INFO - DAG(s) dict_keys(['my_first_dag_2']) retrieved from /opt/airflow/dags/my_demo_dag.py
[2025-10-09T08:09:18.593+0000] {logging_mixin.py:149} INFO - [2025-10-09T08:09:18.592+0000] {dag.py:2726} INFO - Sync 1 DAGs
[2025-10-09T08:09:18.625+0000] {logging_mixin.py:149} INFO - [2025-10-09T08:09:18.624+0000] {dag.py:3490} INFO - Setting next_dagrun for my_first_dag_2 to 2024-01-22T00:00:00+00:00, run_after=2024-01-23T00:00:00+00:00
[2025-10-09T08:09:18.649+0000] {processor.py:179} INFO - Processing /opt/airflow/dags/my_demo_dag.py took 0.105 seconds
[2025-10-09T08:09:49.119+0000] {processor.py:157} INFO - Started process (PID=6027) to work on /opt/airflow/dags/my_demo_dag.py
[2025-10-09T08:09:49.120+0000] {processor.py:826} INFO - Processing file /opt/airflow/dags/my_demo_dag.py for tasks to queue
[2025-10-09T08:09:49.121+0000] {logging_mixin.py:149} INFO - [2025-10-09T08:09:49.121+0000] {dagbag.py:541} INFO - Filling up the DagBag from /opt/airflow/dags/my_demo_dag.py
[2025-10-09T08:09:49.134+0000] {processor.py:836} INFO - DAG(s) dict_keys(['my_first_dag_2']) retrieved from /opt/airflow/dags/my_demo_dag.py
[2025-10-09T08:09:49.162+0000] {logging_mixin.py:149} INFO - [2025-10-09T08:09:49.161+0000] {dag.py:2726} INFO - Sync 1 DAGs
[2025-10-09T08:09:49.192+0000] {logging_mixin.py:149} INFO - [2025-10-09T08:09:49.192+0000] {dag.py:3490} INFO - Setting next_dagrun for my_first_dag_2 to 2024-01-22T00:00:00+00:00, run_after=2024-01-23T00:00:00+00:00
[2025-10-09T08:09:49.215+0000] {processor.py:179} INFO - Processing /opt/airflow/dags/my_demo_dag.py took 0.101 seconds
[2025-10-09T08:10:19.513+0000] {processor.py:157} INFO - Started process (PID=6334) to work on /opt/airflow/dags/my_demo_dag.py
[2025-10-09T08:10:19.514+0000] {processor.py:826} INFO - Processing file /opt/airflow/dags/my_demo_dag.py for tasks to queue
[2025-10-09T08:10:19.515+0000] {logging_mixin.py:149} INFO - [2025-10-09T08:10:19.515+0000] {dagbag.py:541} INFO - Filling up the DagBag from /opt/airflow/dags/my_demo_dag.py
[2025-10-09T08:10:19.529+0000] {processor.py:836} INFO - DAG(s) dict_keys(['my_first_dag_2']) retrieved from /opt/airflow/dags/my_demo_dag.py
[2025-10-09T08:10:19.586+0000] {logging_mixin.py:149} INFO - [2025-10-09T08:10:19.585+0000] {dag.py:2726} INFO - Sync 1 DAGs
[2025-10-09T08:10:19.615+0000] {logging_mixin.py:149} INFO - [2025-10-09T08:10:19.615+0000] {dag.py:3490} INFO - Setting next_dagrun for my_first_dag_2 to 2024-01-22T00:00:00+00:00, run_after=2024-01-23T00:00:00+00:00
[2025-10-09T08:10:19.638+0000] {processor.py:179} INFO - Processing /opt/airflow/dags/my_demo_dag.py took 0.130 seconds
[2025-10-09T08:10:49.817+0000] {processor.py:157} INFO - Started process (PID=6641) to work on /opt/airflow/dags/my_demo_dag.py
[2025-10-09T08:10:49.818+0000] {processor.py:826} INFO - Processing file /opt/airflow/dags/my_demo_dag.py for tasks to queue
[2025-10-09T08:10:49.819+0000] {logging_mixin.py:149} INFO - [2025-10-09T08:10:49.819+0000] {dagbag.py:541} INFO - Filling up the DagBag from /opt/airflow/dags/my_demo_dag.py
[2025-10-09T08:10:49.832+0000] {processor.py:836} INFO - DAG(s) dict_keys(['my_first_dag_2']) retrieved from /opt/airflow/dags/my_demo_dag.py
[2025-10-09T08:10:49.860+0000] {logging_mixin.py:149} INFO - [2025-10-09T08:10:49.860+0000] {dag.py:2726} INFO - Sync 1 DAGs
[2025-10-09T08:10:49.889+0000] {logging_mixin.py:149} INFO - [2025-10-09T08:10:49.889+0000] {dag.py:3490} INFO - Setting next_dagrun for my_first_dag_2 to 2024-01-22T00:00:00+00:00, run_after=2024-01-23T00:00:00+00:00
[2025-10-09T08:10:49.912+0000] {processor.py:179} INFO - Processing /opt/airflow/dags/my_demo_dag.py took 0.100 seconds
[2025-10-09T08:11:20.287+0000] {processor.py:157} INFO - Started process (PID=6948) to work on /opt/airflow/dags/my_demo_dag.py
[2025-10-09T08:11:20.289+0000] {processor.py:826} INFO - Processing file /opt/airflow/dags/my_demo_dag.py for tasks to queue
[2025-10-09T08:11:20.290+0000] {logging_mixin.py:149} INFO - [2025-10-09T08:11:20.289+0000] {dagbag.py:541} INFO - Filling up the DagBag from /opt/airflow/dags/my_demo_dag.py
[2025-10-09T08:11:20.301+0000] {processor.py:836} INFO - DAG(s) dict_keys(['my_first_dag_2']) retrieved from /opt/airflow/dags/my_demo_dag.py
[2025-10-09T08:11:20.334+0000] {logging_mixin.py:149} INFO - [2025-10-09T08:11:20.334+0000] {dag.py:2726} INFO - Sync 1 DAGs
[2025-10-09T08:11:20.366+0000] {logging_mixin.py:149} INFO - [2025-10-09T08:11:20.366+0000] {dag.py:3490} INFO - Setting next_dagrun for my_first_dag_2 to 2024-01-22T00:00:00+00:00, run_after=2024-01-23T00:00:00+00:00
[2025-10-09T08:11:20.388+0000] {processor.py:179} INFO - Processing /opt/airflow/dags/my_demo_dag.py took 0.105 seconds
[2025-10-09T08:11:50.634+0000] {processor.py:157} INFO - Started process (PID=7265) to work on /opt/airflow/dags/my_demo_dag.py
[2025-10-09T08:11:50.635+0000] {processor.py:826} INFO - Processing file /opt/airflow/dags/my_demo_dag.py for tasks to queue
[2025-10-09T08:11:50.635+0000] {logging_mixin.py:149} INFO - [2025-10-09T08:11:50.635+0000] {dagbag.py:541} INFO - Filling up the DagBag from /opt/airflow/dags/my_demo_dag.py
[2025-10-09T08:11:50.647+0000] {processor.py:836} INFO - DAG(s) dict_keys(['my_first_dag_2']) retrieved from /opt/airflow/dags/my_demo_dag.py
[2025-10-09T08:11:50.674+0000] {logging_mixin.py:149} INFO - [2025-10-09T08:11:50.674+0000] {dag.py:2726} INFO - Sync 1 DAGs
[2025-10-09T08:11:50.704+0000] {logging_mixin.py:149} INFO - [2025-10-09T08:11:50.704+0000] {dag.py:3490} INFO - Setting next_dagrun for my_first_dag_2 to 2024-01-22T00:00:00+00:00, run_after=2024-01-23T00:00:00+00:00
[2025-10-09T08:11:50.725+0000] {processor.py:179} INFO - Processing /opt/airflow/dags/my_demo_dag.py took 0.095 seconds
[2025-10-09T08:12:21.154+0000] {processor.py:157} INFO - Started process (PID=7572) to work on /opt/airflow/dags/my_demo_dag.py
[2025-10-09T08:12:21.155+0000] {processor.py:826} INFO - Processing file /opt/airflow/dags/my_demo_dag.py for tasks to queue
[2025-10-09T08:12:21.156+0000] {logging_mixin.py:149} INFO - [2025-10-09T08:12:21.156+0000] {dagbag.py:541} INFO - Filling up the DagBag from /opt/airflow/dags/my_demo_dag.py
[2025-10-09T08:12:21.168+0000] {processor.py:836} INFO - DAG(s) dict_keys(['my_first_dag_2']) retrieved from /opt/airflow/dags/my_demo_dag.py
[2025-10-09T08:12:21.197+0000] {logging_mixin.py:149} INFO - [2025-10-09T08:12:21.196+0000] {dag.py:2726} INFO - Sync 1 DAGs
[2025-10-09T08:12:21.226+0000] {logging_mixin.py:149} INFO - [2025-10-09T08:12:21.226+0000] {dag.py:3490} INFO - Setting next_dagrun for my_first_dag_2 to 2024-01-22T00:00:00+00:00, run_after=2024-01-23T00:00:00+00:00
[2025-10-09T08:12:21.249+0000] {processor.py:179} INFO - Processing /opt/airflow/dags/my_demo_dag.py took 0.098 seconds
[2025-10-09T08:12:51.568+0000] {processor.py:157} INFO - Started process (PID=7879) to work on /opt/airflow/dags/my_demo_dag.py
[2025-10-09T08:12:51.569+0000] {processor.py:826} INFO - Processing file /opt/airflow/dags/my_demo_dag.py for tasks to queue
[2025-10-09T08:12:51.570+0000] {logging_mixin.py:149} INFO - [2025-10-09T08:12:51.570+0000] {dagbag.py:541} INFO - Filling up the DagBag from /opt/airflow/dags/my_demo_dag.py
[2025-10-09T08:12:51.584+0000] {processor.py:836} INFO - DAG(s) dict_keys(['my_first_dag_2']) retrieved from /opt/airflow/dags/my_demo_dag.py
[2025-10-09T08:12:51.614+0000] {logging_mixin.py:149} INFO - [2025-10-09T08:12:51.614+0000] {dag.py:2726} INFO - Sync 1 DAGs
[2025-10-09T08:12:51.648+0000] {logging_mixin.py:149} INFO - [2025-10-09T08:12:51.648+0000] {dag.py:3490} INFO - Setting next_dagrun for my_first_dag_2 to 2024-01-22T00:00:00+00:00, run_after=2024-01-23T00:00:00+00:00
[2025-10-09T08:12:51.675+0000] {processor.py:179} INFO - Processing /opt/airflow/dags/my_demo_dag.py took 0.113 seconds
[2025-10-09T08:13:21.966+0000] {processor.py:157} INFO - Started process (PID=8186) to work on /opt/airflow/dags/my_demo_dag.py
[2025-10-09T08:13:21.967+0000] {processor.py:826} INFO - Processing file /opt/airflow/dags/my_demo_dag.py for tasks to queue
[2025-10-09T08:13:21.968+0000] {logging_mixin.py:149} INFO - [2025-10-09T08:13:21.968+0000] {dagbag.py:541} INFO - Filling up the DagBag from /opt/airflow/dags/my_demo_dag.py
[2025-10-09T08:13:21.983+0000] {processor.py:836} INFO - DAG(s) dict_keys(['my_first_dag_2']) retrieved from /opt/airflow/dags/my_demo_dag.py
[2025-10-09T08:13:22.012+0000] {logging_mixin.py:149} INFO - [2025-10-09T08:13:22.011+0000] {dag.py:2726} INFO - Sync 1 DAGs
[2025-10-09T08:13:22.042+0000] {logging_mixin.py:149} INFO - [2025-10-09T08:13:22.042+0000] {dag.py:3490} INFO - Setting next_dagrun for my_first_dag_2 to 2024-01-22T00:00:00+00:00, run_after=2024-01-23T00:00:00+00:00
[2025-10-09T08:13:22.066+0000] {processor.py:179} INFO - Processing /opt/airflow/dags/my_demo_dag.py took 0.105 seconds
[2025-10-09T08:13:52.100+0000] {processor.py:157} INFO - Started process (PID=8493) to work on /opt/airflow/dags/my_demo_dag.py
[2025-10-09T08:13:52.101+0000] {processor.py:826} INFO - Processing file /opt/airflow/dags/my_demo_dag.py for tasks to queue
[2025-10-09T08:13:52.102+0000] {logging_mixin.py:149} INFO - [2025-10-09T08:13:52.102+0000] {dagbag.py:541} INFO - Filling up the DagBag from /opt/airflow/dags/my_demo_dag.py
[2025-10-09T08:13:52.115+0000] {processor.py:836} INFO - DAG(s) dict_keys(['my_first_dag_2']) retrieved from /opt/airflow/dags/my_demo_dag.py
[2025-10-09T08:13:52.145+0000] {logging_mixin.py:149} INFO - [2025-10-09T08:13:52.145+0000] {dag.py:2726} INFO - Sync 1 DAGs
[2025-10-09T08:13:52.179+0000] {logging_mixin.py:149} INFO - [2025-10-09T08:13:52.179+0000] {dag.py:3490} INFO - Setting next_dagrun for my_first_dag_2 to 2024-01-22T00:00:00+00:00, run_after=2024-01-23T00:00:00+00:00
[2025-10-09T08:13:52.201+0000] {processor.py:179} INFO - Processing /opt/airflow/dags/my_demo_dag.py took 0.105 seconds
[2025-10-09T08:14:22.653+0000] {processor.py:157} INFO - Started process (PID=8800) to work on /opt/airflow/dags/my_demo_dag.py
[2025-10-09T08:14:22.655+0000] {processor.py:826} INFO - Processing file /opt/airflow/dags/my_demo_dag.py for tasks to queue
[2025-10-09T08:14:22.656+0000] {logging_mixin.py:149} INFO - [2025-10-09T08:14:22.655+0000] {dagbag.py:541} INFO - Filling up the DagBag from /opt/airflow/dags/my_demo_dag.py
[2025-10-09T08:14:22.672+0000] {processor.py:836} INFO - DAG(s) dict_keys(['my_first_dag_2']) retrieved from /opt/airflow/dags/my_demo_dag.py
[2025-10-09T08:14:22.710+0000] {logging_mixin.py:149} INFO - [2025-10-09T08:14:22.710+0000] {dag.py:2726} INFO - Sync 1 DAGs
[2025-10-09T08:14:22.741+0000] {logging_mixin.py:149} INFO - [2025-10-09T08:14:22.741+0000] {dag.py:3490} INFO - Setting next_dagrun for my_first_dag_2 to 2024-01-22T00:00:00+00:00, run_after=2024-01-23T00:00:00+00:00
[2025-10-09T08:14:22.767+0000] {processor.py:179} INFO - Processing /opt/airflow/dags/my_demo_dag.py took 0.120 seconds
[2025-10-09T08:14:53.175+0000] {processor.py:157} INFO - Started process (PID=9107) to work on /opt/airflow/dags/my_demo_dag.py
[2025-10-09T08:14:53.177+0000] {processor.py:826} INFO - Processing file /opt/airflow/dags/my_demo_dag.py for tasks to queue
[2025-10-09T08:14:53.178+0000] {logging_mixin.py:149} INFO - [2025-10-09T08:14:53.177+0000] {dagbag.py:541} INFO - Filling up the DagBag from /opt/airflow/dags/my_demo_dag.py
[2025-10-09T08:14:53.196+0000] {processor.py:836} INFO - DAG(s) dict_keys(['my_first_dag_2']) retrieved from /opt/airflow/dags/my_demo_dag.py
[2025-10-09T08:14:53.231+0000] {logging_mixin.py:149} INFO - [2025-10-09T08:14:53.231+0000] {dag.py:2726} INFO - Sync 1 DAGs
[2025-10-09T08:14:53.394+0000] {logging_mixin.py:149} INFO - [2025-10-09T08:14:53.394+0000] {dag.py:3490} INFO - Setting next_dagrun for my_first_dag_2 to 2024-01-22T00:00:00+00:00, run_after=2024-01-23T00:00:00+00:00
[2025-10-09T08:14:53.418+0000] {processor.py:179} INFO - Processing /opt/airflow/dags/my_demo_dag.py took 0.248 seconds
[2025-10-09T08:15:23.826+0000] {processor.py:157} INFO - Started process (PID=9414) to work on /opt/airflow/dags/my_demo_dag.py
[2025-10-09T08:15:23.828+0000] {processor.py:826} INFO - Processing file /opt/airflow/dags/my_demo_dag.py for tasks to queue
[2025-10-09T08:15:23.829+0000] {logging_mixin.py:149} INFO - [2025-10-09T08:15:23.829+0000] {dagbag.py:541} INFO - Filling up the DagBag from /opt/airflow/dags/my_demo_dag.py
[2025-10-09T08:15:23.849+0000] {processor.py:836} INFO - DAG(s) dict_keys(['my_first_dag_2']) retrieved from /opt/airflow/dags/my_demo_dag.py
[2025-10-09T08:15:23.985+0000] {logging_mixin.py:149} INFO - [2025-10-09T08:15:23.985+0000] {dag.py:2726} INFO - Sync 1 DAGs
[2025-10-09T08:15:24.019+0000] {logging_mixin.py:149} INFO - [2025-10-09T08:15:24.019+0000] {dag.py:3490} INFO - Setting next_dagrun for my_first_dag_2 to 2024-01-22T00:00:00+00:00, run_after=2024-01-23T00:00:00+00:00
[2025-10-09T08:15:24.040+0000] {processor.py:179} INFO - Processing /opt/airflow/dags/my_demo_dag.py took 0.218 seconds
[2025-10-09T08:15:54.513+0000] {processor.py:157} INFO - Started process (PID=9721) to work on /opt/airflow/dags/my_demo_dag.py
[2025-10-09T08:15:54.514+0000] {processor.py:826} INFO - Processing file /opt/airflow/dags/my_demo_dag.py for tasks to queue
[2025-10-09T08:15:54.515+0000] {logging_mixin.py:149} INFO - [2025-10-09T08:15:54.515+0000] {dagbag.py:541} INFO - Filling up the DagBag from /opt/airflow/dags/my_demo_dag.py
[2025-10-09T08:15:54.537+0000] {processor.py:836} INFO - DAG(s) dict_keys(['my_first_dag_2']) retrieved from /opt/airflow/dags/my_demo_dag.py
[2025-10-09T08:15:54.921+0000] {logging_mixin.py:149} INFO - [2025-10-09T08:15:54.920+0000] {dag.py:2726} INFO - Sync 1 DAGs
[2025-10-09T08:15:54.951+0000] {logging_mixin.py:149} INFO - [2025-10-09T08:15:54.950+0000] {dag.py:3490} INFO - Setting next_dagrun for my_first_dag_2 to 2024-01-22T00:00:00+00:00, run_after=2024-01-23T00:00:00+00:00
[2025-10-09T08:15:54.974+0000] {processor.py:179} INFO - Processing /opt/airflow/dags/my_demo_dag.py took 0.467 seconds
[2025-10-09T08:16:25.767+0000] {processor.py:157} INFO - Started process (PID=9988) to work on /opt/airflow/dags/my_demo_dag.py
[2025-10-09T08:16:25.768+0000] {processor.py:826} INFO - Processing file /opt/airflow/dags/my_demo_dag.py for tasks to queue
[2025-10-09T08:16:25.769+0000] {logging_mixin.py:149} INFO - [2025-10-09T08:16:25.769+0000] {dagbag.py:541} INFO - Filling up the DagBag from /opt/airflow/dags/my_demo_dag.py
[2025-10-09T08:16:25.783+0000] {processor.py:836} INFO - DAG(s) dict_keys(['my_first_dag_2']) retrieved from /opt/airflow/dags/my_demo_dag.py
[2025-10-09T08:16:27.028+0000] {logging_mixin.py:149} INFO - [2025-10-09T08:16:27.028+0000] {dag.py:2726} INFO - Sync 1 DAGs
[2025-10-09T08:16:27.067+0000] {logging_mixin.py:149} INFO - [2025-10-09T08:16:27.067+0000] {dag.py:3490} INFO - Setting next_dagrun for my_first_dag_2 to 2024-01-22T00:00:00+00:00, run_after=2024-01-23T00:00:00+00:00
[2025-10-09T08:16:27.095+0000] {processor.py:179} INFO - Processing /opt/airflow/dags/my_demo_dag.py took 1.337 seconds
[2025-10-09T08:16:57.287+0000] {processor.py:157} INFO - Started process (PID=10339) to work on /opt/airflow/dags/my_demo_dag.py
[2025-10-09T08:16:57.288+0000] {processor.py:826} INFO - Processing file /opt/airflow/dags/my_demo_dag.py for tasks to queue
[2025-10-09T08:16:57.289+0000] {logging_mixin.py:149} INFO - [2025-10-09T08:16:57.289+0000] {dagbag.py:541} INFO - Filling up the DagBag from /opt/airflow/dags/my_demo_dag.py
[2025-10-09T08:16:57.301+0000] {processor.py:836} INFO - DAG(s) dict_keys(['my_first_dag_2']) retrieved from /opt/airflow/dags/my_demo_dag.py
[2025-10-09T08:16:57.397+0000] {logging_mixin.py:149} INFO - [2025-10-09T08:16:57.396+0000] {dag.py:2726} INFO - Sync 1 DAGs
[2025-10-09T08:16:57.427+0000] {logging_mixin.py:149} INFO - [2025-10-09T08:16:57.427+0000] {dag.py:3490} INFO - Setting next_dagrun for my_first_dag_2 to 2024-01-22T00:00:00+00:00, run_after=2024-01-23T00:00:00+00:00
[2025-10-09T08:16:57.449+0000] {processor.py:179} INFO - Processing /opt/airflow/dags/my_demo_dag.py took 0.166 seconds
[2025-10-09T08:17:27.708+0000] {processor.py:157} INFO - Started process (PID=10600) to work on /opt/airflow/dags/my_demo_dag.py
[2025-10-09T08:17:27.709+0000] {processor.py:826} INFO - Processing file /opt/airflow/dags/my_demo_dag.py for tasks to queue
[2025-10-09T08:17:27.710+0000] {logging_mixin.py:149} INFO - [2025-10-09T08:17:27.710+0000] {dagbag.py:541} INFO - Filling up the DagBag from /opt/airflow/dags/my_demo_dag.py
[2025-10-09T08:17:27.721+0000] {processor.py:836} INFO - DAG(s) dict_keys(['my_first_dag_2']) retrieved from /opt/airflow/dags/my_demo_dag.py
[2025-10-09T08:17:27.745+0000] {logging_mixin.py:149} INFO - [2025-10-09T08:17:27.745+0000] {dag.py:2726} INFO - Sync 1 DAGs
[2025-10-09T08:17:27.773+0000] {logging_mixin.py:149} INFO - [2025-10-09T08:17:27.773+0000] {dag.py:3490} INFO - Setting next_dagrun for my_first_dag_2 to 2024-01-22T00:00:00+00:00, run_after=2024-01-23T00:00:00+00:00
[2025-10-09T08:17:27.797+0000] {processor.py:179} INFO - Processing /opt/airflow/dags/my_demo_dag.py took 0.093 seconds
[2025-10-09T08:17:58.295+0000] {processor.py:157} INFO - Started process (PID=10899) to work on /opt/airflow/dags/my_demo_dag.py
[2025-10-09T08:17:58.296+0000] {processor.py:826} INFO - Processing file /opt/airflow/dags/my_demo_dag.py for tasks to queue
[2025-10-09T08:17:58.297+0000] {logging_mixin.py:149} INFO - [2025-10-09T08:17:58.297+0000] {dagbag.py:541} INFO - Filling up the DagBag from /opt/airflow/dags/my_demo_dag.py
[2025-10-09T08:17:58.311+0000] {processor.py:836} INFO - DAG(s) dict_keys(['my_first_dag_2']) retrieved from /opt/airflow/dags/my_demo_dag.py
[2025-10-09T08:17:58.340+0000] {logging_mixin.py:149} INFO - [2025-10-09T08:17:58.339+0000] {dag.py:2726} INFO - Sync 1 DAGs
[2025-10-09T08:17:58.370+0000] {logging_mixin.py:149} INFO - [2025-10-09T08:17:58.369+0000] {dag.py:3490} INFO - Setting next_dagrun for my_first_dag_2 to 2024-01-22T00:00:00+00:00, run_after=2024-01-23T00:00:00+00:00
[2025-10-09T08:17:58.392+0000] {processor.py:179} INFO - Processing /opt/airflow/dags/my_demo_dag.py took 0.101 seconds
[2025-10-09T08:18:29.880+0000] {processor.py:157} INFO - Started process (PID=11206) to work on /opt/airflow/dags/my_demo_dag.py
[2025-10-09T08:18:29.881+0000] {processor.py:826} INFO - Processing file /opt/airflow/dags/my_demo_dag.py for tasks to queue
[2025-10-09T08:18:29.882+0000] {logging_mixin.py:149} INFO - [2025-10-09T08:18:29.882+0000] {dagbag.py:541} INFO - Filling up the DagBag from /opt/airflow/dags/my_demo_dag.py
[2025-10-09T08:18:29.893+0000] {processor.py:836} INFO - DAG(s) dict_keys(['my_first_dag_2']) retrieved from /opt/airflow/dags/my_demo_dag.py
[2025-10-09T08:18:30.294+0000] {processor.py:182} ERROR - Got an exception! Propagating...
Traceback (most recent call last):
  File "/home/airflow/.local/lib/python3.7/site-packages/sqlalchemy/engine/base.py", line 3366, in _wrap_pool_connect
    return fn()
  File "/home/airflow/.local/lib/python3.7/site-packages/sqlalchemy/pool/base.py", line 327, in connect
    return _ConnectionFairy._checkout(self)
  File "/home/airflow/.local/lib/python3.7/site-packages/sqlalchemy/pool/base.py", line 894, in _checkout
    fairy = _ConnectionRecord.checkout(pool)
  File "/home/airflow/.local/lib/python3.7/site-packages/sqlalchemy/pool/base.py", line 493, in checkout
    rec = pool._do_get()
  File "/home/airflow/.local/lib/python3.7/site-packages/sqlalchemy/pool/impl.py", line 146, in _do_get
    self._dec_overflow()
  File "/home/airflow/.local/lib/python3.7/site-packages/sqlalchemy/util/langhelpers.py", line 72, in __exit__
    with_traceback=exc_tb,
  File "/home/airflow/.local/lib/python3.7/site-packages/sqlalchemy/util/compat.py", line 211, in raise_
    raise exception
  File "/home/airflow/.local/lib/python3.7/site-packages/sqlalchemy/pool/impl.py", line 143, in _do_get
    return self._create_connection()
  File "/home/airflow/.local/lib/python3.7/site-packages/sqlalchemy/pool/base.py", line 273, in _create_connection
    return _ConnectionRecord(self)
  File "/home/airflow/.local/lib/python3.7/site-packages/sqlalchemy/pool/base.py", line 388, in __init__
    self.__connect()
  File "/home/airflow/.local/lib/python3.7/site-packages/sqlalchemy/pool/base.py", line 691, in __connect
    pool.logger.debug("Error on connect(): %s", e)
  File "/home/airflow/.local/lib/python3.7/site-packages/sqlalchemy/util/langhelpers.py", line 72, in __exit__
    with_traceback=exc_tb,
  File "/home/airflow/.local/lib/python3.7/site-packages/sqlalchemy/util/compat.py", line 211, in raise_
    raise exception
  File "/home/airflow/.local/lib/python3.7/site-packages/sqlalchemy/pool/base.py", line 686, in __connect
    self.dbapi_connection = connection = pool._invoke_creator(self)
  File "/home/airflow/.local/lib/python3.7/site-packages/sqlalchemy/engine/create.py", line 574, in connect
    return dialect.connect(*cargs, **cparams)
  File "/home/airflow/.local/lib/python3.7/site-packages/sqlalchemy/engine/default.py", line 598, in connect
    return self.dbapi.connect(*cargs, **cparams)
  File "/home/airflow/.local/lib/python3.7/site-packages/psycopg2/__init__.py", line 122, in connect
    conn = _connect(dsn, connection_factory=connection_factory, **kwasync)
psycopg2.OperationalError: connection to server at "postgres" (172.22.0.7), port 5432 failed: FATAL:  password authentication failed for user "airflow"


The above exception was the direct cause of the following exception:

Traceback (most recent call last):
  File "/home/airflow/.local/lib/python3.7/site-packages/airflow/dag_processing/processor.py", line 178, in _run_file_processor
    _handle_dag_file_processing()
  File "/home/airflow/.local/lib/python3.7/site-packages/airflow/dag_processing/processor.py", line 162, in _handle_dag_file_processing
    callback_requests=callback_requests,
  File "/home/airflow/.local/lib/python3.7/site-packages/airflow/utils/session.py", line 76, in wrapper
    return func(*args, session=session, **kwargs)
  File "/home/airflow/.local/lib/python3.7/site-packages/airflow/dag_processing/processor.py", line 857, in process_file
    pickle_dags=pickle_dags,
  File "/home/airflow/.local/lib/python3.7/site-packages/airflow/api_internal/internal_api_call.py", line 112, in wrapper
    return func(*args, **kwargs)
  File "/home/airflow/.local/lib/python3.7/site-packages/airflow/utils/session.py", line 76, in wrapper
    return func(*args, session=session, **kwargs)
  File "/home/airflow/.local/lib/python3.7/site-packages/airflow/dag_processing/processor.py", line 890, in save_dag_to_db
    import_errors = DagBag._sync_to_db(dags=dags, processor_subdir=dag_directory, session=session)
  File "/home/airflow/.local/lib/python3.7/site-packages/airflow/utils/session.py", line 73, in wrapper
    return func(*args, **kwargs)
  File "/home/airflow/.local/lib/python3.7/site-packages/airflow/models/dagbag.py", line 659, in _sync_to_db
    for attempt in run_with_db_retries(logger=log):
  File "/home/airflow/.local/lib/python3.7/site-packages/tenacity/__init__.py", line 347, in __iter__
    do = self.iter(retry_state=retry_state)
  File "/home/airflow/.local/lib/python3.7/site-packages/tenacity/__init__.py", line 325, in iter
    raise retry_exc.reraise()
  File "/home/airflow/.local/lib/python3.7/site-packages/tenacity/__init__.py", line 158, in reraise
    raise self.last_attempt.result()
  File "/usr/local/lib/python3.7/concurrent/futures/_base.py", line 428, in result
    return self.__get_result()
  File "/usr/local/lib/python3.7/concurrent/futures/_base.py", line 384, in __get_result
    raise self._exception
  File "/home/airflow/.local/lib/python3.7/site-packages/airflow/models/dagbag.py", line 671, in _sync_to_db
    serialize_errors.extend(_serialize_dag_capturing_errors(dag, session))
  File "/home/airflow/.local/lib/python3.7/site-packages/airflow/models/dagbag.py", line 641, in _serialize_dag_capturing_errors
    session=session,
  File "/home/airflow/.local/lib/python3.7/site-packages/airflow/utils/session.py", line 73, in wrapper
    return func(*args, **kwargs)
  File "/home/airflow/.local/lib/python3.7/site-packages/airflow/models/serialized_dag.py", line 149, in write_dag
    (timezone.utcnow() - timedelta(seconds=min_update_interval)) < cls.last_updated,
  File "/home/airflow/.local/lib/python3.7/site-packages/sqlalchemy/orm/query.py", line 2893, in scalar
    ret = self.one()
  File "/home/airflow/.local/lib/python3.7/site-packages/sqlalchemy/orm/query.py", line 2870, in one
    return self._iter().one()
  File "/home/airflow/.local/lib/python3.7/site-packages/sqlalchemy/orm/query.py", line 2919, in _iter
    execution_options={"_sa_orm_load_options": self.load_options},
  File "/home/airflow/.local/lib/python3.7/site-packages/sqlalchemy/orm/session.py", line 1716, in execute
    conn = self._connection_for_bind(bind)
  File "/home/airflow/.local/lib/python3.7/site-packages/sqlalchemy/orm/session.py", line 1556, in _connection_for_bind
    engine, execution_options
  File "/home/airflow/.local/lib/python3.7/site-packages/sqlalchemy/orm/session.py", line 750, in _connection_for_bind
    conn = bind.connect()
  File "/home/airflow/.local/lib/python3.7/site-packages/sqlalchemy/engine/base.py", line 3320, in connect
    return self._connection_cls(self, close_with_result=close_with_result)
  File "/home/airflow/.local/lib/python3.7/site-packages/sqlalchemy/engine/base.py", line 96, in __init__
    else engine.raw_connection()
  File "/home/airflow/.local/lib/python3.7/site-packages/sqlalchemy/engine/base.py", line 3399, in raw_connection
    return self._wrap_pool_connect(self.pool.connect, _connection)
  File "/home/airflow/.local/lib/python3.7/site-packages/sqlalchemy/engine/base.py", line 3370, in _wrap_pool_connect
    e, dialect, self
  File "/home/airflow/.local/lib/python3.7/site-packages/sqlalchemy/engine/base.py", line 2204, in _handle_dbapi_exception_noconnection
    sqlalchemy_exception, with_traceback=exc_info[2], from_=e
  File "/home/airflow/.local/lib/python3.7/site-packages/sqlalchemy/util/compat.py", line 211, in raise_
    raise exception
  File "/home/airflow/.local/lib/python3.7/site-packages/sqlalchemy/engine/base.py", line 3366, in _wrap_pool_connect
    return fn()
  File "/home/airflow/.local/lib/python3.7/site-packages/sqlalchemy/pool/base.py", line 327, in connect
    return _ConnectionFairy._checkout(self)
  File "/home/airflow/.local/lib/python3.7/site-packages/sqlalchemy/pool/base.py", line 894, in _checkout
    fairy = _ConnectionRecord.checkout(pool)
  File "/home/airflow/.local/lib/python3.7/site-packages/sqlalchemy/pool/base.py", line 493, in checkout
    rec = pool._do_get()
  File "/home/airflow/.local/lib/python3.7/site-packages/sqlalchemy/pool/impl.py", line 146, in _do_get
    self._dec_overflow()
  File "/home/airflow/.local/lib/python3.7/site-packages/sqlalchemy/util/langhelpers.py", line 72, in __exit__
    with_traceback=exc_tb,
  File "/home/airflow/.local/lib/python3.7/site-packages/sqlalchemy/util/compat.py", line 211, in raise_
    raise exception
  File "/home/airflow/.local/lib/python3.7/site-packages/sqlalchemy/pool/impl.py", line 143, in _do_get
    return self._create_connection()
  File "/home/airflow/.local/lib/python3.7/site-packages/sqlalchemy/pool/base.py", line 273, in _create_connection
    return _ConnectionRecord(self)
  File "/home/airflow/.local/lib/python3.7/site-packages/sqlalchemy/pool/base.py", line 388, in __init__
    self.__connect()
  File "/home/airflow/.local/lib/python3.7/site-packages/sqlalchemy/pool/base.py", line 691, in __connect
    pool.logger.debug("Error on connect(): %s", e)
  File "/home/airflow/.local/lib/python3.7/site-packages/sqlalchemy/util/langhelpers.py", line 72, in __exit__
    with_traceback=exc_tb,
  File "/home/airflow/.local/lib/python3.7/site-packages/sqlalchemy/util/compat.py", line 211, in raise_
    raise exception
  File "/home/airflow/.local/lib/python3.7/site-packages/sqlalchemy/pool/base.py", line 686, in __connect
    self.dbapi_connection = connection = pool._invoke_creator(self)
  File "/home/airflow/.local/lib/python3.7/site-packages/sqlalchemy/engine/create.py", line 574, in connect
    return dialect.connect(*cargs, **cparams)
  File "/home/airflow/.local/lib/python3.7/site-packages/sqlalchemy/engine/default.py", line 598, in connect
    return self.dbapi.connect(*cargs, **cparams)
  File "/home/airflow/.local/lib/python3.7/site-packages/psycopg2/__init__.py", line 122, in connect
    conn = _connect(dsn, connection_factory=connection_factory, **kwasync)
sqlalchemy.exc.OperationalError: (psycopg2.OperationalError) connection to server at "postgres" (172.22.0.7), port 5432 failed: FATAL:  password authentication failed for user "airflow"

(Background on this error at: https://sqlalche.me/e/14/e3q8)
[2025-10-09T08:19:00.333+0000] {processor.py:157} INFO - Started process (PID=11478) to work on /opt/airflow/dags/my_demo_dag.py
[2025-10-09T08:19:00.335+0000] {processor.py:826} INFO - Processing file /opt/airflow/dags/my_demo_dag.py for tasks to queue
[2025-10-09T08:19:00.336+0000] {logging_mixin.py:149} INFO - [2025-10-09T08:19:00.336+0000] {dagbag.py:541} INFO - Filling up the DagBag from /opt/airflow/dags/my_demo_dag.py
[2025-10-09T08:19:00.349+0000] {processor.py:836} INFO - DAG(s) dict_keys(['my_first_dag_2']) retrieved from /opt/airflow/dags/my_demo_dag.py
[2025-10-09T08:19:00.377+0000] {logging_mixin.py:149} INFO - [2025-10-09T08:19:00.377+0000] {dag.py:2726} INFO - Sync 1 DAGs
[2025-10-09T08:19:00.407+0000] {logging_mixin.py:149} INFO - [2025-10-09T08:19:00.407+0000] {dag.py:3490} INFO - Setting next_dagrun for my_first_dag_2 to 2024-01-22T00:00:00+00:00, run_after=2024-01-23T00:00:00+00:00
[2025-10-09T08:19:00.428+0000] {processor.py:179} INFO - Processing /opt/airflow/dags/my_demo_dag.py took 0.100 seconds
[2025-10-09T08:19:30.828+0000] {processor.py:157} INFO - Started process (PID=11785) to work on /opt/airflow/dags/my_demo_dag.py
[2025-10-09T08:19:30.829+0000] {processor.py:826} INFO - Processing file /opt/airflow/dags/my_demo_dag.py for tasks to queue
[2025-10-09T08:19:30.830+0000] {logging_mixin.py:149} INFO - [2025-10-09T08:19:30.830+0000] {dagbag.py:541} INFO - Filling up the DagBag from /opt/airflow/dags/my_demo_dag.py
[2025-10-09T08:19:30.841+0000] {processor.py:836} INFO - DAG(s) dict_keys(['my_first_dag_2']) retrieved from /opt/airflow/dags/my_demo_dag.py
[2025-10-09T08:19:31.062+0000] {logging_mixin.py:149} INFO - [2025-10-09T08:19:31.062+0000] {dag.py:2726} INFO - Sync 1 DAGs
[2025-10-09T08:19:31.091+0000] {logging_mixin.py:149} INFO - [2025-10-09T08:19:31.091+0000] {dag.py:3490} INFO - Setting next_dagrun for my_first_dag_2 to 2024-01-22T00:00:00+00:00, run_after=2024-01-23T00:00:00+00:00
[2025-10-09T08:19:31.112+0000] {processor.py:179} INFO - Processing /opt/airflow/dags/my_demo_dag.py took 0.287 seconds
[2025-10-09T08:20:01.227+0000] {processor.py:157} INFO - Started process (PID=12092) to work on /opt/airflow/dags/my_demo_dag.py
[2025-10-09T08:20:01.228+0000] {processor.py:826} INFO - Processing file /opt/airflow/dags/my_demo_dag.py for tasks to queue
[2025-10-09T08:20:01.229+0000] {logging_mixin.py:149} INFO - [2025-10-09T08:20:01.229+0000] {dagbag.py:541} INFO - Filling up the DagBag from /opt/airflow/dags/my_demo_dag.py
[2025-10-09T08:20:01.242+0000] {processor.py:836} INFO - DAG(s) dict_keys(['my_first_dag_2']) retrieved from /opt/airflow/dags/my_demo_dag.py
[2025-10-09T08:20:01.699+0000] {logging_mixin.py:149} INFO - [2025-10-09T08:20:01.699+0000] {dag.py:2726} INFO - Sync 1 DAGs
[2025-10-09T08:20:01.729+0000] {logging_mixin.py:149} INFO - [2025-10-09T08:20:01.728+0000] {dag.py:3490} INFO - Setting next_dagrun for my_first_dag_2 to 2024-01-22T00:00:00+00:00, run_after=2024-01-23T00:00:00+00:00
[2025-10-09T08:20:01.750+0000] {processor.py:179} INFO - Processing /opt/airflow/dags/my_demo_dag.py took 0.526 seconds
[2025-10-09T08:20:32.341+0000] {processor.py:157} INFO - Started process (PID=12399) to work on /opt/airflow/dags/my_demo_dag.py
[2025-10-09T08:20:32.342+0000] {processor.py:826} INFO - Processing file /opt/airflow/dags/my_demo_dag.py for tasks to queue
[2025-10-09T08:20:32.343+0000] {logging_mixin.py:149} INFO - [2025-10-09T08:20:32.343+0000] {dagbag.py:541} INFO - Filling up the DagBag from /opt/airflow/dags/my_demo_dag.py
[2025-10-09T08:20:32.358+0000] {processor.py:836} INFO - DAG(s) dict_keys(['my_first_dag_2']) retrieved from /opt/airflow/dags/my_demo_dag.py
[2025-10-09T08:20:32.389+0000] {logging_mixin.py:149} INFO - [2025-10-09T08:20:32.389+0000] {dag.py:2726} INFO - Sync 1 DAGs
[2025-10-09T08:20:32.423+0000] {logging_mixin.py:149} INFO - [2025-10-09T08:20:32.423+0000] {dag.py:3490} INFO - Setting next_dagrun for my_first_dag_2 to 2024-01-22T00:00:00+00:00, run_after=2024-01-23T00:00:00+00:00
[2025-10-09T08:20:32.458+0000] {processor.py:179} INFO - Processing /opt/airflow/dags/my_demo_dag.py took 0.122 seconds
[2025-10-09T08:21:02.764+0000] {processor.py:157} INFO - Started process (PID=12711) to work on /opt/airflow/dags/my_demo_dag.py
[2025-10-09T08:21:02.765+0000] {processor.py:826} INFO - Processing file /opt/airflow/dags/my_demo_dag.py for tasks to queue
[2025-10-09T08:21:02.765+0000] {logging_mixin.py:149} INFO - [2025-10-09T08:21:02.765+0000] {dagbag.py:541} INFO - Filling up the DagBag from /opt/airflow/dags/my_demo_dag.py
[2025-10-09T08:21:02.776+0000] {processor.py:836} INFO - DAG(s) dict_keys(['my_first_dag_2']) retrieved from /opt/airflow/dags/my_demo_dag.py
[2025-10-09T08:21:03.098+0000] {logging_mixin.py:149} INFO - [2025-10-09T08:21:03.098+0000] {dag.py:2726} INFO - Sync 1 DAGs
[2025-10-09T08:21:03.130+0000] {logging_mixin.py:149} INFO - [2025-10-09T08:21:03.130+0000] {dag.py:3490} INFO - Setting next_dagrun for my_first_dag_2 to 2024-01-22T00:00:00+00:00, run_after=2024-01-23T00:00:00+00:00
[2025-10-09T08:21:03.152+0000] {processor.py:179} INFO - Processing /opt/airflow/dags/my_demo_dag.py took 0.391 seconds
[2025-10-09T08:21:33.618+0000] {processor.py:157} INFO - Started process (PID=13013) to work on /opt/airflow/dags/my_demo_dag.py
[2025-10-09T08:21:33.620+0000] {processor.py:826} INFO - Processing file /opt/airflow/dags/my_demo_dag.py for tasks to queue
[2025-10-09T08:21:33.621+0000] {logging_mixin.py:149} INFO - [2025-10-09T08:21:33.621+0000] {dagbag.py:541} INFO - Filling up the DagBag from /opt/airflow/dags/my_demo_dag.py
[2025-10-09T08:21:33.632+0000] {processor.py:836} INFO - DAG(s) dict_keys(['my_first_dag_2']) retrieved from /opt/airflow/dags/my_demo_dag.py
[2025-10-09T08:21:34.065+0000] {logging_mixin.py:149} INFO - [2025-10-09T08:21:34.064+0000] {dag.py:2726} INFO - Sync 1 DAGs
[2025-10-09T08:21:34.094+0000] {logging_mixin.py:149} INFO - [2025-10-09T08:21:34.094+0000] {dag.py:3490} INFO - Setting next_dagrun for my_first_dag_2 to 2024-01-22T00:00:00+00:00, run_after=2024-01-23T00:00:00+00:00
[2025-10-09T08:21:34.114+0000] {processor.py:179} INFO - Processing /opt/airflow/dags/my_demo_dag.py took 0.500 seconds
[2025-10-09T08:22:04.648+0000] {processor.py:157} INFO - Started process (PID=13343) to work on /opt/airflow/dags/my_demo_dag.py
[2025-10-09T08:22:04.649+0000] {processor.py:826} INFO - Processing file /opt/airflow/dags/my_demo_dag.py for tasks to queue
[2025-10-09T08:22:04.650+0000] {logging_mixin.py:149} INFO - [2025-10-09T08:22:04.650+0000] {dagbag.py:541} INFO - Filling up the DagBag from /opt/airflow/dags/my_demo_dag.py
[2025-10-09T08:22:04.671+0000] {processor.py:836} INFO - DAG(s) dict_keys(['my_first_dag_2']) retrieved from /opt/airflow/dags/my_demo_dag.py
[2025-10-09T08:22:04.704+0000] {logging_mixin.py:149} INFO - [2025-10-09T08:22:04.703+0000] {dag.py:2726} INFO - Sync 1 DAGs
[2025-10-09T08:22:04.732+0000] {logging_mixin.py:149} INFO - [2025-10-09T08:22:04.732+0000] {dag.py:3490} INFO - Setting next_dagrun for my_first_dag_2 to 2024-01-22T00:00:00+00:00, run_after=2024-01-23T00:00:00+00:00
[2025-10-09T08:22:04.755+0000] {processor.py:179} INFO - Processing /opt/airflow/dags/my_demo_dag.py took 0.112 seconds
[2025-10-09T08:22:35.609+0000] {processor.py:157} INFO - Started process (PID=13644) to work on /opt/airflow/dags/my_demo_dag.py
[2025-10-09T08:22:35.610+0000] {processor.py:826} INFO - Processing file /opt/airflow/dags/my_demo_dag.py for tasks to queue
[2025-10-09T08:22:35.611+0000] {logging_mixin.py:149} INFO - [2025-10-09T08:22:35.611+0000] {dagbag.py:541} INFO - Filling up the DagBag from /opt/airflow/dags/my_demo_dag.py
[2025-10-09T08:22:35.622+0000] {processor.py:836} INFO - DAG(s) dict_keys(['my_first_dag_2']) retrieved from /opt/airflow/dags/my_demo_dag.py
[2025-10-09T08:22:36.291+0000] {processor.py:182} ERROR - Got an exception! Propagating...
Traceback (most recent call last):
  File "/home/airflow/.local/lib/python3.7/site-packages/sqlalchemy/engine/base.py", line 3366, in _wrap_pool_connect
    return fn()
  File "/home/airflow/.local/lib/python3.7/site-packages/sqlalchemy/pool/base.py", line 327, in connect
    return _ConnectionFairy._checkout(self)
  File "/home/airflow/.local/lib/python3.7/site-packages/sqlalchemy/pool/base.py", line 894, in _checkout
    fairy = _ConnectionRecord.checkout(pool)
  File "/home/airflow/.local/lib/python3.7/site-packages/sqlalchemy/pool/base.py", line 493, in checkout
    rec = pool._do_get()
  File "/home/airflow/.local/lib/python3.7/site-packages/sqlalchemy/pool/impl.py", line 146, in _do_get
    self._dec_overflow()
  File "/home/airflow/.local/lib/python3.7/site-packages/sqlalchemy/util/langhelpers.py", line 72, in __exit__
    with_traceback=exc_tb,
  File "/home/airflow/.local/lib/python3.7/site-packages/sqlalchemy/util/compat.py", line 211, in raise_
    raise exception
  File "/home/airflow/.local/lib/python3.7/site-packages/sqlalchemy/pool/impl.py", line 143, in _do_get
    return self._create_connection()
  File "/home/airflow/.local/lib/python3.7/site-packages/sqlalchemy/pool/base.py", line 273, in _create_connection
    return _ConnectionRecord(self)
  File "/home/airflow/.local/lib/python3.7/site-packages/sqlalchemy/pool/base.py", line 388, in __init__
    self.__connect()
  File "/home/airflow/.local/lib/python3.7/site-packages/sqlalchemy/pool/base.py", line 691, in __connect
    pool.logger.debug("Error on connect(): %s", e)
  File "/home/airflow/.local/lib/python3.7/site-packages/sqlalchemy/util/langhelpers.py", line 72, in __exit__
    with_traceback=exc_tb,
  File "/home/airflow/.local/lib/python3.7/site-packages/sqlalchemy/util/compat.py", line 211, in raise_
    raise exception
  File "/home/airflow/.local/lib/python3.7/site-packages/sqlalchemy/pool/base.py", line 686, in __connect
    self.dbapi_connection = connection = pool._invoke_creator(self)
  File "/home/airflow/.local/lib/python3.7/site-packages/sqlalchemy/engine/create.py", line 574, in connect
    return dialect.connect(*cargs, **cparams)
  File "/home/airflow/.local/lib/python3.7/site-packages/sqlalchemy/engine/default.py", line 598, in connect
    return self.dbapi.connect(*cargs, **cparams)
  File "/home/airflow/.local/lib/python3.7/site-packages/psycopg2/__init__.py", line 122, in connect
    conn = _connect(dsn, connection_factory=connection_factory, **kwasync)
psycopg2.OperationalError: connection to server at "postgres" (172.22.0.7), port 5432 failed: FATAL:  password authentication failed for user "airflow"


The above exception was the direct cause of the following exception:

Traceback (most recent call last):
  File "/home/airflow/.local/lib/python3.7/site-packages/airflow/dag_processing/processor.py", line 178, in _run_file_processor
    _handle_dag_file_processing()
  File "/home/airflow/.local/lib/python3.7/site-packages/airflow/dag_processing/processor.py", line 162, in _handle_dag_file_processing
    callback_requests=callback_requests,
  File "/home/airflow/.local/lib/python3.7/site-packages/airflow/utils/session.py", line 76, in wrapper
    return func(*args, session=session, **kwargs)
  File "/home/airflow/.local/lib/python3.7/site-packages/airflow/dag_processing/processor.py", line 857, in process_file
    pickle_dags=pickle_dags,
  File "/home/airflow/.local/lib/python3.7/site-packages/airflow/api_internal/internal_api_call.py", line 112, in wrapper
    return func(*args, **kwargs)
  File "/home/airflow/.local/lib/python3.7/site-packages/airflow/utils/session.py", line 76, in wrapper
    return func(*args, session=session, **kwargs)
  File "/home/airflow/.local/lib/python3.7/site-packages/airflow/dag_processing/processor.py", line 890, in save_dag_to_db
    import_errors = DagBag._sync_to_db(dags=dags, processor_subdir=dag_directory, session=session)
  File "/home/airflow/.local/lib/python3.7/site-packages/airflow/utils/session.py", line 73, in wrapper
    return func(*args, **kwargs)
  File "/home/airflow/.local/lib/python3.7/site-packages/airflow/models/dagbag.py", line 659, in _sync_to_db
    for attempt in run_with_db_retries(logger=log):
  File "/home/airflow/.local/lib/python3.7/site-packages/tenacity/__init__.py", line 347, in __iter__
    do = self.iter(retry_state=retry_state)
  File "/home/airflow/.local/lib/python3.7/site-packages/tenacity/__init__.py", line 325, in iter
    raise retry_exc.reraise()
  File "/home/airflow/.local/lib/python3.7/site-packages/tenacity/__init__.py", line 158, in reraise
    raise self.last_attempt.result()
  File "/usr/local/lib/python3.7/concurrent/futures/_base.py", line 428, in result
    return self.__get_result()
  File "/usr/local/lib/python3.7/concurrent/futures/_base.py", line 384, in __get_result
    raise self._exception
  File "/home/airflow/.local/lib/python3.7/site-packages/airflow/models/dagbag.py", line 671, in _sync_to_db
    serialize_errors.extend(_serialize_dag_capturing_errors(dag, session))
  File "/home/airflow/.local/lib/python3.7/site-packages/airflow/models/dagbag.py", line 641, in _serialize_dag_capturing_errors
    session=session,
  File "/home/airflow/.local/lib/python3.7/site-packages/airflow/utils/session.py", line 73, in wrapper
    return func(*args, **kwargs)
  File "/home/airflow/.local/lib/python3.7/site-packages/airflow/models/serialized_dag.py", line 149, in write_dag
    (timezone.utcnow() - timedelta(seconds=min_update_interval)) < cls.last_updated,
  File "/home/airflow/.local/lib/python3.7/site-packages/sqlalchemy/orm/query.py", line 2893, in scalar
    ret = self.one()
  File "/home/airflow/.local/lib/python3.7/site-packages/sqlalchemy/orm/query.py", line 2870, in one
    return self._iter().one()
  File "/home/airflow/.local/lib/python3.7/site-packages/sqlalchemy/orm/query.py", line 2919, in _iter
    execution_options={"_sa_orm_load_options": self.load_options},
  File "/home/airflow/.local/lib/python3.7/site-packages/sqlalchemy/orm/session.py", line 1716, in execute
    conn = self._connection_for_bind(bind)
  File "/home/airflow/.local/lib/python3.7/site-packages/sqlalchemy/orm/session.py", line 1556, in _connection_for_bind
    engine, execution_options
  File "/home/airflow/.local/lib/python3.7/site-packages/sqlalchemy/orm/session.py", line 750, in _connection_for_bind
    conn = bind.connect()
  File "/home/airflow/.local/lib/python3.7/site-packages/sqlalchemy/engine/base.py", line 3320, in connect
    return self._connection_cls(self, close_with_result=close_with_result)
  File "/home/airflow/.local/lib/python3.7/site-packages/sqlalchemy/engine/base.py", line 96, in __init__
    else engine.raw_connection()
  File "/home/airflow/.local/lib/python3.7/site-packages/sqlalchemy/engine/base.py", line 3399, in raw_connection
    return self._wrap_pool_connect(self.pool.connect, _connection)
  File "/home/airflow/.local/lib/python3.7/site-packages/sqlalchemy/engine/base.py", line 3370, in _wrap_pool_connect
    e, dialect, self
  File "/home/airflow/.local/lib/python3.7/site-packages/sqlalchemy/engine/base.py", line 2204, in _handle_dbapi_exception_noconnection
    sqlalchemy_exception, with_traceback=exc_info[2], from_=e
  File "/home/airflow/.local/lib/python3.7/site-packages/sqlalchemy/util/compat.py", line 211, in raise_
    raise exception
  File "/home/airflow/.local/lib/python3.7/site-packages/sqlalchemy/engine/base.py", line 3366, in _wrap_pool_connect
    return fn()
  File "/home/airflow/.local/lib/python3.7/site-packages/sqlalchemy/pool/base.py", line 327, in connect
    return _ConnectionFairy._checkout(self)
  File "/home/airflow/.local/lib/python3.7/site-packages/sqlalchemy/pool/base.py", line 894, in _checkout
    fairy = _ConnectionRecord.checkout(pool)
  File "/home/airflow/.local/lib/python3.7/site-packages/sqlalchemy/pool/base.py", line 493, in checkout
    rec = pool._do_get()
  File "/home/airflow/.local/lib/python3.7/site-packages/sqlalchemy/pool/impl.py", line 146, in _do_get
    self._dec_overflow()
  File "/home/airflow/.local/lib/python3.7/site-packages/sqlalchemy/util/langhelpers.py", line 72, in __exit__
    with_traceback=exc_tb,
  File "/home/airflow/.local/lib/python3.7/site-packages/sqlalchemy/util/compat.py", line 211, in raise_
    raise exception
  File "/home/airflow/.local/lib/python3.7/site-packages/sqlalchemy/pool/impl.py", line 143, in _do_get
    return self._create_connection()
  File "/home/airflow/.local/lib/python3.7/site-packages/sqlalchemy/pool/base.py", line 273, in _create_connection
    return _ConnectionRecord(self)
  File "/home/airflow/.local/lib/python3.7/site-packages/sqlalchemy/pool/base.py", line 388, in __init__
    self.__connect()
  File "/home/airflow/.local/lib/python3.7/site-packages/sqlalchemy/pool/base.py", line 691, in __connect
    pool.logger.debug("Error on connect(): %s", e)
  File "/home/airflow/.local/lib/python3.7/site-packages/sqlalchemy/util/langhelpers.py", line 72, in __exit__
    with_traceback=exc_tb,
  File "/home/airflow/.local/lib/python3.7/site-packages/sqlalchemy/util/compat.py", line 211, in raise_
    raise exception
  File "/home/airflow/.local/lib/python3.7/site-packages/sqlalchemy/pool/base.py", line 686, in __connect
    self.dbapi_connection = connection = pool._invoke_creator(self)
  File "/home/airflow/.local/lib/python3.7/site-packages/sqlalchemy/engine/create.py", line 574, in connect
    return dialect.connect(*cargs, **cparams)
  File "/home/airflow/.local/lib/python3.7/site-packages/sqlalchemy/engine/default.py", line 598, in connect
    return self.dbapi.connect(*cargs, **cparams)
  File "/home/airflow/.local/lib/python3.7/site-packages/psycopg2/__init__.py", line 122, in connect
    conn = _connect(dsn, connection_factory=connection_factory, **kwasync)
sqlalchemy.exc.OperationalError: (psycopg2.OperationalError) connection to server at "postgres" (172.22.0.7), port 5432 failed: FATAL:  password authentication failed for user "airflow"

(Background on this error at: https://sqlalche.me/e/14/e3q8)
[2025-10-09T08:23:06.891+0000] {processor.py:157} INFO - Started process (PID=13946) to work on /opt/airflow/dags/my_demo_dag.py
[2025-10-09T08:23:06.893+0000] {processor.py:826} INFO - Processing file /opt/airflow/dags/my_demo_dag.py for tasks to queue
[2025-10-09T08:23:06.894+0000] {logging_mixin.py:149} INFO - [2025-10-09T08:23:06.894+0000] {dagbag.py:541} INFO - Filling up the DagBag from /opt/airflow/dags/my_demo_dag.py
[2025-10-09T08:23:06.905+0000] {processor.py:836} INFO - DAG(s) dict_keys(['my_first_dag_2']) retrieved from /opt/airflow/dags/my_demo_dag.py
[2025-10-09T08:23:06.973+0000] {logging_mixin.py:149} INFO - [2025-10-09T08:23:06.973+0000] {dag.py:2726} INFO - Sync 1 DAGs
[2025-10-09T08:23:07.007+0000] {logging_mixin.py:149} INFO - [2025-10-09T08:23:07.006+0000] {dag.py:3490} INFO - Setting next_dagrun for my_first_dag_2 to 2024-01-22T00:00:00+00:00, run_after=2024-01-23T00:00:00+00:00
[2025-10-09T08:23:07.028+0000] {processor.py:179} INFO - Processing /opt/airflow/dags/my_demo_dag.py took 0.141 seconds
[2025-10-09T08:23:38.014+0000] {processor.py:157} INFO - Started process (PID=14253) to work on /opt/airflow/dags/my_demo_dag.py
[2025-10-09T08:23:38.015+0000] {processor.py:826} INFO - Processing file /opt/airflow/dags/my_demo_dag.py for tasks to queue
[2025-10-09T08:23:38.016+0000] {logging_mixin.py:149} INFO - [2025-10-09T08:23:38.016+0000] {dagbag.py:541} INFO - Filling up the DagBag from /opt/airflow/dags/my_demo_dag.py
[2025-10-09T08:23:38.028+0000] {processor.py:836} INFO - DAG(s) dict_keys(['my_first_dag_2']) retrieved from /opt/airflow/dags/my_demo_dag.py
[2025-10-09T08:23:38.055+0000] {logging_mixin.py:149} INFO - [2025-10-09T08:23:38.055+0000] {dag.py:2726} INFO - Sync 1 DAGs
[2025-10-09T08:23:38.085+0000] {logging_mixin.py:149} INFO - [2025-10-09T08:23:38.084+0000] {dag.py:3490} INFO - Setting next_dagrun for my_first_dag_2 to 2024-01-22T00:00:00+00:00, run_after=2024-01-23T00:00:00+00:00
[2025-10-09T08:23:38.107+0000] {processor.py:179} INFO - Processing /opt/airflow/dags/my_demo_dag.py took 0.097 seconds
[2025-10-09T08:24:08.878+0000] {processor.py:157} INFO - Started process (PID=14550) to work on /opt/airflow/dags/my_demo_dag.py
[2025-10-09T08:24:08.879+0000] {processor.py:826} INFO - Processing file /opt/airflow/dags/my_demo_dag.py for tasks to queue
[2025-10-09T08:24:08.880+0000] {logging_mixin.py:149} INFO - [2025-10-09T08:24:08.880+0000] {dagbag.py:541} INFO - Filling up the DagBag from /opt/airflow/dags/my_demo_dag.py
[2025-10-09T08:24:08.890+0000] {processor.py:836} INFO - DAG(s) dict_keys(['my_first_dag_2']) retrieved from /opt/airflow/dags/my_demo_dag.py
[2025-10-09T08:24:09.321+0000] {logging_mixin.py:149} INFO - [2025-10-09T08:24:09.321+0000] {dag.py:2726} INFO - Sync 1 DAGs
[2025-10-09T08:24:09.357+0000] {logging_mixin.py:149} INFO - [2025-10-09T08:24:09.357+0000] {dag.py:3490} INFO - Setting next_dagrun for my_first_dag_2 to 2024-01-22T00:00:00+00:00, run_after=2024-01-23T00:00:00+00:00
[2025-10-09T08:24:09.382+0000] {processor.py:179} INFO - Processing /opt/airflow/dags/my_demo_dag.py took 0.507 seconds
[2025-10-09T08:24:39.879+0000] {processor.py:157} INFO - Started process (PID=14857) to work on /opt/airflow/dags/my_demo_dag.py
[2025-10-09T08:24:39.880+0000] {processor.py:826} INFO - Processing file /opt/airflow/dags/my_demo_dag.py for tasks to queue
[2025-10-09T08:24:39.881+0000] {logging_mixin.py:149} INFO - [2025-10-09T08:24:39.881+0000] {dagbag.py:541} INFO - Filling up the DagBag from /opt/airflow/dags/my_demo_dag.py
[2025-10-09T08:24:39.894+0000] {processor.py:836} INFO - DAG(s) dict_keys(['my_first_dag_2']) retrieved from /opt/airflow/dags/my_demo_dag.py
[2025-10-09T08:24:40.410+0000] {processor.py:182} ERROR - Got an exception! Propagating...
Traceback (most recent call last):
  File "/home/airflow/.local/lib/python3.7/site-packages/sqlalchemy/engine/base.py", line 3366, in _wrap_pool_connect
    return fn()
  File "/home/airflow/.local/lib/python3.7/site-packages/sqlalchemy/pool/base.py", line 327, in connect
    return _ConnectionFairy._checkout(self)
  File "/home/airflow/.local/lib/python3.7/site-packages/sqlalchemy/pool/base.py", line 894, in _checkout
    fairy = _ConnectionRecord.checkout(pool)
  File "/home/airflow/.local/lib/python3.7/site-packages/sqlalchemy/pool/base.py", line 493, in checkout
    rec = pool._do_get()
  File "/home/airflow/.local/lib/python3.7/site-packages/sqlalchemy/pool/impl.py", line 146, in _do_get
    self._dec_overflow()
  File "/home/airflow/.local/lib/python3.7/site-packages/sqlalchemy/util/langhelpers.py", line 72, in __exit__
    with_traceback=exc_tb,
  File "/home/airflow/.local/lib/python3.7/site-packages/sqlalchemy/util/compat.py", line 211, in raise_
    raise exception
  File "/home/airflow/.local/lib/python3.7/site-packages/sqlalchemy/pool/impl.py", line 143, in _do_get
    return self._create_connection()
  File "/home/airflow/.local/lib/python3.7/site-packages/sqlalchemy/pool/base.py", line 273, in _create_connection
    return _ConnectionRecord(self)
  File "/home/airflow/.local/lib/python3.7/site-packages/sqlalchemy/pool/base.py", line 388, in __init__
    self.__connect()
  File "/home/airflow/.local/lib/python3.7/site-packages/sqlalchemy/pool/base.py", line 691, in __connect
    pool.logger.debug("Error on connect(): %s", e)
  File "/home/airflow/.local/lib/python3.7/site-packages/sqlalchemy/util/langhelpers.py", line 72, in __exit__
    with_traceback=exc_tb,
  File "/home/airflow/.local/lib/python3.7/site-packages/sqlalchemy/util/compat.py", line 211, in raise_
    raise exception
  File "/home/airflow/.local/lib/python3.7/site-packages/sqlalchemy/pool/base.py", line 686, in __connect
    self.dbapi_connection = connection = pool._invoke_creator(self)
  File "/home/airflow/.local/lib/python3.7/site-packages/sqlalchemy/engine/create.py", line 574, in connect
    return dialect.connect(*cargs, **cparams)
  File "/home/airflow/.local/lib/python3.7/site-packages/sqlalchemy/engine/default.py", line 598, in connect
    return self.dbapi.connect(*cargs, **cparams)
  File "/home/airflow/.local/lib/python3.7/site-packages/psycopg2/__init__.py", line 122, in connect
    conn = _connect(dsn, connection_factory=connection_factory, **kwasync)
psycopg2.OperationalError: connection to server at "postgres" (172.22.0.7), port 5432 failed: FATAL:  password authentication failed for user "airflow"


The above exception was the direct cause of the following exception:

Traceback (most recent call last):
  File "/home/airflow/.local/lib/python3.7/site-packages/airflow/dag_processing/processor.py", line 178, in _run_file_processor
    _handle_dag_file_processing()
  File "/home/airflow/.local/lib/python3.7/site-packages/airflow/dag_processing/processor.py", line 162, in _handle_dag_file_processing
    callback_requests=callback_requests,
  File "/home/airflow/.local/lib/python3.7/site-packages/airflow/utils/session.py", line 76, in wrapper
    return func(*args, session=session, **kwargs)
  File "/home/airflow/.local/lib/python3.7/site-packages/airflow/dag_processing/processor.py", line 857, in process_file
    pickle_dags=pickle_dags,
  File "/home/airflow/.local/lib/python3.7/site-packages/airflow/api_internal/internal_api_call.py", line 112, in wrapper
    return func(*args, **kwargs)
  File "/home/airflow/.local/lib/python3.7/site-packages/airflow/utils/session.py", line 76, in wrapper
    return func(*args, session=session, **kwargs)
  File "/home/airflow/.local/lib/python3.7/site-packages/airflow/dag_processing/processor.py", line 890, in save_dag_to_db
    import_errors = DagBag._sync_to_db(dags=dags, processor_subdir=dag_directory, session=session)
  File "/home/airflow/.local/lib/python3.7/site-packages/airflow/utils/session.py", line 73, in wrapper
    return func(*args, **kwargs)
  File "/home/airflow/.local/lib/python3.7/site-packages/airflow/models/dagbag.py", line 659, in _sync_to_db
    for attempt in run_with_db_retries(logger=log):
  File "/home/airflow/.local/lib/python3.7/site-packages/tenacity/__init__.py", line 347, in __iter__
    do = self.iter(retry_state=retry_state)
  File "/home/airflow/.local/lib/python3.7/site-packages/tenacity/__init__.py", line 325, in iter
    raise retry_exc.reraise()
  File "/home/airflow/.local/lib/python3.7/site-packages/tenacity/__init__.py", line 158, in reraise
    raise self.last_attempt.result()
  File "/usr/local/lib/python3.7/concurrent/futures/_base.py", line 428, in result
    return self.__get_result()
  File "/usr/local/lib/python3.7/concurrent/futures/_base.py", line 384, in __get_result
    raise self._exception
  File "/home/airflow/.local/lib/python3.7/site-packages/airflow/models/dagbag.py", line 671, in _sync_to_db
    serialize_errors.extend(_serialize_dag_capturing_errors(dag, session))
  File "/home/airflow/.local/lib/python3.7/site-packages/airflow/models/dagbag.py", line 641, in _serialize_dag_capturing_errors
    session=session,
  File "/home/airflow/.local/lib/python3.7/site-packages/airflow/utils/session.py", line 73, in wrapper
    return func(*args, **kwargs)
  File "/home/airflow/.local/lib/python3.7/site-packages/airflow/models/serialized_dag.py", line 149, in write_dag
    (timezone.utcnow() - timedelta(seconds=min_update_interval)) < cls.last_updated,
  File "/home/airflow/.local/lib/python3.7/site-packages/sqlalchemy/orm/query.py", line 2893, in scalar
    ret = self.one()
  File "/home/airflow/.local/lib/python3.7/site-packages/sqlalchemy/orm/query.py", line 2870, in one
    return self._iter().one()
  File "/home/airflow/.local/lib/python3.7/site-packages/sqlalchemy/orm/query.py", line 2919, in _iter
    execution_options={"_sa_orm_load_options": self.load_options},
  File "/home/airflow/.local/lib/python3.7/site-packages/sqlalchemy/orm/session.py", line 1716, in execute
    conn = self._connection_for_bind(bind)
  File "/home/airflow/.local/lib/python3.7/site-packages/sqlalchemy/orm/session.py", line 1556, in _connection_for_bind
    engine, execution_options
  File "/home/airflow/.local/lib/python3.7/site-packages/sqlalchemy/orm/session.py", line 750, in _connection_for_bind
    conn = bind.connect()
  File "/home/airflow/.local/lib/python3.7/site-packages/sqlalchemy/engine/base.py", line 3320, in connect
    return self._connection_cls(self, close_with_result=close_with_result)
  File "/home/airflow/.local/lib/python3.7/site-packages/sqlalchemy/engine/base.py", line 96, in __init__
    else engine.raw_connection()
  File "/home/airflow/.local/lib/python3.7/site-packages/sqlalchemy/engine/base.py", line 3399, in raw_connection
    return self._wrap_pool_connect(self.pool.connect, _connection)
  File "/home/airflow/.local/lib/python3.7/site-packages/sqlalchemy/engine/base.py", line 3370, in _wrap_pool_connect
    e, dialect, self
  File "/home/airflow/.local/lib/python3.7/site-packages/sqlalchemy/engine/base.py", line 2204, in _handle_dbapi_exception_noconnection
    sqlalchemy_exception, with_traceback=exc_info[2], from_=e
  File "/home/airflow/.local/lib/python3.7/site-packages/sqlalchemy/util/compat.py", line 211, in raise_
    raise exception
  File "/home/airflow/.local/lib/python3.7/site-packages/sqlalchemy/engine/base.py", line 3366, in _wrap_pool_connect
    return fn()
  File "/home/airflow/.local/lib/python3.7/site-packages/sqlalchemy/pool/base.py", line 327, in connect
    return _ConnectionFairy._checkout(self)
  File "/home/airflow/.local/lib/python3.7/site-packages/sqlalchemy/pool/base.py", line 894, in _checkout
    fairy = _ConnectionRecord.checkout(pool)
  File "/home/airflow/.local/lib/python3.7/site-packages/sqlalchemy/pool/base.py", line 493, in checkout
    rec = pool._do_get()
  File "/home/airflow/.local/lib/python3.7/site-packages/sqlalchemy/pool/impl.py", line 146, in _do_get
    self._dec_overflow()
  File "/home/airflow/.local/lib/python3.7/site-packages/sqlalchemy/util/langhelpers.py", line 72, in __exit__
    with_traceback=exc_tb,
  File "/home/airflow/.local/lib/python3.7/site-packages/sqlalchemy/util/compat.py", line 211, in raise_
    raise exception
  File "/home/airflow/.local/lib/python3.7/site-packages/sqlalchemy/pool/impl.py", line 143, in _do_get
    return self._create_connection()
  File "/home/airflow/.local/lib/python3.7/site-packages/sqlalchemy/pool/base.py", line 273, in _create_connection
    return _ConnectionRecord(self)
  File "/home/airflow/.local/lib/python3.7/site-packages/sqlalchemy/pool/base.py", line 388, in __init__
    self.__connect()
  File "/home/airflow/.local/lib/python3.7/site-packages/sqlalchemy/pool/base.py", line 691, in __connect
    pool.logger.debug("Error on connect(): %s", e)
  File "/home/airflow/.local/lib/python3.7/site-packages/sqlalchemy/util/langhelpers.py", line 72, in __exit__
    with_traceback=exc_tb,
  File "/home/airflow/.local/lib/python3.7/site-packages/sqlalchemy/util/compat.py", line 211, in raise_
    raise exception
  File "/home/airflow/.local/lib/python3.7/site-packages/sqlalchemy/pool/base.py", line 686, in __connect
    self.dbapi_connection = connection = pool._invoke_creator(self)
  File "/home/airflow/.local/lib/python3.7/site-packages/sqlalchemy/engine/create.py", line 574, in connect
    return dialect.connect(*cargs, **cparams)
  File "/home/airflow/.local/lib/python3.7/site-packages/sqlalchemy/engine/default.py", line 598, in connect
    return self.dbapi.connect(*cargs, **cparams)
  File "/home/airflow/.local/lib/python3.7/site-packages/psycopg2/__init__.py", line 122, in connect
    conn = _connect(dsn, connection_factory=connection_factory, **kwasync)
sqlalchemy.exc.OperationalError: (psycopg2.OperationalError) connection to server at "postgres" (172.22.0.7), port 5432 failed: FATAL:  password authentication failed for user "airflow"

(Background on this error at: https://sqlalche.me/e/14/e3q8)
[2025-10-09T08:25:10.460+0000] {processor.py:157} INFO - Started process (PID=15164) to work on /opt/airflow/dags/my_demo_dag.py
[2025-10-09T08:25:10.461+0000] {processor.py:826} INFO - Processing file /opt/airflow/dags/my_demo_dag.py for tasks to queue
[2025-10-09T08:25:10.462+0000] {logging_mixin.py:149} INFO - [2025-10-09T08:25:10.462+0000] {dagbag.py:541} INFO - Filling up the DagBag from /opt/airflow/dags/my_demo_dag.py
[2025-10-09T08:25:10.473+0000] {processor.py:836} INFO - DAG(s) dict_keys(['my_first_dag_2']) retrieved from /opt/airflow/dags/my_demo_dag.py
[2025-10-09T08:25:11.194+0000] {processor.py:182} ERROR - Got an exception! Propagating...
Traceback (most recent call last):
  File "/home/airflow/.local/lib/python3.7/site-packages/sqlalchemy/engine/base.py", line 3366, in _wrap_pool_connect
    return fn()
  File "/home/airflow/.local/lib/python3.7/site-packages/sqlalchemy/pool/base.py", line 327, in connect
    return _ConnectionFairy._checkout(self)
  File "/home/airflow/.local/lib/python3.7/site-packages/sqlalchemy/pool/base.py", line 894, in _checkout
    fairy = _ConnectionRecord.checkout(pool)
  File "/home/airflow/.local/lib/python3.7/site-packages/sqlalchemy/pool/base.py", line 493, in checkout
    rec = pool._do_get()
  File "/home/airflow/.local/lib/python3.7/site-packages/sqlalchemy/pool/impl.py", line 146, in _do_get
    self._dec_overflow()
  File "/home/airflow/.local/lib/python3.7/site-packages/sqlalchemy/util/langhelpers.py", line 72, in __exit__
    with_traceback=exc_tb,
  File "/home/airflow/.local/lib/python3.7/site-packages/sqlalchemy/util/compat.py", line 211, in raise_
    raise exception
  File "/home/airflow/.local/lib/python3.7/site-packages/sqlalchemy/pool/impl.py", line 143, in _do_get
    return self._create_connection()
  File "/home/airflow/.local/lib/python3.7/site-packages/sqlalchemy/pool/base.py", line 273, in _create_connection
    return _ConnectionRecord(self)
  File "/home/airflow/.local/lib/python3.7/site-packages/sqlalchemy/pool/base.py", line 388, in __init__
    self.__connect()
  File "/home/airflow/.local/lib/python3.7/site-packages/sqlalchemy/pool/base.py", line 691, in __connect
    pool.logger.debug("Error on connect(): %s", e)
  File "/home/airflow/.local/lib/python3.7/site-packages/sqlalchemy/util/langhelpers.py", line 72, in __exit__
    with_traceback=exc_tb,
  File "/home/airflow/.local/lib/python3.7/site-packages/sqlalchemy/util/compat.py", line 211, in raise_
    raise exception
  File "/home/airflow/.local/lib/python3.7/site-packages/sqlalchemy/pool/base.py", line 686, in __connect
    self.dbapi_connection = connection = pool._invoke_creator(self)
  File "/home/airflow/.local/lib/python3.7/site-packages/sqlalchemy/engine/create.py", line 574, in connect
    return dialect.connect(*cargs, **cparams)
  File "/home/airflow/.local/lib/python3.7/site-packages/sqlalchemy/engine/default.py", line 598, in connect
    return self.dbapi.connect(*cargs, **cparams)
  File "/home/airflow/.local/lib/python3.7/site-packages/psycopg2/__init__.py", line 122, in connect
    conn = _connect(dsn, connection_factory=connection_factory, **kwasync)
psycopg2.OperationalError: connection to server at "postgres" (172.22.0.7), port 5432 failed: FATAL:  password authentication failed for user "airflow"


The above exception was the direct cause of the following exception:

Traceback (most recent call last):
  File "/home/airflow/.local/lib/python3.7/site-packages/airflow/dag_processing/processor.py", line 178, in _run_file_processor
    _handle_dag_file_processing()
  File "/home/airflow/.local/lib/python3.7/site-packages/airflow/dag_processing/processor.py", line 162, in _handle_dag_file_processing
    callback_requests=callback_requests,
  File "/home/airflow/.local/lib/python3.7/site-packages/airflow/utils/session.py", line 76, in wrapper
    return func(*args, session=session, **kwargs)
  File "/home/airflow/.local/lib/python3.7/site-packages/airflow/dag_processing/processor.py", line 857, in process_file
    pickle_dags=pickle_dags,
  File "/home/airflow/.local/lib/python3.7/site-packages/airflow/api_internal/internal_api_call.py", line 112, in wrapper
    return func(*args, **kwargs)
  File "/home/airflow/.local/lib/python3.7/site-packages/airflow/utils/session.py", line 76, in wrapper
    return func(*args, session=session, **kwargs)
  File "/home/airflow/.local/lib/python3.7/site-packages/airflow/dag_processing/processor.py", line 890, in save_dag_to_db
    import_errors = DagBag._sync_to_db(dags=dags, processor_subdir=dag_directory, session=session)
  File "/home/airflow/.local/lib/python3.7/site-packages/airflow/utils/session.py", line 73, in wrapper
    return func(*args, **kwargs)
  File "/home/airflow/.local/lib/python3.7/site-packages/airflow/models/dagbag.py", line 659, in _sync_to_db
    for attempt in run_with_db_retries(logger=log):
  File "/home/airflow/.local/lib/python3.7/site-packages/tenacity/__init__.py", line 347, in __iter__
    do = self.iter(retry_state=retry_state)
  File "/home/airflow/.local/lib/python3.7/site-packages/tenacity/__init__.py", line 325, in iter
    raise retry_exc.reraise()
  File "/home/airflow/.local/lib/python3.7/site-packages/tenacity/__init__.py", line 158, in reraise
    raise self.last_attempt.result()
  File "/usr/local/lib/python3.7/concurrent/futures/_base.py", line 428, in result
    return self.__get_result()
  File "/usr/local/lib/python3.7/concurrent/futures/_base.py", line 384, in __get_result
    raise self._exception
  File "/home/airflow/.local/lib/python3.7/site-packages/airflow/models/dagbag.py", line 671, in _sync_to_db
    serialize_errors.extend(_serialize_dag_capturing_errors(dag, session))
  File "/home/airflow/.local/lib/python3.7/site-packages/airflow/models/dagbag.py", line 641, in _serialize_dag_capturing_errors
    session=session,
  File "/home/airflow/.local/lib/python3.7/site-packages/airflow/utils/session.py", line 73, in wrapper
    return func(*args, **kwargs)
  File "/home/airflow/.local/lib/python3.7/site-packages/airflow/models/serialized_dag.py", line 149, in write_dag
    (timezone.utcnow() - timedelta(seconds=min_update_interval)) < cls.last_updated,
  File "/home/airflow/.local/lib/python3.7/site-packages/sqlalchemy/orm/query.py", line 2893, in scalar
    ret = self.one()
  File "/home/airflow/.local/lib/python3.7/site-packages/sqlalchemy/orm/query.py", line 2870, in one
    return self._iter().one()
  File "/home/airflow/.local/lib/python3.7/site-packages/sqlalchemy/orm/query.py", line 2919, in _iter
    execution_options={"_sa_orm_load_options": self.load_options},
  File "/home/airflow/.local/lib/python3.7/site-packages/sqlalchemy/orm/session.py", line 1716, in execute
    conn = self._connection_for_bind(bind)
  File "/home/airflow/.local/lib/python3.7/site-packages/sqlalchemy/orm/session.py", line 1556, in _connection_for_bind
    engine, execution_options
  File "/home/airflow/.local/lib/python3.7/site-packages/sqlalchemy/orm/session.py", line 750, in _connection_for_bind
    conn = bind.connect()
  File "/home/airflow/.local/lib/python3.7/site-packages/sqlalchemy/engine/base.py", line 3320, in connect
    return self._connection_cls(self, close_with_result=close_with_result)
  File "/home/airflow/.local/lib/python3.7/site-packages/sqlalchemy/engine/base.py", line 96, in __init__
    else engine.raw_connection()
  File "/home/airflow/.local/lib/python3.7/site-packages/sqlalchemy/engine/base.py", line 3399, in raw_connection
    return self._wrap_pool_connect(self.pool.connect, _connection)
  File "/home/airflow/.local/lib/python3.7/site-packages/sqlalchemy/engine/base.py", line 3370, in _wrap_pool_connect
    e, dialect, self
  File "/home/airflow/.local/lib/python3.7/site-packages/sqlalchemy/engine/base.py", line 2204, in _handle_dbapi_exception_noconnection
    sqlalchemy_exception, with_traceback=exc_info[2], from_=e
  File "/home/airflow/.local/lib/python3.7/site-packages/sqlalchemy/util/compat.py", line 211, in raise_
    raise exception
  File "/home/airflow/.local/lib/python3.7/site-packages/sqlalchemy/engine/base.py", line 3366, in _wrap_pool_connect
    return fn()
  File "/home/airflow/.local/lib/python3.7/site-packages/sqlalchemy/pool/base.py", line 327, in connect
    return _ConnectionFairy._checkout(self)
  File "/home/airflow/.local/lib/python3.7/site-packages/sqlalchemy/pool/base.py", line 894, in _checkout
    fairy = _ConnectionRecord.checkout(pool)
  File "/home/airflow/.local/lib/python3.7/site-packages/sqlalchemy/pool/base.py", line 493, in checkout
    rec = pool._do_get()
  File "/home/airflow/.local/lib/python3.7/site-packages/sqlalchemy/pool/impl.py", line 146, in _do_get
    self._dec_overflow()
  File "/home/airflow/.local/lib/python3.7/site-packages/sqlalchemy/util/langhelpers.py", line 72, in __exit__
    with_traceback=exc_tb,
  File "/home/airflow/.local/lib/python3.7/site-packages/sqlalchemy/util/compat.py", line 211, in raise_
    raise exception
  File "/home/airflow/.local/lib/python3.7/site-packages/sqlalchemy/pool/impl.py", line 143, in _do_get
    return self._create_connection()
  File "/home/airflow/.local/lib/python3.7/site-packages/sqlalchemy/pool/base.py", line 273, in _create_connection
    return _ConnectionRecord(self)
  File "/home/airflow/.local/lib/python3.7/site-packages/sqlalchemy/pool/base.py", line 388, in __init__
    self.__connect()
  File "/home/airflow/.local/lib/python3.7/site-packages/sqlalchemy/pool/base.py", line 691, in __connect
    pool.logger.debug("Error on connect(): %s", e)
  File "/home/airflow/.local/lib/python3.7/site-packages/sqlalchemy/util/langhelpers.py", line 72, in __exit__
    with_traceback=exc_tb,
  File "/home/airflow/.local/lib/python3.7/site-packages/sqlalchemy/util/compat.py", line 211, in raise_
    raise exception
  File "/home/airflow/.local/lib/python3.7/site-packages/sqlalchemy/pool/base.py", line 686, in __connect
    self.dbapi_connection = connection = pool._invoke_creator(self)
  File "/home/airflow/.local/lib/python3.7/site-packages/sqlalchemy/engine/create.py", line 574, in connect
    return dialect.connect(*cargs, **cparams)
  File "/home/airflow/.local/lib/python3.7/site-packages/sqlalchemy/engine/default.py", line 598, in connect
    return self.dbapi.connect(*cargs, **cparams)
  File "/home/airflow/.local/lib/python3.7/site-packages/psycopg2/__init__.py", line 122, in connect
    conn = _connect(dsn, connection_factory=connection_factory, **kwasync)
sqlalchemy.exc.OperationalError: (psycopg2.OperationalError) connection to server at "postgres" (172.22.0.7), port 5432 failed: FATAL:  password authentication failed for user "airflow"

(Background on this error at: https://sqlalche.me/e/14/e3q8)
[2025-10-09T08:25:42.313+0000] {processor.py:157} INFO - Started process (PID=15446) to work on /opt/airflow/dags/my_demo_dag.py
[2025-10-09T08:25:42.314+0000] {processor.py:826} INFO - Processing file /opt/airflow/dags/my_demo_dag.py for tasks to queue
[2025-10-09T08:25:42.315+0000] {logging_mixin.py:149} INFO - [2025-10-09T08:25:42.315+0000] {dagbag.py:541} INFO - Filling up the DagBag from /opt/airflow/dags/my_demo_dag.py
[2025-10-09T08:25:42.331+0000] {processor.py:836} INFO - DAG(s) dict_keys(['my_first_dag_2']) retrieved from /opt/airflow/dags/my_demo_dag.py
[2025-10-09T08:25:42.515+0000] {logging_mixin.py:149} INFO - [2025-10-09T08:25:42.515+0000] {dag.py:2726} INFO - Sync 1 DAGs
[2025-10-09T08:25:42.544+0000] {logging_mixin.py:149} INFO - [2025-10-09T08:25:42.543+0000] {dag.py:3490} INFO - Setting next_dagrun for my_first_dag_2 to 2024-01-22T00:00:00+00:00, run_after=2024-01-23T00:00:00+00:00
[2025-10-09T08:25:42.566+0000] {processor.py:179} INFO - Processing /opt/airflow/dags/my_demo_dag.py took 0.256 seconds
[2025-10-09T08:26:12.621+0000] {processor.py:157} INFO - Started process (PID=15753) to work on /opt/airflow/dags/my_demo_dag.py
[2025-10-09T08:26:12.622+0000] {processor.py:826} INFO - Processing file /opt/airflow/dags/my_demo_dag.py for tasks to queue
[2025-10-09T08:26:12.624+0000] {logging_mixin.py:149} INFO - [2025-10-09T08:26:12.624+0000] {dagbag.py:541} INFO - Filling up the DagBag from /opt/airflow/dags/my_demo_dag.py
[2025-10-09T08:26:12.638+0000] {processor.py:836} INFO - DAG(s) dict_keys(['my_first_dag_2']) retrieved from /opt/airflow/dags/my_demo_dag.py
[2025-10-09T08:26:12.665+0000] {logging_mixin.py:149} INFO - [2025-10-09T08:26:12.664+0000] {dag.py:2726} INFO - Sync 1 DAGs
[2025-10-09T08:26:12.698+0000] {logging_mixin.py:149} INFO - [2025-10-09T08:26:12.697+0000] {dag.py:3490} INFO - Setting next_dagrun for my_first_dag_2 to 2024-01-22T00:00:00+00:00, run_after=2024-01-23T00:00:00+00:00
[2025-10-09T08:26:12.724+0000] {processor.py:179} INFO - Processing /opt/airflow/dags/my_demo_dag.py took 0.108 seconds
[2025-10-09T08:26:43.828+0000] {processor.py:157} INFO - Started process (PID=16017) to work on /opt/airflow/dags/my_demo_dag.py
[2025-10-09T08:26:43.829+0000] {processor.py:826} INFO - Processing file /opt/airflow/dags/my_demo_dag.py for tasks to queue
[2025-10-09T08:26:43.830+0000] {logging_mixin.py:149} INFO - [2025-10-09T08:26:43.830+0000] {dagbag.py:541} INFO - Filling up the DagBag from /opt/airflow/dags/my_demo_dag.py
[2025-10-09T08:26:43.841+0000] {processor.py:836} INFO - DAG(s) dict_keys(['my_first_dag_2']) retrieved from /opt/airflow/dags/my_demo_dag.py
[2025-10-09T08:26:43.868+0000] {logging_mixin.py:149} INFO - [2025-10-09T08:26:43.868+0000] {dag.py:2726} INFO - Sync 1 DAGs
[2025-10-09T08:26:43.896+0000] {logging_mixin.py:149} INFO - [2025-10-09T08:26:43.896+0000] {dag.py:3490} INFO - Setting next_dagrun for my_first_dag_2 to 2024-01-22T00:00:00+00:00, run_after=2024-01-23T00:00:00+00:00
[2025-10-09T08:26:43.917+0000] {processor.py:179} INFO - Processing /opt/airflow/dags/my_demo_dag.py took 0.093 seconds
[2025-10-09T08:27:14.004+0000] {processor.py:157} INFO - Started process (PID=16325) to work on /opt/airflow/dags/my_demo_dag.py
[2025-10-09T08:27:14.005+0000] {processor.py:826} INFO - Processing file /opt/airflow/dags/my_demo_dag.py for tasks to queue
[2025-10-09T08:27:14.006+0000] {logging_mixin.py:149} INFO - [2025-10-09T08:27:14.006+0000] {dagbag.py:541} INFO - Filling up the DagBag from /opt/airflow/dags/my_demo_dag.py
[2025-10-09T08:27:14.019+0000] {processor.py:836} INFO - DAG(s) dict_keys(['my_first_dag_2']) retrieved from /opt/airflow/dags/my_demo_dag.py
[2025-10-09T08:27:15.137+0000] {logging_mixin.py:149} INFO - [2025-10-09T08:27:15.136+0000] {dag.py:2726} INFO - Sync 1 DAGs
[2025-10-09T08:27:15.168+0000] {logging_mixin.py:149} INFO - [2025-10-09T08:27:15.168+0000] {dag.py:3490} INFO - Setting next_dagrun for my_first_dag_2 to 2024-01-22T00:00:00+00:00, run_after=2024-01-23T00:00:00+00:00
[2025-10-09T08:27:15.188+0000] {processor.py:179} INFO - Processing /opt/airflow/dags/my_demo_dag.py took 1.187 seconds
[2025-10-09T08:27:45.827+0000] {processor.py:157} INFO - Started process (PID=16647) to work on /opt/airflow/dags/my_demo_dag.py
[2025-10-09T08:27:45.828+0000] {processor.py:826} INFO - Processing file /opt/airflow/dags/my_demo_dag.py for tasks to queue
[2025-10-09T08:27:45.829+0000] {logging_mixin.py:149} INFO - [2025-10-09T08:27:45.829+0000] {dagbag.py:541} INFO - Filling up the DagBag from /opt/airflow/dags/my_demo_dag.py
[2025-10-09T08:27:45.856+0000] {processor.py:836} INFO - DAG(s) dict_keys(['my_first_dag_2']) retrieved from /opt/airflow/dags/my_demo_dag.py
[2025-10-09T08:27:46.012+0000] {logging_mixin.py:149} INFO - [2025-10-09T08:27:46.012+0000] {dag.py:2726} INFO - Sync 1 DAGs
[2025-10-09T08:27:46.048+0000] {logging_mixin.py:149} INFO - [2025-10-09T08:27:46.048+0000] {dag.py:3490} INFO - Setting next_dagrun for my_first_dag_2 to 2024-01-22T00:00:00+00:00, run_after=2024-01-23T00:00:00+00:00
[2025-10-09T08:27:46.072+0000] {processor.py:179} INFO - Processing /opt/airflow/dags/my_demo_dag.py took 0.250 seconds
[2025-10-09T08:28:16.439+0000] {processor.py:157} INFO - Started process (PID=16952) to work on /opt/airflow/dags/my_demo_dag.py
[2025-10-09T08:28:16.440+0000] {processor.py:826} INFO - Processing file /opt/airflow/dags/my_demo_dag.py for tasks to queue
[2025-10-09T08:28:16.441+0000] {logging_mixin.py:149} INFO - [2025-10-09T08:28:16.441+0000] {dagbag.py:541} INFO - Filling up the DagBag from /opt/airflow/dags/my_demo_dag.py
[2025-10-09T08:28:16.452+0000] {processor.py:836} INFO - DAG(s) dict_keys(['my_first_dag_2']) retrieved from /opt/airflow/dags/my_demo_dag.py
[2025-10-09T08:28:16.943+0000] {logging_mixin.py:149} INFO - [2025-10-09T08:28:16.943+0000] {dag.py:2726} INFO - Sync 1 DAGs
[2025-10-09T08:28:16.972+0000] {logging_mixin.py:149} INFO - [2025-10-09T08:28:16.972+0000] {dag.py:3490} INFO - Setting next_dagrun for my_first_dag_2 to 2024-01-22T00:00:00+00:00, run_after=2024-01-23T00:00:00+00:00
[2025-10-09T08:28:16.992+0000] {processor.py:179} INFO - Processing /opt/airflow/dags/my_demo_dag.py took 0.556 seconds
[2025-10-09T08:28:47.623+0000] {processor.py:157} INFO - Started process (PID=17248) to work on /opt/airflow/dags/my_demo_dag.py
[2025-10-09T08:28:47.625+0000] {processor.py:826} INFO - Processing file /opt/airflow/dags/my_demo_dag.py for tasks to queue
[2025-10-09T08:28:47.626+0000] {logging_mixin.py:149} INFO - [2025-10-09T08:28:47.625+0000] {dagbag.py:541} INFO - Filling up the DagBag from /opt/airflow/dags/my_demo_dag.py
[2025-10-09T08:28:47.637+0000] {processor.py:836} INFO - DAG(s) dict_keys(['my_first_dag_2']) retrieved from /opt/airflow/dags/my_demo_dag.py
[2025-10-09T08:28:47.663+0000] {logging_mixin.py:149} INFO - [2025-10-09T08:28:47.663+0000] {dag.py:2726} INFO - Sync 1 DAGs
[2025-10-09T08:28:47.693+0000] {logging_mixin.py:149} INFO - [2025-10-09T08:28:47.693+0000] {dag.py:3490} INFO - Setting next_dagrun for my_first_dag_2 to 2024-01-22T00:00:00+00:00, run_after=2024-01-23T00:00:00+00:00
[2025-10-09T08:28:47.716+0000] {processor.py:179} INFO - Processing /opt/airflow/dags/my_demo_dag.py took 0.097 seconds
[2025-10-09T08:29:17.768+0000] {processor.py:157} INFO - Started process (PID=17543) to work on /opt/airflow/dags/my_demo_dag.py
[2025-10-09T08:29:17.769+0000] {processor.py:826} INFO - Processing file /opt/airflow/dags/my_demo_dag.py for tasks to queue
[2025-10-09T08:29:17.770+0000] {logging_mixin.py:149} INFO - [2025-10-09T08:29:17.770+0000] {dagbag.py:541} INFO - Filling up the DagBag from /opt/airflow/dags/my_demo_dag.py
[2025-10-09T08:29:17.781+0000] {processor.py:836} INFO - DAG(s) dict_keys(['my_first_dag_2']) retrieved from /opt/airflow/dags/my_demo_dag.py
[2025-10-09T08:29:17.972+0000] {logging_mixin.py:149} INFO - [2025-10-09T08:29:17.972+0000] {dag.py:2726} INFO - Sync 1 DAGs
[2025-10-09T08:29:18.004+0000] {logging_mixin.py:149} INFO - [2025-10-09T08:29:18.004+0000] {dag.py:3490} INFO - Setting next_dagrun for my_first_dag_2 to 2024-01-22T00:00:00+00:00, run_after=2024-01-23T00:00:00+00:00
[2025-10-09T08:29:18.026+0000] {processor.py:179} INFO - Processing /opt/airflow/dags/my_demo_dag.py took 0.261 seconds
[2025-10-09T08:29:48.961+0000] {processor.py:157} INFO - Started process (PID=17845) to work on /opt/airflow/dags/my_demo_dag.py
[2025-10-09T08:29:48.962+0000] {processor.py:826} INFO - Processing file /opt/airflow/dags/my_demo_dag.py for tasks to queue
[2025-10-09T08:29:48.963+0000] {logging_mixin.py:149} INFO - [2025-10-09T08:29:48.963+0000] {dagbag.py:541} INFO - Filling up the DagBag from /opt/airflow/dags/my_demo_dag.py
[2025-10-09T08:29:48.974+0000] {processor.py:836} INFO - DAG(s) dict_keys(['my_first_dag_2']) retrieved from /opt/airflow/dags/my_demo_dag.py
[2025-10-09T08:29:49.000+0000] {logging_mixin.py:149} INFO - [2025-10-09T08:29:49.000+0000] {dag.py:2726} INFO - Sync 1 DAGs
[2025-10-09T08:29:49.031+0000] {logging_mixin.py:149} INFO - [2025-10-09T08:29:49.030+0000] {dag.py:3490} INFO - Setting next_dagrun for my_first_dag_2 to 2024-01-22T00:00:00+00:00, run_after=2024-01-23T00:00:00+00:00
[2025-10-09T08:29:49.050+0000] {processor.py:179} INFO - Processing /opt/airflow/dags/my_demo_dag.py took 0.092 seconds
