[2025-07-09T02:44:00.653+0000] {processor.py:157} INFO - Started process (PID=7727) to work on /home/airflow/.local/lib/python3.7/site-packages/airflow/example_dags/example_trigger_controller_dag.py
[2025-07-09T02:44:00.655+0000] {processor.py:826} INFO - Processing file /home/airflow/.local/lib/python3.7/site-packages/airflow/example_dags/example_trigger_controller_dag.py for tasks to queue
[2025-07-09T02:44:00.656+0000] {logging_mixin.py:149} INFO - [2025-07-09T02:44:00.656+0000] {dagbag.py:541} INFO - Filling up the DagBag from /home/airflow/.local/lib/python3.7/site-packages/airflow/example_dags/example_trigger_controller_dag.py
[2025-07-09T02:44:00.662+0000] {processor.py:836} INFO - DAG(s) dict_keys(['example_trigger_controller_dag']) retrieved from /home/airflow/.local/lib/python3.7/site-packages/airflow/example_dags/example_trigger_controller_dag.py
[2025-07-09T02:44:00.698+0000] {logging_mixin.py:149} INFO - [2025-07-09T02:44:00.698+0000] {dag.py:2726} INFO - Sync 1 DAGs
[2025-07-09T02:44:00.728+0000] {logging_mixin.py:149} INFO - [2025-07-09T02:44:00.728+0000] {dag.py:3490} INFO - Setting next_dagrun for example_trigger_controller_dag to 2021-01-01T00:00:00+00:00, run_after=2021-01-01T00:00:00+00:00
[2025-07-09T02:44:00.753+0000] {processor.py:179} INFO - Processing /home/airflow/.local/lib/python3.7/site-packages/airflow/example_dags/example_trigger_controller_dag.py took 0.104 seconds
[2025-07-09T02:44:31.624+0000] {processor.py:157} INFO - Started process (PID=7972) to work on /home/airflow/.local/lib/python3.7/site-packages/airflow/example_dags/example_trigger_controller_dag.py
[2025-07-09T02:44:31.625+0000] {processor.py:826} INFO - Processing file /home/airflow/.local/lib/python3.7/site-packages/airflow/example_dags/example_trigger_controller_dag.py for tasks to queue
[2025-07-09T02:44:31.627+0000] {logging_mixin.py:149} INFO - [2025-07-09T02:44:31.626+0000] {dagbag.py:541} INFO - Filling up the DagBag from /home/airflow/.local/lib/python3.7/site-packages/airflow/example_dags/example_trigger_controller_dag.py
[2025-07-09T02:44:31.631+0000] {processor.py:836} INFO - DAG(s) dict_keys(['example_trigger_controller_dag']) retrieved from /home/airflow/.local/lib/python3.7/site-packages/airflow/example_dags/example_trigger_controller_dag.py
[2025-07-09T02:44:31.661+0000] {logging_mixin.py:149} INFO - [2025-07-09T02:44:31.661+0000] {dag.py:2726} INFO - Sync 1 DAGs
[2025-07-09T02:44:31.686+0000] {logging_mixin.py:149} INFO - [2025-07-09T02:44:31.686+0000] {dag.py:3490} INFO - Setting next_dagrun for example_trigger_controller_dag to 2021-01-01T00:00:00+00:00, run_after=2021-01-01T00:00:00+00:00
[2025-07-09T02:44:31.708+0000] {processor.py:179} INFO - Processing /home/airflow/.local/lib/python3.7/site-packages/airflow/example_dags/example_trigger_controller_dag.py took 0.087 seconds
[2025-07-09T02:45:02.163+0000] {processor.py:157} INFO - Started process (PID=8216) to work on /home/airflow/.local/lib/python3.7/site-packages/airflow/example_dags/example_trigger_controller_dag.py
[2025-07-09T02:45:02.165+0000] {processor.py:826} INFO - Processing file /home/airflow/.local/lib/python3.7/site-packages/airflow/example_dags/example_trigger_controller_dag.py for tasks to queue
[2025-07-09T02:45:02.166+0000] {logging_mixin.py:149} INFO - [2025-07-09T02:45:02.166+0000] {dagbag.py:541} INFO - Filling up the DagBag from /home/airflow/.local/lib/python3.7/site-packages/airflow/example_dags/example_trigger_controller_dag.py
[2025-07-09T02:45:02.172+0000] {processor.py:836} INFO - DAG(s) dict_keys(['example_trigger_controller_dag']) retrieved from /home/airflow/.local/lib/python3.7/site-packages/airflow/example_dags/example_trigger_controller_dag.py
[2025-07-09T02:45:02.231+0000] {logging_mixin.py:149} INFO - [2025-07-09T02:45:02.230+0000] {dag.py:2726} INFO - Sync 1 DAGs
[2025-07-09T02:45:02.279+0000] {logging_mixin.py:149} INFO - [2025-07-09T02:45:02.279+0000] {dag.py:3490} INFO - Setting next_dagrun for example_trigger_controller_dag to 2021-01-01T00:00:00+00:00, run_after=2021-01-01T00:00:00+00:00
[2025-07-09T02:45:02.320+0000] {processor.py:179} INFO - Processing /home/airflow/.local/lib/python3.7/site-packages/airflow/example_dags/example_trigger_controller_dag.py took 0.163 seconds
[2025-07-09T02:45:33.184+0000] {processor.py:157} INFO - Started process (PID=8461) to work on /home/airflow/.local/lib/python3.7/site-packages/airflow/example_dags/example_trigger_controller_dag.py
[2025-07-09T02:45:33.185+0000] {processor.py:826} INFO - Processing file /home/airflow/.local/lib/python3.7/site-packages/airflow/example_dags/example_trigger_controller_dag.py for tasks to queue
[2025-07-09T02:45:33.186+0000] {logging_mixin.py:149} INFO - [2025-07-09T02:45:33.186+0000] {dagbag.py:541} INFO - Filling up the DagBag from /home/airflow/.local/lib/python3.7/site-packages/airflow/example_dags/example_trigger_controller_dag.py
[2025-07-09T02:45:33.191+0000] {processor.py:836} INFO - DAG(s) dict_keys(['example_trigger_controller_dag']) retrieved from /home/airflow/.local/lib/python3.7/site-packages/airflow/example_dags/example_trigger_controller_dag.py
[2025-07-09T02:45:33.220+0000] {logging_mixin.py:149} INFO - [2025-07-09T02:45:33.220+0000] {dag.py:2726} INFO - Sync 1 DAGs
[2025-07-09T02:45:33.247+0000] {logging_mixin.py:149} INFO - [2025-07-09T02:45:33.247+0000] {dag.py:3490} INFO - Setting next_dagrun for example_trigger_controller_dag to 2021-01-01T00:00:00+00:00, run_after=2021-01-01T00:00:00+00:00
[2025-07-09T02:45:33.269+0000] {processor.py:179} INFO - Processing /home/airflow/.local/lib/python3.7/site-packages/airflow/example_dags/example_trigger_controller_dag.py took 0.088 seconds
[2025-07-09T02:46:04.106+0000] {processor.py:157} INFO - Started process (PID=8706) to work on /home/airflow/.local/lib/python3.7/site-packages/airflow/example_dags/example_trigger_controller_dag.py
[2025-07-09T02:46:04.107+0000] {processor.py:826} INFO - Processing file /home/airflow/.local/lib/python3.7/site-packages/airflow/example_dags/example_trigger_controller_dag.py for tasks to queue
[2025-07-09T02:46:04.108+0000] {logging_mixin.py:149} INFO - [2025-07-09T02:46:04.108+0000] {dagbag.py:541} INFO - Filling up the DagBag from /home/airflow/.local/lib/python3.7/site-packages/airflow/example_dags/example_trigger_controller_dag.py
[2025-07-09T02:46:04.113+0000] {processor.py:836} INFO - DAG(s) dict_keys(['example_trigger_controller_dag']) retrieved from /home/airflow/.local/lib/python3.7/site-packages/airflow/example_dags/example_trigger_controller_dag.py
[2025-07-09T02:46:04.146+0000] {logging_mixin.py:149} INFO - [2025-07-09T02:46:04.146+0000] {dag.py:2726} INFO - Sync 1 DAGs
[2025-07-09T02:46:04.175+0000] {logging_mixin.py:149} INFO - [2025-07-09T02:46:04.175+0000] {dag.py:3490} INFO - Setting next_dagrun for example_trigger_controller_dag to 2021-01-01T00:00:00+00:00, run_after=2021-01-01T00:00:00+00:00
[2025-07-09T02:46:04.198+0000] {processor.py:179} INFO - Processing /home/airflow/.local/lib/python3.7/site-packages/airflow/example_dags/example_trigger_controller_dag.py took 0.096 seconds
[2025-07-09T02:46:34.787+0000] {processor.py:157} INFO - Started process (PID=8951) to work on /home/airflow/.local/lib/python3.7/site-packages/airflow/example_dags/example_trigger_controller_dag.py
[2025-07-09T02:46:34.788+0000] {processor.py:826} INFO - Processing file /home/airflow/.local/lib/python3.7/site-packages/airflow/example_dags/example_trigger_controller_dag.py for tasks to queue
[2025-07-09T02:46:34.789+0000] {logging_mixin.py:149} INFO - [2025-07-09T02:46:34.789+0000] {dagbag.py:541} INFO - Filling up the DagBag from /home/airflow/.local/lib/python3.7/site-packages/airflow/example_dags/example_trigger_controller_dag.py
[2025-07-09T02:46:34.793+0000] {processor.py:836} INFO - DAG(s) dict_keys(['example_trigger_controller_dag']) retrieved from /home/airflow/.local/lib/python3.7/site-packages/airflow/example_dags/example_trigger_controller_dag.py
[2025-07-09T02:46:34.821+0000] {logging_mixin.py:149} INFO - [2025-07-09T02:46:34.821+0000] {dag.py:2726} INFO - Sync 1 DAGs
[2025-07-09T02:46:34.846+0000] {logging_mixin.py:149} INFO - [2025-07-09T02:46:34.846+0000] {dag.py:3490} INFO - Setting next_dagrun for example_trigger_controller_dag to 2021-01-01T00:00:00+00:00, run_after=2021-01-01T00:00:00+00:00
[2025-07-09T02:46:34.868+0000] {processor.py:179} INFO - Processing /home/airflow/.local/lib/python3.7/site-packages/airflow/example_dags/example_trigger_controller_dag.py took 0.085 seconds
[2025-07-09T02:47:05.306+0000] {processor.py:157} INFO - Started process (PID=9196) to work on /home/airflow/.local/lib/python3.7/site-packages/airflow/example_dags/example_trigger_controller_dag.py
[2025-07-09T02:47:05.307+0000] {processor.py:826} INFO - Processing file /home/airflow/.local/lib/python3.7/site-packages/airflow/example_dags/example_trigger_controller_dag.py for tasks to queue
[2025-07-09T02:47:05.308+0000] {logging_mixin.py:149} INFO - [2025-07-09T02:47:05.308+0000] {dagbag.py:541} INFO - Filling up the DagBag from /home/airflow/.local/lib/python3.7/site-packages/airflow/example_dags/example_trigger_controller_dag.py
[2025-07-09T02:47:05.312+0000] {processor.py:836} INFO - DAG(s) dict_keys(['example_trigger_controller_dag']) retrieved from /home/airflow/.local/lib/python3.7/site-packages/airflow/example_dags/example_trigger_controller_dag.py
[2025-07-09T02:47:05.339+0000] {logging_mixin.py:149} INFO - [2025-07-09T02:47:05.339+0000] {dag.py:2726} INFO - Sync 1 DAGs
[2025-07-09T02:47:05.365+0000] {logging_mixin.py:149} INFO - [2025-07-09T02:47:05.365+0000] {dag.py:3490} INFO - Setting next_dagrun for example_trigger_controller_dag to 2021-01-01T00:00:00+00:00, run_after=2021-01-01T00:00:00+00:00
[2025-07-09T02:47:05.384+0000] {processor.py:179} INFO - Processing /home/airflow/.local/lib/python3.7/site-packages/airflow/example_dags/example_trigger_controller_dag.py took 0.082 seconds
[2025-07-09T02:47:35.732+0000] {processor.py:157} INFO - Started process (PID=9441) to work on /home/airflow/.local/lib/python3.7/site-packages/airflow/example_dags/example_trigger_controller_dag.py
[2025-07-09T02:47:35.733+0000] {processor.py:826} INFO - Processing file /home/airflow/.local/lib/python3.7/site-packages/airflow/example_dags/example_trigger_controller_dag.py for tasks to queue
[2025-07-09T02:47:35.734+0000] {logging_mixin.py:149} INFO - [2025-07-09T02:47:35.734+0000] {dagbag.py:541} INFO - Filling up the DagBag from /home/airflow/.local/lib/python3.7/site-packages/airflow/example_dags/example_trigger_controller_dag.py
[2025-07-09T02:47:35.738+0000] {processor.py:836} INFO - DAG(s) dict_keys(['example_trigger_controller_dag']) retrieved from /home/airflow/.local/lib/python3.7/site-packages/airflow/example_dags/example_trigger_controller_dag.py
[2025-07-09T02:47:35.765+0000] {logging_mixin.py:149} INFO - [2025-07-09T02:47:35.765+0000] {dag.py:2726} INFO - Sync 1 DAGs
[2025-07-09T02:47:35.789+0000] {logging_mixin.py:149} INFO - [2025-07-09T02:47:35.789+0000] {dag.py:3490} INFO - Setting next_dagrun for example_trigger_controller_dag to 2021-01-01T00:00:00+00:00, run_after=2021-01-01T00:00:00+00:00
[2025-07-09T02:47:35.809+0000] {processor.py:179} INFO - Processing /home/airflow/.local/lib/python3.7/site-packages/airflow/example_dags/example_trigger_controller_dag.py took 0.083 seconds
[2025-07-09T02:48:06.793+0000] {processor.py:157} INFO - Started process (PID=9673) to work on /home/airflow/.local/lib/python3.7/site-packages/airflow/example_dags/example_trigger_controller_dag.py
[2025-07-09T02:48:06.794+0000] {processor.py:826} INFO - Processing file /home/airflow/.local/lib/python3.7/site-packages/airflow/example_dags/example_trigger_controller_dag.py for tasks to queue
[2025-07-09T02:48:06.795+0000] {logging_mixin.py:149} INFO - [2025-07-09T02:48:06.795+0000] {dagbag.py:541} INFO - Filling up the DagBag from /home/airflow/.local/lib/python3.7/site-packages/airflow/example_dags/example_trigger_controller_dag.py
[2025-07-09T02:48:06.799+0000] {processor.py:836} INFO - DAG(s) dict_keys(['example_trigger_controller_dag']) retrieved from /home/airflow/.local/lib/python3.7/site-packages/airflow/example_dags/example_trigger_controller_dag.py
[2025-07-09T02:48:06.826+0000] {logging_mixin.py:149} INFO - [2025-07-09T02:48:06.826+0000] {dag.py:2726} INFO - Sync 1 DAGs
[2025-07-09T02:48:06.853+0000] {logging_mixin.py:149} INFO - [2025-07-09T02:48:06.852+0000] {dag.py:3490} INFO - Setting next_dagrun for example_trigger_controller_dag to 2021-01-01T00:00:00+00:00, run_after=2021-01-01T00:00:00+00:00
[2025-07-09T02:48:06.889+0000] {processor.py:179} INFO - Processing /home/airflow/.local/lib/python3.7/site-packages/airflow/example_dags/example_trigger_controller_dag.py took 0.099 seconds
[2025-07-09T02:48:37.279+0000] {processor.py:157} INFO - Started process (PID=9918) to work on /home/airflow/.local/lib/python3.7/site-packages/airflow/example_dags/example_trigger_controller_dag.py
[2025-07-09T02:48:37.280+0000] {processor.py:826} INFO - Processing file /home/airflow/.local/lib/python3.7/site-packages/airflow/example_dags/example_trigger_controller_dag.py for tasks to queue
[2025-07-09T02:48:37.281+0000] {logging_mixin.py:149} INFO - [2025-07-09T02:48:37.281+0000] {dagbag.py:541} INFO - Filling up the DagBag from /home/airflow/.local/lib/python3.7/site-packages/airflow/example_dags/example_trigger_controller_dag.py
[2025-07-09T02:48:37.285+0000] {processor.py:836} INFO - DAG(s) dict_keys(['example_trigger_controller_dag']) retrieved from /home/airflow/.local/lib/python3.7/site-packages/airflow/example_dags/example_trigger_controller_dag.py
[2025-07-09T02:48:37.311+0000] {logging_mixin.py:149} INFO - [2025-07-09T02:48:37.311+0000] {dag.py:2726} INFO - Sync 1 DAGs
[2025-07-09T02:48:37.335+0000] {logging_mixin.py:149} INFO - [2025-07-09T02:48:37.335+0000] {dag.py:3490} INFO - Setting next_dagrun for example_trigger_controller_dag to 2021-01-01T00:00:00+00:00, run_after=2021-01-01T00:00:00+00:00
[2025-07-09T02:48:37.355+0000] {processor.py:179} INFO - Processing /home/airflow/.local/lib/python3.7/site-packages/airflow/example_dags/example_trigger_controller_dag.py took 0.080 seconds
[2025-07-09T02:49:07.687+0000] {processor.py:157} INFO - Started process (PID=10163) to work on /home/airflow/.local/lib/python3.7/site-packages/airflow/example_dags/example_trigger_controller_dag.py
[2025-07-09T02:49:07.689+0000] {processor.py:826} INFO - Processing file /home/airflow/.local/lib/python3.7/site-packages/airflow/example_dags/example_trigger_controller_dag.py for tasks to queue
[2025-07-09T02:49:07.690+0000] {logging_mixin.py:149} INFO - [2025-07-09T02:49:07.690+0000] {dagbag.py:541} INFO - Filling up the DagBag from /home/airflow/.local/lib/python3.7/site-packages/airflow/example_dags/example_trigger_controller_dag.py
[2025-07-09T02:49:07.694+0000] {processor.py:836} INFO - DAG(s) dict_keys(['example_trigger_controller_dag']) retrieved from /home/airflow/.local/lib/python3.7/site-packages/airflow/example_dags/example_trigger_controller_dag.py
[2025-07-09T02:49:07.723+0000] {logging_mixin.py:149} INFO - [2025-07-09T02:49:07.723+0000] {dag.py:2726} INFO - Sync 1 DAGs
[2025-07-09T02:49:07.748+0000] {logging_mixin.py:149} INFO - [2025-07-09T02:49:07.748+0000] {dag.py:3490} INFO - Setting next_dagrun for example_trigger_controller_dag to 2021-01-01T00:00:00+00:00, run_after=2021-01-01T00:00:00+00:00
[2025-07-09T02:49:07.771+0000] {processor.py:179} INFO - Processing /home/airflow/.local/lib/python3.7/site-packages/airflow/example_dags/example_trigger_controller_dag.py took 0.089 seconds
[2025-07-09T02:49:38.435+0000] {processor.py:157} INFO - Started process (PID=10408) to work on /home/airflow/.local/lib/python3.7/site-packages/airflow/example_dags/example_trigger_controller_dag.py
[2025-07-09T02:49:38.436+0000] {processor.py:826} INFO - Processing file /home/airflow/.local/lib/python3.7/site-packages/airflow/example_dags/example_trigger_controller_dag.py for tasks to queue
[2025-07-09T02:49:38.437+0000] {logging_mixin.py:149} INFO - [2025-07-09T02:49:38.437+0000] {dagbag.py:541} INFO - Filling up the DagBag from /home/airflow/.local/lib/python3.7/site-packages/airflow/example_dags/example_trigger_controller_dag.py
[2025-07-09T02:49:38.441+0000] {processor.py:836} INFO - DAG(s) dict_keys(['example_trigger_controller_dag']) retrieved from /home/airflow/.local/lib/python3.7/site-packages/airflow/example_dags/example_trigger_controller_dag.py
[2025-07-09T02:49:38.473+0000] {logging_mixin.py:149} INFO - [2025-07-09T02:49:38.473+0000] {dag.py:2726} INFO - Sync 1 DAGs
[2025-07-09T02:49:38.501+0000] {logging_mixin.py:149} INFO - [2025-07-09T02:49:38.501+0000] {dag.py:3490} INFO - Setting next_dagrun for example_trigger_controller_dag to 2021-01-01T00:00:00+00:00, run_after=2021-01-01T00:00:00+00:00
[2025-07-09T02:49:38.521+0000] {processor.py:179} INFO - Processing /home/airflow/.local/lib/python3.7/site-packages/airflow/example_dags/example_trigger_controller_dag.py took 0.090 seconds
[2025-07-09T02:50:09.225+0000] {processor.py:157} INFO - Started process (PID=10653) to work on /home/airflow/.local/lib/python3.7/site-packages/airflow/example_dags/example_trigger_controller_dag.py
[2025-07-09T02:50:09.226+0000] {processor.py:826} INFO - Processing file /home/airflow/.local/lib/python3.7/site-packages/airflow/example_dags/example_trigger_controller_dag.py for tasks to queue
[2025-07-09T02:50:09.227+0000] {logging_mixin.py:149} INFO - [2025-07-09T02:50:09.227+0000] {dagbag.py:541} INFO - Filling up the DagBag from /home/airflow/.local/lib/python3.7/site-packages/airflow/example_dags/example_trigger_controller_dag.py
[2025-07-09T02:50:09.232+0000] {processor.py:836} INFO - DAG(s) dict_keys(['example_trigger_controller_dag']) retrieved from /home/airflow/.local/lib/python3.7/site-packages/airflow/example_dags/example_trigger_controller_dag.py
[2025-07-09T02:50:09.264+0000] {logging_mixin.py:149} INFO - [2025-07-09T02:50:09.263+0000] {dag.py:2726} INFO - Sync 1 DAGs
[2025-07-09T02:50:09.291+0000] {logging_mixin.py:149} INFO - [2025-07-09T02:50:09.290+0000] {dag.py:3490} INFO - Setting next_dagrun for example_trigger_controller_dag to 2021-01-01T00:00:00+00:00, run_after=2021-01-01T00:00:00+00:00
[2025-07-09T02:50:09.312+0000] {processor.py:179} INFO - Processing /home/airflow/.local/lib/python3.7/site-packages/airflow/example_dags/example_trigger_controller_dag.py took 0.091 seconds
[2025-07-09T02:50:39.635+0000] {processor.py:157} INFO - Started process (PID=10898) to work on /home/airflow/.local/lib/python3.7/site-packages/airflow/example_dags/example_trigger_controller_dag.py
[2025-07-09T02:50:39.664+0000] {processor.py:826} INFO - Processing file /home/airflow/.local/lib/python3.7/site-packages/airflow/example_dags/example_trigger_controller_dag.py for tasks to queue
[2025-07-09T02:50:39.666+0000] {logging_mixin.py:149} INFO - [2025-07-09T02:50:39.666+0000] {dagbag.py:541} INFO - Filling up the DagBag from /home/airflow/.local/lib/python3.7/site-packages/airflow/example_dags/example_trigger_controller_dag.py
[2025-07-09T02:50:39.673+0000] {processor.py:836} INFO - DAG(s) dict_keys(['example_trigger_controller_dag']) retrieved from /home/airflow/.local/lib/python3.7/site-packages/airflow/example_dags/example_trigger_controller_dag.py
[2025-07-09T02:50:39.703+0000] {logging_mixin.py:149} INFO - [2025-07-09T02:50:39.703+0000] {dag.py:2726} INFO - Sync 1 DAGs
[2025-07-09T02:50:39.729+0000] {logging_mixin.py:149} INFO - [2025-07-09T02:50:39.729+0000] {dag.py:3490} INFO - Setting next_dagrun for example_trigger_controller_dag to 2021-01-01T00:00:00+00:00, run_after=2021-01-01T00:00:00+00:00
[2025-07-09T02:50:39.750+0000] {processor.py:179} INFO - Processing /home/airflow/.local/lib/python3.7/site-packages/airflow/example_dags/example_trigger_controller_dag.py took 0.120 seconds
[2025-07-09T02:51:09.909+0000] {processor.py:157} INFO - Started process (PID=11143) to work on /home/airflow/.local/lib/python3.7/site-packages/airflow/example_dags/example_trigger_controller_dag.py
[2025-07-09T02:51:09.910+0000] {processor.py:826} INFO - Processing file /home/airflow/.local/lib/python3.7/site-packages/airflow/example_dags/example_trigger_controller_dag.py for tasks to queue
[2025-07-09T02:51:09.911+0000] {logging_mixin.py:149} INFO - [2025-07-09T02:51:09.910+0000] {dagbag.py:541} INFO - Filling up the DagBag from /home/airflow/.local/lib/python3.7/site-packages/airflow/example_dags/example_trigger_controller_dag.py
[2025-07-09T02:51:09.915+0000] {processor.py:836} INFO - DAG(s) dict_keys(['example_trigger_controller_dag']) retrieved from /home/airflow/.local/lib/python3.7/site-packages/airflow/example_dags/example_trigger_controller_dag.py
[2025-07-09T02:51:09.941+0000] {logging_mixin.py:149} INFO - [2025-07-09T02:51:09.941+0000] {dag.py:2726} INFO - Sync 1 DAGs
[2025-07-09T02:51:09.967+0000] {logging_mixin.py:149} INFO - [2025-07-09T02:51:09.966+0000] {dag.py:3490} INFO - Setting next_dagrun for example_trigger_controller_dag to 2021-01-01T00:00:00+00:00, run_after=2021-01-01T00:00:00+00:00
[2025-07-09T02:51:09.987+0000] {processor.py:179} INFO - Processing /home/airflow/.local/lib/python3.7/site-packages/airflow/example_dags/example_trigger_controller_dag.py took 0.082 seconds
[2025-07-09T02:51:40.958+0000] {processor.py:157} INFO - Started process (PID=11388) to work on /home/airflow/.local/lib/python3.7/site-packages/airflow/example_dags/example_trigger_controller_dag.py
[2025-07-09T02:51:40.959+0000] {processor.py:826} INFO - Processing file /home/airflow/.local/lib/python3.7/site-packages/airflow/example_dags/example_trigger_controller_dag.py for tasks to queue
[2025-07-09T02:51:40.960+0000] {logging_mixin.py:149} INFO - [2025-07-09T02:51:40.960+0000] {dagbag.py:541} INFO - Filling up the DagBag from /home/airflow/.local/lib/python3.7/site-packages/airflow/example_dags/example_trigger_controller_dag.py
[2025-07-09T02:51:40.965+0000] {processor.py:836} INFO - DAG(s) dict_keys(['example_trigger_controller_dag']) retrieved from /home/airflow/.local/lib/python3.7/site-packages/airflow/example_dags/example_trigger_controller_dag.py
[2025-07-09T02:51:40.998+0000] {logging_mixin.py:149} INFO - [2025-07-09T02:51:40.998+0000] {dag.py:2726} INFO - Sync 1 DAGs
[2025-07-09T02:51:41.024+0000] {logging_mixin.py:149} INFO - [2025-07-09T02:51:41.023+0000] {dag.py:3490} INFO - Setting next_dagrun for example_trigger_controller_dag to 2021-01-01T00:00:00+00:00, run_after=2021-01-01T00:00:00+00:00
[2025-07-09T02:51:41.044+0000] {processor.py:179} INFO - Processing /home/airflow/.local/lib/python3.7/site-packages/airflow/example_dags/example_trigger_controller_dag.py took 0.090 seconds
[2025-07-09T02:52:11.715+0000] {processor.py:157} INFO - Started process (PID=11632) to work on /home/airflow/.local/lib/python3.7/site-packages/airflow/example_dags/example_trigger_controller_dag.py
[2025-07-09T02:52:11.716+0000] {processor.py:826} INFO - Processing file /home/airflow/.local/lib/python3.7/site-packages/airflow/example_dags/example_trigger_controller_dag.py for tasks to queue
[2025-07-09T02:52:11.717+0000] {logging_mixin.py:149} INFO - [2025-07-09T02:52:11.716+0000] {dagbag.py:541} INFO - Filling up the DagBag from /home/airflow/.local/lib/python3.7/site-packages/airflow/example_dags/example_trigger_controller_dag.py
[2025-07-09T02:52:11.721+0000] {processor.py:836} INFO - DAG(s) dict_keys(['example_trigger_controller_dag']) retrieved from /home/airflow/.local/lib/python3.7/site-packages/airflow/example_dags/example_trigger_controller_dag.py
[2025-07-09T02:52:11.750+0000] {logging_mixin.py:149} INFO - [2025-07-09T02:52:11.750+0000] {dag.py:2726} INFO - Sync 1 DAGs
[2025-07-09T02:52:11.775+0000] {logging_mixin.py:149} INFO - [2025-07-09T02:52:11.775+0000] {dag.py:3490} INFO - Setting next_dagrun for example_trigger_controller_dag to 2021-01-01T00:00:00+00:00, run_after=2021-01-01T00:00:00+00:00
[2025-07-09T02:52:11.796+0000] {processor.py:179} INFO - Processing /home/airflow/.local/lib/python3.7/site-packages/airflow/example_dags/example_trigger_controller_dag.py took 0.085 seconds
[2025-07-09T02:52:42.111+0000] {processor.py:157} INFO - Started process (PID=11877) to work on /home/airflow/.local/lib/python3.7/site-packages/airflow/example_dags/example_trigger_controller_dag.py
[2025-07-09T02:52:42.112+0000] {processor.py:826} INFO - Processing file /home/airflow/.local/lib/python3.7/site-packages/airflow/example_dags/example_trigger_controller_dag.py for tasks to queue
[2025-07-09T02:52:42.113+0000] {logging_mixin.py:149} INFO - [2025-07-09T02:52:42.113+0000] {dagbag.py:541} INFO - Filling up the DagBag from /home/airflow/.local/lib/python3.7/site-packages/airflow/example_dags/example_trigger_controller_dag.py
[2025-07-09T02:52:42.117+0000] {processor.py:836} INFO - DAG(s) dict_keys(['example_trigger_controller_dag']) retrieved from /home/airflow/.local/lib/python3.7/site-packages/airflow/example_dags/example_trigger_controller_dag.py
[2025-07-09T02:52:42.144+0000] {logging_mixin.py:149} INFO - [2025-07-09T02:52:42.144+0000] {dag.py:2726} INFO - Sync 1 DAGs
[2025-07-09T02:52:42.169+0000] {logging_mixin.py:149} INFO - [2025-07-09T02:52:42.169+0000] {dag.py:3490} INFO - Setting next_dagrun for example_trigger_controller_dag to 2021-01-01T00:00:00+00:00, run_after=2021-01-01T00:00:00+00:00
[2025-07-09T02:52:42.189+0000] {processor.py:179} INFO - Processing /home/airflow/.local/lib/python3.7/site-packages/airflow/example_dags/example_trigger_controller_dag.py took 0.082 seconds
[2025-07-09T02:53:12.480+0000] {processor.py:157} INFO - Started process (PID=12122) to work on /home/airflow/.local/lib/python3.7/site-packages/airflow/example_dags/example_trigger_controller_dag.py
[2025-07-09T02:53:12.481+0000] {processor.py:826} INFO - Processing file /home/airflow/.local/lib/python3.7/site-packages/airflow/example_dags/example_trigger_controller_dag.py for tasks to queue
[2025-07-09T02:53:12.482+0000] {logging_mixin.py:149} INFO - [2025-07-09T02:53:12.482+0000] {dagbag.py:541} INFO - Filling up the DagBag from /home/airflow/.local/lib/python3.7/site-packages/airflow/example_dags/example_trigger_controller_dag.py
[2025-07-09T02:53:12.486+0000] {processor.py:836} INFO - DAG(s) dict_keys(['example_trigger_controller_dag']) retrieved from /home/airflow/.local/lib/python3.7/site-packages/airflow/example_dags/example_trigger_controller_dag.py
[2025-07-09T02:53:12.514+0000] {logging_mixin.py:149} INFO - [2025-07-09T02:53:12.514+0000] {dag.py:2726} INFO - Sync 1 DAGs
[2025-07-09T02:53:12.540+0000] {logging_mixin.py:149} INFO - [2025-07-09T02:53:12.540+0000] {dag.py:3490} INFO - Setting next_dagrun for example_trigger_controller_dag to 2021-01-01T00:00:00+00:00, run_after=2021-01-01T00:00:00+00:00
[2025-07-09T02:53:12.560+0000] {processor.py:179} INFO - Processing /home/airflow/.local/lib/python3.7/site-packages/airflow/example_dags/example_trigger_controller_dag.py took 0.084 seconds
[2025-07-09T02:53:42.774+0000] {processor.py:157} INFO - Started process (PID=12367) to work on /home/airflow/.local/lib/python3.7/site-packages/airflow/example_dags/example_trigger_controller_dag.py
[2025-07-09T02:53:42.775+0000] {processor.py:826} INFO - Processing file /home/airflow/.local/lib/python3.7/site-packages/airflow/example_dags/example_trigger_controller_dag.py for tasks to queue
[2025-07-09T02:53:42.776+0000] {logging_mixin.py:149} INFO - [2025-07-09T02:53:42.776+0000] {dagbag.py:541} INFO - Filling up the DagBag from /home/airflow/.local/lib/python3.7/site-packages/airflow/example_dags/example_trigger_controller_dag.py
[2025-07-09T02:53:42.780+0000] {processor.py:836} INFO - DAG(s) dict_keys(['example_trigger_controller_dag']) retrieved from /home/airflow/.local/lib/python3.7/site-packages/airflow/example_dags/example_trigger_controller_dag.py
[2025-07-09T02:53:42.806+0000] {logging_mixin.py:149} INFO - [2025-07-09T02:53:42.806+0000] {dag.py:2726} INFO - Sync 1 DAGs
[2025-07-09T02:53:42.836+0000] {logging_mixin.py:149} INFO - [2025-07-09T02:53:42.836+0000] {dag.py:3490} INFO - Setting next_dagrun for example_trigger_controller_dag to 2021-01-01T00:00:00+00:00, run_after=2021-01-01T00:00:00+00:00
[2025-07-09T02:53:42.865+0000] {processor.py:179} INFO - Processing /home/airflow/.local/lib/python3.7/site-packages/airflow/example_dags/example_trigger_controller_dag.py took 0.095 seconds
[2025-07-09T02:54:13.141+0000] {processor.py:157} INFO - Started process (PID=12613) to work on /home/airflow/.local/lib/python3.7/site-packages/airflow/example_dags/example_trigger_controller_dag.py
[2025-07-09T02:54:13.142+0000] {processor.py:826} INFO - Processing file /home/airflow/.local/lib/python3.7/site-packages/airflow/example_dags/example_trigger_controller_dag.py for tasks to queue
[2025-07-09T02:54:13.143+0000] {logging_mixin.py:149} INFO - [2025-07-09T02:54:13.143+0000] {dagbag.py:541} INFO - Filling up the DagBag from /home/airflow/.local/lib/python3.7/site-packages/airflow/example_dags/example_trigger_controller_dag.py
[2025-07-09T02:54:13.148+0000] {processor.py:836} INFO - DAG(s) dict_keys(['example_trigger_controller_dag']) retrieved from /home/airflow/.local/lib/python3.7/site-packages/airflow/example_dags/example_trigger_controller_dag.py
[2025-07-09T02:54:13.182+0000] {logging_mixin.py:149} INFO - [2025-07-09T02:54:13.182+0000] {dag.py:2726} INFO - Sync 1 DAGs
[2025-07-09T02:54:13.209+0000] {logging_mixin.py:149} INFO - [2025-07-09T02:54:13.208+0000] {dag.py:3490} INFO - Setting next_dagrun for example_trigger_controller_dag to 2021-01-01T00:00:00+00:00, run_after=2021-01-01T00:00:00+00:00
[2025-07-09T02:54:13.234+0000] {processor.py:179} INFO - Processing /home/airflow/.local/lib/python3.7/site-packages/airflow/example_dags/example_trigger_controller_dag.py took 0.097 seconds
[2025-07-09T02:54:44.017+0000] {processor.py:157} INFO - Started process (PID=12858) to work on /home/airflow/.local/lib/python3.7/site-packages/airflow/example_dags/example_trigger_controller_dag.py
[2025-07-09T02:54:44.019+0000] {processor.py:826} INFO - Processing file /home/airflow/.local/lib/python3.7/site-packages/airflow/example_dags/example_trigger_controller_dag.py for tasks to queue
[2025-07-09T02:54:44.020+0000] {logging_mixin.py:149} INFO - [2025-07-09T02:54:44.020+0000] {dagbag.py:541} INFO - Filling up the DagBag from /home/airflow/.local/lib/python3.7/site-packages/airflow/example_dags/example_trigger_controller_dag.py
[2025-07-09T02:54:44.027+0000] {processor.py:836} INFO - DAG(s) dict_keys(['example_trigger_controller_dag']) retrieved from /home/airflow/.local/lib/python3.7/site-packages/airflow/example_dags/example_trigger_controller_dag.py
[2025-07-09T02:54:44.066+0000] {logging_mixin.py:149} INFO - [2025-07-09T02:54:44.066+0000] {dag.py:2726} INFO - Sync 1 DAGs
[2025-07-09T02:54:44.101+0000] {logging_mixin.py:149} INFO - [2025-07-09T02:54:44.101+0000] {dag.py:3490} INFO - Setting next_dagrun for example_trigger_controller_dag to 2021-01-01T00:00:00+00:00, run_after=2021-01-01T00:00:00+00:00
[2025-07-09T02:54:44.130+0000] {processor.py:179} INFO - Processing /home/airflow/.local/lib/python3.7/site-packages/airflow/example_dags/example_trigger_controller_dag.py took 0.119 seconds
[2025-07-09T02:55:15.263+0000] {processor.py:157} INFO - Started process (PID=13103) to work on /home/airflow/.local/lib/python3.7/site-packages/airflow/example_dags/example_trigger_controller_dag.py
[2025-07-09T02:55:15.265+0000] {processor.py:826} INFO - Processing file /home/airflow/.local/lib/python3.7/site-packages/airflow/example_dags/example_trigger_controller_dag.py for tasks to queue
[2025-07-09T02:55:15.266+0000] {logging_mixin.py:149} INFO - [2025-07-09T02:55:15.266+0000] {dagbag.py:541} INFO - Filling up the DagBag from /home/airflow/.local/lib/python3.7/site-packages/airflow/example_dags/example_trigger_controller_dag.py
[2025-07-09T02:55:15.272+0000] {processor.py:836} INFO - DAG(s) dict_keys(['example_trigger_controller_dag']) retrieved from /home/airflow/.local/lib/python3.7/site-packages/airflow/example_dags/example_trigger_controller_dag.py
[2025-07-09T02:55:15.314+0000] {logging_mixin.py:149} INFO - [2025-07-09T02:55:15.314+0000] {dag.py:2726} INFO - Sync 1 DAGs
[2025-07-09T02:55:15.352+0000] {logging_mixin.py:149} INFO - [2025-07-09T02:55:15.352+0000] {dag.py:3490} INFO - Setting next_dagrun for example_trigger_controller_dag to 2021-01-01T00:00:00+00:00, run_after=2021-01-01T00:00:00+00:00
[2025-07-09T02:55:15.380+0000] {processor.py:179} INFO - Processing /home/airflow/.local/lib/python3.7/site-packages/airflow/example_dags/example_trigger_controller_dag.py took 0.121 seconds
