[2025-07-09T02:44:00.546+0000] {processor.py:157} INFO - Started process (PID=7722) to work on /home/airflow/.local/lib/python3.7/site-packages/airflow/example_dags/example_short_circuit_decorator.py
[2025-07-09T02:44:00.548+0000] {processor.py:826} INFO - Processing file /home/airflow/.local/lib/python3.7/site-packages/airflow/example_dags/example_short_circuit_decorator.py for tasks to queue
[2025-07-09T02:44:00.549+0000] {logging_mixin.py:149} INFO - [2025-07-09T02:44:00.549+0000] {dagbag.py:541} INFO - Filling up the DagBag from /home/airflow/.local/lib/python3.7/site-packages/airflow/example_dags/example_short_circuit_decorator.py
[2025-07-09T02:44:00.564+0000] {processor.py:836} INFO - DAG(s) dict_keys(['example_short_circuit_decorator']) retrieved from /home/airflow/.local/lib/python3.7/site-packages/airflow/example_dags/example_short_circuit_decorator.py
[2025-07-09T02:44:00.605+0000] {logging_mixin.py:149} INFO - [2025-07-09T02:44:00.605+0000] {dag.py:2726} INFO - Sync 1 DAGs
[2025-07-09T02:44:00.639+0000] {logging_mixin.py:149} INFO - [2025-07-09T02:44:00.638+0000] {dag.py:3490} INFO - Setting next_dagrun for example_short_circuit_decorator to 2025-07-08T02:44:00.638511+00:00, run_after=2025-07-09T02:44:00.638511+00:00
[2025-07-09T02:44:00.667+0000] {processor.py:179} INFO - Processing /home/airflow/.local/lib/python3.7/site-packages/airflow/example_dags/example_short_circuit_decorator.py took 0.126 seconds
[2025-07-09T02:44:31.588+0000] {processor.py:157} INFO - Started process (PID=7967) to work on /home/airflow/.local/lib/python3.7/site-packages/airflow/example_dags/example_short_circuit_decorator.py
[2025-07-09T02:44:31.589+0000] {processor.py:826} INFO - Processing file /home/airflow/.local/lib/python3.7/site-packages/airflow/example_dags/example_short_circuit_decorator.py for tasks to queue
[2025-07-09T02:44:31.590+0000] {logging_mixin.py:149} INFO - [2025-07-09T02:44:31.590+0000] {dagbag.py:541} INFO - Filling up the DagBag from /home/airflow/.local/lib/python3.7/site-packages/airflow/example_dags/example_short_circuit_decorator.py
[2025-07-09T02:44:31.602+0000] {processor.py:836} INFO - DAG(s) dict_keys(['example_short_circuit_decorator']) retrieved from /home/airflow/.local/lib/python3.7/site-packages/airflow/example_dags/example_short_circuit_decorator.py
[2025-07-09T02:44:31.636+0000] {logging_mixin.py:149} INFO - [2025-07-09T02:44:31.635+0000] {dag.py:2726} INFO - Sync 1 DAGs
[2025-07-09T02:44:31.663+0000] {logging_mixin.py:149} INFO - [2025-07-09T02:44:31.663+0000] {dag.py:3490} INFO - Setting next_dagrun for example_short_circuit_decorator to 2025-07-08T02:44:31.663300+00:00, run_after=2025-07-09T02:44:31.663300+00:00
[2025-07-09T02:44:31.684+0000] {processor.py:179} INFO - Processing /home/airflow/.local/lib/python3.7/site-packages/airflow/example_dags/example_short_circuit_decorator.py took 0.100 seconds
[2025-07-09T02:45:02.131+0000] {processor.py:157} INFO - Started process (PID=8211) to work on /home/airflow/.local/lib/python3.7/site-packages/airflow/example_dags/example_short_circuit_decorator.py
[2025-07-09T02:45:02.133+0000] {processor.py:826} INFO - Processing file /home/airflow/.local/lib/python3.7/site-packages/airflow/example_dags/example_short_circuit_decorator.py for tasks to queue
[2025-07-09T02:45:02.135+0000] {logging_mixin.py:149} INFO - [2025-07-09T02:45:02.135+0000] {dagbag.py:541} INFO - Filling up the DagBag from /home/airflow/.local/lib/python3.7/site-packages/airflow/example_dags/example_short_circuit_decorator.py
[2025-07-09T02:45:02.152+0000] {processor.py:836} INFO - DAG(s) dict_keys(['example_short_circuit_decorator']) retrieved from /home/airflow/.local/lib/python3.7/site-packages/airflow/example_dags/example_short_circuit_decorator.py
[2025-07-09T02:45:02.198+0000] {logging_mixin.py:149} INFO - [2025-07-09T02:45:02.198+0000] {dag.py:2726} INFO - Sync 1 DAGs
[2025-07-09T02:45:02.240+0000] {logging_mixin.py:149} INFO - [2025-07-09T02:45:02.240+0000] {dag.py:3490} INFO - Setting next_dagrun for example_short_circuit_decorator to 2025-07-08T02:45:02.239849+00:00, run_after=2025-07-09T02:45:02.239849+00:00
[2025-07-09T02:45:02.274+0000] {processor.py:179} INFO - Processing /home/airflow/.local/lib/python3.7/site-packages/airflow/example_dags/example_short_circuit_decorator.py took 0.149 seconds
[2025-07-09T02:45:33.170+0000] {processor.py:157} INFO - Started process (PID=8458) to work on /home/airflow/.local/lib/python3.7/site-packages/airflow/example_dags/example_short_circuit_decorator.py
[2025-07-09T02:45:33.171+0000] {processor.py:826} INFO - Processing file /home/airflow/.local/lib/python3.7/site-packages/airflow/example_dags/example_short_circuit_decorator.py for tasks to queue
[2025-07-09T02:45:33.172+0000] {logging_mixin.py:149} INFO - [2025-07-09T02:45:33.172+0000] {dagbag.py:541} INFO - Filling up the DagBag from /home/airflow/.local/lib/python3.7/site-packages/airflow/example_dags/example_short_circuit_decorator.py
[2025-07-09T02:45:33.184+0000] {processor.py:836} INFO - DAG(s) dict_keys(['example_short_circuit_decorator']) retrieved from /home/airflow/.local/lib/python3.7/site-packages/airflow/example_dags/example_short_circuit_decorator.py
[2025-07-09T02:45:33.217+0000] {logging_mixin.py:149} INFO - [2025-07-09T02:45:33.216+0000] {dag.py:2726} INFO - Sync 1 DAGs
[2025-07-09T02:45:33.247+0000] {logging_mixin.py:149} INFO - [2025-07-09T02:45:33.246+0000] {dag.py:3490} INFO - Setting next_dagrun for example_short_circuit_decorator to 2025-07-08T02:45:33.246618+00:00, run_after=2025-07-09T02:45:33.246618+00:00
[2025-07-09T02:45:33.269+0000] {processor.py:179} INFO - Processing /home/airflow/.local/lib/python3.7/site-packages/airflow/example_dags/example_short_circuit_decorator.py took 0.102 seconds
[2025-07-09T02:46:04.072+0000] {processor.py:157} INFO - Started process (PID=8701) to work on /home/airflow/.local/lib/python3.7/site-packages/airflow/example_dags/example_short_circuit_decorator.py
[2025-07-09T02:46:04.073+0000] {processor.py:826} INFO - Processing file /home/airflow/.local/lib/python3.7/site-packages/airflow/example_dags/example_short_circuit_decorator.py for tasks to queue
[2025-07-09T02:46:04.074+0000] {logging_mixin.py:149} INFO - [2025-07-09T02:46:04.074+0000] {dagbag.py:541} INFO - Filling up the DagBag from /home/airflow/.local/lib/python3.7/site-packages/airflow/example_dags/example_short_circuit_decorator.py
[2025-07-09T02:46:04.090+0000] {processor.py:836} INFO - DAG(s) dict_keys(['example_short_circuit_decorator']) retrieved from /home/airflow/.local/lib/python3.7/site-packages/airflow/example_dags/example_short_circuit_decorator.py
[2025-07-09T02:46:04.128+0000] {logging_mixin.py:149} INFO - [2025-07-09T02:46:04.128+0000] {dag.py:2726} INFO - Sync 1 DAGs
[2025-07-09T02:46:04.159+0000] {logging_mixin.py:149} INFO - [2025-07-09T02:46:04.159+0000] {dag.py:3490} INFO - Setting next_dagrun for example_short_circuit_decorator to 2025-07-08T02:46:04.158889+00:00, run_after=2025-07-09T02:46:04.158889+00:00
[2025-07-09T02:46:04.185+0000] {processor.py:179} INFO - Processing /home/airflow/.local/lib/python3.7/site-packages/airflow/example_dags/example_short_circuit_decorator.py took 0.116 seconds
[2025-07-09T02:46:34.748+0000] {processor.py:157} INFO - Started process (PID=8946) to work on /home/airflow/.local/lib/python3.7/site-packages/airflow/example_dags/example_short_circuit_decorator.py
[2025-07-09T02:46:34.749+0000] {processor.py:826} INFO - Processing file /home/airflow/.local/lib/python3.7/site-packages/airflow/example_dags/example_short_circuit_decorator.py for tasks to queue
[2025-07-09T02:46:34.750+0000] {logging_mixin.py:149} INFO - [2025-07-09T02:46:34.750+0000] {dagbag.py:541} INFO - Filling up the DagBag from /home/airflow/.local/lib/python3.7/site-packages/airflow/example_dags/example_short_circuit_decorator.py
[2025-07-09T02:46:34.765+0000] {processor.py:836} INFO - DAG(s) dict_keys(['example_short_circuit_decorator']) retrieved from /home/airflow/.local/lib/python3.7/site-packages/airflow/example_dags/example_short_circuit_decorator.py
[2025-07-09T02:46:34.797+0000] {logging_mixin.py:149} INFO - [2025-07-09T02:46:34.797+0000] {dag.py:2726} INFO - Sync 1 DAGs
[2025-07-09T02:46:34.823+0000] {logging_mixin.py:149} INFO - [2025-07-09T02:46:34.823+0000] {dag.py:3490} INFO - Setting next_dagrun for example_short_circuit_decorator to 2025-07-08T02:46:34.823406+00:00, run_after=2025-07-09T02:46:34.823406+00:00
[2025-07-09T02:46:34.845+0000] {processor.py:179} INFO - Processing /home/airflow/.local/lib/python3.7/site-packages/airflow/example_dags/example_short_circuit_decorator.py took 0.101 seconds
[2025-07-09T02:47:05.238+0000] {processor.py:157} INFO - Started process (PID=9191) to work on /home/airflow/.local/lib/python3.7/site-packages/airflow/example_dags/example_short_circuit_decorator.py
[2025-07-09T02:47:05.239+0000] {processor.py:826} INFO - Processing file /home/airflow/.local/lib/python3.7/site-packages/airflow/example_dags/example_short_circuit_decorator.py for tasks to queue
[2025-07-09T02:47:05.241+0000] {logging_mixin.py:149} INFO - [2025-07-09T02:47:05.241+0000] {dagbag.py:541} INFO - Filling up the DagBag from /home/airflow/.local/lib/python3.7/site-packages/airflow/example_dags/example_short_circuit_decorator.py
[2025-07-09T02:47:05.255+0000] {processor.py:836} INFO - DAG(s) dict_keys(['example_short_circuit_decorator']) retrieved from /home/airflow/.local/lib/python3.7/site-packages/airflow/example_dags/example_short_circuit_decorator.py
[2025-07-09T02:47:05.284+0000] {logging_mixin.py:149} INFO - [2025-07-09T02:47:05.284+0000] {dag.py:2726} INFO - Sync 1 DAGs
[2025-07-09T02:47:05.309+0000] {logging_mixin.py:149} INFO - [2025-07-09T02:47:05.309+0000] {dag.py:3490} INFO - Setting next_dagrun for example_short_circuit_decorator to 2025-07-08T02:47:05.308953+00:00, run_after=2025-07-09T02:47:05.308953+00:00
[2025-07-09T02:47:05.328+0000] {processor.py:179} INFO - Processing /home/airflow/.local/lib/python3.7/site-packages/airflow/example_dags/example_short_circuit_decorator.py took 0.094 seconds
[2025-07-09T02:47:35.658+0000] {processor.py:157} INFO - Started process (PID=9436) to work on /home/airflow/.local/lib/python3.7/site-packages/airflow/example_dags/example_short_circuit_decorator.py
[2025-07-09T02:47:35.659+0000] {processor.py:826} INFO - Processing file /home/airflow/.local/lib/python3.7/site-packages/airflow/example_dags/example_short_circuit_decorator.py for tasks to queue
[2025-07-09T02:47:35.660+0000] {logging_mixin.py:149} INFO - [2025-07-09T02:47:35.660+0000] {dagbag.py:541} INFO - Filling up the DagBag from /home/airflow/.local/lib/python3.7/site-packages/airflow/example_dags/example_short_circuit_decorator.py
[2025-07-09T02:47:35.670+0000] {processor.py:836} INFO - DAG(s) dict_keys(['example_short_circuit_decorator']) retrieved from /home/airflow/.local/lib/python3.7/site-packages/airflow/example_dags/example_short_circuit_decorator.py
[2025-07-09T02:47:35.700+0000] {logging_mixin.py:149} INFO - [2025-07-09T02:47:35.700+0000] {dag.py:2726} INFO - Sync 1 DAGs
[2025-07-09T02:47:35.727+0000] {logging_mixin.py:149} INFO - [2025-07-09T02:47:35.727+0000] {dag.py:3490} INFO - Setting next_dagrun for example_short_circuit_decorator to 2025-07-08T02:47:35.727196+00:00, run_after=2025-07-09T02:47:35.727196+00:00
[2025-07-09T02:47:35.751+0000] {processor.py:179} INFO - Processing /home/airflow/.local/lib/python3.7/site-packages/airflow/example_dags/example_short_circuit_decorator.py took 0.096 seconds
[2025-07-09T02:48:06.725+0000] {processor.py:157} INFO - Started process (PID=9668) to work on /home/airflow/.local/lib/python3.7/site-packages/airflow/example_dags/example_short_circuit_decorator.py
[2025-07-09T02:48:06.726+0000] {processor.py:826} INFO - Processing file /home/airflow/.local/lib/python3.7/site-packages/airflow/example_dags/example_short_circuit_decorator.py for tasks to queue
[2025-07-09T02:48:06.727+0000] {logging_mixin.py:149} INFO - [2025-07-09T02:48:06.727+0000] {dagbag.py:541} INFO - Filling up the DagBag from /home/airflow/.local/lib/python3.7/site-packages/airflow/example_dags/example_short_circuit_decorator.py
[2025-07-09T02:48:06.737+0000] {processor.py:836} INFO - DAG(s) dict_keys(['example_short_circuit_decorator']) retrieved from /home/airflow/.local/lib/python3.7/site-packages/airflow/example_dags/example_short_circuit_decorator.py
[2025-07-09T02:48:06.767+0000] {logging_mixin.py:149} INFO - [2025-07-09T02:48:06.767+0000] {dag.py:2726} INFO - Sync 1 DAGs
[2025-07-09T02:48:06.792+0000] {logging_mixin.py:149} INFO - [2025-07-09T02:48:06.792+0000] {dag.py:3490} INFO - Setting next_dagrun for example_short_circuit_decorator to 2025-07-08T02:48:06.792271+00:00, run_after=2025-07-09T02:48:06.792271+00:00
[2025-07-09T02:48:06.815+0000] {processor.py:179} INFO - Processing /home/airflow/.local/lib/python3.7/site-packages/airflow/example_dags/example_short_circuit_decorator.py took 0.093 seconds
[2025-07-09T02:48:37.207+0000] {processor.py:157} INFO - Started process (PID=9913) to work on /home/airflow/.local/lib/python3.7/site-packages/airflow/example_dags/example_short_circuit_decorator.py
[2025-07-09T02:48:37.208+0000] {processor.py:826} INFO - Processing file /home/airflow/.local/lib/python3.7/site-packages/airflow/example_dags/example_short_circuit_decorator.py for tasks to queue
[2025-07-09T02:48:37.209+0000] {logging_mixin.py:149} INFO - [2025-07-09T02:48:37.209+0000] {dagbag.py:541} INFO - Filling up the DagBag from /home/airflow/.local/lib/python3.7/site-packages/airflow/example_dags/example_short_circuit_decorator.py
[2025-07-09T02:48:37.219+0000] {processor.py:836} INFO - DAG(s) dict_keys(['example_short_circuit_decorator']) retrieved from /home/airflow/.local/lib/python3.7/site-packages/airflow/example_dags/example_short_circuit_decorator.py
[2025-07-09T02:48:37.248+0000] {logging_mixin.py:149} INFO - [2025-07-09T02:48:37.248+0000] {dag.py:2726} INFO - Sync 1 DAGs
[2025-07-09T02:48:37.273+0000] {logging_mixin.py:149} INFO - [2025-07-09T02:48:37.273+0000] {dag.py:3490} INFO - Setting next_dagrun for example_short_circuit_decorator to 2025-07-08T02:48:37.272776+00:00, run_after=2025-07-09T02:48:37.272776+00:00
[2025-07-09T02:48:37.294+0000] {processor.py:179} INFO - Processing /home/airflow/.local/lib/python3.7/site-packages/airflow/example_dags/example_short_circuit_decorator.py took 0.091 seconds
[2025-07-09T02:49:07.587+0000] {processor.py:157} INFO - Started process (PID=10158) to work on /home/airflow/.local/lib/python3.7/site-packages/airflow/example_dags/example_short_circuit_decorator.py
[2025-07-09T02:49:07.588+0000] {processor.py:826} INFO - Processing file /home/airflow/.local/lib/python3.7/site-packages/airflow/example_dags/example_short_circuit_decorator.py for tasks to queue
[2025-07-09T02:49:07.589+0000] {logging_mixin.py:149} INFO - [2025-07-09T02:49:07.589+0000] {dagbag.py:541} INFO - Filling up the DagBag from /home/airflow/.local/lib/python3.7/site-packages/airflow/example_dags/example_short_circuit_decorator.py
[2025-07-09T02:49:07.601+0000] {processor.py:836} INFO - DAG(s) dict_keys(['example_short_circuit_decorator']) retrieved from /home/airflow/.local/lib/python3.7/site-packages/airflow/example_dags/example_short_circuit_decorator.py
[2025-07-09T02:49:07.636+0000] {logging_mixin.py:149} INFO - [2025-07-09T02:49:07.635+0000] {dag.py:2726} INFO - Sync 1 DAGs
[2025-07-09T02:49:07.662+0000] {logging_mixin.py:149} INFO - [2025-07-09T02:49:07.662+0000] {dag.py:3490} INFO - Setting next_dagrun for example_short_circuit_decorator to 2025-07-08T02:49:07.662503+00:00, run_after=2025-07-09T02:49:07.662503+00:00
[2025-07-09T02:49:07.688+0000] {processor.py:179} INFO - Processing /home/airflow/.local/lib/python3.7/site-packages/airflow/example_dags/example_short_circuit_decorator.py took 0.106 seconds
[2025-07-09T02:49:38.335+0000] {processor.py:157} INFO - Started process (PID=10403) to work on /home/airflow/.local/lib/python3.7/site-packages/airflow/example_dags/example_short_circuit_decorator.py
[2025-07-09T02:49:38.337+0000] {processor.py:826} INFO - Processing file /home/airflow/.local/lib/python3.7/site-packages/airflow/example_dags/example_short_circuit_decorator.py for tasks to queue
[2025-07-09T02:49:38.338+0000] {logging_mixin.py:149} INFO - [2025-07-09T02:49:38.338+0000] {dagbag.py:541} INFO - Filling up the DagBag from /home/airflow/.local/lib/python3.7/site-packages/airflow/example_dags/example_short_circuit_decorator.py
[2025-07-09T02:49:38.353+0000] {processor.py:836} INFO - DAG(s) dict_keys(['example_short_circuit_decorator']) retrieved from /home/airflow/.local/lib/python3.7/site-packages/airflow/example_dags/example_short_circuit_decorator.py
[2025-07-09T02:49:38.389+0000] {logging_mixin.py:149} INFO - [2025-07-09T02:49:38.388+0000] {dag.py:2726} INFO - Sync 1 DAGs
[2025-07-09T02:49:38.419+0000] {logging_mixin.py:149} INFO - [2025-07-09T02:49:38.419+0000] {dag.py:3490} INFO - Setting next_dagrun for example_short_circuit_decorator to 2025-07-08T02:49:38.419358+00:00, run_after=2025-07-09T02:49:38.419358+00:00
[2025-07-09T02:49:38.443+0000] {processor.py:179} INFO - Processing /home/airflow/.local/lib/python3.7/site-packages/airflow/example_dags/example_short_circuit_decorator.py took 0.114 seconds
[2025-07-09T02:50:09.136+0000] {processor.py:157} INFO - Started process (PID=10648) to work on /home/airflow/.local/lib/python3.7/site-packages/airflow/example_dags/example_short_circuit_decorator.py
[2025-07-09T02:50:09.137+0000] {processor.py:826} INFO - Processing file /home/airflow/.local/lib/python3.7/site-packages/airflow/example_dags/example_short_circuit_decorator.py for tasks to queue
[2025-07-09T02:50:09.137+0000] {logging_mixin.py:149} INFO - [2025-07-09T02:50:09.137+0000] {dagbag.py:541} INFO - Filling up the DagBag from /home/airflow/.local/lib/python3.7/site-packages/airflow/example_dags/example_short_circuit_decorator.py
[2025-07-09T02:50:09.149+0000] {processor.py:836} INFO - DAG(s) dict_keys(['example_short_circuit_decorator']) retrieved from /home/airflow/.local/lib/python3.7/site-packages/airflow/example_dags/example_short_circuit_decorator.py
[2025-07-09T02:50:09.182+0000] {logging_mixin.py:149} INFO - [2025-07-09T02:50:09.182+0000] {dag.py:2726} INFO - Sync 1 DAGs
[2025-07-09T02:50:09.216+0000] {logging_mixin.py:149} INFO - [2025-07-09T02:50:09.215+0000] {dag.py:3490} INFO - Setting next_dagrun for example_short_circuit_decorator to 2025-07-08T02:50:09.215735+00:00, run_after=2025-07-09T02:50:09.215735+00:00
[2025-07-09T02:50:09.239+0000] {processor.py:179} INFO - Processing /home/airflow/.local/lib/python3.7/site-packages/airflow/example_dags/example_short_circuit_decorator.py took 0.107 seconds
[2025-07-09T02:50:39.549+0000] {processor.py:157} INFO - Started process (PID=10893) to work on /home/airflow/.local/lib/python3.7/site-packages/airflow/example_dags/example_short_circuit_decorator.py
[2025-07-09T02:50:39.550+0000] {processor.py:826} INFO - Processing file /home/airflow/.local/lib/python3.7/site-packages/airflow/example_dags/example_short_circuit_decorator.py for tasks to queue
[2025-07-09T02:50:39.551+0000] {logging_mixin.py:149} INFO - [2025-07-09T02:50:39.551+0000] {dagbag.py:541} INFO - Filling up the DagBag from /home/airflow/.local/lib/python3.7/site-packages/airflow/example_dags/example_short_circuit_decorator.py
[2025-07-09T02:50:39.562+0000] {processor.py:836} INFO - DAG(s) dict_keys(['example_short_circuit_decorator']) retrieved from /home/airflow/.local/lib/python3.7/site-packages/airflow/example_dags/example_short_circuit_decorator.py
[2025-07-09T02:50:39.593+0000] {logging_mixin.py:149} INFO - [2025-07-09T02:50:39.593+0000] {dag.py:2726} INFO - Sync 1 DAGs
[2025-07-09T02:50:39.621+0000] {logging_mixin.py:149} INFO - [2025-07-09T02:50:39.620+0000] {dag.py:3490} INFO - Setting next_dagrun for example_short_circuit_decorator to 2025-07-08T02:50:39.620574+00:00, run_after=2025-07-09T02:50:39.620574+00:00
[2025-07-09T02:50:39.679+0000] {processor.py:179} INFO - Processing /home/airflow/.local/lib/python3.7/site-packages/airflow/example_dags/example_short_circuit_decorator.py took 0.134 seconds
[2025-07-09T02:51:09.858+0000] {processor.py:157} INFO - Started process (PID=11138) to work on /home/airflow/.local/lib/python3.7/site-packages/airflow/example_dags/example_short_circuit_decorator.py
[2025-07-09T02:51:09.860+0000] {processor.py:826} INFO - Processing file /home/airflow/.local/lib/python3.7/site-packages/airflow/example_dags/example_short_circuit_decorator.py for tasks to queue
[2025-07-09T02:51:09.861+0000] {logging_mixin.py:149} INFO - [2025-07-09T02:51:09.861+0000] {dagbag.py:541} INFO - Filling up the DagBag from /home/airflow/.local/lib/python3.7/site-packages/airflow/example_dags/example_short_circuit_decorator.py
[2025-07-09T02:51:09.871+0000] {processor.py:836} INFO - DAG(s) dict_keys(['example_short_circuit_decorator']) retrieved from /home/airflow/.local/lib/python3.7/site-packages/airflow/example_dags/example_short_circuit_decorator.py
[2025-07-09T02:51:09.902+0000] {logging_mixin.py:149} INFO - [2025-07-09T02:51:09.902+0000] {dag.py:2726} INFO - Sync 1 DAGs
[2025-07-09T02:51:09.927+0000] {logging_mixin.py:149} INFO - [2025-07-09T02:51:09.927+0000] {dag.py:3490} INFO - Setting next_dagrun for example_short_circuit_decorator to 2025-07-08T02:51:09.927461+00:00, run_after=2025-07-09T02:51:09.927461+00:00
[2025-07-09T02:51:09.947+0000] {processor.py:179} INFO - Processing /home/airflow/.local/lib/python3.7/site-packages/airflow/example_dags/example_short_circuit_decorator.py took 0.093 seconds
[2025-07-09T02:51:40.864+0000] {processor.py:157} INFO - Started process (PID=11383) to work on /home/airflow/.local/lib/python3.7/site-packages/airflow/example_dags/example_short_circuit_decorator.py
[2025-07-09T02:51:40.865+0000] {processor.py:826} INFO - Processing file /home/airflow/.local/lib/python3.7/site-packages/airflow/example_dags/example_short_circuit_decorator.py for tasks to queue
[2025-07-09T02:51:40.866+0000] {logging_mixin.py:149} INFO - [2025-07-09T02:51:40.866+0000] {dagbag.py:541} INFO - Filling up the DagBag from /home/airflow/.local/lib/python3.7/site-packages/airflow/example_dags/example_short_circuit_decorator.py
[2025-07-09T02:51:40.877+0000] {processor.py:836} INFO - DAG(s) dict_keys(['example_short_circuit_decorator']) retrieved from /home/airflow/.local/lib/python3.7/site-packages/airflow/example_dags/example_short_circuit_decorator.py
[2025-07-09T02:51:40.915+0000] {logging_mixin.py:149} INFO - [2025-07-09T02:51:40.915+0000] {dag.py:2726} INFO - Sync 1 DAGs
[2025-07-09T02:51:40.945+0000] {logging_mixin.py:149} INFO - [2025-07-09T02:51:40.945+0000] {dag.py:3490} INFO - Setting next_dagrun for example_short_circuit_decorator to 2025-07-08T02:51:40.945437+00:00, run_after=2025-07-09T02:51:40.945437+00:00
[2025-07-09T02:51:40.971+0000] {processor.py:179} INFO - Processing /home/airflow/.local/lib/python3.7/site-packages/airflow/example_dags/example_short_circuit_decorator.py took 0.111 seconds
[2025-07-09T02:52:11.631+0000] {processor.py:157} INFO - Started process (PID=11627) to work on /home/airflow/.local/lib/python3.7/site-packages/airflow/example_dags/example_short_circuit_decorator.py
[2025-07-09T02:52:11.632+0000] {processor.py:826} INFO - Processing file /home/airflow/.local/lib/python3.7/site-packages/airflow/example_dags/example_short_circuit_decorator.py for tasks to queue
[2025-07-09T02:52:11.633+0000] {logging_mixin.py:149} INFO - [2025-07-09T02:52:11.633+0000] {dagbag.py:541} INFO - Filling up the DagBag from /home/airflow/.local/lib/python3.7/site-packages/airflow/example_dags/example_short_circuit_decorator.py
[2025-07-09T02:52:11.644+0000] {processor.py:836} INFO - DAG(s) dict_keys(['example_short_circuit_decorator']) retrieved from /home/airflow/.local/lib/python3.7/site-packages/airflow/example_dags/example_short_circuit_decorator.py
[2025-07-09T02:52:11.675+0000] {logging_mixin.py:149} INFO - [2025-07-09T02:52:11.674+0000] {dag.py:2726} INFO - Sync 1 DAGs
[2025-07-09T02:52:11.701+0000] {logging_mixin.py:149} INFO - [2025-07-09T02:52:11.700+0000] {dag.py:3490} INFO - Setting next_dagrun for example_short_circuit_decorator to 2025-07-08T02:52:11.700635+00:00, run_after=2025-07-09T02:52:11.700635+00:00
[2025-07-09T02:52:11.723+0000] {processor.py:179} INFO - Processing /home/airflow/.local/lib/python3.7/site-packages/airflow/example_dags/example_short_circuit_decorator.py took 0.096 seconds
[2025-07-09T02:52:42.060+0000] {processor.py:157} INFO - Started process (PID=11872) to work on /home/airflow/.local/lib/python3.7/site-packages/airflow/example_dags/example_short_circuit_decorator.py
[2025-07-09T02:52:42.062+0000] {processor.py:826} INFO - Processing file /home/airflow/.local/lib/python3.7/site-packages/airflow/example_dags/example_short_circuit_decorator.py for tasks to queue
[2025-07-09T02:52:42.062+0000] {logging_mixin.py:149} INFO - [2025-07-09T02:52:42.062+0000] {dagbag.py:541} INFO - Filling up the DagBag from /home/airflow/.local/lib/python3.7/site-packages/airflow/example_dags/example_short_circuit_decorator.py
[2025-07-09T02:52:42.073+0000] {processor.py:836} INFO - DAG(s) dict_keys(['example_short_circuit_decorator']) retrieved from /home/airflow/.local/lib/python3.7/site-packages/airflow/example_dags/example_short_circuit_decorator.py
[2025-07-09T02:52:42.103+0000] {logging_mixin.py:149} INFO - [2025-07-09T02:52:42.103+0000] {dag.py:2726} INFO - Sync 1 DAGs
[2025-07-09T02:52:42.128+0000] {logging_mixin.py:149} INFO - [2025-07-09T02:52:42.128+0000] {dag.py:3490} INFO - Setting next_dagrun for example_short_circuit_decorator to 2025-07-08T02:52:42.128322+00:00, run_after=2025-07-09T02:52:42.128322+00:00
[2025-07-09T02:52:42.149+0000] {processor.py:179} INFO - Processing /home/airflow/.local/lib/python3.7/site-packages/airflow/example_dags/example_short_circuit_decorator.py took 0.092 seconds
[2025-07-09T02:53:12.454+0000] {processor.py:157} INFO - Started process (PID=12117) to work on /home/airflow/.local/lib/python3.7/site-packages/airflow/example_dags/example_short_circuit_decorator.py
[2025-07-09T02:53:12.455+0000] {processor.py:826} INFO - Processing file /home/airflow/.local/lib/python3.7/site-packages/airflow/example_dags/example_short_circuit_decorator.py for tasks to queue
[2025-07-09T02:53:12.455+0000] {logging_mixin.py:149} INFO - [2025-07-09T02:53:12.455+0000] {dagbag.py:541} INFO - Filling up the DagBag from /home/airflow/.local/lib/python3.7/site-packages/airflow/example_dags/example_short_circuit_decorator.py
[2025-07-09T02:53:12.466+0000] {processor.py:836} INFO - DAG(s) dict_keys(['example_short_circuit_decorator']) retrieved from /home/airflow/.local/lib/python3.7/site-packages/airflow/example_dags/example_short_circuit_decorator.py
[2025-07-09T02:53:12.497+0000] {logging_mixin.py:149} INFO - [2025-07-09T02:53:12.496+0000] {dag.py:2726} INFO - Sync 1 DAGs
[2025-07-09T02:53:12.523+0000] {logging_mixin.py:149} INFO - [2025-07-09T02:53:12.523+0000] {dag.py:3490} INFO - Setting next_dagrun for example_short_circuit_decorator to 2025-07-08T02:53:12.522921+00:00, run_after=2025-07-09T02:53:12.522921+00:00
[2025-07-09T02:53:12.545+0000] {processor.py:179} INFO - Processing /home/airflow/.local/lib/python3.7/site-packages/airflow/example_dags/example_short_circuit_decorator.py took 0.095 seconds
[2025-07-09T02:53:42.661+0000] {processor.py:157} INFO - Started process (PID=12362) to work on /home/airflow/.local/lib/python3.7/site-packages/airflow/example_dags/example_short_circuit_decorator.py
[2025-07-09T02:53:42.662+0000] {processor.py:826} INFO - Processing file /home/airflow/.local/lib/python3.7/site-packages/airflow/example_dags/example_short_circuit_decorator.py for tasks to queue
[2025-07-09T02:53:42.663+0000] {logging_mixin.py:149} INFO - [2025-07-09T02:53:42.662+0000] {dagbag.py:541} INFO - Filling up the DagBag from /home/airflow/.local/lib/python3.7/site-packages/airflow/example_dags/example_short_circuit_decorator.py
[2025-07-09T02:53:42.673+0000] {processor.py:836} INFO - DAG(s) dict_keys(['example_short_circuit_decorator']) retrieved from /home/airflow/.local/lib/python3.7/site-packages/airflow/example_dags/example_short_circuit_decorator.py
[2025-07-09T02:53:42.704+0000] {logging_mixin.py:149} INFO - [2025-07-09T02:53:42.704+0000] {dag.py:2726} INFO - Sync 1 DAGs
[2025-07-09T02:53:42.728+0000] {logging_mixin.py:149} INFO - [2025-07-09T02:53:42.728+0000] {dag.py:3490} INFO - Setting next_dagrun for example_short_circuit_decorator to 2025-07-08T02:53:42.728219+00:00, run_after=2025-07-09T02:53:42.728219+00:00
[2025-07-09T02:53:42.750+0000] {processor.py:179} INFO - Processing /home/airflow/.local/lib/python3.7/site-packages/airflow/example_dags/example_short_circuit_decorator.py took 0.093 seconds
[2025-07-09T02:54:12.982+0000] {processor.py:157} INFO - Started process (PID=12608) to work on /home/airflow/.local/lib/python3.7/site-packages/airflow/example_dags/example_short_circuit_decorator.py
[2025-07-09T02:54:12.983+0000] {processor.py:826} INFO - Processing file /home/airflow/.local/lib/python3.7/site-packages/airflow/example_dags/example_short_circuit_decorator.py for tasks to queue
[2025-07-09T02:54:12.985+0000] {logging_mixin.py:149} INFO - [2025-07-09T02:54:12.984+0000] {dagbag.py:541} INFO - Filling up the DagBag from /home/airflow/.local/lib/python3.7/site-packages/airflow/example_dags/example_short_circuit_decorator.py
[2025-07-09T02:54:13.001+0000] {processor.py:836} INFO - DAG(s) dict_keys(['example_short_circuit_decorator']) retrieved from /home/airflow/.local/lib/python3.7/site-packages/airflow/example_dags/example_short_circuit_decorator.py
[2025-07-09T02:54:13.048+0000] {logging_mixin.py:149} INFO - [2025-07-09T02:54:13.048+0000] {dag.py:2726} INFO - Sync 1 DAGs
[2025-07-09T02:54:13.087+0000] {logging_mixin.py:149} INFO - [2025-07-09T02:54:13.087+0000] {dag.py:3490} INFO - Setting next_dagrun for example_short_circuit_decorator to 2025-07-08T02:54:13.087337+00:00, run_after=2025-07-09T02:54:13.087337+00:00
[2025-07-09T02:54:13.111+0000] {processor.py:179} INFO - Processing /home/airflow/.local/lib/python3.7/site-packages/airflow/example_dags/example_short_circuit_decorator.py took 0.135 seconds
[2025-07-09T02:54:43.827+0000] {processor.py:157} INFO - Started process (PID=12848) to work on /home/airflow/.local/lib/python3.7/site-packages/airflow/example_dags/example_short_circuit_decorator.py
[2025-07-09T02:54:43.829+0000] {processor.py:826} INFO - Processing file /home/airflow/.local/lib/python3.7/site-packages/airflow/example_dags/example_short_circuit_decorator.py for tasks to queue
[2025-07-09T02:54:43.830+0000] {logging_mixin.py:149} INFO - [2025-07-09T02:54:43.830+0000] {dagbag.py:541} INFO - Filling up the DagBag from /home/airflow/.local/lib/python3.7/site-packages/airflow/example_dags/example_short_circuit_decorator.py
[2025-07-09T02:54:43.842+0000] {processor.py:836} INFO - DAG(s) dict_keys(['example_short_circuit_decorator']) retrieved from /home/airflow/.local/lib/python3.7/site-packages/airflow/example_dags/example_short_circuit_decorator.py
[2025-07-09T02:54:43.886+0000] {logging_mixin.py:149} INFO - [2025-07-09T02:54:43.885+0000] {dag.py:2726} INFO - Sync 1 DAGs
[2025-07-09T02:54:43.931+0000] {logging_mixin.py:149} INFO - [2025-07-09T02:54:43.931+0000] {dag.py:3490} INFO - Setting next_dagrun for example_short_circuit_decorator to 2025-07-08T02:54:43.930985+00:00, run_after=2025-07-09T02:54:43.930985+00:00
[2025-07-09T02:54:43.967+0000] {processor.py:179} INFO - Processing /home/airflow/.local/lib/python3.7/site-packages/airflow/example_dags/example_short_circuit_decorator.py took 0.145 seconds
[2025-07-09T02:55:15.110+0000] {processor.py:157} INFO - Started process (PID=13093) to work on /home/airflow/.local/lib/python3.7/site-packages/airflow/example_dags/example_short_circuit_decorator.py
[2025-07-09T02:55:15.111+0000] {processor.py:826} INFO - Processing file /home/airflow/.local/lib/python3.7/site-packages/airflow/example_dags/example_short_circuit_decorator.py for tasks to queue
[2025-07-09T02:55:15.113+0000] {logging_mixin.py:149} INFO - [2025-07-09T02:55:15.112+0000] {dagbag.py:541} INFO - Filling up the DagBag from /home/airflow/.local/lib/python3.7/site-packages/airflow/example_dags/example_short_circuit_decorator.py
[2025-07-09T02:55:15.130+0000] {processor.py:836} INFO - DAG(s) dict_keys(['example_short_circuit_decorator']) retrieved from /home/airflow/.local/lib/python3.7/site-packages/airflow/example_dags/example_short_circuit_decorator.py
[2025-07-09T02:55:15.169+0000] {logging_mixin.py:149} INFO - [2025-07-09T02:55:15.169+0000] {dag.py:2726} INFO - Sync 1 DAGs
[2025-07-09T02:55:15.204+0000] {logging_mixin.py:149} INFO - [2025-07-09T02:55:15.204+0000] {dag.py:3490} INFO - Setting next_dagrun for example_short_circuit_decorator to 2025-07-08T02:55:15.204159+00:00, run_after=2025-07-09T02:55:15.204159+00:00
[2025-07-09T02:55:15.233+0000] {processor.py:179} INFO - Processing /home/airflow/.local/lib/python3.7/site-packages/airflow/example_dags/example_short_circuit_decorator.py took 0.129 seconds
