[2025-07-09T02:43:57.565+0000] {processor.py:157} INFO - Started process (PID=7592) to work on /home/airflow/.local/lib/python3.7/site-packages/airflow/example_dags/example_latest_only.py
[2025-07-09T02:43:57.566+0000] {processor.py:826} INFO - Processing file /home/airflow/.local/lib/python3.7/site-packages/airflow/example_dags/example_latest_only.py for tasks to queue
[2025-07-09T02:43:57.568+0000] {logging_mixin.py:149} INFO - [2025-07-09T02:43:57.568+0000] {dagbag.py:541} INFO - Filling up the DagBag from /home/airflow/.local/lib/python3.7/site-packages/airflow/example_dags/example_latest_only.py
[2025-07-09T02:43:57.579+0000] {processor.py:836} INFO - DAG(s) dict_keys(['latest_only']) retrieved from /home/airflow/.local/lib/python3.7/site-packages/airflow/example_dags/example_latest_only.py
[2025-07-09T02:43:57.621+0000] {logging_mixin.py:149} INFO - [2025-07-09T02:43:57.621+0000] {dag.py:2726} INFO - Sync 1 DAGs
[2025-07-09T02:43:57.666+0000] {logging_mixin.py:149} INFO - [2025-07-09T02:43:57.665+0000] {dag.py:3490} INFO - Setting next_dagrun for latest_only to 2025-07-08T22:43:57.665635+00:00, run_after=2025-07-09T02:43:57.665635+00:00
[2025-07-09T02:43:57.703+0000] {processor.py:179} INFO - Processing /home/airflow/.local/lib/python3.7/site-packages/airflow/example_dags/example_latest_only.py took 0.143 seconds
[2025-07-09T02:44:28.282+0000] {processor.py:157} INFO - Started process (PID=7837) to work on /home/airflow/.local/lib/python3.7/site-packages/airflow/example_dags/example_latest_only.py
[2025-07-09T02:44:28.283+0000] {processor.py:826} INFO - Processing file /home/airflow/.local/lib/python3.7/site-packages/airflow/example_dags/example_latest_only.py for tasks to queue
[2025-07-09T02:44:28.284+0000] {logging_mixin.py:149} INFO - [2025-07-09T02:44:28.283+0000] {dagbag.py:541} INFO - Filling up the DagBag from /home/airflow/.local/lib/python3.7/site-packages/airflow/example_dags/example_latest_only.py
[2025-07-09T02:44:28.291+0000] {processor.py:836} INFO - DAG(s) dict_keys(['latest_only']) retrieved from /home/airflow/.local/lib/python3.7/site-packages/airflow/example_dags/example_latest_only.py
[2025-07-09T02:44:28.321+0000] {logging_mixin.py:149} INFO - [2025-07-09T02:44:28.321+0000] {dag.py:2726} INFO - Sync 1 DAGs
[2025-07-09T02:44:28.348+0000] {logging_mixin.py:149} INFO - [2025-07-09T02:44:28.348+0000] {dag.py:3490} INFO - Setting next_dagrun for latest_only to 2025-07-08T22:44:28.348214+00:00, run_after=2025-07-09T02:44:28.348214+00:00
[2025-07-09T02:44:28.370+0000] {processor.py:179} INFO - Processing /home/airflow/.local/lib/python3.7/site-packages/airflow/example_dags/example_latest_only.py took 0.094 seconds
[2025-07-09T02:44:58.724+0000] {processor.py:157} INFO - Started process (PID=8068) to work on /home/airflow/.local/lib/python3.7/site-packages/airflow/example_dags/example_latest_only.py
[2025-07-09T02:44:58.726+0000] {processor.py:826} INFO - Processing file /home/airflow/.local/lib/python3.7/site-packages/airflow/example_dags/example_latest_only.py for tasks to queue
[2025-07-09T02:44:58.728+0000] {logging_mixin.py:149} INFO - [2025-07-09T02:44:58.728+0000] {dagbag.py:541} INFO - Filling up the DagBag from /home/airflow/.local/lib/python3.7/site-packages/airflow/example_dags/example_latest_only.py
[2025-07-09T02:44:58.737+0000] {processor.py:836} INFO - DAG(s) dict_keys(['latest_only']) retrieved from /home/airflow/.local/lib/python3.7/site-packages/airflow/example_dags/example_latest_only.py
[2025-07-09T02:44:58.773+0000] {logging_mixin.py:149} INFO - [2025-07-09T02:44:58.772+0000] {dag.py:2726} INFO - Sync 1 DAGs
[2025-07-09T02:44:58.802+0000] {logging_mixin.py:149} INFO - [2025-07-09T02:44:58.802+0000] {dag.py:3490} INFO - Setting next_dagrun for latest_only to 2025-07-08T22:44:58.802584+00:00, run_after=2025-07-09T02:44:58.802584+00:00
[2025-07-09T02:44:58.828+0000] {processor.py:179} INFO - Processing /home/airflow/.local/lib/python3.7/site-packages/airflow/example_dags/example_latest_only.py took 0.109 seconds
[2025-07-09T02:45:29.530+0000] {processor.py:157} INFO - Started process (PID=8313) to work on /home/airflow/.local/lib/python3.7/site-packages/airflow/example_dags/example_latest_only.py
[2025-07-09T02:45:29.531+0000] {processor.py:826} INFO - Processing file /home/airflow/.local/lib/python3.7/site-packages/airflow/example_dags/example_latest_only.py for tasks to queue
[2025-07-09T02:45:29.532+0000] {logging_mixin.py:149} INFO - [2025-07-09T02:45:29.532+0000] {dagbag.py:541} INFO - Filling up the DagBag from /home/airflow/.local/lib/python3.7/site-packages/airflow/example_dags/example_latest_only.py
[2025-07-09T02:45:29.539+0000] {processor.py:836} INFO - DAG(s) dict_keys(['latest_only']) retrieved from /home/airflow/.local/lib/python3.7/site-packages/airflow/example_dags/example_latest_only.py
[2025-07-09T02:45:29.569+0000] {logging_mixin.py:149} INFO - [2025-07-09T02:45:29.569+0000] {dag.py:2726} INFO - Sync 1 DAGs
[2025-07-09T02:45:29.609+0000] {logging_mixin.py:149} INFO - [2025-07-09T02:45:29.608+0000] {dag.py:3490} INFO - Setting next_dagrun for latest_only to 2025-07-08T22:45:29.608605+00:00, run_after=2025-07-09T02:45:29.608605+00:00
[2025-07-09T02:45:29.637+0000] {processor.py:179} INFO - Processing /home/airflow/.local/lib/python3.7/site-packages/airflow/example_dags/example_latest_only.py took 0.114 seconds
[2025-07-09T02:46:00.300+0000] {processor.py:157} INFO - Started process (PID=8558) to work on /home/airflow/.local/lib/python3.7/site-packages/airflow/example_dags/example_latest_only.py
[2025-07-09T02:46:00.302+0000] {processor.py:826} INFO - Processing file /home/airflow/.local/lib/python3.7/site-packages/airflow/example_dags/example_latest_only.py for tasks to queue
[2025-07-09T02:46:00.302+0000] {logging_mixin.py:149} INFO - [2025-07-09T02:46:00.302+0000] {dagbag.py:541} INFO - Filling up the DagBag from /home/airflow/.local/lib/python3.7/site-packages/airflow/example_dags/example_latest_only.py
[2025-07-09T02:46:00.310+0000] {processor.py:836} INFO - DAG(s) dict_keys(['latest_only']) retrieved from /home/airflow/.local/lib/python3.7/site-packages/airflow/example_dags/example_latest_only.py
[2025-07-09T02:46:00.342+0000] {logging_mixin.py:149} INFO - [2025-07-09T02:46:00.342+0000] {dag.py:2726} INFO - Sync 1 DAGs
[2025-07-09T02:46:00.371+0000] {logging_mixin.py:149} INFO - [2025-07-09T02:46:00.371+0000] {dag.py:3490} INFO - Setting next_dagrun for latest_only to 2025-07-08T22:46:00.370861+00:00, run_after=2025-07-09T02:46:00.370861+00:00
[2025-07-09T02:46:00.393+0000] {processor.py:179} INFO - Processing /home/airflow/.local/lib/python3.7/site-packages/airflow/example_dags/example_latest_only.py took 0.097 seconds
[2025-07-09T02:46:31.334+0000] {processor.py:157} INFO - Started process (PID=8803) to work on /home/airflow/.local/lib/python3.7/site-packages/airflow/example_dags/example_latest_only.py
[2025-07-09T02:46:31.336+0000] {processor.py:826} INFO - Processing file /home/airflow/.local/lib/python3.7/site-packages/airflow/example_dags/example_latest_only.py for tasks to queue
[2025-07-09T02:46:31.337+0000] {logging_mixin.py:149} INFO - [2025-07-09T02:46:31.337+0000] {dagbag.py:541} INFO - Filling up the DagBag from /home/airflow/.local/lib/python3.7/site-packages/airflow/example_dags/example_latest_only.py
[2025-07-09T02:46:31.343+0000] {processor.py:836} INFO - DAG(s) dict_keys(['latest_only']) retrieved from /home/airflow/.local/lib/python3.7/site-packages/airflow/example_dags/example_latest_only.py
[2025-07-09T02:46:31.372+0000] {logging_mixin.py:149} INFO - [2025-07-09T02:46:31.372+0000] {dag.py:2726} INFO - Sync 1 DAGs
[2025-07-09T02:46:31.398+0000] {logging_mixin.py:149} INFO - [2025-07-09T02:46:31.398+0000] {dag.py:3490} INFO - Setting next_dagrun for latest_only to 2025-07-08T22:46:31.398145+00:00, run_after=2025-07-09T02:46:31.398145+00:00
[2025-07-09T02:46:31.419+0000] {processor.py:179} INFO - Processing /home/airflow/.local/lib/python3.7/site-packages/airflow/example_dags/example_latest_only.py took 0.089 seconds
[2025-07-09T02:47:01.971+0000] {processor.py:157} INFO - Started process (PID=9048) to work on /home/airflow/.local/lib/python3.7/site-packages/airflow/example_dags/example_latest_only.py
[2025-07-09T02:47:01.973+0000] {processor.py:826} INFO - Processing file /home/airflow/.local/lib/python3.7/site-packages/airflow/example_dags/example_latest_only.py for tasks to queue
[2025-07-09T02:47:01.974+0000] {logging_mixin.py:149} INFO - [2025-07-09T02:47:01.974+0000] {dagbag.py:541} INFO - Filling up the DagBag from /home/airflow/.local/lib/python3.7/site-packages/airflow/example_dags/example_latest_only.py
[2025-07-09T02:47:01.983+0000] {processor.py:836} INFO - DAG(s) dict_keys(['latest_only']) retrieved from /home/airflow/.local/lib/python3.7/site-packages/airflow/example_dags/example_latest_only.py
[2025-07-09T02:47:02.015+0000] {logging_mixin.py:149} INFO - [2025-07-09T02:47:02.015+0000] {dag.py:2726} INFO - Sync 1 DAGs
[2025-07-09T02:47:02.042+0000] {logging_mixin.py:149} INFO - [2025-07-09T02:47:02.042+0000] {dag.py:3490} INFO - Setting next_dagrun for latest_only to 2025-07-08T22:47:02.042304+00:00, run_after=2025-07-09T02:47:02.042304+00:00
[2025-07-09T02:47:02.063+0000] {processor.py:179} INFO - Processing /home/airflow/.local/lib/python3.7/site-packages/airflow/example_dags/example_latest_only.py took 0.097 seconds
[2025-07-09T02:47:32.475+0000] {processor.py:157} INFO - Started process (PID=9293) to work on /home/airflow/.local/lib/python3.7/site-packages/airflow/example_dags/example_latest_only.py
[2025-07-09T02:47:32.476+0000] {processor.py:826} INFO - Processing file /home/airflow/.local/lib/python3.7/site-packages/airflow/example_dags/example_latest_only.py for tasks to queue
[2025-07-09T02:47:32.477+0000] {logging_mixin.py:149} INFO - [2025-07-09T02:47:32.477+0000] {dagbag.py:541} INFO - Filling up the DagBag from /home/airflow/.local/lib/python3.7/site-packages/airflow/example_dags/example_latest_only.py
[2025-07-09T02:47:32.483+0000] {processor.py:836} INFO - DAG(s) dict_keys(['latest_only']) retrieved from /home/airflow/.local/lib/python3.7/site-packages/airflow/example_dags/example_latest_only.py
[2025-07-09T02:47:32.508+0000] {logging_mixin.py:149} INFO - [2025-07-09T02:47:32.508+0000] {dag.py:2726} INFO - Sync 1 DAGs
[2025-07-09T02:47:32.533+0000] {logging_mixin.py:149} INFO - [2025-07-09T02:47:32.532+0000] {dag.py:3490} INFO - Setting next_dagrun for latest_only to 2025-07-08T22:47:32.532618+00:00, run_after=2025-07-09T02:47:32.532618+00:00
[2025-07-09T02:47:32.554+0000] {processor.py:179} INFO - Processing /home/airflow/.local/lib/python3.7/site-packages/airflow/example_dags/example_latest_only.py took 0.082 seconds
[2025-07-09T02:48:02.877+0000] {processor.py:157} INFO - Started process (PID=9538) to work on /home/airflow/.local/lib/python3.7/site-packages/airflow/example_dags/example_latest_only.py
[2025-07-09T02:48:02.878+0000] {processor.py:826} INFO - Processing file /home/airflow/.local/lib/python3.7/site-packages/airflow/example_dags/example_latest_only.py for tasks to queue
[2025-07-09T02:48:02.879+0000] {logging_mixin.py:149} INFO - [2025-07-09T02:48:02.879+0000] {dagbag.py:541} INFO - Filling up the DagBag from /home/airflow/.local/lib/python3.7/site-packages/airflow/example_dags/example_latest_only.py
[2025-07-09T02:48:02.886+0000] {processor.py:836} INFO - DAG(s) dict_keys(['latest_only']) retrieved from /home/airflow/.local/lib/python3.7/site-packages/airflow/example_dags/example_latest_only.py
[2025-07-09T02:48:02.914+0000] {logging_mixin.py:149} INFO - [2025-07-09T02:48:02.914+0000] {dag.py:2726} INFO - Sync 1 DAGs
[2025-07-09T02:48:02.940+0000] {logging_mixin.py:149} INFO - [2025-07-09T02:48:02.940+0000] {dag.py:3490} INFO - Setting next_dagrun for latest_only to 2025-07-08T22:48:02.939834+00:00, run_after=2025-07-09T02:48:02.939834+00:00
[2025-07-09T02:48:02.962+0000] {processor.py:179} INFO - Processing /home/airflow/.local/lib/python3.7/site-packages/airflow/example_dags/example_latest_only.py took 0.089 seconds
[2025-07-09T02:48:33.019+0000] {processor.py:157} INFO - Started process (PID=9783) to work on /home/airflow/.local/lib/python3.7/site-packages/airflow/example_dags/example_latest_only.py
[2025-07-09T02:48:33.020+0000] {processor.py:826} INFO - Processing file /home/airflow/.local/lib/python3.7/site-packages/airflow/example_dags/example_latest_only.py for tasks to queue
[2025-07-09T02:48:33.022+0000] {logging_mixin.py:149} INFO - [2025-07-09T02:48:33.021+0000] {dagbag.py:541} INFO - Filling up the DagBag from /home/airflow/.local/lib/python3.7/site-packages/airflow/example_dags/example_latest_only.py
[2025-07-09T02:48:33.028+0000] {processor.py:836} INFO - DAG(s) dict_keys(['latest_only']) retrieved from /home/airflow/.local/lib/python3.7/site-packages/airflow/example_dags/example_latest_only.py
[2025-07-09T02:48:33.054+0000] {logging_mixin.py:149} INFO - [2025-07-09T02:48:33.054+0000] {dag.py:2726} INFO - Sync 1 DAGs
[2025-07-09T02:48:33.082+0000] {logging_mixin.py:149} INFO - [2025-07-09T02:48:33.082+0000] {dag.py:3490} INFO - Setting next_dagrun for latest_only to 2025-07-08T22:48:33.082139+00:00, run_after=2025-07-09T02:48:33.082139+00:00
[2025-07-09T02:48:33.104+0000] {processor.py:179} INFO - Processing /home/airflow/.local/lib/python3.7/site-packages/airflow/example_dags/example_latest_only.py took 0.089 seconds
[2025-07-09T02:49:03.501+0000] {processor.py:157} INFO - Started process (PID=10028) to work on /home/airflow/.local/lib/python3.7/site-packages/airflow/example_dags/example_latest_only.py
[2025-07-09T02:49:03.502+0000] {processor.py:826} INFO - Processing file /home/airflow/.local/lib/python3.7/site-packages/airflow/example_dags/example_latest_only.py for tasks to queue
[2025-07-09T02:49:03.503+0000] {logging_mixin.py:149} INFO - [2025-07-09T02:49:03.503+0000] {dagbag.py:541} INFO - Filling up the DagBag from /home/airflow/.local/lib/python3.7/site-packages/airflow/example_dags/example_latest_only.py
[2025-07-09T02:49:03.510+0000] {processor.py:836} INFO - DAG(s) dict_keys(['latest_only']) retrieved from /home/airflow/.local/lib/python3.7/site-packages/airflow/example_dags/example_latest_only.py
[2025-07-09T02:49:03.542+0000] {logging_mixin.py:149} INFO - [2025-07-09T02:49:03.541+0000] {dag.py:2726} INFO - Sync 1 DAGs
[2025-07-09T02:49:03.573+0000] {logging_mixin.py:149} INFO - [2025-07-09T02:49:03.573+0000] {dag.py:3490} INFO - Setting next_dagrun for latest_only to 2025-07-08T22:49:03.572909+00:00, run_after=2025-07-09T02:49:03.572909+00:00
[2025-07-09T02:49:03.597+0000] {processor.py:179} INFO - Processing /home/airflow/.local/lib/python3.7/site-packages/airflow/example_dags/example_latest_only.py took 0.100 seconds
[2025-07-09T02:49:34.010+0000] {processor.py:157} INFO - Started process (PID=10273) to work on /home/airflow/.local/lib/python3.7/site-packages/airflow/example_dags/example_latest_only.py
[2025-07-09T02:49:34.011+0000] {processor.py:826} INFO - Processing file /home/airflow/.local/lib/python3.7/site-packages/airflow/example_dags/example_latest_only.py for tasks to queue
[2025-07-09T02:49:34.012+0000] {logging_mixin.py:149} INFO - [2025-07-09T02:49:34.012+0000] {dagbag.py:541} INFO - Filling up the DagBag from /home/airflow/.local/lib/python3.7/site-packages/airflow/example_dags/example_latest_only.py
[2025-07-09T02:49:34.018+0000] {processor.py:836} INFO - DAG(s) dict_keys(['latest_only']) retrieved from /home/airflow/.local/lib/python3.7/site-packages/airflow/example_dags/example_latest_only.py
[2025-07-09T02:49:34.044+0000] {logging_mixin.py:149} INFO - [2025-07-09T02:49:34.044+0000] {dag.py:2726} INFO - Sync 1 DAGs
[2025-07-09T02:49:34.073+0000] {logging_mixin.py:149} INFO - [2025-07-09T02:49:34.072+0000] {dag.py:3490} INFO - Setting next_dagrun for latest_only to 2025-07-08T22:49:34.072668+00:00, run_after=2025-07-09T02:49:34.072668+00:00
[2025-07-09T02:49:34.093+0000] {processor.py:179} INFO - Processing /home/airflow/.local/lib/python3.7/site-packages/airflow/example_dags/example_latest_only.py took 0.087 seconds
[2025-07-09T02:50:04.244+0000] {processor.py:157} INFO - Started process (PID=10518) to work on /home/airflow/.local/lib/python3.7/site-packages/airflow/example_dags/example_latest_only.py
[2025-07-09T02:50:04.246+0000] {processor.py:826} INFO - Processing file /home/airflow/.local/lib/python3.7/site-packages/airflow/example_dags/example_latest_only.py for tasks to queue
[2025-07-09T02:50:04.247+0000] {logging_mixin.py:149} INFO - [2025-07-09T02:50:04.247+0000] {dagbag.py:541} INFO - Filling up the DagBag from /home/airflow/.local/lib/python3.7/site-packages/airflow/example_dags/example_latest_only.py
[2025-07-09T02:50:04.254+0000] {processor.py:836} INFO - DAG(s) dict_keys(['latest_only']) retrieved from /home/airflow/.local/lib/python3.7/site-packages/airflow/example_dags/example_latest_only.py
[2025-07-09T02:50:04.284+0000] {logging_mixin.py:149} INFO - [2025-07-09T02:50:04.284+0000] {dag.py:2726} INFO - Sync 1 DAGs
[2025-07-09T02:50:04.312+0000] {logging_mixin.py:149} INFO - [2025-07-09T02:50:04.312+0000] {dag.py:3490} INFO - Setting next_dagrun for latest_only to 2025-07-08T22:50:04.312316+00:00, run_after=2025-07-09T02:50:04.312316+00:00
[2025-07-09T02:50:04.336+0000] {processor.py:179} INFO - Processing /home/airflow/.local/lib/python3.7/site-packages/airflow/example_dags/example_latest_only.py took 0.096 seconds
[2025-07-09T02:50:34.572+0000] {processor.py:157} INFO - Started process (PID=10763) to work on /home/airflow/.local/lib/python3.7/site-packages/airflow/example_dags/example_latest_only.py
[2025-07-09T02:50:34.574+0000] {processor.py:826} INFO - Processing file /home/airflow/.local/lib/python3.7/site-packages/airflow/example_dags/example_latest_only.py for tasks to queue
[2025-07-09T02:50:34.575+0000] {logging_mixin.py:149} INFO - [2025-07-09T02:50:34.574+0000] {dagbag.py:541} INFO - Filling up the DagBag from /home/airflow/.local/lib/python3.7/site-packages/airflow/example_dags/example_latest_only.py
[2025-07-09T02:50:34.582+0000] {processor.py:836} INFO - DAG(s) dict_keys(['latest_only']) retrieved from /home/airflow/.local/lib/python3.7/site-packages/airflow/example_dags/example_latest_only.py
[2025-07-09T02:50:34.612+0000] {logging_mixin.py:149} INFO - [2025-07-09T02:50:34.611+0000] {dag.py:2726} INFO - Sync 1 DAGs
[2025-07-09T02:50:34.642+0000] {logging_mixin.py:149} INFO - [2025-07-09T02:50:34.642+0000] {dag.py:3490} INFO - Setting next_dagrun for latest_only to 2025-07-08T22:50:34.641702+00:00, run_after=2025-07-09T02:50:34.641702+00:00
[2025-07-09T02:50:34.664+0000] {processor.py:179} INFO - Processing /home/airflow/.local/lib/python3.7/site-packages/airflow/example_dags/example_latest_only.py took 0.096 seconds
[2025-07-09T02:51:04.862+0000] {processor.py:157} INFO - Started process (PID=11008) to work on /home/airflow/.local/lib/python3.7/site-packages/airflow/example_dags/example_latest_only.py
[2025-07-09T02:51:04.863+0000] {processor.py:826} INFO - Processing file /home/airflow/.local/lib/python3.7/site-packages/airflow/example_dags/example_latest_only.py for tasks to queue
[2025-07-09T02:51:04.864+0000] {logging_mixin.py:149} INFO - [2025-07-09T02:51:04.864+0000] {dagbag.py:541} INFO - Filling up the DagBag from /home/airflow/.local/lib/python3.7/site-packages/airflow/example_dags/example_latest_only.py
[2025-07-09T02:51:04.871+0000] {processor.py:836} INFO - DAG(s) dict_keys(['latest_only']) retrieved from /home/airflow/.local/lib/python3.7/site-packages/airflow/example_dags/example_latest_only.py
[2025-07-09T02:51:04.896+0000] {logging_mixin.py:149} INFO - [2025-07-09T02:51:04.896+0000] {dag.py:2726} INFO - Sync 1 DAGs
[2025-07-09T02:51:04.921+0000] {logging_mixin.py:149} INFO - [2025-07-09T02:51:04.921+0000] {dag.py:3490} INFO - Setting next_dagrun for latest_only to 2025-07-08T22:51:04.921515+00:00, run_after=2025-07-09T02:51:04.921515+00:00
[2025-07-09T02:51:04.948+0000] {processor.py:179} INFO - Processing /home/airflow/.local/lib/python3.7/site-packages/airflow/example_dags/example_latest_only.py took 0.091 seconds
[2025-07-09T02:51:35.054+0000] {processor.py:157} INFO - Started process (PID=11253) to work on /home/airflow/.local/lib/python3.7/site-packages/airflow/example_dags/example_latest_only.py
[2025-07-09T02:51:35.055+0000] {processor.py:826} INFO - Processing file /home/airflow/.local/lib/python3.7/site-packages/airflow/example_dags/example_latest_only.py for tasks to queue
[2025-07-09T02:51:35.056+0000] {logging_mixin.py:149} INFO - [2025-07-09T02:51:35.055+0000] {dagbag.py:541} INFO - Filling up the DagBag from /home/airflow/.local/lib/python3.7/site-packages/airflow/example_dags/example_latest_only.py
[2025-07-09T02:51:35.062+0000] {processor.py:836} INFO - DAG(s) dict_keys(['latest_only']) retrieved from /home/airflow/.local/lib/python3.7/site-packages/airflow/example_dags/example_latest_only.py
[2025-07-09T02:51:35.088+0000] {logging_mixin.py:149} INFO - [2025-07-09T02:51:35.088+0000] {dag.py:2726} INFO - Sync 1 DAGs
[2025-07-09T02:51:35.116+0000] {logging_mixin.py:149} INFO - [2025-07-09T02:51:35.116+0000] {dag.py:3490} INFO - Setting next_dagrun for latest_only to 2025-07-08T22:51:35.116300+00:00, run_after=2025-07-09T02:51:35.116300+00:00
[2025-07-09T02:51:35.138+0000] {processor.py:179} INFO - Processing /home/airflow/.local/lib/python3.7/site-packages/airflow/example_dags/example_latest_only.py took 0.088 seconds
[2025-07-09T02:52:05.580+0000] {processor.py:157} INFO - Started process (PID=11497) to work on /home/airflow/.local/lib/python3.7/site-packages/airflow/example_dags/example_latest_only.py
[2025-07-09T02:52:05.581+0000] {processor.py:826} INFO - Processing file /home/airflow/.local/lib/python3.7/site-packages/airflow/example_dags/example_latest_only.py for tasks to queue
[2025-07-09T02:52:05.583+0000] {logging_mixin.py:149} INFO - [2025-07-09T02:52:05.583+0000] {dagbag.py:541} INFO - Filling up the DagBag from /home/airflow/.local/lib/python3.7/site-packages/airflow/example_dags/example_latest_only.py
[2025-07-09T02:52:05.590+0000] {processor.py:836} INFO - DAG(s) dict_keys(['latest_only']) retrieved from /home/airflow/.local/lib/python3.7/site-packages/airflow/example_dags/example_latest_only.py
[2025-07-09T02:52:05.618+0000] {logging_mixin.py:149} INFO - [2025-07-09T02:52:05.617+0000] {dag.py:2726} INFO - Sync 1 DAGs
[2025-07-09T02:52:05.644+0000] {logging_mixin.py:149} INFO - [2025-07-09T02:52:05.644+0000] {dag.py:3490} INFO - Setting next_dagrun for latest_only to 2025-07-08T22:52:05.644531+00:00, run_after=2025-07-09T02:52:05.644531+00:00
[2025-07-09T02:52:05.667+0000] {processor.py:179} INFO - Processing /home/airflow/.local/lib/python3.7/site-packages/airflow/example_dags/example_latest_only.py took 0.091 seconds
[2025-07-09T02:52:35.883+0000] {processor.py:157} INFO - Started process (PID=11742) to work on /home/airflow/.local/lib/python3.7/site-packages/airflow/example_dags/example_latest_only.py
[2025-07-09T02:52:35.884+0000] {processor.py:826} INFO - Processing file /home/airflow/.local/lib/python3.7/site-packages/airflow/example_dags/example_latest_only.py for tasks to queue
[2025-07-09T02:52:35.885+0000] {logging_mixin.py:149} INFO - [2025-07-09T02:52:35.885+0000] {dagbag.py:541} INFO - Filling up the DagBag from /home/airflow/.local/lib/python3.7/site-packages/airflow/example_dags/example_latest_only.py
[2025-07-09T02:52:35.891+0000] {processor.py:836} INFO - DAG(s) dict_keys(['latest_only']) retrieved from /home/airflow/.local/lib/python3.7/site-packages/airflow/example_dags/example_latest_only.py
[2025-07-09T02:52:35.919+0000] {logging_mixin.py:149} INFO - [2025-07-09T02:52:35.919+0000] {dag.py:2726} INFO - Sync 1 DAGs
[2025-07-09T02:52:35.945+0000] {logging_mixin.py:149} INFO - [2025-07-09T02:52:35.945+0000] {dag.py:3490} INFO - Setting next_dagrun for latest_only to 2025-07-08T22:52:35.945515+00:00, run_after=2025-07-09T02:52:35.945515+00:00
[2025-07-09T02:52:35.966+0000] {processor.py:179} INFO - Processing /home/airflow/.local/lib/python3.7/site-packages/airflow/example_dags/example_latest_only.py took 0.087 seconds
[2025-07-09T02:53:06.347+0000] {processor.py:157} INFO - Started process (PID=11987) to work on /home/airflow/.local/lib/python3.7/site-packages/airflow/example_dags/example_latest_only.py
[2025-07-09T02:53:06.348+0000] {processor.py:826} INFO - Processing file /home/airflow/.local/lib/python3.7/site-packages/airflow/example_dags/example_latest_only.py for tasks to queue
[2025-07-09T02:53:06.350+0000] {logging_mixin.py:149} INFO - [2025-07-09T02:53:06.350+0000] {dagbag.py:541} INFO - Filling up the DagBag from /home/airflow/.local/lib/python3.7/site-packages/airflow/example_dags/example_latest_only.py
[2025-07-09T02:53:06.358+0000] {processor.py:836} INFO - DAG(s) dict_keys(['latest_only']) retrieved from /home/airflow/.local/lib/python3.7/site-packages/airflow/example_dags/example_latest_only.py
[2025-07-09T02:53:06.388+0000] {logging_mixin.py:149} INFO - [2025-07-09T02:53:06.388+0000] {dag.py:2726} INFO - Sync 1 DAGs
[2025-07-09T02:53:06.415+0000] {logging_mixin.py:149} INFO - [2025-07-09T02:53:06.415+0000] {dag.py:3490} INFO - Setting next_dagrun for latest_only to 2025-07-08T22:53:06.415230+00:00, run_after=2025-07-09T02:53:06.415230+00:00
[2025-07-09T02:53:06.438+0000] {processor.py:179} INFO - Processing /home/airflow/.local/lib/python3.7/site-packages/airflow/example_dags/example_latest_only.py took 0.096 seconds
[2025-07-09T02:53:36.605+0000] {processor.py:157} INFO - Started process (PID=12232) to work on /home/airflow/.local/lib/python3.7/site-packages/airflow/example_dags/example_latest_only.py
[2025-07-09T02:53:36.606+0000] {processor.py:826} INFO - Processing file /home/airflow/.local/lib/python3.7/site-packages/airflow/example_dags/example_latest_only.py for tasks to queue
[2025-07-09T02:53:36.607+0000] {logging_mixin.py:149} INFO - [2025-07-09T02:53:36.607+0000] {dagbag.py:541} INFO - Filling up the DagBag from /home/airflow/.local/lib/python3.7/site-packages/airflow/example_dags/example_latest_only.py
[2025-07-09T02:53:36.614+0000] {processor.py:836} INFO - DAG(s) dict_keys(['latest_only']) retrieved from /home/airflow/.local/lib/python3.7/site-packages/airflow/example_dags/example_latest_only.py
[2025-07-09T02:53:36.642+0000] {logging_mixin.py:149} INFO - [2025-07-09T02:53:36.641+0000] {dag.py:2726} INFO - Sync 1 DAGs
[2025-07-09T02:53:36.669+0000] {logging_mixin.py:149} INFO - [2025-07-09T02:53:36.669+0000] {dag.py:3490} INFO - Setting next_dagrun for latest_only to 2025-07-08T22:53:36.669168+00:00, run_after=2025-07-09T02:53:36.669168+00:00
[2025-07-09T02:53:36.691+0000] {processor.py:179} INFO - Processing /home/airflow/.local/lib/python3.7/site-packages/airflow/example_dags/example_latest_only.py took 0.090 seconds
[2025-07-09T02:54:07.491+0000] {processor.py:157} INFO - Started process (PID=12478) to work on /home/airflow/.local/lib/python3.7/site-packages/airflow/example_dags/example_latest_only.py
[2025-07-09T02:54:07.492+0000] {processor.py:826} INFO - Processing file /home/airflow/.local/lib/python3.7/site-packages/airflow/example_dags/example_latest_only.py for tasks to queue
[2025-07-09T02:54:07.493+0000] {logging_mixin.py:149} INFO - [2025-07-09T02:54:07.492+0000] {dagbag.py:541} INFO - Filling up the DagBag from /home/airflow/.local/lib/python3.7/site-packages/airflow/example_dags/example_latest_only.py
[2025-07-09T02:54:07.498+0000] {processor.py:836} INFO - DAG(s) dict_keys(['latest_only']) retrieved from /home/airflow/.local/lib/python3.7/site-packages/airflow/example_dags/example_latest_only.py
[2025-07-09T02:54:07.524+0000] {logging_mixin.py:149} INFO - [2025-07-09T02:54:07.524+0000] {dag.py:2726} INFO - Sync 1 DAGs
[2025-07-09T02:54:07.549+0000] {logging_mixin.py:149} INFO - [2025-07-09T02:54:07.549+0000] {dag.py:3490} INFO - Setting next_dagrun for latest_only to 2025-07-08T22:54:07.549089+00:00, run_after=2025-07-09T02:54:07.549089+00:00
[2025-07-09T02:54:07.569+0000] {processor.py:179} INFO - Processing /home/airflow/.local/lib/python3.7/site-packages/airflow/example_dags/example_latest_only.py took 0.082 seconds
[2025-07-09T02:54:37.931+0000] {processor.py:157} INFO - Started process (PID=12723) to work on /home/airflow/.local/lib/python3.7/site-packages/airflow/example_dags/example_latest_only.py
[2025-07-09T02:54:37.932+0000] {processor.py:826} INFO - Processing file /home/airflow/.local/lib/python3.7/site-packages/airflow/example_dags/example_latest_only.py for tasks to queue
[2025-07-09T02:54:37.933+0000] {logging_mixin.py:149} INFO - [2025-07-09T02:54:37.933+0000] {dagbag.py:541} INFO - Filling up the DagBag from /home/airflow/.local/lib/python3.7/site-packages/airflow/example_dags/example_latest_only.py
[2025-07-09T02:54:37.940+0000] {processor.py:836} INFO - DAG(s) dict_keys(['latest_only']) retrieved from /home/airflow/.local/lib/python3.7/site-packages/airflow/example_dags/example_latest_only.py
[2025-07-09T02:54:37.973+0000] {logging_mixin.py:149} INFO - [2025-07-09T02:54:37.973+0000] {dag.py:2726} INFO - Sync 1 DAGs
[2025-07-09T02:54:38.004+0000] {logging_mixin.py:149} INFO - [2025-07-09T02:54:38.003+0000] {dag.py:3490} INFO - Setting next_dagrun for latest_only to 2025-07-08T22:54:38.003686+00:00, run_after=2025-07-09T02:54:38.003686+00:00
[2025-07-09T02:54:38.027+0000] {processor.py:179} INFO - Processing /home/airflow/.local/lib/python3.7/site-packages/airflow/example_dags/example_latest_only.py took 0.100 seconds
[2025-07-09T02:55:08.503+0000] {processor.py:157} INFO - Started process (PID=12968) to work on /home/airflow/.local/lib/python3.7/site-packages/airflow/example_dags/example_latest_only.py
[2025-07-09T02:55:08.505+0000] {processor.py:826} INFO - Processing file /home/airflow/.local/lib/python3.7/site-packages/airflow/example_dags/example_latest_only.py for tasks to queue
[2025-07-09T02:55:08.506+0000] {logging_mixin.py:149} INFO - [2025-07-09T02:55:08.506+0000] {dagbag.py:541} INFO - Filling up the DagBag from /home/airflow/.local/lib/python3.7/site-packages/airflow/example_dags/example_latest_only.py
[2025-07-09T02:55:08.515+0000] {processor.py:836} INFO - DAG(s) dict_keys(['latest_only']) retrieved from /home/airflow/.local/lib/python3.7/site-packages/airflow/example_dags/example_latest_only.py
[2025-07-09T02:55:08.554+0000] {logging_mixin.py:149} INFO - [2025-07-09T02:55:08.554+0000] {dag.py:2726} INFO - Sync 1 DAGs
[2025-07-09T02:55:08.594+0000] {logging_mixin.py:149} INFO - [2025-07-09T02:55:08.594+0000] {dag.py:3490} INFO - Setting next_dagrun for latest_only to 2025-07-08T22:55:08.593879+00:00, run_after=2025-07-09T02:55:08.593879+00:00
[2025-07-09T02:55:08.629+0000] {processor.py:179} INFO - Processing /home/airflow/.local/lib/python3.7/site-packages/airflow/example_dags/example_latest_only.py took 0.131 seconds
