[2025-07-09T02:43:56.887+0000] {processor.py:157} INFO - Started process (PID=7562) to work on /home/airflow/.local/lib/python3.7/site-packages/airflow/example_dags/example_nested_branch_dag.py
[2025-07-09T02:43:56.889+0000] {processor.py:826} INFO - Processing file /home/airflow/.local/lib/python3.7/site-packages/airflow/example_dags/example_nested_branch_dag.py for tasks to queue
[2025-07-09T02:43:56.890+0000] {logging_mixin.py:149} INFO - [2025-07-09T02:43:56.890+0000] {dagbag.py:541} INFO - Filling up the DagBag from /home/airflow/.local/lib/python3.7/site-packages/airflow/example_dags/example_nested_branch_dag.py
[2025-07-09T02:43:56.908+0000] {processor.py:836} INFO - DAG(s) dict_keys(['example_nested_branch_dag']) retrieved from /home/airflow/.local/lib/python3.7/site-packages/airflow/example_dags/example_nested_branch_dag.py
[2025-07-09T02:43:56.955+0000] {logging_mixin.py:149} INFO - [2025-07-09T02:43:56.955+0000] {dag.py:2726} INFO - Sync 1 DAGs
[2025-07-09T02:43:57.005+0000] {logging_mixin.py:149} INFO - [2025-07-09T02:43:57.005+0000] {dag.py:3490} INFO - Setting next_dagrun for example_nested_branch_dag to 2025-07-08T00:00:00+00:00, run_after=2025-07-09T00:00:00+00:00
[2025-07-09T02:43:57.045+0000] {processor.py:179} INFO - Processing /home/airflow/.local/lib/python3.7/site-packages/airflow/example_dags/example_nested_branch_dag.py took 0.163 seconds
[2025-07-09T02:44:27.570+0000] {processor.py:157} INFO - Started process (PID=7794) to work on /home/airflow/.local/lib/python3.7/site-packages/airflow/example_dags/example_nested_branch_dag.py
[2025-07-09T02:44:27.571+0000] {processor.py:826} INFO - Processing file /home/airflow/.local/lib/python3.7/site-packages/airflow/example_dags/example_nested_branch_dag.py for tasks to queue
[2025-07-09T02:44:27.572+0000] {logging_mixin.py:149} INFO - [2025-07-09T02:44:27.572+0000] {dagbag.py:541} INFO - Filling up the DagBag from /home/airflow/.local/lib/python3.7/site-packages/airflow/example_dags/example_nested_branch_dag.py
[2025-07-09T02:44:27.587+0000] {processor.py:836} INFO - DAG(s) dict_keys(['example_nested_branch_dag']) retrieved from /home/airflow/.local/lib/python3.7/site-packages/airflow/example_dags/example_nested_branch_dag.py
[2025-07-09T02:44:27.623+0000] {logging_mixin.py:149} INFO - [2025-07-09T02:44:27.622+0000] {dag.py:2726} INFO - Sync 1 DAGs
[2025-07-09T02:44:27.650+0000] {logging_mixin.py:149} INFO - [2025-07-09T02:44:27.650+0000] {dag.py:3490} INFO - Setting next_dagrun for example_nested_branch_dag to 2025-07-08T00:00:00+00:00, run_after=2025-07-09T00:00:00+00:00
[2025-07-09T02:44:27.671+0000] {processor.py:179} INFO - Processing /home/airflow/.local/lib/python3.7/site-packages/airflow/example_dags/example_nested_branch_dag.py took 0.105 seconds
[2025-07-09T02:44:58.198+0000] {processor.py:157} INFO - Started process (PID=8038) to work on /home/airflow/.local/lib/python3.7/site-packages/airflow/example_dags/example_nested_branch_dag.py
[2025-07-09T02:44:58.199+0000] {processor.py:826} INFO - Processing file /home/airflow/.local/lib/python3.7/site-packages/airflow/example_dags/example_nested_branch_dag.py for tasks to queue
[2025-07-09T02:44:58.200+0000] {logging_mixin.py:149} INFO - [2025-07-09T02:44:58.200+0000] {dagbag.py:541} INFO - Filling up the DagBag from /home/airflow/.local/lib/python3.7/site-packages/airflow/example_dags/example_nested_branch_dag.py
[2025-07-09T02:44:58.219+0000] {processor.py:836} INFO - DAG(s) dict_keys(['example_nested_branch_dag']) retrieved from /home/airflow/.local/lib/python3.7/site-packages/airflow/example_dags/example_nested_branch_dag.py
[2025-07-09T02:44:58.261+0000] {logging_mixin.py:149} INFO - [2025-07-09T02:44:58.260+0000] {dag.py:2726} INFO - Sync 1 DAGs
[2025-07-09T02:44:58.292+0000] {logging_mixin.py:149} INFO - [2025-07-09T02:44:58.292+0000] {dag.py:3490} INFO - Setting next_dagrun for example_nested_branch_dag to 2025-07-08T00:00:00+00:00, run_after=2025-07-09T00:00:00+00:00
[2025-07-09T02:44:58.317+0000] {processor.py:179} INFO - Processing /home/airflow/.local/lib/python3.7/site-packages/airflow/example_dags/example_nested_branch_dag.py took 0.124 seconds
[2025-07-09T02:45:29.105+0000] {processor.py:157} INFO - Started process (PID=8283) to work on /home/airflow/.local/lib/python3.7/site-packages/airflow/example_dags/example_nested_branch_dag.py
[2025-07-09T02:45:29.106+0000] {processor.py:826} INFO - Processing file /home/airflow/.local/lib/python3.7/site-packages/airflow/example_dags/example_nested_branch_dag.py for tasks to queue
[2025-07-09T02:45:29.107+0000] {logging_mixin.py:149} INFO - [2025-07-09T02:45:29.107+0000] {dagbag.py:541} INFO - Filling up the DagBag from /home/airflow/.local/lib/python3.7/site-packages/airflow/example_dags/example_nested_branch_dag.py
[2025-07-09T02:45:29.118+0000] {processor.py:836} INFO - DAG(s) dict_keys(['example_nested_branch_dag']) retrieved from /home/airflow/.local/lib/python3.7/site-packages/airflow/example_dags/example_nested_branch_dag.py
[2025-07-09T02:45:29.147+0000] {logging_mixin.py:149} INFO - [2025-07-09T02:45:29.146+0000] {dag.py:2726} INFO - Sync 1 DAGs
[2025-07-09T02:45:29.176+0000] {logging_mixin.py:149} INFO - [2025-07-09T02:45:29.176+0000] {dag.py:3490} INFO - Setting next_dagrun for example_nested_branch_dag to 2025-07-08T00:00:00+00:00, run_after=2025-07-09T00:00:00+00:00
[2025-07-09T02:45:29.201+0000] {processor.py:179} INFO - Processing /home/airflow/.local/lib/python3.7/site-packages/airflow/example_dags/example_nested_branch_dag.py took 0.100 seconds
[2025-07-09T02:45:59.904+0000] {processor.py:157} INFO - Started process (PID=8528) to work on /home/airflow/.local/lib/python3.7/site-packages/airflow/example_dags/example_nested_branch_dag.py
[2025-07-09T02:45:59.906+0000] {processor.py:826} INFO - Processing file /home/airflow/.local/lib/python3.7/site-packages/airflow/example_dags/example_nested_branch_dag.py for tasks to queue
[2025-07-09T02:45:59.907+0000] {logging_mixin.py:149} INFO - [2025-07-09T02:45:59.907+0000] {dagbag.py:541} INFO - Filling up the DagBag from /home/airflow/.local/lib/python3.7/site-packages/airflow/example_dags/example_nested_branch_dag.py
[2025-07-09T02:45:59.920+0000] {processor.py:836} INFO - DAG(s) dict_keys(['example_nested_branch_dag']) retrieved from /home/airflow/.local/lib/python3.7/site-packages/airflow/example_dags/example_nested_branch_dag.py
[2025-07-09T02:45:59.955+0000] {logging_mixin.py:149} INFO - [2025-07-09T02:45:59.954+0000] {dag.py:2726} INFO - Sync 1 DAGs
[2025-07-09T02:45:59.985+0000] {logging_mixin.py:149} INFO - [2025-07-09T02:45:59.985+0000] {dag.py:3490} INFO - Setting next_dagrun for example_nested_branch_dag to 2025-07-08T00:00:00+00:00, run_after=2025-07-09T00:00:00+00:00
[2025-07-09T02:46:00.008+0000] {processor.py:179} INFO - Processing /home/airflow/.local/lib/python3.7/site-packages/airflow/example_dags/example_nested_branch_dag.py took 0.108 seconds
[2025-07-09T02:46:30.911+0000] {processor.py:157} INFO - Started process (PID=8773) to work on /home/airflow/.local/lib/python3.7/site-packages/airflow/example_dags/example_nested_branch_dag.py
[2025-07-09T02:46:30.912+0000] {processor.py:826} INFO - Processing file /home/airflow/.local/lib/python3.7/site-packages/airflow/example_dags/example_nested_branch_dag.py for tasks to queue
[2025-07-09T02:46:30.913+0000] {logging_mixin.py:149} INFO - [2025-07-09T02:46:30.913+0000] {dagbag.py:541} INFO - Filling up the DagBag from /home/airflow/.local/lib/python3.7/site-packages/airflow/example_dags/example_nested_branch_dag.py
[2025-07-09T02:46:30.924+0000] {processor.py:836} INFO - DAG(s) dict_keys(['example_nested_branch_dag']) retrieved from /home/airflow/.local/lib/python3.7/site-packages/airflow/example_dags/example_nested_branch_dag.py
[2025-07-09T02:46:30.953+0000] {logging_mixin.py:149} INFO - [2025-07-09T02:46:30.953+0000] {dag.py:2726} INFO - Sync 1 DAGs
[2025-07-09T02:46:30.983+0000] {logging_mixin.py:149} INFO - [2025-07-09T02:46:30.982+0000] {dag.py:3490} INFO - Setting next_dagrun for example_nested_branch_dag to 2025-07-08T00:00:00+00:00, run_after=2025-07-09T00:00:00+00:00
[2025-07-09T02:46:31.005+0000] {processor.py:179} INFO - Processing /home/airflow/.local/lib/python3.7/site-packages/airflow/example_dags/example_nested_branch_dag.py took 0.098 seconds
[2025-07-09T02:47:01.586+0000] {processor.py:157} INFO - Started process (PID=9018) to work on /home/airflow/.local/lib/python3.7/site-packages/airflow/example_dags/example_nested_branch_dag.py
[2025-07-09T02:47:01.587+0000] {processor.py:826} INFO - Processing file /home/airflow/.local/lib/python3.7/site-packages/airflow/example_dags/example_nested_branch_dag.py for tasks to queue
[2025-07-09T02:47:01.588+0000] {logging_mixin.py:149} INFO - [2025-07-09T02:47:01.588+0000] {dagbag.py:541} INFO - Filling up the DagBag from /home/airflow/.local/lib/python3.7/site-packages/airflow/example_dags/example_nested_branch_dag.py
[2025-07-09T02:47:01.599+0000] {processor.py:836} INFO - DAG(s) dict_keys(['example_nested_branch_dag']) retrieved from /home/airflow/.local/lib/python3.7/site-packages/airflow/example_dags/example_nested_branch_dag.py
[2025-07-09T02:47:01.627+0000] {logging_mixin.py:149} INFO - [2025-07-09T02:47:01.627+0000] {dag.py:2726} INFO - Sync 1 DAGs
[2025-07-09T02:47:01.654+0000] {logging_mixin.py:149} INFO - [2025-07-09T02:47:01.654+0000] {dag.py:3490} INFO - Setting next_dagrun for example_nested_branch_dag to 2025-07-08T00:00:00+00:00, run_after=2025-07-09T00:00:00+00:00
[2025-07-09T02:47:01.675+0000] {processor.py:179} INFO - Processing /home/airflow/.local/lib/python3.7/site-packages/airflow/example_dags/example_nested_branch_dag.py took 0.092 seconds
[2025-07-09T02:47:32.065+0000] {processor.py:157} INFO - Started process (PID=9263) to work on /home/airflow/.local/lib/python3.7/site-packages/airflow/example_dags/example_nested_branch_dag.py
[2025-07-09T02:47:32.066+0000] {processor.py:826} INFO - Processing file /home/airflow/.local/lib/python3.7/site-packages/airflow/example_dags/example_nested_branch_dag.py for tasks to queue
[2025-07-09T02:47:32.067+0000] {logging_mixin.py:149} INFO - [2025-07-09T02:47:32.067+0000] {dagbag.py:541} INFO - Filling up the DagBag from /home/airflow/.local/lib/python3.7/site-packages/airflow/example_dags/example_nested_branch_dag.py
[2025-07-09T02:47:32.079+0000] {processor.py:836} INFO - DAG(s) dict_keys(['example_nested_branch_dag']) retrieved from /home/airflow/.local/lib/python3.7/site-packages/airflow/example_dags/example_nested_branch_dag.py
[2025-07-09T02:47:32.108+0000] {logging_mixin.py:149} INFO - [2025-07-09T02:47:32.108+0000] {dag.py:2726} INFO - Sync 1 DAGs
[2025-07-09T02:47:32.135+0000] {logging_mixin.py:149} INFO - [2025-07-09T02:47:32.135+0000] {dag.py:3490} INFO - Setting next_dagrun for example_nested_branch_dag to 2025-07-08T00:00:00+00:00, run_after=2025-07-09T00:00:00+00:00
[2025-07-09T02:47:32.155+0000] {processor.py:179} INFO - Processing /home/airflow/.local/lib/python3.7/site-packages/airflow/example_dags/example_nested_branch_dag.py took 0.094 seconds
[2025-07-09T02:48:02.497+0000] {processor.py:157} INFO - Started process (PID=9508) to work on /home/airflow/.local/lib/python3.7/site-packages/airflow/example_dags/example_nested_branch_dag.py
[2025-07-09T02:48:02.498+0000] {processor.py:826} INFO - Processing file /home/airflow/.local/lib/python3.7/site-packages/airflow/example_dags/example_nested_branch_dag.py for tasks to queue
[2025-07-09T02:48:02.499+0000] {logging_mixin.py:149} INFO - [2025-07-09T02:48:02.499+0000] {dagbag.py:541} INFO - Filling up the DagBag from /home/airflow/.local/lib/python3.7/site-packages/airflow/example_dags/example_nested_branch_dag.py
[2025-07-09T02:48:02.511+0000] {processor.py:836} INFO - DAG(s) dict_keys(['example_nested_branch_dag']) retrieved from /home/airflow/.local/lib/python3.7/site-packages/airflow/example_dags/example_nested_branch_dag.py
[2025-07-09T02:48:02.542+0000] {logging_mixin.py:149} INFO - [2025-07-09T02:48:02.542+0000] {dag.py:2726} INFO - Sync 1 DAGs
[2025-07-09T02:48:02.569+0000] {logging_mixin.py:149} INFO - [2025-07-09T02:48:02.568+0000] {dag.py:3490} INFO - Setting next_dagrun for example_nested_branch_dag to 2025-07-08T00:00:00+00:00, run_after=2025-07-09T00:00:00+00:00
[2025-07-09T02:48:02.590+0000] {processor.py:179} INFO - Processing /home/airflow/.local/lib/python3.7/site-packages/airflow/example_dags/example_nested_branch_dag.py took 0.097 seconds
[2025-07-09T02:48:32.663+0000] {processor.py:157} INFO - Started process (PID=9753) to work on /home/airflow/.local/lib/python3.7/site-packages/airflow/example_dags/example_nested_branch_dag.py
[2025-07-09T02:48:32.664+0000] {processor.py:826} INFO - Processing file /home/airflow/.local/lib/python3.7/site-packages/airflow/example_dags/example_nested_branch_dag.py for tasks to queue
[2025-07-09T02:48:32.665+0000] {logging_mixin.py:149} INFO - [2025-07-09T02:48:32.665+0000] {dagbag.py:541} INFO - Filling up the DagBag from /home/airflow/.local/lib/python3.7/site-packages/airflow/example_dags/example_nested_branch_dag.py
[2025-07-09T02:48:32.677+0000] {processor.py:836} INFO - DAG(s) dict_keys(['example_nested_branch_dag']) retrieved from /home/airflow/.local/lib/python3.7/site-packages/airflow/example_dags/example_nested_branch_dag.py
[2025-07-09T02:48:32.706+0000] {logging_mixin.py:149} INFO - [2025-07-09T02:48:32.705+0000] {dag.py:2726} INFO - Sync 1 DAGs
[2025-07-09T02:48:32.733+0000] {logging_mixin.py:149} INFO - [2025-07-09T02:48:32.733+0000] {dag.py:3490} INFO - Setting next_dagrun for example_nested_branch_dag to 2025-07-08T00:00:00+00:00, run_after=2025-07-09T00:00:00+00:00
[2025-07-09T02:48:32.754+0000] {processor.py:179} INFO - Processing /home/airflow/.local/lib/python3.7/site-packages/airflow/example_dags/example_nested_branch_dag.py took 0.094 seconds
[2025-07-09T02:49:03.099+0000] {processor.py:157} INFO - Started process (PID=9998) to work on /home/airflow/.local/lib/python3.7/site-packages/airflow/example_dags/example_nested_branch_dag.py
[2025-07-09T02:49:03.100+0000] {processor.py:826} INFO - Processing file /home/airflow/.local/lib/python3.7/site-packages/airflow/example_dags/example_nested_branch_dag.py for tasks to queue
[2025-07-09T02:49:03.101+0000] {logging_mixin.py:149} INFO - [2025-07-09T02:49:03.101+0000] {dagbag.py:541} INFO - Filling up the DagBag from /home/airflow/.local/lib/python3.7/site-packages/airflow/example_dags/example_nested_branch_dag.py
[2025-07-09T02:49:03.114+0000] {processor.py:836} INFO - DAG(s) dict_keys(['example_nested_branch_dag']) retrieved from /home/airflow/.local/lib/python3.7/site-packages/airflow/example_dags/example_nested_branch_dag.py
[2025-07-09T02:49:03.147+0000] {logging_mixin.py:149} INFO - [2025-07-09T02:49:03.147+0000] {dag.py:2726} INFO - Sync 1 DAGs
[2025-07-09T02:49:03.177+0000] {logging_mixin.py:149} INFO - [2025-07-09T02:49:03.177+0000] {dag.py:3490} INFO - Setting next_dagrun for example_nested_branch_dag to 2025-07-08T00:00:00+00:00, run_after=2025-07-09T00:00:00+00:00
[2025-07-09T02:49:03.200+0000] {processor.py:179} INFO - Processing /home/airflow/.local/lib/python3.7/site-packages/airflow/example_dags/example_nested_branch_dag.py took 0.105 seconds
[2025-07-09T02:49:33.538+0000] {processor.py:157} INFO - Started process (PID=10243) to work on /home/airflow/.local/lib/python3.7/site-packages/airflow/example_dags/example_nested_branch_dag.py
[2025-07-09T02:49:33.539+0000] {processor.py:826} INFO - Processing file /home/airflow/.local/lib/python3.7/site-packages/airflow/example_dags/example_nested_branch_dag.py for tasks to queue
[2025-07-09T02:49:33.541+0000] {logging_mixin.py:149} INFO - [2025-07-09T02:49:33.541+0000] {dagbag.py:541} INFO - Filling up the DagBag from /home/airflow/.local/lib/python3.7/site-packages/airflow/example_dags/example_nested_branch_dag.py
[2025-07-09T02:49:33.557+0000] {processor.py:836} INFO - DAG(s) dict_keys(['example_nested_branch_dag']) retrieved from /home/airflow/.local/lib/python3.7/site-packages/airflow/example_dags/example_nested_branch_dag.py
[2025-07-09T02:49:33.593+0000] {logging_mixin.py:149} INFO - [2025-07-09T02:49:33.593+0000] {dag.py:2726} INFO - Sync 1 DAGs
[2025-07-09T02:49:33.625+0000] {logging_mixin.py:149} INFO - [2025-07-09T02:49:33.625+0000] {dag.py:3490} INFO - Setting next_dagrun for example_nested_branch_dag to 2025-07-08T00:00:00+00:00, run_after=2025-07-09T00:00:00+00:00
[2025-07-09T02:49:33.648+0000] {processor.py:179} INFO - Processing /home/airflow/.local/lib/python3.7/site-packages/airflow/example_dags/example_nested_branch_dag.py took 0.114 seconds
[2025-07-09T02:50:03.755+0000] {processor.py:157} INFO - Started process (PID=10488) to work on /home/airflow/.local/lib/python3.7/site-packages/airflow/example_dags/example_nested_branch_dag.py
[2025-07-09T02:50:03.756+0000] {processor.py:826} INFO - Processing file /home/airflow/.local/lib/python3.7/site-packages/airflow/example_dags/example_nested_branch_dag.py for tasks to queue
[2025-07-09T02:50:03.757+0000] {logging_mixin.py:149} INFO - [2025-07-09T02:50:03.756+0000] {dagbag.py:541} INFO - Filling up the DagBag from /home/airflow/.local/lib/python3.7/site-packages/airflow/example_dags/example_nested_branch_dag.py
[2025-07-09T02:50:03.769+0000] {processor.py:836} INFO - DAG(s) dict_keys(['example_nested_branch_dag']) retrieved from /home/airflow/.local/lib/python3.7/site-packages/airflow/example_dags/example_nested_branch_dag.py
[2025-07-09T02:50:03.801+0000] {logging_mixin.py:149} INFO - [2025-07-09T02:50:03.801+0000] {dag.py:2726} INFO - Sync 1 DAGs
[2025-07-09T02:50:03.832+0000] {logging_mixin.py:149} INFO - [2025-07-09T02:50:03.831+0000] {dag.py:3490} INFO - Setting next_dagrun for example_nested_branch_dag to 2025-07-08T00:00:00+00:00, run_after=2025-07-09T00:00:00+00:00
[2025-07-09T02:50:03.855+0000] {processor.py:179} INFO - Processing /home/airflow/.local/lib/python3.7/site-packages/airflow/example_dags/example_nested_branch_dag.py took 0.104 seconds
[2025-07-09T02:50:34.079+0000] {processor.py:157} INFO - Started process (PID=10733) to work on /home/airflow/.local/lib/python3.7/site-packages/airflow/example_dags/example_nested_branch_dag.py
[2025-07-09T02:50:34.080+0000] {processor.py:826} INFO - Processing file /home/airflow/.local/lib/python3.7/site-packages/airflow/example_dags/example_nested_branch_dag.py for tasks to queue
[2025-07-09T02:50:34.081+0000] {logging_mixin.py:149} INFO - [2025-07-09T02:50:34.081+0000] {dagbag.py:541} INFO - Filling up the DagBag from /home/airflow/.local/lib/python3.7/site-packages/airflow/example_dags/example_nested_branch_dag.py
[2025-07-09T02:50:34.093+0000] {processor.py:836} INFO - DAG(s) dict_keys(['example_nested_branch_dag']) retrieved from /home/airflow/.local/lib/python3.7/site-packages/airflow/example_dags/example_nested_branch_dag.py
[2025-07-09T02:50:34.125+0000] {logging_mixin.py:149} INFO - [2025-07-09T02:50:34.125+0000] {dag.py:2726} INFO - Sync 1 DAGs
[2025-07-09T02:50:34.155+0000] {logging_mixin.py:149} INFO - [2025-07-09T02:50:34.155+0000] {dag.py:3490} INFO - Setting next_dagrun for example_nested_branch_dag to 2025-07-08T00:00:00+00:00, run_after=2025-07-09T00:00:00+00:00
[2025-07-09T02:50:34.176+0000] {processor.py:179} INFO - Processing /home/airflow/.local/lib/python3.7/site-packages/airflow/example_dags/example_nested_branch_dag.py took 0.102 seconds
[2025-07-09T02:51:04.507+0000] {processor.py:157} INFO - Started process (PID=10978) to work on /home/airflow/.local/lib/python3.7/site-packages/airflow/example_dags/example_nested_branch_dag.py
[2025-07-09T02:51:04.508+0000] {processor.py:826} INFO - Processing file /home/airflow/.local/lib/python3.7/site-packages/airflow/example_dags/example_nested_branch_dag.py for tasks to queue
[2025-07-09T02:51:04.509+0000] {logging_mixin.py:149} INFO - [2025-07-09T02:51:04.509+0000] {dagbag.py:541} INFO - Filling up the DagBag from /home/airflow/.local/lib/python3.7/site-packages/airflow/example_dags/example_nested_branch_dag.py
[2025-07-09T02:51:04.522+0000] {processor.py:836} INFO - DAG(s) dict_keys(['example_nested_branch_dag']) retrieved from /home/airflow/.local/lib/python3.7/site-packages/airflow/example_dags/example_nested_branch_dag.py
[2025-07-09T02:51:04.550+0000] {logging_mixin.py:149} INFO - [2025-07-09T02:51:04.550+0000] {dag.py:2726} INFO - Sync 1 DAGs
[2025-07-09T02:51:04.576+0000] {logging_mixin.py:149} INFO - [2025-07-09T02:51:04.576+0000] {dag.py:3490} INFO - Setting next_dagrun for example_nested_branch_dag to 2025-07-08T00:00:00+00:00, run_after=2025-07-09T00:00:00+00:00
[2025-07-09T02:51:04.597+0000] {processor.py:179} INFO - Processing /home/airflow/.local/lib/python3.7/site-packages/airflow/example_dags/example_nested_branch_dag.py took 0.093 seconds
[2025-07-09T02:51:34.690+0000] {processor.py:157} INFO - Started process (PID=11223) to work on /home/airflow/.local/lib/python3.7/site-packages/airflow/example_dags/example_nested_branch_dag.py
[2025-07-09T02:51:34.691+0000] {processor.py:826} INFO - Processing file /home/airflow/.local/lib/python3.7/site-packages/airflow/example_dags/example_nested_branch_dag.py for tasks to queue
[2025-07-09T02:51:34.692+0000] {logging_mixin.py:149} INFO - [2025-07-09T02:51:34.692+0000] {dagbag.py:541} INFO - Filling up the DagBag from /home/airflow/.local/lib/python3.7/site-packages/airflow/example_dags/example_nested_branch_dag.py
[2025-07-09T02:51:34.704+0000] {processor.py:836} INFO - DAG(s) dict_keys(['example_nested_branch_dag']) retrieved from /home/airflow/.local/lib/python3.7/site-packages/airflow/example_dags/example_nested_branch_dag.py
[2025-07-09T02:51:34.734+0000] {logging_mixin.py:149} INFO - [2025-07-09T02:51:34.734+0000] {dag.py:2726} INFO - Sync 1 DAGs
[2025-07-09T02:51:34.760+0000] {logging_mixin.py:149} INFO - [2025-07-09T02:51:34.760+0000] {dag.py:3490} INFO - Setting next_dagrun for example_nested_branch_dag to 2025-07-08T00:00:00+00:00, run_after=2025-07-09T00:00:00+00:00
[2025-07-09T02:51:34.780+0000] {processor.py:179} INFO - Processing /home/airflow/.local/lib/python3.7/site-packages/airflow/example_dags/example_nested_branch_dag.py took 0.093 seconds
[2025-07-09T02:52:05.231+0000] {processor.py:157} INFO - Started process (PID=11467) to work on /home/airflow/.local/lib/python3.7/site-packages/airflow/example_dags/example_nested_branch_dag.py
[2025-07-09T02:52:05.232+0000] {processor.py:826} INFO - Processing file /home/airflow/.local/lib/python3.7/site-packages/airflow/example_dags/example_nested_branch_dag.py for tasks to queue
[2025-07-09T02:52:05.233+0000] {logging_mixin.py:149} INFO - [2025-07-09T02:52:05.232+0000] {dagbag.py:541} INFO - Filling up the DagBag from /home/airflow/.local/lib/python3.7/site-packages/airflow/example_dags/example_nested_branch_dag.py
[2025-07-09T02:52:05.244+0000] {processor.py:836} INFO - DAG(s) dict_keys(['example_nested_branch_dag']) retrieved from /home/airflow/.local/lib/python3.7/site-packages/airflow/example_dags/example_nested_branch_dag.py
[2025-07-09T02:52:05.273+0000] {logging_mixin.py:149} INFO - [2025-07-09T02:52:05.273+0000] {dag.py:2726} INFO - Sync 1 DAGs
[2025-07-09T02:52:05.299+0000] {logging_mixin.py:149} INFO - [2025-07-09T02:52:05.299+0000] {dag.py:3490} INFO - Setting next_dagrun for example_nested_branch_dag to 2025-07-08T00:00:00+00:00, run_after=2025-07-09T00:00:00+00:00
[2025-07-09T02:52:05.319+0000] {processor.py:179} INFO - Processing /home/airflow/.local/lib/python3.7/site-packages/airflow/example_dags/example_nested_branch_dag.py took 0.092 seconds
[2025-07-09T02:52:35.506+0000] {processor.py:157} INFO - Started process (PID=11712) to work on /home/airflow/.local/lib/python3.7/site-packages/airflow/example_dags/example_nested_branch_dag.py
[2025-07-09T02:52:35.507+0000] {processor.py:826} INFO - Processing file /home/airflow/.local/lib/python3.7/site-packages/airflow/example_dags/example_nested_branch_dag.py for tasks to queue
[2025-07-09T02:52:35.508+0000] {logging_mixin.py:149} INFO - [2025-07-09T02:52:35.508+0000] {dagbag.py:541} INFO - Filling up the DagBag from /home/airflow/.local/lib/python3.7/site-packages/airflow/example_dags/example_nested_branch_dag.py
[2025-07-09T02:52:35.519+0000] {processor.py:836} INFO - DAG(s) dict_keys(['example_nested_branch_dag']) retrieved from /home/airflow/.local/lib/python3.7/site-packages/airflow/example_dags/example_nested_branch_dag.py
[2025-07-09T02:52:35.548+0000] {logging_mixin.py:149} INFO - [2025-07-09T02:52:35.548+0000] {dag.py:2726} INFO - Sync 1 DAGs
[2025-07-09T02:52:35.575+0000] {logging_mixin.py:149} INFO - [2025-07-09T02:52:35.575+0000] {dag.py:3490} INFO - Setting next_dagrun for example_nested_branch_dag to 2025-07-08T00:00:00+00:00, run_after=2025-07-09T00:00:00+00:00
[2025-07-09T02:52:35.597+0000] {processor.py:179} INFO - Processing /home/airflow/.local/lib/python3.7/site-packages/airflow/example_dags/example_nested_branch_dag.py took 0.095 seconds
[2025-07-09T02:53:05.934+0000] {processor.py:157} INFO - Started process (PID=11957) to work on /home/airflow/.local/lib/python3.7/site-packages/airflow/example_dags/example_nested_branch_dag.py
[2025-07-09T02:53:05.935+0000] {processor.py:826} INFO - Processing file /home/airflow/.local/lib/python3.7/site-packages/airflow/example_dags/example_nested_branch_dag.py for tasks to queue
[2025-07-09T02:53:05.935+0000] {logging_mixin.py:149} INFO - [2025-07-09T02:53:05.935+0000] {dagbag.py:541} INFO - Filling up the DagBag from /home/airflow/.local/lib/python3.7/site-packages/airflow/example_dags/example_nested_branch_dag.py
[2025-07-09T02:53:05.947+0000] {processor.py:836} INFO - DAG(s) dict_keys(['example_nested_branch_dag']) retrieved from /home/airflow/.local/lib/python3.7/site-packages/airflow/example_dags/example_nested_branch_dag.py
[2025-07-09T02:53:05.976+0000] {logging_mixin.py:149} INFO - [2025-07-09T02:53:05.976+0000] {dag.py:2726} INFO - Sync 1 DAGs
[2025-07-09T02:53:06.005+0000] {logging_mixin.py:149} INFO - [2025-07-09T02:53:06.004+0000] {dag.py:3490} INFO - Setting next_dagrun for example_nested_branch_dag to 2025-07-08T00:00:00+00:00, run_after=2025-07-09T00:00:00+00:00
[2025-07-09T02:53:06.029+0000] {processor.py:179} INFO - Processing /home/airflow/.local/lib/python3.7/site-packages/airflow/example_dags/example_nested_branch_dag.py took 0.099 seconds
[2025-07-09T02:53:36.154+0000] {processor.py:157} INFO - Started process (PID=12202) to work on /home/airflow/.local/lib/python3.7/site-packages/airflow/example_dags/example_nested_branch_dag.py
[2025-07-09T02:53:36.155+0000] {processor.py:826} INFO - Processing file /home/airflow/.local/lib/python3.7/site-packages/airflow/example_dags/example_nested_branch_dag.py for tasks to queue
[2025-07-09T02:53:36.156+0000] {logging_mixin.py:149} INFO - [2025-07-09T02:53:36.156+0000] {dagbag.py:541} INFO - Filling up the DagBag from /home/airflow/.local/lib/python3.7/site-packages/airflow/example_dags/example_nested_branch_dag.py
[2025-07-09T02:53:36.166+0000] {processor.py:836} INFO - DAG(s) dict_keys(['example_nested_branch_dag']) retrieved from /home/airflow/.local/lib/python3.7/site-packages/airflow/example_dags/example_nested_branch_dag.py
[2025-07-09T02:53:36.195+0000] {logging_mixin.py:149} INFO - [2025-07-09T02:53:36.195+0000] {dag.py:2726} INFO - Sync 1 DAGs
[2025-07-09T02:53:36.221+0000] {logging_mixin.py:149} INFO - [2025-07-09T02:53:36.221+0000] {dag.py:3490} INFO - Setting next_dagrun for example_nested_branch_dag to 2025-07-08T00:00:00+00:00, run_after=2025-07-09T00:00:00+00:00
[2025-07-09T02:53:36.241+0000] {processor.py:179} INFO - Processing /home/airflow/.local/lib/python3.7/site-packages/airflow/example_dags/example_nested_branch_dag.py took 0.091 seconds
[2025-07-09T02:54:07.132+0000] {processor.py:157} INFO - Started process (PID=12448) to work on /home/airflow/.local/lib/python3.7/site-packages/airflow/example_dags/example_nested_branch_dag.py
[2025-07-09T02:54:07.133+0000] {processor.py:826} INFO - Processing file /home/airflow/.local/lib/python3.7/site-packages/airflow/example_dags/example_nested_branch_dag.py for tasks to queue
[2025-07-09T02:54:07.134+0000] {logging_mixin.py:149} INFO - [2025-07-09T02:54:07.134+0000] {dagbag.py:541} INFO - Filling up the DagBag from /home/airflow/.local/lib/python3.7/site-packages/airflow/example_dags/example_nested_branch_dag.py
[2025-07-09T02:54:07.146+0000] {processor.py:836} INFO - DAG(s) dict_keys(['example_nested_branch_dag']) retrieved from /home/airflow/.local/lib/python3.7/site-packages/airflow/example_dags/example_nested_branch_dag.py
[2025-07-09T02:54:07.175+0000] {logging_mixin.py:149} INFO - [2025-07-09T02:54:07.175+0000] {dag.py:2726} INFO - Sync 1 DAGs
[2025-07-09T02:54:07.201+0000] {logging_mixin.py:149} INFO - [2025-07-09T02:54:07.201+0000] {dag.py:3490} INFO - Setting next_dagrun for example_nested_branch_dag to 2025-07-08T00:00:00+00:00, run_after=2025-07-09T00:00:00+00:00
[2025-07-09T02:54:07.221+0000] {processor.py:179} INFO - Processing /home/airflow/.local/lib/python3.7/site-packages/airflow/example_dags/example_nested_branch_dag.py took 0.094 seconds
[2025-07-09T02:54:37.572+0000] {processor.py:157} INFO - Started process (PID=12693) to work on /home/airflow/.local/lib/python3.7/site-packages/airflow/example_dags/example_nested_branch_dag.py
[2025-07-09T02:54:37.573+0000] {processor.py:826} INFO - Processing file /home/airflow/.local/lib/python3.7/site-packages/airflow/example_dags/example_nested_branch_dag.py for tasks to queue
[2025-07-09T02:54:37.574+0000] {logging_mixin.py:149} INFO - [2025-07-09T02:54:37.574+0000] {dagbag.py:541} INFO - Filling up the DagBag from /home/airflow/.local/lib/python3.7/site-packages/airflow/example_dags/example_nested_branch_dag.py
[2025-07-09T02:54:37.585+0000] {processor.py:836} INFO - DAG(s) dict_keys(['example_nested_branch_dag']) retrieved from /home/airflow/.local/lib/python3.7/site-packages/airflow/example_dags/example_nested_branch_dag.py
[2025-07-09T02:54:37.614+0000] {logging_mixin.py:149} INFO - [2025-07-09T02:54:37.614+0000] {dag.py:2726} INFO - Sync 1 DAGs
[2025-07-09T02:54:37.643+0000] {logging_mixin.py:149} INFO - [2025-07-09T02:54:37.643+0000] {dag.py:3490} INFO - Setting next_dagrun for example_nested_branch_dag to 2025-07-08T00:00:00+00:00, run_after=2025-07-09T00:00:00+00:00
[2025-07-09T02:54:37.664+0000] {processor.py:179} INFO - Processing /home/airflow/.local/lib/python3.7/site-packages/airflow/example_dags/example_nested_branch_dag.py took 0.096 seconds
[2025-07-09T02:55:08.073+0000] {processor.py:157} INFO - Started process (PID=12938) to work on /home/airflow/.local/lib/python3.7/site-packages/airflow/example_dags/example_nested_branch_dag.py
[2025-07-09T02:55:08.074+0000] {processor.py:826} INFO - Processing file /home/airflow/.local/lib/python3.7/site-packages/airflow/example_dags/example_nested_branch_dag.py for tasks to queue
[2025-07-09T02:55:08.075+0000] {logging_mixin.py:149} INFO - [2025-07-09T02:55:08.075+0000] {dagbag.py:541} INFO - Filling up the DagBag from /home/airflow/.local/lib/python3.7/site-packages/airflow/example_dags/example_nested_branch_dag.py
[2025-07-09T02:55:08.087+0000] {processor.py:836} INFO - DAG(s) dict_keys(['example_nested_branch_dag']) retrieved from /home/airflow/.local/lib/python3.7/site-packages/airflow/example_dags/example_nested_branch_dag.py
[2025-07-09T02:55:08.117+0000] {logging_mixin.py:149} INFO - [2025-07-09T02:55:08.117+0000] {dag.py:2726} INFO - Sync 1 DAGs
[2025-07-09T02:55:08.147+0000] {logging_mixin.py:149} INFO - [2025-07-09T02:55:08.147+0000] {dag.py:3490} INFO - Setting next_dagrun for example_nested_branch_dag to 2025-07-08T00:00:00+00:00, run_after=2025-07-09T00:00:00+00:00
[2025-07-09T02:55:08.171+0000] {processor.py:179} INFO - Processing /home/airflow/.local/lib/python3.7/site-packages/airflow/example_dags/example_nested_branch_dag.py took 0.102 seconds
