[2025-07-09T02:43:58.149+0000] {processor.py:157} INFO - Started process (PID=7627) to work on /home/airflow/.local/lib/python3.7/site-packages/airflow/example_dags/example_branch_operator.py
[2025-07-09T02:43:58.151+0000] {processor.py:826} INFO - Processing file /home/airflow/.local/lib/python3.7/site-packages/airflow/example_dags/example_branch_operator.py for tasks to queue
[2025-07-09T02:43:58.153+0000] {logging_mixin.py:149} INFO - [2025-07-09T02:43:58.153+0000] {dagbag.py:541} INFO - Filling up the DagBag from /home/airflow/.local/lib/python3.7/site-packages/airflow/example_dags/example_branch_operator.py
[2025-07-09T02:43:58.170+0000] {processor.py:836} INFO - DAG(s) dict_keys(['example_branch_operator']) retrieved from /home/airflow/.local/lib/python3.7/site-packages/airflow/example_dags/example_branch_operator.py
[2025-07-09T02:43:58.225+0000] {logging_mixin.py:149} INFO - [2025-07-09T02:43:58.224+0000] {dag.py:2726} INFO - Sync 1 DAGs
[2025-07-09T02:43:58.272+0000] {logging_mixin.py:149} INFO - [2025-07-09T02:43:58.272+0000] {dag.py:3490} INFO - Setting next_dagrun for example_branch_operator to 2025-07-08T00:00:00+00:00, run_after=2025-07-09T00:00:00+00:00
[2025-07-09T02:43:58.308+0000] {processor.py:179} INFO - Processing /home/airflow/.local/lib/python3.7/site-packages/airflow/example_dags/example_branch_operator.py took 0.165 seconds
[2025-07-09T02:44:28.651+0000] {processor.py:157} INFO - Started process (PID=7872) to work on /home/airflow/.local/lib/python3.7/site-packages/airflow/example_dags/example_branch_operator.py
[2025-07-09T02:44:28.653+0000] {processor.py:826} INFO - Processing file /home/airflow/.local/lib/python3.7/site-packages/airflow/example_dags/example_branch_operator.py for tasks to queue
[2025-07-09T02:44:28.654+0000] {logging_mixin.py:149} INFO - [2025-07-09T02:44:28.654+0000] {dagbag.py:541} INFO - Filling up the DagBag from /home/airflow/.local/lib/python3.7/site-packages/airflow/example_dags/example_branch_operator.py
[2025-07-09T02:44:28.665+0000] {processor.py:836} INFO - DAG(s) dict_keys(['example_branch_operator']) retrieved from /home/airflow/.local/lib/python3.7/site-packages/airflow/example_dags/example_branch_operator.py
[2025-07-09T02:44:28.700+0000] {logging_mixin.py:149} INFO - [2025-07-09T02:44:28.700+0000] {dag.py:2726} INFO - Sync 1 DAGs
[2025-07-09T02:44:28.726+0000] {logging_mixin.py:149} INFO - [2025-07-09T02:44:28.726+0000] {dag.py:3490} INFO - Setting next_dagrun for example_branch_operator to 2025-07-08T00:00:00+00:00, run_after=2025-07-09T00:00:00+00:00
[2025-07-09T02:44:28.746+0000] {processor.py:179} INFO - Processing /home/airflow/.local/lib/python3.7/site-packages/airflow/example_dags/example_branch_operator.py took 0.098 seconds
[2025-07-09T02:44:59.564+0000] {processor.py:157} INFO - Started process (PID=8116) to work on /home/airflow/.local/lib/python3.7/site-packages/airflow/example_dags/example_branch_operator.py
[2025-07-09T02:44:59.565+0000] {processor.py:826} INFO - Processing file /home/airflow/.local/lib/python3.7/site-packages/airflow/example_dags/example_branch_operator.py for tasks to queue
[2025-07-09T02:44:59.566+0000] {logging_mixin.py:149} INFO - [2025-07-09T02:44:59.566+0000] {dagbag.py:541} INFO - Filling up the DagBag from /home/airflow/.local/lib/python3.7/site-packages/airflow/example_dags/example_branch_operator.py
[2025-07-09T02:44:59.578+0000] {processor.py:836} INFO - DAG(s) dict_keys(['example_branch_operator']) retrieved from /home/airflow/.local/lib/python3.7/site-packages/airflow/example_dags/example_branch_operator.py
[2025-07-09T02:44:59.622+0000] {logging_mixin.py:149} INFO - [2025-07-09T02:44:59.622+0000] {dag.py:2726} INFO - Sync 1 DAGs
[2025-07-09T02:44:59.666+0000] {logging_mixin.py:149} INFO - [2025-07-09T02:44:59.666+0000] {dag.py:3490} INFO - Setting next_dagrun for example_branch_operator to 2025-07-08T00:00:00+00:00, run_after=2025-07-09T00:00:00+00:00
[2025-07-09T02:44:59.697+0000] {processor.py:179} INFO - Processing /home/airflow/.local/lib/python3.7/site-packages/airflow/example_dags/example_branch_operator.py took 0.137 seconds
[2025-07-09T02:45:29.942+0000] {processor.py:157} INFO - Started process (PID=8348) to work on /home/airflow/.local/lib/python3.7/site-packages/airflow/example_dags/example_branch_operator.py
[2025-07-09T02:45:29.943+0000] {processor.py:826} INFO - Processing file /home/airflow/.local/lib/python3.7/site-packages/airflow/example_dags/example_branch_operator.py for tasks to queue
[2025-07-09T02:45:29.944+0000] {logging_mixin.py:149} INFO - [2025-07-09T02:45:29.944+0000] {dagbag.py:541} INFO - Filling up the DagBag from /home/airflow/.local/lib/python3.7/site-packages/airflow/example_dags/example_branch_operator.py
[2025-07-09T02:45:29.955+0000] {processor.py:836} INFO - DAG(s) dict_keys(['example_branch_operator']) retrieved from /home/airflow/.local/lib/python3.7/site-packages/airflow/example_dags/example_branch_operator.py
[2025-07-09T02:45:29.991+0000] {logging_mixin.py:149} INFO - [2025-07-09T02:45:29.990+0000] {dag.py:2726} INFO - Sync 1 DAGs
[2025-07-09T02:45:30.021+0000] {logging_mixin.py:149} INFO - [2025-07-09T02:45:30.021+0000] {dag.py:3490} INFO - Setting next_dagrun for example_branch_operator to 2025-07-08T00:00:00+00:00, run_after=2025-07-09T00:00:00+00:00
[2025-07-09T02:45:30.042+0000] {processor.py:179} INFO - Processing /home/airflow/.local/lib/python3.7/site-packages/airflow/example_dags/example_branch_operator.py took 0.104 seconds
[2025-07-09T02:46:00.720+0000] {processor.py:157} INFO - Started process (PID=8593) to work on /home/airflow/.local/lib/python3.7/site-packages/airflow/example_dags/example_branch_operator.py
[2025-07-09T02:46:00.721+0000] {processor.py:826} INFO - Processing file /home/airflow/.local/lib/python3.7/site-packages/airflow/example_dags/example_branch_operator.py for tasks to queue
[2025-07-09T02:46:00.723+0000] {logging_mixin.py:149} INFO - [2025-07-09T02:46:00.723+0000] {dagbag.py:541} INFO - Filling up the DagBag from /home/airflow/.local/lib/python3.7/site-packages/airflow/example_dags/example_branch_operator.py
[2025-07-09T02:46:00.734+0000] {processor.py:836} INFO - DAG(s) dict_keys(['example_branch_operator']) retrieved from /home/airflow/.local/lib/python3.7/site-packages/airflow/example_dags/example_branch_operator.py
[2025-07-09T02:46:00.764+0000] {logging_mixin.py:149} INFO - [2025-07-09T02:46:00.764+0000] {dag.py:2726} INFO - Sync 1 DAGs
[2025-07-09T02:46:00.794+0000] {logging_mixin.py:149} INFO - [2025-07-09T02:46:00.793+0000] {dag.py:3490} INFO - Setting next_dagrun for example_branch_operator to 2025-07-08T00:00:00+00:00, run_after=2025-07-09T00:00:00+00:00
[2025-07-09T02:46:00.816+0000] {processor.py:179} INFO - Processing /home/airflow/.local/lib/python3.7/site-packages/airflow/example_dags/example_branch_operator.py took 0.100 seconds
[2025-07-09T02:46:31.709+0000] {processor.py:157} INFO - Started process (PID=8838) to work on /home/airflow/.local/lib/python3.7/site-packages/airflow/example_dags/example_branch_operator.py
[2025-07-09T02:46:31.710+0000] {processor.py:826} INFO - Processing file /home/airflow/.local/lib/python3.7/site-packages/airflow/example_dags/example_branch_operator.py for tasks to queue
[2025-07-09T02:46:31.713+0000] {logging_mixin.py:149} INFO - [2025-07-09T02:46:31.713+0000] {dagbag.py:541} INFO - Filling up the DagBag from /home/airflow/.local/lib/python3.7/site-packages/airflow/example_dags/example_branch_operator.py
[2025-07-09T02:46:31.726+0000] {processor.py:836} INFO - DAG(s) dict_keys(['example_branch_operator']) retrieved from /home/airflow/.local/lib/python3.7/site-packages/airflow/example_dags/example_branch_operator.py
[2025-07-09T02:46:31.761+0000] {logging_mixin.py:149} INFO - [2025-07-09T02:46:31.760+0000] {dag.py:2726} INFO - Sync 1 DAGs
[2025-07-09T02:46:31.790+0000] {logging_mixin.py:149} INFO - [2025-07-09T02:46:31.789+0000] {dag.py:3490} INFO - Setting next_dagrun for example_branch_operator to 2025-07-08T00:00:00+00:00, run_after=2025-07-09T00:00:00+00:00
[2025-07-09T02:46:31.814+0000] {processor.py:179} INFO - Processing /home/airflow/.local/lib/python3.7/site-packages/airflow/example_dags/example_branch_operator.py took 0.109 seconds
[2025-07-09T02:47:02.525+0000] {processor.py:157} INFO - Started process (PID=9083) to work on /home/airflow/.local/lib/python3.7/site-packages/airflow/example_dags/example_branch_operator.py
[2025-07-09T02:47:02.526+0000] {processor.py:826} INFO - Processing file /home/airflow/.local/lib/python3.7/site-packages/airflow/example_dags/example_branch_operator.py for tasks to queue
[2025-07-09T02:47:02.527+0000] {logging_mixin.py:149} INFO - [2025-07-09T02:47:02.527+0000] {dagbag.py:541} INFO - Filling up the DagBag from /home/airflow/.local/lib/python3.7/site-packages/airflow/example_dags/example_branch_operator.py
[2025-07-09T02:47:02.538+0000] {processor.py:836} INFO - DAG(s) dict_keys(['example_branch_operator']) retrieved from /home/airflow/.local/lib/python3.7/site-packages/airflow/example_dags/example_branch_operator.py
[2025-07-09T02:47:02.570+0000] {logging_mixin.py:149} INFO - [2025-07-09T02:47:02.569+0000] {dag.py:2726} INFO - Sync 1 DAGs
[2025-07-09T02:47:02.598+0000] {logging_mixin.py:149} INFO - [2025-07-09T02:47:02.598+0000] {dag.py:3490} INFO - Setting next_dagrun for example_branch_operator to 2025-07-08T00:00:00+00:00, run_after=2025-07-09T00:00:00+00:00
[2025-07-09T02:47:02.618+0000] {processor.py:179} INFO - Processing /home/airflow/.local/lib/python3.7/site-packages/airflow/example_dags/example_branch_operator.py took 0.097 seconds
[2025-07-09T02:47:32.824+0000] {processor.py:157} INFO - Started process (PID=9328) to work on /home/airflow/.local/lib/python3.7/site-packages/airflow/example_dags/example_branch_operator.py
[2025-07-09T02:47:32.825+0000] {processor.py:826} INFO - Processing file /home/airflow/.local/lib/python3.7/site-packages/airflow/example_dags/example_branch_operator.py for tasks to queue
[2025-07-09T02:47:32.826+0000] {logging_mixin.py:149} INFO - [2025-07-09T02:47:32.826+0000] {dagbag.py:541} INFO - Filling up the DagBag from /home/airflow/.local/lib/python3.7/site-packages/airflow/example_dags/example_branch_operator.py
[2025-07-09T02:47:32.839+0000] {processor.py:836} INFO - DAG(s) dict_keys(['example_branch_operator']) retrieved from /home/airflow/.local/lib/python3.7/site-packages/airflow/example_dags/example_branch_operator.py
[2025-07-09T02:47:32.870+0000] {logging_mixin.py:149} INFO - [2025-07-09T02:47:32.870+0000] {dag.py:2726} INFO - Sync 1 DAGs
[2025-07-09T02:47:32.897+0000] {logging_mixin.py:149} INFO - [2025-07-09T02:47:32.897+0000] {dag.py:3490} INFO - Setting next_dagrun for example_branch_operator to 2025-07-08T00:00:00+00:00, run_after=2025-07-09T00:00:00+00:00
[2025-07-09T02:47:32.921+0000] {processor.py:179} INFO - Processing /home/airflow/.local/lib/python3.7/site-packages/airflow/example_dags/example_branch_operator.py took 0.101 seconds
[2025-07-09T02:48:03.249+0000] {processor.py:157} INFO - Started process (PID=9573) to work on /home/airflow/.local/lib/python3.7/site-packages/airflow/example_dags/example_branch_operator.py
[2025-07-09T02:48:03.250+0000] {processor.py:826} INFO - Processing file /home/airflow/.local/lib/python3.7/site-packages/airflow/example_dags/example_branch_operator.py for tasks to queue
[2025-07-09T02:48:03.251+0000] {logging_mixin.py:149} INFO - [2025-07-09T02:48:03.250+0000] {dagbag.py:541} INFO - Filling up the DagBag from /home/airflow/.local/lib/python3.7/site-packages/airflow/example_dags/example_branch_operator.py
[2025-07-09T02:48:03.261+0000] {processor.py:836} INFO - DAG(s) dict_keys(['example_branch_operator']) retrieved from /home/airflow/.local/lib/python3.7/site-packages/airflow/example_dags/example_branch_operator.py
[2025-07-09T02:48:03.290+0000] {logging_mixin.py:149} INFO - [2025-07-09T02:48:03.290+0000] {dag.py:2726} INFO - Sync 1 DAGs
[2025-07-09T02:48:03.317+0000] {logging_mixin.py:149} INFO - [2025-07-09T02:48:03.317+0000] {dag.py:3490} INFO - Setting next_dagrun for example_branch_operator to 2025-07-08T00:00:00+00:00, run_after=2025-07-09T00:00:00+00:00
[2025-07-09T02:48:03.340+0000] {processor.py:179} INFO - Processing /home/airflow/.local/lib/python3.7/site-packages/airflow/example_dags/example_branch_operator.py took 0.098 seconds
[2025-07-09T02:48:33.415+0000] {processor.py:157} INFO - Started process (PID=9818) to work on /home/airflow/.local/lib/python3.7/site-packages/airflow/example_dags/example_branch_operator.py
[2025-07-09T02:48:33.416+0000] {processor.py:826} INFO - Processing file /home/airflow/.local/lib/python3.7/site-packages/airflow/example_dags/example_branch_operator.py for tasks to queue
[2025-07-09T02:48:33.417+0000] {logging_mixin.py:149} INFO - [2025-07-09T02:48:33.417+0000] {dagbag.py:541} INFO - Filling up the DagBag from /home/airflow/.local/lib/python3.7/site-packages/airflow/example_dags/example_branch_operator.py
[2025-07-09T02:48:33.430+0000] {processor.py:836} INFO - DAG(s) dict_keys(['example_branch_operator']) retrieved from /home/airflow/.local/lib/python3.7/site-packages/airflow/example_dags/example_branch_operator.py
[2025-07-09T02:48:33.466+0000] {logging_mixin.py:149} INFO - [2025-07-09T02:48:33.466+0000] {dag.py:2726} INFO - Sync 1 DAGs
[2025-07-09T02:48:33.498+0000] {logging_mixin.py:149} INFO - [2025-07-09T02:48:33.498+0000] {dag.py:3490} INFO - Setting next_dagrun for example_branch_operator to 2025-07-08T00:00:00+00:00, run_after=2025-07-09T00:00:00+00:00
[2025-07-09T02:48:33.521+0000] {processor.py:179} INFO - Processing /home/airflow/.local/lib/python3.7/site-packages/airflow/example_dags/example_branch_operator.py took 0.111 seconds
[2025-07-09T02:49:03.920+0000] {processor.py:157} INFO - Started process (PID=10063) to work on /home/airflow/.local/lib/python3.7/site-packages/airflow/example_dags/example_branch_operator.py
[2025-07-09T02:49:03.921+0000] {processor.py:826} INFO - Processing file /home/airflow/.local/lib/python3.7/site-packages/airflow/example_dags/example_branch_operator.py for tasks to queue
[2025-07-09T02:49:03.922+0000] {logging_mixin.py:149} INFO - [2025-07-09T02:49:03.922+0000] {dagbag.py:541} INFO - Filling up the DagBag from /home/airflow/.local/lib/python3.7/site-packages/airflow/example_dags/example_branch_operator.py
[2025-07-09T02:49:03.934+0000] {processor.py:836} INFO - DAG(s) dict_keys(['example_branch_operator']) retrieved from /home/airflow/.local/lib/python3.7/site-packages/airflow/example_dags/example_branch_operator.py
[2025-07-09T02:49:03.967+0000] {logging_mixin.py:149} INFO - [2025-07-09T02:49:03.967+0000] {dag.py:2726} INFO - Sync 1 DAGs
[2025-07-09T02:49:03.995+0000] {logging_mixin.py:149} INFO - [2025-07-09T02:49:03.995+0000] {dag.py:3490} INFO - Setting next_dagrun for example_branch_operator to 2025-07-08T00:00:00+00:00, run_after=2025-07-09T00:00:00+00:00
[2025-07-09T02:49:04.017+0000] {processor.py:179} INFO - Processing /home/airflow/.local/lib/python3.7/site-packages/airflow/example_dags/example_branch_operator.py took 0.102 seconds
[2025-07-09T02:49:34.552+0000] {processor.py:157} INFO - Started process (PID=10310) to work on /home/airflow/.local/lib/python3.7/site-packages/airflow/example_dags/example_branch_operator.py
[2025-07-09T02:49:34.553+0000] {processor.py:826} INFO - Processing file /home/airflow/.local/lib/python3.7/site-packages/airflow/example_dags/example_branch_operator.py for tasks to queue
[2025-07-09T02:49:34.555+0000] {logging_mixin.py:149} INFO - [2025-07-09T02:49:34.554+0000] {dagbag.py:541} INFO - Filling up the DagBag from /home/airflow/.local/lib/python3.7/site-packages/airflow/example_dags/example_branch_operator.py
[2025-07-09T02:49:34.568+0000] {processor.py:836} INFO - DAG(s) dict_keys(['example_branch_operator']) retrieved from /home/airflow/.local/lib/python3.7/site-packages/airflow/example_dags/example_branch_operator.py
[2025-07-09T02:49:34.601+0000] {logging_mixin.py:149} INFO - [2025-07-09T02:49:34.601+0000] {dag.py:2726} INFO - Sync 1 DAGs
[2025-07-09T02:49:34.628+0000] {logging_mixin.py:149} INFO - [2025-07-09T02:49:34.628+0000] {dag.py:3490} INFO - Setting next_dagrun for example_branch_operator to 2025-07-08T00:00:00+00:00, run_after=2025-07-09T00:00:00+00:00
[2025-07-09T02:49:34.649+0000] {processor.py:179} INFO - Processing /home/airflow/.local/lib/python3.7/site-packages/airflow/example_dags/example_branch_operator.py took 0.102 seconds
[2025-07-09T02:50:04.768+0000] {processor.py:157} INFO - Started process (PID=10555) to work on /home/airflow/.local/lib/python3.7/site-packages/airflow/example_dags/example_branch_operator.py
[2025-07-09T02:50:04.769+0000] {processor.py:826} INFO - Processing file /home/airflow/.local/lib/python3.7/site-packages/airflow/example_dags/example_branch_operator.py for tasks to queue
[2025-07-09T02:50:04.770+0000] {logging_mixin.py:149} INFO - [2025-07-09T02:50:04.769+0000] {dagbag.py:541} INFO - Filling up the DagBag from /home/airflow/.local/lib/python3.7/site-packages/airflow/example_dags/example_branch_operator.py
[2025-07-09T02:50:04.780+0000] {processor.py:836} INFO - DAG(s) dict_keys(['example_branch_operator']) retrieved from /home/airflow/.local/lib/python3.7/site-packages/airflow/example_dags/example_branch_operator.py
[2025-07-09T02:50:04.810+0000] {logging_mixin.py:149} INFO - [2025-07-09T02:50:04.810+0000] {dag.py:2726} INFO - Sync 1 DAGs
[2025-07-09T02:50:04.836+0000] {logging_mixin.py:149} INFO - [2025-07-09T02:50:04.836+0000] {dag.py:3490} INFO - Setting next_dagrun for example_branch_operator to 2025-07-08T00:00:00+00:00, run_after=2025-07-09T00:00:00+00:00
[2025-07-09T02:50:04.857+0000] {processor.py:179} INFO - Processing /home/airflow/.local/lib/python3.7/site-packages/airflow/example_dags/example_branch_operator.py took 0.093 seconds
[2025-07-09T02:50:35.003+0000] {processor.py:157} INFO - Started process (PID=10798) to work on /home/airflow/.local/lib/python3.7/site-packages/airflow/example_dags/example_branch_operator.py
[2025-07-09T02:50:35.005+0000] {processor.py:826} INFO - Processing file /home/airflow/.local/lib/python3.7/site-packages/airflow/example_dags/example_branch_operator.py for tasks to queue
[2025-07-09T02:50:35.006+0000] {logging_mixin.py:149} INFO - [2025-07-09T02:50:35.006+0000] {dagbag.py:541} INFO - Filling up the DagBag from /home/airflow/.local/lib/python3.7/site-packages/airflow/example_dags/example_branch_operator.py
[2025-07-09T02:50:35.025+0000] {processor.py:836} INFO - DAG(s) dict_keys(['example_branch_operator']) retrieved from /home/airflow/.local/lib/python3.7/site-packages/airflow/example_dags/example_branch_operator.py
[2025-07-09T02:50:35.061+0000] {logging_mixin.py:149} INFO - [2025-07-09T02:50:35.061+0000] {dag.py:2726} INFO - Sync 1 DAGs
[2025-07-09T02:50:35.088+0000] {logging_mixin.py:149} INFO - [2025-07-09T02:50:35.088+0000] {dag.py:3490} INFO - Setting next_dagrun for example_branch_operator to 2025-07-08T00:00:00+00:00, run_after=2025-07-09T00:00:00+00:00
[2025-07-09T02:50:35.110+0000] {processor.py:179} INFO - Processing /home/airflow/.local/lib/python3.7/site-packages/airflow/example_dags/example_branch_operator.py took 0.119 seconds
[2025-07-09T02:51:05.259+0000] {processor.py:157} INFO - Started process (PID=11043) to work on /home/airflow/.local/lib/python3.7/site-packages/airflow/example_dags/example_branch_operator.py
[2025-07-09T02:51:05.260+0000] {processor.py:826} INFO - Processing file /home/airflow/.local/lib/python3.7/site-packages/airflow/example_dags/example_branch_operator.py for tasks to queue
[2025-07-09T02:51:05.260+0000] {logging_mixin.py:149} INFO - [2025-07-09T02:51:05.260+0000] {dagbag.py:541} INFO - Filling up the DagBag from /home/airflow/.local/lib/python3.7/site-packages/airflow/example_dags/example_branch_operator.py
[2025-07-09T02:51:05.271+0000] {processor.py:836} INFO - DAG(s) dict_keys(['example_branch_operator']) retrieved from /home/airflow/.local/lib/python3.7/site-packages/airflow/example_dags/example_branch_operator.py
[2025-07-09T02:51:05.301+0000] {logging_mixin.py:149} INFO - [2025-07-09T02:51:05.301+0000] {dag.py:2726} INFO - Sync 1 DAGs
[2025-07-09T02:51:05.328+0000] {logging_mixin.py:149} INFO - [2025-07-09T02:51:05.328+0000] {dag.py:3490} INFO - Setting next_dagrun for example_branch_operator to 2025-07-08T00:00:00+00:00, run_after=2025-07-09T00:00:00+00:00
[2025-07-09T02:51:05.353+0000] {processor.py:179} INFO - Processing /home/airflow/.local/lib/python3.7/site-packages/airflow/example_dags/example_branch_operator.py took 0.098 seconds
[2025-07-09T02:51:35.403+0000] {processor.py:157} INFO - Started process (PID=11288) to work on /home/airflow/.local/lib/python3.7/site-packages/airflow/example_dags/example_branch_operator.py
[2025-07-09T02:51:35.404+0000] {processor.py:826} INFO - Processing file /home/airflow/.local/lib/python3.7/site-packages/airflow/example_dags/example_branch_operator.py for tasks to queue
[2025-07-09T02:51:35.405+0000] {logging_mixin.py:149} INFO - [2025-07-09T02:51:35.405+0000] {dagbag.py:541} INFO - Filling up the DagBag from /home/airflow/.local/lib/python3.7/site-packages/airflow/example_dags/example_branch_operator.py
[2025-07-09T02:51:35.416+0000] {processor.py:836} INFO - DAG(s) dict_keys(['example_branch_operator']) retrieved from /home/airflow/.local/lib/python3.7/site-packages/airflow/example_dags/example_branch_operator.py
[2025-07-09T02:51:35.446+0000] {logging_mixin.py:149} INFO - [2025-07-09T02:51:35.446+0000] {dag.py:2726} INFO - Sync 1 DAGs
[2025-07-09T02:51:35.473+0000] {logging_mixin.py:149} INFO - [2025-07-09T02:51:35.473+0000] {dag.py:3490} INFO - Setting next_dagrun for example_branch_operator to 2025-07-08T00:00:00+00:00, run_after=2025-07-09T00:00:00+00:00
[2025-07-09T02:51:35.494+0000] {processor.py:179} INFO - Processing /home/airflow/.local/lib/python3.7/site-packages/airflow/example_dags/example_branch_operator.py took 0.095 seconds
[2025-07-09T02:52:05.976+0000] {processor.py:157} INFO - Started process (PID=11532) to work on /home/airflow/.local/lib/python3.7/site-packages/airflow/example_dags/example_branch_operator.py
[2025-07-09T02:52:05.977+0000] {processor.py:826} INFO - Processing file /home/airflow/.local/lib/python3.7/site-packages/airflow/example_dags/example_branch_operator.py for tasks to queue
[2025-07-09T02:52:05.978+0000] {logging_mixin.py:149} INFO - [2025-07-09T02:52:05.978+0000] {dagbag.py:541} INFO - Filling up the DagBag from /home/airflow/.local/lib/python3.7/site-packages/airflow/example_dags/example_branch_operator.py
[2025-07-09T02:52:05.990+0000] {processor.py:836} INFO - DAG(s) dict_keys(['example_branch_operator']) retrieved from /home/airflow/.local/lib/python3.7/site-packages/airflow/example_dags/example_branch_operator.py
[2025-07-09T02:52:06.023+0000] {logging_mixin.py:149} INFO - [2025-07-09T02:52:06.022+0000] {dag.py:2726} INFO - Sync 1 DAGs
[2025-07-09T02:52:06.054+0000] {logging_mixin.py:149} INFO - [2025-07-09T02:52:06.053+0000] {dag.py:3490} INFO - Setting next_dagrun for example_branch_operator to 2025-07-08T00:00:00+00:00, run_after=2025-07-09T00:00:00+00:00
[2025-07-09T02:52:06.080+0000] {processor.py:179} INFO - Processing /home/airflow/.local/lib/python3.7/site-packages/airflow/example_dags/example_branch_operator.py took 0.108 seconds
[2025-07-09T02:52:36.263+0000] {processor.py:157} INFO - Started process (PID=11777) to work on /home/airflow/.local/lib/python3.7/site-packages/airflow/example_dags/example_branch_operator.py
[2025-07-09T02:52:36.264+0000] {processor.py:826} INFO - Processing file /home/airflow/.local/lib/python3.7/site-packages/airflow/example_dags/example_branch_operator.py for tasks to queue
[2025-07-09T02:52:36.265+0000] {logging_mixin.py:149} INFO - [2025-07-09T02:52:36.265+0000] {dagbag.py:541} INFO - Filling up the DagBag from /home/airflow/.local/lib/python3.7/site-packages/airflow/example_dags/example_branch_operator.py
[2025-07-09T02:52:36.276+0000] {processor.py:836} INFO - DAG(s) dict_keys(['example_branch_operator']) retrieved from /home/airflow/.local/lib/python3.7/site-packages/airflow/example_dags/example_branch_operator.py
[2025-07-09T02:52:36.306+0000] {logging_mixin.py:149} INFO - [2025-07-09T02:52:36.306+0000] {dag.py:2726} INFO - Sync 1 DAGs
[2025-07-09T02:52:36.332+0000] {logging_mixin.py:149} INFO - [2025-07-09T02:52:36.332+0000] {dag.py:3490} INFO - Setting next_dagrun for example_branch_operator to 2025-07-08T00:00:00+00:00, run_after=2025-07-09T00:00:00+00:00
[2025-07-09T02:52:36.354+0000] {processor.py:179} INFO - Processing /home/airflow/.local/lib/python3.7/site-packages/airflow/example_dags/example_branch_operator.py took 0.094 seconds
[2025-07-09T02:53:06.746+0000] {processor.py:157} INFO - Started process (PID=12022) to work on /home/airflow/.local/lib/python3.7/site-packages/airflow/example_dags/example_branch_operator.py
[2025-07-09T02:53:06.747+0000] {processor.py:826} INFO - Processing file /home/airflow/.local/lib/python3.7/site-packages/airflow/example_dags/example_branch_operator.py for tasks to queue
[2025-07-09T02:53:06.748+0000] {logging_mixin.py:149} INFO - [2025-07-09T02:53:06.748+0000] {dagbag.py:541} INFO - Filling up the DagBag from /home/airflow/.local/lib/python3.7/site-packages/airflow/example_dags/example_branch_operator.py
[2025-07-09T02:53:06.759+0000] {processor.py:836} INFO - DAG(s) dict_keys(['example_branch_operator']) retrieved from /home/airflow/.local/lib/python3.7/site-packages/airflow/example_dags/example_branch_operator.py
[2025-07-09T02:53:06.789+0000] {logging_mixin.py:149} INFO - [2025-07-09T02:53:06.789+0000] {dag.py:2726} INFO - Sync 1 DAGs
[2025-07-09T02:53:06.821+0000] {logging_mixin.py:149} INFO - [2025-07-09T02:53:06.821+0000] {dag.py:3490} INFO - Setting next_dagrun for example_branch_operator to 2025-07-08T00:00:00+00:00, run_after=2025-07-09T00:00:00+00:00
[2025-07-09T02:53:06.849+0000] {processor.py:179} INFO - Processing /home/airflow/.local/lib/python3.7/site-packages/airflow/example_dags/example_branch_operator.py took 0.107 seconds
[2025-07-09T02:53:37.148+0000] {processor.py:157} INFO - Started process (PID=12269) to work on /home/airflow/.local/lib/python3.7/site-packages/airflow/example_dags/example_branch_operator.py
[2025-07-09T02:53:37.149+0000] {processor.py:826} INFO - Processing file /home/airflow/.local/lib/python3.7/site-packages/airflow/example_dags/example_branch_operator.py for tasks to queue
[2025-07-09T02:53:37.150+0000] {logging_mixin.py:149} INFO - [2025-07-09T02:53:37.150+0000] {dagbag.py:541} INFO - Filling up the DagBag from /home/airflow/.local/lib/python3.7/site-packages/airflow/example_dags/example_branch_operator.py
[2025-07-09T02:53:37.164+0000] {processor.py:836} INFO - DAG(s) dict_keys(['example_branch_operator']) retrieved from /home/airflow/.local/lib/python3.7/site-packages/airflow/example_dags/example_branch_operator.py
[2025-07-09T02:53:37.197+0000] {logging_mixin.py:149} INFO - [2025-07-09T02:53:37.197+0000] {dag.py:2726} INFO - Sync 1 DAGs
[2025-07-09T02:53:37.225+0000] {logging_mixin.py:149} INFO - [2025-07-09T02:53:37.225+0000] {dag.py:3490} INFO - Setting next_dagrun for example_branch_operator to 2025-07-08T00:00:00+00:00, run_after=2025-07-09T00:00:00+00:00
[2025-07-09T02:53:37.250+0000] {processor.py:179} INFO - Processing /home/airflow/.local/lib/python3.7/site-packages/airflow/example_dags/example_branch_operator.py took 0.107 seconds
[2025-07-09T02:54:07.827+0000] {processor.py:157} INFO - Started process (PID=12513) to work on /home/airflow/.local/lib/python3.7/site-packages/airflow/example_dags/example_branch_operator.py
[2025-07-09T02:54:07.828+0000] {processor.py:826} INFO - Processing file /home/airflow/.local/lib/python3.7/site-packages/airflow/example_dags/example_branch_operator.py for tasks to queue
[2025-07-09T02:54:07.829+0000] {logging_mixin.py:149} INFO - [2025-07-09T02:54:07.829+0000] {dagbag.py:541} INFO - Filling up the DagBag from /home/airflow/.local/lib/python3.7/site-packages/airflow/example_dags/example_branch_operator.py
[2025-07-09T02:54:07.841+0000] {processor.py:836} INFO - DAG(s) dict_keys(['example_branch_operator']) retrieved from /home/airflow/.local/lib/python3.7/site-packages/airflow/example_dags/example_branch_operator.py
[2025-07-09T02:54:07.870+0000] {logging_mixin.py:149} INFO - [2025-07-09T02:54:07.870+0000] {dag.py:2726} INFO - Sync 1 DAGs
[2025-07-09T02:54:07.896+0000] {logging_mixin.py:149} INFO - [2025-07-09T02:54:07.896+0000] {dag.py:3490} INFO - Setting next_dagrun for example_branch_operator to 2025-07-08T00:00:00+00:00, run_after=2025-07-09T00:00:00+00:00
[2025-07-09T02:54:07.918+0000] {processor.py:179} INFO - Processing /home/airflow/.local/lib/python3.7/site-packages/airflow/example_dags/example_branch_operator.py took 0.094 seconds
[2025-07-09T02:54:38.326+0000] {processor.py:157} INFO - Started process (PID=12758) to work on /home/airflow/.local/lib/python3.7/site-packages/airflow/example_dags/example_branch_operator.py
[2025-07-09T02:54:38.327+0000] {processor.py:826} INFO - Processing file /home/airflow/.local/lib/python3.7/site-packages/airflow/example_dags/example_branch_operator.py for tasks to queue
[2025-07-09T02:54:38.328+0000] {logging_mixin.py:149} INFO - [2025-07-09T02:54:38.328+0000] {dagbag.py:541} INFO - Filling up the DagBag from /home/airflow/.local/lib/python3.7/site-packages/airflow/example_dags/example_branch_operator.py
[2025-07-09T02:54:38.339+0000] {processor.py:836} INFO - DAG(s) dict_keys(['example_branch_operator']) retrieved from /home/airflow/.local/lib/python3.7/site-packages/airflow/example_dags/example_branch_operator.py
[2025-07-09T02:54:38.369+0000] {logging_mixin.py:149} INFO - [2025-07-09T02:54:38.369+0000] {dag.py:2726} INFO - Sync 1 DAGs
[2025-07-09T02:54:38.396+0000] {logging_mixin.py:149} INFO - [2025-07-09T02:54:38.396+0000] {dag.py:3490} INFO - Setting next_dagrun for example_branch_operator to 2025-07-08T00:00:00+00:00, run_after=2025-07-09T00:00:00+00:00
[2025-07-09T02:54:38.417+0000] {processor.py:179} INFO - Processing /home/airflow/.local/lib/python3.7/site-packages/airflow/example_dags/example_branch_operator.py took 0.095 seconds
[2025-07-09T02:55:09.165+0000] {processor.py:157} INFO - Started process (PID=13003) to work on /home/airflow/.local/lib/python3.7/site-packages/airflow/example_dags/example_branch_operator.py
[2025-07-09T02:55:09.166+0000] {processor.py:826} INFO - Processing file /home/airflow/.local/lib/python3.7/site-packages/airflow/example_dags/example_branch_operator.py for tasks to queue
[2025-07-09T02:55:09.167+0000] {logging_mixin.py:149} INFO - [2025-07-09T02:55:09.167+0000] {dagbag.py:541} INFO - Filling up the DagBag from /home/airflow/.local/lib/python3.7/site-packages/airflow/example_dags/example_branch_operator.py
[2025-07-09T02:55:09.184+0000] {processor.py:836} INFO - DAG(s) dict_keys(['example_branch_operator']) retrieved from /home/airflow/.local/lib/python3.7/site-packages/airflow/example_dags/example_branch_operator.py
[2025-07-09T02:55:09.233+0000] {logging_mixin.py:149} INFO - [2025-07-09T02:55:09.232+0000] {dag.py:2726} INFO - Sync 1 DAGs
[2025-07-09T02:55:09.273+0000] {logging_mixin.py:149} INFO - [2025-07-09T02:55:09.273+0000] {dag.py:3490} INFO - Setting next_dagrun for example_branch_operator to 2025-07-08T00:00:00+00:00, run_after=2025-07-09T00:00:00+00:00
[2025-07-09T02:55:09.303+0000] {processor.py:179} INFO - Processing /home/airflow/.local/lib/python3.7/site-packages/airflow/example_dags/example_branch_operator.py took 0.143 seconds
