[2025-10-02T18:13:57.148+0000] {processor.py:157} INFO - Started process (PID=362) to work on /home/airflow/.local/lib/python3.7/site-packages/airflow/example_dags/example_dag_decorator.py
[2025-10-02T18:13:57.150+0000] {processor.py:826} INFO - Processing file /home/airflow/.local/lib/python3.7/site-packages/airflow/example_dags/example_dag_decorator.py for tasks to queue
[2025-10-02T18:13:57.152+0000] {logging_mixin.py:149} INFO - [2025-10-02T18:13:57.151+0000] {dagbag.py:541} INFO - Filling up the DagBag from /home/airflow/.local/lib/python3.7/site-packages/airflow/example_dags/example_dag_decorator.py
[2025-10-02T18:13:57.175+0000] {processor.py:836} INFO - DAG(s) dict_keys(['example_dag_decorator']) retrieved from /home/airflow/.local/lib/python3.7/site-packages/airflow/example_dags/example_dag_decorator.py
[2025-10-02T18:13:57.500+0000] {logging_mixin.py:149} INFO - [2025-10-02T18:13:57.499+0000] {dag.py:2726} INFO - Sync 1 DAGs
[2025-10-02T18:13:57.535+0000] {logging_mixin.py:149} INFO - [2025-10-02T18:13:57.535+0000] {dag.py:3490} INFO - Setting next_dagrun for example_dag_decorator to None, run_after=None
[2025-10-02T18:13:57.565+0000] {processor.py:179} INFO - Processing /home/airflow/.local/lib/python3.7/site-packages/airflow/example_dags/example_dag_decorator.py took 0.422 seconds
[2025-10-02T18:14:27.913+0000] {processor.py:157} INFO - Started process (PID=676) to work on /home/airflow/.local/lib/python3.7/site-packages/airflow/example_dags/example_dag_decorator.py
[2025-10-02T18:14:27.914+0000] {processor.py:826} INFO - Processing file /home/airflow/.local/lib/python3.7/site-packages/airflow/example_dags/example_dag_decorator.py for tasks to queue
[2025-10-02T18:14:27.915+0000] {logging_mixin.py:149} INFO - [2025-10-02T18:14:27.915+0000] {dagbag.py:541} INFO - Filling up the DagBag from /home/airflow/.local/lib/python3.7/site-packages/airflow/example_dags/example_dag_decorator.py
[2025-10-02T18:14:27.931+0000] {processor.py:836} INFO - DAG(s) dict_keys(['example_dag_decorator']) retrieved from /home/airflow/.local/lib/python3.7/site-packages/airflow/example_dags/example_dag_decorator.py
[2025-10-02T18:14:28.074+0000] {logging_mixin.py:149} INFO - [2025-10-02T18:14:28.073+0000] {dag.py:2726} INFO - Sync 1 DAGs
[2025-10-02T18:14:28.100+0000] {logging_mixin.py:149} INFO - [2025-10-02T18:14:28.100+0000] {dag.py:3490} INFO - Setting next_dagrun for example_dag_decorator to None, run_after=None
[2025-10-02T18:14:28.122+0000] {processor.py:179} INFO - Processing /home/airflow/.local/lib/python3.7/site-packages/airflow/example_dags/example_dag_decorator.py took 0.213 seconds
[2025-10-02T18:14:59.765+0000] {processor.py:157} INFO - Started process (PID=978) to work on /home/airflow/.local/lib/python3.7/site-packages/airflow/example_dags/example_dag_decorator.py
[2025-10-02T18:14:59.766+0000] {processor.py:826} INFO - Processing file /home/airflow/.local/lib/python3.7/site-packages/airflow/example_dags/example_dag_decorator.py for tasks to queue
[2025-10-02T18:14:59.767+0000] {logging_mixin.py:149} INFO - [2025-10-02T18:14:59.767+0000] {dagbag.py:541} INFO - Filling up the DagBag from /home/airflow/.local/lib/python3.7/site-packages/airflow/example_dags/example_dag_decorator.py
[2025-10-02T18:14:59.785+0000] {processor.py:836} INFO - DAG(s) dict_keys(['example_dag_decorator']) retrieved from /home/airflow/.local/lib/python3.7/site-packages/airflow/example_dags/example_dag_decorator.py
[2025-10-02T18:15:00.331+0000] {logging_mixin.py:149} INFO - [2025-10-02T18:15:00.330+0000] {dag.py:2726} INFO - Sync 1 DAGs
[2025-10-02T18:15:00.360+0000] {logging_mixin.py:149} INFO - [2025-10-02T18:15:00.360+0000] {dag.py:3490} INFO - Setting next_dagrun for example_dag_decorator to None, run_after=None
[2025-10-02T18:15:00.382+0000] {processor.py:179} INFO - Processing /home/airflow/.local/lib/python3.7/site-packages/airflow/example_dags/example_dag_decorator.py took 0.623 seconds
