[2025-10-02T18:13:53.397+0000] {processor.py:157} INFO - Started process (PID=270) to work on /home/airflow/.local/lib/python3.7/site-packages/airflow/example_dags/tutorial.py
[2025-10-02T18:13:53.399+0000] {processor.py:826} INFO - Processing file /home/airflow/.local/lib/python3.7/site-packages/airflow/example_dags/tutorial.py for tasks to queue
[2025-10-02T18:13:53.400+0000] {logging_mixin.py:149} INFO - [2025-10-02T18:13:53.400+0000] {dagbag.py:541} INFO - Filling up the DagBag from /home/airflow/.local/lib/python3.7/site-packages/airflow/example_dags/tutorial.py
[2025-10-02T18:13:53.418+0000] {processor.py:836} INFO - DAG(s) dict_keys(['tutorial']) retrieved from /home/airflow/.local/lib/python3.7/site-packages/airflow/example_dags/tutorial.py
[2025-10-02T18:13:53.486+0000] {logging_mixin.py:149} INFO - [2025-10-02T18:13:53.486+0000] {dag.py:2726} INFO - Sync 1 DAGs
[2025-10-02T18:13:53.544+0000] {logging_mixin.py:149} INFO - [2025-10-02T18:13:53.544+0000] {dag.py:3490} INFO - Setting next_dagrun for tutorial to 2025-10-01T18:13:53.543876+00:00, run_after=2025-10-02T18:13:53.543876+00:00
[2025-10-02T18:13:53.598+0000] {processor.py:179} INFO - Processing /home/airflow/.local/lib/python3.7/site-packages/airflow/example_dags/tutorial.py took 0.207 seconds
[2025-10-02T18:14:23.775+0000] {processor.py:157} INFO - Started process (PID=591) to work on /home/airflow/.local/lib/python3.7/site-packages/airflow/example_dags/tutorial.py
[2025-10-02T18:14:23.777+0000] {processor.py:826} INFO - Processing file /home/airflow/.local/lib/python3.7/site-packages/airflow/example_dags/tutorial.py for tasks to queue
[2025-10-02T18:14:23.777+0000] {logging_mixin.py:149} INFO - [2025-10-02T18:14:23.777+0000] {dagbag.py:541} INFO - Filling up the DagBag from /home/airflow/.local/lib/python3.7/site-packages/airflow/example_dags/tutorial.py
[2025-10-02T18:14:23.785+0000] {processor.py:836} INFO - DAG(s) dict_keys(['tutorial']) retrieved from /home/airflow/.local/lib/python3.7/site-packages/airflow/example_dags/tutorial.py
[2025-10-02T18:14:23.992+0000] {logging_mixin.py:149} INFO - [2025-10-02T18:14:23.992+0000] {dag.py:2726} INFO - Sync 1 DAGs
[2025-10-02T18:14:24.022+0000] {logging_mixin.py:149} INFO - [2025-10-02T18:14:24.022+0000] {dag.py:3490} INFO - Setting next_dagrun for tutorial to 2025-10-01T18:14:24.022042+00:00, run_after=2025-10-02T18:14:24.022042+00:00
[2025-10-02T18:14:24.048+0000] {processor.py:179} INFO - Processing /home/airflow/.local/lib/python3.7/site-packages/airflow/example_dags/tutorial.py took 0.276 seconds
[2025-10-02T18:14:55.680+0000] {processor.py:157} INFO - Started process (PID=898) to work on /home/airflow/.local/lib/python3.7/site-packages/airflow/example_dags/tutorial.py
[2025-10-02T18:14:55.681+0000] {processor.py:826} INFO - Processing file /home/airflow/.local/lib/python3.7/site-packages/airflow/example_dags/tutorial.py for tasks to queue
[2025-10-02T18:14:55.682+0000] {logging_mixin.py:149} INFO - [2025-10-02T18:14:55.682+0000] {dagbag.py:541} INFO - Filling up the DagBag from /home/airflow/.local/lib/python3.7/site-packages/airflow/example_dags/tutorial.py
[2025-10-02T18:14:55.690+0000] {processor.py:836} INFO - DAG(s) dict_keys(['tutorial']) retrieved from /home/airflow/.local/lib/python3.7/site-packages/airflow/example_dags/tutorial.py
[2025-10-02T18:14:55.726+0000] {logging_mixin.py:149} INFO - [2025-10-02T18:14:55.725+0000] {dag.py:2726} INFO - Sync 1 DAGs
[2025-10-02T18:14:55.759+0000] {logging_mixin.py:149} INFO - [2025-10-02T18:14:55.759+0000] {dag.py:3490} INFO - Setting next_dagrun for tutorial to 2025-10-01T18:14:55.759146+00:00, run_after=2025-10-02T18:14:55.759146+00:00
[2025-10-02T18:14:55.784+0000] {processor.py:179} INFO - Processing /home/airflow/.local/lib/python3.7/site-packages/airflow/example_dags/tutorial.py took 0.108 seconds
