[2025-08-16T03:54:00.817+0000] {processor.py:157} INFO - Started process (PID=268) to work on /home/airflow/.local/lib/python3.7/site-packages/airflow/example_dags/example_xcomargs.py
[2025-08-16T03:54:00.819+0000] {processor.py:826} INFO - Processing file /home/airflow/.local/lib/python3.7/site-packages/airflow/example_dags/example_xcomargs.py for tasks to queue
[2025-08-16T03:54:00.820+0000] {logging_mixin.py:149} INFO - [2025-08-16T03:54:00.820+0000] {dagbag.py:541} INFO - Filling up the DagBag from /home/airflow/.local/lib/python3.7/site-packages/airflow/example_dags/example_xcomargs.py
[2025-08-16T03:54:00.838+0000] {processor.py:836} INFO - DAG(s) dict_keys(['example_xcom_args_with_operators', 'example_xcom_args']) retrieved from /home/airflow/.local/lib/python3.7/site-packages/airflow/example_dags/example_xcomargs.py
[2025-08-16T03:54:00.893+0000] {logging_mixin.py:149} INFO - [2025-08-16T03:54:00.893+0000] {dag.py:2726} INFO - Sync 2 DAGs
[2025-08-16T03:54:00.936+0000] {logging_mixin.py:149} INFO - [2025-08-16T03:54:00.936+0000] {dag.py:3490} INFO - Setting next_dagrun for example_xcom_args to None, run_after=None
[2025-08-16T03:54:00.941+0000] {logging_mixin.py:149} INFO - [2025-08-16T03:54:00.941+0000] {dag.py:3490} INFO - Setting next_dagrun for example_xcom_args_with_operators to None, run_after=None
[2025-08-16T03:54:00.973+0000] {processor.py:179} INFO - Processing /home/airflow/.local/lib/python3.7/site-packages/airflow/example_dags/example_xcomargs.py took 0.160 seconds
[2025-08-16T13:57:35.808+0000] {processor.py:157} INFO - Started process (PID=268) to work on /home/airflow/.local/lib/python3.7/site-packages/airflow/example_dags/example_xcomargs.py
[2025-08-16T13:57:35.813+0000] {processor.py:826} INFO - Processing file /home/airflow/.local/lib/python3.7/site-packages/airflow/example_dags/example_xcomargs.py for tasks to queue
[2025-08-16T13:57:35.816+0000] {logging_mixin.py:149} INFO - [2025-08-16T13:57:35.816+0000] {dagbag.py:541} INFO - Filling up the DagBag from /home/airflow/.local/lib/python3.7/site-packages/airflow/example_dags/example_xcomargs.py
[2025-08-16T13:57:35.873+0000] {processor.py:836} INFO - DAG(s) dict_keys(['example_xcom_args_with_operators', 'example_xcom_args']) retrieved from /home/airflow/.local/lib/python3.7/site-packages/airflow/example_dags/example_xcomargs.py
[2025-08-16T13:57:36.020+0000] {logging_mixin.py:149} INFO - [2025-08-16T13:57:36.020+0000] {dag.py:2726} INFO - Sync 2 DAGs
[2025-08-16T13:57:36.125+0000] {logging_mixin.py:149} INFO - [2025-08-16T13:57:36.125+0000] {dag.py:3490} INFO - Setting next_dagrun for example_xcom_args to None, run_after=None
[2025-08-16T13:57:36.137+0000] {logging_mixin.py:149} INFO - [2025-08-16T13:57:36.137+0000] {dag.py:3490} INFO - Setting next_dagrun for example_xcom_args_with_operators to None, run_after=None
[2025-08-16T13:57:36.197+0000] {processor.py:179} INFO - Processing /home/airflow/.local/lib/python3.7/site-packages/airflow/example_dags/example_xcomargs.py took 0.399 seconds
[2025-08-16T13:58:07.434+0000] {processor.py:157} INFO - Started process (PID=513) to work on /home/airflow/.local/lib/python3.7/site-packages/airflow/example_dags/example_xcomargs.py
[2025-08-16T13:58:07.437+0000] {processor.py:826} INFO - Processing file /home/airflow/.local/lib/python3.7/site-packages/airflow/example_dags/example_xcomargs.py for tasks to queue
[2025-08-16T13:58:07.441+0000] {logging_mixin.py:149} INFO - [2025-08-16T13:58:07.440+0000] {dagbag.py:541} INFO - Filling up the DagBag from /home/airflow/.local/lib/python3.7/site-packages/airflow/example_dags/example_xcomargs.py
[2025-08-16T13:58:07.492+0000] {processor.py:836} INFO - DAG(s) dict_keys(['example_xcom_args_with_operators', 'example_xcom_args']) retrieved from /home/airflow/.local/lib/python3.7/site-packages/airflow/example_dags/example_xcomargs.py
[2025-08-16T13:58:07.597+0000] {logging_mixin.py:149} INFO - [2025-08-16T13:58:07.597+0000] {dag.py:2726} INFO - Sync 2 DAGs
[2025-08-16T13:58:07.715+0000] {logging_mixin.py:149} INFO - [2025-08-16T13:58:07.715+0000] {dag.py:3490} INFO - Setting next_dagrun for example_xcom_args to None, run_after=None
[2025-08-16T13:58:07.728+0000] {logging_mixin.py:149} INFO - [2025-08-16T13:58:07.727+0000] {dag.py:3490} INFO - Setting next_dagrun for example_xcom_args_with_operators to None, run_after=None
[2025-08-16T13:58:07.803+0000] {processor.py:179} INFO - Processing /home/airflow/.local/lib/python3.7/site-packages/airflow/example_dags/example_xcomargs.py took 0.383 seconds
[2025-08-16T13:58:38.223+0000] {processor.py:157} INFO - Started process (PID=758) to work on /home/airflow/.local/lib/python3.7/site-packages/airflow/example_dags/example_xcomargs.py
[2025-08-16T13:58:38.225+0000] {processor.py:826} INFO - Processing file /home/airflow/.local/lib/python3.7/site-packages/airflow/example_dags/example_xcomargs.py for tasks to queue
[2025-08-16T13:58:38.227+0000] {logging_mixin.py:149} INFO - [2025-08-16T13:58:38.227+0000] {dagbag.py:541} INFO - Filling up the DagBag from /home/airflow/.local/lib/python3.7/site-packages/airflow/example_dags/example_xcomargs.py
[2025-08-16T13:58:38.235+0000] {processor.py:836} INFO - DAG(s) dict_keys(['example_xcom_args', 'example_xcom_args_with_operators']) retrieved from /home/airflow/.local/lib/python3.7/site-packages/airflow/example_dags/example_xcomargs.py
[2025-08-16T13:58:38.268+0000] {logging_mixin.py:149} INFO - [2025-08-16T13:58:38.268+0000] {dag.py:2726} INFO - Sync 2 DAGs
[2025-08-16T13:58:38.301+0000] {logging_mixin.py:149} INFO - [2025-08-16T13:58:38.301+0000] {dag.py:3490} INFO - Setting next_dagrun for example_xcom_args to None, run_after=None
[2025-08-16T13:58:38.305+0000] {logging_mixin.py:149} INFO - [2025-08-16T13:58:38.305+0000] {dag.py:3490} INFO - Setting next_dagrun for example_xcom_args_with_operators to None, run_after=None
[2025-08-16T13:58:38.323+0000] {processor.py:179} INFO - Processing /home/airflow/.local/lib/python3.7/site-packages/airflow/example_dags/example_xcomargs.py took 0.103 seconds
[2025-08-16T13:59:08.629+0000] {processor.py:157} INFO - Started process (PID=1005) to work on /home/airflow/.local/lib/python3.7/site-packages/airflow/example_dags/example_xcomargs.py
[2025-08-16T13:59:08.630+0000] {processor.py:826} INFO - Processing file /home/airflow/.local/lib/python3.7/site-packages/airflow/example_dags/example_xcomargs.py for tasks to queue
[2025-08-16T13:59:08.631+0000] {logging_mixin.py:149} INFO - [2025-08-16T13:59:08.630+0000] {dagbag.py:541} INFO - Filling up the DagBag from /home/airflow/.local/lib/python3.7/site-packages/airflow/example_dags/example_xcomargs.py
[2025-08-16T13:59:08.640+0000] {processor.py:836} INFO - DAG(s) dict_keys(['example_xcom_args', 'example_xcom_args_with_operators']) retrieved from /home/airflow/.local/lib/python3.7/site-packages/airflow/example_dags/example_xcomargs.py
[2025-08-16T13:59:08.674+0000] {logging_mixin.py:149} INFO - [2025-08-16T13:59:08.674+0000] {dag.py:2726} INFO - Sync 2 DAGs
[2025-08-16T13:59:08.835+0000] {logging_mixin.py:149} INFO - [2025-08-16T13:59:08.835+0000] {dag.py:3490} INFO - Setting next_dagrun for example_xcom_args to None, run_after=None
[2025-08-16T13:59:08.840+0000] {logging_mixin.py:149} INFO - [2025-08-16T13:59:08.840+0000] {dag.py:3490} INFO - Setting next_dagrun for example_xcom_args_with_operators to None, run_after=None
[2025-08-16T13:59:08.863+0000] {processor.py:179} INFO - Processing /home/airflow/.local/lib/python3.7/site-packages/airflow/example_dags/example_xcomargs.py took 0.238 seconds
