[2025-08-16T13:57:40.321+0000] {processor.py:157} INFO - Started process (PID=338) to work on /home/airflow/.local/lib/python3.7/site-packages/airflow/example_dags/example_local_kubernetes_executor.py
[2025-08-16T13:57:40.324+0000] {processor.py:826} INFO - Processing file /home/airflow/.local/lib/python3.7/site-packages/airflow/example_dags/example_local_kubernetes_executor.py for tasks to queue
[2025-08-16T13:57:40.327+0000] {logging_mixin.py:149} INFO - [2025-08-16T13:57:40.326+0000] {dagbag.py:541} INFO - Filling up the DagBag from /home/airflow/.local/lib/python3.7/site-packages/airflow/example_dags/example_local_kubernetes_executor.py
[2025-08-16T13:57:41.448+0000] {processor.py:836} INFO - DAG(s) dict_keys(['example_local_kubernetes_executor']) retrieved from /home/airflow/.local/lib/python3.7/site-packages/airflow/example_dags/example_local_kubernetes_executor.py
[2025-08-16T13:57:41.595+0000] {logging_mixin.py:149} INFO - [2025-08-16T13:57:41.594+0000] {dag.py:2726} INFO - Sync 1 DAGs
[2025-08-16T13:57:41.694+0000] {logging_mixin.py:149} INFO - [2025-08-16T13:57:41.694+0000] {dag.py:3490} INFO - Setting next_dagrun for example_local_kubernetes_executor to None, run_after=None
[2025-08-16T13:57:41.761+0000] {processor.py:179} INFO - Processing /home/airflow/.local/lib/python3.7/site-packages/airflow/example_dags/example_local_kubernetes_executor.py took 1.452 seconds
[2025-08-16T13:58:11.992+0000] {processor.py:157} INFO - Started process (PID=583) to work on /home/airflow/.local/lib/python3.7/site-packages/airflow/example_dags/example_local_kubernetes_executor.py
[2025-08-16T13:58:11.997+0000] {processor.py:826} INFO - Processing file /home/airflow/.local/lib/python3.7/site-packages/airflow/example_dags/example_local_kubernetes_executor.py for tasks to queue
[2025-08-16T13:58:12.000+0000] {logging_mixin.py:149} INFO - [2025-08-16T13:58:11.999+0000] {dagbag.py:541} INFO - Filling up the DagBag from /home/airflow/.local/lib/python3.7/site-packages/airflow/example_dags/example_local_kubernetes_executor.py
[2025-08-16T13:58:12.776+0000] {processor.py:836} INFO - DAG(s) dict_keys(['example_local_kubernetes_executor']) retrieved from /home/airflow/.local/lib/python3.7/site-packages/airflow/example_dags/example_local_kubernetes_executor.py
[2025-08-16T13:58:12.860+0000] {logging_mixin.py:149} INFO - [2025-08-16T13:58:12.860+0000] {dag.py:2726} INFO - Sync 1 DAGs
[2025-08-16T13:58:12.942+0000] {logging_mixin.py:149} INFO - [2025-08-16T13:58:12.942+0000] {dag.py:3490} INFO - Setting next_dagrun for example_local_kubernetes_executor to None, run_after=None
[2025-08-16T13:58:13.000+0000] {processor.py:179} INFO - Processing /home/airflow/.local/lib/python3.7/site-packages/airflow/example_dags/example_local_kubernetes_executor.py took 1.017 seconds
[2025-08-16T13:58:43.061+0000] {processor.py:157} INFO - Started process (PID=843) to work on /home/airflow/.local/lib/python3.7/site-packages/airflow/example_dags/example_local_kubernetes_executor.py
[2025-08-16T13:58:43.064+0000] {processor.py:826} INFO - Processing file /home/airflow/.local/lib/python3.7/site-packages/airflow/example_dags/example_local_kubernetes_executor.py for tasks to queue
[2025-08-16T13:58:43.065+0000] {logging_mixin.py:149} INFO - [2025-08-16T13:58:43.064+0000] {dagbag.py:541} INFO - Filling up the DagBag from /home/airflow/.local/lib/python3.7/site-packages/airflow/example_dags/example_local_kubernetes_executor.py
[2025-08-16T13:58:43.379+0000] {processor.py:836} INFO - DAG(s) dict_keys(['example_local_kubernetes_executor']) retrieved from /home/airflow/.local/lib/python3.7/site-packages/airflow/example_dags/example_local_kubernetes_executor.py
[2025-08-16T13:58:43.411+0000] {logging_mixin.py:149} INFO - [2025-08-16T13:58:43.411+0000] {dag.py:2726} INFO - Sync 1 DAGs
[2025-08-16T13:58:43.436+0000] {logging_mixin.py:149} INFO - [2025-08-16T13:58:43.436+0000] {dag.py:3490} INFO - Setting next_dagrun for example_local_kubernetes_executor to None, run_after=None
[2025-08-16T13:58:43.459+0000] {processor.py:179} INFO - Processing /home/airflow/.local/lib/python3.7/site-packages/airflow/example_dags/example_local_kubernetes_executor.py took 0.402 seconds
[2025-08-16T13:59:14.175+0000] {processor.py:157} INFO - Started process (PID=1088) to work on /home/airflow/.local/lib/python3.7/site-packages/airflow/example_dags/example_local_kubernetes_executor.py
[2025-08-16T13:59:14.176+0000] {processor.py:826} INFO - Processing file /home/airflow/.local/lib/python3.7/site-packages/airflow/example_dags/example_local_kubernetes_executor.py for tasks to queue
[2025-08-16T13:59:14.177+0000] {logging_mixin.py:149} INFO - [2025-08-16T13:59:14.177+0000] {dagbag.py:541} INFO - Filling up the DagBag from /home/airflow/.local/lib/python3.7/site-packages/airflow/example_dags/example_local_kubernetes_executor.py
[2025-08-16T13:59:14.487+0000] {processor.py:836} INFO - DAG(s) dict_keys(['example_local_kubernetes_executor']) retrieved from /home/airflow/.local/lib/python3.7/site-packages/airflow/example_dags/example_local_kubernetes_executor.py
[2025-08-16T13:59:14.522+0000] {logging_mixin.py:149} INFO - [2025-08-16T13:59:14.522+0000] {dag.py:2726} INFO - Sync 1 DAGs
[2025-08-16T13:59:14.548+0000] {logging_mixin.py:149} INFO - [2025-08-16T13:59:14.548+0000] {dag.py:3490} INFO - Setting next_dagrun for example_local_kubernetes_executor to None, run_after=None
[2025-08-16T13:59:14.568+0000] {processor.py:179} INFO - Processing /home/airflow/.local/lib/python3.7/site-packages/airflow/example_dags/example_local_kubernetes_executor.py took 0.397 seconds
