[2025-08-16T13:57:42.654+0000] {processor.py:157} INFO - Started process (PID=368) to work on /home/airflow/.local/lib/python3.7/site-packages/airflow/example_dags/example_skip_dag.py
[2025-08-16T13:57:42.658+0000] {processor.py:826} INFO - Processing file /home/airflow/.local/lib/python3.7/site-packages/airflow/example_dags/example_skip_dag.py for tasks to queue
[2025-08-16T13:57:42.662+0000] {logging_mixin.py:149} INFO - [2025-08-16T13:57:42.662+0000] {dagbag.py:541} INFO - Filling up the DagBag from /home/airflow/.local/lib/python3.7/site-packages/airflow/example_dags/example_skip_dag.py
[2025-08-16T13:57:42.690+0000] {processor.py:836} INFO - DAG(s) dict_keys(['example_skip_dag']) retrieved from /home/airflow/.local/lib/python3.7/site-packages/airflow/example_dags/example_skip_dag.py
[2025-08-16T13:57:42.789+0000] {logging_mixin.py:149} INFO - [2025-08-16T13:57:42.789+0000] {dag.py:2726} INFO - Sync 1 DAGs
[2025-08-16T13:57:42.851+0000] {logging_mixin.py:149} INFO - [2025-08-16T13:57:42.851+0000] {dag.py:3490} INFO - Setting next_dagrun for example_skip_dag to 2025-08-15T13:57:42.851347+00:00, run_after=2025-08-16T13:57:42.851347+00:00
[2025-08-16T13:57:42.889+0000] {processor.py:179} INFO - Processing /home/airflow/.local/lib/python3.7/site-packages/airflow/example_dags/example_skip_dag.py took 0.247 seconds
[2025-08-16T13:58:13.288+0000] {processor.py:157} INFO - Started process (PID=613) to work on /home/airflow/.local/lib/python3.7/site-packages/airflow/example_dags/example_skip_dag.py
[2025-08-16T13:58:13.292+0000] {processor.py:826} INFO - Processing file /home/airflow/.local/lib/python3.7/site-packages/airflow/example_dags/example_skip_dag.py for tasks to queue
[2025-08-16T13:58:13.295+0000] {logging_mixin.py:149} INFO - [2025-08-16T13:58:13.295+0000] {dagbag.py:541} INFO - Filling up the DagBag from /home/airflow/.local/lib/python3.7/site-packages/airflow/example_dags/example_skip_dag.py
[2025-08-16T13:58:13.317+0000] {processor.py:836} INFO - DAG(s) dict_keys(['example_skip_dag']) retrieved from /home/airflow/.local/lib/python3.7/site-packages/airflow/example_dags/example_skip_dag.py
[2025-08-16T13:58:13.413+0000] {logging_mixin.py:149} INFO - [2025-08-16T13:58:13.413+0000] {dag.py:2726} INFO - Sync 1 DAGs
[2025-08-16T13:58:13.503+0000] {logging_mixin.py:149} INFO - [2025-08-16T13:58:13.503+0000] {dag.py:3490} INFO - Setting next_dagrun for example_skip_dag to 2025-08-15T13:58:13.502922+00:00, run_after=2025-08-16T13:58:13.502922+00:00
[2025-08-16T13:58:13.555+0000] {processor.py:179} INFO - Processing /home/airflow/.local/lib/python3.7/site-packages/airflow/example_dags/example_skip_dag.py took 0.277 seconds
[2025-08-16T13:58:43.749+0000] {processor.py:157} INFO - Started process (PID=860) to work on /home/airflow/.local/lib/python3.7/site-packages/airflow/example_dags/example_skip_dag.py
[2025-08-16T13:58:43.750+0000] {processor.py:826} INFO - Processing file /home/airflow/.local/lib/python3.7/site-packages/airflow/example_dags/example_skip_dag.py for tasks to queue
[2025-08-16T13:58:43.751+0000] {logging_mixin.py:149} INFO - [2025-08-16T13:58:43.751+0000] {dagbag.py:541} INFO - Filling up the DagBag from /home/airflow/.local/lib/python3.7/site-packages/airflow/example_dags/example_skip_dag.py
[2025-08-16T13:58:43.759+0000] {processor.py:836} INFO - DAG(s) dict_keys(['example_skip_dag']) retrieved from /home/airflow/.local/lib/python3.7/site-packages/airflow/example_dags/example_skip_dag.py
[2025-08-16T13:58:43.788+0000] {logging_mixin.py:149} INFO - [2025-08-16T13:58:43.788+0000] {dag.py:2726} INFO - Sync 1 DAGs
[2025-08-16T13:58:43.817+0000] {logging_mixin.py:149} INFO - [2025-08-16T13:58:43.817+0000] {dag.py:3490} INFO - Setting next_dagrun for example_skip_dag to 2025-08-15T13:58:43.816818+00:00, run_after=2025-08-16T13:58:43.816818+00:00
[2025-08-16T13:58:43.931+0000] {processor.py:179} INFO - Processing /home/airflow/.local/lib/python3.7/site-packages/airflow/example_dags/example_skip_dag.py took 0.185 seconds
[2025-08-16T13:59:14.596+0000] {processor.py:157} INFO - Started process (PID=1103) to work on /home/airflow/.local/lib/python3.7/site-packages/airflow/example_dags/example_skip_dag.py
[2025-08-16T13:59:14.597+0000] {processor.py:826} INFO - Processing file /home/airflow/.local/lib/python3.7/site-packages/airflow/example_dags/example_skip_dag.py for tasks to queue
[2025-08-16T13:59:14.599+0000] {logging_mixin.py:149} INFO - [2025-08-16T13:59:14.599+0000] {dagbag.py:541} INFO - Filling up the DagBag from /home/airflow/.local/lib/python3.7/site-packages/airflow/example_dags/example_skip_dag.py
[2025-08-16T13:59:14.607+0000] {processor.py:836} INFO - DAG(s) dict_keys(['example_skip_dag']) retrieved from /home/airflow/.local/lib/python3.7/site-packages/airflow/example_dags/example_skip_dag.py
[2025-08-16T13:59:14.740+0000] {logging_mixin.py:149} INFO - [2025-08-16T13:59:14.740+0000] {dag.py:2726} INFO - Sync 1 DAGs
[2025-08-16T13:59:14.766+0000] {logging_mixin.py:149} INFO - [2025-08-16T13:59:14.766+0000] {dag.py:3490} INFO - Setting next_dagrun for example_skip_dag to 2025-08-15T13:59:14.766223+00:00, run_after=2025-08-16T13:59:14.766223+00:00
[2025-08-16T13:59:14.794+0000] {processor.py:179} INFO - Processing /home/airflow/.local/lib/python3.7/site-packages/airflow/example_dags/example_skip_dag.py took 0.201 seconds
