[2025-08-16T03:53:59.193+0000] {processor.py:157} INFO - Started process (PID=198) to work on /home/airflow/.local/lib/python3.7/site-packages/airflow/example_dags/example_xcom.py
[2025-08-16T03:53:59.195+0000] {processor.py:826} INFO - Processing file /home/airflow/.local/lib/python3.7/site-packages/airflow/example_dags/example_xcom.py for tasks to queue
[2025-08-16T03:53:59.196+0000] {logging_mixin.py:149} INFO - [2025-08-16T03:53:59.196+0000] {dagbag.py:541} INFO - Filling up the DagBag from /home/airflow/.local/lib/python3.7/site-packages/airflow/example_dags/example_xcom.py
[2025-08-16T03:53:59.210+0000] {processor.py:836} INFO - DAG(s) dict_keys(['example_xcom']) retrieved from /home/airflow/.local/lib/python3.7/site-packages/airflow/example_dags/example_xcom.py
[2025-08-16T03:53:59.262+0000] {logging_mixin.py:149} INFO - [2025-08-16T03:53:59.262+0000] {dag.py:2726} INFO - Sync 1 DAGs
[2025-08-16T03:53:59.299+0000] {logging_mixin.py:149} INFO - [2025-08-16T03:53:59.299+0000] {dag.py:3490} INFO - Setting next_dagrun for example_xcom to 2021-01-01T00:00:00+00:00, run_after=2021-01-01T00:00:00+00:00
[2025-08-16T03:53:59.330+0000] {processor.py:179} INFO - Processing /home/airflow/.local/lib/python3.7/site-packages/airflow/example_dags/example_xcom.py took 0.147 seconds
[2025-08-16T13:57:32.171+0000] {processor.py:157} INFO - Started process (PID=191) to work on /home/airflow/.local/lib/python3.7/site-packages/airflow/example_dags/example_xcom.py
[2025-08-16T13:57:32.178+0000] {processor.py:826} INFO - Processing file /home/airflow/.local/lib/python3.7/site-packages/airflow/example_dags/example_xcom.py for tasks to queue
[2025-08-16T13:57:32.181+0000] {logging_mixin.py:149} INFO - [2025-08-16T13:57:32.181+0000] {dagbag.py:541} INFO - Filling up the DagBag from /home/airflow/.local/lib/python3.7/site-packages/airflow/example_dags/example_xcom.py
[2025-08-16T13:57:32.213+0000] {processor.py:836} INFO - DAG(s) dict_keys(['example_xcom']) retrieved from /home/airflow/.local/lib/python3.7/site-packages/airflow/example_dags/example_xcom.py
[2025-08-16T13:57:32.380+0000] {logging_mixin.py:149} INFO - [2025-08-16T13:57:32.380+0000] {dag.py:2726} INFO - Sync 1 DAGs
[2025-08-16T13:57:32.498+0000] {logging_mixin.py:149} INFO - [2025-08-16T13:57:32.497+0000] {dag.py:3490} INFO - Setting next_dagrun for example_xcom to 2021-01-01T00:00:00+00:00, run_after=2021-01-01T00:00:00+00:00
[2025-08-16T13:57:32.587+0000] {processor.py:179} INFO - Processing /home/airflow/.local/lib/python3.7/site-packages/airflow/example_dags/example_xcom.py took 0.430 seconds
[2025-08-16T13:58:03.203+0000] {processor.py:157} INFO - Started process (PID=445) to work on /home/airflow/.local/lib/python3.7/site-packages/airflow/example_dags/example_xcom.py
[2025-08-16T13:58:03.204+0000] {processor.py:826} INFO - Processing file /home/airflow/.local/lib/python3.7/site-packages/airflow/example_dags/example_xcom.py for tasks to queue
[2025-08-16T13:58:03.205+0000] {logging_mixin.py:149} INFO - [2025-08-16T13:58:03.205+0000] {dagbag.py:541} INFO - Filling up the DagBag from /home/airflow/.local/lib/python3.7/site-packages/airflow/example_dags/example_xcom.py
[2025-08-16T13:58:03.213+0000] {processor.py:836} INFO - DAG(s) dict_keys(['example_xcom']) retrieved from /home/airflow/.local/lib/python3.7/site-packages/airflow/example_dags/example_xcom.py
[2025-08-16T13:58:03.246+0000] {logging_mixin.py:149} INFO - [2025-08-16T13:58:03.246+0000] {dag.py:2726} INFO - Sync 1 DAGs
[2025-08-16T13:58:03.275+0000] {logging_mixin.py:149} INFO - [2025-08-16T13:58:03.275+0000] {dag.py:3490} INFO - Setting next_dagrun for example_xcom to 2021-01-01T00:00:00+00:00, run_after=2021-01-01T00:00:00+00:00
[2025-08-16T13:58:03.297+0000] {processor.py:179} INFO - Processing /home/airflow/.local/lib/python3.7/site-packages/airflow/example_dags/example_xcom.py took 0.098 seconds
[2025-08-16T13:58:33.356+0000] {processor.py:157} INFO - Started process (PID=690) to work on /home/airflow/.local/lib/python3.7/site-packages/airflow/example_dags/example_xcom.py
[2025-08-16T13:58:33.357+0000] {processor.py:826} INFO - Processing file /home/airflow/.local/lib/python3.7/site-packages/airflow/example_dags/example_xcom.py for tasks to queue
[2025-08-16T13:58:33.358+0000] {logging_mixin.py:149} INFO - [2025-08-16T13:58:33.358+0000] {dagbag.py:541} INFO - Filling up the DagBag from /home/airflow/.local/lib/python3.7/site-packages/airflow/example_dags/example_xcom.py
[2025-08-16T13:58:33.366+0000] {processor.py:836} INFO - DAG(s) dict_keys(['example_xcom']) retrieved from /home/airflow/.local/lib/python3.7/site-packages/airflow/example_dags/example_xcom.py
[2025-08-16T13:58:33.395+0000] {logging_mixin.py:149} INFO - [2025-08-16T13:58:33.395+0000] {dag.py:2726} INFO - Sync 1 DAGs
[2025-08-16T13:58:33.425+0000] {logging_mixin.py:149} INFO - [2025-08-16T13:58:33.425+0000] {dag.py:3490} INFO - Setting next_dagrun for example_xcom to 2021-01-01T00:00:00+00:00, run_after=2021-01-01T00:00:00+00:00
[2025-08-16T13:58:33.448+0000] {processor.py:179} INFO - Processing /home/airflow/.local/lib/python3.7/site-packages/airflow/example_dags/example_xcom.py took 0.096 seconds
[2025-08-16T13:59:03.719+0000] {processor.py:157} INFO - Started process (PID=935) to work on /home/airflow/.local/lib/python3.7/site-packages/airflow/example_dags/example_xcom.py
[2025-08-16T13:59:03.720+0000] {processor.py:826} INFO - Processing file /home/airflow/.local/lib/python3.7/site-packages/airflow/example_dags/example_xcom.py for tasks to queue
[2025-08-16T13:59:03.721+0000] {logging_mixin.py:149} INFO - [2025-08-16T13:59:03.721+0000] {dagbag.py:541} INFO - Filling up the DagBag from /home/airflow/.local/lib/python3.7/site-packages/airflow/example_dags/example_xcom.py
[2025-08-16T13:59:03.729+0000] {processor.py:836} INFO - DAG(s) dict_keys(['example_xcom']) retrieved from /home/airflow/.local/lib/python3.7/site-packages/airflow/example_dags/example_xcom.py
[2025-08-16T13:59:03.758+0000] {logging_mixin.py:149} INFO - [2025-08-16T13:59:03.758+0000] {dag.py:2726} INFO - Sync 1 DAGs
[2025-08-16T13:59:03.901+0000] {logging_mixin.py:149} INFO - [2025-08-16T13:59:03.901+0000] {dag.py:3490} INFO - Setting next_dagrun for example_xcom to 2021-01-01T00:00:00+00:00, run_after=2021-01-01T00:00:00+00:00
[2025-08-16T13:59:03.934+0000] {processor.py:179} INFO - Processing /home/airflow/.local/lib/python3.7/site-packages/airflow/example_dags/example_xcom.py took 0.219 seconds
