[2025-08-16T13:57:43.109+0000] {processor.py:157} INFO - Started process (PID=380) to work on /home/airflow/.local/lib/python3.7/site-packages/airflow/example_dags/example_short_circuit_decorator.py
[2025-08-16T13:57:43.111+0000] {processor.py:826} INFO - Processing file /home/airflow/.local/lib/python3.7/site-packages/airflow/example_dags/example_short_circuit_decorator.py for tasks to queue
[2025-08-16T13:57:43.113+0000] {logging_mixin.py:149} INFO - [2025-08-16T13:57:43.112+0000] {dagbag.py:541} INFO - Filling up the DagBag from /home/airflow/.local/lib/python3.7/site-packages/airflow/example_dags/example_short_circuit_decorator.py
[2025-08-16T13:57:43.127+0000] {processor.py:836} INFO - DAG(s) dict_keys(['example_short_circuit_decorator']) retrieved from /home/airflow/.local/lib/python3.7/site-packages/airflow/example_dags/example_short_circuit_decorator.py
[2025-08-16T13:57:43.177+0000] {logging_mixin.py:149} INFO - [2025-08-16T13:57:43.176+0000] {dag.py:2726} INFO - Sync 1 DAGs
[2025-08-16T13:57:43.212+0000] {logging_mixin.py:149} INFO - [2025-08-16T13:57:43.212+0000] {dag.py:3490} INFO - Setting next_dagrun for example_short_circuit_decorator to 2025-08-15T13:57:43.212088+00:00, run_after=2025-08-16T13:57:43.212088+00:00
[2025-08-16T13:57:43.245+0000] {processor.py:179} INFO - Processing /home/airflow/.local/lib/python3.7/site-packages/airflow/example_dags/example_short_circuit_decorator.py took 0.140 seconds
[2025-08-16T13:58:13.613+0000] {processor.py:157} INFO - Started process (PID=623) to work on /home/airflow/.local/lib/python3.7/site-packages/airflow/example_dags/example_short_circuit_decorator.py
[2025-08-16T13:58:13.616+0000] {processor.py:826} INFO - Processing file /home/airflow/.local/lib/python3.7/site-packages/airflow/example_dags/example_short_circuit_decorator.py for tasks to queue
[2025-08-16T13:58:13.619+0000] {logging_mixin.py:149} INFO - [2025-08-16T13:58:13.618+0000] {dagbag.py:541} INFO - Filling up the DagBag from /home/airflow/.local/lib/python3.7/site-packages/airflow/example_dags/example_short_circuit_decorator.py
[2025-08-16T13:58:13.650+0000] {processor.py:836} INFO - DAG(s) dict_keys(['example_short_circuit_decorator']) retrieved from /home/airflow/.local/lib/python3.7/site-packages/airflow/example_dags/example_short_circuit_decorator.py
[2025-08-16T13:58:13.734+0000] {logging_mixin.py:149} INFO - [2025-08-16T13:58:13.734+0000] {dag.py:2726} INFO - Sync 1 DAGs
[2025-08-16T13:58:13.787+0000] {logging_mixin.py:149} INFO - [2025-08-16T13:58:13.787+0000] {dag.py:3490} INFO - Setting next_dagrun for example_short_circuit_decorator to 2025-08-15T13:58:13.786694+00:00, run_after=2025-08-16T13:58:13.786694+00:00
[2025-08-16T13:58:13.818+0000] {processor.py:179} INFO - Processing /home/airflow/.local/lib/python3.7/site-packages/airflow/example_dags/example_short_circuit_decorator.py took 0.213 seconds
[2025-08-16T13:58:44.176+0000] {processor.py:157} INFO - Started process (PID=870) to work on /home/airflow/.local/lib/python3.7/site-packages/airflow/example_dags/example_short_circuit_decorator.py
[2025-08-16T13:58:44.177+0000] {processor.py:826} INFO - Processing file /home/airflow/.local/lib/python3.7/site-packages/airflow/example_dags/example_short_circuit_decorator.py for tasks to queue
[2025-08-16T13:58:44.178+0000] {logging_mixin.py:149} INFO - [2025-08-16T13:58:44.178+0000] {dagbag.py:541} INFO - Filling up the DagBag from /home/airflow/.local/lib/python3.7/site-packages/airflow/example_dags/example_short_circuit_decorator.py
[2025-08-16T13:58:44.188+0000] {processor.py:836} INFO - DAG(s) dict_keys(['example_short_circuit_decorator']) retrieved from /home/airflow/.local/lib/python3.7/site-packages/airflow/example_dags/example_short_circuit_decorator.py
[2025-08-16T13:58:44.221+0000] {logging_mixin.py:149} INFO - [2025-08-16T13:58:44.221+0000] {dag.py:2726} INFO - Sync 1 DAGs
[2025-08-16T13:58:44.252+0000] {logging_mixin.py:149} INFO - [2025-08-16T13:58:44.252+0000] {dag.py:3490} INFO - Setting next_dagrun for example_short_circuit_decorator to 2025-08-15T13:58:44.252182+00:00, run_after=2025-08-16T13:58:44.252182+00:00
[2025-08-16T13:58:44.385+0000] {processor.py:179} INFO - Processing /home/airflow/.local/lib/python3.7/site-packages/airflow/example_dags/example_short_circuit_decorator.py took 0.214 seconds
[2025-08-16T13:59:14.825+0000] {processor.py:157} INFO - Started process (PID=1113) to work on /home/airflow/.local/lib/python3.7/site-packages/airflow/example_dags/example_short_circuit_decorator.py
[2025-08-16T13:59:14.826+0000] {processor.py:826} INFO - Processing file /home/airflow/.local/lib/python3.7/site-packages/airflow/example_dags/example_short_circuit_decorator.py for tasks to queue
[2025-08-16T13:59:14.829+0000] {logging_mixin.py:149} INFO - [2025-08-16T13:59:14.829+0000] {dagbag.py:541} INFO - Filling up the DagBag from /home/airflow/.local/lib/python3.7/site-packages/airflow/example_dags/example_short_circuit_decorator.py
[2025-08-16T13:59:14.841+0000] {processor.py:836} INFO - DAG(s) dict_keys(['example_short_circuit_decorator']) retrieved from /home/airflow/.local/lib/python3.7/site-packages/airflow/example_dags/example_short_circuit_decorator.py
[2025-08-16T13:59:14.981+0000] {logging_mixin.py:149} INFO - [2025-08-16T13:59:14.981+0000] {dag.py:2726} INFO - Sync 1 DAGs
[2025-08-16T13:59:15.015+0000] {logging_mixin.py:149} INFO - [2025-08-16T13:59:15.015+0000] {dag.py:3490} INFO - Setting next_dagrun for example_short_circuit_decorator to 2025-08-15T13:59:15.015033+00:00, run_after=2025-08-16T13:59:15.015033+00:00
[2025-08-16T13:59:15.040+0000] {processor.py:179} INFO - Processing /home/airflow/.local/lib/python3.7/site-packages/airflow/example_dags/example_short_circuit_decorator.py took 0.218 seconds
