[2025-08-16T03:53:59.593+0000] {processor.py:157} INFO - Started process (PID=213) to work on /home/airflow/.local/lib/python3.7/site-packages/airflow/example_dags/example_task_group_decorator.py
[2025-08-16T03:53:59.596+0000] {processor.py:826} INFO - Processing file /home/airflow/.local/lib/python3.7/site-packages/airflow/example_dags/example_task_group_decorator.py for tasks to queue
[2025-08-16T03:53:59.597+0000] {logging_mixin.py:149} INFO - [2025-08-16T03:53:59.597+0000] {dagbag.py:541} INFO - Filling up the DagBag from /home/airflow/.local/lib/python3.7/site-packages/airflow/example_dags/example_task_group_decorator.py
[2025-08-16T03:53:59.632+0000] {processor.py:836} INFO - DAG(s) dict_keys(['example_task_group_decorator']) retrieved from /home/airflow/.local/lib/python3.7/site-packages/airflow/example_dags/example_task_group_decorator.py
[2025-08-16T03:53:59.688+0000] {logging_mixin.py:149} INFO - [2025-08-16T03:53:59.688+0000] {dag.py:2726} INFO - Sync 1 DAGs
[2025-08-16T03:53:59.724+0000] {logging_mixin.py:149} INFO - [2025-08-16T03:53:59.723+0000] {dag.py:3490} INFO - Setting next_dagrun for example_task_group_decorator to 2025-08-15T03:53:59.723365+00:00, run_after=2025-08-16T03:53:59.723365+00:00
[2025-08-16T03:53:59.754+0000] {processor.py:179} INFO - Processing /home/airflow/.local/lib/python3.7/site-packages/airflow/example_dags/example_task_group_decorator.py took 0.170 seconds
[2025-08-16T13:57:33.233+0000] {processor.py:157} INFO - Started process (PID=213) to work on /home/airflow/.local/lib/python3.7/site-packages/airflow/example_dags/example_task_group_decorator.py
[2025-08-16T13:57:33.237+0000] {processor.py:826} INFO - Processing file /home/airflow/.local/lib/python3.7/site-packages/airflow/example_dags/example_task_group_decorator.py for tasks to queue
[2025-08-16T13:57:33.240+0000] {logging_mixin.py:149} INFO - [2025-08-16T13:57:33.240+0000] {dagbag.py:541} INFO - Filling up the DagBag from /home/airflow/.local/lib/python3.7/site-packages/airflow/example_dags/example_task_group_decorator.py
[2025-08-16T13:57:33.308+0000] {processor.py:836} INFO - DAG(s) dict_keys(['example_task_group_decorator']) retrieved from /home/airflow/.local/lib/python3.7/site-packages/airflow/example_dags/example_task_group_decorator.py
[2025-08-16T13:57:33.436+0000] {logging_mixin.py:149} INFO - [2025-08-16T13:57:33.435+0000] {dag.py:2726} INFO - Sync 1 DAGs
[2025-08-16T13:57:33.543+0000] {logging_mixin.py:149} INFO - [2025-08-16T13:57:33.543+0000] {dag.py:3490} INFO - Setting next_dagrun for example_task_group_decorator to 2025-08-15T13:57:33.542965+00:00, run_after=2025-08-16T13:57:33.542965+00:00
[2025-08-16T13:57:33.604+0000] {processor.py:179} INFO - Processing /home/airflow/.local/lib/python3.7/site-packages/airflow/example_dags/example_task_group_decorator.py took 0.386 seconds
[2025-08-16T13:58:04.480+0000] {processor.py:157} INFO - Started process (PID=460) to work on /home/airflow/.local/lib/python3.7/site-packages/airflow/example_dags/example_task_group_decorator.py
[2025-08-16T13:58:04.483+0000] {processor.py:826} INFO - Processing file /home/airflow/.local/lib/python3.7/site-packages/airflow/example_dags/example_task_group_decorator.py for tasks to queue
[2025-08-16T13:58:04.485+0000] {logging_mixin.py:149} INFO - [2025-08-16T13:58:04.485+0000] {dagbag.py:541} INFO - Filling up the DagBag from /home/airflow/.local/lib/python3.7/site-packages/airflow/example_dags/example_task_group_decorator.py
[2025-08-16T13:58:04.512+0000] {processor.py:836} INFO - DAG(s) dict_keys(['example_task_group_decorator']) retrieved from /home/airflow/.local/lib/python3.7/site-packages/airflow/example_dags/example_task_group_decorator.py
[2025-08-16T13:58:04.552+0000] {logging_mixin.py:149} INFO - [2025-08-16T13:58:04.551+0000] {dag.py:2726} INFO - Sync 1 DAGs
[2025-08-16T13:58:04.589+0000] {logging_mixin.py:149} INFO - [2025-08-16T13:58:04.588+0000] {dag.py:3490} INFO - Setting next_dagrun for example_task_group_decorator to 2025-08-15T13:58:04.588625+00:00, run_after=2025-08-16T13:58:04.588625+00:00
[2025-08-16T13:58:04.615+0000] {processor.py:179} INFO - Processing /home/airflow/.local/lib/python3.7/site-packages/airflow/example_dags/example_task_group_decorator.py took 0.140 seconds
[2025-08-16T13:58:35.503+0000] {processor.py:157} INFO - Started process (PID=705) to work on /home/airflow/.local/lib/python3.7/site-packages/airflow/example_dags/example_task_group_decorator.py
[2025-08-16T13:58:35.504+0000] {processor.py:826} INFO - Processing file /home/airflow/.local/lib/python3.7/site-packages/airflow/example_dags/example_task_group_decorator.py for tasks to queue
[2025-08-16T13:58:35.506+0000] {logging_mixin.py:149} INFO - [2025-08-16T13:58:35.506+0000] {dagbag.py:541} INFO - Filling up the DagBag from /home/airflow/.local/lib/python3.7/site-packages/airflow/example_dags/example_task_group_decorator.py
[2025-08-16T13:58:35.522+0000] {processor.py:836} INFO - DAG(s) dict_keys(['example_task_group_decorator']) retrieved from /home/airflow/.local/lib/python3.7/site-packages/airflow/example_dags/example_task_group_decorator.py
[2025-08-16T13:58:35.557+0000] {logging_mixin.py:149} INFO - [2025-08-16T13:58:35.557+0000] {dag.py:2726} INFO - Sync 1 DAGs
[2025-08-16T13:58:35.588+0000] {logging_mixin.py:149} INFO - [2025-08-16T13:58:35.588+0000] {dag.py:3490} INFO - Setting next_dagrun for example_task_group_decorator to 2025-08-15T13:58:35.588229+00:00, run_after=2025-08-16T13:58:35.588229+00:00
[2025-08-16T13:58:35.616+0000] {processor.py:179} INFO - Processing /home/airflow/.local/lib/python3.7/site-packages/airflow/example_dags/example_task_group_decorator.py took 0.117 seconds
[2025-08-16T13:59:06.005+0000] {processor.py:157} INFO - Started process (PID=950) to work on /home/airflow/.local/lib/python3.7/site-packages/airflow/example_dags/example_task_group_decorator.py
[2025-08-16T13:59:06.006+0000] {processor.py:826} INFO - Processing file /home/airflow/.local/lib/python3.7/site-packages/airflow/example_dags/example_task_group_decorator.py for tasks to queue
[2025-08-16T13:59:06.008+0000] {logging_mixin.py:149} INFO - [2025-08-16T13:59:06.007+0000] {dagbag.py:541} INFO - Filling up the DagBag from /home/airflow/.local/lib/python3.7/site-packages/airflow/example_dags/example_task_group_decorator.py
[2025-08-16T13:59:06.025+0000] {processor.py:836} INFO - DAG(s) dict_keys(['example_task_group_decorator']) retrieved from /home/airflow/.local/lib/python3.7/site-packages/airflow/example_dags/example_task_group_decorator.py
[2025-08-16T13:59:06.060+0000] {logging_mixin.py:149} INFO - [2025-08-16T13:59:06.059+0000] {dag.py:2726} INFO - Sync 1 DAGs
[2025-08-16T13:59:06.224+0000] {logging_mixin.py:149} INFO - [2025-08-16T13:59:06.224+0000] {dag.py:3490} INFO - Setting next_dagrun for example_task_group_decorator to 2025-08-15T13:59:06.224110+00:00, run_after=2025-08-16T13:59:06.224110+00:00
[2025-08-16T13:59:06.254+0000] {processor.py:179} INFO - Processing /home/airflow/.local/lib/python3.7/site-packages/airflow/example_dags/example_task_group_decorator.py took 0.253 seconds
