[2025-08-16T03:54:03.228+0000] {processor.py:157} INFO - Started process (PID=385) to work on /home/airflow/.local/lib/python3.7/site-packages/airflow/example_dags/example_params_trigger_ui.py
[2025-08-16T03:54:03.229+0000] {processor.py:826} INFO - Processing file /home/airflow/.local/lib/python3.7/site-packages/airflow/example_dags/example_params_trigger_ui.py for tasks to queue
[2025-08-16T03:54:03.230+0000] {logging_mixin.py:149} INFO - [2025-08-16T03:54:03.230+0000] {dagbag.py:541} INFO - Filling up the DagBag from /home/airflow/.local/lib/python3.7/site-packages/airflow/example_dags/example_params_trigger_ui.py
[2025-08-16T03:54:03.257+0000] {processor.py:836} INFO - DAG(s) dict_keys(['example_params_trigger_ui']) retrieved from /home/airflow/.local/lib/python3.7/site-packages/airflow/example_dags/example_params_trigger_ui.py
[2025-08-16T03:54:03.385+0000] {logging_mixin.py:149} INFO - [2025-08-16T03:54:03.385+0000] {dag.py:2726} INFO - Sync 1 DAGs
[2025-08-16T03:54:03.429+0000] {logging_mixin.py:149} INFO - [2025-08-16T03:54:03.429+0000] {dag.py:3490} INFO - Setting next_dagrun for example_params_trigger_ui to None, run_after=None
[2025-08-16T03:54:03.457+0000] {processor.py:179} INFO - Processing /home/airflow/.local/lib/python3.7/site-packages/airflow/example_dags/example_params_trigger_ui.py took 0.232 seconds
[2025-08-16T13:57:39.531+0000] {processor.py:157} INFO - Started process (PID=323) to work on /home/airflow/.local/lib/python3.7/site-packages/airflow/example_dags/example_params_trigger_ui.py
[2025-08-16T13:57:39.538+0000] {processor.py:826} INFO - Processing file /home/airflow/.local/lib/python3.7/site-packages/airflow/example_dags/example_params_trigger_ui.py for tasks to queue
[2025-08-16T13:57:39.546+0000] {logging_mixin.py:149} INFO - [2025-08-16T13:57:39.541+0000] {dagbag.py:541} INFO - Filling up the DagBag from /home/airflow/.local/lib/python3.7/site-packages/airflow/example_dags/example_params_trigger_ui.py
[2025-08-16T13:57:39.623+0000] {processor.py:836} INFO - DAG(s) dict_keys(['example_params_trigger_ui']) retrieved from /home/airflow/.local/lib/python3.7/site-packages/airflow/example_dags/example_params_trigger_ui.py
[2025-08-16T13:57:40.051+0000] {logging_mixin.py:149} INFO - [2025-08-16T13:57:40.051+0000] {dag.py:2726} INFO - Sync 1 DAGs
[2025-08-16T13:57:40.158+0000] {logging_mixin.py:149} INFO - [2025-08-16T13:57:40.158+0000] {dag.py:3490} INFO - Setting next_dagrun for example_params_trigger_ui to None, run_after=None
[2025-08-16T13:57:40.238+0000] {processor.py:179} INFO - Processing /home/airflow/.local/lib/python3.7/site-packages/airflow/example_dags/example_params_trigger_ui.py took 0.734 seconds
[2025-08-16T13:58:11.347+0000] {processor.py:157} INFO - Started process (PID=573) to work on /home/airflow/.local/lib/python3.7/site-packages/airflow/example_dags/example_params_trigger_ui.py
[2025-08-16T13:58:11.350+0000] {processor.py:826} INFO - Processing file /home/airflow/.local/lib/python3.7/site-packages/airflow/example_dags/example_params_trigger_ui.py for tasks to queue
[2025-08-16T13:58:11.352+0000] {logging_mixin.py:149} INFO - [2025-08-16T13:58:11.352+0000] {dagbag.py:541} INFO - Filling up the DagBag from /home/airflow/.local/lib/python3.7/site-packages/airflow/example_dags/example_params_trigger_ui.py
[2025-08-16T13:58:11.430+0000] {processor.py:836} INFO - DAG(s) dict_keys(['example_params_trigger_ui']) retrieved from /home/airflow/.local/lib/python3.7/site-packages/airflow/example_dags/example_params_trigger_ui.py
[2025-08-16T13:58:11.777+0000] {logging_mixin.py:149} INFO - [2025-08-16T13:58:11.776+0000] {dag.py:2726} INFO - Sync 1 DAGs
[2025-08-16T13:58:11.868+0000] {logging_mixin.py:149} INFO - [2025-08-16T13:58:11.868+0000] {dag.py:3490} INFO - Setting next_dagrun for example_params_trigger_ui to None, run_after=None
[2025-08-16T13:58:11.925+0000] {processor.py:179} INFO - Processing /home/airflow/.local/lib/python3.7/site-packages/airflow/example_dags/example_params_trigger_ui.py took 0.590 seconds
[2025-08-16T13:58:42.436+0000] {processor.py:157} INFO - Started process (PID=818) to work on /home/airflow/.local/lib/python3.7/site-packages/airflow/example_dags/example_params_trigger_ui.py
[2025-08-16T13:58:42.440+0000] {processor.py:826} INFO - Processing file /home/airflow/.local/lib/python3.7/site-packages/airflow/example_dags/example_params_trigger_ui.py for tasks to queue
[2025-08-16T13:58:42.441+0000] {logging_mixin.py:149} INFO - [2025-08-16T13:58:42.441+0000] {dagbag.py:541} INFO - Filling up the DagBag from /home/airflow/.local/lib/python3.7/site-packages/airflow/example_dags/example_params_trigger_ui.py
[2025-08-16T13:58:42.467+0000] {processor.py:836} INFO - DAG(s) dict_keys(['example_params_trigger_ui']) retrieved from /home/airflow/.local/lib/python3.7/site-packages/airflow/example_dags/example_params_trigger_ui.py
[2025-08-16T13:58:42.570+0000] {logging_mixin.py:149} INFO - [2025-08-16T13:58:42.570+0000] {dag.py:2726} INFO - Sync 1 DAGs
[2025-08-16T13:58:42.711+0000] {logging_mixin.py:149} INFO - [2025-08-16T13:58:42.711+0000] {dag.py:3490} INFO - Setting next_dagrun for example_params_trigger_ui to None, run_after=None
[2025-08-16T13:58:42.732+0000] {processor.py:179} INFO - Processing /home/airflow/.local/lib/python3.7/site-packages/airflow/example_dags/example_params_trigger_ui.py took 0.300 seconds
[2025-08-16T13:59:13.387+0000] {processor.py:157} INFO - Started process (PID=1063) to work on /home/airflow/.local/lib/python3.7/site-packages/airflow/example_dags/example_params_trigger_ui.py
[2025-08-16T13:59:13.388+0000] {processor.py:826} INFO - Processing file /home/airflow/.local/lib/python3.7/site-packages/airflow/example_dags/example_params_trigger_ui.py for tasks to queue
[2025-08-16T13:59:13.390+0000] {logging_mixin.py:149} INFO - [2025-08-16T13:59:13.389+0000] {dagbag.py:541} INFO - Filling up the DagBag from /home/airflow/.local/lib/python3.7/site-packages/airflow/example_dags/example_params_trigger_ui.py
[2025-08-16T13:59:13.428+0000] {processor.py:836} INFO - DAG(s) dict_keys(['example_params_trigger_ui']) retrieved from /home/airflow/.local/lib/python3.7/site-packages/airflow/example_dags/example_params_trigger_ui.py
[2025-08-16T13:59:13.651+0000] {logging_mixin.py:149} INFO - [2025-08-16T13:59:13.651+0000] {dag.py:2726} INFO - Sync 1 DAGs
[2025-08-16T13:59:13.677+0000] {logging_mixin.py:149} INFO - [2025-08-16T13:59:13.677+0000] {dag.py:3490} INFO - Setting next_dagrun for example_params_trigger_ui to None, run_after=None
[2025-08-16T13:59:13.699+0000] {processor.py:179} INFO - Processing /home/airflow/.local/lib/python3.7/site-packages/airflow/example_dags/example_params_trigger_ui.py took 0.317 seconds
