[2025-08-16T03:53:59.175+0000] {processor.py:157} INFO - Started process (PID=195) to work on /home/airflow/.local/lib/python3.7/site-packages/airflow/example_dags/example_branch_operator_decorator.py
[2025-08-16T03:53:59.176+0000] {processor.py:826} INFO - Processing file /home/airflow/.local/lib/python3.7/site-packages/airflow/example_dags/example_branch_operator_decorator.py for tasks to queue
[2025-08-16T03:53:59.177+0000] {logging_mixin.py:149} INFO - [2025-08-16T03:53:59.177+0000] {dagbag.py:541} INFO - Filling up the DagBag from /home/airflow/.local/lib/python3.7/site-packages/airflow/example_dags/example_branch_operator_decorator.py
[2025-08-16T03:53:59.194+0000] {processor.py:836} INFO - DAG(s) dict_keys(['example_branch_python_operator_decorator']) retrieved from /home/airflow/.local/lib/python3.7/site-packages/airflow/example_dags/example_branch_operator_decorator.py
[2025-08-16T03:53:59.245+0000] {logging_mixin.py:149} INFO - [2025-08-16T03:53:59.245+0000] {dag.py:2726} INFO - Sync 1 DAGs
[2025-08-16T03:53:59.294+0000] {logging_mixin.py:149} INFO - [2025-08-16T03:53:59.294+0000] {dag.py:3490} INFO - Setting next_dagrun for example_branch_python_operator_decorator to 2025-08-15T00:00:00+00:00, run_after=2025-08-16T00:00:00+00:00
[2025-08-16T03:53:59.330+0000] {processor.py:179} INFO - Processing /home/airflow/.local/lib/python3.7/site-packages/airflow/example_dags/example_branch_operator_decorator.py took 0.159 seconds
[2025-08-16T13:57:32.167+0000] {processor.py:157} INFO - Started process (PID=188) to work on /home/airflow/.local/lib/python3.7/site-packages/airflow/example_dags/example_branch_operator_decorator.py
[2025-08-16T13:57:32.171+0000] {processor.py:826} INFO - Processing file /home/airflow/.local/lib/python3.7/site-packages/airflow/example_dags/example_branch_operator_decorator.py for tasks to queue
[2025-08-16T13:57:32.174+0000] {logging_mixin.py:149} INFO - [2025-08-16T13:57:32.173+0000] {dagbag.py:541} INFO - Filling up the DagBag from /home/airflow/.local/lib/python3.7/site-packages/airflow/example_dags/example_branch_operator_decorator.py
[2025-08-16T13:57:32.240+0000] {processor.py:836} INFO - DAG(s) dict_keys(['example_branch_python_operator_decorator']) retrieved from /home/airflow/.local/lib/python3.7/site-packages/airflow/example_dags/example_branch_operator_decorator.py
[2025-08-16T13:57:32.421+0000] {logging_mixin.py:149} INFO - [2025-08-16T13:57:32.420+0000] {dag.py:2726} INFO - Sync 1 DAGs
[2025-08-16T13:57:32.579+0000] {logging_mixin.py:149} INFO - [2025-08-16T13:57:32.578+0000] {dag.py:3490} INFO - Setting next_dagrun for example_branch_python_operator_decorator to 2025-08-15T00:00:00+00:00, run_after=2025-08-16T00:00:00+00:00
[2025-08-16T13:57:32.696+0000] {processor.py:179} INFO - Processing /home/airflow/.local/lib/python3.7/site-packages/airflow/example_dags/example_branch_operator_decorator.py took 0.556 seconds
[2025-08-16T13:58:03.002+0000] {processor.py:157} INFO - Started process (PID=438) to work on /home/airflow/.local/lib/python3.7/site-packages/airflow/example_dags/example_branch_operator_decorator.py
[2025-08-16T13:58:03.004+0000] {processor.py:826} INFO - Processing file /home/airflow/.local/lib/python3.7/site-packages/airflow/example_dags/example_branch_operator_decorator.py for tasks to queue
[2025-08-16T13:58:03.006+0000] {logging_mixin.py:149} INFO - [2025-08-16T13:58:03.006+0000] {dagbag.py:541} INFO - Filling up the DagBag from /home/airflow/.local/lib/python3.7/site-packages/airflow/example_dags/example_branch_operator_decorator.py
[2025-08-16T13:58:03.032+0000] {processor.py:836} INFO - DAG(s) dict_keys(['example_branch_python_operator_decorator']) retrieved from /home/airflow/.local/lib/python3.7/site-packages/airflow/example_dags/example_branch_operator_decorator.py
[2025-08-16T13:58:03.089+0000] {logging_mixin.py:149} INFO - [2025-08-16T13:58:03.089+0000] {dag.py:2726} INFO - Sync 1 DAGs
[2025-08-16T13:58:03.138+0000] {logging_mixin.py:149} INFO - [2025-08-16T13:58:03.138+0000] {dag.py:3490} INFO - Setting next_dagrun for example_branch_python_operator_decorator to 2025-08-15T00:00:00+00:00, run_after=2025-08-16T00:00:00+00:00
[2025-08-16T13:58:03.174+0000] {processor.py:179} INFO - Processing /home/airflow/.local/lib/python3.7/site-packages/airflow/example_dags/example_branch_operator_decorator.py took 0.178 seconds
[2025-08-16T13:58:33.228+0000] {processor.py:157} INFO - Started process (PID=683) to work on /home/airflow/.local/lib/python3.7/site-packages/airflow/example_dags/example_branch_operator_decorator.py
[2025-08-16T13:58:33.229+0000] {processor.py:826} INFO - Processing file /home/airflow/.local/lib/python3.7/site-packages/airflow/example_dags/example_branch_operator_decorator.py for tasks to queue
[2025-08-16T13:58:33.231+0000] {logging_mixin.py:149} INFO - [2025-08-16T13:58:33.230+0000] {dagbag.py:541} INFO - Filling up the DagBag from /home/airflow/.local/lib/python3.7/site-packages/airflow/example_dags/example_branch_operator_decorator.py
[2025-08-16T13:58:33.242+0000] {processor.py:836} INFO - DAG(s) dict_keys(['example_branch_python_operator_decorator']) retrieved from /home/airflow/.local/lib/python3.7/site-packages/airflow/example_dags/example_branch_operator_decorator.py
[2025-08-16T13:58:33.272+0000] {logging_mixin.py:149} INFO - [2025-08-16T13:58:33.272+0000] {dag.py:2726} INFO - Sync 1 DAGs
[2025-08-16T13:58:33.303+0000] {logging_mixin.py:149} INFO - [2025-08-16T13:58:33.302+0000] {dag.py:3490} INFO - Setting next_dagrun for example_branch_python_operator_decorator to 2025-08-15T00:00:00+00:00, run_after=2025-08-16T00:00:00+00:00
[2025-08-16T13:58:33.326+0000] {processor.py:179} INFO - Processing /home/airflow/.local/lib/python3.7/site-packages/airflow/example_dags/example_branch_operator_decorator.py took 0.101 seconds
[2025-08-16T13:59:03.452+0000] {processor.py:157} INFO - Started process (PID=928) to work on /home/airflow/.local/lib/python3.7/site-packages/airflow/example_dags/example_branch_operator_decorator.py
[2025-08-16T13:59:03.453+0000] {processor.py:826} INFO - Processing file /home/airflow/.local/lib/python3.7/site-packages/airflow/example_dags/example_branch_operator_decorator.py for tasks to queue
[2025-08-16T13:59:03.455+0000] {logging_mixin.py:149} INFO - [2025-08-16T13:59:03.454+0000] {dagbag.py:541} INFO - Filling up the DagBag from /home/airflow/.local/lib/python3.7/site-packages/airflow/example_dags/example_branch_operator_decorator.py
[2025-08-16T13:59:03.468+0000] {processor.py:836} INFO - DAG(s) dict_keys(['example_branch_python_operator_decorator']) retrieved from /home/airflow/.local/lib/python3.7/site-packages/airflow/example_dags/example_branch_operator_decorator.py
[2025-08-16T13:59:03.500+0000] {logging_mixin.py:149} INFO - [2025-08-16T13:59:03.499+0000] {dag.py:2726} INFO - Sync 1 DAGs
[2025-08-16T13:59:03.660+0000] {logging_mixin.py:149} INFO - [2025-08-16T13:59:03.659+0000] {dag.py:3490} INFO - Setting next_dagrun for example_branch_python_operator_decorator to 2025-08-15T00:00:00+00:00, run_after=2025-08-16T00:00:00+00:00
[2025-08-16T13:59:03.689+0000] {processor.py:179} INFO - Processing /home/airflow/.local/lib/python3.7/site-packages/airflow/example_dags/example_branch_operator_decorator.py took 0.242 seconds
