[2025-09-19T09:17:19.373+0000] {processor.py:157} INFO - Started process (PID=197) to work on /opt/airflow/dags/my_demo_dag.py
[2025-09-19T09:17:19.374+0000] {processor.py:826} INFO - Processing file /opt/airflow/dags/my_demo_dag.py for tasks to queue
[2025-09-19T09:17:19.375+0000] {logging_mixin.py:149} INFO - [2025-09-19T09:17:19.375+0000] {dagbag.py:541} INFO - Filling up the DagBag from /opt/airflow/dags/my_demo_dag.py
[2025-09-19T09:17:19.391+0000] {processor.py:836} INFO - DAG(s) dict_keys(['my_first_dag_2']) retrieved from /opt/airflow/dags/my_demo_dag.py
[2025-09-19T09:17:19.564+0000] {logging_mixin.py:149} INFO - [2025-09-19T09:17:19.563+0000] {dag.py:2726} INFO - Sync 1 DAGs
[2025-09-19T09:17:19.609+0000] {logging_mixin.py:149} INFO - [2025-09-19T09:17:19.608+0000] {dag.py:3490} INFO - Setting next_dagrun for my_first_dag_2 to 2025-09-18T00:00:00+00:00, run_after=2025-09-19T00:00:00+00:00
[2025-09-19T09:17:19.640+0000] {processor.py:179} INFO - Processing /opt/airflow/dags/my_demo_dag.py took 0.270 seconds
[2025-09-19T09:17:50.318+0000] {processor.py:157} INFO - Started process (PID=483) to work on /opt/airflow/dags/my_demo_dag.py
[2025-09-19T09:17:50.321+0000] {processor.py:826} INFO - Processing file /opt/airflow/dags/my_demo_dag.py for tasks to queue
[2025-09-19T09:17:50.322+0000] {logging_mixin.py:149} INFO - [2025-09-19T09:17:50.321+0000] {dagbag.py:541} INFO - Filling up the DagBag from /opt/airflow/dags/my_demo_dag.py
[2025-09-19T09:17:50.334+0000] {processor.py:836} INFO - DAG(s) dict_keys(['my_first_dag_2']) retrieved from /opt/airflow/dags/my_demo_dag.py
[2025-09-19T09:17:50.361+0000] {logging_mixin.py:149} INFO - [2025-09-19T09:17:50.361+0000] {dag.py:2726} INFO - Sync 1 DAGs
[2025-09-19T09:17:50.390+0000] {logging_mixin.py:149} INFO - [2025-09-19T09:17:50.390+0000] {dag.py:3490} INFO - Setting next_dagrun for my_first_dag_2 to 2025-09-18T00:00:00+00:00, run_after=2025-09-19T00:00:00+00:00
[2025-09-19T09:17:50.541+0000] {processor.py:179} INFO - Processing /opt/airflow/dags/my_demo_dag.py took 0.226 seconds
[2025-09-19T09:18:21.456+0000] {processor.py:157} INFO - Started process (PID=766) to work on /opt/airflow/dags/my_demo_dag.py
[2025-09-19T09:18:21.457+0000] {processor.py:826} INFO - Processing file /opt/airflow/dags/my_demo_dag.py for tasks to queue
[2025-09-19T09:18:21.458+0000] {logging_mixin.py:149} INFO - [2025-09-19T09:18:21.458+0000] {dagbag.py:541} INFO - Filling up the DagBag from /opt/airflow/dags/my_demo_dag.py
[2025-09-19T09:18:21.469+0000] {processor.py:836} INFO - DAG(s) dict_keys(['my_first_dag_2']) retrieved from /opt/airflow/dags/my_demo_dag.py
[2025-09-19T09:18:21.496+0000] {logging_mixin.py:149} INFO - [2025-09-19T09:18:21.496+0000] {dag.py:2726} INFO - Sync 1 DAGs
[2025-09-19T09:18:21.525+0000] {logging_mixin.py:149} INFO - [2025-09-19T09:18:21.525+0000] {dag.py:3490} INFO - Setting next_dagrun for my_first_dag_2 to 2025-09-18T00:00:00+00:00, run_after=2025-09-19T00:00:00+00:00
[2025-09-19T09:18:21.545+0000] {processor.py:179} INFO - Processing /opt/airflow/dags/my_demo_dag.py took 0.092 seconds
[2025-09-19T09:18:52.527+0000] {processor.py:157} INFO - Started process (PID=1047) to work on /opt/airflow/dags/my_demo_dag.py
[2025-09-19T09:18:52.528+0000] {processor.py:826} INFO - Processing file /opt/airflow/dags/my_demo_dag.py for tasks to queue
[2025-09-19T09:18:52.529+0000] {logging_mixin.py:149} INFO - [2025-09-19T09:18:52.529+0000] {dagbag.py:541} INFO - Filling up the DagBag from /opt/airflow/dags/my_demo_dag.py
[2025-09-19T09:18:52.543+0000] {processor.py:836} INFO - DAG(s) dict_keys(['my_first_dag_2']) retrieved from /opt/airflow/dags/my_demo_dag.py
[2025-09-19T09:18:52.568+0000] {logging_mixin.py:149} INFO - [2025-09-19T09:18:52.568+0000] {dag.py:2726} INFO - Sync 1 DAGs
[2025-09-19T09:18:52.607+0000] {logging_mixin.py:149} INFO - [2025-09-19T09:18:52.607+0000] {dag.py:3490} INFO - Setting next_dagrun for my_first_dag_2 to 2025-09-18T00:00:00+00:00, run_after=2025-09-19T00:00:00+00:00
[2025-09-19T09:18:52.629+0000] {processor.py:179} INFO - Processing /opt/airflow/dags/my_demo_dag.py took 0.106 seconds
[2025-09-19T09:19:23.320+0000] {processor.py:157} INFO - Started process (PID=1326) to work on /opt/airflow/dags/my_demo_dag.py
[2025-09-19T09:19:23.321+0000] {processor.py:826} INFO - Processing file /opt/airflow/dags/my_demo_dag.py for tasks to queue
[2025-09-19T09:19:23.322+0000] {logging_mixin.py:149} INFO - [2025-09-19T09:19:23.321+0000] {dagbag.py:541} INFO - Filling up the DagBag from /opt/airflow/dags/my_demo_dag.py
[2025-09-19T09:19:23.334+0000] {processor.py:836} INFO - DAG(s) dict_keys(['my_first_dag_2']) retrieved from /opt/airflow/dags/my_demo_dag.py
[2025-09-19T09:19:23.360+0000] {logging_mixin.py:149} INFO - [2025-09-19T09:19:23.360+0000] {dag.py:2726} INFO - Sync 1 DAGs
[2025-09-19T09:19:23.389+0000] {logging_mixin.py:149} INFO - [2025-09-19T09:19:23.389+0000] {dag.py:3490} INFO - Setting next_dagrun for my_first_dag_2 to 2025-09-18T00:00:00+00:00, run_after=2025-09-19T00:00:00+00:00
[2025-09-19T09:19:23.408+0000] {processor.py:179} INFO - Processing /opt/airflow/dags/my_demo_dag.py took 0.092 seconds
[2025-09-19T09:19:54.318+0000] {processor.py:157} INFO - Started process (PID=1609) to work on /opt/airflow/dags/my_demo_dag.py
[2025-09-19T09:19:54.319+0000] {processor.py:826} INFO - Processing file /opt/airflow/dags/my_demo_dag.py for tasks to queue
[2025-09-19T09:19:54.320+0000] {logging_mixin.py:149} INFO - [2025-09-19T09:19:54.320+0000] {dagbag.py:541} INFO - Filling up the DagBag from /opt/airflow/dags/my_demo_dag.py
[2025-09-19T09:19:54.331+0000] {processor.py:836} INFO - DAG(s) dict_keys(['my_first_dag_2']) retrieved from /opt/airflow/dags/my_demo_dag.py
[2025-09-19T09:19:54.358+0000] {logging_mixin.py:149} INFO - [2025-09-19T09:19:54.358+0000] {dag.py:2726} INFO - Sync 1 DAGs
[2025-09-19T09:19:54.386+0000] {logging_mixin.py:149} INFO - [2025-09-19T09:19:54.386+0000] {dag.py:3490} INFO - Setting next_dagrun for my_first_dag_2 to 2025-09-18T00:00:00+00:00, run_after=2025-09-19T00:00:00+00:00
[2025-09-19T09:19:54.405+0000] {processor.py:179} INFO - Processing /opt/airflow/dags/my_demo_dag.py took 0.090 seconds
[2025-09-19T09:20:25.379+0000] {processor.py:157} INFO - Started process (PID=1890) to work on /opt/airflow/dags/my_demo_dag.py
[2025-09-19T09:20:25.379+0000] {processor.py:826} INFO - Processing file /opt/airflow/dags/my_demo_dag.py for tasks to queue
[2025-09-19T09:20:25.380+0000] {logging_mixin.py:149} INFO - [2025-09-19T09:20:25.380+0000] {dagbag.py:541} INFO - Filling up the DagBag from /opt/airflow/dags/my_demo_dag.py
[2025-09-19T09:20:25.391+0000] {processor.py:836} INFO - DAG(s) dict_keys(['my_first_dag_2']) retrieved from /opt/airflow/dags/my_demo_dag.py
[2025-09-19T09:20:25.416+0000] {logging_mixin.py:149} INFO - [2025-09-19T09:20:25.416+0000] {dag.py:2726} INFO - Sync 1 DAGs
[2025-09-19T09:20:25.444+0000] {logging_mixin.py:149} INFO - [2025-09-19T09:20:25.444+0000] {dag.py:3490} INFO - Setting next_dagrun for my_first_dag_2 to 2025-09-18T00:00:00+00:00, run_after=2025-09-19T00:00:00+00:00
[2025-09-19T09:20:25.463+0000] {processor.py:179} INFO - Processing /opt/airflow/dags/my_demo_dag.py took 0.088 seconds
[2025-09-19T09:20:56.356+0000] {processor.py:157} INFO - Started process (PID=2171) to work on /opt/airflow/dags/my_demo_dag.py
[2025-09-19T09:20:56.357+0000] {processor.py:826} INFO - Processing file /opt/airflow/dags/my_demo_dag.py for tasks to queue
[2025-09-19T09:20:56.358+0000] {logging_mixin.py:149} INFO - [2025-09-19T09:20:56.358+0000] {dagbag.py:541} INFO - Filling up the DagBag from /opt/airflow/dags/my_demo_dag.py
[2025-09-19T09:20:56.368+0000] {processor.py:836} INFO - DAG(s) dict_keys(['my_first_dag_2']) retrieved from /opt/airflow/dags/my_demo_dag.py
[2025-09-19T09:20:56.394+0000] {logging_mixin.py:149} INFO - [2025-09-19T09:20:56.393+0000] {dag.py:2726} INFO - Sync 1 DAGs
[2025-09-19T09:20:56.422+0000] {logging_mixin.py:149} INFO - [2025-09-19T09:20:56.422+0000] {dag.py:3490} INFO - Setting next_dagrun for my_first_dag_2 to 2025-09-18T00:00:00+00:00, run_after=2025-09-19T00:00:00+00:00
[2025-09-19T09:20:56.440+0000] {processor.py:179} INFO - Processing /opt/airflow/dags/my_demo_dag.py took 0.088 seconds
[2025-09-19T09:21:27.000+0000] {processor.py:157} INFO - Started process (PID=2453) to work on /opt/airflow/dags/my_demo_dag.py
[2025-09-19T09:21:27.001+0000] {processor.py:826} INFO - Processing file /opt/airflow/dags/my_demo_dag.py for tasks to queue
[2025-09-19T09:21:27.002+0000] {logging_mixin.py:149} INFO - [2025-09-19T09:21:27.002+0000] {dagbag.py:541} INFO - Filling up the DagBag from /opt/airflow/dags/my_demo_dag.py
[2025-09-19T09:21:27.015+0000] {processor.py:836} INFO - DAG(s) dict_keys(['my_first_dag_2']) retrieved from /opt/airflow/dags/my_demo_dag.py
[2025-09-19T09:21:27.044+0000] {logging_mixin.py:149} INFO - [2025-09-19T09:21:27.044+0000] {dag.py:2726} INFO - Sync 1 DAGs
[2025-09-19T09:21:27.075+0000] {logging_mixin.py:149} INFO - [2025-09-19T09:21:27.075+0000] {dag.py:3490} INFO - Setting next_dagrun for my_first_dag_2 to 2025-09-18T00:00:00+00:00, run_after=2025-09-19T00:00:00+00:00
[2025-09-19T09:21:27.095+0000] {processor.py:179} INFO - Processing /opt/airflow/dags/my_demo_dag.py took 0.098 seconds
[2025-09-19T09:21:57.919+0000] {processor.py:157} INFO - Started process (PID=2734) to work on /opt/airflow/dags/my_demo_dag.py
[2025-09-19T09:21:57.920+0000] {processor.py:826} INFO - Processing file /opt/airflow/dags/my_demo_dag.py for tasks to queue
[2025-09-19T09:21:57.920+0000] {logging_mixin.py:149} INFO - [2025-09-19T09:21:57.920+0000] {dagbag.py:541} INFO - Filling up the DagBag from /opt/airflow/dags/my_demo_dag.py
[2025-09-19T09:21:57.931+0000] {processor.py:836} INFO - DAG(s) dict_keys(['my_first_dag_2']) retrieved from /opt/airflow/dags/my_demo_dag.py
[2025-09-19T09:21:57.956+0000] {logging_mixin.py:149} INFO - [2025-09-19T09:21:57.956+0000] {dag.py:2726} INFO - Sync 1 DAGs
[2025-09-19T09:21:57.984+0000] {logging_mixin.py:149} INFO - [2025-09-19T09:21:57.984+0000] {dag.py:3490} INFO - Setting next_dagrun for my_first_dag_2 to 2025-09-18T00:00:00+00:00, run_after=2025-09-19T00:00:00+00:00
[2025-09-19T09:21:58.002+0000] {processor.py:179} INFO - Processing /opt/airflow/dags/my_demo_dag.py took 0.087 seconds
[2025-09-19T09:22:28.906+0000] {processor.py:157} INFO - Started process (PID=3015) to work on /opt/airflow/dags/my_demo_dag.py
[2025-09-19T09:22:28.907+0000] {processor.py:826} INFO - Processing file /opt/airflow/dags/my_demo_dag.py for tasks to queue
[2025-09-19T09:22:28.908+0000] {logging_mixin.py:149} INFO - [2025-09-19T09:22:28.907+0000] {dagbag.py:541} INFO - Filling up the DagBag from /opt/airflow/dags/my_demo_dag.py
[2025-09-19T09:22:28.919+0000] {processor.py:836} INFO - DAG(s) dict_keys(['my_first_dag_2']) retrieved from /opt/airflow/dags/my_demo_dag.py
[2025-09-19T09:22:28.944+0000] {logging_mixin.py:149} INFO - [2025-09-19T09:22:28.943+0000] {dag.py:2726} INFO - Sync 1 DAGs
[2025-09-19T09:22:28.973+0000] {logging_mixin.py:149} INFO - [2025-09-19T09:22:28.973+0000] {dag.py:3490} INFO - Setting next_dagrun for my_first_dag_2 to 2025-09-18T00:00:00+00:00, run_after=2025-09-19T00:00:00+00:00
[2025-09-19T09:22:28.993+0000] {processor.py:179} INFO - Processing /opt/airflow/dags/my_demo_dag.py took 0.091 seconds
[2025-09-19T09:22:59.702+0000] {processor.py:157} INFO - Started process (PID=3294) to work on /opt/airflow/dags/my_demo_dag.py
[2025-09-19T09:22:59.703+0000] {processor.py:826} INFO - Processing file /opt/airflow/dags/my_demo_dag.py for tasks to queue
[2025-09-19T09:22:59.704+0000] {logging_mixin.py:149} INFO - [2025-09-19T09:22:59.703+0000] {dagbag.py:541} INFO - Filling up the DagBag from /opt/airflow/dags/my_demo_dag.py
[2025-09-19T09:22:59.714+0000] {processor.py:836} INFO - DAG(s) dict_keys(['my_first_dag_2']) retrieved from /opt/airflow/dags/my_demo_dag.py
[2025-09-19T09:22:59.742+0000] {logging_mixin.py:149} INFO - [2025-09-19T09:22:59.741+0000] {dag.py:2726} INFO - Sync 1 DAGs
[2025-09-19T09:22:59.775+0000] {logging_mixin.py:149} INFO - [2025-09-19T09:22:59.775+0000] {dag.py:3490} INFO - Setting next_dagrun for my_first_dag_2 to 2025-09-18T00:00:00+00:00, run_after=2025-09-19T00:00:00+00:00
[2025-09-19T09:22:59.798+0000] {processor.py:179} INFO - Processing /opt/airflow/dags/my_demo_dag.py took 0.100 seconds
[2025-09-19T09:23:30.949+0000] {processor.py:157} INFO - Started process (PID=3575) to work on /opt/airflow/dags/my_demo_dag.py
[2025-09-19T09:23:30.950+0000] {processor.py:826} INFO - Processing file /opt/airflow/dags/my_demo_dag.py for tasks to queue
[2025-09-19T09:23:30.951+0000] {logging_mixin.py:149} INFO - [2025-09-19T09:23:30.951+0000] {dagbag.py:541} INFO - Filling up the DagBag from /opt/airflow/dags/my_demo_dag.py
[2025-09-19T09:23:30.964+0000] {processor.py:836} INFO - DAG(s) dict_keys(['my_first_dag_2']) retrieved from /opt/airflow/dags/my_demo_dag.py
[2025-09-19T09:23:30.996+0000] {logging_mixin.py:149} INFO - [2025-09-19T09:23:30.996+0000] {dag.py:2726} INFO - Sync 1 DAGs
[2025-09-19T09:23:31.026+0000] {logging_mixin.py:149} INFO - [2025-09-19T09:23:31.026+0000] {dag.py:3490} INFO - Setting next_dagrun for my_first_dag_2 to 2025-09-18T00:00:00+00:00, run_after=2025-09-19T00:00:00+00:00
[2025-09-19T09:23:31.049+0000] {processor.py:179} INFO - Processing /opt/airflow/dags/my_demo_dag.py took 0.104 seconds
[2025-09-19T09:24:01.991+0000] {processor.py:157} INFO - Started process (PID=3856) to work on /opt/airflow/dags/my_demo_dag.py
[2025-09-19T09:24:01.992+0000] {processor.py:826} INFO - Processing file /opt/airflow/dags/my_demo_dag.py for tasks to queue
[2025-09-19T09:24:01.995+0000] {logging_mixin.py:149} INFO - [2025-09-19T09:24:01.995+0000] {dagbag.py:541} INFO - Filling up the DagBag from /opt/airflow/dags/my_demo_dag.py
[2025-09-19T09:24:02.009+0000] {processor.py:836} INFO - DAG(s) dict_keys(['my_first_dag_2']) retrieved from /opt/airflow/dags/my_demo_dag.py
[2025-09-19T09:24:02.041+0000] {logging_mixin.py:149} INFO - [2025-09-19T09:24:02.041+0000] {dag.py:2726} INFO - Sync 1 DAGs
[2025-09-19T09:24:02.079+0000] {logging_mixin.py:149} INFO - [2025-09-19T09:24:02.079+0000] {dag.py:3490} INFO - Setting next_dagrun for my_first_dag_2 to 2025-09-18T00:00:00+00:00, run_after=2025-09-19T00:00:00+00:00
[2025-09-19T09:24:02.101+0000] {processor.py:179} INFO - Processing /opt/airflow/dags/my_demo_dag.py took 0.114 seconds
[2025-09-19T09:24:32.915+0000] {processor.py:157} INFO - Started process (PID=4137) to work on /opt/airflow/dags/my_demo_dag.py
[2025-09-19T09:24:32.916+0000] {processor.py:826} INFO - Processing file /opt/airflow/dags/my_demo_dag.py for tasks to queue
[2025-09-19T09:24:32.917+0000] {logging_mixin.py:149} INFO - [2025-09-19T09:24:32.917+0000] {dagbag.py:541} INFO - Filling up the DagBag from /opt/airflow/dags/my_demo_dag.py
[2025-09-19T09:24:32.929+0000] {processor.py:836} INFO - DAG(s) dict_keys(['my_first_dag_2']) retrieved from /opt/airflow/dags/my_demo_dag.py
[2025-09-19T09:24:32.957+0000] {logging_mixin.py:149} INFO - [2025-09-19T09:24:32.956+0000] {dag.py:2726} INFO - Sync 1 DAGs
[2025-09-19T09:24:32.987+0000] {logging_mixin.py:149} INFO - [2025-09-19T09:24:32.987+0000] {dag.py:3490} INFO - Setting next_dagrun for my_first_dag_2 to 2025-09-18T00:00:00+00:00, run_after=2025-09-19T00:00:00+00:00
[2025-09-19T09:24:33.013+0000] {processor.py:179} INFO - Processing /opt/airflow/dags/my_demo_dag.py took 0.103 seconds
[2025-09-19T09:25:04.121+0000] {processor.py:157} INFO - Started process (PID=4420) to work on /opt/airflow/dags/my_demo_dag.py
[2025-09-19T09:25:04.122+0000] {processor.py:826} INFO - Processing file /opt/airflow/dags/my_demo_dag.py for tasks to queue
[2025-09-19T09:25:04.122+0000] {logging_mixin.py:149} INFO - [2025-09-19T09:25:04.122+0000] {dagbag.py:541} INFO - Filling up the DagBag from /opt/airflow/dags/my_demo_dag.py
[2025-09-19T09:25:04.133+0000] {processor.py:836} INFO - DAG(s) dict_keys(['my_first_dag_2']) retrieved from /opt/airflow/dags/my_demo_dag.py
[2025-09-19T09:25:04.158+0000] {logging_mixin.py:149} INFO - [2025-09-19T09:25:04.158+0000] {dag.py:2726} INFO - Sync 1 DAGs
[2025-09-19T09:25:04.188+0000] {logging_mixin.py:149} INFO - [2025-09-19T09:25:04.187+0000] {dag.py:3490} INFO - Setting next_dagrun for my_first_dag_2 to 2025-09-18T00:00:00+00:00, run_after=2025-09-19T00:00:00+00:00
[2025-09-19T09:25:04.210+0000] {processor.py:179} INFO - Processing /opt/airflow/dags/my_demo_dag.py took 0.093 seconds
[2025-09-19T09:25:35.051+0000] {processor.py:157} INFO - Started process (PID=4701) to work on /opt/airflow/dags/my_demo_dag.py
[2025-09-19T09:25:35.052+0000] {processor.py:826} INFO - Processing file /opt/airflow/dags/my_demo_dag.py for tasks to queue
[2025-09-19T09:25:35.053+0000] {logging_mixin.py:149} INFO - [2025-09-19T09:25:35.053+0000] {dagbag.py:541} INFO - Filling up the DagBag from /opt/airflow/dags/my_demo_dag.py
[2025-09-19T09:25:35.066+0000] {processor.py:836} INFO - DAG(s) dict_keys(['my_first_dag_2']) retrieved from /opt/airflow/dags/my_demo_dag.py
[2025-09-19T09:25:35.090+0000] {logging_mixin.py:149} INFO - [2025-09-19T09:25:35.090+0000] {dag.py:2726} INFO - Sync 1 DAGs
[2025-09-19T09:25:35.119+0000] {logging_mixin.py:149} INFO - [2025-09-19T09:25:35.119+0000] {dag.py:3490} INFO - Setting next_dagrun for my_first_dag_2 to 2025-09-18T00:00:00+00:00, run_after=2025-09-19T00:00:00+00:00
[2025-09-19T09:25:35.140+0000] {processor.py:179} INFO - Processing /opt/airflow/dags/my_demo_dag.py took 0.092 seconds
[2025-09-19T09:26:06.024+0000] {processor.py:157} INFO - Started process (PID=4982) to work on /opt/airflow/dags/my_demo_dag.py
[2025-09-19T09:26:06.024+0000] {processor.py:826} INFO - Processing file /opt/airflow/dags/my_demo_dag.py for tasks to queue
[2025-09-19T09:26:06.025+0000] {logging_mixin.py:149} INFO - [2025-09-19T09:26:06.025+0000] {dagbag.py:541} INFO - Filling up the DagBag from /opt/airflow/dags/my_demo_dag.py
[2025-09-19T09:26:06.037+0000] {processor.py:836} INFO - DAG(s) dict_keys(['my_first_dag_2']) retrieved from /opt/airflow/dags/my_demo_dag.py
[2025-09-19T09:26:06.064+0000] {logging_mixin.py:149} INFO - [2025-09-19T09:26:06.064+0000] {dag.py:2726} INFO - Sync 1 DAGs
[2025-09-19T09:26:06.092+0000] {logging_mixin.py:149} INFO - [2025-09-19T09:26:06.092+0000] {dag.py:3490} INFO - Setting next_dagrun for my_first_dag_2 to 2025-09-18T00:00:00+00:00, run_after=2025-09-19T00:00:00+00:00
[2025-09-19T09:26:06.114+0000] {processor.py:179} INFO - Processing /opt/airflow/dags/my_demo_dag.py took 0.094 seconds
[2025-09-19T09:26:37.087+0000] {processor.py:157} INFO - Started process (PID=5263) to work on /opt/airflow/dags/my_demo_dag.py
[2025-09-19T09:26:37.088+0000] {processor.py:826} INFO - Processing file /opt/airflow/dags/my_demo_dag.py for tasks to queue
[2025-09-19T09:26:37.088+0000] {logging_mixin.py:149} INFO - [2025-09-19T09:26:37.088+0000] {dagbag.py:541} INFO - Filling up the DagBag from /opt/airflow/dags/my_demo_dag.py
[2025-09-19T09:26:37.099+0000] {processor.py:836} INFO - DAG(s) dict_keys(['my_first_dag_2']) retrieved from /opt/airflow/dags/my_demo_dag.py
[2025-09-19T09:26:37.126+0000] {logging_mixin.py:149} INFO - [2025-09-19T09:26:37.126+0000] {dag.py:2726} INFO - Sync 1 DAGs
[2025-09-19T09:26:37.155+0000] {logging_mixin.py:149} INFO - [2025-09-19T09:26:37.154+0000] {dag.py:3490} INFO - Setting next_dagrun for my_first_dag_2 to 2025-09-18T00:00:00+00:00, run_after=2025-09-19T00:00:00+00:00
[2025-09-19T09:26:37.175+0000] {processor.py:179} INFO - Processing /opt/airflow/dags/my_demo_dag.py took 0.092 seconds
[2025-09-19T09:27:07.864+0000] {processor.py:157} INFO - Started process (PID=5544) to work on /opt/airflow/dags/my_demo_dag.py
[2025-09-19T09:27:07.864+0000] {processor.py:826} INFO - Processing file /opt/airflow/dags/my_demo_dag.py for tasks to queue
[2025-09-19T09:27:07.865+0000] {logging_mixin.py:149} INFO - [2025-09-19T09:27:07.865+0000] {dagbag.py:541} INFO - Filling up the DagBag from /opt/airflow/dags/my_demo_dag.py
[2025-09-19T09:27:07.876+0000] {processor.py:836} INFO - DAG(s) dict_keys(['my_first_dag_2']) retrieved from /opt/airflow/dags/my_demo_dag.py
[2025-09-19T09:27:07.903+0000] {logging_mixin.py:149} INFO - [2025-09-19T09:27:07.903+0000] {dag.py:2726} INFO - Sync 1 DAGs
[2025-09-19T09:27:07.932+0000] {logging_mixin.py:149} INFO - [2025-09-19T09:27:07.932+0000] {dag.py:3490} INFO - Setting next_dagrun for my_first_dag_2 to 2025-09-18T00:00:00+00:00, run_after=2025-09-19T00:00:00+00:00
[2025-09-19T09:27:07.952+0000] {processor.py:179} INFO - Processing /opt/airflow/dags/my_demo_dag.py took 0.092 seconds
[2025-09-19T09:27:38.835+0000] {processor.py:157} INFO - Started process (PID=5825) to work on /opt/airflow/dags/my_demo_dag.py
[2025-09-19T09:27:38.836+0000] {processor.py:826} INFO - Processing file /opt/airflow/dags/my_demo_dag.py for tasks to queue
[2025-09-19T09:27:38.837+0000] {logging_mixin.py:149} INFO - [2025-09-19T09:27:38.837+0000] {dagbag.py:541} INFO - Filling up the DagBag from /opt/airflow/dags/my_demo_dag.py
[2025-09-19T09:27:38.848+0000] {processor.py:836} INFO - DAG(s) dict_keys(['my_first_dag_2']) retrieved from /opt/airflow/dags/my_demo_dag.py
[2025-09-19T09:27:38.875+0000] {logging_mixin.py:149} INFO - [2025-09-19T09:27:38.875+0000] {dag.py:2726} INFO - Sync 1 DAGs
[2025-09-19T09:27:38.904+0000] {logging_mixin.py:149} INFO - [2025-09-19T09:27:38.904+0000] {dag.py:3490} INFO - Setting next_dagrun for my_first_dag_2 to 2025-09-18T00:00:00+00:00, run_after=2025-09-19T00:00:00+00:00
[2025-09-19T09:27:38.924+0000] {processor.py:179} INFO - Processing /opt/airflow/dags/my_demo_dag.py took 0.092 seconds
[2025-09-19T09:28:09.670+0000] {processor.py:157} INFO - Started process (PID=6106) to work on /opt/airflow/dags/my_demo_dag.py
[2025-09-19T09:28:09.671+0000] {processor.py:826} INFO - Processing file /opt/airflow/dags/my_demo_dag.py for tasks to queue
[2025-09-19T09:28:09.672+0000] {logging_mixin.py:149} INFO - [2025-09-19T09:28:09.672+0000] {dagbag.py:541} INFO - Filling up the DagBag from /opt/airflow/dags/my_demo_dag.py
[2025-09-19T09:28:09.683+0000] {processor.py:836} INFO - DAG(s) dict_keys(['my_first_dag_2']) retrieved from /opt/airflow/dags/my_demo_dag.py
[2025-09-19T09:28:09.709+0000] {logging_mixin.py:149} INFO - [2025-09-19T09:28:09.708+0000] {dag.py:2726} INFO - Sync 1 DAGs
[2025-09-19T09:28:09.738+0000] {logging_mixin.py:149} INFO - [2025-09-19T09:28:09.738+0000] {dag.py:3490} INFO - Setting next_dagrun for my_first_dag_2 to 2025-09-18T00:00:00+00:00, run_after=2025-09-19T00:00:00+00:00
[2025-09-19T09:28:09.758+0000] {processor.py:179} INFO - Processing /opt/airflow/dags/my_demo_dag.py took 0.091 seconds
[2025-09-19T09:28:40.621+0000] {processor.py:157} INFO - Started process (PID=6387) to work on /opt/airflow/dags/my_demo_dag.py
[2025-09-19T09:28:40.622+0000] {processor.py:826} INFO - Processing file /opt/airflow/dags/my_demo_dag.py for tasks to queue
[2025-09-19T09:28:40.623+0000] {logging_mixin.py:149} INFO - [2025-09-19T09:28:40.622+0000] {dagbag.py:541} INFO - Filling up the DagBag from /opt/airflow/dags/my_demo_dag.py
[2025-09-19T09:28:40.634+0000] {processor.py:836} INFO - DAG(s) dict_keys(['my_first_dag_2']) retrieved from /opt/airflow/dags/my_demo_dag.py
[2025-09-19T09:28:40.666+0000] {logging_mixin.py:149} INFO - [2025-09-19T09:28:40.666+0000] {dag.py:2726} INFO - Sync 1 DAGs
[2025-09-19T09:28:40.706+0000] {logging_mixin.py:149} INFO - [2025-09-19T09:28:40.706+0000] {dag.py:3490} INFO - Setting next_dagrun for my_first_dag_2 to 2025-09-18T00:00:00+00:00, run_after=2025-09-19T00:00:00+00:00
[2025-09-19T09:28:40.735+0000] {processor.py:179} INFO - Processing /opt/airflow/dags/my_demo_dag.py took 0.118 seconds
[2025-09-19T09:29:11.503+0000] {processor.py:157} INFO - Started process (PID=6668) to work on /opt/airflow/dags/my_demo_dag.py
[2025-09-19T09:29:11.504+0000] {processor.py:826} INFO - Processing file /opt/airflow/dags/my_demo_dag.py for tasks to queue
[2025-09-19T09:29:11.505+0000] {logging_mixin.py:149} INFO - [2025-09-19T09:29:11.505+0000] {dagbag.py:541} INFO - Filling up the DagBag from /opt/airflow/dags/my_demo_dag.py
[2025-09-19T09:29:11.517+0000] {processor.py:836} INFO - DAG(s) dict_keys(['my_first_dag_2']) retrieved from /opt/airflow/dags/my_demo_dag.py
[2025-09-19T09:29:11.562+0000] {logging_mixin.py:149} INFO - [2025-09-19T09:29:11.562+0000] {dag.py:2726} INFO - Sync 1 DAGs
[2025-09-19T09:29:11.591+0000] {logging_mixin.py:149} INFO - [2025-09-19T09:29:11.591+0000] {dag.py:3490} INFO - Setting next_dagrun for my_first_dag_2 to 2025-09-18T00:00:00+00:00, run_after=2025-09-19T00:00:00+00:00
[2025-09-19T09:29:11.611+0000] {processor.py:179} INFO - Processing /opt/airflow/dags/my_demo_dag.py took 0.114 seconds
[2025-09-19T09:29:42.418+0000] {processor.py:157} INFO - Started process (PID=6949) to work on /opt/airflow/dags/my_demo_dag.py
[2025-09-19T09:29:42.419+0000] {processor.py:826} INFO - Processing file /opt/airflow/dags/my_demo_dag.py for tasks to queue
[2025-09-19T09:29:42.420+0000] {logging_mixin.py:149} INFO - [2025-09-19T09:29:42.420+0000] {dagbag.py:541} INFO - Filling up the DagBag from /opt/airflow/dags/my_demo_dag.py
[2025-09-19T09:29:42.438+0000] {processor.py:836} INFO - DAG(s) dict_keys(['my_first_dag_2']) retrieved from /opt/airflow/dags/my_demo_dag.py
[2025-09-19T09:29:42.465+0000] {logging_mixin.py:149} INFO - [2025-09-19T09:29:42.465+0000] {dag.py:2726} INFO - Sync 1 DAGs
[2025-09-19T09:29:42.494+0000] {logging_mixin.py:149} INFO - [2025-09-19T09:29:42.494+0000] {dag.py:3490} INFO - Setting next_dagrun for my_first_dag_2 to 2025-09-18T00:00:00+00:00, run_after=2025-09-19T00:00:00+00:00
[2025-09-19T09:29:42.515+0000] {processor.py:179} INFO - Processing /opt/airflow/dags/my_demo_dag.py took 0.100 seconds
[2025-09-19T09:30:13.241+0000] {processor.py:157} INFO - Started process (PID=7230) to work on /opt/airflow/dags/my_demo_dag.py
[2025-09-19T09:30:13.243+0000] {processor.py:826} INFO - Processing file /opt/airflow/dags/my_demo_dag.py for tasks to queue
[2025-09-19T09:30:13.245+0000] {logging_mixin.py:149} INFO - [2025-09-19T09:30:13.244+0000] {dagbag.py:541} INFO - Filling up the DagBag from /opt/airflow/dags/my_demo_dag.py
[2025-09-19T09:30:13.261+0000] {processor.py:836} INFO - DAG(s) dict_keys(['my_first_dag_2']) retrieved from /opt/airflow/dags/my_demo_dag.py
[2025-09-19T09:30:13.292+0000] {logging_mixin.py:149} INFO - [2025-09-19T09:30:13.291+0000] {dag.py:2726} INFO - Sync 1 DAGs
[2025-09-19T09:30:13.328+0000] {logging_mixin.py:149} INFO - [2025-09-19T09:30:13.328+0000] {dag.py:3490} INFO - Setting next_dagrun for my_first_dag_2 to 2025-09-18T00:00:00+00:00, run_after=2025-09-19T00:00:00+00:00
[2025-09-19T09:30:13.366+0000] {processor.py:179} INFO - Processing /opt/airflow/dags/my_demo_dag.py took 0.128 seconds
[2025-09-19T09:30:44.102+0000] {processor.py:157} INFO - Started process (PID=7509) to work on /opt/airflow/dags/my_demo_dag.py
[2025-09-19T09:30:44.105+0000] {processor.py:826} INFO - Processing file /opt/airflow/dags/my_demo_dag.py for tasks to queue
[2025-09-19T09:30:44.106+0000] {logging_mixin.py:149} INFO - [2025-09-19T09:30:44.106+0000] {dagbag.py:541} INFO - Filling up the DagBag from /opt/airflow/dags/my_demo_dag.py
[2025-09-19T09:30:44.122+0000] {processor.py:836} INFO - DAG(s) dict_keys(['my_first_dag_2']) retrieved from /opt/airflow/dags/my_demo_dag.py
[2025-09-19T09:30:44.147+0000] {logging_mixin.py:149} INFO - [2025-09-19T09:30:44.147+0000] {dag.py:2726} INFO - Sync 1 DAGs
[2025-09-19T09:30:44.182+0000] {logging_mixin.py:149} INFO - [2025-09-19T09:30:44.182+0000] {dag.py:3490} INFO - Setting next_dagrun for my_first_dag_2 to 2025-09-18T00:00:00+00:00, run_after=2025-09-19T00:00:00+00:00
[2025-09-19T09:30:44.210+0000] {processor.py:179} INFO - Processing /opt/airflow/dags/my_demo_dag.py took 0.112 seconds
[2025-09-19T09:31:15.009+0000] {processor.py:157} INFO - Started process (PID=7792) to work on /opt/airflow/dags/my_demo_dag.py
[2025-09-19T09:31:15.010+0000] {processor.py:826} INFO - Processing file /opt/airflow/dags/my_demo_dag.py for tasks to queue
[2025-09-19T09:31:15.011+0000] {logging_mixin.py:149} INFO - [2025-09-19T09:31:15.011+0000] {dagbag.py:541} INFO - Filling up the DagBag from /opt/airflow/dags/my_demo_dag.py
[2025-09-19T09:31:15.022+0000] {processor.py:836} INFO - DAG(s) dict_keys(['my_first_dag_2']) retrieved from /opt/airflow/dags/my_demo_dag.py
[2025-09-19T09:31:15.047+0000] {logging_mixin.py:149} INFO - [2025-09-19T09:31:15.047+0000] {dag.py:2726} INFO - Sync 1 DAGs
[2025-09-19T09:31:15.076+0000] {logging_mixin.py:149} INFO - [2025-09-19T09:31:15.076+0000] {dag.py:3490} INFO - Setting next_dagrun for my_first_dag_2 to 2025-09-18T00:00:00+00:00, run_after=2025-09-19T00:00:00+00:00
[2025-09-19T09:31:15.095+0000] {processor.py:179} INFO - Processing /opt/airflow/dags/my_demo_dag.py took 0.090 seconds
[2025-09-19T09:31:46.045+0000] {processor.py:157} INFO - Started process (PID=8073) to work on /opt/airflow/dags/my_demo_dag.py
[2025-09-19T09:31:46.047+0000] {processor.py:826} INFO - Processing file /opt/airflow/dags/my_demo_dag.py for tasks to queue
[2025-09-19T09:31:46.049+0000] {logging_mixin.py:149} INFO - [2025-09-19T09:31:46.049+0000] {dagbag.py:541} INFO - Filling up the DagBag from /opt/airflow/dags/my_demo_dag.py
[2025-09-19T09:31:46.074+0000] {processor.py:836} INFO - DAG(s) dict_keys(['my_first_dag_2']) retrieved from /opt/airflow/dags/my_demo_dag.py
[2025-09-19T09:31:46.107+0000] {logging_mixin.py:149} INFO - [2025-09-19T09:31:46.106+0000] {dag.py:2726} INFO - Sync 1 DAGs
[2025-09-19T09:31:46.137+0000] {logging_mixin.py:149} INFO - [2025-09-19T09:31:46.137+0000] {dag.py:3490} INFO - Setting next_dagrun for my_first_dag_2 to 2025-09-18T00:00:00+00:00, run_after=2025-09-19T00:00:00+00:00
[2025-09-19T09:31:46.158+0000] {processor.py:179} INFO - Processing /opt/airflow/dags/my_demo_dag.py took 0.116 seconds
[2025-09-19T09:32:16.881+0000] {processor.py:157} INFO - Started process (PID=8352) to work on /opt/airflow/dags/my_demo_dag.py
[2025-09-19T09:32:16.881+0000] {processor.py:826} INFO - Processing file /opt/airflow/dags/my_demo_dag.py for tasks to queue
[2025-09-19T09:32:16.882+0000] {logging_mixin.py:149} INFO - [2025-09-19T09:32:16.882+0000] {dagbag.py:541} INFO - Filling up the DagBag from /opt/airflow/dags/my_demo_dag.py
[2025-09-19T09:32:16.897+0000] {processor.py:836} INFO - DAG(s) dict_keys(['my_first_dag_2']) retrieved from /opt/airflow/dags/my_demo_dag.py
[2025-09-19T09:32:16.921+0000] {logging_mixin.py:149} INFO - [2025-09-19T09:32:16.921+0000] {dag.py:2726} INFO - Sync 1 DAGs
[2025-09-19T09:32:16.950+0000] {logging_mixin.py:149} INFO - [2025-09-19T09:32:16.950+0000] {dag.py:3490} INFO - Setting next_dagrun for my_first_dag_2 to 2025-09-18T00:00:00+00:00, run_after=2025-09-19T00:00:00+00:00
[2025-09-19T09:32:16.971+0000] {processor.py:179} INFO - Processing /opt/airflow/dags/my_demo_dag.py took 0.094 seconds
[2025-09-19T09:32:47.988+0000] {processor.py:157} INFO - Started process (PID=8635) to work on /opt/airflow/dags/my_demo_dag.py
[2025-09-19T09:32:47.989+0000] {processor.py:826} INFO - Processing file /opt/airflow/dags/my_demo_dag.py for tasks to queue
[2025-09-19T09:32:47.990+0000] {logging_mixin.py:149} INFO - [2025-09-19T09:32:47.990+0000] {dagbag.py:541} INFO - Filling up the DagBag from /opt/airflow/dags/my_demo_dag.py
[2025-09-19T09:32:48.002+0000] {processor.py:836} INFO - DAG(s) dict_keys(['my_first_dag_2']) retrieved from /opt/airflow/dags/my_demo_dag.py
[2025-09-19T09:32:48.027+0000] {logging_mixin.py:149} INFO - [2025-09-19T09:32:48.027+0000] {dag.py:2726} INFO - Sync 1 DAGs
[2025-09-19T09:32:48.059+0000] {logging_mixin.py:149} INFO - [2025-09-19T09:32:48.059+0000] {dag.py:3490} INFO - Setting next_dagrun for my_first_dag_2 to 2025-09-18T00:00:00+00:00, run_after=2025-09-19T00:00:00+00:00
[2025-09-19T09:32:48.078+0000] {processor.py:179} INFO - Processing /opt/airflow/dags/my_demo_dag.py took 0.094 seconds
[2025-09-19T09:33:18.949+0000] {processor.py:157} INFO - Started process (PID=8916) to work on /opt/airflow/dags/my_demo_dag.py
[2025-09-19T09:33:18.950+0000] {processor.py:826} INFO - Processing file /opt/airflow/dags/my_demo_dag.py for tasks to queue
[2025-09-19T09:33:18.951+0000] {logging_mixin.py:149} INFO - [2025-09-19T09:33:18.951+0000] {dagbag.py:541} INFO - Filling up the DagBag from /opt/airflow/dags/my_demo_dag.py
[2025-09-19T09:33:18.962+0000] {processor.py:836} INFO - DAG(s) dict_keys(['my_first_dag_2']) retrieved from /opt/airflow/dags/my_demo_dag.py
[2025-09-19T09:33:18.987+0000] {logging_mixin.py:149} INFO - [2025-09-19T09:33:18.987+0000] {dag.py:2726} INFO - Sync 1 DAGs
[2025-09-19T09:33:19.016+0000] {logging_mixin.py:149} INFO - [2025-09-19T09:33:19.016+0000] {dag.py:3490} INFO - Setting next_dagrun for my_first_dag_2 to 2025-09-18T00:00:00+00:00, run_after=2025-09-19T00:00:00+00:00
[2025-09-19T09:33:19.036+0000] {processor.py:179} INFO - Processing /opt/airflow/dags/my_demo_dag.py took 0.090 seconds
[2025-09-19T09:33:49.614+0000] {processor.py:157} INFO - Started process (PID=9196) to work on /opt/airflow/dags/my_demo_dag.py
[2025-09-19T09:33:49.615+0000] {processor.py:826} INFO - Processing file /opt/airflow/dags/my_demo_dag.py for tasks to queue
[2025-09-19T09:33:49.616+0000] {logging_mixin.py:149} INFO - [2025-09-19T09:33:49.615+0000] {dagbag.py:541} INFO - Filling up the DagBag from /opt/airflow/dags/my_demo_dag.py
[2025-09-19T09:33:49.628+0000] {processor.py:836} INFO - DAG(s) dict_keys(['my_first_dag_2']) retrieved from /opt/airflow/dags/my_demo_dag.py
[2025-09-19T09:33:49.652+0000] {logging_mixin.py:149} INFO - [2025-09-19T09:33:49.652+0000] {dag.py:2726} INFO - Sync 1 DAGs
[2025-09-19T09:33:49.681+0000] {logging_mixin.py:149} INFO - [2025-09-19T09:33:49.681+0000] {dag.py:3490} INFO - Setting next_dagrun for my_first_dag_2 to 2025-09-18T00:00:00+00:00, run_after=2025-09-19T00:00:00+00:00
[2025-09-19T09:33:49.703+0000] {processor.py:179} INFO - Processing /opt/airflow/dags/my_demo_dag.py took 0.093 seconds
[2025-09-19T09:34:20.534+0000] {processor.py:157} INFO - Started process (PID=9478) to work on /opt/airflow/dags/my_demo_dag.py
[2025-09-19T09:34:20.535+0000] {processor.py:826} INFO - Processing file /opt/airflow/dags/my_demo_dag.py for tasks to queue
[2025-09-19T09:34:20.535+0000] {logging_mixin.py:149} INFO - [2025-09-19T09:34:20.535+0000] {dagbag.py:541} INFO - Filling up the DagBag from /opt/airflow/dags/my_demo_dag.py
[2025-09-19T09:34:20.546+0000] {processor.py:836} INFO - DAG(s) dict_keys(['my_first_dag_2']) retrieved from /opt/airflow/dags/my_demo_dag.py
[2025-09-19T09:34:20.573+0000] {logging_mixin.py:149} INFO - [2025-09-19T09:34:20.573+0000] {dag.py:2726} INFO - Sync 1 DAGs
[2025-09-19T09:34:20.607+0000] {logging_mixin.py:149} INFO - [2025-09-19T09:34:20.607+0000] {dag.py:3490} INFO - Setting next_dagrun for my_first_dag_2 to 2025-09-18T00:00:00+00:00, run_after=2025-09-19T00:00:00+00:00
[2025-09-19T09:34:20.626+0000] {processor.py:179} INFO - Processing /opt/airflow/dags/my_demo_dag.py took 0.095 seconds
[2025-09-19T09:34:51.514+0000] {processor.py:157} INFO - Started process (PID=9759) to work on /opt/airflow/dags/my_demo_dag.py
[2025-09-19T09:34:51.515+0000] {processor.py:826} INFO - Processing file /opt/airflow/dags/my_demo_dag.py for tasks to queue
[2025-09-19T09:34:51.516+0000] {logging_mixin.py:149} INFO - [2025-09-19T09:34:51.516+0000] {dagbag.py:541} INFO - Filling up the DagBag from /opt/airflow/dags/my_demo_dag.py
[2025-09-19T09:34:51.527+0000] {processor.py:836} INFO - DAG(s) dict_keys(['my_first_dag_2']) retrieved from /opt/airflow/dags/my_demo_dag.py
[2025-09-19T09:34:51.552+0000] {logging_mixin.py:149} INFO - [2025-09-19T09:34:51.552+0000] {dag.py:2726} INFO - Sync 1 DAGs
[2025-09-19T09:34:51.581+0000] {logging_mixin.py:149} INFO - [2025-09-19T09:34:51.581+0000] {dag.py:3490} INFO - Setting next_dagrun for my_first_dag_2 to 2025-09-18T00:00:00+00:00, run_after=2025-09-19T00:00:00+00:00
[2025-09-19T09:34:51.600+0000] {processor.py:179} INFO - Processing /opt/airflow/dags/my_demo_dag.py took 0.090 seconds
[2025-09-19T09:35:22.701+0000] {processor.py:157} INFO - Started process (PID=10040) to work on /opt/airflow/dags/my_demo_dag.py
[2025-09-19T09:35:22.702+0000] {processor.py:826} INFO - Processing file /opt/airflow/dags/my_demo_dag.py for tasks to queue
[2025-09-19T09:35:22.703+0000] {logging_mixin.py:149} INFO - [2025-09-19T09:35:22.703+0000] {dagbag.py:541} INFO - Filling up the DagBag from /opt/airflow/dags/my_demo_dag.py
[2025-09-19T09:35:22.714+0000] {processor.py:836} INFO - DAG(s) dict_keys(['my_first_dag_2']) retrieved from /opt/airflow/dags/my_demo_dag.py
[2025-09-19T09:35:22.742+0000] {logging_mixin.py:149} INFO - [2025-09-19T09:35:22.741+0000] {dag.py:2726} INFO - Sync 1 DAGs
[2025-09-19T09:35:22.772+0000] {logging_mixin.py:149} INFO - [2025-09-19T09:35:22.771+0000] {dag.py:3490} INFO - Setting next_dagrun for my_first_dag_2 to 2025-09-18T00:00:00+00:00, run_after=2025-09-19T00:00:00+00:00
[2025-09-19T09:35:22.791+0000] {processor.py:179} INFO - Processing /opt/airflow/dags/my_demo_dag.py took 0.093 seconds
[2025-09-19T09:35:53.440+0000] {processor.py:157} INFO - Started process (PID=10328) to work on /opt/airflow/dags/my_demo_dag.py
[2025-09-19T09:35:53.441+0000] {processor.py:826} INFO - Processing file /opt/airflow/dags/my_demo_dag.py for tasks to queue
[2025-09-19T09:35:53.442+0000] {logging_mixin.py:149} INFO - [2025-09-19T09:35:53.442+0000] {dagbag.py:541} INFO - Filling up the DagBag from /opt/airflow/dags/my_demo_dag.py
[2025-09-19T09:35:53.452+0000] {processor.py:836} INFO - DAG(s) dict_keys(['my_first_dag_2']) retrieved from /opt/airflow/dags/my_demo_dag.py
[2025-09-19T09:35:53.478+0000] {logging_mixin.py:149} INFO - [2025-09-19T09:35:53.477+0000] {dag.py:2726} INFO - Sync 1 DAGs
[2025-09-19T09:35:53.512+0000] {logging_mixin.py:149} INFO - [2025-09-19T09:35:53.512+0000] {dag.py:3490} INFO - Setting next_dagrun for my_first_dag_2 to 2025-09-18T00:00:00+00:00, run_after=2025-09-19T00:00:00+00:00
[2025-09-19T09:35:53.535+0000] {processor.py:179} INFO - Processing /opt/airflow/dags/my_demo_dag.py took 0.099 seconds
[2025-09-19T09:36:24.248+0000] {processor.py:157} INFO - Started process (PID=10609) to work on /opt/airflow/dags/my_demo_dag.py
[2025-09-19T09:36:24.249+0000] {processor.py:826} INFO - Processing file /opt/airflow/dags/my_demo_dag.py for tasks to queue
[2025-09-19T09:36:24.250+0000] {logging_mixin.py:149} INFO - [2025-09-19T09:36:24.249+0000] {dagbag.py:541} INFO - Filling up the DagBag from /opt/airflow/dags/my_demo_dag.py
[2025-09-19T09:36:24.260+0000] {processor.py:836} INFO - DAG(s) dict_keys(['my_first_dag_2']) retrieved from /opt/airflow/dags/my_demo_dag.py
[2025-09-19T09:36:24.285+0000] {logging_mixin.py:149} INFO - [2025-09-19T09:36:24.285+0000] {dag.py:2726} INFO - Sync 1 DAGs
[2025-09-19T09:36:24.313+0000] {logging_mixin.py:149} INFO - [2025-09-19T09:36:24.313+0000] {dag.py:3490} INFO - Setting next_dagrun for my_first_dag_2 to 2025-09-18T00:00:00+00:00, run_after=2025-09-19T00:00:00+00:00
[2025-09-19T09:36:24.333+0000] {processor.py:179} INFO - Processing /opt/airflow/dags/my_demo_dag.py took 0.089 seconds
[2025-09-19T09:36:55.011+0000] {processor.py:157} INFO - Started process (PID=10890) to work on /opt/airflow/dags/my_demo_dag.py
[2025-09-19T09:36:55.012+0000] {processor.py:826} INFO - Processing file /opt/airflow/dags/my_demo_dag.py for tasks to queue
[2025-09-19T09:36:55.012+0000] {logging_mixin.py:149} INFO - [2025-09-19T09:36:55.012+0000] {dagbag.py:541} INFO - Filling up the DagBag from /opt/airflow/dags/my_demo_dag.py
[2025-09-19T09:36:55.023+0000] {processor.py:836} INFO - DAG(s) dict_keys(['my_first_dag_2']) retrieved from /opt/airflow/dags/my_demo_dag.py
[2025-09-19T09:36:55.049+0000] {logging_mixin.py:149} INFO - [2025-09-19T09:36:55.048+0000] {dag.py:2726} INFO - Sync 1 DAGs
[2025-09-19T09:36:55.078+0000] {logging_mixin.py:149} INFO - [2025-09-19T09:36:55.078+0000] {dag.py:3490} INFO - Setting next_dagrun for my_first_dag_2 to 2025-09-18T00:00:00+00:00, run_after=2025-09-19T00:00:00+00:00
[2025-09-19T09:36:55.201+0000] {processor.py:179} INFO - Processing /opt/airflow/dags/my_demo_dag.py took 0.194 seconds
[2025-09-19T09:37:25.808+0000] {processor.py:157} INFO - Started process (PID=11171) to work on /opt/airflow/dags/my_demo_dag.py
[2025-09-19T09:37:25.809+0000] {processor.py:826} INFO - Processing file /opt/airflow/dags/my_demo_dag.py for tasks to queue
[2025-09-19T09:37:25.810+0000] {logging_mixin.py:149} INFO - [2025-09-19T09:37:25.809+0000] {dagbag.py:541} INFO - Filling up the DagBag from /opt/airflow/dags/my_demo_dag.py
[2025-09-19T09:37:25.821+0000] {processor.py:836} INFO - DAG(s) dict_keys(['my_first_dag_2']) retrieved from /opt/airflow/dags/my_demo_dag.py
[2025-09-19T09:37:25.846+0000] {logging_mixin.py:149} INFO - [2025-09-19T09:37:25.846+0000] {dag.py:2726} INFO - Sync 1 DAGs
[2025-09-19T09:37:25.875+0000] {logging_mixin.py:149} INFO - [2025-09-19T09:37:25.874+0000] {dag.py:3490} INFO - Setting next_dagrun for my_first_dag_2 to 2025-09-18T00:00:00+00:00, run_after=2025-09-19T00:00:00+00:00
[2025-09-19T09:37:25.895+0000] {processor.py:179} INFO - Processing /opt/airflow/dags/my_demo_dag.py took 0.091 seconds
[2025-09-19T09:37:57.264+0000] {processor.py:157} INFO - Started process (PID=11452) to work on /opt/airflow/dags/my_demo_dag.py
[2025-09-19T09:37:57.265+0000] {processor.py:826} INFO - Processing file /opt/airflow/dags/my_demo_dag.py for tasks to queue
[2025-09-19T09:37:57.265+0000] {logging_mixin.py:149} INFO - [2025-09-19T09:37:57.265+0000] {dagbag.py:541} INFO - Filling up the DagBag from /opt/airflow/dags/my_demo_dag.py
[2025-09-19T09:37:57.276+0000] {processor.py:836} INFO - DAG(s) dict_keys(['my_first_dag_2']) retrieved from /opt/airflow/dags/my_demo_dag.py
[2025-09-19T09:37:57.304+0000] {logging_mixin.py:149} INFO - [2025-09-19T09:37:57.304+0000] {dag.py:2726} INFO - Sync 1 DAGs
[2025-09-19T09:37:57.333+0000] {logging_mixin.py:149} INFO - [2025-09-19T09:37:57.333+0000] {dag.py:3490} INFO - Setting next_dagrun for my_first_dag_2 to 2025-09-18T00:00:00+00:00, run_after=2025-09-19T00:00:00+00:00
[2025-09-19T09:37:57.352+0000] {processor.py:179} INFO - Processing /opt/airflow/dags/my_demo_dag.py took 0.092 seconds
[2025-09-19T09:38:28.282+0000] {processor.py:157} INFO - Started process (PID=11733) to work on /opt/airflow/dags/my_demo_dag.py
[2025-09-19T09:38:28.284+0000] {processor.py:826} INFO - Processing file /opt/airflow/dags/my_demo_dag.py for tasks to queue
[2025-09-19T09:38:28.285+0000] {logging_mixin.py:149} INFO - [2025-09-19T09:38:28.285+0000] {dagbag.py:541} INFO - Filling up the DagBag from /opt/airflow/dags/my_demo_dag.py
[2025-09-19T09:38:28.297+0000] {processor.py:836} INFO - DAG(s) dict_keys(['my_first_dag_2']) retrieved from /opt/airflow/dags/my_demo_dag.py
[2025-09-19T09:38:28.327+0000] {logging_mixin.py:149} INFO - [2025-09-19T09:38:28.326+0000] {dag.py:2726} INFO - Sync 1 DAGs
[2025-09-19T09:38:28.356+0000] {logging_mixin.py:149} INFO - [2025-09-19T09:38:28.356+0000] {dag.py:3490} INFO - Setting next_dagrun for my_first_dag_2 to 2025-09-18T00:00:00+00:00, run_after=2025-09-19T00:00:00+00:00
[2025-09-19T09:38:28.376+0000] {processor.py:179} INFO - Processing /opt/airflow/dags/my_demo_dag.py took 0.098 seconds
[2025-09-19T09:38:59.257+0000] {processor.py:157} INFO - Started process (PID=12014) to work on /opt/airflow/dags/my_demo_dag.py
[2025-09-19T09:38:59.258+0000] {processor.py:826} INFO - Processing file /opt/airflow/dags/my_demo_dag.py for tasks to queue
[2025-09-19T09:38:59.260+0000] {logging_mixin.py:149} INFO - [2025-09-19T09:38:59.260+0000] {dagbag.py:541} INFO - Filling up the DagBag from /opt/airflow/dags/my_demo_dag.py
[2025-09-19T09:38:59.273+0000] {processor.py:836} INFO - DAG(s) dict_keys(['my_first_dag_2']) retrieved from /opt/airflow/dags/my_demo_dag.py
[2025-09-19T09:38:59.301+0000] {logging_mixin.py:149} INFO - [2025-09-19T09:38:59.300+0000] {dag.py:2726} INFO - Sync 1 DAGs
[2025-09-19T09:38:59.329+0000] {logging_mixin.py:149} INFO - [2025-09-19T09:38:59.329+0000] {dag.py:3490} INFO - Setting next_dagrun for my_first_dag_2 to 2025-09-18T00:00:00+00:00, run_after=2025-09-19T00:00:00+00:00
[2025-09-19T09:38:59.350+0000] {processor.py:179} INFO - Processing /opt/airflow/dags/my_demo_dag.py took 0.096 seconds
[2025-09-19T09:39:30.301+0000] {processor.py:157} INFO - Started process (PID=12293) to work on /opt/airflow/dags/my_demo_dag.py
[2025-09-19T09:39:30.303+0000] {processor.py:826} INFO - Processing file /opt/airflow/dags/my_demo_dag.py for tasks to queue
[2025-09-19T09:39:30.304+0000] {logging_mixin.py:149} INFO - [2025-09-19T09:39:30.304+0000] {dagbag.py:541} INFO - Filling up the DagBag from /opt/airflow/dags/my_demo_dag.py
[2025-09-19T09:39:30.317+0000] {processor.py:836} INFO - DAG(s) dict_keys(['my_first_dag_2']) retrieved from /opt/airflow/dags/my_demo_dag.py
[2025-09-19T09:39:30.342+0000] {logging_mixin.py:149} INFO - [2025-09-19T09:39:30.342+0000] {dag.py:2726} INFO - Sync 1 DAGs
[2025-09-19T09:39:30.372+0000] {logging_mixin.py:149} INFO - [2025-09-19T09:39:30.372+0000] {dag.py:3490} INFO - Setting next_dagrun for my_first_dag_2 to 2025-09-18T00:00:00+00:00, run_after=2025-09-19T00:00:00+00:00
[2025-09-19T09:39:30.394+0000] {processor.py:179} INFO - Processing /opt/airflow/dags/my_demo_dag.py took 0.098 seconds
[2025-09-19T09:40:01.375+0000] {processor.py:157} INFO - Started process (PID=12576) to work on /opt/airflow/dags/my_demo_dag.py
[2025-09-19T09:40:01.376+0000] {processor.py:826} INFO - Processing file /opt/airflow/dags/my_demo_dag.py for tasks to queue
[2025-09-19T09:40:01.377+0000] {logging_mixin.py:149} INFO - [2025-09-19T09:40:01.377+0000] {dagbag.py:541} INFO - Filling up the DagBag from /opt/airflow/dags/my_demo_dag.py
[2025-09-19T09:40:01.388+0000] {processor.py:836} INFO - DAG(s) dict_keys(['my_first_dag_2']) retrieved from /opt/airflow/dags/my_demo_dag.py
[2025-09-19T09:40:01.416+0000] {logging_mixin.py:149} INFO - [2025-09-19T09:40:01.415+0000] {dag.py:2726} INFO - Sync 1 DAGs
[2025-09-19T09:40:01.446+0000] {logging_mixin.py:149} INFO - [2025-09-19T09:40:01.446+0000] {dag.py:3490} INFO - Setting next_dagrun for my_first_dag_2 to 2025-09-18T00:00:00+00:00, run_after=2025-09-19T00:00:00+00:00
[2025-09-19T09:40:01.470+0000] {processor.py:179} INFO - Processing /opt/airflow/dags/my_demo_dag.py took 0.099 seconds
[2025-09-19T09:40:32.060+0000] {processor.py:157} INFO - Started process (PID=12857) to work on /opt/airflow/dags/my_demo_dag.py
[2025-09-19T09:40:32.060+0000] {processor.py:826} INFO - Processing file /opt/airflow/dags/my_demo_dag.py for tasks to queue
[2025-09-19T09:40:32.061+0000] {logging_mixin.py:149} INFO - [2025-09-19T09:40:32.061+0000] {dagbag.py:541} INFO - Filling up the DagBag from /opt/airflow/dags/my_demo_dag.py
[2025-09-19T09:40:32.072+0000] {processor.py:836} INFO - DAG(s) dict_keys(['my_first_dag_2']) retrieved from /opt/airflow/dags/my_demo_dag.py
[2025-09-19T09:40:32.099+0000] {logging_mixin.py:149} INFO - [2025-09-19T09:40:32.099+0000] {dag.py:2726} INFO - Sync 1 DAGs
[2025-09-19T09:40:32.129+0000] {logging_mixin.py:149} INFO - [2025-09-19T09:40:32.129+0000] {dag.py:3490} INFO - Setting next_dagrun for my_first_dag_2 to 2025-09-18T00:00:00+00:00, run_after=2025-09-19T00:00:00+00:00
[2025-09-19T09:40:32.152+0000] {processor.py:179} INFO - Processing /opt/airflow/dags/my_demo_dag.py took 0.096 seconds
[2025-09-19T09:41:02.831+0000] {processor.py:157} INFO - Started process (PID=13136) to work on /opt/airflow/dags/my_demo_dag.py
[2025-09-19T09:41:02.831+0000] {processor.py:826} INFO - Processing file /opt/airflow/dags/my_demo_dag.py for tasks to queue
[2025-09-19T09:41:02.832+0000] {logging_mixin.py:149} INFO - [2025-09-19T09:41:02.832+0000] {dagbag.py:541} INFO - Filling up the DagBag from /opt/airflow/dags/my_demo_dag.py
[2025-09-19T09:41:02.843+0000] {processor.py:836} INFO - DAG(s) dict_keys(['my_first_dag_2']) retrieved from /opt/airflow/dags/my_demo_dag.py
[2025-09-19T09:41:02.867+0000] {logging_mixin.py:149} INFO - [2025-09-19T09:41:02.867+0000] {dag.py:2726} INFO - Sync 1 DAGs
[2025-09-19T09:41:02.900+0000] {logging_mixin.py:149} INFO - [2025-09-19T09:41:02.899+0000] {dag.py:3490} INFO - Setting next_dagrun for my_first_dag_2 to 2025-09-18T00:00:00+00:00, run_after=2025-09-19T00:00:00+00:00
[2025-09-19T09:41:02.920+0000] {processor.py:179} INFO - Processing /opt/airflow/dags/my_demo_dag.py took 0.093 seconds
[2025-09-19T09:41:33.556+0000] {processor.py:157} INFO - Started process (PID=13418) to work on /opt/airflow/dags/my_demo_dag.py
[2025-09-19T09:41:33.557+0000] {processor.py:826} INFO - Processing file /opt/airflow/dags/my_demo_dag.py for tasks to queue
[2025-09-19T09:41:33.558+0000] {logging_mixin.py:149} INFO - [2025-09-19T09:41:33.558+0000] {dagbag.py:541} INFO - Filling up the DagBag from /opt/airflow/dags/my_demo_dag.py
[2025-09-19T09:41:33.569+0000] {processor.py:836} INFO - DAG(s) dict_keys(['my_first_dag_2']) retrieved from /opt/airflow/dags/my_demo_dag.py
[2025-09-19T09:41:33.605+0000] {logging_mixin.py:149} INFO - [2025-09-19T09:41:33.604+0000] {dag.py:2726} INFO - Sync 1 DAGs
[2025-09-19T09:41:33.640+0000] {logging_mixin.py:149} INFO - [2025-09-19T09:41:33.640+0000] {dag.py:3490} INFO - Setting next_dagrun for my_first_dag_2 to 2025-09-18T00:00:00+00:00, run_after=2025-09-19T00:00:00+00:00
[2025-09-19T09:41:33.667+0000] {processor.py:179} INFO - Processing /opt/airflow/dags/my_demo_dag.py took 0.115 seconds
[2025-09-19T09:42:04.253+0000] {processor.py:157} INFO - Started process (PID=13699) to work on /opt/airflow/dags/my_demo_dag.py
[2025-09-19T09:42:04.254+0000] {processor.py:826} INFO - Processing file /opt/airflow/dags/my_demo_dag.py for tasks to queue
[2025-09-19T09:42:04.255+0000] {logging_mixin.py:149} INFO - [2025-09-19T09:42:04.255+0000] {dagbag.py:541} INFO - Filling up the DagBag from /opt/airflow/dags/my_demo_dag.py
[2025-09-19T09:42:04.268+0000] {processor.py:836} INFO - DAG(s) dict_keys(['my_first_dag_2']) retrieved from /opt/airflow/dags/my_demo_dag.py
[2025-09-19T09:42:04.299+0000] {logging_mixin.py:149} INFO - [2025-09-19T09:42:04.299+0000] {dag.py:2726} INFO - Sync 1 DAGs
[2025-09-19T09:42:04.327+0000] {logging_mixin.py:149} INFO - [2025-09-19T09:42:04.327+0000] {dag.py:3490} INFO - Setting next_dagrun for my_first_dag_2 to 2025-09-18T00:00:00+00:00, run_after=2025-09-19T00:00:00+00:00
[2025-09-19T09:42:04.346+0000] {processor.py:179} INFO - Processing /opt/airflow/dags/my_demo_dag.py took 0.097 seconds
[2025-09-19T09:42:35.228+0000] {processor.py:157} INFO - Started process (PID=13978) to work on /opt/airflow/dags/my_demo_dag.py
[2025-09-19T09:42:35.230+0000] {processor.py:826} INFO - Processing file /opt/airflow/dags/my_demo_dag.py for tasks to queue
[2025-09-19T09:42:35.230+0000] {logging_mixin.py:149} INFO - [2025-09-19T09:42:35.230+0000] {dagbag.py:541} INFO - Filling up the DagBag from /opt/airflow/dags/my_demo_dag.py
[2025-09-19T09:42:35.247+0000] {processor.py:836} INFO - DAG(s) dict_keys(['my_first_dag_2']) retrieved from /opt/airflow/dags/my_demo_dag.py
[2025-09-19T09:42:35.277+0000] {logging_mixin.py:149} INFO - [2025-09-19T09:42:35.277+0000] {dag.py:2726} INFO - Sync 1 DAGs
[2025-09-19T09:42:35.308+0000] {logging_mixin.py:149} INFO - [2025-09-19T09:42:35.307+0000] {dag.py:3490} INFO - Setting next_dagrun for my_first_dag_2 to 2025-09-18T00:00:00+00:00, run_after=2025-09-19T00:00:00+00:00
[2025-09-19T09:42:35.331+0000] {processor.py:179} INFO - Processing /opt/airflow/dags/my_demo_dag.py took 0.107 seconds
[2025-09-19T09:43:06.181+0000] {processor.py:157} INFO - Started process (PID=14261) to work on /opt/airflow/dags/my_demo_dag.py
[2025-09-19T09:43:06.182+0000] {processor.py:826} INFO - Processing file /opt/airflow/dags/my_demo_dag.py for tasks to queue
[2025-09-19T09:43:06.183+0000] {logging_mixin.py:149} INFO - [2025-09-19T09:43:06.183+0000] {dagbag.py:541} INFO - Filling up the DagBag from /opt/airflow/dags/my_demo_dag.py
[2025-09-19T09:43:06.196+0000] {processor.py:836} INFO - DAG(s) dict_keys(['my_first_dag_2']) retrieved from /opt/airflow/dags/my_demo_dag.py
[2025-09-19T09:43:06.223+0000] {logging_mixin.py:149} INFO - [2025-09-19T09:43:06.223+0000] {dag.py:2726} INFO - Sync 1 DAGs
[2025-09-19T09:43:06.253+0000] {logging_mixin.py:149} INFO - [2025-09-19T09:43:06.253+0000] {dag.py:3490} INFO - Setting next_dagrun for my_first_dag_2 to 2025-09-18T00:00:00+00:00, run_after=2025-09-19T00:00:00+00:00
[2025-09-19T09:43:06.272+0000] {processor.py:179} INFO - Processing /opt/airflow/dags/my_demo_dag.py took 0.095 seconds
[2025-09-19T09:43:36.802+0000] {processor.py:157} INFO - Started process (PID=14540) to work on /opt/airflow/dags/my_demo_dag.py
[2025-09-19T09:43:36.803+0000] {processor.py:826} INFO - Processing file /opt/airflow/dags/my_demo_dag.py for tasks to queue
[2025-09-19T09:43:36.804+0000] {logging_mixin.py:149} INFO - [2025-09-19T09:43:36.804+0000] {dagbag.py:541} INFO - Filling up the DagBag from /opt/airflow/dags/my_demo_dag.py
[2025-09-19T09:43:36.815+0000] {processor.py:836} INFO - DAG(s) dict_keys(['my_first_dag_2']) retrieved from /opt/airflow/dags/my_demo_dag.py
[2025-09-19T09:43:36.842+0000] {logging_mixin.py:149} INFO - [2025-09-19T09:43:36.841+0000] {dag.py:2726} INFO - Sync 1 DAGs
[2025-09-19T09:43:36.875+0000] {logging_mixin.py:149} INFO - [2025-09-19T09:43:36.875+0000] {dag.py:3490} INFO - Setting next_dagrun for my_first_dag_2 to 2025-09-18T00:00:00+00:00, run_after=2025-09-19T00:00:00+00:00
[2025-09-19T09:43:36.901+0000] {processor.py:179} INFO - Processing /opt/airflow/dags/my_demo_dag.py took 0.102 seconds
[2025-09-19T09:44:07.818+0000] {processor.py:157} INFO - Started process (PID=14821) to work on /opt/airflow/dags/my_demo_dag.py
[2025-09-19T09:44:07.819+0000] {processor.py:826} INFO - Processing file /opt/airflow/dags/my_demo_dag.py for tasks to queue
[2025-09-19T09:44:07.820+0000] {logging_mixin.py:149} INFO - [2025-09-19T09:44:07.820+0000] {dagbag.py:541} INFO - Filling up the DagBag from /opt/airflow/dags/my_demo_dag.py
[2025-09-19T09:44:07.833+0000] {processor.py:836} INFO - DAG(s) dict_keys(['my_first_dag_2']) retrieved from /opt/airflow/dags/my_demo_dag.py
[2025-09-19T09:44:07.865+0000] {logging_mixin.py:149} INFO - [2025-09-19T09:44:07.865+0000] {dag.py:2726} INFO - Sync 1 DAGs
[2025-09-19T09:44:07.895+0000] {logging_mixin.py:149} INFO - [2025-09-19T09:44:07.895+0000] {dag.py:3490} INFO - Setting next_dagrun for my_first_dag_2 to 2025-09-18T00:00:00+00:00, run_after=2025-09-19T00:00:00+00:00
[2025-09-19T09:44:07.920+0000] {processor.py:179} INFO - Processing /opt/airflow/dags/my_demo_dag.py took 0.105 seconds
[2025-09-19T09:44:38.752+0000] {processor.py:157} INFO - Started process (PID=15104) to work on /opt/airflow/dags/my_demo_dag.py
[2025-09-19T09:44:38.753+0000] {processor.py:826} INFO - Processing file /opt/airflow/dags/my_demo_dag.py for tasks to queue
[2025-09-19T09:44:38.754+0000] {logging_mixin.py:149} INFO - [2025-09-19T09:44:38.754+0000] {dagbag.py:541} INFO - Filling up the DagBag from /opt/airflow/dags/my_demo_dag.py
[2025-09-19T09:44:38.768+0000] {processor.py:836} INFO - DAG(s) dict_keys(['my_first_dag_2']) retrieved from /opt/airflow/dags/my_demo_dag.py
[2025-09-19T09:44:38.797+0000] {logging_mixin.py:149} INFO - [2025-09-19T09:44:38.797+0000] {dag.py:2726} INFO - Sync 1 DAGs
[2025-09-19T09:44:38.825+0000] {logging_mixin.py:149} INFO - [2025-09-19T09:44:38.825+0000] {dag.py:3490} INFO - Setting next_dagrun for my_first_dag_2 to 2025-09-18T00:00:00+00:00, run_after=2025-09-19T00:00:00+00:00
[2025-09-19T09:44:38.846+0000] {processor.py:179} INFO - Processing /opt/airflow/dags/my_demo_dag.py took 0.098 seconds
[2025-09-19T09:45:09.946+0000] {processor.py:157} INFO - Started process (PID=15385) to work on /opt/airflow/dags/my_demo_dag.py
[2025-09-19T09:45:09.947+0000] {processor.py:826} INFO - Processing file /opt/airflow/dags/my_demo_dag.py for tasks to queue
[2025-09-19T09:45:09.947+0000] {logging_mixin.py:149} INFO - [2025-09-19T09:45:09.947+0000] {dagbag.py:541} INFO - Filling up the DagBag from /opt/airflow/dags/my_demo_dag.py
[2025-09-19T09:45:09.958+0000] {processor.py:836} INFO - DAG(s) dict_keys(['my_first_dag_2']) retrieved from /opt/airflow/dags/my_demo_dag.py
[2025-09-19T09:45:09.984+0000] {logging_mixin.py:149} INFO - [2025-09-19T09:45:09.984+0000] {dag.py:2726} INFO - Sync 1 DAGs
[2025-09-19T09:45:10.016+0000] {logging_mixin.py:149} INFO - [2025-09-19T09:45:10.015+0000] {dag.py:3490} INFO - Setting next_dagrun for my_first_dag_2 to 2025-09-18T00:00:00+00:00, run_after=2025-09-19T00:00:00+00:00
[2025-09-19T09:45:10.037+0000] {processor.py:179} INFO - Processing /opt/airflow/dags/my_demo_dag.py took 0.095 seconds
[2025-09-19T09:45:41.054+0000] {processor.py:157} INFO - Started process (PID=15667) to work on /opt/airflow/dags/my_demo_dag.py
[2025-09-19T09:45:41.055+0000] {processor.py:826} INFO - Processing file /opt/airflow/dags/my_demo_dag.py for tasks to queue
[2025-09-19T09:45:41.057+0000] {logging_mixin.py:149} INFO - [2025-09-19T09:45:41.056+0000] {dagbag.py:541} INFO - Filling up the DagBag from /opt/airflow/dags/my_demo_dag.py
[2025-09-19T09:45:41.071+0000] {processor.py:836} INFO - DAG(s) dict_keys(['my_first_dag_2']) retrieved from /opt/airflow/dags/my_demo_dag.py
[2025-09-19T09:45:41.107+0000] {logging_mixin.py:149} INFO - [2025-09-19T09:45:41.107+0000] {dag.py:2726} INFO - Sync 1 DAGs
[2025-09-19T09:45:41.159+0000] {logging_mixin.py:149} INFO - [2025-09-19T09:45:41.159+0000] {dag.py:3490} INFO - Setting next_dagrun for my_first_dag_2 to 2025-09-18T00:00:00+00:00, run_after=2025-09-19T00:00:00+00:00
[2025-09-19T09:45:41.179+0000] {processor.py:179} INFO - Processing /opt/airflow/dags/my_demo_dag.py took 0.129 seconds
[2025-09-19T09:46:11.803+0000] {processor.py:157} INFO - Started process (PID=15945) to work on /opt/airflow/dags/my_demo_dag.py
[2025-09-19T09:46:11.804+0000] {processor.py:826} INFO - Processing file /opt/airflow/dags/my_demo_dag.py for tasks to queue
[2025-09-19T09:46:11.805+0000] {logging_mixin.py:149} INFO - [2025-09-19T09:46:11.805+0000] {dagbag.py:541} INFO - Filling up the DagBag from /opt/airflow/dags/my_demo_dag.py
[2025-09-19T09:46:11.816+0000] {processor.py:836} INFO - DAG(s) dict_keys(['my_first_dag_2']) retrieved from /opt/airflow/dags/my_demo_dag.py
[2025-09-19T09:46:11.842+0000] {logging_mixin.py:149} INFO - [2025-09-19T09:46:11.842+0000] {dag.py:2726} INFO - Sync 1 DAGs
[2025-09-19T09:46:11.896+0000] {logging_mixin.py:149} INFO - [2025-09-19T09:46:11.896+0000] {dag.py:3490} INFO - Setting next_dagrun for my_first_dag_2 to 2025-09-18T00:00:00+00:00, run_after=2025-09-19T00:00:00+00:00
[2025-09-19T09:46:11.917+0000] {processor.py:179} INFO - Processing /opt/airflow/dags/my_demo_dag.py took 0.117 seconds
[2025-09-19T09:46:42.522+0000] {processor.py:157} INFO - Started process (PID=16226) to work on /opt/airflow/dags/my_demo_dag.py
[2025-09-19T09:46:42.523+0000] {processor.py:826} INFO - Processing file /opt/airflow/dags/my_demo_dag.py for tasks to queue
[2025-09-19T09:46:42.523+0000] {logging_mixin.py:149} INFO - [2025-09-19T09:46:42.523+0000] {dagbag.py:541} INFO - Filling up the DagBag from /opt/airflow/dags/my_demo_dag.py
[2025-09-19T09:46:42.534+0000] {processor.py:836} INFO - DAG(s) dict_keys(['my_first_dag_2']) retrieved from /opt/airflow/dags/my_demo_dag.py
[2025-09-19T09:46:42.561+0000] {logging_mixin.py:149} INFO - [2025-09-19T09:46:42.560+0000] {dag.py:2726} INFO - Sync 1 DAGs
[2025-09-19T09:46:42.591+0000] {logging_mixin.py:149} INFO - [2025-09-19T09:46:42.591+0000] {dag.py:3490} INFO - Setting next_dagrun for my_first_dag_2 to 2025-09-18T00:00:00+00:00, run_after=2025-09-19T00:00:00+00:00
[2025-09-19T09:46:42.611+0000] {processor.py:179} INFO - Processing /opt/airflow/dags/my_demo_dag.py took 0.093 seconds
[2025-09-19T09:47:13.298+0000] {processor.py:157} INFO - Started process (PID=16507) to work on /opt/airflow/dags/my_demo_dag.py
[2025-09-19T09:47:13.301+0000] {processor.py:826} INFO - Processing file /opt/airflow/dags/my_demo_dag.py for tasks to queue
[2025-09-19T09:47:13.302+0000] {logging_mixin.py:149} INFO - [2025-09-19T09:47:13.301+0000] {dagbag.py:541} INFO - Filling up the DagBag from /opt/airflow/dags/my_demo_dag.py
[2025-09-19T09:47:13.316+0000] {processor.py:836} INFO - DAG(s) dict_keys(['my_first_dag_2']) retrieved from /opt/airflow/dags/my_demo_dag.py
[2025-09-19T09:47:13.342+0000] {logging_mixin.py:149} INFO - [2025-09-19T09:47:13.342+0000] {dag.py:2726} INFO - Sync 1 DAGs
[2025-09-19T09:47:13.371+0000] {logging_mixin.py:149} INFO - [2025-09-19T09:47:13.371+0000] {dag.py:3490} INFO - Setting next_dagrun for my_first_dag_2 to 2025-09-18T00:00:00+00:00, run_after=2025-09-19T00:00:00+00:00
[2025-09-19T09:47:13.390+0000] {processor.py:179} INFO - Processing /opt/airflow/dags/my_demo_dag.py took 0.096 seconds
[2025-09-19T09:47:43.699+0000] {processor.py:157} INFO - Started process (PID=16768) to work on /opt/airflow/dags/my_demo_dag.py
[2025-09-19T09:47:43.701+0000] {processor.py:826} INFO - Processing file /opt/airflow/dags/my_demo_dag.py for tasks to queue
[2025-09-19T09:47:43.702+0000] {logging_mixin.py:149} INFO - [2025-09-19T09:47:43.702+0000] {dagbag.py:541} INFO - Filling up the DagBag from /opt/airflow/dags/my_demo_dag.py
[2025-09-19T09:47:43.723+0000] {processor.py:836} INFO - DAG(s) dict_keys(['my_first_dag_2']) retrieved from /opt/airflow/dags/my_demo_dag.py
[2025-09-19T09:47:43.833+0000] {logging_mixin.py:149} INFO - [2025-09-19T09:47:43.833+0000] {dag.py:2726} INFO - Sync 1 DAGs
[2025-09-19T09:47:43.863+0000] {logging_mixin.py:149} INFO - [2025-09-19T09:47:43.863+0000] {dag.py:3490} INFO - Setting next_dagrun for my_first_dag_2 to 2025-09-18T00:00:00+00:00, run_after=2025-09-19T00:00:00+00:00
[2025-09-19T09:47:43.883+0000] {processor.py:179} INFO - Processing /opt/airflow/dags/my_demo_dag.py took 0.188 seconds
[2025-09-19T10:02:31.426+0000] {processor.py:157} INFO - Started process (PID=17078) to work on /opt/airflow/dags/my_demo_dag.py
[2025-09-19T10:02:31.428+0000] {processor.py:826} INFO - Processing file /opt/airflow/dags/my_demo_dag.py for tasks to queue
[2025-09-19T10:02:31.430+0000] {logging_mixin.py:149} INFO - [2025-09-19T10:02:31.430+0000] {dagbag.py:541} INFO - Filling up the DagBag from /opt/airflow/dags/my_demo_dag.py
[2025-09-19T10:02:31.456+0000] {processor.py:836} INFO - DAG(s) dict_keys(['my_first_dag_2']) retrieved from /opt/airflow/dags/my_demo_dag.py
[2025-09-19T10:02:31.498+0000] {logging_mixin.py:149} INFO - [2025-09-19T10:02:31.497+0000] {dag.py:2726} INFO - Sync 1 DAGs
[2025-09-19T10:02:31.550+0000] {logging_mixin.py:149} INFO - [2025-09-19T10:02:31.550+0000] {dag.py:3490} INFO - Setting next_dagrun for my_first_dag_2 to 2025-09-18T00:00:00+00:00, run_after=2025-09-19T00:00:00+00:00
[2025-09-19T10:02:31.596+0000] {processor.py:179} INFO - Processing /opt/airflow/dags/my_demo_dag.py took 0.176 seconds
[2025-09-19T10:03:02.237+0000] {processor.py:157} INFO - Started process (PID=17361) to work on /opt/airflow/dags/my_demo_dag.py
[2025-09-19T10:03:02.238+0000] {processor.py:826} INFO - Processing file /opt/airflow/dags/my_demo_dag.py for tasks to queue
[2025-09-19T10:03:02.239+0000] {logging_mixin.py:149} INFO - [2025-09-19T10:03:02.239+0000] {dagbag.py:541} INFO - Filling up the DagBag from /opt/airflow/dags/my_demo_dag.py
[2025-09-19T10:03:02.255+0000] {processor.py:836} INFO - DAG(s) dict_keys(['my_first_dag_2']) retrieved from /opt/airflow/dags/my_demo_dag.py
[2025-09-19T10:03:02.283+0000] {logging_mixin.py:149} INFO - [2025-09-19T10:03:02.283+0000] {dag.py:2726} INFO - Sync 1 DAGs
[2025-09-19T10:03:02.317+0000] {logging_mixin.py:149} INFO - [2025-09-19T10:03:02.317+0000] {dag.py:3490} INFO - Setting next_dagrun for my_first_dag_2 to 2025-09-18T00:00:00+00:00, run_after=2025-09-19T00:00:00+00:00
[2025-09-19T10:03:02.344+0000] {processor.py:179} INFO - Processing /opt/airflow/dags/my_demo_dag.py took 0.110 seconds
[2025-09-19T10:18:55.928+0000] {processor.py:157} INFO - Started process (PID=17525) to work on /opt/airflow/dags/my_demo_dag.py
[2025-09-19T10:18:55.929+0000] {processor.py:826} INFO - Processing file /opt/airflow/dags/my_demo_dag.py for tasks to queue
[2025-09-19T10:18:55.931+0000] {logging_mixin.py:149} INFO - [2025-09-19T10:18:55.930+0000] {dagbag.py:541} INFO - Filling up the DagBag from /opt/airflow/dags/my_demo_dag.py
[2025-09-19T10:18:55.948+0000] {processor.py:836} INFO - DAG(s) dict_keys(['my_first_dag_2']) retrieved from /opt/airflow/dags/my_demo_dag.py
[2025-09-19T10:18:55.991+0000] {logging_mixin.py:149} INFO - [2025-09-19T10:18:55.991+0000] {dag.py:2726} INFO - Sync 1 DAGs
[2025-09-19T10:18:56.037+0000] {logging_mixin.py:149} INFO - [2025-09-19T10:18:56.036+0000] {dag.py:3490} INFO - Setting next_dagrun for my_first_dag_2 to 2025-09-18T00:00:00+00:00, run_after=2025-09-19T00:00:00+00:00
[2025-09-19T10:18:56.061+0000] {processor.py:179} INFO - Processing /opt/airflow/dags/my_demo_dag.py took 0.137 seconds
[2025-09-19T10:24:38.688+0000] {processor.py:157} INFO - Started process (PID=17788) to work on /opt/airflow/dags/my_demo_dag.py
[2025-09-19T10:24:38.690+0000] {processor.py:826} INFO - Processing file /opt/airflow/dags/my_demo_dag.py for tasks to queue
[2025-09-19T10:24:38.692+0000] {logging_mixin.py:149} INFO - [2025-09-19T10:24:38.692+0000] {dagbag.py:541} INFO - Filling up the DagBag from /opt/airflow/dags/my_demo_dag.py
[2025-09-19T10:24:38.711+0000] {processor.py:836} INFO - DAG(s) dict_keys(['my_first_dag_2']) retrieved from /opt/airflow/dags/my_demo_dag.py
[2025-09-19T10:24:38.749+0000] {logging_mixin.py:149} INFO - [2025-09-19T10:24:38.749+0000] {dag.py:2726} INFO - Sync 1 DAGs
[2025-09-19T10:24:38.806+0000] {logging_mixin.py:149} INFO - [2025-09-19T10:24:38.806+0000] {dag.py:3490} INFO - Setting next_dagrun for my_first_dag_2 to 2025-09-18T00:00:00+00:00, run_after=2025-09-19T00:00:00+00:00
[2025-09-19T10:24:38.837+0000] {processor.py:179} INFO - Processing /opt/airflow/dags/my_demo_dag.py took 0.153 seconds
[2025-09-19T10:26:32.284+0000] {processor.py:157} INFO - Started process (PID=18069) to work on /opt/airflow/dags/my_demo_dag.py
[2025-09-19T10:26:32.288+0000] {processor.py:826} INFO - Processing file /opt/airflow/dags/my_demo_dag.py for tasks to queue
[2025-09-19T10:26:32.290+0000] {logging_mixin.py:149} INFO - [2025-09-19T10:26:32.289+0000] {dagbag.py:541} INFO - Filling up the DagBag from /opt/airflow/dags/my_demo_dag.py
[2025-09-19T10:26:32.316+0000] {processor.py:836} INFO - DAG(s) dict_keys(['my_first_dag_2']) retrieved from /opt/airflow/dags/my_demo_dag.py
[2025-09-19T10:26:32.409+0000] {logging_mixin.py:149} INFO - [2025-09-19T10:26:32.409+0000] {dag.py:2726} INFO - Sync 1 DAGs
[2025-09-19T10:26:32.473+0000] {logging_mixin.py:149} INFO - [2025-09-19T10:26:32.473+0000] {dag.py:3490} INFO - Setting next_dagrun for my_first_dag_2 to 2025-09-18T00:00:00+00:00, run_after=2025-09-19T00:00:00+00:00
[2025-09-19T10:26:32.515+0000] {processor.py:179} INFO - Processing /opt/airflow/dags/my_demo_dag.py took 0.236 seconds
[2025-09-19T10:27:18.619+0000] {processor.py:157} INFO - Started process (PID=18351) to work on /opt/airflow/dags/my_demo_dag.py
[2025-09-19T10:27:18.633+0000] {processor.py:826} INFO - Processing file /opt/airflow/dags/my_demo_dag.py for tasks to queue
[2025-09-19T10:27:18.647+0000] {logging_mixin.py:149} INFO - [2025-09-19T10:27:18.645+0000] {dagbag.py:541} INFO - Filling up the DagBag from /opt/airflow/dags/my_demo_dag.py
[2025-09-19T10:27:18.896+0000] {processor.py:836} INFO - DAG(s) dict_keys(['my_first_dag_2']) retrieved from /opt/airflow/dags/my_demo_dag.py
[2025-09-19T10:27:19.510+0000] {logging_mixin.py:149} INFO - [2025-09-19T10:27:19.507+0000] {dag.py:2726} INFO - Sync 1 DAGs
[2025-09-19T10:27:20.241+0000] {logging_mixin.py:149} INFO - [2025-09-19T10:27:20.238+0000] {dag.py:3490} INFO - Setting next_dagrun for my_first_dag_2 to 2025-09-18T00:00:00+00:00, run_after=2025-09-19T00:00:00+00:00
[2025-09-19T10:27:20.646+0000] {processor.py:179} INFO - Processing /opt/airflow/dags/my_demo_dag.py took 2.089 seconds
[2025-09-19T10:42:19.178+0000] {processor.py:157} INFO - Started process (PID=18646) to work on /opt/airflow/dags/my_demo_dag.py
[2025-09-19T10:42:19.180+0000] {processor.py:826} INFO - Processing file /opt/airflow/dags/my_demo_dag.py for tasks to queue
[2025-09-19T10:42:19.181+0000] {logging_mixin.py:149} INFO - [2025-09-19T10:42:19.181+0000] {dagbag.py:541} INFO - Filling up the DagBag from /opt/airflow/dags/my_demo_dag.py
[2025-09-19T10:42:19.207+0000] {processor.py:836} INFO - DAG(s) dict_keys(['my_first_dag_2']) retrieved from /opt/airflow/dags/my_demo_dag.py
[2025-09-19T10:42:19.273+0000] {logging_mixin.py:149} INFO - [2025-09-19T10:42:19.273+0000] {dag.py:2726} INFO - Sync 1 DAGs
[2025-09-19T10:42:19.327+0000] {logging_mixin.py:149} INFO - [2025-09-19T10:42:19.327+0000] {dag.py:3490} INFO - Setting next_dagrun for my_first_dag_2 to 2025-09-18T00:00:00+00:00, run_after=2025-09-19T00:00:00+00:00
[2025-09-19T10:42:19.369+0000] {processor.py:179} INFO - Processing /opt/airflow/dags/my_demo_dag.py took 0.196 seconds
[2025-09-19T10:43:06.076+0000] {processor.py:157} INFO - Started process (PID=18927) to work on /opt/airflow/dags/my_demo_dag.py
[2025-09-19T10:43:06.091+0000] {processor.py:826} INFO - Processing file /opt/airflow/dags/my_demo_dag.py for tasks to queue
[2025-09-19T10:43:06.113+0000] {logging_mixin.py:149} INFO - [2025-09-19T10:43:06.107+0000] {dagbag.py:541} INFO - Filling up the DagBag from /opt/airflow/dags/my_demo_dag.py
[2025-09-19T10:43:06.479+0000] {processor.py:836} INFO - DAG(s) dict_keys(['my_first_dag_2']) retrieved from /opt/airflow/dags/my_demo_dag.py
[2025-09-19T10:43:07.255+0000] {logging_mixin.py:149} INFO - [2025-09-19T10:43:07.252+0000] {dag.py:2726} INFO - Sync 1 DAGs
[2025-09-19T10:43:08.102+0000] {logging_mixin.py:149} INFO - [2025-09-19T10:43:08.100+0000] {dag.py:3490} INFO - Setting next_dagrun for my_first_dag_2 to 2025-09-18T00:00:00+00:00, run_after=2025-09-19T00:00:00+00:00
[2025-09-19T10:43:08.727+0000] {processor.py:179} INFO - Processing /opt/airflow/dags/my_demo_dag.py took 2.738 seconds
[2025-09-19T10:43:39.810+0000] {processor.py:157} INFO - Started process (PID=19207) to work on /opt/airflow/dags/my_demo_dag.py
[2025-09-19T10:43:39.812+0000] {processor.py:826} INFO - Processing file /opt/airflow/dags/my_demo_dag.py for tasks to queue
[2025-09-19T10:43:39.813+0000] {logging_mixin.py:149} INFO - [2025-09-19T10:43:39.813+0000] {dagbag.py:541} INFO - Filling up the DagBag from /opt/airflow/dags/my_demo_dag.py
[2025-09-19T10:43:39.833+0000] {processor.py:836} INFO - DAG(s) dict_keys(['my_first_dag_2']) retrieved from /opt/airflow/dags/my_demo_dag.py
[2025-09-19T10:43:39.880+0000] {logging_mixin.py:149} INFO - [2025-09-19T10:43:39.880+0000] {dag.py:2726} INFO - Sync 1 DAGs
[2025-09-19T10:43:39.930+0000] {logging_mixin.py:149} INFO - [2025-09-19T10:43:39.930+0000] {dag.py:3490} INFO - Setting next_dagrun for my_first_dag_2 to 2025-09-18T00:00:00+00:00, run_after=2025-09-19T00:00:00+00:00
[2025-09-19T10:43:39.969+0000] {processor.py:179} INFO - Processing /opt/airflow/dags/my_demo_dag.py took 0.164 seconds
[2025-09-19T10:44:10.361+0000] {processor.py:157} INFO - Started process (PID=19488) to work on /opt/airflow/dags/my_demo_dag.py
[2025-09-19T10:44:10.363+0000] {processor.py:826} INFO - Processing file /opt/airflow/dags/my_demo_dag.py for tasks to queue
[2025-09-19T10:44:10.365+0000] {logging_mixin.py:149} INFO - [2025-09-19T10:44:10.365+0000] {dagbag.py:541} INFO - Filling up the DagBag from /opt/airflow/dags/my_demo_dag.py
[2025-09-19T10:44:10.392+0000] {processor.py:836} INFO - DAG(s) dict_keys(['my_first_dag_2']) retrieved from /opt/airflow/dags/my_demo_dag.py
[2025-09-19T10:44:10.448+0000] {logging_mixin.py:149} INFO - [2025-09-19T10:44:10.448+0000] {dag.py:2726} INFO - Sync 1 DAGs
[2025-09-19T10:44:10.487+0000] {logging_mixin.py:149} INFO - [2025-09-19T10:44:10.487+0000] {dag.py:3490} INFO - Setting next_dagrun for my_first_dag_2 to 2025-09-18T00:00:00+00:00, run_after=2025-09-19T00:00:00+00:00
[2025-09-19T10:44:10.523+0000] {processor.py:179} INFO - Processing /opt/airflow/dags/my_demo_dag.py took 0.168 seconds
