[2025-09-19T09:17:20.148+0000] {processor.py:157} INFO - Started process (PID=244) to work on /home/airflow/.local/lib/python3.7/site-packages/airflow/example_dags/example_task_group_decorator.py
[2025-09-19T09:17:20.149+0000] {processor.py:826} INFO - Processing file /home/airflow/.local/lib/python3.7/site-packages/airflow/example_dags/example_task_group_decorator.py for tasks to queue
[2025-09-19T09:17:20.150+0000] {logging_mixin.py:149} INFO - [2025-09-19T09:17:20.150+0000] {dagbag.py:541} INFO - Filling up the DagBag from /home/airflow/.local/lib/python3.7/site-packages/airflow/example_dags/example_task_group_decorator.py
[2025-09-19T09:17:20.170+0000] {processor.py:836} INFO - DAG(s) dict_keys(['example_task_group_decorator']) retrieved from /home/airflow/.local/lib/python3.7/site-packages/airflow/example_dags/example_task_group_decorator.py
[2025-09-19T09:17:20.213+0000] {logging_mixin.py:149} INFO - [2025-09-19T09:17:20.213+0000] {dag.py:2726} INFO - Sync 1 DAGs
[2025-09-19T09:17:20.242+0000] {logging_mixin.py:149} INFO - [2025-09-19T09:17:20.242+0000] {dag.py:3490} INFO - Setting next_dagrun for example_task_group_decorator to 2025-09-18T09:17:20.242237+00:00, run_after=2025-09-19T09:17:20.242237+00:00
[2025-09-19T09:17:20.265+0000] {processor.py:179} INFO - Processing /home/airflow/.local/lib/python3.7/site-packages/airflow/example_dags/example_task_group_decorator.py took 0.120 seconds
[2025-09-19T09:17:51.347+0000] {processor.py:157} INFO - Started process (PID=523) to work on /home/airflow/.local/lib/python3.7/site-packages/airflow/example_dags/example_task_group_decorator.py
[2025-09-19T09:17:51.348+0000] {processor.py:826} INFO - Processing file /home/airflow/.local/lib/python3.7/site-packages/airflow/example_dags/example_task_group_decorator.py for tasks to queue
[2025-09-19T09:17:51.350+0000] {logging_mixin.py:149} INFO - [2025-09-19T09:17:51.350+0000] {dagbag.py:541} INFO - Filling up the DagBag from /home/airflow/.local/lib/python3.7/site-packages/airflow/example_dags/example_task_group_decorator.py
[2025-09-19T09:17:51.365+0000] {processor.py:836} INFO - DAG(s) dict_keys(['example_task_group_decorator']) retrieved from /home/airflow/.local/lib/python3.7/site-packages/airflow/example_dags/example_task_group_decorator.py
[2025-09-19T09:17:51.395+0000] {logging_mixin.py:149} INFO - [2025-09-19T09:17:51.394+0000] {dag.py:2726} INFO - Sync 1 DAGs
[2025-09-19T09:17:51.535+0000] {logging_mixin.py:149} INFO - [2025-09-19T09:17:51.534+0000] {dag.py:3490} INFO - Setting next_dagrun for example_task_group_decorator to 2025-09-18T09:17:51.534491+00:00, run_after=2025-09-19T09:17:51.534491+00:00
[2025-09-19T09:17:51.558+0000] {processor.py:179} INFO - Processing /home/airflow/.local/lib/python3.7/site-packages/airflow/example_dags/example_task_group_decorator.py took 0.216 seconds
[2025-09-19T09:18:21.930+0000] {processor.py:157} INFO - Started process (PID=804) to work on /home/airflow/.local/lib/python3.7/site-packages/airflow/example_dags/example_task_group_decorator.py
[2025-09-19T09:18:21.931+0000] {processor.py:826} INFO - Processing file /home/airflow/.local/lib/python3.7/site-packages/airflow/example_dags/example_task_group_decorator.py for tasks to queue
[2025-09-19T09:18:21.932+0000] {logging_mixin.py:149} INFO - [2025-09-19T09:18:21.932+0000] {dagbag.py:541} INFO - Filling up the DagBag from /home/airflow/.local/lib/python3.7/site-packages/airflow/example_dags/example_task_group_decorator.py
[2025-09-19T09:18:21.947+0000] {processor.py:836} INFO - DAG(s) dict_keys(['example_task_group_decorator']) retrieved from /home/airflow/.local/lib/python3.7/site-packages/airflow/example_dags/example_task_group_decorator.py
[2025-09-19T09:18:21.979+0000] {logging_mixin.py:149} INFO - [2025-09-19T09:18:21.979+0000] {dag.py:2726} INFO - Sync 1 DAGs
[2025-09-19T09:18:22.009+0000] {logging_mixin.py:149} INFO - [2025-09-19T09:18:22.008+0000] {dag.py:3490} INFO - Setting next_dagrun for example_task_group_decorator to 2025-09-18T09:18:22.008719+00:00, run_after=2025-09-19T09:18:22.008719+00:00
[2025-09-19T09:18:22.030+0000] {processor.py:179} INFO - Processing /home/airflow/.local/lib/python3.7/site-packages/airflow/example_dags/example_task_group_decorator.py took 0.104 seconds
[2025-09-19T09:18:52.981+0000] {processor.py:157} INFO - Started process (PID=1085) to work on /home/airflow/.local/lib/python3.7/site-packages/airflow/example_dags/example_task_group_decorator.py
[2025-09-19T09:18:52.981+0000] {processor.py:826} INFO - Processing file /home/airflow/.local/lib/python3.7/site-packages/airflow/example_dags/example_task_group_decorator.py for tasks to queue
[2025-09-19T09:18:52.982+0000] {logging_mixin.py:149} INFO - [2025-09-19T09:18:52.982+0000] {dagbag.py:541} INFO - Filling up the DagBag from /home/airflow/.local/lib/python3.7/site-packages/airflow/example_dags/example_task_group_decorator.py
[2025-09-19T09:18:52.999+0000] {processor.py:836} INFO - DAG(s) dict_keys(['example_task_group_decorator']) retrieved from /home/airflow/.local/lib/python3.7/site-packages/airflow/example_dags/example_task_group_decorator.py
[2025-09-19T09:18:53.034+0000] {logging_mixin.py:149} INFO - [2025-09-19T09:18:53.033+0000] {dag.py:2726} INFO - Sync 1 DAGs
[2025-09-19T09:18:53.063+0000] {logging_mixin.py:149} INFO - [2025-09-19T09:18:53.063+0000] {dag.py:3490} INFO - Setting next_dagrun for example_task_group_decorator to 2025-09-18T09:18:53.063209+00:00, run_after=2025-09-19T09:18:53.063209+00:00
[2025-09-19T09:18:53.084+0000] {processor.py:179} INFO - Processing /home/airflow/.local/lib/python3.7/site-packages/airflow/example_dags/example_task_group_decorator.py took 0.107 seconds
[2025-09-19T09:19:23.730+0000] {processor.py:157} INFO - Started process (PID=1366) to work on /home/airflow/.local/lib/python3.7/site-packages/airflow/example_dags/example_task_group_decorator.py
[2025-09-19T09:19:23.731+0000] {processor.py:826} INFO - Processing file /home/airflow/.local/lib/python3.7/site-packages/airflow/example_dags/example_task_group_decorator.py for tasks to queue
[2025-09-19T09:19:23.732+0000] {logging_mixin.py:149} INFO - [2025-09-19T09:19:23.732+0000] {dagbag.py:541} INFO - Filling up the DagBag from /home/airflow/.local/lib/python3.7/site-packages/airflow/example_dags/example_task_group_decorator.py
[2025-09-19T09:19:23.748+0000] {processor.py:836} INFO - DAG(s) dict_keys(['example_task_group_decorator']) retrieved from /home/airflow/.local/lib/python3.7/site-packages/airflow/example_dags/example_task_group_decorator.py
[2025-09-19T09:19:23.781+0000] {logging_mixin.py:149} INFO - [2025-09-19T09:19:23.780+0000] {dag.py:2726} INFO - Sync 1 DAGs
[2025-09-19T09:19:23.813+0000] {logging_mixin.py:149} INFO - [2025-09-19T09:19:23.812+0000] {dag.py:3490} INFO - Setting next_dagrun for example_task_group_decorator to 2025-09-18T09:19:23.812636+00:00, run_after=2025-09-19T09:19:23.812636+00:00
[2025-09-19T09:19:23.837+0000] {processor.py:179} INFO - Processing /home/airflow/.local/lib/python3.7/site-packages/airflow/example_dags/example_task_group_decorator.py took 0.110 seconds
[2025-09-19T09:19:54.788+0000] {processor.py:157} INFO - Started process (PID=1647) to work on /home/airflow/.local/lib/python3.7/site-packages/airflow/example_dags/example_task_group_decorator.py
[2025-09-19T09:19:54.789+0000] {processor.py:826} INFO - Processing file /home/airflow/.local/lib/python3.7/site-packages/airflow/example_dags/example_task_group_decorator.py for tasks to queue
[2025-09-19T09:19:54.790+0000] {logging_mixin.py:149} INFO - [2025-09-19T09:19:54.790+0000] {dagbag.py:541} INFO - Filling up the DagBag from /home/airflow/.local/lib/python3.7/site-packages/airflow/example_dags/example_task_group_decorator.py
[2025-09-19T09:19:54.805+0000] {processor.py:836} INFO - DAG(s) dict_keys(['example_task_group_decorator']) retrieved from /home/airflow/.local/lib/python3.7/site-packages/airflow/example_dags/example_task_group_decorator.py
[2025-09-19T09:19:54.836+0000] {logging_mixin.py:149} INFO - [2025-09-19T09:19:54.836+0000] {dag.py:2726} INFO - Sync 1 DAGs
[2025-09-19T09:19:54.866+0000] {logging_mixin.py:149} INFO - [2025-09-19T09:19:54.866+0000] {dag.py:3490} INFO - Setting next_dagrun for example_task_group_decorator to 2025-09-18T09:19:54.866015+00:00, run_after=2025-09-19T09:19:54.866015+00:00
[2025-09-19T09:19:54.891+0000] {processor.py:179} INFO - Processing /home/airflow/.local/lib/python3.7/site-packages/airflow/example_dags/example_task_group_decorator.py took 0.106 seconds
[2025-09-19T09:20:25.869+0000] {processor.py:157} INFO - Started process (PID=1928) to work on /home/airflow/.local/lib/python3.7/site-packages/airflow/example_dags/example_task_group_decorator.py
[2025-09-19T09:20:25.870+0000] {processor.py:826} INFO - Processing file /home/airflow/.local/lib/python3.7/site-packages/airflow/example_dags/example_task_group_decorator.py for tasks to queue
[2025-09-19T09:20:25.872+0000] {logging_mixin.py:149} INFO - [2025-09-19T09:20:25.871+0000] {dagbag.py:541} INFO - Filling up the DagBag from /home/airflow/.local/lib/python3.7/site-packages/airflow/example_dags/example_task_group_decorator.py
[2025-09-19T09:20:25.887+0000] {processor.py:836} INFO - DAG(s) dict_keys(['example_task_group_decorator']) retrieved from /home/airflow/.local/lib/python3.7/site-packages/airflow/example_dags/example_task_group_decorator.py
[2025-09-19T09:20:25.919+0000] {logging_mixin.py:149} INFO - [2025-09-19T09:20:25.919+0000] {dag.py:2726} INFO - Sync 1 DAGs
[2025-09-19T09:20:25.947+0000] {logging_mixin.py:149} INFO - [2025-09-19T09:20:25.947+0000] {dag.py:3490} INFO - Setting next_dagrun for example_task_group_decorator to 2025-09-18T09:20:25.947006+00:00, run_after=2025-09-19T09:20:25.947006+00:00
[2025-09-19T09:20:25.968+0000] {processor.py:179} INFO - Processing /home/airflow/.local/lib/python3.7/site-packages/airflow/example_dags/example_task_group_decorator.py took 0.104 seconds
[2025-09-19T09:20:56.828+0000] {processor.py:157} INFO - Started process (PID=2209) to work on /home/airflow/.local/lib/python3.7/site-packages/airflow/example_dags/example_task_group_decorator.py
[2025-09-19T09:20:56.828+0000] {processor.py:826} INFO - Processing file /home/airflow/.local/lib/python3.7/site-packages/airflow/example_dags/example_task_group_decorator.py for tasks to queue
[2025-09-19T09:20:56.829+0000] {logging_mixin.py:149} INFO - [2025-09-19T09:20:56.829+0000] {dagbag.py:541} INFO - Filling up the DagBag from /home/airflow/.local/lib/python3.7/site-packages/airflow/example_dags/example_task_group_decorator.py
[2025-09-19T09:20:56.845+0000] {processor.py:836} INFO - DAG(s) dict_keys(['example_task_group_decorator']) retrieved from /home/airflow/.local/lib/python3.7/site-packages/airflow/example_dags/example_task_group_decorator.py
[2025-09-19T09:20:56.880+0000] {logging_mixin.py:149} INFO - [2025-09-19T09:20:56.880+0000] {dag.py:2726} INFO - Sync 1 DAGs
[2025-09-19T09:20:56.913+0000] {logging_mixin.py:149} INFO - [2025-09-19T09:20:56.913+0000] {dag.py:3490} INFO - Setting next_dagrun for example_task_group_decorator to 2025-09-18T09:20:56.912777+00:00, run_after=2025-09-19T09:20:56.912777+00:00
[2025-09-19T09:20:56.933+0000] {processor.py:179} INFO - Processing /home/airflow/.local/lib/python3.7/site-packages/airflow/example_dags/example_task_group_decorator.py took 0.109 seconds
[2025-09-19T09:21:27.418+0000] {processor.py:157} INFO - Started process (PID=2491) to work on /home/airflow/.local/lib/python3.7/site-packages/airflow/example_dags/example_task_group_decorator.py
[2025-09-19T09:21:27.419+0000] {processor.py:826} INFO - Processing file /home/airflow/.local/lib/python3.7/site-packages/airflow/example_dags/example_task_group_decorator.py for tasks to queue
[2025-09-19T09:21:27.420+0000] {logging_mixin.py:149} INFO - [2025-09-19T09:21:27.420+0000] {dagbag.py:541} INFO - Filling up the DagBag from /home/airflow/.local/lib/python3.7/site-packages/airflow/example_dags/example_task_group_decorator.py
[2025-09-19T09:21:27.437+0000] {processor.py:836} INFO - DAG(s) dict_keys(['example_task_group_decorator']) retrieved from /home/airflow/.local/lib/python3.7/site-packages/airflow/example_dags/example_task_group_decorator.py
[2025-09-19T09:21:27.473+0000] {logging_mixin.py:149} INFO - [2025-09-19T09:21:27.473+0000] {dag.py:2726} INFO - Sync 1 DAGs
[2025-09-19T09:21:27.501+0000] {logging_mixin.py:149} INFO - [2025-09-19T09:21:27.501+0000] {dag.py:3490} INFO - Setting next_dagrun for example_task_group_decorator to 2025-09-18T09:21:27.501488+00:00, run_after=2025-09-19T09:21:27.501488+00:00
[2025-09-19T09:21:27.525+0000] {processor.py:179} INFO - Processing /home/airflow/.local/lib/python3.7/site-packages/airflow/example_dags/example_task_group_decorator.py took 0.111 seconds
[2025-09-19T09:21:58.384+0000] {processor.py:157} INFO - Started process (PID=2772) to work on /home/airflow/.local/lib/python3.7/site-packages/airflow/example_dags/example_task_group_decorator.py
[2025-09-19T09:21:58.385+0000] {processor.py:826} INFO - Processing file /home/airflow/.local/lib/python3.7/site-packages/airflow/example_dags/example_task_group_decorator.py for tasks to queue
[2025-09-19T09:21:58.386+0000] {logging_mixin.py:149} INFO - [2025-09-19T09:21:58.386+0000] {dagbag.py:541} INFO - Filling up the DagBag from /home/airflow/.local/lib/python3.7/site-packages/airflow/example_dags/example_task_group_decorator.py
[2025-09-19T09:21:58.402+0000] {processor.py:836} INFO - DAG(s) dict_keys(['example_task_group_decorator']) retrieved from /home/airflow/.local/lib/python3.7/site-packages/airflow/example_dags/example_task_group_decorator.py
[2025-09-19T09:21:58.438+0000] {logging_mixin.py:149} INFO - [2025-09-19T09:21:58.438+0000] {dag.py:2726} INFO - Sync 1 DAGs
[2025-09-19T09:21:58.466+0000] {logging_mixin.py:149} INFO - [2025-09-19T09:21:58.466+0000] {dag.py:3490} INFO - Setting next_dagrun for example_task_group_decorator to 2025-09-18T09:21:58.466315+00:00, run_after=2025-09-19T09:21:58.466315+00:00
[2025-09-19T09:21:58.489+0000] {processor.py:179} INFO - Processing /home/airflow/.local/lib/python3.7/site-packages/airflow/example_dags/example_task_group_decorator.py took 0.109 seconds
[2025-09-19T09:22:29.413+0000] {processor.py:157} INFO - Started process (PID=3053) to work on /home/airflow/.local/lib/python3.7/site-packages/airflow/example_dags/example_task_group_decorator.py
[2025-09-19T09:22:29.416+0000] {processor.py:826} INFO - Processing file /home/airflow/.local/lib/python3.7/site-packages/airflow/example_dags/example_task_group_decorator.py for tasks to queue
[2025-09-19T09:22:29.417+0000] {logging_mixin.py:149} INFO - [2025-09-19T09:22:29.417+0000] {dagbag.py:541} INFO - Filling up the DagBag from /home/airflow/.local/lib/python3.7/site-packages/airflow/example_dags/example_task_group_decorator.py
[2025-09-19T09:22:29.435+0000] {processor.py:836} INFO - DAG(s) dict_keys(['example_task_group_decorator']) retrieved from /home/airflow/.local/lib/python3.7/site-packages/airflow/example_dags/example_task_group_decorator.py
[2025-09-19T09:22:29.469+0000] {logging_mixin.py:149} INFO - [2025-09-19T09:22:29.469+0000] {dag.py:2726} INFO - Sync 1 DAGs
[2025-09-19T09:22:29.500+0000] {logging_mixin.py:149} INFO - [2025-09-19T09:22:29.500+0000] {dag.py:3490} INFO - Setting next_dagrun for example_task_group_decorator to 2025-09-18T09:22:29.500104+00:00, run_after=2025-09-19T09:22:29.500104+00:00
[2025-09-19T09:22:29.522+0000] {processor.py:179} INFO - Processing /home/airflow/.local/lib/python3.7/site-packages/airflow/example_dags/example_task_group_decorator.py took 0.113 seconds
[2025-09-19T09:23:00.204+0000] {processor.py:157} INFO - Started process (PID=3334) to work on /home/airflow/.local/lib/python3.7/site-packages/airflow/example_dags/example_task_group_decorator.py
[2025-09-19T09:23:00.206+0000] {processor.py:826} INFO - Processing file /home/airflow/.local/lib/python3.7/site-packages/airflow/example_dags/example_task_group_decorator.py for tasks to queue
[2025-09-19T09:23:00.207+0000] {logging_mixin.py:149} INFO - [2025-09-19T09:23:00.207+0000] {dagbag.py:541} INFO - Filling up the DagBag from /home/airflow/.local/lib/python3.7/site-packages/airflow/example_dags/example_task_group_decorator.py
[2025-09-19T09:23:00.223+0000] {processor.py:836} INFO - DAG(s) dict_keys(['example_task_group_decorator']) retrieved from /home/airflow/.local/lib/python3.7/site-packages/airflow/example_dags/example_task_group_decorator.py
[2025-09-19T09:23:00.258+0000] {logging_mixin.py:149} INFO - [2025-09-19T09:23:00.258+0000] {dag.py:2726} INFO - Sync 1 DAGs
[2025-09-19T09:23:00.287+0000] {logging_mixin.py:149} INFO - [2025-09-19T09:23:00.287+0000] {dag.py:3490} INFO - Setting next_dagrun for example_task_group_decorator to 2025-09-18T09:23:00.287293+00:00, run_after=2025-09-19T09:23:00.287293+00:00
[2025-09-19T09:23:00.307+0000] {processor.py:179} INFO - Processing /home/airflow/.local/lib/python3.7/site-packages/airflow/example_dags/example_task_group_decorator.py took 0.107 seconds
[2025-09-19T09:23:31.396+0000] {processor.py:157} INFO - Started process (PID=3615) to work on /home/airflow/.local/lib/python3.7/site-packages/airflow/example_dags/example_task_group_decorator.py
[2025-09-19T09:23:31.398+0000] {processor.py:826} INFO - Processing file /home/airflow/.local/lib/python3.7/site-packages/airflow/example_dags/example_task_group_decorator.py for tasks to queue
[2025-09-19T09:23:31.400+0000] {logging_mixin.py:149} INFO - [2025-09-19T09:23:31.400+0000] {dagbag.py:541} INFO - Filling up the DagBag from /home/airflow/.local/lib/python3.7/site-packages/airflow/example_dags/example_task_group_decorator.py
[2025-09-19T09:23:31.417+0000] {processor.py:836} INFO - DAG(s) dict_keys(['example_task_group_decorator']) retrieved from /home/airflow/.local/lib/python3.7/site-packages/airflow/example_dags/example_task_group_decorator.py
[2025-09-19T09:23:31.451+0000] {logging_mixin.py:149} INFO - [2025-09-19T09:23:31.451+0000] {dag.py:2726} INFO - Sync 1 DAGs
[2025-09-19T09:23:31.484+0000] {logging_mixin.py:149} INFO - [2025-09-19T09:23:31.484+0000] {dag.py:3490} INFO - Setting next_dagrun for example_task_group_decorator to 2025-09-18T09:23:31.484359+00:00, run_after=2025-09-19T09:23:31.484359+00:00
[2025-09-19T09:23:31.506+0000] {processor.py:179} INFO - Processing /home/airflow/.local/lib/python3.7/site-packages/airflow/example_dags/example_task_group_decorator.py took 0.113 seconds
[2025-09-19T09:24:02.665+0000] {processor.py:157} INFO - Started process (PID=3898) to work on /home/airflow/.local/lib/python3.7/site-packages/airflow/example_dags/example_task_group_decorator.py
[2025-09-19T09:24:02.666+0000] {processor.py:826} INFO - Processing file /home/airflow/.local/lib/python3.7/site-packages/airflow/example_dags/example_task_group_decorator.py for tasks to queue
[2025-09-19T09:24:02.667+0000] {logging_mixin.py:149} INFO - [2025-09-19T09:24:02.667+0000] {dagbag.py:541} INFO - Filling up the DagBag from /home/airflow/.local/lib/python3.7/site-packages/airflow/example_dags/example_task_group_decorator.py
[2025-09-19T09:24:02.684+0000] {processor.py:836} INFO - DAG(s) dict_keys(['example_task_group_decorator']) retrieved from /home/airflow/.local/lib/python3.7/site-packages/airflow/example_dags/example_task_group_decorator.py
[2025-09-19T09:24:02.715+0000] {logging_mixin.py:149} INFO - [2025-09-19T09:24:02.715+0000] {dag.py:2726} INFO - Sync 1 DAGs
[2025-09-19T09:24:02.742+0000] {logging_mixin.py:149} INFO - [2025-09-19T09:24:02.742+0000] {dag.py:3490} INFO - Setting next_dagrun for example_task_group_decorator to 2025-09-18T09:24:02.742420+00:00, run_after=2025-09-19T09:24:02.742420+00:00
[2025-09-19T09:24:02.763+0000] {processor.py:179} INFO - Processing /home/airflow/.local/lib/python3.7/site-packages/airflow/example_dags/example_task_group_decorator.py took 0.102 seconds
[2025-09-19T09:24:33.362+0000] {processor.py:157} INFO - Started process (PID=4177) to work on /home/airflow/.local/lib/python3.7/site-packages/airflow/example_dags/example_task_group_decorator.py
[2025-09-19T09:24:33.363+0000] {processor.py:826} INFO - Processing file /home/airflow/.local/lib/python3.7/site-packages/airflow/example_dags/example_task_group_decorator.py for tasks to queue
[2025-09-19T09:24:33.363+0000] {logging_mixin.py:149} INFO - [2025-09-19T09:24:33.363+0000] {dagbag.py:541} INFO - Filling up the DagBag from /home/airflow/.local/lib/python3.7/site-packages/airflow/example_dags/example_task_group_decorator.py
[2025-09-19T09:24:33.380+0000] {processor.py:836} INFO - DAG(s) dict_keys(['example_task_group_decorator']) retrieved from /home/airflow/.local/lib/python3.7/site-packages/airflow/example_dags/example_task_group_decorator.py
[2025-09-19T09:24:33.412+0000] {logging_mixin.py:149} INFO - [2025-09-19T09:24:33.412+0000] {dag.py:2726} INFO - Sync 1 DAGs
[2025-09-19T09:24:33.442+0000] {logging_mixin.py:149} INFO - [2025-09-19T09:24:33.441+0000] {dag.py:3490} INFO - Setting next_dagrun for example_task_group_decorator to 2025-09-18T09:24:33.441687+00:00, run_after=2025-09-19T09:24:33.441687+00:00
[2025-09-19T09:24:33.463+0000] {processor.py:179} INFO - Processing /home/airflow/.local/lib/python3.7/site-packages/airflow/example_dags/example_task_group_decorator.py took 0.104 seconds
[2025-09-19T09:25:04.595+0000] {processor.py:157} INFO - Started process (PID=4458) to work on /home/airflow/.local/lib/python3.7/site-packages/airflow/example_dags/example_task_group_decorator.py
[2025-09-19T09:25:04.596+0000] {processor.py:826} INFO - Processing file /home/airflow/.local/lib/python3.7/site-packages/airflow/example_dags/example_task_group_decorator.py for tasks to queue
[2025-09-19T09:25:04.597+0000] {logging_mixin.py:149} INFO - [2025-09-19T09:25:04.597+0000] {dagbag.py:541} INFO - Filling up the DagBag from /home/airflow/.local/lib/python3.7/site-packages/airflow/example_dags/example_task_group_decorator.py
[2025-09-19T09:25:04.613+0000] {processor.py:836} INFO - DAG(s) dict_keys(['example_task_group_decorator']) retrieved from /home/airflow/.local/lib/python3.7/site-packages/airflow/example_dags/example_task_group_decorator.py
[2025-09-19T09:25:04.645+0000] {logging_mixin.py:149} INFO - [2025-09-19T09:25:04.645+0000] {dag.py:2726} INFO - Sync 1 DAGs
[2025-09-19T09:25:04.674+0000] {logging_mixin.py:149} INFO - [2025-09-19T09:25:04.674+0000] {dag.py:3490} INFO - Setting next_dagrun for example_task_group_decorator to 2025-09-18T09:25:04.674548+00:00, run_after=2025-09-19T09:25:04.674548+00:00
[2025-09-19T09:25:04.696+0000] {processor.py:179} INFO - Processing /home/airflow/.local/lib/python3.7/site-packages/airflow/example_dags/example_task_group_decorator.py took 0.104 seconds
[2025-09-19T09:25:35.457+0000] {processor.py:157} INFO - Started process (PID=4739) to work on /home/airflow/.local/lib/python3.7/site-packages/airflow/example_dags/example_task_group_decorator.py
[2025-09-19T09:25:35.457+0000] {processor.py:826} INFO - Processing file /home/airflow/.local/lib/python3.7/site-packages/airflow/example_dags/example_task_group_decorator.py for tasks to queue
[2025-09-19T09:25:35.458+0000] {logging_mixin.py:149} INFO - [2025-09-19T09:25:35.458+0000] {dagbag.py:541} INFO - Filling up the DagBag from /home/airflow/.local/lib/python3.7/site-packages/airflow/example_dags/example_task_group_decorator.py
[2025-09-19T09:25:35.474+0000] {processor.py:836} INFO - DAG(s) dict_keys(['example_task_group_decorator']) retrieved from /home/airflow/.local/lib/python3.7/site-packages/airflow/example_dags/example_task_group_decorator.py
[2025-09-19T09:25:35.505+0000] {logging_mixin.py:149} INFO - [2025-09-19T09:25:35.505+0000] {dag.py:2726} INFO - Sync 1 DAGs
[2025-09-19T09:25:35.537+0000] {logging_mixin.py:149} INFO - [2025-09-19T09:25:35.536+0000] {dag.py:3490} INFO - Setting next_dagrun for example_task_group_decorator to 2025-09-18T09:25:35.536575+00:00, run_after=2025-09-19T09:25:35.536575+00:00
[2025-09-19T09:25:35.557+0000] {processor.py:179} INFO - Processing /home/airflow/.local/lib/python3.7/site-packages/airflow/example_dags/example_task_group_decorator.py took 0.104 seconds
[2025-09-19T09:26:06.425+0000] {processor.py:157} INFO - Started process (PID=5020) to work on /home/airflow/.local/lib/python3.7/site-packages/airflow/example_dags/example_task_group_decorator.py
[2025-09-19T09:26:06.426+0000] {processor.py:826} INFO - Processing file /home/airflow/.local/lib/python3.7/site-packages/airflow/example_dags/example_task_group_decorator.py for tasks to queue
[2025-09-19T09:26:06.427+0000] {logging_mixin.py:149} INFO - [2025-09-19T09:26:06.427+0000] {dagbag.py:541} INFO - Filling up the DagBag from /home/airflow/.local/lib/python3.7/site-packages/airflow/example_dags/example_task_group_decorator.py
[2025-09-19T09:26:06.442+0000] {processor.py:836} INFO - DAG(s) dict_keys(['example_task_group_decorator']) retrieved from /home/airflow/.local/lib/python3.7/site-packages/airflow/example_dags/example_task_group_decorator.py
[2025-09-19T09:26:06.478+0000] {logging_mixin.py:149} INFO - [2025-09-19T09:26:06.477+0000] {dag.py:2726} INFO - Sync 1 DAGs
[2025-09-19T09:26:06.508+0000] {logging_mixin.py:149} INFO - [2025-09-19T09:26:06.508+0000] {dag.py:3490} INFO - Setting next_dagrun for example_task_group_decorator to 2025-09-18T09:26:06.507779+00:00, run_after=2025-09-19T09:26:06.507779+00:00
[2025-09-19T09:26:06.533+0000] {processor.py:179} INFO - Processing /home/airflow/.local/lib/python3.7/site-packages/airflow/example_dags/example_task_group_decorator.py took 0.112 seconds
[2025-09-19T09:26:37.564+0000] {processor.py:157} INFO - Started process (PID=5301) to work on /home/airflow/.local/lib/python3.7/site-packages/airflow/example_dags/example_task_group_decorator.py
[2025-09-19T09:26:37.564+0000] {processor.py:826} INFO - Processing file /home/airflow/.local/lib/python3.7/site-packages/airflow/example_dags/example_task_group_decorator.py for tasks to queue
[2025-09-19T09:26:37.565+0000] {logging_mixin.py:149} INFO - [2025-09-19T09:26:37.565+0000] {dagbag.py:541} INFO - Filling up the DagBag from /home/airflow/.local/lib/python3.7/site-packages/airflow/example_dags/example_task_group_decorator.py
[2025-09-19T09:26:37.581+0000] {processor.py:836} INFO - DAG(s) dict_keys(['example_task_group_decorator']) retrieved from /home/airflow/.local/lib/python3.7/site-packages/airflow/example_dags/example_task_group_decorator.py
[2025-09-19T09:26:37.613+0000] {logging_mixin.py:149} INFO - [2025-09-19T09:26:37.613+0000] {dag.py:2726} INFO - Sync 1 DAGs
[2025-09-19T09:26:37.641+0000] {logging_mixin.py:149} INFO - [2025-09-19T09:26:37.641+0000] {dag.py:3490} INFO - Setting next_dagrun for example_task_group_decorator to 2025-09-18T09:26:37.641148+00:00, run_after=2025-09-19T09:26:37.641148+00:00
[2025-09-19T09:26:37.662+0000] {processor.py:179} INFO - Processing /home/airflow/.local/lib/python3.7/site-packages/airflow/example_dags/example_task_group_decorator.py took 0.102 seconds
[2025-09-19T09:27:08.332+0000] {processor.py:157} INFO - Started process (PID=5582) to work on /home/airflow/.local/lib/python3.7/site-packages/airflow/example_dags/example_task_group_decorator.py
[2025-09-19T09:27:08.334+0000] {processor.py:826} INFO - Processing file /home/airflow/.local/lib/python3.7/site-packages/airflow/example_dags/example_task_group_decorator.py for tasks to queue
[2025-09-19T09:27:08.336+0000] {logging_mixin.py:149} INFO - [2025-09-19T09:27:08.336+0000] {dagbag.py:541} INFO - Filling up the DagBag from /home/airflow/.local/lib/python3.7/site-packages/airflow/example_dags/example_task_group_decorator.py
[2025-09-19T09:27:08.352+0000] {processor.py:836} INFO - DAG(s) dict_keys(['example_task_group_decorator']) retrieved from /home/airflow/.local/lib/python3.7/site-packages/airflow/example_dags/example_task_group_decorator.py
[2025-09-19T09:27:08.384+0000] {logging_mixin.py:149} INFO - [2025-09-19T09:27:08.384+0000] {dag.py:2726} INFO - Sync 1 DAGs
[2025-09-19T09:27:08.412+0000] {logging_mixin.py:149} INFO - [2025-09-19T09:27:08.412+0000] {dag.py:3490} INFO - Setting next_dagrun for example_task_group_decorator to 2025-09-18T09:27:08.412206+00:00, run_after=2025-09-19T09:27:08.412206+00:00
[2025-09-19T09:27:08.436+0000] {processor.py:179} INFO - Processing /home/airflow/.local/lib/python3.7/site-packages/airflow/example_dags/example_task_group_decorator.py took 0.107 seconds
[2025-09-19T09:27:39.306+0000] {processor.py:157} INFO - Started process (PID=5863) to work on /home/airflow/.local/lib/python3.7/site-packages/airflow/example_dags/example_task_group_decorator.py
[2025-09-19T09:27:39.307+0000] {processor.py:826} INFO - Processing file /home/airflow/.local/lib/python3.7/site-packages/airflow/example_dags/example_task_group_decorator.py for tasks to queue
[2025-09-19T09:27:39.308+0000] {logging_mixin.py:149} INFO - [2025-09-19T09:27:39.307+0000] {dagbag.py:541} INFO - Filling up the DagBag from /home/airflow/.local/lib/python3.7/site-packages/airflow/example_dags/example_task_group_decorator.py
[2025-09-19T09:27:39.323+0000] {processor.py:836} INFO - DAG(s) dict_keys(['example_task_group_decorator']) retrieved from /home/airflow/.local/lib/python3.7/site-packages/airflow/example_dags/example_task_group_decorator.py
[2025-09-19T09:27:39.355+0000] {logging_mixin.py:149} INFO - [2025-09-19T09:27:39.354+0000] {dag.py:2726} INFO - Sync 1 DAGs
[2025-09-19T09:27:39.382+0000] {logging_mixin.py:149} INFO - [2025-09-19T09:27:39.382+0000] {dag.py:3490} INFO - Setting next_dagrun for example_task_group_decorator to 2025-09-18T09:27:39.382432+00:00, run_after=2025-09-19T09:27:39.382432+00:00
[2025-09-19T09:27:39.402+0000] {processor.py:179} INFO - Processing /home/airflow/.local/lib/python3.7/site-packages/airflow/example_dags/example_task_group_decorator.py took 0.100 seconds
[2025-09-19T09:28:10.194+0000] {processor.py:157} INFO - Started process (PID=6144) to work on /home/airflow/.local/lib/python3.7/site-packages/airflow/example_dags/example_task_group_decorator.py
[2025-09-19T09:28:10.196+0000] {processor.py:826} INFO - Processing file /home/airflow/.local/lib/python3.7/site-packages/airflow/example_dags/example_task_group_decorator.py for tasks to queue
[2025-09-19T09:28:10.197+0000] {logging_mixin.py:149} INFO - [2025-09-19T09:28:10.197+0000] {dagbag.py:541} INFO - Filling up the DagBag from /home/airflow/.local/lib/python3.7/site-packages/airflow/example_dags/example_task_group_decorator.py
[2025-09-19T09:28:10.213+0000] {processor.py:836} INFO - DAG(s) dict_keys(['example_task_group_decorator']) retrieved from /home/airflow/.local/lib/python3.7/site-packages/airflow/example_dags/example_task_group_decorator.py
[2025-09-19T09:28:10.249+0000] {logging_mixin.py:149} INFO - [2025-09-19T09:28:10.249+0000] {dag.py:2726} INFO - Sync 1 DAGs
[2025-09-19T09:28:10.277+0000] {logging_mixin.py:149} INFO - [2025-09-19T09:28:10.277+0000] {dag.py:3490} INFO - Setting next_dagrun for example_task_group_decorator to 2025-09-18T09:28:10.277442+00:00, run_after=2025-09-19T09:28:10.277442+00:00
[2025-09-19T09:28:10.308+0000] {processor.py:179} INFO - Processing /home/airflow/.local/lib/python3.7/site-packages/airflow/example_dags/example_task_group_decorator.py took 0.117 seconds
[2025-09-19T09:28:41.180+0000] {processor.py:157} INFO - Started process (PID=6425) to work on /home/airflow/.local/lib/python3.7/site-packages/airflow/example_dags/example_task_group_decorator.py
[2025-09-19T09:28:41.182+0000] {processor.py:826} INFO - Processing file /home/airflow/.local/lib/python3.7/site-packages/airflow/example_dags/example_task_group_decorator.py for tasks to queue
[2025-09-19T09:28:41.183+0000] {logging_mixin.py:149} INFO - [2025-09-19T09:28:41.183+0000] {dagbag.py:541} INFO - Filling up the DagBag from /home/airflow/.local/lib/python3.7/site-packages/airflow/example_dags/example_task_group_decorator.py
[2025-09-19T09:28:41.198+0000] {processor.py:836} INFO - DAG(s) dict_keys(['example_task_group_decorator']) retrieved from /home/airflow/.local/lib/python3.7/site-packages/airflow/example_dags/example_task_group_decorator.py
[2025-09-19T09:28:41.233+0000] {logging_mixin.py:149} INFO - [2025-09-19T09:28:41.232+0000] {dag.py:2726} INFO - Sync 1 DAGs
[2025-09-19T09:28:41.264+0000] {logging_mixin.py:149} INFO - [2025-09-19T09:28:41.264+0000] {dag.py:3490} INFO - Setting next_dagrun for example_task_group_decorator to 2025-09-18T09:28:41.264558+00:00, run_after=2025-09-19T09:28:41.264558+00:00
[2025-09-19T09:28:41.289+0000] {processor.py:179} INFO - Processing /home/airflow/.local/lib/python3.7/site-packages/airflow/example_dags/example_task_group_decorator.py took 0.112 seconds
[2025-09-19T09:29:12.022+0000] {processor.py:157} INFO - Started process (PID=6706) to work on /home/airflow/.local/lib/python3.7/site-packages/airflow/example_dags/example_task_group_decorator.py
[2025-09-19T09:29:12.023+0000] {processor.py:826} INFO - Processing file /home/airflow/.local/lib/python3.7/site-packages/airflow/example_dags/example_task_group_decorator.py for tasks to queue
[2025-09-19T09:29:12.024+0000] {logging_mixin.py:149} INFO - [2025-09-19T09:29:12.024+0000] {dagbag.py:541} INFO - Filling up the DagBag from /home/airflow/.local/lib/python3.7/site-packages/airflow/example_dags/example_task_group_decorator.py
[2025-09-19T09:29:12.041+0000] {processor.py:836} INFO - DAG(s) dict_keys(['example_task_group_decorator']) retrieved from /home/airflow/.local/lib/python3.7/site-packages/airflow/example_dags/example_task_group_decorator.py
[2025-09-19T09:29:12.080+0000] {logging_mixin.py:149} INFO - [2025-09-19T09:29:12.080+0000] {dag.py:2726} INFO - Sync 1 DAGs
[2025-09-19T09:29:12.108+0000] {logging_mixin.py:149} INFO - [2025-09-19T09:29:12.108+0000] {dag.py:3490} INFO - Setting next_dagrun for example_task_group_decorator to 2025-09-18T09:29:12.107946+00:00, run_after=2025-09-19T09:29:12.107946+00:00
[2025-09-19T09:29:12.130+0000] {processor.py:179} INFO - Processing /home/airflow/.local/lib/python3.7/site-packages/airflow/example_dags/example_task_group_decorator.py took 0.111 seconds
[2025-09-19T09:29:42.842+0000] {processor.py:157} INFO - Started process (PID=6987) to work on /home/airflow/.local/lib/python3.7/site-packages/airflow/example_dags/example_task_group_decorator.py
[2025-09-19T09:29:42.843+0000] {processor.py:826} INFO - Processing file /home/airflow/.local/lib/python3.7/site-packages/airflow/example_dags/example_task_group_decorator.py for tasks to queue
[2025-09-19T09:29:42.845+0000] {logging_mixin.py:149} INFO - [2025-09-19T09:29:42.845+0000] {dagbag.py:541} INFO - Filling up the DagBag from /home/airflow/.local/lib/python3.7/site-packages/airflow/example_dags/example_task_group_decorator.py
[2025-09-19T09:29:42.861+0000] {processor.py:836} INFO - DAG(s) dict_keys(['example_task_group_decorator']) retrieved from /home/airflow/.local/lib/python3.7/site-packages/airflow/example_dags/example_task_group_decorator.py
[2025-09-19T09:29:42.893+0000] {logging_mixin.py:149} INFO - [2025-09-19T09:29:42.893+0000] {dag.py:2726} INFO - Sync 1 DAGs
[2025-09-19T09:29:42.921+0000] {logging_mixin.py:149} INFO - [2025-09-19T09:29:42.921+0000] {dag.py:3490} INFO - Setting next_dagrun for example_task_group_decorator to 2025-09-18T09:29:42.920850+00:00, run_after=2025-09-19T09:29:42.920850+00:00
[2025-09-19T09:29:42.942+0000] {processor.py:179} INFO - Processing /home/airflow/.local/lib/python3.7/site-packages/airflow/example_dags/example_task_group_decorator.py took 0.104 seconds
[2025-09-19T09:30:13.761+0000] {processor.py:157} INFO - Started process (PID=7268) to work on /home/airflow/.local/lib/python3.7/site-packages/airflow/example_dags/example_task_group_decorator.py
[2025-09-19T09:30:13.762+0000] {processor.py:826} INFO - Processing file /home/airflow/.local/lib/python3.7/site-packages/airflow/example_dags/example_task_group_decorator.py for tasks to queue
[2025-09-19T09:30:13.763+0000] {logging_mixin.py:149} INFO - [2025-09-19T09:30:13.763+0000] {dagbag.py:541} INFO - Filling up the DagBag from /home/airflow/.local/lib/python3.7/site-packages/airflow/example_dags/example_task_group_decorator.py
[2025-09-19T09:30:13.779+0000] {processor.py:836} INFO - DAG(s) dict_keys(['example_task_group_decorator']) retrieved from /home/airflow/.local/lib/python3.7/site-packages/airflow/example_dags/example_task_group_decorator.py
[2025-09-19T09:30:13.813+0000] {logging_mixin.py:149} INFO - [2025-09-19T09:30:13.812+0000] {dag.py:2726} INFO - Sync 1 DAGs
[2025-09-19T09:30:13.840+0000] {logging_mixin.py:149} INFO - [2025-09-19T09:30:13.840+0000] {dag.py:3490} INFO - Setting next_dagrun for example_task_group_decorator to 2025-09-18T09:30:13.840361+00:00, run_after=2025-09-19T09:30:13.840361+00:00
[2025-09-19T09:30:13.861+0000] {processor.py:179} INFO - Processing /home/airflow/.local/lib/python3.7/site-packages/airflow/example_dags/example_task_group_decorator.py took 0.104 seconds
[2025-09-19T09:30:44.534+0000] {processor.py:157} INFO - Started process (PID=7549) to work on /home/airflow/.local/lib/python3.7/site-packages/airflow/example_dags/example_task_group_decorator.py
[2025-09-19T09:30:44.535+0000] {processor.py:826} INFO - Processing file /home/airflow/.local/lib/python3.7/site-packages/airflow/example_dags/example_task_group_decorator.py for tasks to queue
[2025-09-19T09:30:44.536+0000] {logging_mixin.py:149} INFO - [2025-09-19T09:30:44.536+0000] {dagbag.py:541} INFO - Filling up the DagBag from /home/airflow/.local/lib/python3.7/site-packages/airflow/example_dags/example_task_group_decorator.py
[2025-09-19T09:30:44.552+0000] {processor.py:836} INFO - DAG(s) dict_keys(['example_task_group_decorator']) retrieved from /home/airflow/.local/lib/python3.7/site-packages/airflow/example_dags/example_task_group_decorator.py
[2025-09-19T09:30:44.585+0000] {logging_mixin.py:149} INFO - [2025-09-19T09:30:44.585+0000] {dag.py:2726} INFO - Sync 1 DAGs
[2025-09-19T09:30:44.618+0000] {logging_mixin.py:149} INFO - [2025-09-19T09:30:44.617+0000] {dag.py:3490} INFO - Setting next_dagrun for example_task_group_decorator to 2025-09-18T09:30:44.617624+00:00, run_after=2025-09-19T09:30:44.617624+00:00
[2025-09-19T09:30:44.646+0000] {processor.py:179} INFO - Processing /home/airflow/.local/lib/python3.7/site-packages/airflow/example_dags/example_task_group_decorator.py took 0.116 seconds
[2025-09-19T09:31:15.490+0000] {processor.py:157} INFO - Started process (PID=7830) to work on /home/airflow/.local/lib/python3.7/site-packages/airflow/example_dags/example_task_group_decorator.py
[2025-09-19T09:31:15.491+0000] {processor.py:826} INFO - Processing file /home/airflow/.local/lib/python3.7/site-packages/airflow/example_dags/example_task_group_decorator.py for tasks to queue
[2025-09-19T09:31:15.492+0000] {logging_mixin.py:149} INFO - [2025-09-19T09:31:15.491+0000] {dagbag.py:541} INFO - Filling up the DagBag from /home/airflow/.local/lib/python3.7/site-packages/airflow/example_dags/example_task_group_decorator.py
[2025-09-19T09:31:15.508+0000] {processor.py:836} INFO - DAG(s) dict_keys(['example_task_group_decorator']) retrieved from /home/airflow/.local/lib/python3.7/site-packages/airflow/example_dags/example_task_group_decorator.py
[2025-09-19T09:31:15.546+0000] {logging_mixin.py:149} INFO - [2025-09-19T09:31:15.546+0000] {dag.py:2726} INFO - Sync 1 DAGs
[2025-09-19T09:31:15.574+0000] {logging_mixin.py:149} INFO - [2025-09-19T09:31:15.574+0000] {dag.py:3490} INFO - Setting next_dagrun for example_task_group_decorator to 2025-09-18T09:31:15.574194+00:00, run_after=2025-09-19T09:31:15.574194+00:00
[2025-09-19T09:31:15.596+0000] {processor.py:179} INFO - Processing /home/airflow/.local/lib/python3.7/site-packages/airflow/example_dags/example_task_group_decorator.py took 0.109 seconds
[2025-09-19T09:31:46.486+0000] {processor.py:157} INFO - Started process (PID=8111) to work on /home/airflow/.local/lib/python3.7/site-packages/airflow/example_dags/example_task_group_decorator.py
[2025-09-19T09:31:46.487+0000] {processor.py:826} INFO - Processing file /home/airflow/.local/lib/python3.7/site-packages/airflow/example_dags/example_task_group_decorator.py for tasks to queue
[2025-09-19T09:31:46.488+0000] {logging_mixin.py:149} INFO - [2025-09-19T09:31:46.488+0000] {dagbag.py:541} INFO - Filling up the DagBag from /home/airflow/.local/lib/python3.7/site-packages/airflow/example_dags/example_task_group_decorator.py
[2025-09-19T09:31:46.504+0000] {processor.py:836} INFO - DAG(s) dict_keys(['example_task_group_decorator']) retrieved from /home/airflow/.local/lib/python3.7/site-packages/airflow/example_dags/example_task_group_decorator.py
[2025-09-19T09:31:46.536+0000] {logging_mixin.py:149} INFO - [2025-09-19T09:31:46.536+0000] {dag.py:2726} INFO - Sync 1 DAGs
[2025-09-19T09:31:46.575+0000] {logging_mixin.py:149} INFO - [2025-09-19T09:31:46.575+0000] {dag.py:3490} INFO - Setting next_dagrun for example_task_group_decorator to 2025-09-18T09:31:46.574867+00:00, run_after=2025-09-19T09:31:46.574867+00:00
[2025-09-19T09:31:46.597+0000] {processor.py:179} INFO - Processing /home/airflow/.local/lib/python3.7/site-packages/airflow/example_dags/example_task_group_decorator.py took 0.114 seconds
[2025-09-19T09:32:17.285+0000] {processor.py:157} INFO - Started process (PID=8392) to work on /home/airflow/.local/lib/python3.7/site-packages/airflow/example_dags/example_task_group_decorator.py
[2025-09-19T09:32:17.286+0000] {processor.py:826} INFO - Processing file /home/airflow/.local/lib/python3.7/site-packages/airflow/example_dags/example_task_group_decorator.py for tasks to queue
[2025-09-19T09:32:17.287+0000] {logging_mixin.py:149} INFO - [2025-09-19T09:32:17.287+0000] {dagbag.py:541} INFO - Filling up the DagBag from /home/airflow/.local/lib/python3.7/site-packages/airflow/example_dags/example_task_group_decorator.py
[2025-09-19T09:32:17.304+0000] {processor.py:836} INFO - DAG(s) dict_keys(['example_task_group_decorator']) retrieved from /home/airflow/.local/lib/python3.7/site-packages/airflow/example_dags/example_task_group_decorator.py
[2025-09-19T09:32:17.337+0000] {logging_mixin.py:149} INFO - [2025-09-19T09:32:17.337+0000] {dag.py:2726} INFO - Sync 1 DAGs
[2025-09-19T09:32:17.365+0000] {logging_mixin.py:149} INFO - [2025-09-19T09:32:17.365+0000] {dag.py:3490} INFO - Setting next_dagrun for example_task_group_decorator to 2025-09-18T09:32:17.364817+00:00, run_after=2025-09-19T09:32:17.364817+00:00
[2025-09-19T09:32:17.385+0000] {processor.py:179} INFO - Processing /home/airflow/.local/lib/python3.7/site-packages/airflow/example_dags/example_task_group_decorator.py took 0.103 seconds
[2025-09-19T09:32:48.511+0000] {processor.py:157} INFO - Started process (PID=8673) to work on /home/airflow/.local/lib/python3.7/site-packages/airflow/example_dags/example_task_group_decorator.py
[2025-09-19T09:32:48.512+0000] {processor.py:826} INFO - Processing file /home/airflow/.local/lib/python3.7/site-packages/airflow/example_dags/example_task_group_decorator.py for tasks to queue
[2025-09-19T09:32:48.512+0000] {logging_mixin.py:149} INFO - [2025-09-19T09:32:48.512+0000] {dagbag.py:541} INFO - Filling up the DagBag from /home/airflow/.local/lib/python3.7/site-packages/airflow/example_dags/example_task_group_decorator.py
[2025-09-19T09:32:48.531+0000] {processor.py:836} INFO - DAG(s) dict_keys(['example_task_group_decorator']) retrieved from /home/airflow/.local/lib/python3.7/site-packages/airflow/example_dags/example_task_group_decorator.py
[2025-09-19T09:32:48.566+0000] {logging_mixin.py:149} INFO - [2025-09-19T09:32:48.566+0000] {dag.py:2726} INFO - Sync 1 DAGs
[2025-09-19T09:32:48.595+0000] {logging_mixin.py:149} INFO - [2025-09-19T09:32:48.595+0000] {dag.py:3490} INFO - Setting next_dagrun for example_task_group_decorator to 2025-09-18T09:32:48.594688+00:00, run_after=2025-09-19T09:32:48.594688+00:00
[2025-09-19T09:32:48.617+0000] {processor.py:179} INFO - Processing /home/airflow/.local/lib/python3.7/site-packages/airflow/example_dags/example_task_group_decorator.py took 0.110 seconds
[2025-09-19T09:33:19.430+0000] {processor.py:157} INFO - Started process (PID=8954) to work on /home/airflow/.local/lib/python3.7/site-packages/airflow/example_dags/example_task_group_decorator.py
[2025-09-19T09:33:19.431+0000] {processor.py:826} INFO - Processing file /home/airflow/.local/lib/python3.7/site-packages/airflow/example_dags/example_task_group_decorator.py for tasks to queue
[2025-09-19T09:33:19.432+0000] {logging_mixin.py:149} INFO - [2025-09-19T09:33:19.432+0000] {dagbag.py:541} INFO - Filling up the DagBag from /home/airflow/.local/lib/python3.7/site-packages/airflow/example_dags/example_task_group_decorator.py
[2025-09-19T09:33:19.450+0000] {processor.py:836} INFO - DAG(s) dict_keys(['example_task_group_decorator']) retrieved from /home/airflow/.local/lib/python3.7/site-packages/airflow/example_dags/example_task_group_decorator.py
[2025-09-19T09:33:19.483+0000] {logging_mixin.py:149} INFO - [2025-09-19T09:33:19.483+0000] {dag.py:2726} INFO - Sync 1 DAGs
[2025-09-19T09:33:19.512+0000] {logging_mixin.py:149} INFO - [2025-09-19T09:33:19.512+0000] {dag.py:3490} INFO - Setting next_dagrun for example_task_group_decorator to 2025-09-18T09:33:19.511783+00:00, run_after=2025-09-19T09:33:19.511783+00:00
[2025-09-19T09:33:19.533+0000] {processor.py:179} INFO - Processing /home/airflow/.local/lib/python3.7/site-packages/airflow/example_dags/example_task_group_decorator.py took 0.107 seconds
[2025-09-19T09:33:50.116+0000] {processor.py:157} INFO - Started process (PID=9237) to work on /home/airflow/.local/lib/python3.7/site-packages/airflow/example_dags/example_task_group_decorator.py
[2025-09-19T09:33:50.117+0000] {processor.py:826} INFO - Processing file /home/airflow/.local/lib/python3.7/site-packages/airflow/example_dags/example_task_group_decorator.py for tasks to queue
[2025-09-19T09:33:50.118+0000] {logging_mixin.py:149} INFO - [2025-09-19T09:33:50.118+0000] {dagbag.py:541} INFO - Filling up the DagBag from /home/airflow/.local/lib/python3.7/site-packages/airflow/example_dags/example_task_group_decorator.py
[2025-09-19T09:33:50.134+0000] {processor.py:836} INFO - DAG(s) dict_keys(['example_task_group_decorator']) retrieved from /home/airflow/.local/lib/python3.7/site-packages/airflow/example_dags/example_task_group_decorator.py
[2025-09-19T09:33:50.169+0000] {logging_mixin.py:149} INFO - [2025-09-19T09:33:50.168+0000] {dag.py:2726} INFO - Sync 1 DAGs
[2025-09-19T09:33:50.198+0000] {logging_mixin.py:149} INFO - [2025-09-19T09:33:50.198+0000] {dag.py:3490} INFO - Setting next_dagrun for example_task_group_decorator to 2025-09-18T09:33:50.197603+00:00, run_after=2025-09-19T09:33:50.197603+00:00
[2025-09-19T09:33:50.219+0000] {processor.py:179} INFO - Processing /home/airflow/.local/lib/python3.7/site-packages/airflow/example_dags/example_task_group_decorator.py took 0.107 seconds
[2025-09-19T09:34:21.015+0000] {processor.py:157} INFO - Started process (PID=9516) to work on /home/airflow/.local/lib/python3.7/site-packages/airflow/example_dags/example_task_group_decorator.py
[2025-09-19T09:34:21.016+0000] {processor.py:826} INFO - Processing file /home/airflow/.local/lib/python3.7/site-packages/airflow/example_dags/example_task_group_decorator.py for tasks to queue
[2025-09-19T09:34:21.017+0000] {logging_mixin.py:149} INFO - [2025-09-19T09:34:21.017+0000] {dagbag.py:541} INFO - Filling up the DagBag from /home/airflow/.local/lib/python3.7/site-packages/airflow/example_dags/example_task_group_decorator.py
[2025-09-19T09:34:21.032+0000] {processor.py:836} INFO - DAG(s) dict_keys(['example_task_group_decorator']) retrieved from /home/airflow/.local/lib/python3.7/site-packages/airflow/example_dags/example_task_group_decorator.py
[2025-09-19T09:34:21.064+0000] {logging_mixin.py:149} INFO - [2025-09-19T09:34:21.064+0000] {dag.py:2726} INFO - Sync 1 DAGs
[2025-09-19T09:34:21.092+0000] {logging_mixin.py:149} INFO - [2025-09-19T09:34:21.092+0000] {dag.py:3490} INFO - Setting next_dagrun for example_task_group_decorator to 2025-09-18T09:34:21.091995+00:00, run_after=2025-09-19T09:34:21.091995+00:00
[2025-09-19T09:34:21.115+0000] {processor.py:179} INFO - Processing /home/airflow/.local/lib/python3.7/site-packages/airflow/example_dags/example_task_group_decorator.py took 0.103 seconds
[2025-09-19T09:34:51.988+0000] {processor.py:157} INFO - Started process (PID=9797) to work on /home/airflow/.local/lib/python3.7/site-packages/airflow/example_dags/example_task_group_decorator.py
[2025-09-19T09:34:51.989+0000] {processor.py:826} INFO - Processing file /home/airflow/.local/lib/python3.7/site-packages/airflow/example_dags/example_task_group_decorator.py for tasks to queue
[2025-09-19T09:34:51.990+0000] {logging_mixin.py:149} INFO - [2025-09-19T09:34:51.990+0000] {dagbag.py:541} INFO - Filling up the DagBag from /home/airflow/.local/lib/python3.7/site-packages/airflow/example_dags/example_task_group_decorator.py
[2025-09-19T09:34:52.008+0000] {processor.py:836} INFO - DAG(s) dict_keys(['example_task_group_decorator']) retrieved from /home/airflow/.local/lib/python3.7/site-packages/airflow/example_dags/example_task_group_decorator.py
[2025-09-19T09:34:52.044+0000] {logging_mixin.py:149} INFO - [2025-09-19T09:34:52.044+0000] {dag.py:2726} INFO - Sync 1 DAGs
[2025-09-19T09:34:52.072+0000] {logging_mixin.py:149} INFO - [2025-09-19T09:34:52.072+0000] {dag.py:3490} INFO - Setting next_dagrun for example_task_group_decorator to 2025-09-18T09:34:52.072505+00:00, run_after=2025-09-19T09:34:52.072505+00:00
[2025-09-19T09:34:52.093+0000] {processor.py:179} INFO - Processing /home/airflow/.local/lib/python3.7/site-packages/airflow/example_dags/example_task_group_decorator.py took 0.108 seconds
[2025-09-19T09:35:23.186+0000] {processor.py:157} INFO - Started process (PID=10085) to work on /home/airflow/.local/lib/python3.7/site-packages/airflow/example_dags/example_task_group_decorator.py
[2025-09-19T09:35:23.188+0000] {processor.py:826} INFO - Processing file /home/airflow/.local/lib/python3.7/site-packages/airflow/example_dags/example_task_group_decorator.py for tasks to queue
[2025-09-19T09:35:23.188+0000] {logging_mixin.py:149} INFO - [2025-09-19T09:35:23.188+0000] {dagbag.py:541} INFO - Filling up the DagBag from /home/airflow/.local/lib/python3.7/site-packages/airflow/example_dags/example_task_group_decorator.py
[2025-09-19T09:35:23.204+0000] {processor.py:836} INFO - DAG(s) dict_keys(['example_task_group_decorator']) retrieved from /home/airflow/.local/lib/python3.7/site-packages/airflow/example_dags/example_task_group_decorator.py
[2025-09-19T09:35:23.236+0000] {logging_mixin.py:149} INFO - [2025-09-19T09:35:23.236+0000] {dag.py:2726} INFO - Sync 1 DAGs
[2025-09-19T09:35:23.264+0000] {logging_mixin.py:149} INFO - [2025-09-19T09:35:23.264+0000] {dag.py:3490} INFO - Setting next_dagrun for example_task_group_decorator to 2025-09-18T09:35:23.264112+00:00, run_after=2025-09-19T09:35:23.264112+00:00
[2025-09-19T09:35:23.285+0000] {processor.py:179} INFO - Processing /home/airflow/.local/lib/python3.7/site-packages/airflow/example_dags/example_task_group_decorator.py took 0.102 seconds
[2025-09-19T09:35:53.938+0000] {processor.py:157} INFO - Started process (PID=10366) to work on /home/airflow/.local/lib/python3.7/site-packages/airflow/example_dags/example_task_group_decorator.py
[2025-09-19T09:35:53.939+0000] {processor.py:826} INFO - Processing file /home/airflow/.local/lib/python3.7/site-packages/airflow/example_dags/example_task_group_decorator.py for tasks to queue
[2025-09-19T09:35:53.939+0000] {logging_mixin.py:149} INFO - [2025-09-19T09:35:53.939+0000] {dagbag.py:541} INFO - Filling up the DagBag from /home/airflow/.local/lib/python3.7/site-packages/airflow/example_dags/example_task_group_decorator.py
[2025-09-19T09:35:53.956+0000] {processor.py:836} INFO - DAG(s) dict_keys(['example_task_group_decorator']) retrieved from /home/airflow/.local/lib/python3.7/site-packages/airflow/example_dags/example_task_group_decorator.py
[2025-09-19T09:35:53.988+0000] {logging_mixin.py:149} INFO - [2025-09-19T09:35:53.988+0000] {dag.py:2726} INFO - Sync 1 DAGs
[2025-09-19T09:35:54.017+0000] {logging_mixin.py:149} INFO - [2025-09-19T09:35:54.016+0000] {dag.py:3490} INFO - Setting next_dagrun for example_task_group_decorator to 2025-09-18T09:35:54.016495+00:00, run_after=2025-09-19T09:35:54.016495+00:00
[2025-09-19T09:35:54.037+0000] {processor.py:179} INFO - Processing /home/airflow/.local/lib/python3.7/site-packages/airflow/example_dags/example_task_group_decorator.py took 0.103 seconds
[2025-09-19T09:36:24.719+0000] {processor.py:157} INFO - Started process (PID=10647) to work on /home/airflow/.local/lib/python3.7/site-packages/airflow/example_dags/example_task_group_decorator.py
[2025-09-19T09:36:24.720+0000] {processor.py:826} INFO - Processing file /home/airflow/.local/lib/python3.7/site-packages/airflow/example_dags/example_task_group_decorator.py for tasks to queue
[2025-09-19T09:36:24.722+0000] {logging_mixin.py:149} INFO - [2025-09-19T09:36:24.721+0000] {dagbag.py:541} INFO - Filling up the DagBag from /home/airflow/.local/lib/python3.7/site-packages/airflow/example_dags/example_task_group_decorator.py
[2025-09-19T09:36:24.739+0000] {processor.py:836} INFO - DAG(s) dict_keys(['example_task_group_decorator']) retrieved from /home/airflow/.local/lib/python3.7/site-packages/airflow/example_dags/example_task_group_decorator.py
[2025-09-19T09:36:24.773+0000] {logging_mixin.py:149} INFO - [2025-09-19T09:36:24.773+0000] {dag.py:2726} INFO - Sync 1 DAGs
[2025-09-19T09:36:24.800+0000] {logging_mixin.py:149} INFO - [2025-09-19T09:36:24.800+0000] {dag.py:3490} INFO - Setting next_dagrun for example_task_group_decorator to 2025-09-18T09:36:24.800536+00:00, run_after=2025-09-19T09:36:24.800536+00:00
[2025-09-19T09:36:24.821+0000] {processor.py:179} INFO - Processing /home/airflow/.local/lib/python3.7/site-packages/airflow/example_dags/example_task_group_decorator.py took 0.107 seconds
[2025-09-19T09:36:55.660+0000] {processor.py:157} INFO - Started process (PID=10928) to work on /home/airflow/.local/lib/python3.7/site-packages/airflow/example_dags/example_task_group_decorator.py
[2025-09-19T09:36:55.661+0000] {processor.py:826} INFO - Processing file /home/airflow/.local/lib/python3.7/site-packages/airflow/example_dags/example_task_group_decorator.py for tasks to queue
[2025-09-19T09:36:55.662+0000] {logging_mixin.py:149} INFO - [2025-09-19T09:36:55.661+0000] {dagbag.py:541} INFO - Filling up the DagBag from /home/airflow/.local/lib/python3.7/site-packages/airflow/example_dags/example_task_group_decorator.py
[2025-09-19T09:36:55.681+0000] {processor.py:836} INFO - DAG(s) dict_keys(['example_task_group_decorator']) retrieved from /home/airflow/.local/lib/python3.7/site-packages/airflow/example_dags/example_task_group_decorator.py
[2025-09-19T09:36:55.713+0000] {logging_mixin.py:149} INFO - [2025-09-19T09:36:55.713+0000] {dag.py:2726} INFO - Sync 1 DAGs
[2025-09-19T09:36:55.741+0000] {logging_mixin.py:149} INFO - [2025-09-19T09:36:55.741+0000] {dag.py:3490} INFO - Setting next_dagrun for example_task_group_decorator to 2025-09-18T09:36:55.740932+00:00, run_after=2025-09-19T09:36:55.740932+00:00
[2025-09-19T09:36:55.761+0000] {processor.py:179} INFO - Processing /home/airflow/.local/lib/python3.7/site-packages/airflow/example_dags/example_task_group_decorator.py took 0.104 seconds
[2025-09-19T09:37:26.283+0000] {processor.py:157} INFO - Started process (PID=11209) to work on /home/airflow/.local/lib/python3.7/site-packages/airflow/example_dags/example_task_group_decorator.py
[2025-09-19T09:37:26.284+0000] {processor.py:826} INFO - Processing file /home/airflow/.local/lib/python3.7/site-packages/airflow/example_dags/example_task_group_decorator.py for tasks to queue
[2025-09-19T09:37:26.285+0000] {logging_mixin.py:149} INFO - [2025-09-19T09:37:26.285+0000] {dagbag.py:541} INFO - Filling up the DagBag from /home/airflow/.local/lib/python3.7/site-packages/airflow/example_dags/example_task_group_decorator.py
[2025-09-19T09:37:26.301+0000] {processor.py:836} INFO - DAG(s) dict_keys(['example_task_group_decorator']) retrieved from /home/airflow/.local/lib/python3.7/site-packages/airflow/example_dags/example_task_group_decorator.py
[2025-09-19T09:37:26.332+0000] {logging_mixin.py:149} INFO - [2025-09-19T09:37:26.332+0000] {dag.py:2726} INFO - Sync 1 DAGs
[2025-09-19T09:37:26.364+0000] {logging_mixin.py:149} INFO - [2025-09-19T09:37:26.364+0000] {dag.py:3490} INFO - Setting next_dagrun for example_task_group_decorator to 2025-09-18T09:37:26.364367+00:00, run_after=2025-09-19T09:37:26.364367+00:00
[2025-09-19T09:37:26.385+0000] {processor.py:179} INFO - Processing /home/airflow/.local/lib/python3.7/site-packages/airflow/example_dags/example_task_group_decorator.py took 0.106 seconds
[2025-09-19T09:37:57.736+0000] {processor.py:157} INFO - Started process (PID=11490) to work on /home/airflow/.local/lib/python3.7/site-packages/airflow/example_dags/example_task_group_decorator.py
[2025-09-19T09:37:57.737+0000] {processor.py:826} INFO - Processing file /home/airflow/.local/lib/python3.7/site-packages/airflow/example_dags/example_task_group_decorator.py for tasks to queue
[2025-09-19T09:37:57.738+0000] {logging_mixin.py:149} INFO - [2025-09-19T09:37:57.738+0000] {dagbag.py:541} INFO - Filling up the DagBag from /home/airflow/.local/lib/python3.7/site-packages/airflow/example_dags/example_task_group_decorator.py
[2025-09-19T09:37:57.754+0000] {processor.py:836} INFO - DAG(s) dict_keys(['example_task_group_decorator']) retrieved from /home/airflow/.local/lib/python3.7/site-packages/airflow/example_dags/example_task_group_decorator.py
[2025-09-19T09:37:57.787+0000] {logging_mixin.py:149} INFO - [2025-09-19T09:37:57.786+0000] {dag.py:2726} INFO - Sync 1 DAGs
[2025-09-19T09:37:57.814+0000] {logging_mixin.py:149} INFO - [2025-09-19T09:37:57.814+0000] {dag.py:3490} INFO - Setting next_dagrun for example_task_group_decorator to 2025-09-18T09:37:57.814176+00:00, run_after=2025-09-19T09:37:57.814176+00:00
[2025-09-19T09:37:57.834+0000] {processor.py:179} INFO - Processing /home/airflow/.local/lib/python3.7/site-packages/airflow/example_dags/example_task_group_decorator.py took 0.103 seconds
[2025-09-19T09:38:28.694+0000] {processor.py:157} INFO - Started process (PID=11771) to work on /home/airflow/.local/lib/python3.7/site-packages/airflow/example_dags/example_task_group_decorator.py
[2025-09-19T09:38:28.695+0000] {processor.py:826} INFO - Processing file /home/airflow/.local/lib/python3.7/site-packages/airflow/example_dags/example_task_group_decorator.py for tasks to queue
[2025-09-19T09:38:28.696+0000] {logging_mixin.py:149} INFO - [2025-09-19T09:38:28.696+0000] {dagbag.py:541} INFO - Filling up the DagBag from /home/airflow/.local/lib/python3.7/site-packages/airflow/example_dags/example_task_group_decorator.py
[2025-09-19T09:38:28.713+0000] {processor.py:836} INFO - DAG(s) dict_keys(['example_task_group_decorator']) retrieved from /home/airflow/.local/lib/python3.7/site-packages/airflow/example_dags/example_task_group_decorator.py
[2025-09-19T09:38:28.747+0000] {logging_mixin.py:149} INFO - [2025-09-19T09:38:28.746+0000] {dag.py:2726} INFO - Sync 1 DAGs
[2025-09-19T09:38:28.774+0000] {logging_mixin.py:149} INFO - [2025-09-19T09:38:28.774+0000] {dag.py:3490} INFO - Setting next_dagrun for example_task_group_decorator to 2025-09-18T09:38:28.773841+00:00, run_after=2025-09-19T09:38:28.773841+00:00
[2025-09-19T09:38:28.796+0000] {processor.py:179} INFO - Processing /home/airflow/.local/lib/python3.7/site-packages/airflow/example_dags/example_task_group_decorator.py took 0.106 seconds
[2025-09-19T09:38:59.673+0000] {processor.py:157} INFO - Started process (PID=12052) to work on /home/airflow/.local/lib/python3.7/site-packages/airflow/example_dags/example_task_group_decorator.py
[2025-09-19T09:38:59.674+0000] {processor.py:826} INFO - Processing file /home/airflow/.local/lib/python3.7/site-packages/airflow/example_dags/example_task_group_decorator.py for tasks to queue
[2025-09-19T09:38:59.675+0000] {logging_mixin.py:149} INFO - [2025-09-19T09:38:59.675+0000] {dagbag.py:541} INFO - Filling up the DagBag from /home/airflow/.local/lib/python3.7/site-packages/airflow/example_dags/example_task_group_decorator.py
[2025-09-19T09:38:59.691+0000] {processor.py:836} INFO - DAG(s) dict_keys(['example_task_group_decorator']) retrieved from /home/airflow/.local/lib/python3.7/site-packages/airflow/example_dags/example_task_group_decorator.py
[2025-09-19T09:38:59.725+0000] {logging_mixin.py:149} INFO - [2025-09-19T09:38:59.725+0000] {dag.py:2726} INFO - Sync 1 DAGs
[2025-09-19T09:38:59.754+0000] {logging_mixin.py:149} INFO - [2025-09-19T09:38:59.754+0000] {dag.py:3490} INFO - Setting next_dagrun for example_task_group_decorator to 2025-09-18T09:38:59.754171+00:00, run_after=2025-09-19T09:38:59.754171+00:00
[2025-09-19T09:38:59.778+0000] {processor.py:179} INFO - Processing /home/airflow/.local/lib/python3.7/site-packages/airflow/example_dags/example_task_group_decorator.py took 0.109 seconds
[2025-09-19T09:39:30.804+0000] {processor.py:157} INFO - Started process (PID=12333) to work on /home/airflow/.local/lib/python3.7/site-packages/airflow/example_dags/example_task_group_decorator.py
[2025-09-19T09:39:30.805+0000] {processor.py:826} INFO - Processing file /home/airflow/.local/lib/python3.7/site-packages/airflow/example_dags/example_task_group_decorator.py for tasks to queue
[2025-09-19T09:39:30.809+0000] {logging_mixin.py:149} INFO - [2025-09-19T09:39:30.809+0000] {dagbag.py:541} INFO - Filling up the DagBag from /home/airflow/.local/lib/python3.7/site-packages/airflow/example_dags/example_task_group_decorator.py
[2025-09-19T09:39:30.825+0000] {processor.py:836} INFO - DAG(s) dict_keys(['example_task_group_decorator']) retrieved from /home/airflow/.local/lib/python3.7/site-packages/airflow/example_dags/example_task_group_decorator.py
[2025-09-19T09:39:30.868+0000] {logging_mixin.py:149} INFO - [2025-09-19T09:39:30.868+0000] {dag.py:2726} INFO - Sync 1 DAGs
[2025-09-19T09:39:30.908+0000] {logging_mixin.py:149} INFO - [2025-09-19T09:39:30.908+0000] {dag.py:3490} INFO - Setting next_dagrun for example_task_group_decorator to 2025-09-18T09:39:30.907895+00:00, run_after=2025-09-19T09:39:30.907895+00:00
[2025-09-19T09:39:30.938+0000] {processor.py:179} INFO - Processing /home/airflow/.local/lib/python3.7/site-packages/airflow/example_dags/example_task_group_decorator.py took 0.138 seconds
[2025-09-19T09:40:01.910+0000] {processor.py:157} INFO - Started process (PID=12616) to work on /home/airflow/.local/lib/python3.7/site-packages/airflow/example_dags/example_task_group_decorator.py
[2025-09-19T09:40:01.910+0000] {processor.py:826} INFO - Processing file /home/airflow/.local/lib/python3.7/site-packages/airflow/example_dags/example_task_group_decorator.py for tasks to queue
[2025-09-19T09:40:01.911+0000] {logging_mixin.py:149} INFO - [2025-09-19T09:40:01.911+0000] {dagbag.py:541} INFO - Filling up the DagBag from /home/airflow/.local/lib/python3.7/site-packages/airflow/example_dags/example_task_group_decorator.py
[2025-09-19T09:40:01.927+0000] {processor.py:836} INFO - DAG(s) dict_keys(['example_task_group_decorator']) retrieved from /home/airflow/.local/lib/python3.7/site-packages/airflow/example_dags/example_task_group_decorator.py
[2025-09-19T09:40:01.958+0000] {logging_mixin.py:149} INFO - [2025-09-19T09:40:01.958+0000] {dag.py:2726} INFO - Sync 1 DAGs
[2025-09-19T09:40:01.985+0000] {logging_mixin.py:149} INFO - [2025-09-19T09:40:01.985+0000] {dag.py:3490} INFO - Setting next_dagrun for example_task_group_decorator to 2025-09-18T09:40:01.985100+00:00, run_after=2025-09-19T09:40:01.985100+00:00
[2025-09-19T09:40:02.006+0000] {processor.py:179} INFO - Processing /home/airflow/.local/lib/python3.7/site-packages/airflow/example_dags/example_task_group_decorator.py took 0.100 seconds
[2025-09-19T09:40:32.593+0000] {processor.py:157} INFO - Started process (PID=12897) to work on /home/airflow/.local/lib/python3.7/site-packages/airflow/example_dags/example_task_group_decorator.py
[2025-09-19T09:40:32.594+0000] {processor.py:826} INFO - Processing file /home/airflow/.local/lib/python3.7/site-packages/airflow/example_dags/example_task_group_decorator.py for tasks to queue
[2025-09-19T09:40:32.595+0000] {logging_mixin.py:149} INFO - [2025-09-19T09:40:32.595+0000] {dagbag.py:541} INFO - Filling up the DagBag from /home/airflow/.local/lib/python3.7/site-packages/airflow/example_dags/example_task_group_decorator.py
[2025-09-19T09:40:32.610+0000] {processor.py:836} INFO - DAG(s) dict_keys(['example_task_group_decorator']) retrieved from /home/airflow/.local/lib/python3.7/site-packages/airflow/example_dags/example_task_group_decorator.py
[2025-09-19T09:40:32.642+0000] {logging_mixin.py:149} INFO - [2025-09-19T09:40:32.642+0000] {dag.py:2726} INFO - Sync 1 DAGs
[2025-09-19T09:40:32.670+0000] {logging_mixin.py:149} INFO - [2025-09-19T09:40:32.670+0000] {dag.py:3490} INFO - Setting next_dagrun for example_task_group_decorator to 2025-09-18T09:40:32.669797+00:00, run_after=2025-09-19T09:40:32.669797+00:00
[2025-09-19T09:40:32.693+0000] {processor.py:179} INFO - Processing /home/airflow/.local/lib/python3.7/site-packages/airflow/example_dags/example_task_group_decorator.py took 0.103 seconds
[2025-09-19T09:41:03.355+0000] {processor.py:157} INFO - Started process (PID=13178) to work on /home/airflow/.local/lib/python3.7/site-packages/airflow/example_dags/example_task_group_decorator.py
[2025-09-19T09:41:03.356+0000] {processor.py:826} INFO - Processing file /home/airflow/.local/lib/python3.7/site-packages/airflow/example_dags/example_task_group_decorator.py for tasks to queue
[2025-09-19T09:41:03.357+0000] {logging_mixin.py:149} INFO - [2025-09-19T09:41:03.357+0000] {dagbag.py:541} INFO - Filling up the DagBag from /home/airflow/.local/lib/python3.7/site-packages/airflow/example_dags/example_task_group_decorator.py
[2025-09-19T09:41:03.373+0000] {processor.py:836} INFO - DAG(s) dict_keys(['example_task_group_decorator']) retrieved from /home/airflow/.local/lib/python3.7/site-packages/airflow/example_dags/example_task_group_decorator.py
[2025-09-19T09:41:03.404+0000] {logging_mixin.py:149} INFO - [2025-09-19T09:41:03.404+0000] {dag.py:2726} INFO - Sync 1 DAGs
[2025-09-19T09:41:03.432+0000] {logging_mixin.py:149} INFO - [2025-09-19T09:41:03.432+0000] {dag.py:3490} INFO - Setting next_dagrun for example_task_group_decorator to 2025-09-18T09:41:03.432354+00:00, run_after=2025-09-19T09:41:03.432354+00:00
[2025-09-19T09:41:03.454+0000] {processor.py:179} INFO - Processing /home/airflow/.local/lib/python3.7/site-packages/airflow/example_dags/example_task_group_decorator.py took 0.103 seconds
[2025-09-19T09:41:34.104+0000] {processor.py:157} INFO - Started process (PID=13458) to work on /home/airflow/.local/lib/python3.7/site-packages/airflow/example_dags/example_task_group_decorator.py
[2025-09-19T09:41:34.106+0000] {processor.py:826} INFO - Processing file /home/airflow/.local/lib/python3.7/site-packages/airflow/example_dags/example_task_group_decorator.py for tasks to queue
[2025-09-19T09:41:34.106+0000] {logging_mixin.py:149} INFO - [2025-09-19T09:41:34.106+0000] {dagbag.py:541} INFO - Filling up the DagBag from /home/airflow/.local/lib/python3.7/site-packages/airflow/example_dags/example_task_group_decorator.py
[2025-09-19T09:41:34.122+0000] {processor.py:836} INFO - DAG(s) dict_keys(['example_task_group_decorator']) retrieved from /home/airflow/.local/lib/python3.7/site-packages/airflow/example_dags/example_task_group_decorator.py
[2025-09-19T09:41:34.154+0000] {logging_mixin.py:149} INFO - [2025-09-19T09:41:34.154+0000] {dag.py:2726} INFO - Sync 1 DAGs
[2025-09-19T09:41:34.181+0000] {logging_mixin.py:149} INFO - [2025-09-19T09:41:34.181+0000] {dag.py:3490} INFO - Setting next_dagrun for example_task_group_decorator to 2025-09-18T09:41:34.181276+00:00, run_after=2025-09-19T09:41:34.181276+00:00
[2025-09-19T09:41:34.202+0000] {processor.py:179} INFO - Processing /home/airflow/.local/lib/python3.7/site-packages/airflow/example_dags/example_task_group_decorator.py took 0.101 seconds
[2025-09-19T09:42:04.731+0000] {processor.py:157} INFO - Started process (PID=13737) to work on /home/airflow/.local/lib/python3.7/site-packages/airflow/example_dags/example_task_group_decorator.py
[2025-09-19T09:42:04.732+0000] {processor.py:826} INFO - Processing file /home/airflow/.local/lib/python3.7/site-packages/airflow/example_dags/example_task_group_decorator.py for tasks to queue
[2025-09-19T09:42:04.732+0000] {logging_mixin.py:149} INFO - [2025-09-19T09:42:04.732+0000] {dagbag.py:541} INFO - Filling up the DagBag from /home/airflow/.local/lib/python3.7/site-packages/airflow/example_dags/example_task_group_decorator.py
[2025-09-19T09:42:04.748+0000] {processor.py:836} INFO - DAG(s) dict_keys(['example_task_group_decorator']) retrieved from /home/airflow/.local/lib/python3.7/site-packages/airflow/example_dags/example_task_group_decorator.py
[2025-09-19T09:42:04.782+0000] {logging_mixin.py:149} INFO - [2025-09-19T09:42:04.782+0000] {dag.py:2726} INFO - Sync 1 DAGs
[2025-09-19T09:42:04.813+0000] {logging_mixin.py:149} INFO - [2025-09-19T09:42:04.813+0000] {dag.py:3490} INFO - Setting next_dagrun for example_task_group_decorator to 2025-09-18T09:42:04.813526+00:00, run_after=2025-09-19T09:42:04.813526+00:00
[2025-09-19T09:42:04.834+0000] {processor.py:179} INFO - Processing /home/airflow/.local/lib/python3.7/site-packages/airflow/example_dags/example_task_group_decorator.py took 0.107 seconds
[2025-09-19T09:42:35.659+0000] {processor.py:157} INFO - Started process (PID=14018) to work on /home/airflow/.local/lib/python3.7/site-packages/airflow/example_dags/example_task_group_decorator.py
[2025-09-19T09:42:35.660+0000] {processor.py:826} INFO - Processing file /home/airflow/.local/lib/python3.7/site-packages/airflow/example_dags/example_task_group_decorator.py for tasks to queue
[2025-09-19T09:42:35.661+0000] {logging_mixin.py:149} INFO - [2025-09-19T09:42:35.661+0000] {dagbag.py:541} INFO - Filling up the DagBag from /home/airflow/.local/lib/python3.7/site-packages/airflow/example_dags/example_task_group_decorator.py
[2025-09-19T09:42:35.676+0000] {processor.py:836} INFO - DAG(s) dict_keys(['example_task_group_decorator']) retrieved from /home/airflow/.local/lib/python3.7/site-packages/airflow/example_dags/example_task_group_decorator.py
[2025-09-19T09:42:35.711+0000] {logging_mixin.py:149} INFO - [2025-09-19T09:42:35.710+0000] {dag.py:2726} INFO - Sync 1 DAGs
[2025-09-19T09:42:35.747+0000] {logging_mixin.py:149} INFO - [2025-09-19T09:42:35.747+0000] {dag.py:3490} INFO - Setting next_dagrun for example_task_group_decorator to 2025-09-18T09:42:35.747263+00:00, run_after=2025-09-19T09:42:35.747263+00:00
[2025-09-19T09:42:35.772+0000] {processor.py:179} INFO - Processing /home/airflow/.local/lib/python3.7/site-packages/airflow/example_dags/example_task_group_decorator.py took 0.117 seconds
[2025-09-19T09:43:06.680+0000] {processor.py:157} INFO - Started process (PID=14299) to work on /home/airflow/.local/lib/python3.7/site-packages/airflow/example_dags/example_task_group_decorator.py
[2025-09-19T09:43:06.681+0000] {processor.py:826} INFO - Processing file /home/airflow/.local/lib/python3.7/site-packages/airflow/example_dags/example_task_group_decorator.py for tasks to queue
[2025-09-19T09:43:06.682+0000] {logging_mixin.py:149} INFO - [2025-09-19T09:43:06.682+0000] {dagbag.py:541} INFO - Filling up the DagBag from /home/airflow/.local/lib/python3.7/site-packages/airflow/example_dags/example_task_group_decorator.py
[2025-09-19T09:43:06.706+0000] {processor.py:836} INFO - DAG(s) dict_keys(['example_task_group_decorator']) retrieved from /home/airflow/.local/lib/python3.7/site-packages/airflow/example_dags/example_task_group_decorator.py
[2025-09-19T09:43:06.746+0000] {logging_mixin.py:149} INFO - [2025-09-19T09:43:06.745+0000] {dag.py:2726} INFO - Sync 1 DAGs
[2025-09-19T09:43:06.774+0000] {logging_mixin.py:149} INFO - [2025-09-19T09:43:06.773+0000] {dag.py:3490} INFO - Setting next_dagrun for example_task_group_decorator to 2025-09-18T09:43:06.773544+00:00, run_after=2025-09-19T09:43:06.773544+00:00
[2025-09-19T09:43:06.797+0000] {processor.py:179} INFO - Processing /home/airflow/.local/lib/python3.7/site-packages/airflow/example_dags/example_task_group_decorator.py took 0.121 seconds
[2025-09-19T09:43:37.318+0000] {processor.py:157} INFO - Started process (PID=14580) to work on /home/airflow/.local/lib/python3.7/site-packages/airflow/example_dags/example_task_group_decorator.py
[2025-09-19T09:43:37.319+0000] {processor.py:826} INFO - Processing file /home/airflow/.local/lib/python3.7/site-packages/airflow/example_dags/example_task_group_decorator.py for tasks to queue
[2025-09-19T09:43:37.319+0000] {logging_mixin.py:149} INFO - [2025-09-19T09:43:37.319+0000] {dagbag.py:541} INFO - Filling up the DagBag from /home/airflow/.local/lib/python3.7/site-packages/airflow/example_dags/example_task_group_decorator.py
[2025-09-19T09:43:37.335+0000] {processor.py:836} INFO - DAG(s) dict_keys(['example_task_group_decorator']) retrieved from /home/airflow/.local/lib/python3.7/site-packages/airflow/example_dags/example_task_group_decorator.py
[2025-09-19T09:43:37.370+0000] {logging_mixin.py:149} INFO - [2025-09-19T09:43:37.369+0000] {dag.py:2726} INFO - Sync 1 DAGs
[2025-09-19T09:43:37.399+0000] {logging_mixin.py:149} INFO - [2025-09-19T09:43:37.399+0000] {dag.py:3490} INFO - Setting next_dagrun for example_task_group_decorator to 2025-09-18T09:43:37.398834+00:00, run_after=2025-09-19T09:43:37.398834+00:00
[2025-09-19T09:43:37.419+0000] {processor.py:179} INFO - Processing /home/airflow/.local/lib/python3.7/site-packages/airflow/example_dags/example_task_group_decorator.py took 0.105 seconds
[2025-09-19T09:44:08.264+0000] {processor.py:157} INFO - Started process (PID=14861) to work on /home/airflow/.local/lib/python3.7/site-packages/airflow/example_dags/example_task_group_decorator.py
[2025-09-19T09:44:08.265+0000] {processor.py:826} INFO - Processing file /home/airflow/.local/lib/python3.7/site-packages/airflow/example_dags/example_task_group_decorator.py for tasks to queue
[2025-09-19T09:44:08.267+0000] {logging_mixin.py:149} INFO - [2025-09-19T09:44:08.267+0000] {dagbag.py:541} INFO - Filling up the DagBag from /home/airflow/.local/lib/python3.7/site-packages/airflow/example_dags/example_task_group_decorator.py
[2025-09-19T09:44:08.282+0000] {processor.py:836} INFO - DAG(s) dict_keys(['example_task_group_decorator']) retrieved from /home/airflow/.local/lib/python3.7/site-packages/airflow/example_dags/example_task_group_decorator.py
[2025-09-19T09:44:08.319+0000] {logging_mixin.py:149} INFO - [2025-09-19T09:44:08.319+0000] {dag.py:2726} INFO - Sync 1 DAGs
[2025-09-19T09:44:08.349+0000] {logging_mixin.py:149} INFO - [2025-09-19T09:44:08.349+0000] {dag.py:3490} INFO - Setting next_dagrun for example_task_group_decorator to 2025-09-18T09:44:08.348918+00:00, run_after=2025-09-19T09:44:08.348918+00:00
[2025-09-19T09:44:08.369+0000] {processor.py:179} INFO - Processing /home/airflow/.local/lib/python3.7/site-packages/airflow/example_dags/example_task_group_decorator.py took 0.108 seconds
[2025-09-19T09:44:39.160+0000] {processor.py:157} INFO - Started process (PID=15142) to work on /home/airflow/.local/lib/python3.7/site-packages/airflow/example_dags/example_task_group_decorator.py
[2025-09-19T09:44:39.160+0000] {processor.py:826} INFO - Processing file /home/airflow/.local/lib/python3.7/site-packages/airflow/example_dags/example_task_group_decorator.py for tasks to queue
[2025-09-19T09:44:39.161+0000] {logging_mixin.py:149} INFO - [2025-09-19T09:44:39.161+0000] {dagbag.py:541} INFO - Filling up the DagBag from /home/airflow/.local/lib/python3.7/site-packages/airflow/example_dags/example_task_group_decorator.py
[2025-09-19T09:44:39.177+0000] {processor.py:836} INFO - DAG(s) dict_keys(['example_task_group_decorator']) retrieved from /home/airflow/.local/lib/python3.7/site-packages/airflow/example_dags/example_task_group_decorator.py
[2025-09-19T09:44:39.213+0000] {logging_mixin.py:149} INFO - [2025-09-19T09:44:39.213+0000] {dag.py:2726} INFO - Sync 1 DAGs
[2025-09-19T09:44:39.241+0000] {logging_mixin.py:149} INFO - [2025-09-19T09:44:39.241+0000] {dag.py:3490} INFO - Setting next_dagrun for example_task_group_decorator to 2025-09-18T09:44:39.241184+00:00, run_after=2025-09-19T09:44:39.241184+00:00
[2025-09-19T09:44:39.268+0000] {processor.py:179} INFO - Processing /home/airflow/.local/lib/python3.7/site-packages/airflow/example_dags/example_task_group_decorator.py took 0.112 seconds
[2025-09-19T09:45:10.420+0000] {processor.py:157} INFO - Started process (PID=15423) to work on /home/airflow/.local/lib/python3.7/site-packages/airflow/example_dags/example_task_group_decorator.py
[2025-09-19T09:45:10.421+0000] {processor.py:826} INFO - Processing file /home/airflow/.local/lib/python3.7/site-packages/airflow/example_dags/example_task_group_decorator.py for tasks to queue
[2025-09-19T09:45:10.423+0000] {logging_mixin.py:149} INFO - [2025-09-19T09:45:10.423+0000] {dagbag.py:541} INFO - Filling up the DagBag from /home/airflow/.local/lib/python3.7/site-packages/airflow/example_dags/example_task_group_decorator.py
[2025-09-19T09:45:10.440+0000] {processor.py:836} INFO - DAG(s) dict_keys(['example_task_group_decorator']) retrieved from /home/airflow/.local/lib/python3.7/site-packages/airflow/example_dags/example_task_group_decorator.py
[2025-09-19T09:45:10.473+0000] {logging_mixin.py:149} INFO - [2025-09-19T09:45:10.472+0000] {dag.py:2726} INFO - Sync 1 DAGs
[2025-09-19T09:45:10.503+0000] {logging_mixin.py:149} INFO - [2025-09-19T09:45:10.503+0000] {dag.py:3490} INFO - Setting next_dagrun for example_task_group_decorator to 2025-09-18T09:45:10.503195+00:00, run_after=2025-09-19T09:45:10.503195+00:00
[2025-09-19T09:45:10.523+0000] {processor.py:179} INFO - Processing /home/airflow/.local/lib/python3.7/site-packages/airflow/example_dags/example_task_group_decorator.py took 0.107 seconds
[2025-09-19T09:45:41.561+0000] {processor.py:157} INFO - Started process (PID=15705) to work on /home/airflow/.local/lib/python3.7/site-packages/airflow/example_dags/example_task_group_decorator.py
[2025-09-19T09:45:41.561+0000] {processor.py:826} INFO - Processing file /home/airflow/.local/lib/python3.7/site-packages/airflow/example_dags/example_task_group_decorator.py for tasks to queue
[2025-09-19T09:45:41.562+0000] {logging_mixin.py:149} INFO - [2025-09-19T09:45:41.562+0000] {dagbag.py:541} INFO - Filling up the DagBag from /home/airflow/.local/lib/python3.7/site-packages/airflow/example_dags/example_task_group_decorator.py
[2025-09-19T09:45:41.578+0000] {processor.py:836} INFO - DAG(s) dict_keys(['example_task_group_decorator']) retrieved from /home/airflow/.local/lib/python3.7/site-packages/airflow/example_dags/example_task_group_decorator.py
[2025-09-19T09:45:41.613+0000] {logging_mixin.py:149} INFO - [2025-09-19T09:45:41.613+0000] {dag.py:2726} INFO - Sync 1 DAGs
[2025-09-19T09:45:41.644+0000] {logging_mixin.py:149} INFO - [2025-09-19T09:45:41.644+0000] {dag.py:3490} INFO - Setting next_dagrun for example_task_group_decorator to 2025-09-18T09:45:41.643909+00:00, run_after=2025-09-19T09:45:41.643909+00:00
[2025-09-19T09:45:41.665+0000] {processor.py:179} INFO - Processing /home/airflow/.local/lib/python3.7/site-packages/airflow/example_dags/example_task_group_decorator.py took 0.108 seconds
[2025-09-19T09:46:12.467+0000] {processor.py:157} INFO - Started process (PID=15986) to work on /home/airflow/.local/lib/python3.7/site-packages/airflow/example_dags/example_task_group_decorator.py
[2025-09-19T09:46:12.469+0000] {processor.py:826} INFO - Processing file /home/airflow/.local/lib/python3.7/site-packages/airflow/example_dags/example_task_group_decorator.py for tasks to queue
[2025-09-19T09:46:12.470+0000] {logging_mixin.py:149} INFO - [2025-09-19T09:46:12.470+0000] {dagbag.py:541} INFO - Filling up the DagBag from /home/airflow/.local/lib/python3.7/site-packages/airflow/example_dags/example_task_group_decorator.py
[2025-09-19T09:46:12.485+0000] {processor.py:836} INFO - DAG(s) dict_keys(['example_task_group_decorator']) retrieved from /home/airflow/.local/lib/python3.7/site-packages/airflow/example_dags/example_task_group_decorator.py
[2025-09-19T09:46:12.542+0000] {logging_mixin.py:149} INFO - [2025-09-19T09:46:12.542+0000] {dag.py:2726} INFO - Sync 1 DAGs
[2025-09-19T09:46:12.569+0000] {logging_mixin.py:149} INFO - [2025-09-19T09:46:12.569+0000] {dag.py:3490} INFO - Setting next_dagrun for example_task_group_decorator to 2025-09-18T09:46:12.569180+00:00, run_after=2025-09-19T09:46:12.569180+00:00
[2025-09-19T09:46:12.589+0000] {processor.py:179} INFO - Processing /home/airflow/.local/lib/python3.7/site-packages/airflow/example_dags/example_task_group_decorator.py took 0.126 seconds
[2025-09-19T09:46:43.159+0000] {processor.py:157} INFO - Started process (PID=16267) to work on /home/airflow/.local/lib/python3.7/site-packages/airflow/example_dags/example_task_group_decorator.py
[2025-09-19T09:46:43.161+0000] {processor.py:826} INFO - Processing file /home/airflow/.local/lib/python3.7/site-packages/airflow/example_dags/example_task_group_decorator.py for tasks to queue
[2025-09-19T09:46:43.163+0000] {logging_mixin.py:149} INFO - [2025-09-19T09:46:43.162+0000] {dagbag.py:541} INFO - Filling up the DagBag from /home/airflow/.local/lib/python3.7/site-packages/airflow/example_dags/example_task_group_decorator.py
[2025-09-19T09:46:43.179+0000] {processor.py:836} INFO - DAG(s) dict_keys(['example_task_group_decorator']) retrieved from /home/airflow/.local/lib/python3.7/site-packages/airflow/example_dags/example_task_group_decorator.py
[2025-09-19T09:46:43.210+0000] {logging_mixin.py:149} INFO - [2025-09-19T09:46:43.210+0000] {dag.py:2726} INFO - Sync 1 DAGs
[2025-09-19T09:46:43.238+0000] {logging_mixin.py:149} INFO - [2025-09-19T09:46:43.238+0000] {dag.py:3490} INFO - Setting next_dagrun for example_task_group_decorator to 2025-09-18T09:46:43.237827+00:00, run_after=2025-09-19T09:46:43.237827+00:00
[2025-09-19T09:46:43.259+0000] {processor.py:179} INFO - Processing /home/airflow/.local/lib/python3.7/site-packages/airflow/example_dags/example_task_group_decorator.py took 0.105 seconds
[2025-09-19T09:47:14.003+0000] {processor.py:157} INFO - Started process (PID=16548) to work on /home/airflow/.local/lib/python3.7/site-packages/airflow/example_dags/example_task_group_decorator.py
[2025-09-19T09:47:14.005+0000] {processor.py:826} INFO - Processing file /home/airflow/.local/lib/python3.7/site-packages/airflow/example_dags/example_task_group_decorator.py for tasks to queue
[2025-09-19T09:47:14.006+0000] {logging_mixin.py:149} INFO - [2025-09-19T09:47:14.006+0000] {dagbag.py:541} INFO - Filling up the DagBag from /home/airflow/.local/lib/python3.7/site-packages/airflow/example_dags/example_task_group_decorator.py
[2025-09-19T09:47:14.022+0000] {processor.py:836} INFO - DAG(s) dict_keys(['example_task_group_decorator']) retrieved from /home/airflow/.local/lib/python3.7/site-packages/airflow/example_dags/example_task_group_decorator.py
[2025-09-19T09:47:14.056+0000] {logging_mixin.py:149} INFO - [2025-09-19T09:47:14.056+0000] {dag.py:2726} INFO - Sync 1 DAGs
[2025-09-19T09:47:14.088+0000] {logging_mixin.py:149} INFO - [2025-09-19T09:47:14.088+0000] {dag.py:3490} INFO - Setting next_dagrun for example_task_group_decorator to 2025-09-18T09:47:14.088182+00:00, run_after=2025-09-19T09:47:14.088182+00:00
[2025-09-19T09:47:14.109+0000] {processor.py:179} INFO - Processing /home/airflow/.local/lib/python3.7/site-packages/airflow/example_dags/example_task_group_decorator.py took 0.110 seconds
[2025-09-19T09:47:44.848+0000] {processor.py:157} INFO - Started process (PID=16829) to work on /home/airflow/.local/lib/python3.7/site-packages/airflow/example_dags/example_task_group_decorator.py
[2025-09-19T09:47:44.849+0000] {processor.py:826} INFO - Processing file /home/airflow/.local/lib/python3.7/site-packages/airflow/example_dags/example_task_group_decorator.py for tasks to queue
[2025-09-19T09:47:44.851+0000] {logging_mixin.py:149} INFO - [2025-09-19T09:47:44.850+0000] {dagbag.py:541} INFO - Filling up the DagBag from /home/airflow/.local/lib/python3.7/site-packages/airflow/example_dags/example_task_group_decorator.py
[2025-09-19T09:47:44.867+0000] {processor.py:836} INFO - DAG(s) dict_keys(['example_task_group_decorator']) retrieved from /home/airflow/.local/lib/python3.7/site-packages/airflow/example_dags/example_task_group_decorator.py
[2025-09-19T09:47:44.904+0000] {logging_mixin.py:149} INFO - [2025-09-19T09:47:44.904+0000] {dag.py:2726} INFO - Sync 1 DAGs
[2025-09-19T09:47:44.933+0000] {logging_mixin.py:149} INFO - [2025-09-19T09:47:44.933+0000] {dag.py:3490} INFO - Setting next_dagrun for example_task_group_decorator to 2025-09-18T09:47:44.933380+00:00, run_after=2025-09-19T09:47:44.933380+00:00
[2025-09-19T09:47:44.958+0000] {processor.py:179} INFO - Processing /home/airflow/.local/lib/python3.7/site-packages/airflow/example_dags/example_task_group_decorator.py took 0.113 seconds
[2025-09-19T10:02:32.739+0000] {processor.py:157} INFO - Started process (PID=17118) to work on /home/airflow/.local/lib/python3.7/site-packages/airflow/example_dags/example_task_group_decorator.py
[2025-09-19T10:02:32.741+0000] {processor.py:826} INFO - Processing file /home/airflow/.local/lib/python3.7/site-packages/airflow/example_dags/example_task_group_decorator.py for tasks to queue
[2025-09-19T10:02:32.743+0000] {logging_mixin.py:149} INFO - [2025-09-19T10:02:32.743+0000] {dagbag.py:541} INFO - Filling up the DagBag from /home/airflow/.local/lib/python3.7/site-packages/airflow/example_dags/example_task_group_decorator.py
[2025-09-19T10:02:32.777+0000] {processor.py:836} INFO - DAG(s) dict_keys(['example_task_group_decorator']) retrieved from /home/airflow/.local/lib/python3.7/site-packages/airflow/example_dags/example_task_group_decorator.py
[2025-09-19T10:02:32.842+0000] {logging_mixin.py:149} INFO - [2025-09-19T10:02:32.842+0000] {dag.py:2726} INFO - Sync 1 DAGs
[2025-09-19T10:02:32.902+0000] {logging_mixin.py:149} INFO - [2025-09-19T10:02:32.902+0000] {dag.py:3490} INFO - Setting next_dagrun for example_task_group_decorator to 2025-09-18T10:02:32.902196+00:00, run_after=2025-09-19T10:02:32.902196+00:00
[2025-09-19T10:02:32.946+0000] {processor.py:179} INFO - Processing /home/airflow/.local/lib/python3.7/site-packages/airflow/example_dags/example_task_group_decorator.py took 0.214 seconds
[2025-09-19T10:03:03.700+0000] {processor.py:157} INFO - Started process (PID=17399) to work on /home/airflow/.local/lib/python3.7/site-packages/airflow/example_dags/example_task_group_decorator.py
[2025-09-19T10:03:03.701+0000] {processor.py:826} INFO - Processing file /home/airflow/.local/lib/python3.7/site-packages/airflow/example_dags/example_task_group_decorator.py for tasks to queue
[2025-09-19T10:03:03.702+0000] {logging_mixin.py:149} INFO - [2025-09-19T10:03:03.702+0000] {dagbag.py:541} INFO - Filling up the DagBag from /home/airflow/.local/lib/python3.7/site-packages/airflow/example_dags/example_task_group_decorator.py
[2025-09-19T10:03:03.720+0000] {processor.py:836} INFO - DAG(s) dict_keys(['example_task_group_decorator']) retrieved from /home/airflow/.local/lib/python3.7/site-packages/airflow/example_dags/example_task_group_decorator.py
[2025-09-19T10:03:03.758+0000] {logging_mixin.py:149} INFO - [2025-09-19T10:03:03.757+0000] {dag.py:2726} INFO - Sync 1 DAGs
[2025-09-19T10:03:03.799+0000] {logging_mixin.py:149} INFO - [2025-09-19T10:03:03.798+0000] {dag.py:3490} INFO - Setting next_dagrun for example_task_group_decorator to 2025-09-18T10:03:03.798438+00:00, run_after=2025-09-19T10:03:03.798438+00:00
[2025-09-19T10:03:03.826+0000] {processor.py:179} INFO - Processing /home/airflow/.local/lib/python3.7/site-packages/airflow/example_dags/example_task_group_decorator.py took 0.129 seconds
[2025-09-19T10:18:56.571+0000] {processor.py:157} INFO - Started process (PID=17567) to work on /home/airflow/.local/lib/python3.7/site-packages/airflow/example_dags/example_task_group_decorator.py
[2025-09-19T10:18:56.572+0000] {processor.py:826} INFO - Processing file /home/airflow/.local/lib/python3.7/site-packages/airflow/example_dags/example_task_group_decorator.py for tasks to queue
[2025-09-19T10:18:56.573+0000] {logging_mixin.py:149} INFO - [2025-09-19T10:18:56.573+0000] {dagbag.py:541} INFO - Filling up the DagBag from /home/airflow/.local/lib/python3.7/site-packages/airflow/example_dags/example_task_group_decorator.py
[2025-09-19T10:18:56.592+0000] {processor.py:836} INFO - DAG(s) dict_keys(['example_task_group_decorator']) retrieved from /home/airflow/.local/lib/python3.7/site-packages/airflow/example_dags/example_task_group_decorator.py
[2025-09-19T10:18:56.629+0000] {logging_mixin.py:149} INFO - [2025-09-19T10:18:56.629+0000] {dag.py:2726} INFO - Sync 1 DAGs
[2025-09-19T10:18:56.664+0000] {logging_mixin.py:149} INFO - [2025-09-19T10:18:56.663+0000] {dag.py:3490} INFO - Setting next_dagrun for example_task_group_decorator to 2025-09-18T10:18:56.663720+00:00, run_after=2025-09-19T10:18:56.663720+00:00
[2025-09-19T10:18:56.694+0000] {processor.py:179} INFO - Processing /home/airflow/.local/lib/python3.7/site-packages/airflow/example_dags/example_task_group_decorator.py took 0.126 seconds
[2025-09-19T10:24:39.331+0000] {processor.py:157} INFO - Started process (PID=17826) to work on /home/airflow/.local/lib/python3.7/site-packages/airflow/example_dags/example_task_group_decorator.py
[2025-09-19T10:24:39.333+0000] {processor.py:826} INFO - Processing file /home/airflow/.local/lib/python3.7/site-packages/airflow/example_dags/example_task_group_decorator.py for tasks to queue
[2025-09-19T10:24:39.334+0000] {logging_mixin.py:149} INFO - [2025-09-19T10:24:39.334+0000] {dagbag.py:541} INFO - Filling up the DagBag from /home/airflow/.local/lib/python3.7/site-packages/airflow/example_dags/example_task_group_decorator.py
[2025-09-19T10:24:39.355+0000] {processor.py:836} INFO - DAG(s) dict_keys(['example_task_group_decorator']) retrieved from /home/airflow/.local/lib/python3.7/site-packages/airflow/example_dags/example_task_group_decorator.py
[2025-09-19T10:24:39.400+0000] {logging_mixin.py:149} INFO - [2025-09-19T10:24:39.400+0000] {dag.py:2726} INFO - Sync 1 DAGs
[2025-09-19T10:24:39.441+0000] {logging_mixin.py:149} INFO - [2025-09-19T10:24:39.440+0000] {dag.py:3490} INFO - Setting next_dagrun for example_task_group_decorator to 2025-09-18T10:24:39.440650+00:00, run_after=2025-09-19T10:24:39.440650+00:00
[2025-09-19T10:24:39.472+0000] {processor.py:179} INFO - Processing /home/airflow/.local/lib/python3.7/site-packages/airflow/example_dags/example_task_group_decorator.py took 0.146 seconds
[2025-09-19T10:26:33.064+0000] {processor.py:157} INFO - Started process (PID=18107) to work on /home/airflow/.local/lib/python3.7/site-packages/airflow/example_dags/example_task_group_decorator.py
[2025-09-19T10:26:33.065+0000] {processor.py:826} INFO - Processing file /home/airflow/.local/lib/python3.7/site-packages/airflow/example_dags/example_task_group_decorator.py for tasks to queue
[2025-09-19T10:26:33.067+0000] {logging_mixin.py:149} INFO - [2025-09-19T10:26:33.067+0000] {dagbag.py:541} INFO - Filling up the DagBag from /home/airflow/.local/lib/python3.7/site-packages/airflow/example_dags/example_task_group_decorator.py
[2025-09-19T10:26:33.091+0000] {processor.py:836} INFO - DAG(s) dict_keys(['example_task_group_decorator']) retrieved from /home/airflow/.local/lib/python3.7/site-packages/airflow/example_dags/example_task_group_decorator.py
[2025-09-19T10:26:33.144+0000] {logging_mixin.py:149} INFO - [2025-09-19T10:26:33.143+0000] {dag.py:2726} INFO - Sync 1 DAGs
[2025-09-19T10:26:33.196+0000] {logging_mixin.py:149} INFO - [2025-09-19T10:26:33.196+0000] {dag.py:3490} INFO - Setting next_dagrun for example_task_group_decorator to 2025-09-18T10:26:33.196289+00:00, run_after=2025-09-19T10:26:33.196289+00:00
[2025-09-19T10:26:33.232+0000] {processor.py:179} INFO - Processing /home/airflow/.local/lib/python3.7/site-packages/airflow/example_dags/example_task_group_decorator.py took 0.174 seconds
[2025-09-19T10:27:32.158+0000] {processor.py:157} INFO - Started process (PID=18389) to work on /home/airflow/.local/lib/python3.7/site-packages/airflow/example_dags/example_task_group_decorator.py
[2025-09-19T10:27:32.176+0000] {processor.py:826} INFO - Processing file /home/airflow/.local/lib/python3.7/site-packages/airflow/example_dags/example_task_group_decorator.py for tasks to queue
[2025-09-19T10:27:32.190+0000] {logging_mixin.py:149} INFO - [2025-09-19T10:27:32.188+0000] {dagbag.py:541} INFO - Filling up the DagBag from /home/airflow/.local/lib/python3.7/site-packages/airflow/example_dags/example_task_group_decorator.py
[2025-09-19T10:27:32.402+0000] {processor.py:836} INFO - DAG(s) dict_keys(['example_task_group_decorator']) retrieved from /home/airflow/.local/lib/python3.7/site-packages/airflow/example_dags/example_task_group_decorator.py
[2025-09-19T10:27:32.882+0000] {logging_mixin.py:149} INFO - [2025-09-19T10:27:32.880+0000] {dag.py:2726} INFO - Sync 1 DAGs
[2025-09-19T10:27:33.165+0000] {logging_mixin.py:149} INFO - [2025-09-19T10:27:33.164+0000] {dag.py:3490} INFO - Setting next_dagrun for example_task_group_decorator to 2025-09-18T10:27:33.163204+00:00, run_after=2025-09-19T10:27:33.163204+00:00
[2025-09-19T10:27:33.335+0000] {processor.py:179} INFO - Processing /home/airflow/.local/lib/python3.7/site-packages/airflow/example_dags/example_task_group_decorator.py took 1.247 seconds
[2025-09-19T10:42:20.158+0000] {processor.py:157} INFO - Started process (PID=18684) to work on /home/airflow/.local/lib/python3.7/site-packages/airflow/example_dags/example_task_group_decorator.py
[2025-09-19T10:42:20.162+0000] {processor.py:826} INFO - Processing file /home/airflow/.local/lib/python3.7/site-packages/airflow/example_dags/example_task_group_decorator.py for tasks to queue
[2025-09-19T10:42:20.163+0000] {logging_mixin.py:149} INFO - [2025-09-19T10:42:20.163+0000] {dagbag.py:541} INFO - Filling up the DagBag from /home/airflow/.local/lib/python3.7/site-packages/airflow/example_dags/example_task_group_decorator.py
[2025-09-19T10:42:20.207+0000] {processor.py:836} INFO - DAG(s) dict_keys(['example_task_group_decorator']) retrieved from /home/airflow/.local/lib/python3.7/site-packages/airflow/example_dags/example_task_group_decorator.py
[2025-09-19T10:42:20.293+0000] {logging_mixin.py:149} INFO - [2025-09-19T10:42:20.293+0000] {dag.py:2726} INFO - Sync 1 DAGs
[2025-09-19T10:42:20.356+0000] {logging_mixin.py:149} INFO - [2025-09-19T10:42:20.356+0000] {dag.py:3490} INFO - Setting next_dagrun for example_task_group_decorator to 2025-09-18T10:42:20.355808+00:00, run_after=2025-09-19T10:42:20.355808+00:00
[2025-09-19T10:42:20.412+0000] {processor.py:179} INFO - Processing /home/airflow/.local/lib/python3.7/site-packages/airflow/example_dags/example_task_group_decorator.py took 0.260 seconds
[2025-09-19T10:43:18.792+0000] {processor.py:157} INFO - Started process (PID=18965) to work on /home/airflow/.local/lib/python3.7/site-packages/airflow/example_dags/example_task_group_decorator.py
[2025-09-19T10:43:18.811+0000] {processor.py:826} INFO - Processing file /home/airflow/.local/lib/python3.7/site-packages/airflow/example_dags/example_task_group_decorator.py for tasks to queue
[2025-09-19T10:43:18.829+0000] {logging_mixin.py:149} INFO - [2025-09-19T10:43:18.824+0000] {dagbag.py:541} INFO - Filling up the DagBag from /home/airflow/.local/lib/python3.7/site-packages/airflow/example_dags/example_task_group_decorator.py
[2025-09-19T10:43:19.043+0000] {processor.py:836} INFO - DAG(s) dict_keys(['example_task_group_decorator']) retrieved from /home/airflow/.local/lib/python3.7/site-packages/airflow/example_dags/example_task_group_decorator.py
[2025-09-19T10:43:19.349+0000] {logging_mixin.py:149} INFO - [2025-09-19T10:43:19.349+0000] {dag.py:2726} INFO - Sync 1 DAGs
[2025-09-19T10:43:19.640+0000] {logging_mixin.py:149} INFO - [2025-09-19T10:43:19.639+0000] {dag.py:3490} INFO - Setting next_dagrun for example_task_group_decorator to 2025-09-18T10:43:19.638410+00:00, run_after=2025-09-19T10:43:19.638410+00:00
[2025-09-19T10:43:19.896+0000] {processor.py:179} INFO - Processing /home/airflow/.local/lib/python3.7/site-packages/airflow/example_dags/example_task_group_decorator.py took 1.154 seconds
[2025-09-19T10:43:50.243+0000] {processor.py:157} INFO - Started process (PID=19251) to work on /home/airflow/.local/lib/python3.7/site-packages/airflow/example_dags/example_task_group_decorator.py
[2025-09-19T10:43:50.249+0000] {processor.py:826} INFO - Processing file /home/airflow/.local/lib/python3.7/site-packages/airflow/example_dags/example_task_group_decorator.py for tasks to queue
[2025-09-19T10:43:50.252+0000] {logging_mixin.py:149} INFO - [2025-09-19T10:43:50.251+0000] {dagbag.py:541} INFO - Filling up the DagBag from /home/airflow/.local/lib/python3.7/site-packages/airflow/example_dags/example_task_group_decorator.py
[2025-09-19T10:43:50.313+0000] {processor.py:836} INFO - DAG(s) dict_keys(['example_task_group_decorator']) retrieved from /home/airflow/.local/lib/python3.7/site-packages/airflow/example_dags/example_task_group_decorator.py
[2025-09-19T10:43:50.422+0000] {logging_mixin.py:149} INFO - [2025-09-19T10:43:50.421+0000] {dag.py:2726} INFO - Sync 1 DAGs
[2025-09-19T10:43:50.482+0000] {logging_mixin.py:149} INFO - [2025-09-19T10:43:50.482+0000] {dag.py:3490} INFO - Setting next_dagrun for example_task_group_decorator to 2025-09-18T10:43:50.481706+00:00, run_after=2025-09-19T10:43:50.481706+00:00
[2025-09-19T10:43:50.620+0000] {processor.py:179} INFO - Processing /home/airflow/.local/lib/python3.7/site-packages/airflow/example_dags/example_task_group_decorator.py took 0.469 seconds
[2025-09-19T10:44:20.934+0000] {processor.py:157} INFO - Started process (PID=19533) to work on /home/airflow/.local/lib/python3.7/site-packages/airflow/example_dags/example_task_group_decorator.py
[2025-09-19T10:44:20.935+0000] {processor.py:826} INFO - Processing file /home/airflow/.local/lib/python3.7/site-packages/airflow/example_dags/example_task_group_decorator.py for tasks to queue
[2025-09-19T10:44:20.938+0000] {logging_mixin.py:149} INFO - [2025-09-19T10:44:20.938+0000] {dagbag.py:541} INFO - Filling up the DagBag from /home/airflow/.local/lib/python3.7/site-packages/airflow/example_dags/example_task_group_decorator.py
[2025-09-19T10:44:20.958+0000] {processor.py:836} INFO - DAG(s) dict_keys(['example_task_group_decorator']) retrieved from /home/airflow/.local/lib/python3.7/site-packages/airflow/example_dags/example_task_group_decorator.py
[2025-09-19T10:44:20.994+0000] {logging_mixin.py:149} INFO - [2025-09-19T10:44:20.994+0000] {dag.py:2726} INFO - Sync 1 DAGs
[2025-09-19T10:44:21.029+0000] {logging_mixin.py:149} INFO - [2025-09-19T10:44:21.028+0000] {dag.py:3490} INFO - Setting next_dagrun for example_task_group_decorator to 2025-09-18T10:44:21.028439+00:00, run_after=2025-09-19T10:44:21.028439+00:00
[2025-09-19T10:44:21.062+0000] {processor.py:179} INFO - Processing /home/airflow/.local/lib/python3.7/site-packages/airflow/example_dags/example_task_group_decorator.py took 0.132 seconds
