[2025-09-19T09:17:24.403+0000] {processor.py:157} INFO - Started process (PID=337) to work on /home/airflow/.local/lib/python3.7/site-packages/airflow/example_dags/example_sensors.py
[2025-09-19T09:17:24.407+0000] {processor.py:826} INFO - Processing file /home/airflow/.local/lib/python3.7/site-packages/airflow/example_dags/example_sensors.py for tasks to queue
[2025-09-19T09:17:24.409+0000] {logging_mixin.py:149} INFO - [2025-09-19T09:17:24.409+0000] {dagbag.py:541} INFO - Filling up the DagBag from /home/airflow/.local/lib/python3.7/site-packages/airflow/example_dags/example_sensors.py
[2025-09-19T09:17:24.438+0000] {processor.py:836} INFO - DAG(s) dict_keys(['example_sensors']) retrieved from /home/airflow/.local/lib/python3.7/site-packages/airflow/example_dags/example_sensors.py
[2025-09-19T09:17:24.536+0000] {logging_mixin.py:149} INFO - [2025-09-19T09:17:24.535+0000] {dag.py:2726} INFO - Sync 1 DAGs
[2025-09-19T09:17:24.656+0000] {logging_mixin.py:149} INFO - [2025-09-19T09:17:24.655+0000] {dag.py:3490} INFO - Setting next_dagrun for example_sensors to None, run_after=None
[2025-09-19T09:17:24.727+0000] {processor.py:179} INFO - Processing /home/airflow/.local/lib/python3.7/site-packages/airflow/example_dags/example_sensors.py took 0.334 seconds
[2025-09-19T09:17:55.457+0000] {processor.py:157} INFO - Started process (PID=618) to work on /home/airflow/.local/lib/python3.7/site-packages/airflow/example_dags/example_sensors.py
[2025-09-19T09:17:55.458+0000] {processor.py:826} INFO - Processing file /home/airflow/.local/lib/python3.7/site-packages/airflow/example_dags/example_sensors.py for tasks to queue
[2025-09-19T09:17:55.459+0000] {logging_mixin.py:149} INFO - [2025-09-19T09:17:55.459+0000] {dagbag.py:541} INFO - Filling up the DagBag from /home/airflow/.local/lib/python3.7/site-packages/airflow/example_dags/example_sensors.py
[2025-09-19T09:17:55.469+0000] {processor.py:836} INFO - DAG(s) dict_keys(['example_sensors']) retrieved from /home/airflow/.local/lib/python3.7/site-packages/airflow/example_dags/example_sensors.py
[2025-09-19T09:17:55.504+0000] {logging_mixin.py:149} INFO - [2025-09-19T09:17:55.503+0000] {dag.py:2726} INFO - Sync 1 DAGs
[2025-09-19T09:17:55.655+0000] {logging_mixin.py:149} INFO - [2025-09-19T09:17:55.655+0000] {dag.py:3490} INFO - Setting next_dagrun for example_sensors to None, run_after=None
[2025-09-19T09:17:55.675+0000] {processor.py:179} INFO - Processing /home/airflow/.local/lib/python3.7/site-packages/airflow/example_dags/example_sensors.py took 0.222 seconds
[2025-09-19T09:18:26.205+0000] {processor.py:157} INFO - Started process (PID=899) to work on /home/airflow/.local/lib/python3.7/site-packages/airflow/example_dags/example_sensors.py
[2025-09-19T09:18:26.206+0000] {processor.py:826} INFO - Processing file /home/airflow/.local/lib/python3.7/site-packages/airflow/example_dags/example_sensors.py for tasks to queue
[2025-09-19T09:18:26.207+0000] {logging_mixin.py:149} INFO - [2025-09-19T09:18:26.206+0000] {dagbag.py:541} INFO - Filling up the DagBag from /home/airflow/.local/lib/python3.7/site-packages/airflow/example_dags/example_sensors.py
[2025-09-19T09:18:26.218+0000] {processor.py:836} INFO - DAG(s) dict_keys(['example_sensors']) retrieved from /home/airflow/.local/lib/python3.7/site-packages/airflow/example_dags/example_sensors.py
[2025-09-19T09:18:26.253+0000] {logging_mixin.py:149} INFO - [2025-09-19T09:18:26.253+0000] {dag.py:2726} INFO - Sync 1 DAGs
[2025-09-19T09:18:26.281+0000] {logging_mixin.py:149} INFO - [2025-09-19T09:18:26.281+0000] {dag.py:3490} INFO - Setting next_dagrun for example_sensors to None, run_after=None
[2025-09-19T09:18:26.303+0000] {processor.py:179} INFO - Processing /home/airflow/.local/lib/python3.7/site-packages/airflow/example_dags/example_sensors.py took 0.103 seconds
[2025-09-19T09:18:56.435+0000] {processor.py:157} INFO - Started process (PID=1177) to work on /home/airflow/.local/lib/python3.7/site-packages/airflow/example_dags/example_sensors.py
[2025-09-19T09:18:56.436+0000] {processor.py:826} INFO - Processing file /home/airflow/.local/lib/python3.7/site-packages/airflow/example_dags/example_sensors.py for tasks to queue
[2025-09-19T09:18:56.438+0000] {logging_mixin.py:149} INFO - [2025-09-19T09:18:56.437+0000] {dagbag.py:541} INFO - Filling up the DagBag from /home/airflow/.local/lib/python3.7/site-packages/airflow/example_dags/example_sensors.py
[2025-09-19T09:18:56.451+0000] {processor.py:836} INFO - DAG(s) dict_keys(['example_sensors']) retrieved from /home/airflow/.local/lib/python3.7/site-packages/airflow/example_dags/example_sensors.py
[2025-09-19T09:18:56.485+0000] {logging_mixin.py:149} INFO - [2025-09-19T09:18:56.485+0000] {dag.py:2726} INFO - Sync 1 DAGs
[2025-09-19T09:18:56.520+0000] {logging_mixin.py:149} INFO - [2025-09-19T09:18:56.520+0000] {dag.py:3490} INFO - Setting next_dagrun for example_sensors to None, run_after=None
[2025-09-19T09:18:56.543+0000] {processor.py:179} INFO - Processing /home/airflow/.local/lib/python3.7/site-packages/airflow/example_dags/example_sensors.py took 0.112 seconds
[2025-09-19T09:19:27.055+0000] {processor.py:157} INFO - Started process (PID=1461) to work on /home/airflow/.local/lib/python3.7/site-packages/airflow/example_dags/example_sensors.py
[2025-09-19T09:19:27.056+0000] {processor.py:826} INFO - Processing file /home/airflow/.local/lib/python3.7/site-packages/airflow/example_dags/example_sensors.py for tasks to queue
[2025-09-19T09:19:27.057+0000] {logging_mixin.py:149} INFO - [2025-09-19T09:19:27.057+0000] {dagbag.py:541} INFO - Filling up the DagBag from /home/airflow/.local/lib/python3.7/site-packages/airflow/example_dags/example_sensors.py
[2025-09-19T09:19:27.067+0000] {processor.py:836} INFO - DAG(s) dict_keys(['example_sensors']) retrieved from /home/airflow/.local/lib/python3.7/site-packages/airflow/example_dags/example_sensors.py
[2025-09-19T09:19:27.100+0000] {logging_mixin.py:149} INFO - [2025-09-19T09:19:27.100+0000] {dag.py:2726} INFO - Sync 1 DAGs
[2025-09-19T09:19:27.131+0000] {logging_mixin.py:149} INFO - [2025-09-19T09:19:27.131+0000] {dag.py:3490} INFO - Setting next_dagrun for example_sensors to None, run_after=None
[2025-09-19T09:19:27.152+0000] {processor.py:179} INFO - Processing /home/airflow/.local/lib/python3.7/site-packages/airflow/example_dags/example_sensors.py took 0.101 seconds
[2025-09-19T09:19:58.060+0000] {processor.py:157} INFO - Started process (PID=1742) to work on /home/airflow/.local/lib/python3.7/site-packages/airflow/example_dags/example_sensors.py
[2025-09-19T09:19:58.061+0000] {processor.py:826} INFO - Processing file /home/airflow/.local/lib/python3.7/site-packages/airflow/example_dags/example_sensors.py for tasks to queue
[2025-09-19T09:19:58.062+0000] {logging_mixin.py:149} INFO - [2025-09-19T09:19:58.061+0000] {dagbag.py:541} INFO - Filling up the DagBag from /home/airflow/.local/lib/python3.7/site-packages/airflow/example_dags/example_sensors.py
[2025-09-19T09:19:58.073+0000] {processor.py:836} INFO - DAG(s) dict_keys(['example_sensors']) retrieved from /home/airflow/.local/lib/python3.7/site-packages/airflow/example_dags/example_sensors.py
[2025-09-19T09:19:58.108+0000] {logging_mixin.py:149} INFO - [2025-09-19T09:19:58.108+0000] {dag.py:2726} INFO - Sync 1 DAGs
[2025-09-19T09:19:58.140+0000] {logging_mixin.py:149} INFO - [2025-09-19T09:19:58.140+0000] {dag.py:3490} INFO - Setting next_dagrun for example_sensors to None, run_after=None
[2025-09-19T09:19:58.162+0000] {processor.py:179} INFO - Processing /home/airflow/.local/lib/python3.7/site-packages/airflow/example_dags/example_sensors.py took 0.106 seconds
[2025-09-19T09:20:29.077+0000] {processor.py:157} INFO - Started process (PID=2023) to work on /home/airflow/.local/lib/python3.7/site-packages/airflow/example_dags/example_sensors.py
[2025-09-19T09:20:29.078+0000] {processor.py:826} INFO - Processing file /home/airflow/.local/lib/python3.7/site-packages/airflow/example_dags/example_sensors.py for tasks to queue
[2025-09-19T09:20:29.079+0000] {logging_mixin.py:149} INFO - [2025-09-19T09:20:29.079+0000] {dagbag.py:541} INFO - Filling up the DagBag from /home/airflow/.local/lib/python3.7/site-packages/airflow/example_dags/example_sensors.py
[2025-09-19T09:20:29.090+0000] {processor.py:836} INFO - DAG(s) dict_keys(['example_sensors']) retrieved from /home/airflow/.local/lib/python3.7/site-packages/airflow/example_dags/example_sensors.py
[2025-09-19T09:20:29.125+0000] {logging_mixin.py:149} INFO - [2025-09-19T09:20:29.125+0000] {dag.py:2726} INFO - Sync 1 DAGs
[2025-09-19T09:20:29.156+0000] {logging_mixin.py:149} INFO - [2025-09-19T09:20:29.156+0000] {dag.py:3490} INFO - Setting next_dagrun for example_sensors to None, run_after=None
[2025-09-19T09:20:29.178+0000] {processor.py:179} INFO - Processing /home/airflow/.local/lib/python3.7/site-packages/airflow/example_dags/example_sensors.py took 0.105 seconds
[2025-09-19T09:21:00.118+0000] {processor.py:157} INFO - Started process (PID=2304) to work on /home/airflow/.local/lib/python3.7/site-packages/airflow/example_dags/example_sensors.py
[2025-09-19T09:21:00.119+0000] {processor.py:826} INFO - Processing file /home/airflow/.local/lib/python3.7/site-packages/airflow/example_dags/example_sensors.py for tasks to queue
[2025-09-19T09:21:00.120+0000] {logging_mixin.py:149} INFO - [2025-09-19T09:21:00.120+0000] {dagbag.py:541} INFO - Filling up the DagBag from /home/airflow/.local/lib/python3.7/site-packages/airflow/example_dags/example_sensors.py
[2025-09-19T09:21:00.132+0000] {processor.py:836} INFO - DAG(s) dict_keys(['example_sensors']) retrieved from /home/airflow/.local/lib/python3.7/site-packages/airflow/example_dags/example_sensors.py
[2025-09-19T09:21:00.166+0000] {logging_mixin.py:149} INFO - [2025-09-19T09:21:00.165+0000] {dag.py:2726} INFO - Sync 1 DAGs
[2025-09-19T09:21:00.198+0000] {logging_mixin.py:149} INFO - [2025-09-19T09:21:00.198+0000] {dag.py:3490} INFO - Setting next_dagrun for example_sensors to None, run_after=None
[2025-09-19T09:21:00.218+0000] {processor.py:179} INFO - Processing /home/airflow/.local/lib/python3.7/site-packages/airflow/example_dags/example_sensors.py took 0.104 seconds
[2025-09-19T09:21:30.635+0000] {processor.py:157} INFO - Started process (PID=2586) to work on /home/airflow/.local/lib/python3.7/site-packages/airflow/example_dags/example_sensors.py
[2025-09-19T09:21:30.637+0000] {processor.py:826} INFO - Processing file /home/airflow/.local/lib/python3.7/site-packages/airflow/example_dags/example_sensors.py for tasks to queue
[2025-09-19T09:21:30.640+0000] {logging_mixin.py:149} INFO - [2025-09-19T09:21:30.640+0000] {dagbag.py:541} INFO - Filling up the DagBag from /home/airflow/.local/lib/python3.7/site-packages/airflow/example_dags/example_sensors.py
[2025-09-19T09:21:30.664+0000] {processor.py:836} INFO - DAG(s) dict_keys(['example_sensors']) retrieved from /home/airflow/.local/lib/python3.7/site-packages/airflow/example_dags/example_sensors.py
[2025-09-19T09:21:30.723+0000] {logging_mixin.py:149} INFO - [2025-09-19T09:21:30.723+0000] {dag.py:2726} INFO - Sync 1 DAGs
[2025-09-19T09:21:30.761+0000] {logging_mixin.py:149} INFO - [2025-09-19T09:21:30.761+0000] {dag.py:3490} INFO - Setting next_dagrun for example_sensors to None, run_after=None
[2025-09-19T09:21:30.783+0000] {processor.py:179} INFO - Processing /home/airflow/.local/lib/python3.7/site-packages/airflow/example_dags/example_sensors.py took 0.154 seconds
[2025-09-19T09:22:01.584+0000] {processor.py:157} INFO - Started process (PID=2867) to work on /home/airflow/.local/lib/python3.7/site-packages/airflow/example_dags/example_sensors.py
[2025-09-19T09:22:01.585+0000] {processor.py:826} INFO - Processing file /home/airflow/.local/lib/python3.7/site-packages/airflow/example_dags/example_sensors.py for tasks to queue
[2025-09-19T09:22:01.586+0000] {logging_mixin.py:149} INFO - [2025-09-19T09:22:01.585+0000] {dagbag.py:541} INFO - Filling up the DagBag from /home/airflow/.local/lib/python3.7/site-packages/airflow/example_dags/example_sensors.py
[2025-09-19T09:22:01.597+0000] {processor.py:836} INFO - DAG(s) dict_keys(['example_sensors']) retrieved from /home/airflow/.local/lib/python3.7/site-packages/airflow/example_dags/example_sensors.py
[2025-09-19T09:22:01.633+0000] {logging_mixin.py:149} INFO - [2025-09-19T09:22:01.633+0000] {dag.py:2726} INFO - Sync 1 DAGs
[2025-09-19T09:22:01.665+0000] {logging_mixin.py:149} INFO - [2025-09-19T09:22:01.664+0000] {dag.py:3490} INFO - Setting next_dagrun for example_sensors to None, run_after=None
[2025-09-19T09:22:01.686+0000] {processor.py:179} INFO - Processing /home/airflow/.local/lib/python3.7/site-packages/airflow/example_dags/example_sensors.py took 0.106 seconds
[2025-09-19T09:22:31.942+0000] {processor.py:157} INFO - Started process (PID=3148) to work on /home/airflow/.local/lib/python3.7/site-packages/airflow/example_dags/example_sensors.py
[2025-09-19T09:22:31.944+0000] {processor.py:826} INFO - Processing file /home/airflow/.local/lib/python3.7/site-packages/airflow/example_dags/example_sensors.py for tasks to queue
[2025-09-19T09:22:31.945+0000] {logging_mixin.py:149} INFO - [2025-09-19T09:22:31.945+0000] {dagbag.py:541} INFO - Filling up the DagBag from /home/airflow/.local/lib/python3.7/site-packages/airflow/example_dags/example_sensors.py
[2025-09-19T09:22:31.960+0000] {processor.py:836} INFO - DAG(s) dict_keys(['example_sensors']) retrieved from /home/airflow/.local/lib/python3.7/site-packages/airflow/example_dags/example_sensors.py
[2025-09-19T09:22:32.010+0000] {logging_mixin.py:149} INFO - [2025-09-19T09:22:32.010+0000] {dag.py:2726} INFO - Sync 1 DAGs
[2025-09-19T09:22:32.038+0000] {logging_mixin.py:149} INFO - [2025-09-19T09:22:32.038+0000] {dag.py:3490} INFO - Setting next_dagrun for example_sensors to None, run_after=None
[2025-09-19T09:22:32.067+0000] {processor.py:179} INFO - Processing /home/airflow/.local/lib/python3.7/site-packages/airflow/example_dags/example_sensors.py took 0.129 seconds
[2025-09-19T09:23:02.561+0000] {processor.py:157} INFO - Started process (PID=3429) to work on /home/airflow/.local/lib/python3.7/site-packages/airflow/example_dags/example_sensors.py
[2025-09-19T09:23:02.562+0000] {processor.py:826} INFO - Processing file /home/airflow/.local/lib/python3.7/site-packages/airflow/example_dags/example_sensors.py for tasks to queue
[2025-09-19T09:23:02.563+0000] {logging_mixin.py:149} INFO - [2025-09-19T09:23:02.563+0000] {dagbag.py:541} INFO - Filling up the DagBag from /home/airflow/.local/lib/python3.7/site-packages/airflow/example_dags/example_sensors.py
[2025-09-19T09:23:02.574+0000] {processor.py:836} INFO - DAG(s) dict_keys(['example_sensors']) retrieved from /home/airflow/.local/lib/python3.7/site-packages/airflow/example_dags/example_sensors.py
[2025-09-19T09:23:02.610+0000] {logging_mixin.py:149} INFO - [2025-09-19T09:23:02.609+0000] {dag.py:2726} INFO - Sync 1 DAGs
[2025-09-19T09:23:02.639+0000] {logging_mixin.py:149} INFO - [2025-09-19T09:23:02.638+0000] {dag.py:3490} INFO - Setting next_dagrun for example_sensors to None, run_after=None
[2025-09-19T09:23:02.661+0000] {processor.py:179} INFO - Processing /home/airflow/.local/lib/python3.7/site-packages/airflow/example_dags/example_sensors.py took 0.104 seconds
[2025-09-19T09:23:32.684+0000] {processor.py:157} INFO - Started process (PID=3707) to work on /home/airflow/.local/lib/python3.7/site-packages/airflow/example_dags/example_sensors.py
[2025-09-19T09:23:32.685+0000] {processor.py:826} INFO - Processing file /home/airflow/.local/lib/python3.7/site-packages/airflow/example_dags/example_sensors.py for tasks to queue
[2025-09-19T09:23:32.687+0000] {logging_mixin.py:149} INFO - [2025-09-19T09:23:32.687+0000] {dagbag.py:541} INFO - Filling up the DagBag from /home/airflow/.local/lib/python3.7/site-packages/airflow/example_dags/example_sensors.py
[2025-09-19T09:23:32.701+0000] {processor.py:836} INFO - DAG(s) dict_keys(['example_sensors']) retrieved from /home/airflow/.local/lib/python3.7/site-packages/airflow/example_dags/example_sensors.py
[2025-09-19T09:23:32.734+0000] {logging_mixin.py:149} INFO - [2025-09-19T09:23:32.734+0000] {dag.py:2726} INFO - Sync 1 DAGs
[2025-09-19T09:23:32.760+0000] {logging_mixin.py:149} INFO - [2025-09-19T09:23:32.760+0000] {dag.py:3490} INFO - Setting next_dagrun for example_sensors to None, run_after=None
[2025-09-19T09:23:32.780+0000] {processor.py:179} INFO - Processing /home/airflow/.local/lib/python3.7/site-packages/airflow/example_dags/example_sensors.py took 0.101 seconds
[2025-09-19T09:24:03.912+0000] {processor.py:157} INFO - Started process (PID=3986) to work on /home/airflow/.local/lib/python3.7/site-packages/airflow/example_dags/example_sensors.py
[2025-09-19T09:24:03.914+0000] {processor.py:826} INFO - Processing file /home/airflow/.local/lib/python3.7/site-packages/airflow/example_dags/example_sensors.py for tasks to queue
[2025-09-19T09:24:03.915+0000] {logging_mixin.py:149} INFO - [2025-09-19T09:24:03.915+0000] {dagbag.py:541} INFO - Filling up the DagBag from /home/airflow/.local/lib/python3.7/site-packages/airflow/example_dags/example_sensors.py
[2025-09-19T09:24:03.926+0000] {processor.py:836} INFO - DAG(s) dict_keys(['example_sensors']) retrieved from /home/airflow/.local/lib/python3.7/site-packages/airflow/example_dags/example_sensors.py
[2025-09-19T09:24:03.961+0000] {logging_mixin.py:149} INFO - [2025-09-19T09:24:03.961+0000] {dag.py:2726} INFO - Sync 1 DAGs
[2025-09-19T09:24:03.992+0000] {logging_mixin.py:149} INFO - [2025-09-19T09:24:03.992+0000] {dag.py:3490} INFO - Setting next_dagrun for example_sensors to None, run_after=None
[2025-09-19T09:24:04.013+0000] {processor.py:179} INFO - Processing /home/airflow/.local/lib/python3.7/site-packages/airflow/example_dags/example_sensors.py took 0.105 seconds
[2025-09-19T09:24:34.727+0000] {processor.py:157} INFO - Started process (PID=4267) to work on /home/airflow/.local/lib/python3.7/site-packages/airflow/example_dags/example_sensors.py
[2025-09-19T09:24:34.728+0000] {processor.py:826} INFO - Processing file /home/airflow/.local/lib/python3.7/site-packages/airflow/example_dags/example_sensors.py for tasks to queue
[2025-09-19T09:24:34.729+0000] {logging_mixin.py:149} INFO - [2025-09-19T09:24:34.729+0000] {dagbag.py:541} INFO - Filling up the DagBag from /home/airflow/.local/lib/python3.7/site-packages/airflow/example_dags/example_sensors.py
[2025-09-19T09:24:34.740+0000] {processor.py:836} INFO - DAG(s) dict_keys(['example_sensors']) retrieved from /home/airflow/.local/lib/python3.7/site-packages/airflow/example_dags/example_sensors.py
[2025-09-19T09:24:34.775+0000] {logging_mixin.py:149} INFO - [2025-09-19T09:24:34.775+0000] {dag.py:2726} INFO - Sync 1 DAGs
[2025-09-19T09:24:34.804+0000] {logging_mixin.py:149} INFO - [2025-09-19T09:24:34.803+0000] {dag.py:3490} INFO - Setting next_dagrun for example_sensors to None, run_after=None
[2025-09-19T09:24:34.825+0000] {processor.py:179} INFO - Processing /home/airflow/.local/lib/python3.7/site-packages/airflow/example_dags/example_sensors.py took 0.102 seconds
[2025-09-19T09:25:05.887+0000] {processor.py:157} INFO - Started process (PID=4553) to work on /home/airflow/.local/lib/python3.7/site-packages/airflow/example_dags/example_sensors.py
[2025-09-19T09:25:05.888+0000] {processor.py:826} INFO - Processing file /home/airflow/.local/lib/python3.7/site-packages/airflow/example_dags/example_sensors.py for tasks to queue
[2025-09-19T09:25:05.889+0000] {logging_mixin.py:149} INFO - [2025-09-19T09:25:05.889+0000] {dagbag.py:541} INFO - Filling up the DagBag from /home/airflow/.local/lib/python3.7/site-packages/airflow/example_dags/example_sensors.py
[2025-09-19T09:25:05.900+0000] {processor.py:836} INFO - DAG(s) dict_keys(['example_sensors']) retrieved from /home/airflow/.local/lib/python3.7/site-packages/airflow/example_dags/example_sensors.py
[2025-09-19T09:25:05.933+0000] {logging_mixin.py:149} INFO - [2025-09-19T09:25:05.933+0000] {dag.py:2726} INFO - Sync 1 DAGs
[2025-09-19T09:25:05.961+0000] {logging_mixin.py:149} INFO - [2025-09-19T09:25:05.961+0000] {dag.py:3490} INFO - Setting next_dagrun for example_sensors to None, run_after=None
[2025-09-19T09:25:05.981+0000] {processor.py:179} INFO - Processing /home/airflow/.local/lib/python3.7/site-packages/airflow/example_dags/example_sensors.py took 0.097 seconds
[2025-09-19T09:25:36.716+0000] {processor.py:157} INFO - Started process (PID=4834) to work on /home/airflow/.local/lib/python3.7/site-packages/airflow/example_dags/example_sensors.py
[2025-09-19T09:25:36.718+0000] {processor.py:826} INFO - Processing file /home/airflow/.local/lib/python3.7/site-packages/airflow/example_dags/example_sensors.py for tasks to queue
[2025-09-19T09:25:36.719+0000] {logging_mixin.py:149} INFO - [2025-09-19T09:25:36.718+0000] {dagbag.py:541} INFO - Filling up the DagBag from /home/airflow/.local/lib/python3.7/site-packages/airflow/example_dags/example_sensors.py
[2025-09-19T09:25:36.730+0000] {processor.py:836} INFO - DAG(s) dict_keys(['example_sensors']) retrieved from /home/airflow/.local/lib/python3.7/site-packages/airflow/example_dags/example_sensors.py
[2025-09-19T09:25:36.763+0000] {logging_mixin.py:149} INFO - [2025-09-19T09:25:36.763+0000] {dag.py:2726} INFO - Sync 1 DAGs
[2025-09-19T09:25:36.791+0000] {logging_mixin.py:149} INFO - [2025-09-19T09:25:36.791+0000] {dag.py:3490} INFO - Setting next_dagrun for example_sensors to None, run_after=None
[2025-09-19T09:25:36.811+0000] {processor.py:179} INFO - Processing /home/airflow/.local/lib/python3.7/site-packages/airflow/example_dags/example_sensors.py took 0.099 seconds
[2025-09-19T09:26:07.757+0000] {processor.py:157} INFO - Started process (PID=5115) to work on /home/airflow/.local/lib/python3.7/site-packages/airflow/example_dags/example_sensors.py
[2025-09-19T09:26:07.758+0000] {processor.py:826} INFO - Processing file /home/airflow/.local/lib/python3.7/site-packages/airflow/example_dags/example_sensors.py for tasks to queue
[2025-09-19T09:26:07.759+0000] {logging_mixin.py:149} INFO - [2025-09-19T09:26:07.759+0000] {dagbag.py:541} INFO - Filling up the DagBag from /home/airflow/.local/lib/python3.7/site-packages/airflow/example_dags/example_sensors.py
[2025-09-19T09:26:07.771+0000] {processor.py:836} INFO - DAG(s) dict_keys(['example_sensors']) retrieved from /home/airflow/.local/lib/python3.7/site-packages/airflow/example_dags/example_sensors.py
[2025-09-19T09:26:07.804+0000] {logging_mixin.py:149} INFO - [2025-09-19T09:26:07.804+0000] {dag.py:2726} INFO - Sync 1 DAGs
[2025-09-19T09:26:07.832+0000] {logging_mixin.py:149} INFO - [2025-09-19T09:26:07.832+0000] {dag.py:3490} INFO - Setting next_dagrun for example_sensors to None, run_after=None
[2025-09-19T09:26:07.852+0000] {processor.py:179} INFO - Processing /home/airflow/.local/lib/python3.7/site-packages/airflow/example_dags/example_sensors.py took 0.100 seconds
[2025-09-19T09:26:38.867+0000] {processor.py:157} INFO - Started process (PID=5396) to work on /home/airflow/.local/lib/python3.7/site-packages/airflow/example_dags/example_sensors.py
[2025-09-19T09:26:38.868+0000] {processor.py:826} INFO - Processing file /home/airflow/.local/lib/python3.7/site-packages/airflow/example_dags/example_sensors.py for tasks to queue
[2025-09-19T09:26:38.868+0000] {logging_mixin.py:149} INFO - [2025-09-19T09:26:38.868+0000] {dagbag.py:541} INFO - Filling up the DagBag from /home/airflow/.local/lib/python3.7/site-packages/airflow/example_dags/example_sensors.py
[2025-09-19T09:26:38.879+0000] {processor.py:836} INFO - DAG(s) dict_keys(['example_sensors']) retrieved from /home/airflow/.local/lib/python3.7/site-packages/airflow/example_dags/example_sensors.py
[2025-09-19T09:26:38.911+0000] {logging_mixin.py:149} INFO - [2025-09-19T09:26:38.911+0000] {dag.py:2726} INFO - Sync 1 DAGs
[2025-09-19T09:26:38.939+0000] {logging_mixin.py:149} INFO - [2025-09-19T09:26:38.938+0000] {dag.py:3490} INFO - Setting next_dagrun for example_sensors to None, run_after=None
[2025-09-19T09:26:38.959+0000] {processor.py:179} INFO - Processing /home/airflow/.local/lib/python3.7/site-packages/airflow/example_dags/example_sensors.py took 0.097 seconds
[2025-09-19T09:27:09.610+0000] {processor.py:157} INFO - Started process (PID=5677) to work on /home/airflow/.local/lib/python3.7/site-packages/airflow/example_dags/example_sensors.py
[2025-09-19T09:27:09.611+0000] {processor.py:826} INFO - Processing file /home/airflow/.local/lib/python3.7/site-packages/airflow/example_dags/example_sensors.py for tasks to queue
[2025-09-19T09:27:09.612+0000] {logging_mixin.py:149} INFO - [2025-09-19T09:27:09.612+0000] {dagbag.py:541} INFO - Filling up the DagBag from /home/airflow/.local/lib/python3.7/site-packages/airflow/example_dags/example_sensors.py
[2025-09-19T09:27:09.623+0000] {processor.py:836} INFO - DAG(s) dict_keys(['example_sensors']) retrieved from /home/airflow/.local/lib/python3.7/site-packages/airflow/example_dags/example_sensors.py
[2025-09-19T09:27:09.654+0000] {logging_mixin.py:149} INFO - [2025-09-19T09:27:09.654+0000] {dag.py:2726} INFO - Sync 1 DAGs
[2025-09-19T09:27:09.681+0000] {logging_mixin.py:149} INFO - [2025-09-19T09:27:09.681+0000] {dag.py:3490} INFO - Setting next_dagrun for example_sensors to None, run_after=None
[2025-09-19T09:27:09.708+0000] {processor.py:179} INFO - Processing /home/airflow/.local/lib/python3.7/site-packages/airflow/example_dags/example_sensors.py took 0.101 seconds
[2025-09-19T09:27:40.586+0000] {processor.py:157} INFO - Started process (PID=5958) to work on /home/airflow/.local/lib/python3.7/site-packages/airflow/example_dags/example_sensors.py
[2025-09-19T09:27:40.587+0000] {processor.py:826} INFO - Processing file /home/airflow/.local/lib/python3.7/site-packages/airflow/example_dags/example_sensors.py for tasks to queue
[2025-09-19T09:27:40.588+0000] {logging_mixin.py:149} INFO - [2025-09-19T09:27:40.588+0000] {dagbag.py:541} INFO - Filling up the DagBag from /home/airflow/.local/lib/python3.7/site-packages/airflow/example_dags/example_sensors.py
[2025-09-19T09:27:40.599+0000] {processor.py:836} INFO - DAG(s) dict_keys(['example_sensors']) retrieved from /home/airflow/.local/lib/python3.7/site-packages/airflow/example_dags/example_sensors.py
[2025-09-19T09:27:40.638+0000] {logging_mixin.py:149} INFO - [2025-09-19T09:27:40.638+0000] {dag.py:2726} INFO - Sync 1 DAGs
[2025-09-19T09:27:40.677+0000] {logging_mixin.py:149} INFO - [2025-09-19T09:27:40.677+0000] {dag.py:3490} INFO - Setting next_dagrun for example_sensors to None, run_after=None
[2025-09-19T09:27:40.711+0000] {processor.py:179} INFO - Processing /home/airflow/.local/lib/python3.7/site-packages/airflow/example_dags/example_sensors.py took 0.128 seconds
[2025-09-19T09:28:11.613+0000] {processor.py:157} INFO - Started process (PID=6239) to work on /home/airflow/.local/lib/python3.7/site-packages/airflow/example_dags/example_sensors.py
[2025-09-19T09:28:11.614+0000] {processor.py:826} INFO - Processing file /home/airflow/.local/lib/python3.7/site-packages/airflow/example_dags/example_sensors.py for tasks to queue
[2025-09-19T09:28:11.616+0000] {logging_mixin.py:149} INFO - [2025-09-19T09:28:11.615+0000] {dagbag.py:541} INFO - Filling up the DagBag from /home/airflow/.local/lib/python3.7/site-packages/airflow/example_dags/example_sensors.py
[2025-09-19T09:28:11.631+0000] {processor.py:836} INFO - DAG(s) dict_keys(['example_sensors']) retrieved from /home/airflow/.local/lib/python3.7/site-packages/airflow/example_dags/example_sensors.py
[2025-09-19T09:28:11.672+0000] {logging_mixin.py:149} INFO - [2025-09-19T09:28:11.671+0000] {dag.py:2726} INFO - Sync 1 DAGs
[2025-09-19T09:28:11.701+0000] {logging_mixin.py:149} INFO - [2025-09-19T09:28:11.701+0000] {dag.py:3490} INFO - Setting next_dagrun for example_sensors to None, run_after=None
[2025-09-19T09:28:11.729+0000] {processor.py:179} INFO - Processing /home/airflow/.local/lib/python3.7/site-packages/airflow/example_dags/example_sensors.py took 0.120 seconds
[2025-09-19T09:28:42.490+0000] {processor.py:157} INFO - Started process (PID=6520) to work on /home/airflow/.local/lib/python3.7/site-packages/airflow/example_dags/example_sensors.py
[2025-09-19T09:28:42.491+0000] {processor.py:826} INFO - Processing file /home/airflow/.local/lib/python3.7/site-packages/airflow/example_dags/example_sensors.py for tasks to queue
[2025-09-19T09:28:42.492+0000] {logging_mixin.py:149} INFO - [2025-09-19T09:28:42.492+0000] {dagbag.py:541} INFO - Filling up the DagBag from /home/airflow/.local/lib/python3.7/site-packages/airflow/example_dags/example_sensors.py
[2025-09-19T09:28:42.503+0000] {processor.py:836} INFO - DAG(s) dict_keys(['example_sensors']) retrieved from /home/airflow/.local/lib/python3.7/site-packages/airflow/example_dags/example_sensors.py
[2025-09-19T09:28:42.535+0000] {logging_mixin.py:149} INFO - [2025-09-19T09:28:42.535+0000] {dag.py:2726} INFO - Sync 1 DAGs
[2025-09-19T09:28:42.562+0000] {logging_mixin.py:149} INFO - [2025-09-19T09:28:42.562+0000] {dag.py:3490} INFO - Setting next_dagrun for example_sensors to None, run_after=None
[2025-09-19T09:28:42.584+0000] {processor.py:179} INFO - Processing /home/airflow/.local/lib/python3.7/site-packages/airflow/example_dags/example_sensors.py took 0.097 seconds
[2025-09-19T09:29:13.457+0000] {processor.py:157} INFO - Started process (PID=6801) to work on /home/airflow/.local/lib/python3.7/site-packages/airflow/example_dags/example_sensors.py
[2025-09-19T09:29:13.459+0000] {processor.py:826} INFO - Processing file /home/airflow/.local/lib/python3.7/site-packages/airflow/example_dags/example_sensors.py for tasks to queue
[2025-09-19T09:29:13.460+0000] {logging_mixin.py:149} INFO - [2025-09-19T09:29:13.460+0000] {dagbag.py:541} INFO - Filling up the DagBag from /home/airflow/.local/lib/python3.7/site-packages/airflow/example_dags/example_sensors.py
[2025-09-19T09:29:13.474+0000] {processor.py:836} INFO - DAG(s) dict_keys(['example_sensors']) retrieved from /home/airflow/.local/lib/python3.7/site-packages/airflow/example_dags/example_sensors.py
[2025-09-19T09:29:13.514+0000] {logging_mixin.py:149} INFO - [2025-09-19T09:29:13.514+0000] {dag.py:2726} INFO - Sync 1 DAGs
[2025-09-19T09:29:13.542+0000] {logging_mixin.py:149} INFO - [2025-09-19T09:29:13.542+0000] {dag.py:3490} INFO - Setting next_dagrun for example_sensors to None, run_after=None
[2025-09-19T09:29:13.572+0000] {processor.py:179} INFO - Processing /home/airflow/.local/lib/python3.7/site-packages/airflow/example_dags/example_sensors.py took 0.122 seconds
[2025-09-19T09:29:44.237+0000] {processor.py:157} INFO - Started process (PID=7082) to work on /home/airflow/.local/lib/python3.7/site-packages/airflow/example_dags/example_sensors.py
[2025-09-19T09:29:44.238+0000] {processor.py:826} INFO - Processing file /home/airflow/.local/lib/python3.7/site-packages/airflow/example_dags/example_sensors.py for tasks to queue
[2025-09-19T09:29:44.239+0000] {logging_mixin.py:149} INFO - [2025-09-19T09:29:44.239+0000] {dagbag.py:541} INFO - Filling up the DagBag from /home/airflow/.local/lib/python3.7/site-packages/airflow/example_dags/example_sensors.py
[2025-09-19T09:29:44.252+0000] {processor.py:836} INFO - DAG(s) dict_keys(['example_sensors']) retrieved from /home/airflow/.local/lib/python3.7/site-packages/airflow/example_dags/example_sensors.py
[2025-09-19T09:29:44.288+0000] {logging_mixin.py:149} INFO - [2025-09-19T09:29:44.288+0000] {dag.py:2726} INFO - Sync 1 DAGs
[2025-09-19T09:29:44.322+0000] {logging_mixin.py:149} INFO - [2025-09-19T09:29:44.322+0000] {dag.py:3490} INFO - Setting next_dagrun for example_sensors to None, run_after=None
[2025-09-19T09:29:44.345+0000] {processor.py:179} INFO - Processing /home/airflow/.local/lib/python3.7/site-packages/airflow/example_dags/example_sensors.py took 0.112 seconds
[2025-09-19T09:30:15.063+0000] {processor.py:157} INFO - Started process (PID=7363) to work on /home/airflow/.local/lib/python3.7/site-packages/airflow/example_dags/example_sensors.py
[2025-09-19T09:30:15.064+0000] {processor.py:826} INFO - Processing file /home/airflow/.local/lib/python3.7/site-packages/airflow/example_dags/example_sensors.py for tasks to queue
[2025-09-19T09:30:15.065+0000] {logging_mixin.py:149} INFO - [2025-09-19T09:30:15.064+0000] {dagbag.py:541} INFO - Filling up the DagBag from /home/airflow/.local/lib/python3.7/site-packages/airflow/example_dags/example_sensors.py
[2025-09-19T09:30:15.076+0000] {processor.py:836} INFO - DAG(s) dict_keys(['example_sensors']) retrieved from /home/airflow/.local/lib/python3.7/site-packages/airflow/example_dags/example_sensors.py
[2025-09-19T09:30:15.108+0000] {logging_mixin.py:149} INFO - [2025-09-19T09:30:15.108+0000] {dag.py:2726} INFO - Sync 1 DAGs
[2025-09-19T09:30:15.136+0000] {logging_mixin.py:149} INFO - [2025-09-19T09:30:15.136+0000] {dag.py:3490} INFO - Setting next_dagrun for example_sensors to None, run_after=None
[2025-09-19T09:30:15.158+0000] {processor.py:179} INFO - Processing /home/airflow/.local/lib/python3.7/site-packages/airflow/example_dags/example_sensors.py took 0.099 seconds
[2025-09-19T09:30:45.883+0000] {processor.py:157} INFO - Started process (PID=7639) to work on /home/airflow/.local/lib/python3.7/site-packages/airflow/example_dags/example_sensors.py
[2025-09-19T09:30:45.884+0000] {processor.py:826} INFO - Processing file /home/airflow/.local/lib/python3.7/site-packages/airflow/example_dags/example_sensors.py for tasks to queue
[2025-09-19T09:30:45.885+0000] {logging_mixin.py:149} INFO - [2025-09-19T09:30:45.885+0000] {dagbag.py:541} INFO - Filling up the DagBag from /home/airflow/.local/lib/python3.7/site-packages/airflow/example_dags/example_sensors.py
[2025-09-19T09:30:45.910+0000] {processor.py:836} INFO - DAG(s) dict_keys(['example_sensors']) retrieved from /home/airflow/.local/lib/python3.7/site-packages/airflow/example_dags/example_sensors.py
[2025-09-19T09:30:45.958+0000] {logging_mixin.py:149} INFO - [2025-09-19T09:30:45.957+0000] {dag.py:2726} INFO - Sync 1 DAGs
[2025-09-19T09:30:46.004+0000] {logging_mixin.py:149} INFO - [2025-09-19T09:30:46.003+0000] {dag.py:3490} INFO - Setting next_dagrun for example_sensors to None, run_after=None
[2025-09-19T09:30:46.036+0000] {processor.py:179} INFO - Processing /home/airflow/.local/lib/python3.7/site-packages/airflow/example_dags/example_sensors.py took 0.158 seconds
[2025-09-19T09:31:16.880+0000] {processor.py:157} INFO - Started process (PID=7920) to work on /home/airflow/.local/lib/python3.7/site-packages/airflow/example_dags/example_sensors.py
[2025-09-19T09:31:16.882+0000] {processor.py:826} INFO - Processing file /home/airflow/.local/lib/python3.7/site-packages/airflow/example_dags/example_sensors.py for tasks to queue
[2025-09-19T09:31:16.883+0000] {logging_mixin.py:149} INFO - [2025-09-19T09:31:16.883+0000] {dagbag.py:541} INFO - Filling up the DagBag from /home/airflow/.local/lib/python3.7/site-packages/airflow/example_dags/example_sensors.py
[2025-09-19T09:31:16.896+0000] {processor.py:836} INFO - DAG(s) dict_keys(['example_sensors']) retrieved from /home/airflow/.local/lib/python3.7/site-packages/airflow/example_dags/example_sensors.py
[2025-09-19T09:31:16.929+0000] {logging_mixin.py:149} INFO - [2025-09-19T09:31:16.929+0000] {dag.py:2726} INFO - Sync 1 DAGs
[2025-09-19T09:31:16.963+0000] {logging_mixin.py:149} INFO - [2025-09-19T09:31:16.963+0000] {dag.py:3490} INFO - Setting next_dagrun for example_sensors to None, run_after=None
[2025-09-19T09:31:16.984+0000] {processor.py:179} INFO - Processing /home/airflow/.local/lib/python3.7/site-packages/airflow/example_dags/example_sensors.py took 0.108 seconds
[2025-09-19T09:31:47.756+0000] {processor.py:157} INFO - Started process (PID=8201) to work on /home/airflow/.local/lib/python3.7/site-packages/airflow/example_dags/example_sensors.py
[2025-09-19T09:31:47.757+0000] {processor.py:826} INFO - Processing file /home/airflow/.local/lib/python3.7/site-packages/airflow/example_dags/example_sensors.py for tasks to queue
[2025-09-19T09:31:47.758+0000] {logging_mixin.py:149} INFO - [2025-09-19T09:31:47.758+0000] {dagbag.py:541} INFO - Filling up the DagBag from /home/airflow/.local/lib/python3.7/site-packages/airflow/example_dags/example_sensors.py
[2025-09-19T09:31:47.772+0000] {processor.py:836} INFO - DAG(s) dict_keys(['example_sensors']) retrieved from /home/airflow/.local/lib/python3.7/site-packages/airflow/example_dags/example_sensors.py
[2025-09-19T09:31:47.809+0000] {logging_mixin.py:149} INFO - [2025-09-19T09:31:47.809+0000] {dag.py:2726} INFO - Sync 1 DAGs
[2025-09-19T09:31:47.836+0000] {logging_mixin.py:149} INFO - [2025-09-19T09:31:47.836+0000] {dag.py:3490} INFO - Setting next_dagrun for example_sensors to None, run_after=None
[2025-09-19T09:31:47.857+0000] {processor.py:179} INFO - Processing /home/airflow/.local/lib/python3.7/site-packages/airflow/example_dags/example_sensors.py took 0.106 seconds
[2025-09-19T09:32:18.650+0000] {processor.py:157} INFO - Started process (PID=8487) to work on /home/airflow/.local/lib/python3.7/site-packages/airflow/example_dags/example_sensors.py
[2025-09-19T09:32:18.651+0000] {processor.py:826} INFO - Processing file /home/airflow/.local/lib/python3.7/site-packages/airflow/example_dags/example_sensors.py for tasks to queue
[2025-09-19T09:32:18.652+0000] {logging_mixin.py:149} INFO - [2025-09-19T09:32:18.651+0000] {dagbag.py:541} INFO - Filling up the DagBag from /home/airflow/.local/lib/python3.7/site-packages/airflow/example_dags/example_sensors.py
[2025-09-19T09:32:18.663+0000] {processor.py:836} INFO - DAG(s) dict_keys(['example_sensors']) retrieved from /home/airflow/.local/lib/python3.7/site-packages/airflow/example_dags/example_sensors.py
[2025-09-19T09:32:18.700+0000] {logging_mixin.py:149} INFO - [2025-09-19T09:32:18.700+0000] {dag.py:2726} INFO - Sync 1 DAGs
[2025-09-19T09:32:18.730+0000] {logging_mixin.py:149} INFO - [2025-09-19T09:32:18.730+0000] {dag.py:3490} INFO - Setting next_dagrun for example_sensors to None, run_after=None
[2025-09-19T09:32:18.752+0000] {processor.py:179} INFO - Processing /home/airflow/.local/lib/python3.7/site-packages/airflow/example_dags/example_sensors.py took 0.106 seconds
[2025-09-19T09:32:49.884+0000] {processor.py:157} INFO - Started process (PID=8768) to work on /home/airflow/.local/lib/python3.7/site-packages/airflow/example_dags/example_sensors.py
[2025-09-19T09:32:49.885+0000] {processor.py:826} INFO - Processing file /home/airflow/.local/lib/python3.7/site-packages/airflow/example_dags/example_sensors.py for tasks to queue
[2025-09-19T09:32:49.886+0000] {logging_mixin.py:149} INFO - [2025-09-19T09:32:49.886+0000] {dagbag.py:541} INFO - Filling up the DagBag from /home/airflow/.local/lib/python3.7/site-packages/airflow/example_dags/example_sensors.py
[2025-09-19T09:32:49.897+0000] {processor.py:836} INFO - DAG(s) dict_keys(['example_sensors']) retrieved from /home/airflow/.local/lib/python3.7/site-packages/airflow/example_dags/example_sensors.py
[2025-09-19T09:32:49.930+0000] {logging_mixin.py:149} INFO - [2025-09-19T09:32:49.930+0000] {dag.py:2726} INFO - Sync 1 DAGs
[2025-09-19T09:32:49.961+0000] {logging_mixin.py:149} INFO - [2025-09-19T09:32:49.961+0000] {dag.py:3490} INFO - Setting next_dagrun for example_sensors to None, run_after=None
[2025-09-19T09:32:49.982+0000] {processor.py:179} INFO - Processing /home/airflow/.local/lib/python3.7/site-packages/airflow/example_dags/example_sensors.py took 0.101 seconds
[2025-09-19T09:33:20.644+0000] {processor.py:157} INFO - Started process (PID=9049) to work on /home/airflow/.local/lib/python3.7/site-packages/airflow/example_dags/example_sensors.py
[2025-09-19T09:33:20.647+0000] {processor.py:826} INFO - Processing file /home/airflow/.local/lib/python3.7/site-packages/airflow/example_dags/example_sensors.py for tasks to queue
[2025-09-19T09:33:20.648+0000] {logging_mixin.py:149} INFO - [2025-09-19T09:33:20.648+0000] {dagbag.py:541} INFO - Filling up the DagBag from /home/airflow/.local/lib/python3.7/site-packages/airflow/example_dags/example_sensors.py
[2025-09-19T09:33:20.659+0000] {processor.py:836} INFO - DAG(s) dict_keys(['example_sensors']) retrieved from /home/airflow/.local/lib/python3.7/site-packages/airflow/example_dags/example_sensors.py
[2025-09-19T09:33:20.691+0000] {logging_mixin.py:149} INFO - [2025-09-19T09:33:20.691+0000] {dag.py:2726} INFO - Sync 1 DAGs
[2025-09-19T09:33:20.722+0000] {logging_mixin.py:149} INFO - [2025-09-19T09:33:20.722+0000] {dag.py:3490} INFO - Setting next_dagrun for example_sensors to None, run_after=None
[2025-09-19T09:33:20.744+0000] {processor.py:179} INFO - Processing /home/airflow/.local/lib/python3.7/site-packages/airflow/example_dags/example_sensors.py took 0.104 seconds
[2025-09-19T09:33:51.636+0000] {processor.py:157} INFO - Started process (PID=9325) to work on /home/airflow/.local/lib/python3.7/site-packages/airflow/example_dags/example_sensors.py
[2025-09-19T09:33:51.637+0000] {processor.py:826} INFO - Processing file /home/airflow/.local/lib/python3.7/site-packages/airflow/example_dags/example_sensors.py for tasks to queue
[2025-09-19T09:33:51.639+0000] {logging_mixin.py:149} INFO - [2025-09-19T09:33:51.638+0000] {dagbag.py:541} INFO - Filling up the DagBag from /home/airflow/.local/lib/python3.7/site-packages/airflow/example_dags/example_sensors.py
[2025-09-19T09:33:51.653+0000] {processor.py:836} INFO - DAG(s) dict_keys(['example_sensors']) retrieved from /home/airflow/.local/lib/python3.7/site-packages/airflow/example_dags/example_sensors.py
[2025-09-19T09:33:51.685+0000] {logging_mixin.py:149} INFO - [2025-09-19T09:33:51.685+0000] {dag.py:2726} INFO - Sync 1 DAGs
[2025-09-19T09:33:51.716+0000] {logging_mixin.py:149} INFO - [2025-09-19T09:33:51.716+0000] {dag.py:3490} INFO - Setting next_dagrun for example_sensors to None, run_after=None
[2025-09-19T09:33:51.739+0000] {processor.py:179} INFO - Processing /home/airflow/.local/lib/python3.7/site-packages/airflow/example_dags/example_sensors.py took 0.106 seconds
[2025-09-19T09:34:22.316+0000] {processor.py:157} INFO - Started process (PID=9606) to work on /home/airflow/.local/lib/python3.7/site-packages/airflow/example_dags/example_sensors.py
[2025-09-19T09:34:22.317+0000] {processor.py:826} INFO - Processing file /home/airflow/.local/lib/python3.7/site-packages/airflow/example_dags/example_sensors.py for tasks to queue
[2025-09-19T09:34:22.318+0000] {logging_mixin.py:149} INFO - [2025-09-19T09:34:22.318+0000] {dagbag.py:541} INFO - Filling up the DagBag from /home/airflow/.local/lib/python3.7/site-packages/airflow/example_dags/example_sensors.py
[2025-09-19T09:34:22.330+0000] {processor.py:836} INFO - DAG(s) dict_keys(['example_sensors']) retrieved from /home/airflow/.local/lib/python3.7/site-packages/airflow/example_dags/example_sensors.py
[2025-09-19T09:34:22.363+0000] {logging_mixin.py:149} INFO - [2025-09-19T09:34:22.363+0000] {dag.py:2726} INFO - Sync 1 DAGs
[2025-09-19T09:34:22.391+0000] {logging_mixin.py:149} INFO - [2025-09-19T09:34:22.391+0000] {dag.py:3490} INFO - Setting next_dagrun for example_sensors to None, run_after=None
[2025-09-19T09:34:22.412+0000] {processor.py:179} INFO - Processing /home/airflow/.local/lib/python3.7/site-packages/airflow/example_dags/example_sensors.py took 0.099 seconds
[2025-09-19T09:34:53.178+0000] {processor.py:157} INFO - Started process (PID=9894) to work on /home/airflow/.local/lib/python3.7/site-packages/airflow/example_dags/example_sensors.py
[2025-09-19T09:34:53.179+0000] {processor.py:826} INFO - Processing file /home/airflow/.local/lib/python3.7/site-packages/airflow/example_dags/example_sensors.py for tasks to queue
[2025-09-19T09:34:53.180+0000] {logging_mixin.py:149} INFO - [2025-09-19T09:34:53.179+0000] {dagbag.py:541} INFO - Filling up the DagBag from /home/airflow/.local/lib/python3.7/site-packages/airflow/example_dags/example_sensors.py
[2025-09-19T09:34:53.191+0000] {processor.py:836} INFO - DAG(s) dict_keys(['example_sensors']) retrieved from /home/airflow/.local/lib/python3.7/site-packages/airflow/example_dags/example_sensors.py
[2025-09-19T09:34:53.229+0000] {logging_mixin.py:149} INFO - [2025-09-19T09:34:53.228+0000] {dag.py:2726} INFO - Sync 1 DAGs
[2025-09-19T09:34:53.259+0000] {logging_mixin.py:149} INFO - [2025-09-19T09:34:53.259+0000] {dag.py:3490} INFO - Setting next_dagrun for example_sensors to None, run_after=None
[2025-09-19T09:34:53.280+0000] {processor.py:179} INFO - Processing /home/airflow/.local/lib/python3.7/site-packages/airflow/example_dags/example_sensors.py took 0.105 seconds
[2025-09-19T09:35:24.541+0000] {processor.py:157} INFO - Started process (PID=10180) to work on /home/airflow/.local/lib/python3.7/site-packages/airflow/example_dags/example_sensors.py
[2025-09-19T09:35:24.542+0000] {processor.py:826} INFO - Processing file /home/airflow/.local/lib/python3.7/site-packages/airflow/example_dags/example_sensors.py for tasks to queue
[2025-09-19T09:35:24.544+0000] {logging_mixin.py:149} INFO - [2025-09-19T09:35:24.543+0000] {dagbag.py:541} INFO - Filling up the DagBag from /home/airflow/.local/lib/python3.7/site-packages/airflow/example_dags/example_sensors.py
[2025-09-19T09:35:24.560+0000] {processor.py:836} INFO - DAG(s) dict_keys(['example_sensors']) retrieved from /home/airflow/.local/lib/python3.7/site-packages/airflow/example_dags/example_sensors.py
[2025-09-19T09:35:24.592+0000] {logging_mixin.py:149} INFO - [2025-09-19T09:35:24.592+0000] {dag.py:2726} INFO - Sync 1 DAGs
[2025-09-19T09:35:24.621+0000] {logging_mixin.py:149} INFO - [2025-09-19T09:35:24.621+0000] {dag.py:3490} INFO - Setting next_dagrun for example_sensors to None, run_after=None
[2025-09-19T09:35:24.642+0000] {processor.py:179} INFO - Processing /home/airflow/.local/lib/python3.7/site-packages/airflow/example_dags/example_sensors.py took 0.107 seconds
[2025-09-19T09:35:55.390+0000] {processor.py:157} INFO - Started process (PID=10461) to work on /home/airflow/.local/lib/python3.7/site-packages/airflow/example_dags/example_sensors.py
[2025-09-19T09:35:55.391+0000] {processor.py:826} INFO - Processing file /home/airflow/.local/lib/python3.7/site-packages/airflow/example_dags/example_sensors.py for tasks to queue
[2025-09-19T09:35:55.391+0000] {logging_mixin.py:149} INFO - [2025-09-19T09:35:55.391+0000] {dagbag.py:541} INFO - Filling up the DagBag from /home/airflow/.local/lib/python3.7/site-packages/airflow/example_dags/example_sensors.py
[2025-09-19T09:35:55.402+0000] {processor.py:836} INFO - DAG(s) dict_keys(['example_sensors']) retrieved from /home/airflow/.local/lib/python3.7/site-packages/airflow/example_dags/example_sensors.py
[2025-09-19T09:35:55.434+0000] {logging_mixin.py:149} INFO - [2025-09-19T09:35:55.434+0000] {dag.py:2726} INFO - Sync 1 DAGs
[2025-09-19T09:35:55.462+0000] {logging_mixin.py:149} INFO - [2025-09-19T09:35:55.462+0000] {dag.py:3490} INFO - Setting next_dagrun for example_sensors to None, run_after=None
[2025-09-19T09:35:55.488+0000] {processor.py:179} INFO - Processing /home/airflow/.local/lib/python3.7/site-packages/airflow/example_dags/example_sensors.py took 0.102 seconds
[2025-09-19T09:36:26.214+0000] {processor.py:157} INFO - Started process (PID=10742) to work on /home/airflow/.local/lib/python3.7/site-packages/airflow/example_dags/example_sensors.py
[2025-09-19T09:36:26.215+0000] {processor.py:826} INFO - Processing file /home/airflow/.local/lib/python3.7/site-packages/airflow/example_dags/example_sensors.py for tasks to queue
[2025-09-19T09:36:26.216+0000] {logging_mixin.py:149} INFO - [2025-09-19T09:36:26.216+0000] {dagbag.py:541} INFO - Filling up the DagBag from /home/airflow/.local/lib/python3.7/site-packages/airflow/example_dags/example_sensors.py
[2025-09-19T09:36:26.227+0000] {processor.py:836} INFO - DAG(s) dict_keys(['example_sensors']) retrieved from /home/airflow/.local/lib/python3.7/site-packages/airflow/example_dags/example_sensors.py
[2025-09-19T09:36:26.258+0000] {logging_mixin.py:149} INFO - [2025-09-19T09:36:26.258+0000] {dag.py:2726} INFO - Sync 1 DAGs
[2025-09-19T09:36:26.286+0000] {logging_mixin.py:149} INFO - [2025-09-19T09:36:26.286+0000] {dag.py:3490} INFO - Setting next_dagrun for example_sensors to None, run_after=None
[2025-09-19T09:36:26.308+0000] {processor.py:179} INFO - Processing /home/airflow/.local/lib/python3.7/site-packages/airflow/example_dags/example_sensors.py took 0.097 seconds
[2025-09-19T09:36:57.043+0000] {processor.py:157} INFO - Started process (PID=11023) to work on /home/airflow/.local/lib/python3.7/site-packages/airflow/example_dags/example_sensors.py
[2025-09-19T09:36:57.044+0000] {processor.py:826} INFO - Processing file /home/airflow/.local/lib/python3.7/site-packages/airflow/example_dags/example_sensors.py for tasks to queue
[2025-09-19T09:36:57.045+0000] {logging_mixin.py:149} INFO - [2025-09-19T09:36:57.045+0000] {dagbag.py:541} INFO - Filling up the DagBag from /home/airflow/.local/lib/python3.7/site-packages/airflow/example_dags/example_sensors.py
[2025-09-19T09:36:57.056+0000] {processor.py:836} INFO - DAG(s) dict_keys(['example_sensors']) retrieved from /home/airflow/.local/lib/python3.7/site-packages/airflow/example_dags/example_sensors.py
[2025-09-19T09:36:57.090+0000] {logging_mixin.py:149} INFO - [2025-09-19T09:36:57.089+0000] {dag.py:2726} INFO - Sync 1 DAGs
[2025-09-19T09:36:57.118+0000] {logging_mixin.py:149} INFO - [2025-09-19T09:36:57.117+0000] {dag.py:3490} INFO - Setting next_dagrun for example_sensors to None, run_after=None
[2025-09-19T09:36:57.139+0000] {processor.py:179} INFO - Processing /home/airflow/.local/lib/python3.7/site-packages/airflow/example_dags/example_sensors.py took 0.099 seconds
[2025-09-19T09:37:27.688+0000] {processor.py:157} INFO - Started process (PID=11304) to work on /home/airflow/.local/lib/python3.7/site-packages/airflow/example_dags/example_sensors.py
[2025-09-19T09:37:27.689+0000] {processor.py:826} INFO - Processing file /home/airflow/.local/lib/python3.7/site-packages/airflow/example_dags/example_sensors.py for tasks to queue
[2025-09-19T09:37:27.690+0000] {logging_mixin.py:149} INFO - [2025-09-19T09:37:27.689+0000] {dagbag.py:541} INFO - Filling up the DagBag from /home/airflow/.local/lib/python3.7/site-packages/airflow/example_dags/example_sensors.py
[2025-09-19T09:37:27.703+0000] {processor.py:836} INFO - DAG(s) dict_keys(['example_sensors']) retrieved from /home/airflow/.local/lib/python3.7/site-packages/airflow/example_dags/example_sensors.py
[2025-09-19T09:37:27.740+0000] {logging_mixin.py:149} INFO - [2025-09-19T09:37:27.740+0000] {dag.py:2726} INFO - Sync 1 DAGs
[2025-09-19T09:37:27.767+0000] {logging_mixin.py:149} INFO - [2025-09-19T09:37:27.767+0000] {dag.py:3490} INFO - Setting next_dagrun for example_sensors to None, run_after=None
[2025-09-19T09:37:27.790+0000] {processor.py:179} INFO - Processing /home/airflow/.local/lib/python3.7/site-packages/airflow/example_dags/example_sensors.py took 0.106 seconds
[2025-09-19T09:37:59.266+0000] {processor.py:157} INFO - Started process (PID=11585) to work on /home/airflow/.local/lib/python3.7/site-packages/airflow/example_dags/example_sensors.py
[2025-09-19T09:37:59.267+0000] {processor.py:826} INFO - Processing file /home/airflow/.local/lib/python3.7/site-packages/airflow/example_dags/example_sensors.py for tasks to queue
[2025-09-19T09:37:59.268+0000] {logging_mixin.py:149} INFO - [2025-09-19T09:37:59.268+0000] {dagbag.py:541} INFO - Filling up the DagBag from /home/airflow/.local/lib/python3.7/site-packages/airflow/example_dags/example_sensors.py
[2025-09-19T09:37:59.279+0000] {processor.py:836} INFO - DAG(s) dict_keys(['example_sensors']) retrieved from /home/airflow/.local/lib/python3.7/site-packages/airflow/example_dags/example_sensors.py
[2025-09-19T09:37:59.314+0000] {logging_mixin.py:149} INFO - [2025-09-19T09:37:59.314+0000] {dag.py:2726} INFO - Sync 1 DAGs
[2025-09-19T09:37:59.341+0000] {logging_mixin.py:149} INFO - [2025-09-19T09:37:59.341+0000] {dag.py:3490} INFO - Setting next_dagrun for example_sensors to None, run_after=None
[2025-09-19T09:37:59.362+0000] {processor.py:179} INFO - Processing /home/airflow/.local/lib/python3.7/site-packages/airflow/example_dags/example_sensors.py took 0.100 seconds
[2025-09-19T09:38:29.940+0000] {processor.py:157} INFO - Started process (PID=11866) to work on /home/airflow/.local/lib/python3.7/site-packages/airflow/example_dags/example_sensors.py
[2025-09-19T09:38:29.941+0000] {processor.py:826} INFO - Processing file /home/airflow/.local/lib/python3.7/site-packages/airflow/example_dags/example_sensors.py for tasks to queue
[2025-09-19T09:38:29.942+0000] {logging_mixin.py:149} INFO - [2025-09-19T09:38:29.941+0000] {dagbag.py:541} INFO - Filling up the DagBag from /home/airflow/.local/lib/python3.7/site-packages/airflow/example_dags/example_sensors.py
[2025-09-19T09:38:29.952+0000] {processor.py:836} INFO - DAG(s) dict_keys(['example_sensors']) retrieved from /home/airflow/.local/lib/python3.7/site-packages/airflow/example_dags/example_sensors.py
[2025-09-19T09:38:29.986+0000] {logging_mixin.py:149} INFO - [2025-09-19T09:38:29.985+0000] {dag.py:2726} INFO - Sync 1 DAGs
[2025-09-19T09:38:30.017+0000] {logging_mixin.py:149} INFO - [2025-09-19T09:38:30.017+0000] {dag.py:3490} INFO - Setting next_dagrun for example_sensors to None, run_after=None
[2025-09-19T09:38:30.040+0000] {processor.py:179} INFO - Processing /home/airflow/.local/lib/python3.7/site-packages/airflow/example_dags/example_sensors.py took 0.104 seconds
[2025-09-19T09:39:01.114+0000] {processor.py:157} INFO - Started process (PID=12147) to work on /home/airflow/.local/lib/python3.7/site-packages/airflow/example_dags/example_sensors.py
[2025-09-19T09:39:01.115+0000] {processor.py:826} INFO - Processing file /home/airflow/.local/lib/python3.7/site-packages/airflow/example_dags/example_sensors.py for tasks to queue
[2025-09-19T09:39:01.116+0000] {logging_mixin.py:149} INFO - [2025-09-19T09:39:01.116+0000] {dagbag.py:541} INFO - Filling up the DagBag from /home/airflow/.local/lib/python3.7/site-packages/airflow/example_dags/example_sensors.py
[2025-09-19T09:39:01.127+0000] {processor.py:836} INFO - DAG(s) dict_keys(['example_sensors']) retrieved from /home/airflow/.local/lib/python3.7/site-packages/airflow/example_dags/example_sensors.py
[2025-09-19T09:39:01.160+0000] {logging_mixin.py:149} INFO - [2025-09-19T09:39:01.160+0000] {dag.py:2726} INFO - Sync 1 DAGs
[2025-09-19T09:39:01.188+0000] {logging_mixin.py:149} INFO - [2025-09-19T09:39:01.188+0000] {dag.py:3490} INFO - Setting next_dagrun for example_sensors to None, run_after=None
[2025-09-19T09:39:01.215+0000] {processor.py:179} INFO - Processing /home/airflow/.local/lib/python3.7/site-packages/airflow/example_dags/example_sensors.py took 0.104 seconds
[2025-09-19T09:39:32.215+0000] {processor.py:157} INFO - Started process (PID=12428) to work on /home/airflow/.local/lib/python3.7/site-packages/airflow/example_dags/example_sensors.py
[2025-09-19T09:39:32.216+0000] {processor.py:826} INFO - Processing file /home/airflow/.local/lib/python3.7/site-packages/airflow/example_dags/example_sensors.py for tasks to queue
[2025-09-19T09:39:32.217+0000] {logging_mixin.py:149} INFO - [2025-09-19T09:39:32.217+0000] {dagbag.py:541} INFO - Filling up the DagBag from /home/airflow/.local/lib/python3.7/site-packages/airflow/example_dags/example_sensors.py
[2025-09-19T09:39:32.228+0000] {processor.py:836} INFO - DAG(s) dict_keys(['example_sensors']) retrieved from /home/airflow/.local/lib/python3.7/site-packages/airflow/example_dags/example_sensors.py
[2025-09-19T09:39:32.263+0000] {logging_mixin.py:149} INFO - [2025-09-19T09:39:32.263+0000] {dag.py:2726} INFO - Sync 1 DAGs
[2025-09-19T09:39:32.290+0000] {logging_mixin.py:149} INFO - [2025-09-19T09:39:32.290+0000] {dag.py:3490} INFO - Setting next_dagrun for example_sensors to None, run_after=None
[2025-09-19T09:39:32.312+0000] {processor.py:179} INFO - Processing /home/airflow/.local/lib/python3.7/site-packages/airflow/example_dags/example_sensors.py took 0.100 seconds
[2025-09-19T09:40:03.433+0000] {processor.py:157} INFO - Started process (PID=12709) to work on /home/airflow/.local/lib/python3.7/site-packages/airflow/example_dags/example_sensors.py
[2025-09-19T09:40:03.434+0000] {processor.py:826} INFO - Processing file /home/airflow/.local/lib/python3.7/site-packages/airflow/example_dags/example_sensors.py for tasks to queue
[2025-09-19T09:40:03.434+0000] {logging_mixin.py:149} INFO - [2025-09-19T09:40:03.434+0000] {dagbag.py:541} INFO - Filling up the DagBag from /home/airflow/.local/lib/python3.7/site-packages/airflow/example_dags/example_sensors.py
[2025-09-19T09:40:03.446+0000] {processor.py:836} INFO - DAG(s) dict_keys(['example_sensors']) retrieved from /home/airflow/.local/lib/python3.7/site-packages/airflow/example_dags/example_sensors.py
[2025-09-19T09:40:03.479+0000] {logging_mixin.py:149} INFO - [2025-09-19T09:40:03.478+0000] {dag.py:2726} INFO - Sync 1 DAGs
[2025-09-19T09:40:03.506+0000] {logging_mixin.py:149} INFO - [2025-09-19T09:40:03.506+0000] {dag.py:3490} INFO - Setting next_dagrun for example_sensors to None, run_after=None
[2025-09-19T09:40:03.529+0000] {processor.py:179} INFO - Processing /home/airflow/.local/lib/python3.7/site-packages/airflow/example_dags/example_sensors.py took 0.100 seconds
[2025-09-19T09:40:34.245+0000] {processor.py:157} INFO - Started process (PID=12990) to work on /home/airflow/.local/lib/python3.7/site-packages/airflow/example_dags/example_sensors.py
[2025-09-19T09:40:34.246+0000] {processor.py:826} INFO - Processing file /home/airflow/.local/lib/python3.7/site-packages/airflow/example_dags/example_sensors.py for tasks to queue
[2025-09-19T09:40:34.247+0000] {logging_mixin.py:149} INFO - [2025-09-19T09:40:34.247+0000] {dagbag.py:541} INFO - Filling up the DagBag from /home/airflow/.local/lib/python3.7/site-packages/airflow/example_dags/example_sensors.py
[2025-09-19T09:40:34.258+0000] {processor.py:836} INFO - DAG(s) dict_keys(['example_sensors']) retrieved from /home/airflow/.local/lib/python3.7/site-packages/airflow/example_dags/example_sensors.py
[2025-09-19T09:40:34.290+0000] {logging_mixin.py:149} INFO - [2025-09-19T09:40:34.290+0000] {dag.py:2726} INFO - Sync 1 DAGs
[2025-09-19T09:40:34.319+0000] {logging_mixin.py:149} INFO - [2025-09-19T09:40:34.319+0000] {dag.py:3490} INFO - Setting next_dagrun for example_sensors to None, run_after=None
[2025-09-19T09:40:34.340+0000] {processor.py:179} INFO - Processing /home/airflow/.local/lib/python3.7/site-packages/airflow/example_dags/example_sensors.py took 0.099 seconds
[2025-09-19T09:41:04.906+0000] {processor.py:157} INFO - Started process (PID=13271) to work on /home/airflow/.local/lib/python3.7/site-packages/airflow/example_dags/example_sensors.py
[2025-09-19T09:41:04.907+0000] {processor.py:826} INFO - Processing file /home/airflow/.local/lib/python3.7/site-packages/airflow/example_dags/example_sensors.py for tasks to queue
[2025-09-19T09:41:04.908+0000] {logging_mixin.py:149} INFO - [2025-09-19T09:41:04.908+0000] {dagbag.py:541} INFO - Filling up the DagBag from /home/airflow/.local/lib/python3.7/site-packages/airflow/example_dags/example_sensors.py
[2025-09-19T09:41:04.919+0000] {processor.py:836} INFO - DAG(s) dict_keys(['example_sensors']) retrieved from /home/airflow/.local/lib/python3.7/site-packages/airflow/example_dags/example_sensors.py
[2025-09-19T09:41:04.961+0000] {logging_mixin.py:149} INFO - [2025-09-19T09:41:04.961+0000] {dag.py:2726} INFO - Sync 1 DAGs
[2025-09-19T09:41:04.990+0000] {logging_mixin.py:149} INFO - [2025-09-19T09:41:04.990+0000] {dag.py:3490} INFO - Setting next_dagrun for example_sensors to None, run_after=None
[2025-09-19T09:41:05.015+0000] {processor.py:179} INFO - Processing /home/airflow/.local/lib/python3.7/site-packages/airflow/example_dags/example_sensors.py took 0.113 seconds
[2025-09-19T09:41:35.506+0000] {processor.py:157} INFO - Started process (PID=13551) to work on /home/airflow/.local/lib/python3.7/site-packages/airflow/example_dags/example_sensors.py
[2025-09-19T09:41:35.507+0000] {processor.py:826} INFO - Processing file /home/airflow/.local/lib/python3.7/site-packages/airflow/example_dags/example_sensors.py for tasks to queue
[2025-09-19T09:41:35.508+0000] {logging_mixin.py:149} INFO - [2025-09-19T09:41:35.508+0000] {dagbag.py:541} INFO - Filling up the DagBag from /home/airflow/.local/lib/python3.7/site-packages/airflow/example_dags/example_sensors.py
[2025-09-19T09:41:35.519+0000] {processor.py:836} INFO - DAG(s) dict_keys(['example_sensors']) retrieved from /home/airflow/.local/lib/python3.7/site-packages/airflow/example_dags/example_sensors.py
[2025-09-19T09:41:35.553+0000] {logging_mixin.py:149} INFO - [2025-09-19T09:41:35.553+0000] {dag.py:2726} INFO - Sync 1 DAGs
[2025-09-19T09:41:35.582+0000] {logging_mixin.py:149} INFO - [2025-09-19T09:41:35.581+0000] {dag.py:3490} INFO - Setting next_dagrun for example_sensors to None, run_after=None
[2025-09-19T09:41:35.602+0000] {processor.py:179} INFO - Processing /home/airflow/.local/lib/python3.7/site-packages/airflow/example_dags/example_sensors.py took 0.101 seconds
[2025-09-19T09:42:05.955+0000] {processor.py:157} INFO - Started process (PID=13832) to work on /home/airflow/.local/lib/python3.7/site-packages/airflow/example_dags/example_sensors.py
[2025-09-19T09:42:05.956+0000] {processor.py:826} INFO - Processing file /home/airflow/.local/lib/python3.7/site-packages/airflow/example_dags/example_sensors.py for tasks to queue
[2025-09-19T09:42:05.957+0000] {logging_mixin.py:149} INFO - [2025-09-19T09:42:05.956+0000] {dagbag.py:541} INFO - Filling up the DagBag from /home/airflow/.local/lib/python3.7/site-packages/airflow/example_dags/example_sensors.py
[2025-09-19T09:42:05.967+0000] {processor.py:836} INFO - DAG(s) dict_keys(['example_sensors']) retrieved from /home/airflow/.local/lib/python3.7/site-packages/airflow/example_dags/example_sensors.py
[2025-09-19T09:42:06.002+0000] {logging_mixin.py:149} INFO - [2025-09-19T09:42:06.001+0000] {dag.py:2726} INFO - Sync 1 DAGs
[2025-09-19T09:42:06.029+0000] {logging_mixin.py:149} INFO - [2025-09-19T09:42:06.029+0000] {dag.py:3490} INFO - Setting next_dagrun for example_sensors to None, run_after=None
[2025-09-19T09:42:06.052+0000] {processor.py:179} INFO - Processing /home/airflow/.local/lib/python3.7/site-packages/airflow/example_dags/example_sensors.py took 0.101 seconds
[2025-09-19T09:42:37.071+0000] {processor.py:157} INFO - Started process (PID=14113) to work on /home/airflow/.local/lib/python3.7/site-packages/airflow/example_dags/example_sensors.py
[2025-09-19T09:42:37.072+0000] {processor.py:826} INFO - Processing file /home/airflow/.local/lib/python3.7/site-packages/airflow/example_dags/example_sensors.py for tasks to queue
[2025-09-19T09:42:37.073+0000] {logging_mixin.py:149} INFO - [2025-09-19T09:42:37.073+0000] {dagbag.py:541} INFO - Filling up the DagBag from /home/airflow/.local/lib/python3.7/site-packages/airflow/example_dags/example_sensors.py
[2025-09-19T09:42:37.083+0000] {processor.py:836} INFO - DAG(s) dict_keys(['example_sensors']) retrieved from /home/airflow/.local/lib/python3.7/site-packages/airflow/example_dags/example_sensors.py
[2025-09-19T09:42:37.116+0000] {logging_mixin.py:149} INFO - [2025-09-19T09:42:37.116+0000] {dag.py:2726} INFO - Sync 1 DAGs
[2025-09-19T09:42:37.144+0000] {logging_mixin.py:149} INFO - [2025-09-19T09:42:37.144+0000] {dag.py:3490} INFO - Setting next_dagrun for example_sensors to None, run_after=None
[2025-09-19T09:42:37.165+0000] {processor.py:179} INFO - Processing /home/airflow/.local/lib/python3.7/site-packages/airflow/example_dags/example_sensors.py took 0.097 seconds
[2025-09-19T09:43:08.059+0000] {processor.py:157} INFO - Started process (PID=14394) to work on /home/airflow/.local/lib/python3.7/site-packages/airflow/example_dags/example_sensors.py
[2025-09-19T09:43:08.060+0000] {processor.py:826} INFO - Processing file /home/airflow/.local/lib/python3.7/site-packages/airflow/example_dags/example_sensors.py for tasks to queue
[2025-09-19T09:43:08.061+0000] {logging_mixin.py:149} INFO - [2025-09-19T09:43:08.061+0000] {dagbag.py:541} INFO - Filling up the DagBag from /home/airflow/.local/lib/python3.7/site-packages/airflow/example_dags/example_sensors.py
[2025-09-19T09:43:08.072+0000] {processor.py:836} INFO - DAG(s) dict_keys(['example_sensors']) retrieved from /home/airflow/.local/lib/python3.7/site-packages/airflow/example_dags/example_sensors.py
[2025-09-19T09:43:08.110+0000] {logging_mixin.py:149} INFO - [2025-09-19T09:43:08.110+0000] {dag.py:2726} INFO - Sync 1 DAGs
[2025-09-19T09:43:08.138+0000] {logging_mixin.py:149} INFO - [2025-09-19T09:43:08.138+0000] {dag.py:3490} INFO - Setting next_dagrun for example_sensors to None, run_after=None
[2025-09-19T09:43:08.160+0000] {processor.py:179} INFO - Processing /home/airflow/.local/lib/python3.7/site-packages/airflow/example_dags/example_sensors.py took 0.104 seconds
[2025-09-19T09:43:38.676+0000] {processor.py:157} INFO - Started process (PID=14675) to work on /home/airflow/.local/lib/python3.7/site-packages/airflow/example_dags/example_sensors.py
[2025-09-19T09:43:38.677+0000] {processor.py:826} INFO - Processing file /home/airflow/.local/lib/python3.7/site-packages/airflow/example_dags/example_sensors.py for tasks to queue
[2025-09-19T09:43:38.678+0000] {logging_mixin.py:149} INFO - [2025-09-19T09:43:38.678+0000] {dagbag.py:541} INFO - Filling up the DagBag from /home/airflow/.local/lib/python3.7/site-packages/airflow/example_dags/example_sensors.py
[2025-09-19T09:43:38.691+0000] {processor.py:836} INFO - DAG(s) dict_keys(['example_sensors']) retrieved from /home/airflow/.local/lib/python3.7/site-packages/airflow/example_dags/example_sensors.py
[2025-09-19T09:43:38.725+0000] {logging_mixin.py:149} INFO - [2025-09-19T09:43:38.725+0000] {dag.py:2726} INFO - Sync 1 DAGs
[2025-09-19T09:43:38.757+0000] {logging_mixin.py:149} INFO - [2025-09-19T09:43:38.757+0000] {dag.py:3490} INFO - Setting next_dagrun for example_sensors to None, run_after=None
[2025-09-19T09:43:38.779+0000] {processor.py:179} INFO - Processing /home/airflow/.local/lib/python3.7/site-packages/airflow/example_dags/example_sensors.py took 0.106 seconds
[2025-09-19T09:44:09.665+0000] {processor.py:157} INFO - Started process (PID=14956) to work on /home/airflow/.local/lib/python3.7/site-packages/airflow/example_dags/example_sensors.py
[2025-09-19T09:44:09.666+0000] {processor.py:826} INFO - Processing file /home/airflow/.local/lib/python3.7/site-packages/airflow/example_dags/example_sensors.py for tasks to queue
[2025-09-19T09:44:09.667+0000] {logging_mixin.py:149} INFO - [2025-09-19T09:44:09.667+0000] {dagbag.py:541} INFO - Filling up the DagBag from /home/airflow/.local/lib/python3.7/site-packages/airflow/example_dags/example_sensors.py
[2025-09-19T09:44:09.678+0000] {processor.py:836} INFO - DAG(s) dict_keys(['example_sensors']) retrieved from /home/airflow/.local/lib/python3.7/site-packages/airflow/example_dags/example_sensors.py
[2025-09-19T09:44:09.719+0000] {logging_mixin.py:149} INFO - [2025-09-19T09:44:09.719+0000] {dag.py:2726} INFO - Sync 1 DAGs
[2025-09-19T09:44:09.756+0000] {logging_mixin.py:149} INFO - [2025-09-19T09:44:09.756+0000] {dag.py:3490} INFO - Setting next_dagrun for example_sensors to None, run_after=None
[2025-09-19T09:44:09.786+0000] {processor.py:179} INFO - Processing /home/airflow/.local/lib/python3.7/site-packages/airflow/example_dags/example_sensors.py took 0.125 seconds
[2025-09-19T09:44:40.526+0000] {processor.py:157} INFO - Started process (PID=15237) to work on /home/airflow/.local/lib/python3.7/site-packages/airflow/example_dags/example_sensors.py
[2025-09-19T09:44:40.527+0000] {processor.py:826} INFO - Processing file /home/airflow/.local/lib/python3.7/site-packages/airflow/example_dags/example_sensors.py for tasks to queue
[2025-09-19T09:44:40.527+0000] {logging_mixin.py:149} INFO - [2025-09-19T09:44:40.527+0000] {dagbag.py:541} INFO - Filling up the DagBag from /home/airflow/.local/lib/python3.7/site-packages/airflow/example_dags/example_sensors.py
[2025-09-19T09:44:40.539+0000] {processor.py:836} INFO - DAG(s) dict_keys(['example_sensors']) retrieved from /home/airflow/.local/lib/python3.7/site-packages/airflow/example_dags/example_sensors.py
[2025-09-19T09:44:40.574+0000] {logging_mixin.py:149} INFO - [2025-09-19T09:44:40.574+0000] {dag.py:2726} INFO - Sync 1 DAGs
[2025-09-19T09:44:40.606+0000] {logging_mixin.py:149} INFO - [2025-09-19T09:44:40.606+0000] {dag.py:3490} INFO - Setting next_dagrun for example_sensors to None, run_after=None
[2025-09-19T09:44:40.627+0000] {processor.py:179} INFO - Processing /home/airflow/.local/lib/python3.7/site-packages/airflow/example_dags/example_sensors.py took 0.105 seconds
[2025-09-19T09:45:11.801+0000] {processor.py:157} INFO - Started process (PID=15518) to work on /home/airflow/.local/lib/python3.7/site-packages/airflow/example_dags/example_sensors.py
[2025-09-19T09:45:11.802+0000] {processor.py:826} INFO - Processing file /home/airflow/.local/lib/python3.7/site-packages/airflow/example_dags/example_sensors.py for tasks to queue
[2025-09-19T09:45:11.803+0000] {logging_mixin.py:149} INFO - [2025-09-19T09:45:11.803+0000] {dagbag.py:541} INFO - Filling up the DagBag from /home/airflow/.local/lib/python3.7/site-packages/airflow/example_dags/example_sensors.py
[2025-09-19T09:45:11.813+0000] {processor.py:836} INFO - DAG(s) dict_keys(['example_sensors']) retrieved from /home/airflow/.local/lib/python3.7/site-packages/airflow/example_dags/example_sensors.py
[2025-09-19T09:45:11.846+0000] {logging_mixin.py:149} INFO - [2025-09-19T09:45:11.846+0000] {dag.py:2726} INFO - Sync 1 DAGs
[2025-09-19T09:45:11.873+0000] {logging_mixin.py:149} INFO - [2025-09-19T09:45:11.873+0000] {dag.py:3490} INFO - Setting next_dagrun for example_sensors to None, run_after=None
[2025-09-19T09:45:11.896+0000] {processor.py:179} INFO - Processing /home/airflow/.local/lib/python3.7/site-packages/airflow/example_dags/example_sensors.py took 0.099 seconds
[2025-09-19T09:45:42.910+0000] {processor.py:157} INFO - Started process (PID=15800) to work on /home/airflow/.local/lib/python3.7/site-packages/airflow/example_dags/example_sensors.py
[2025-09-19T09:45:42.911+0000] {processor.py:826} INFO - Processing file /home/airflow/.local/lib/python3.7/site-packages/airflow/example_dags/example_sensors.py for tasks to queue
[2025-09-19T09:45:42.912+0000] {logging_mixin.py:149} INFO - [2025-09-19T09:45:42.911+0000] {dagbag.py:541} INFO - Filling up the DagBag from /home/airflow/.local/lib/python3.7/site-packages/airflow/example_dags/example_sensors.py
[2025-09-19T09:45:42.922+0000] {processor.py:836} INFO - DAG(s) dict_keys(['example_sensors']) retrieved from /home/airflow/.local/lib/python3.7/site-packages/airflow/example_dags/example_sensors.py
[2025-09-19T09:45:42.957+0000] {logging_mixin.py:149} INFO - [2025-09-19T09:45:42.957+0000] {dag.py:2726} INFO - Sync 1 DAGs
[2025-09-19T09:45:42.985+0000] {logging_mixin.py:149} INFO - [2025-09-19T09:45:42.985+0000] {dag.py:3490} INFO - Setting next_dagrun for example_sensors to None, run_after=None
[2025-09-19T09:45:43.006+0000] {processor.py:179} INFO - Processing /home/airflow/.local/lib/python3.7/site-packages/airflow/example_dags/example_sensors.py took 0.100 seconds
[2025-09-19T09:46:13.778+0000] {processor.py:157} INFO - Started process (PID=16081) to work on /home/airflow/.local/lib/python3.7/site-packages/airflow/example_dags/example_sensors.py
[2025-09-19T09:46:13.780+0000] {processor.py:826} INFO - Processing file /home/airflow/.local/lib/python3.7/site-packages/airflow/example_dags/example_sensors.py for tasks to queue
[2025-09-19T09:46:13.781+0000] {logging_mixin.py:149} INFO - [2025-09-19T09:46:13.781+0000] {dagbag.py:541} INFO - Filling up the DagBag from /home/airflow/.local/lib/python3.7/site-packages/airflow/example_dags/example_sensors.py
[2025-09-19T09:46:13.794+0000] {processor.py:836} INFO - DAG(s) dict_keys(['example_sensors']) retrieved from /home/airflow/.local/lib/python3.7/site-packages/airflow/example_dags/example_sensors.py
[2025-09-19T09:46:13.828+0000] {logging_mixin.py:149} INFO - [2025-09-19T09:46:13.828+0000] {dag.py:2726} INFO - Sync 1 DAGs
[2025-09-19T09:46:13.855+0000] {logging_mixin.py:149} INFO - [2025-09-19T09:46:13.855+0000] {dag.py:3490} INFO - Setting next_dagrun for example_sensors to None, run_after=None
[2025-09-19T09:46:13.876+0000] {processor.py:179} INFO - Processing /home/airflow/.local/lib/python3.7/site-packages/airflow/example_dags/example_sensors.py took 0.102 seconds
[2025-09-19T09:46:44.439+0000] {processor.py:157} INFO - Started process (PID=16362) to work on /home/airflow/.local/lib/python3.7/site-packages/airflow/example_dags/example_sensors.py
[2025-09-19T09:46:44.440+0000] {processor.py:826} INFO - Processing file /home/airflow/.local/lib/python3.7/site-packages/airflow/example_dags/example_sensors.py for tasks to queue
[2025-09-19T09:46:44.440+0000] {logging_mixin.py:149} INFO - [2025-09-19T09:46:44.440+0000] {dagbag.py:541} INFO - Filling up the DagBag from /home/airflow/.local/lib/python3.7/site-packages/airflow/example_dags/example_sensors.py
[2025-09-19T09:46:44.451+0000] {processor.py:836} INFO - DAG(s) dict_keys(['example_sensors']) retrieved from /home/airflow/.local/lib/python3.7/site-packages/airflow/example_dags/example_sensors.py
[2025-09-19T09:46:44.482+0000] {logging_mixin.py:149} INFO - [2025-09-19T09:46:44.482+0000] {dag.py:2726} INFO - Sync 1 DAGs
[2025-09-19T09:46:44.514+0000] {logging_mixin.py:149} INFO - [2025-09-19T09:46:44.514+0000] {dag.py:3490} INFO - Setting next_dagrun for example_sensors to None, run_after=None
[2025-09-19T09:46:44.537+0000] {processor.py:179} INFO - Processing /home/airflow/.local/lib/python3.7/site-packages/airflow/example_dags/example_sensors.py took 0.102 seconds
[2025-09-19T09:47:15.364+0000] {processor.py:157} INFO - Started process (PID=16643) to work on /home/airflow/.local/lib/python3.7/site-packages/airflow/example_dags/example_sensors.py
[2025-09-19T09:47:15.365+0000] {processor.py:826} INFO - Processing file /home/airflow/.local/lib/python3.7/site-packages/airflow/example_dags/example_sensors.py for tasks to queue
[2025-09-19T09:47:15.366+0000] {logging_mixin.py:149} INFO - [2025-09-19T09:47:15.366+0000] {dagbag.py:541} INFO - Filling up the DagBag from /home/airflow/.local/lib/python3.7/site-packages/airflow/example_dags/example_sensors.py
[2025-09-19T09:47:15.377+0000] {processor.py:836} INFO - DAG(s) dict_keys(['example_sensors']) retrieved from /home/airflow/.local/lib/python3.7/site-packages/airflow/example_dags/example_sensors.py
[2025-09-19T09:47:15.410+0000] {logging_mixin.py:149} INFO - [2025-09-19T09:47:15.410+0000] {dag.py:2726} INFO - Sync 1 DAGs
[2025-09-19T09:47:15.437+0000] {logging_mixin.py:149} INFO - [2025-09-19T09:47:15.437+0000] {dag.py:3490} INFO - Setting next_dagrun for example_sensors to None, run_after=None
[2025-09-19T09:47:15.458+0000] {processor.py:179} INFO - Processing /home/airflow/.local/lib/python3.7/site-packages/airflow/example_dags/example_sensors.py took 0.098 seconds
[2025-09-19T09:47:46.380+0000] {processor.py:157} INFO - Started process (PID=16924) to work on /home/airflow/.local/lib/python3.7/site-packages/airflow/example_dags/example_sensors.py
[2025-09-19T09:47:46.381+0000] {processor.py:826} INFO - Processing file /home/airflow/.local/lib/python3.7/site-packages/airflow/example_dags/example_sensors.py for tasks to queue
[2025-09-19T09:47:46.382+0000] {logging_mixin.py:149} INFO - [2025-09-19T09:47:46.382+0000] {dagbag.py:541} INFO - Filling up the DagBag from /home/airflow/.local/lib/python3.7/site-packages/airflow/example_dags/example_sensors.py
[2025-09-19T09:47:46.393+0000] {processor.py:836} INFO - DAG(s) dict_keys(['example_sensors']) retrieved from /home/airflow/.local/lib/python3.7/site-packages/airflow/example_dags/example_sensors.py
[2025-09-19T09:47:46.427+0000] {logging_mixin.py:149} INFO - [2025-09-19T09:47:46.426+0000] {dag.py:2726} INFO - Sync 1 DAGs
[2025-09-19T09:47:46.458+0000] {logging_mixin.py:149} INFO - [2025-09-19T09:47:46.458+0000] {dag.py:3490} INFO - Setting next_dagrun for example_sensors to None, run_after=None
[2025-09-19T09:47:46.483+0000] {processor.py:179} INFO - Processing /home/airflow/.local/lib/python3.7/site-packages/airflow/example_dags/example_sensors.py took 0.107 seconds
[2025-09-19T10:02:35.474+0000] {processor.py:157} INFO - Started process (PID=17213) to work on /home/airflow/.local/lib/python3.7/site-packages/airflow/example_dags/example_sensors.py
[2025-09-19T10:02:35.475+0000] {processor.py:826} INFO - Processing file /home/airflow/.local/lib/python3.7/site-packages/airflow/example_dags/example_sensors.py for tasks to queue
[2025-09-19T10:02:35.477+0000] {logging_mixin.py:149} INFO - [2025-09-19T10:02:35.477+0000] {dagbag.py:541} INFO - Filling up the DagBag from /home/airflow/.local/lib/python3.7/site-packages/airflow/example_dags/example_sensors.py
[2025-09-19T10:02:35.501+0000] {processor.py:836} INFO - DAG(s) dict_keys(['example_sensors']) retrieved from /home/airflow/.local/lib/python3.7/site-packages/airflow/example_dags/example_sensors.py
[2025-09-19T10:02:35.580+0000] {logging_mixin.py:149} INFO - [2025-09-19T10:02:35.580+0000] {dag.py:2726} INFO - Sync 1 DAGs
[2025-09-19T10:02:35.658+0000] {logging_mixin.py:149} INFO - [2025-09-19T10:02:35.658+0000] {dag.py:3490} INFO - Setting next_dagrun for example_sensors to None, run_after=None
[2025-09-19T10:02:35.709+0000] {processor.py:179} INFO - Processing /home/airflow/.local/lib/python3.7/site-packages/airflow/example_dags/example_sensors.py took 0.242 seconds
[2025-09-19T10:18:54.404+0000] {processor.py:157} INFO - Started process (PID=17494) to work on /home/airflow/.local/lib/python3.7/site-packages/airflow/example_dags/example_sensors.py
[2025-09-19T10:18:54.414+0000] {processor.py:826} INFO - Processing file /home/airflow/.local/lib/python3.7/site-packages/airflow/example_dags/example_sensors.py for tasks to queue
[2025-09-19T10:18:54.418+0000] {logging_mixin.py:149} INFO - [2025-09-19T10:18:54.418+0000] {dagbag.py:541} INFO - Filling up the DagBag from /home/airflow/.local/lib/python3.7/site-packages/airflow/example_dags/example_sensors.py
[2025-09-19T10:18:54.461+0000] {processor.py:836} INFO - DAG(s) dict_keys(['example_sensors']) retrieved from /home/airflow/.local/lib/python3.7/site-packages/airflow/example_dags/example_sensors.py
[2025-09-19T10:18:54.582+0000] {logging_mixin.py:149} INFO - [2025-09-19T10:18:54.581+0000] {dag.py:2726} INFO - Sync 1 DAGs
[2025-09-19T10:18:54.681+0000] {logging_mixin.py:149} INFO - [2025-09-19T10:18:54.681+0000] {dag.py:3490} INFO - Setting next_dagrun for example_sensors to None, run_after=None
[2025-09-19T10:18:54.772+0000] {processor.py:179} INFO - Processing /home/airflow/.local/lib/python3.7/site-packages/airflow/example_dags/example_sensors.py took 0.379 seconds
[2025-09-19T10:24:42.010+0000] {processor.py:157} INFO - Started process (PID=17921) to work on /home/airflow/.local/lib/python3.7/site-packages/airflow/example_dags/example_sensors.py
[2025-09-19T10:24:42.011+0000] {processor.py:826} INFO - Processing file /home/airflow/.local/lib/python3.7/site-packages/airflow/example_dags/example_sensors.py for tasks to queue
[2025-09-19T10:24:42.012+0000] {logging_mixin.py:149} INFO - [2025-09-19T10:24:42.012+0000] {dagbag.py:541} INFO - Filling up the DagBag from /home/airflow/.local/lib/python3.7/site-packages/airflow/example_dags/example_sensors.py
[2025-09-19T10:24:42.029+0000] {processor.py:836} INFO - DAG(s) dict_keys(['example_sensors']) retrieved from /home/airflow/.local/lib/python3.7/site-packages/airflow/example_dags/example_sensors.py
[2025-09-19T10:24:42.075+0000] {logging_mixin.py:149} INFO - [2025-09-19T10:24:42.075+0000] {dag.py:2726} INFO - Sync 1 DAGs
[2025-09-19T10:24:42.120+0000] {logging_mixin.py:149} INFO - [2025-09-19T10:24:42.119+0000] {dag.py:3490} INFO - Setting next_dagrun for example_sensors to None, run_after=None
[2025-09-19T10:24:42.156+0000] {processor.py:179} INFO - Processing /home/airflow/.local/lib/python3.7/site-packages/airflow/example_dags/example_sensors.py took 0.152 seconds
[2025-09-19T10:26:35.062+0000] {processor.py:157} INFO - Started process (PID=18202) to work on /home/airflow/.local/lib/python3.7/site-packages/airflow/example_dags/example_sensors.py
[2025-09-19T10:26:35.063+0000] {processor.py:826} INFO - Processing file /home/airflow/.local/lib/python3.7/site-packages/airflow/example_dags/example_sensors.py for tasks to queue
[2025-09-19T10:26:35.064+0000] {logging_mixin.py:149} INFO - [2025-09-19T10:26:35.064+0000] {dagbag.py:541} INFO - Filling up the DagBag from /home/airflow/.local/lib/python3.7/site-packages/airflow/example_dags/example_sensors.py
[2025-09-19T10:26:35.077+0000] {processor.py:836} INFO - DAG(s) dict_keys(['example_sensors']) retrieved from /home/airflow/.local/lib/python3.7/site-packages/airflow/example_dags/example_sensors.py
[2025-09-19T10:26:35.116+0000] {logging_mixin.py:149} INFO - [2025-09-19T10:26:35.116+0000] {dag.py:2726} INFO - Sync 1 DAGs
[2025-09-19T10:26:35.148+0000] {logging_mixin.py:149} INFO - [2025-09-19T10:26:35.148+0000] {dag.py:3490} INFO - Setting next_dagrun for example_sensors to None, run_after=None
[2025-09-19T10:26:35.175+0000] {processor.py:179} INFO - Processing /home/airflow/.local/lib/python3.7/site-packages/airflow/example_dags/example_sensors.py took 0.117 seconds
[2025-09-19T10:27:39.450+0000] {processor.py:157} INFO - Started process (PID=18491) to work on /home/airflow/.local/lib/python3.7/site-packages/airflow/example_dags/example_sensors.py
[2025-09-19T10:27:39.452+0000] {processor.py:826} INFO - Processing file /home/airflow/.local/lib/python3.7/site-packages/airflow/example_dags/example_sensors.py for tasks to queue
[2025-09-19T10:27:39.455+0000] {logging_mixin.py:149} INFO - [2025-09-19T10:27:39.454+0000] {dagbag.py:541} INFO - Filling up the DagBag from /home/airflow/.local/lib/python3.7/site-packages/airflow/example_dags/example_sensors.py
[2025-09-19T10:27:39.489+0000] {processor.py:836} INFO - DAG(s) dict_keys(['example_sensors']) retrieved from /home/airflow/.local/lib/python3.7/site-packages/airflow/example_dags/example_sensors.py
[2025-09-19T10:27:39.588+0000] {logging_mixin.py:149} INFO - [2025-09-19T10:27:39.587+0000] {dag.py:2726} INFO - Sync 1 DAGs
[2025-09-19T10:27:39.666+0000] {logging_mixin.py:149} INFO - [2025-09-19T10:27:39.666+0000] {dag.py:3490} INFO - Setting next_dagrun for example_sensors to None, run_after=None
[2025-09-19T10:27:39.719+0000] {processor.py:179} INFO - Processing /home/airflow/.local/lib/python3.7/site-packages/airflow/example_dags/example_sensors.py took 0.279 seconds
[2025-09-19T10:42:22.718+0000] {processor.py:157} INFO - Started process (PID=18779) to work on /home/airflow/.local/lib/python3.7/site-packages/airflow/example_dags/example_sensors.py
[2025-09-19T10:42:22.720+0000] {processor.py:826} INFO - Processing file /home/airflow/.local/lib/python3.7/site-packages/airflow/example_dags/example_sensors.py for tasks to queue
[2025-09-19T10:42:22.722+0000] {logging_mixin.py:149} INFO - [2025-09-19T10:42:22.721+0000] {dagbag.py:541} INFO - Filling up the DagBag from /home/airflow/.local/lib/python3.7/site-packages/airflow/example_dags/example_sensors.py
[2025-09-19T10:42:22.740+0000] {processor.py:836} INFO - DAG(s) dict_keys(['example_sensors']) retrieved from /home/airflow/.local/lib/python3.7/site-packages/airflow/example_dags/example_sensors.py
[2025-09-19T10:42:22.800+0000] {logging_mixin.py:149} INFO - [2025-09-19T10:42:22.799+0000] {dag.py:2726} INFO - Sync 1 DAGs
[2025-09-19T10:42:22.839+0000] {logging_mixin.py:149} INFO - [2025-09-19T10:42:22.839+0000] {dag.py:3490} INFO - Setting next_dagrun for example_sensors to None, run_after=None
[2025-09-19T10:42:22.879+0000] {processor.py:179} INFO - Processing /home/airflow/.local/lib/python3.7/site-packages/airflow/example_dags/example_sensors.py took 0.166 seconds
[2025-09-19T10:43:26.871+0000] {processor.py:157} INFO - Started process (PID=19066) to work on /home/airflow/.local/lib/python3.7/site-packages/airflow/example_dags/example_sensors.py
[2025-09-19T10:43:26.874+0000] {processor.py:826} INFO - Processing file /home/airflow/.local/lib/python3.7/site-packages/airflow/example_dags/example_sensors.py for tasks to queue
[2025-09-19T10:43:26.877+0000] {logging_mixin.py:149} INFO - [2025-09-19T10:43:26.877+0000] {dagbag.py:541} INFO - Filling up the DagBag from /home/airflow/.local/lib/python3.7/site-packages/airflow/example_dags/example_sensors.py
[2025-09-19T10:43:26.914+0000] {processor.py:836} INFO - DAG(s) dict_keys(['example_sensors']) retrieved from /home/airflow/.local/lib/python3.7/site-packages/airflow/example_dags/example_sensors.py
[2025-09-19T10:43:27.031+0000] {logging_mixin.py:149} INFO - [2025-09-19T10:43:27.031+0000] {dag.py:2726} INFO - Sync 1 DAGs
[2025-09-19T10:43:27.133+0000] {logging_mixin.py:149} INFO - [2025-09-19T10:43:27.132+0000] {dag.py:3490} INFO - Setting next_dagrun for example_sensors to None, run_after=None
[2025-09-19T10:43:27.206+0000] {processor.py:179} INFO - Processing /home/airflow/.local/lib/python3.7/site-packages/airflow/example_dags/example_sensors.py took 0.346 seconds
[2025-09-19T10:43:57.273+0000] {processor.py:157} INFO - Started process (PID=19342) to work on /home/airflow/.local/lib/python3.7/site-packages/airflow/example_dags/example_sensors.py
[2025-09-19T10:43:57.275+0000] {processor.py:826} INFO - Processing file /home/airflow/.local/lib/python3.7/site-packages/airflow/example_dags/example_sensors.py for tasks to queue
[2025-09-19T10:43:57.279+0000] {logging_mixin.py:149} INFO - [2025-09-19T10:43:57.279+0000] {dagbag.py:541} INFO - Filling up the DagBag from /home/airflow/.local/lib/python3.7/site-packages/airflow/example_dags/example_sensors.py
[2025-09-19T10:43:57.298+0000] {processor.py:836} INFO - DAG(s) dict_keys(['example_sensors']) retrieved from /home/airflow/.local/lib/python3.7/site-packages/airflow/example_dags/example_sensors.py
[2025-09-19T10:43:57.373+0000] {logging_mixin.py:149} INFO - [2025-09-19T10:43:57.373+0000] {dag.py:2726} INFO - Sync 1 DAGs
[2025-09-19T10:43:57.420+0000] {logging_mixin.py:149} INFO - [2025-09-19T10:43:57.420+0000] {dag.py:3490} INFO - Setting next_dagrun for example_sensors to None, run_after=None
[2025-09-19T10:43:57.456+0000] {processor.py:179} INFO - Processing /home/airflow/.local/lib/python3.7/site-packages/airflow/example_dags/example_sensors.py took 0.188 seconds
[2025-09-19T10:44:28.707+0000] {processor.py:157} INFO - Started process (PID=19628) to work on /home/airflow/.local/lib/python3.7/site-packages/airflow/example_dags/example_sensors.py
[2025-09-19T10:44:28.708+0000] {processor.py:826} INFO - Processing file /home/airflow/.local/lib/python3.7/site-packages/airflow/example_dags/example_sensors.py for tasks to queue
[2025-09-19T10:44:28.710+0000] {logging_mixin.py:149} INFO - [2025-09-19T10:44:28.709+0000] {dagbag.py:541} INFO - Filling up the DagBag from /home/airflow/.local/lib/python3.7/site-packages/airflow/example_dags/example_sensors.py
[2025-09-19T10:44:28.723+0000] {processor.py:836} INFO - DAG(s) dict_keys(['example_sensors']) retrieved from /home/airflow/.local/lib/python3.7/site-packages/airflow/example_dags/example_sensors.py
[2025-09-19T10:44:28.767+0000] {logging_mixin.py:149} INFO - [2025-09-19T10:44:28.766+0000] {dag.py:2726} INFO - Sync 1 DAGs
[2025-09-19T10:44:28.803+0000] {logging_mixin.py:149} INFO - [2025-09-19T10:44:28.803+0000] {dag.py:3490} INFO - Setting next_dagrun for example_sensors to None, run_after=None
[2025-09-19T10:44:28.841+0000] {processor.py:179} INFO - Processing /home/airflow/.local/lib/python3.7/site-packages/airflow/example_dags/example_sensors.py took 0.139 seconds
