[2025-09-19T09:17:25.417+0000] {processor.py:157} INFO - Started process (PID=352) to work on /home/airflow/.local/lib/python3.7/site-packages/airflow/example_dags/example_params_trigger_ui.py
[2025-09-19T09:17:25.420+0000] {processor.py:826} INFO - Processing file /home/airflow/.local/lib/python3.7/site-packages/airflow/example_dags/example_params_trigger_ui.py for tasks to queue
[2025-09-19T09:17:25.424+0000] {logging_mixin.py:149} INFO - [2025-09-19T09:17:25.423+0000] {dagbag.py:541} INFO - Filling up the DagBag from /home/airflow/.local/lib/python3.7/site-packages/airflow/example_dags/example_params_trigger_ui.py
[2025-09-19T09:17:25.501+0000] {processor.py:836} INFO - DAG(s) dict_keys(['example_params_trigger_ui']) retrieved from /home/airflow/.local/lib/python3.7/site-packages/airflow/example_dags/example_params_trigger_ui.py
[2025-09-19T09:17:25.868+0000] {logging_mixin.py:149} INFO - [2025-09-19T09:17:25.868+0000] {dag.py:2726} INFO - Sync 1 DAGs
[2025-09-19T09:17:25.956+0000] {logging_mixin.py:149} INFO - [2025-09-19T09:17:25.956+0000] {dag.py:3490} INFO - Setting next_dagrun for example_params_trigger_ui to None, run_after=None
[2025-09-19T09:17:26.028+0000] {processor.py:179} INFO - Processing /home/airflow/.local/lib/python3.7/site-packages/airflow/example_dags/example_params_trigger_ui.py took 0.623 seconds
[2025-09-19T09:17:56.135+0000] {processor.py:157} INFO - Started process (PID=635) to work on /home/airflow/.local/lib/python3.7/site-packages/airflow/example_dags/example_params_trigger_ui.py
[2025-09-19T09:17:56.136+0000] {processor.py:826} INFO - Processing file /home/airflow/.local/lib/python3.7/site-packages/airflow/example_dags/example_params_trigger_ui.py for tasks to queue
[2025-09-19T09:17:56.137+0000] {logging_mixin.py:149} INFO - [2025-09-19T09:17:56.137+0000] {dagbag.py:541} INFO - Filling up the DagBag from /home/airflow/.local/lib/python3.7/site-packages/airflow/example_dags/example_params_trigger_ui.py
[2025-09-19T09:17:56.160+0000] {processor.py:836} INFO - DAG(s) dict_keys(['example_params_trigger_ui']) retrieved from /home/airflow/.local/lib/python3.7/site-packages/airflow/example_dags/example_params_trigger_ui.py
[2025-09-19T09:17:56.374+0000] {logging_mixin.py:149} INFO - [2025-09-19T09:17:56.374+0000] {dag.py:2726} INFO - Sync 1 DAGs
[2025-09-19T09:17:56.399+0000] {logging_mixin.py:149} INFO - [2025-09-19T09:17:56.398+0000] {dag.py:3490} INFO - Setting next_dagrun for example_params_trigger_ui to None, run_after=None
[2025-09-19T09:17:56.418+0000] {processor.py:179} INFO - Processing /home/airflow/.local/lib/python3.7/site-packages/airflow/example_dags/example_params_trigger_ui.py took 0.286 seconds
[2025-09-19T09:18:26.529+0000] {processor.py:157} INFO - Started process (PID=914) to work on /home/airflow/.local/lib/python3.7/site-packages/airflow/example_dags/example_params_trigger_ui.py
[2025-09-19T09:18:26.530+0000] {processor.py:826} INFO - Processing file /home/airflow/.local/lib/python3.7/site-packages/airflow/example_dags/example_params_trigger_ui.py for tasks to queue
[2025-09-19T09:18:26.530+0000] {logging_mixin.py:149} INFO - [2025-09-19T09:18:26.530+0000] {dagbag.py:541} INFO - Filling up the DagBag from /home/airflow/.local/lib/python3.7/site-packages/airflow/example_dags/example_params_trigger_ui.py
[2025-09-19T09:18:26.557+0000] {processor.py:836} INFO - DAG(s) dict_keys(['example_params_trigger_ui']) retrieved from /home/airflow/.local/lib/python3.7/site-packages/airflow/example_dags/example_params_trigger_ui.py
[2025-09-19T09:18:26.653+0000] {logging_mixin.py:149} INFO - [2025-09-19T09:18:26.653+0000] {dag.py:2726} INFO - Sync 1 DAGs
[2025-09-19T09:18:26.681+0000] {logging_mixin.py:149} INFO - [2025-09-19T09:18:26.680+0000] {dag.py:3490} INFO - Setting next_dagrun for example_params_trigger_ui to None, run_after=None
[2025-09-19T09:18:26.704+0000] {processor.py:179} INFO - Processing /home/airflow/.local/lib/python3.7/site-packages/airflow/example_dags/example_params_trigger_ui.py took 0.179 seconds
[2025-09-19T09:18:56.769+0000] {processor.py:157} INFO - Started process (PID=1195) to work on /home/airflow/.local/lib/python3.7/site-packages/airflow/example_dags/example_params_trigger_ui.py
[2025-09-19T09:18:56.771+0000] {processor.py:826} INFO - Processing file /home/airflow/.local/lib/python3.7/site-packages/airflow/example_dags/example_params_trigger_ui.py for tasks to queue
[2025-09-19T09:18:56.771+0000] {logging_mixin.py:149} INFO - [2025-09-19T09:18:56.771+0000] {dagbag.py:541} INFO - Filling up the DagBag from /home/airflow/.local/lib/python3.7/site-packages/airflow/example_dags/example_params_trigger_ui.py
[2025-09-19T09:18:56.799+0000] {processor.py:836} INFO - DAG(s) dict_keys(['example_params_trigger_ui']) retrieved from /home/airflow/.local/lib/python3.7/site-packages/airflow/example_dags/example_params_trigger_ui.py
[2025-09-19T09:18:56.899+0000] {logging_mixin.py:149} INFO - [2025-09-19T09:18:56.898+0000] {dag.py:2726} INFO - Sync 1 DAGs
[2025-09-19T09:18:56.931+0000] {logging_mixin.py:149} INFO - [2025-09-19T09:18:56.931+0000] {dag.py:3490} INFO - Setting next_dagrun for example_params_trigger_ui to None, run_after=None
[2025-09-19T09:18:56.951+0000] {processor.py:179} INFO - Processing /home/airflow/.local/lib/python3.7/site-packages/airflow/example_dags/example_params_trigger_ui.py took 0.185 seconds
[2025-09-19T09:19:27.419+0000] {processor.py:157} INFO - Started process (PID=1476) to work on /home/airflow/.local/lib/python3.7/site-packages/airflow/example_dags/example_params_trigger_ui.py
[2025-09-19T09:19:27.419+0000] {processor.py:826} INFO - Processing file /home/airflow/.local/lib/python3.7/site-packages/airflow/example_dags/example_params_trigger_ui.py for tasks to queue
[2025-09-19T09:19:27.420+0000] {logging_mixin.py:149} INFO - [2025-09-19T09:19:27.420+0000] {dagbag.py:541} INFO - Filling up the DagBag from /home/airflow/.local/lib/python3.7/site-packages/airflow/example_dags/example_params_trigger_ui.py
[2025-09-19T09:19:27.445+0000] {processor.py:836} INFO - DAG(s) dict_keys(['example_params_trigger_ui']) retrieved from /home/airflow/.local/lib/python3.7/site-packages/airflow/example_dags/example_params_trigger_ui.py
[2025-09-19T09:19:27.542+0000] {logging_mixin.py:149} INFO - [2025-09-19T09:19:27.542+0000] {dag.py:2726} INFO - Sync 1 DAGs
[2025-09-19T09:19:27.569+0000] {logging_mixin.py:149} INFO - [2025-09-19T09:19:27.569+0000] {dag.py:3490} INFO - Setting next_dagrun for example_params_trigger_ui to None, run_after=None
[2025-09-19T09:19:27.594+0000] {processor.py:179} INFO - Processing /home/airflow/.local/lib/python3.7/site-packages/airflow/example_dags/example_params_trigger_ui.py took 0.179 seconds
[2025-09-19T09:19:58.389+0000] {processor.py:157} INFO - Started process (PID=1757) to work on /home/airflow/.local/lib/python3.7/site-packages/airflow/example_dags/example_params_trigger_ui.py
[2025-09-19T09:19:58.390+0000] {processor.py:826} INFO - Processing file /home/airflow/.local/lib/python3.7/site-packages/airflow/example_dags/example_params_trigger_ui.py for tasks to queue
[2025-09-19T09:19:58.392+0000] {logging_mixin.py:149} INFO - [2025-09-19T09:19:58.391+0000] {dagbag.py:541} INFO - Filling up the DagBag from /home/airflow/.local/lib/python3.7/site-packages/airflow/example_dags/example_params_trigger_ui.py
[2025-09-19T09:19:58.415+0000] {processor.py:836} INFO - DAG(s) dict_keys(['example_params_trigger_ui']) retrieved from /home/airflow/.local/lib/python3.7/site-packages/airflow/example_dags/example_params_trigger_ui.py
[2025-09-19T09:19:58.515+0000] {logging_mixin.py:149} INFO - [2025-09-19T09:19:58.515+0000] {dag.py:2726} INFO - Sync 1 DAGs
[2025-09-19T09:19:58.548+0000] {logging_mixin.py:149} INFO - [2025-09-19T09:19:58.548+0000] {dag.py:3490} INFO - Setting next_dagrun for example_params_trigger_ui to None, run_after=None
[2025-09-19T09:19:58.569+0000] {processor.py:179} INFO - Processing /home/airflow/.local/lib/python3.7/site-packages/airflow/example_dags/example_params_trigger_ui.py took 0.184 seconds
[2025-09-19T09:20:29.411+0000] {processor.py:157} INFO - Started process (PID=2038) to work on /home/airflow/.local/lib/python3.7/site-packages/airflow/example_dags/example_params_trigger_ui.py
[2025-09-19T09:20:29.413+0000] {processor.py:826} INFO - Processing file /home/airflow/.local/lib/python3.7/site-packages/airflow/example_dags/example_params_trigger_ui.py for tasks to queue
[2025-09-19T09:20:29.414+0000] {logging_mixin.py:149} INFO - [2025-09-19T09:20:29.414+0000] {dagbag.py:541} INFO - Filling up the DagBag from /home/airflow/.local/lib/python3.7/site-packages/airflow/example_dags/example_params_trigger_ui.py
[2025-09-19T09:20:29.440+0000] {processor.py:836} INFO - DAG(s) dict_keys(['example_params_trigger_ui']) retrieved from /home/airflow/.local/lib/python3.7/site-packages/airflow/example_dags/example_params_trigger_ui.py
[2025-09-19T09:20:29.544+0000] {logging_mixin.py:149} INFO - [2025-09-19T09:20:29.543+0000] {dag.py:2726} INFO - Sync 1 DAGs
[2025-09-19T09:20:29.571+0000] {logging_mixin.py:149} INFO - [2025-09-19T09:20:29.571+0000] {dag.py:3490} INFO - Setting next_dagrun for example_params_trigger_ui to None, run_after=None
[2025-09-19T09:20:29.595+0000] {processor.py:179} INFO - Processing /home/airflow/.local/lib/python3.7/site-packages/airflow/example_dags/example_params_trigger_ui.py took 0.188 seconds
[2025-09-19T09:21:00.457+0000] {processor.py:157} INFO - Started process (PID=2319) to work on /home/airflow/.local/lib/python3.7/site-packages/airflow/example_dags/example_params_trigger_ui.py
[2025-09-19T09:21:00.458+0000] {processor.py:826} INFO - Processing file /home/airflow/.local/lib/python3.7/site-packages/airflow/example_dags/example_params_trigger_ui.py for tasks to queue
[2025-09-19T09:21:00.459+0000] {logging_mixin.py:149} INFO - [2025-09-19T09:21:00.459+0000] {dagbag.py:541} INFO - Filling up the DagBag from /home/airflow/.local/lib/python3.7/site-packages/airflow/example_dags/example_params_trigger_ui.py
[2025-09-19T09:21:00.497+0000] {processor.py:836} INFO - DAG(s) dict_keys(['example_params_trigger_ui']) retrieved from /home/airflow/.local/lib/python3.7/site-packages/airflow/example_dags/example_params_trigger_ui.py
[2025-09-19T09:21:00.669+0000] {logging_mixin.py:149} INFO - [2025-09-19T09:21:00.669+0000] {dag.py:2726} INFO - Sync 1 DAGs
[2025-09-19T09:21:00.718+0000] {logging_mixin.py:149} INFO - [2025-09-19T09:21:00.718+0000] {dag.py:3490} INFO - Setting next_dagrun for example_params_trigger_ui to None, run_after=None
[2025-09-19T09:21:00.745+0000] {processor.py:179} INFO - Processing /home/airflow/.local/lib/python3.7/site-packages/airflow/example_dags/example_params_trigger_ui.py took 0.293 seconds
[2025-09-19T09:21:31.007+0000] {processor.py:157} INFO - Started process (PID=2601) to work on /home/airflow/.local/lib/python3.7/site-packages/airflow/example_dags/example_params_trigger_ui.py
[2025-09-19T09:21:31.008+0000] {processor.py:826} INFO - Processing file /home/airflow/.local/lib/python3.7/site-packages/airflow/example_dags/example_params_trigger_ui.py for tasks to queue
[2025-09-19T09:21:31.009+0000] {logging_mixin.py:149} INFO - [2025-09-19T09:21:31.009+0000] {dagbag.py:541} INFO - Filling up the DagBag from /home/airflow/.local/lib/python3.7/site-packages/airflow/example_dags/example_params_trigger_ui.py
[2025-09-19T09:21:31.035+0000] {processor.py:836} INFO - DAG(s) dict_keys(['example_params_trigger_ui']) retrieved from /home/airflow/.local/lib/python3.7/site-packages/airflow/example_dags/example_params_trigger_ui.py
[2025-09-19T09:21:31.133+0000] {logging_mixin.py:149} INFO - [2025-09-19T09:21:31.132+0000] {dag.py:2726} INFO - Sync 1 DAGs
[2025-09-19T09:21:31.161+0000] {logging_mixin.py:149} INFO - [2025-09-19T09:21:31.161+0000] {dag.py:3490} INFO - Setting next_dagrun for example_params_trigger_ui to None, run_after=None
[2025-09-19T09:21:31.182+0000] {processor.py:179} INFO - Processing /home/airflow/.local/lib/python3.7/site-packages/airflow/example_dags/example_params_trigger_ui.py took 0.179 seconds
[2025-09-19T09:22:01.915+0000] {processor.py:157} INFO - Started process (PID=2882) to work on /home/airflow/.local/lib/python3.7/site-packages/airflow/example_dags/example_params_trigger_ui.py
[2025-09-19T09:22:01.916+0000] {processor.py:826} INFO - Processing file /home/airflow/.local/lib/python3.7/site-packages/airflow/example_dags/example_params_trigger_ui.py for tasks to queue
[2025-09-19T09:22:01.917+0000] {logging_mixin.py:149} INFO - [2025-09-19T09:22:01.917+0000] {dagbag.py:541} INFO - Filling up the DagBag from /home/airflow/.local/lib/python3.7/site-packages/airflow/example_dags/example_params_trigger_ui.py
[2025-09-19T09:22:01.941+0000] {processor.py:836} INFO - DAG(s) dict_keys(['example_params_trigger_ui']) retrieved from /home/airflow/.local/lib/python3.7/site-packages/airflow/example_dags/example_params_trigger_ui.py
[2025-09-19T09:22:02.037+0000] {logging_mixin.py:149} INFO - [2025-09-19T09:22:02.037+0000] {dag.py:2726} INFO - Sync 1 DAGs
[2025-09-19T09:22:02.069+0000] {logging_mixin.py:149} INFO - [2025-09-19T09:22:02.068+0000] {dag.py:3490} INFO - Setting next_dagrun for example_params_trigger_ui to None, run_after=None
[2025-09-19T09:22:02.090+0000] {processor.py:179} INFO - Processing /home/airflow/.local/lib/python3.7/site-packages/airflow/example_dags/example_params_trigger_ui.py took 0.179 seconds
[2025-09-19T09:22:32.312+0000] {processor.py:157} INFO - Started process (PID=3163) to work on /home/airflow/.local/lib/python3.7/site-packages/airflow/example_dags/example_params_trigger_ui.py
[2025-09-19T09:22:32.313+0000] {processor.py:826} INFO - Processing file /home/airflow/.local/lib/python3.7/site-packages/airflow/example_dags/example_params_trigger_ui.py for tasks to queue
[2025-09-19T09:22:32.316+0000] {logging_mixin.py:149} INFO - [2025-09-19T09:22:32.315+0000] {dagbag.py:541} INFO - Filling up the DagBag from /home/airflow/.local/lib/python3.7/site-packages/airflow/example_dags/example_params_trigger_ui.py
[2025-09-19T09:22:32.342+0000] {processor.py:836} INFO - DAG(s) dict_keys(['example_params_trigger_ui']) retrieved from /home/airflow/.local/lib/python3.7/site-packages/airflow/example_dags/example_params_trigger_ui.py
[2025-09-19T09:22:32.461+0000] {logging_mixin.py:149} INFO - [2025-09-19T09:22:32.461+0000] {dag.py:2726} INFO - Sync 1 DAGs
[2025-09-19T09:22:32.494+0000] {logging_mixin.py:149} INFO - [2025-09-19T09:22:32.494+0000] {dag.py:3490} INFO - Setting next_dagrun for example_params_trigger_ui to None, run_after=None
[2025-09-19T09:22:32.521+0000] {processor.py:179} INFO - Processing /home/airflow/.local/lib/python3.7/site-packages/airflow/example_dags/example_params_trigger_ui.py took 0.212 seconds
[2025-09-19T09:23:02.931+0000] {processor.py:157} INFO - Started process (PID=3444) to work on /home/airflow/.local/lib/python3.7/site-packages/airflow/example_dags/example_params_trigger_ui.py
[2025-09-19T09:23:02.933+0000] {processor.py:826} INFO - Processing file /home/airflow/.local/lib/python3.7/site-packages/airflow/example_dags/example_params_trigger_ui.py for tasks to queue
[2025-09-19T09:23:02.934+0000] {logging_mixin.py:149} INFO - [2025-09-19T09:23:02.934+0000] {dagbag.py:541} INFO - Filling up the DagBag from /home/airflow/.local/lib/python3.7/site-packages/airflow/example_dags/example_params_trigger_ui.py
[2025-09-19T09:23:02.960+0000] {processor.py:836} INFO - DAG(s) dict_keys(['example_params_trigger_ui']) retrieved from /home/airflow/.local/lib/python3.7/site-packages/airflow/example_dags/example_params_trigger_ui.py
[2025-09-19T09:23:03.060+0000] {logging_mixin.py:149} INFO - [2025-09-19T09:23:03.060+0000] {dag.py:2726} INFO - Sync 1 DAGs
[2025-09-19T09:23:03.088+0000] {logging_mixin.py:149} INFO - [2025-09-19T09:23:03.088+0000] {dag.py:3490} INFO - Setting next_dagrun for example_params_trigger_ui to None, run_after=None
[2025-09-19T09:23:03.113+0000] {processor.py:179} INFO - Processing /home/airflow/.local/lib/python3.7/site-packages/airflow/example_dags/example_params_trigger_ui.py took 0.185 seconds
[2025-09-19T09:23:33.987+0000] {processor.py:157} INFO - Started process (PID=3725) to work on /home/airflow/.local/lib/python3.7/site-packages/airflow/example_dags/example_params_trigger_ui.py
[2025-09-19T09:23:33.988+0000] {processor.py:826} INFO - Processing file /home/airflow/.local/lib/python3.7/site-packages/airflow/example_dags/example_params_trigger_ui.py for tasks to queue
[2025-09-19T09:23:33.989+0000] {logging_mixin.py:149} INFO - [2025-09-19T09:23:33.989+0000] {dagbag.py:541} INFO - Filling up the DagBag from /home/airflow/.local/lib/python3.7/site-packages/airflow/example_dags/example_params_trigger_ui.py
[2025-09-19T09:23:34.013+0000] {processor.py:836} INFO - DAG(s) dict_keys(['example_params_trigger_ui']) retrieved from /home/airflow/.local/lib/python3.7/site-packages/airflow/example_dags/example_params_trigger_ui.py
[2025-09-19T09:23:34.112+0000] {logging_mixin.py:149} INFO - [2025-09-19T09:23:34.111+0000] {dag.py:2726} INFO - Sync 1 DAGs
[2025-09-19T09:23:34.138+0000] {logging_mixin.py:149} INFO - [2025-09-19T09:23:34.138+0000] {dag.py:3490} INFO - Setting next_dagrun for example_params_trigger_ui to None, run_after=None
[2025-09-19T09:23:34.158+0000] {processor.py:179} INFO - Processing /home/airflow/.local/lib/python3.7/site-packages/airflow/example_dags/example_params_trigger_ui.py took 0.175 seconds
[2025-09-19T09:24:04.183+0000] {processor.py:157} INFO - Started process (PID=4006) to work on /home/airflow/.local/lib/python3.7/site-packages/airflow/example_dags/example_params_trigger_ui.py
[2025-09-19T09:24:04.184+0000] {processor.py:826} INFO - Processing file /home/airflow/.local/lib/python3.7/site-packages/airflow/example_dags/example_params_trigger_ui.py for tasks to queue
[2025-09-19T09:24:04.185+0000] {logging_mixin.py:149} INFO - [2025-09-19T09:24:04.185+0000] {dagbag.py:541} INFO - Filling up the DagBag from /home/airflow/.local/lib/python3.7/site-packages/airflow/example_dags/example_params_trigger_ui.py
[2025-09-19T09:24:04.209+0000] {processor.py:836} INFO - DAG(s) dict_keys(['example_params_trigger_ui']) retrieved from /home/airflow/.local/lib/python3.7/site-packages/airflow/example_dags/example_params_trigger_ui.py
[2025-09-19T09:24:04.305+0000] {logging_mixin.py:149} INFO - [2025-09-19T09:24:04.305+0000] {dag.py:2726} INFO - Sync 1 DAGs
[2025-09-19T09:24:04.335+0000] {logging_mixin.py:149} INFO - [2025-09-19T09:24:04.335+0000] {dag.py:3490} INFO - Setting next_dagrun for example_params_trigger_ui to None, run_after=None
[2025-09-19T09:24:04.357+0000] {processor.py:179} INFO - Processing /home/airflow/.local/lib/python3.7/site-packages/airflow/example_dags/example_params_trigger_ui.py took 0.177 seconds
[2025-09-19T09:24:35.005+0000] {processor.py:157} INFO - Started process (PID=4287) to work on /home/airflow/.local/lib/python3.7/site-packages/airflow/example_dags/example_params_trigger_ui.py
[2025-09-19T09:24:35.006+0000] {processor.py:826} INFO - Processing file /home/airflow/.local/lib/python3.7/site-packages/airflow/example_dags/example_params_trigger_ui.py for tasks to queue
[2025-09-19T09:24:35.007+0000] {logging_mixin.py:149} INFO - [2025-09-19T09:24:35.007+0000] {dagbag.py:541} INFO - Filling up the DagBag from /home/airflow/.local/lib/python3.7/site-packages/airflow/example_dags/example_params_trigger_ui.py
[2025-09-19T09:24:35.031+0000] {processor.py:836} INFO - DAG(s) dict_keys(['example_params_trigger_ui']) retrieved from /home/airflow/.local/lib/python3.7/site-packages/airflow/example_dags/example_params_trigger_ui.py
[2025-09-19T09:24:35.129+0000] {logging_mixin.py:149} INFO - [2025-09-19T09:24:35.129+0000] {dag.py:2726} INFO - Sync 1 DAGs
[2025-09-19T09:24:35.157+0000] {logging_mixin.py:149} INFO - [2025-09-19T09:24:35.157+0000] {dag.py:3490} INFO - Setting next_dagrun for example_params_trigger_ui to None, run_after=None
[2025-09-19T09:24:35.178+0000] {processor.py:179} INFO - Processing /home/airflow/.local/lib/python3.7/site-packages/airflow/example_dags/example_params_trigger_ui.py took 0.176 seconds
[2025-09-19T09:25:06.129+0000] {processor.py:157} INFO - Started process (PID=4568) to work on /home/airflow/.local/lib/python3.7/site-packages/airflow/example_dags/example_params_trigger_ui.py
[2025-09-19T09:25:06.130+0000] {processor.py:826} INFO - Processing file /home/airflow/.local/lib/python3.7/site-packages/airflow/example_dags/example_params_trigger_ui.py for tasks to queue
[2025-09-19T09:25:06.132+0000] {logging_mixin.py:149} INFO - [2025-09-19T09:25:06.131+0000] {dagbag.py:541} INFO - Filling up the DagBag from /home/airflow/.local/lib/python3.7/site-packages/airflow/example_dags/example_params_trigger_ui.py
[2025-09-19T09:25:06.158+0000] {processor.py:836} INFO - DAG(s) dict_keys(['example_params_trigger_ui']) retrieved from /home/airflow/.local/lib/python3.7/site-packages/airflow/example_dags/example_params_trigger_ui.py
[2025-09-19T09:25:06.260+0000] {logging_mixin.py:149} INFO - [2025-09-19T09:25:06.260+0000] {dag.py:2726} INFO - Sync 1 DAGs
[2025-09-19T09:25:06.287+0000] {logging_mixin.py:149} INFO - [2025-09-19T09:25:06.287+0000] {dag.py:3490} INFO - Setting next_dagrun for example_params_trigger_ui to None, run_after=None
[2025-09-19T09:25:06.310+0000] {processor.py:179} INFO - Processing /home/airflow/.local/lib/python3.7/site-packages/airflow/example_dags/example_params_trigger_ui.py took 0.185 seconds
[2025-09-19T09:25:36.993+0000] {processor.py:157} INFO - Started process (PID=4849) to work on /home/airflow/.local/lib/python3.7/site-packages/airflow/example_dags/example_params_trigger_ui.py
[2025-09-19T09:25:36.994+0000] {processor.py:826} INFO - Processing file /home/airflow/.local/lib/python3.7/site-packages/airflow/example_dags/example_params_trigger_ui.py for tasks to queue
[2025-09-19T09:25:36.995+0000] {logging_mixin.py:149} INFO - [2025-09-19T09:25:36.995+0000] {dagbag.py:541} INFO - Filling up the DagBag from /home/airflow/.local/lib/python3.7/site-packages/airflow/example_dags/example_params_trigger_ui.py
[2025-09-19T09:25:37.020+0000] {processor.py:836} INFO - DAG(s) dict_keys(['example_params_trigger_ui']) retrieved from /home/airflow/.local/lib/python3.7/site-packages/airflow/example_dags/example_params_trigger_ui.py
[2025-09-19T09:25:37.117+0000] {logging_mixin.py:149} INFO - [2025-09-19T09:25:37.117+0000] {dag.py:2726} INFO - Sync 1 DAGs
[2025-09-19T09:25:37.145+0000] {logging_mixin.py:149} INFO - [2025-09-19T09:25:37.144+0000] {dag.py:3490} INFO - Setting next_dagrun for example_params_trigger_ui to None, run_after=None
[2025-09-19T09:25:37.165+0000] {processor.py:179} INFO - Processing /home/airflow/.local/lib/python3.7/site-packages/airflow/example_dags/example_params_trigger_ui.py took 0.175 seconds
[2025-09-19T09:26:07.995+0000] {processor.py:157} INFO - Started process (PID=5130) to work on /home/airflow/.local/lib/python3.7/site-packages/airflow/example_dags/example_params_trigger_ui.py
[2025-09-19T09:26:07.996+0000] {processor.py:826} INFO - Processing file /home/airflow/.local/lib/python3.7/site-packages/airflow/example_dags/example_params_trigger_ui.py for tasks to queue
[2025-09-19T09:26:07.997+0000] {logging_mixin.py:149} INFO - [2025-09-19T09:26:07.997+0000] {dagbag.py:541} INFO - Filling up the DagBag from /home/airflow/.local/lib/python3.7/site-packages/airflow/example_dags/example_params_trigger_ui.py
[2025-09-19T09:26:08.021+0000] {processor.py:836} INFO - DAG(s) dict_keys(['example_params_trigger_ui']) retrieved from /home/airflow/.local/lib/python3.7/site-packages/airflow/example_dags/example_params_trigger_ui.py
[2025-09-19T09:26:08.118+0000] {logging_mixin.py:149} INFO - [2025-09-19T09:26:08.118+0000] {dag.py:2726} INFO - Sync 1 DAGs
[2025-09-19T09:26:08.147+0000] {logging_mixin.py:149} INFO - [2025-09-19T09:26:08.147+0000] {dag.py:3490} INFO - Setting next_dagrun for example_params_trigger_ui to None, run_after=None
[2025-09-19T09:26:08.170+0000] {processor.py:179} INFO - Processing /home/airflow/.local/lib/python3.7/site-packages/airflow/example_dags/example_params_trigger_ui.py took 0.178 seconds
[2025-09-19T09:26:39.107+0000] {processor.py:157} INFO - Started process (PID=5411) to work on /home/airflow/.local/lib/python3.7/site-packages/airflow/example_dags/example_params_trigger_ui.py
[2025-09-19T09:26:39.108+0000] {processor.py:826} INFO - Processing file /home/airflow/.local/lib/python3.7/site-packages/airflow/example_dags/example_params_trigger_ui.py for tasks to queue
[2025-09-19T09:26:39.108+0000] {logging_mixin.py:149} INFO - [2025-09-19T09:26:39.108+0000] {dagbag.py:541} INFO - Filling up the DagBag from /home/airflow/.local/lib/python3.7/site-packages/airflow/example_dags/example_params_trigger_ui.py
[2025-09-19T09:26:39.133+0000] {processor.py:836} INFO - DAG(s) dict_keys(['example_params_trigger_ui']) retrieved from /home/airflow/.local/lib/python3.7/site-packages/airflow/example_dags/example_params_trigger_ui.py
[2025-09-19T09:26:39.239+0000] {logging_mixin.py:149} INFO - [2025-09-19T09:26:39.238+0000] {dag.py:2726} INFO - Sync 1 DAGs
[2025-09-19T09:26:39.269+0000] {logging_mixin.py:149} INFO - [2025-09-19T09:26:39.269+0000] {dag.py:3490} INFO - Setting next_dagrun for example_params_trigger_ui to None, run_after=None
[2025-09-19T09:26:39.291+0000] {processor.py:179} INFO - Processing /home/airflow/.local/lib/python3.7/site-packages/airflow/example_dags/example_params_trigger_ui.py took 0.188 seconds
[2025-09-19T09:27:09.850+0000] {processor.py:157} INFO - Started process (PID=5692) to work on /home/airflow/.local/lib/python3.7/site-packages/airflow/example_dags/example_params_trigger_ui.py
[2025-09-19T09:27:09.851+0000] {processor.py:826} INFO - Processing file /home/airflow/.local/lib/python3.7/site-packages/airflow/example_dags/example_params_trigger_ui.py for tasks to queue
[2025-09-19T09:27:09.852+0000] {logging_mixin.py:149} INFO - [2025-09-19T09:27:09.852+0000] {dagbag.py:541} INFO - Filling up the DagBag from /home/airflow/.local/lib/python3.7/site-packages/airflow/example_dags/example_params_trigger_ui.py
[2025-09-19T09:27:09.877+0000] {processor.py:836} INFO - DAG(s) dict_keys(['example_params_trigger_ui']) retrieved from /home/airflow/.local/lib/python3.7/site-packages/airflow/example_dags/example_params_trigger_ui.py
[2025-09-19T09:27:09.976+0000] {logging_mixin.py:149} INFO - [2025-09-19T09:27:09.976+0000] {dag.py:2726} INFO - Sync 1 DAGs
[2025-09-19T09:27:10.002+0000] {logging_mixin.py:149} INFO - [2025-09-19T09:27:10.002+0000] {dag.py:3490} INFO - Setting next_dagrun for example_params_trigger_ui to None, run_after=None
[2025-09-19T09:27:10.028+0000] {processor.py:179} INFO - Processing /home/airflow/.local/lib/python3.7/site-packages/airflow/example_dags/example_params_trigger_ui.py took 0.181 seconds
[2025-09-19T09:27:40.904+0000] {processor.py:157} INFO - Started process (PID=5973) to work on /home/airflow/.local/lib/python3.7/site-packages/airflow/example_dags/example_params_trigger_ui.py
[2025-09-19T09:27:40.905+0000] {processor.py:826} INFO - Processing file /home/airflow/.local/lib/python3.7/site-packages/airflow/example_dags/example_params_trigger_ui.py for tasks to queue
[2025-09-19T09:27:40.906+0000] {logging_mixin.py:149} INFO - [2025-09-19T09:27:40.906+0000] {dagbag.py:541} INFO - Filling up the DagBag from /home/airflow/.local/lib/python3.7/site-packages/airflow/example_dags/example_params_trigger_ui.py
[2025-09-19T09:27:40.931+0000] {processor.py:836} INFO - DAG(s) dict_keys(['example_params_trigger_ui']) retrieved from /home/airflow/.local/lib/python3.7/site-packages/airflow/example_dags/example_params_trigger_ui.py
[2025-09-19T09:27:41.031+0000] {logging_mixin.py:149} INFO - [2025-09-19T09:27:41.031+0000] {dag.py:2726} INFO - Sync 1 DAGs
[2025-09-19T09:27:41.064+0000] {logging_mixin.py:149} INFO - [2025-09-19T09:27:41.064+0000] {dag.py:3490} INFO - Setting next_dagrun for example_params_trigger_ui to None, run_after=None
[2025-09-19T09:27:41.089+0000] {processor.py:179} INFO - Processing /home/airflow/.local/lib/python3.7/site-packages/airflow/example_dags/example_params_trigger_ui.py took 0.189 seconds
[2025-09-19T09:28:11.942+0000] {processor.py:157} INFO - Started process (PID=6254) to work on /home/airflow/.local/lib/python3.7/site-packages/airflow/example_dags/example_params_trigger_ui.py
[2025-09-19T09:28:11.943+0000] {processor.py:826} INFO - Processing file /home/airflow/.local/lib/python3.7/site-packages/airflow/example_dags/example_params_trigger_ui.py for tasks to queue
[2025-09-19T09:28:11.944+0000] {logging_mixin.py:149} INFO - [2025-09-19T09:28:11.944+0000] {dagbag.py:541} INFO - Filling up the DagBag from /home/airflow/.local/lib/python3.7/site-packages/airflow/example_dags/example_params_trigger_ui.py
[2025-09-19T09:28:11.971+0000] {processor.py:836} INFO - DAG(s) dict_keys(['example_params_trigger_ui']) retrieved from /home/airflow/.local/lib/python3.7/site-packages/airflow/example_dags/example_params_trigger_ui.py
[2025-09-19T09:28:12.076+0000] {logging_mixin.py:149} INFO - [2025-09-19T09:28:12.076+0000] {dag.py:2726} INFO - Sync 1 DAGs
[2025-09-19T09:28:12.102+0000] {logging_mixin.py:149} INFO - [2025-09-19T09:28:12.102+0000] {dag.py:3490} INFO - Setting next_dagrun for example_params_trigger_ui to None, run_after=None
[2025-09-19T09:28:12.128+0000] {processor.py:179} INFO - Processing /home/airflow/.local/lib/python3.7/site-packages/airflow/example_dags/example_params_trigger_ui.py took 0.189 seconds
[2025-09-19T09:28:42.882+0000] {processor.py:157} INFO - Started process (PID=6536) to work on /home/airflow/.local/lib/python3.7/site-packages/airflow/example_dags/example_params_trigger_ui.py
[2025-09-19T09:28:42.883+0000] {processor.py:826} INFO - Processing file /home/airflow/.local/lib/python3.7/site-packages/airflow/example_dags/example_params_trigger_ui.py for tasks to queue
[2025-09-19T09:28:42.883+0000] {logging_mixin.py:149} INFO - [2025-09-19T09:28:42.883+0000] {dagbag.py:541} INFO - Filling up the DagBag from /home/airflow/.local/lib/python3.7/site-packages/airflow/example_dags/example_params_trigger_ui.py
[2025-09-19T09:28:42.909+0000] {processor.py:836} INFO - DAG(s) dict_keys(['example_params_trigger_ui']) retrieved from /home/airflow/.local/lib/python3.7/site-packages/airflow/example_dags/example_params_trigger_ui.py
[2025-09-19T09:28:43.006+0000] {logging_mixin.py:149} INFO - [2025-09-19T09:28:43.006+0000] {dag.py:2726} INFO - Sync 1 DAGs
[2025-09-19T09:28:43.040+0000] {logging_mixin.py:149} INFO - [2025-09-19T09:28:43.040+0000] {dag.py:3490} INFO - Setting next_dagrun for example_params_trigger_ui to None, run_after=None
[2025-09-19T09:28:43.063+0000] {processor.py:179} INFO - Processing /home/airflow/.local/lib/python3.7/site-packages/airflow/example_dags/example_params_trigger_ui.py took 0.185 seconds
[2025-09-19T09:29:13.862+0000] {processor.py:157} INFO - Started process (PID=6823) to work on /home/airflow/.local/lib/python3.7/site-packages/airflow/example_dags/example_params_trigger_ui.py
[2025-09-19T09:29:13.863+0000] {processor.py:826} INFO - Processing file /home/airflow/.local/lib/python3.7/site-packages/airflow/example_dags/example_params_trigger_ui.py for tasks to queue
[2025-09-19T09:29:13.864+0000] {logging_mixin.py:149} INFO - [2025-09-19T09:29:13.864+0000] {dagbag.py:541} INFO - Filling up the DagBag from /home/airflow/.local/lib/python3.7/site-packages/airflow/example_dags/example_params_trigger_ui.py
[2025-09-19T09:29:13.887+0000] {processor.py:836} INFO - DAG(s) dict_keys(['example_params_trigger_ui']) retrieved from /home/airflow/.local/lib/python3.7/site-packages/airflow/example_dags/example_params_trigger_ui.py
[2025-09-19T09:29:13.982+0000] {logging_mixin.py:149} INFO - [2025-09-19T09:29:13.981+0000] {dag.py:2726} INFO - Sync 1 DAGs
[2025-09-19T09:29:14.012+0000] {logging_mixin.py:149} INFO - [2025-09-19T09:29:14.011+0000] {dag.py:3490} INFO - Setting next_dagrun for example_params_trigger_ui to None, run_after=None
[2025-09-19T09:29:14.035+0000] {processor.py:179} INFO - Processing /home/airflow/.local/lib/python3.7/site-packages/airflow/example_dags/example_params_trigger_ui.py took 0.176 seconds
[2025-09-19T09:29:44.627+0000] {processor.py:157} INFO - Started process (PID=7099) to work on /home/airflow/.local/lib/python3.7/site-packages/airflow/example_dags/example_params_trigger_ui.py
[2025-09-19T09:29:44.627+0000] {processor.py:826} INFO - Processing file /home/airflow/.local/lib/python3.7/site-packages/airflow/example_dags/example_params_trigger_ui.py for tasks to queue
[2025-09-19T09:29:44.628+0000] {logging_mixin.py:149} INFO - [2025-09-19T09:29:44.628+0000] {dagbag.py:541} INFO - Filling up the DagBag from /home/airflow/.local/lib/python3.7/site-packages/airflow/example_dags/example_params_trigger_ui.py
[2025-09-19T09:29:44.658+0000] {processor.py:836} INFO - DAG(s) dict_keys(['example_params_trigger_ui']) retrieved from /home/airflow/.local/lib/python3.7/site-packages/airflow/example_dags/example_params_trigger_ui.py
[2025-09-19T09:29:44.759+0000] {logging_mixin.py:149} INFO - [2025-09-19T09:29:44.759+0000] {dag.py:2726} INFO - Sync 1 DAGs
[2025-09-19T09:29:44.787+0000] {logging_mixin.py:149} INFO - [2025-09-19T09:29:44.787+0000] {dag.py:3490} INFO - Setting next_dagrun for example_params_trigger_ui to None, run_after=None
[2025-09-19T09:29:44.809+0000] {processor.py:179} INFO - Processing /home/airflow/.local/lib/python3.7/site-packages/airflow/example_dags/example_params_trigger_ui.py took 0.186 seconds
[2025-09-19T09:30:15.344+0000] {processor.py:157} INFO - Started process (PID=7378) to work on /home/airflow/.local/lib/python3.7/site-packages/airflow/example_dags/example_params_trigger_ui.py
[2025-09-19T09:30:15.345+0000] {processor.py:826} INFO - Processing file /home/airflow/.local/lib/python3.7/site-packages/airflow/example_dags/example_params_trigger_ui.py for tasks to queue
[2025-09-19T09:30:15.347+0000] {logging_mixin.py:149} INFO - [2025-09-19T09:30:15.346+0000] {dagbag.py:541} INFO - Filling up the DagBag from /home/airflow/.local/lib/python3.7/site-packages/airflow/example_dags/example_params_trigger_ui.py
[2025-09-19T09:30:15.371+0000] {processor.py:836} INFO - DAG(s) dict_keys(['example_params_trigger_ui']) retrieved from /home/airflow/.local/lib/python3.7/site-packages/airflow/example_dags/example_params_trigger_ui.py
[2025-09-19T09:30:15.470+0000] {logging_mixin.py:149} INFO - [2025-09-19T09:30:15.470+0000] {dag.py:2726} INFO - Sync 1 DAGs
[2025-09-19T09:30:15.499+0000] {logging_mixin.py:149} INFO - [2025-09-19T09:30:15.498+0000] {dag.py:3490} INFO - Setting next_dagrun for example_params_trigger_ui to None, run_after=None
[2025-09-19T09:30:15.519+0000] {processor.py:179} INFO - Processing /home/airflow/.local/lib/python3.7/site-packages/airflow/example_dags/example_params_trigger_ui.py took 0.178 seconds
[2025-09-19T09:30:46.251+0000] {processor.py:157} INFO - Started process (PID=7659) to work on /home/airflow/.local/lib/python3.7/site-packages/airflow/example_dags/example_params_trigger_ui.py
[2025-09-19T09:30:46.252+0000] {processor.py:826} INFO - Processing file /home/airflow/.local/lib/python3.7/site-packages/airflow/example_dags/example_params_trigger_ui.py for tasks to queue
[2025-09-19T09:30:46.253+0000] {logging_mixin.py:149} INFO - [2025-09-19T09:30:46.253+0000] {dagbag.py:541} INFO - Filling up the DagBag from /home/airflow/.local/lib/python3.7/site-packages/airflow/example_dags/example_params_trigger_ui.py
[2025-09-19T09:30:46.277+0000] {processor.py:836} INFO - DAG(s) dict_keys(['example_params_trigger_ui']) retrieved from /home/airflow/.local/lib/python3.7/site-packages/airflow/example_dags/example_params_trigger_ui.py
[2025-09-19T09:30:46.373+0000] {logging_mixin.py:149} INFO - [2025-09-19T09:30:46.373+0000] {dag.py:2726} INFO - Sync 1 DAGs
[2025-09-19T09:30:46.409+0000] {logging_mixin.py:149} INFO - [2025-09-19T09:30:46.409+0000] {dag.py:3490} INFO - Setting next_dagrun for example_params_trigger_ui to None, run_after=None
[2025-09-19T09:30:46.431+0000] {processor.py:179} INFO - Processing /home/airflow/.local/lib/python3.7/site-packages/airflow/example_dags/example_params_trigger_ui.py took 0.183 seconds
[2025-09-19T09:31:17.270+0000] {processor.py:157} INFO - Started process (PID=7940) to work on /home/airflow/.local/lib/python3.7/site-packages/airflow/example_dags/example_params_trigger_ui.py
[2025-09-19T09:31:17.271+0000] {processor.py:826} INFO - Processing file /home/airflow/.local/lib/python3.7/site-packages/airflow/example_dags/example_params_trigger_ui.py for tasks to queue
[2025-09-19T09:31:17.272+0000] {logging_mixin.py:149} INFO - [2025-09-19T09:31:17.272+0000] {dagbag.py:541} INFO - Filling up the DagBag from /home/airflow/.local/lib/python3.7/site-packages/airflow/example_dags/example_params_trigger_ui.py
[2025-09-19T09:31:17.300+0000] {processor.py:836} INFO - DAG(s) dict_keys(['example_params_trigger_ui']) retrieved from /home/airflow/.local/lib/python3.7/site-packages/airflow/example_dags/example_params_trigger_ui.py
[2025-09-19T09:31:17.405+0000] {logging_mixin.py:149} INFO - [2025-09-19T09:31:17.404+0000] {dag.py:2726} INFO - Sync 1 DAGs
[2025-09-19T09:31:17.432+0000] {logging_mixin.py:149} INFO - [2025-09-19T09:31:17.432+0000] {dag.py:3490} INFO - Setting next_dagrun for example_params_trigger_ui to None, run_after=None
[2025-09-19T09:31:17.455+0000] {processor.py:179} INFO - Processing /home/airflow/.local/lib/python3.7/site-packages/airflow/example_dags/example_params_trigger_ui.py took 0.189 seconds
[2025-09-19T09:31:48.149+0000] {processor.py:157} INFO - Started process (PID=8221) to work on /home/airflow/.local/lib/python3.7/site-packages/airflow/example_dags/example_params_trigger_ui.py
[2025-09-19T09:31:48.150+0000] {processor.py:826} INFO - Processing file /home/airflow/.local/lib/python3.7/site-packages/airflow/example_dags/example_params_trigger_ui.py for tasks to queue
[2025-09-19T09:31:48.150+0000] {logging_mixin.py:149} INFO - [2025-09-19T09:31:48.150+0000] {dagbag.py:541} INFO - Filling up the DagBag from /home/airflow/.local/lib/python3.7/site-packages/airflow/example_dags/example_params_trigger_ui.py
[2025-09-19T09:31:48.175+0000] {processor.py:836} INFO - DAG(s) dict_keys(['example_params_trigger_ui']) retrieved from /home/airflow/.local/lib/python3.7/site-packages/airflow/example_dags/example_params_trigger_ui.py
[2025-09-19T09:31:48.281+0000] {logging_mixin.py:149} INFO - [2025-09-19T09:31:48.281+0000] {dag.py:2726} INFO - Sync 1 DAGs
[2025-09-19T09:31:48.315+0000] {logging_mixin.py:149} INFO - [2025-09-19T09:31:48.315+0000] {dag.py:3490} INFO - Setting next_dagrun for example_params_trigger_ui to None, run_after=None
[2025-09-19T09:31:48.337+0000] {processor.py:179} INFO - Processing /home/airflow/.local/lib/python3.7/site-packages/airflow/example_dags/example_params_trigger_ui.py took 0.192 seconds
[2025-09-19T09:32:18.898+0000] {processor.py:157} INFO - Started process (PID=8502) to work on /home/airflow/.local/lib/python3.7/site-packages/airflow/example_dags/example_params_trigger_ui.py
[2025-09-19T09:32:18.899+0000] {processor.py:826} INFO - Processing file /home/airflow/.local/lib/python3.7/site-packages/airflow/example_dags/example_params_trigger_ui.py for tasks to queue
[2025-09-19T09:32:18.901+0000] {logging_mixin.py:149} INFO - [2025-09-19T09:32:18.901+0000] {dagbag.py:541} INFO - Filling up the DagBag from /home/airflow/.local/lib/python3.7/site-packages/airflow/example_dags/example_params_trigger_ui.py
[2025-09-19T09:32:18.928+0000] {processor.py:836} INFO - DAG(s) dict_keys(['example_params_trigger_ui']) retrieved from /home/airflow/.local/lib/python3.7/site-packages/airflow/example_dags/example_params_trigger_ui.py
[2025-09-19T09:32:19.029+0000] {logging_mixin.py:149} INFO - [2025-09-19T09:32:19.029+0000] {dag.py:2726} INFO - Sync 1 DAGs
[2025-09-19T09:32:19.056+0000] {logging_mixin.py:149} INFO - [2025-09-19T09:32:19.056+0000] {dag.py:3490} INFO - Setting next_dagrun for example_params_trigger_ui to None, run_after=None
[2025-09-19T09:32:19.077+0000] {processor.py:179} INFO - Processing /home/airflow/.local/lib/python3.7/site-packages/airflow/example_dags/example_params_trigger_ui.py took 0.183 seconds
[2025-09-19T09:32:50.272+0000] {processor.py:157} INFO - Started process (PID=8785) to work on /home/airflow/.local/lib/python3.7/site-packages/airflow/example_dags/example_params_trigger_ui.py
[2025-09-19T09:32:50.273+0000] {processor.py:826} INFO - Processing file /home/airflow/.local/lib/python3.7/site-packages/airflow/example_dags/example_params_trigger_ui.py for tasks to queue
[2025-09-19T09:32:50.274+0000] {logging_mixin.py:149} INFO - [2025-09-19T09:32:50.274+0000] {dagbag.py:541} INFO - Filling up the DagBag from /home/airflow/.local/lib/python3.7/site-packages/airflow/example_dags/example_params_trigger_ui.py
[2025-09-19T09:32:50.298+0000] {processor.py:836} INFO - DAG(s) dict_keys(['example_params_trigger_ui']) retrieved from /home/airflow/.local/lib/python3.7/site-packages/airflow/example_dags/example_params_trigger_ui.py
[2025-09-19T09:32:50.402+0000] {logging_mixin.py:149} INFO - [2025-09-19T09:32:50.402+0000] {dag.py:2726} INFO - Sync 1 DAGs
[2025-09-19T09:32:50.430+0000] {logging_mixin.py:149} INFO - [2025-09-19T09:32:50.429+0000] {dag.py:3490} INFO - Setting next_dagrun for example_params_trigger_ui to None, run_after=None
[2025-09-19T09:32:50.454+0000] {processor.py:179} INFO - Processing /home/airflow/.local/lib/python3.7/site-packages/airflow/example_dags/example_params_trigger_ui.py took 0.185 seconds
[2025-09-19T09:33:21.090+0000] {processor.py:157} INFO - Started process (PID=9066) to work on /home/airflow/.local/lib/python3.7/site-packages/airflow/example_dags/example_params_trigger_ui.py
[2025-09-19T09:33:21.091+0000] {processor.py:826} INFO - Processing file /home/airflow/.local/lib/python3.7/site-packages/airflow/example_dags/example_params_trigger_ui.py for tasks to queue
[2025-09-19T09:33:21.092+0000] {logging_mixin.py:149} INFO - [2025-09-19T09:33:21.092+0000] {dagbag.py:541} INFO - Filling up the DagBag from /home/airflow/.local/lib/python3.7/site-packages/airflow/example_dags/example_params_trigger_ui.py
[2025-09-19T09:33:21.117+0000] {processor.py:836} INFO - DAG(s) dict_keys(['example_params_trigger_ui']) retrieved from /home/airflow/.local/lib/python3.7/site-packages/airflow/example_dags/example_params_trigger_ui.py
[2025-09-19T09:33:21.218+0000] {logging_mixin.py:149} INFO - [2025-09-19T09:33:21.217+0000] {dag.py:2726} INFO - Sync 1 DAGs
[2025-09-19T09:33:21.249+0000] {logging_mixin.py:149} INFO - [2025-09-19T09:33:21.249+0000] {dag.py:3490} INFO - Setting next_dagrun for example_params_trigger_ui to None, run_after=None
[2025-09-19T09:33:21.269+0000] {processor.py:179} INFO - Processing /home/airflow/.local/lib/python3.7/site-packages/airflow/example_dags/example_params_trigger_ui.py took 0.182 seconds
[2025-09-19T09:33:52.021+0000] {processor.py:157} INFO - Started process (PID=9345) to work on /home/airflow/.local/lib/python3.7/site-packages/airflow/example_dags/example_params_trigger_ui.py
[2025-09-19T09:33:52.022+0000] {processor.py:826} INFO - Processing file /home/airflow/.local/lib/python3.7/site-packages/airflow/example_dags/example_params_trigger_ui.py for tasks to queue
[2025-09-19T09:33:52.022+0000] {logging_mixin.py:149} INFO - [2025-09-19T09:33:52.022+0000] {dagbag.py:541} INFO - Filling up the DagBag from /home/airflow/.local/lib/python3.7/site-packages/airflow/example_dags/example_params_trigger_ui.py
[2025-09-19T09:33:52.047+0000] {processor.py:836} INFO - DAG(s) dict_keys(['example_params_trigger_ui']) retrieved from /home/airflow/.local/lib/python3.7/site-packages/airflow/example_dags/example_params_trigger_ui.py
[2025-09-19T09:33:52.142+0000] {logging_mixin.py:149} INFO - [2025-09-19T09:33:52.142+0000] {dag.py:2726} INFO - Sync 1 DAGs
[2025-09-19T09:33:52.169+0000] {logging_mixin.py:149} INFO - [2025-09-19T09:33:52.169+0000] {dag.py:3490} INFO - Setting next_dagrun for example_params_trigger_ui to None, run_after=None
[2025-09-19T09:33:52.190+0000] {processor.py:179} INFO - Processing /home/airflow/.local/lib/python3.7/site-packages/airflow/example_dags/example_params_trigger_ui.py took 0.173 seconds
[2025-09-19T09:34:22.628+0000] {processor.py:157} INFO - Started process (PID=9633) to work on /home/airflow/.local/lib/python3.7/site-packages/airflow/example_dags/example_params_trigger_ui.py
[2025-09-19T09:34:22.629+0000] {processor.py:826} INFO - Processing file /home/airflow/.local/lib/python3.7/site-packages/airflow/example_dags/example_params_trigger_ui.py for tasks to queue
[2025-09-19T09:34:22.630+0000] {logging_mixin.py:149} INFO - [2025-09-19T09:34:22.630+0000] {dagbag.py:541} INFO - Filling up the DagBag from /home/airflow/.local/lib/python3.7/site-packages/airflow/example_dags/example_params_trigger_ui.py
[2025-09-19T09:34:22.654+0000] {processor.py:836} INFO - DAG(s) dict_keys(['example_params_trigger_ui']) retrieved from /home/airflow/.local/lib/python3.7/site-packages/airflow/example_dags/example_params_trigger_ui.py
[2025-09-19T09:34:22.765+0000] {logging_mixin.py:149} INFO - [2025-09-19T09:34:22.765+0000] {dag.py:2726} INFO - Sync 1 DAGs
[2025-09-19T09:34:22.794+0000] {logging_mixin.py:149} INFO - [2025-09-19T09:34:22.794+0000] {dag.py:3490} INFO - Setting next_dagrun for example_params_trigger_ui to None, run_after=None
[2025-09-19T09:34:22.815+0000] {processor.py:179} INFO - Processing /home/airflow/.local/lib/python3.7/site-packages/airflow/example_dags/example_params_trigger_ui.py took 0.191 seconds
[2025-09-19T09:34:53.512+0000] {processor.py:157} INFO - Started process (PID=9914) to work on /home/airflow/.local/lib/python3.7/site-packages/airflow/example_dags/example_params_trigger_ui.py
[2025-09-19T09:34:53.513+0000] {processor.py:826} INFO - Processing file /home/airflow/.local/lib/python3.7/site-packages/airflow/example_dags/example_params_trigger_ui.py for tasks to queue
[2025-09-19T09:34:53.514+0000] {logging_mixin.py:149} INFO - [2025-09-19T09:34:53.514+0000] {dagbag.py:541} INFO - Filling up the DagBag from /home/airflow/.local/lib/python3.7/site-packages/airflow/example_dags/example_params_trigger_ui.py
[2025-09-19T09:34:53.538+0000] {processor.py:836} INFO - DAG(s) dict_keys(['example_params_trigger_ui']) retrieved from /home/airflow/.local/lib/python3.7/site-packages/airflow/example_dags/example_params_trigger_ui.py
[2025-09-19T09:34:53.655+0000] {logging_mixin.py:149} INFO - [2025-09-19T09:34:53.655+0000] {dag.py:2726} INFO - Sync 1 DAGs
[2025-09-19T09:34:53.686+0000] {logging_mixin.py:149} INFO - [2025-09-19T09:34:53.685+0000] {dag.py:3490} INFO - Setting next_dagrun for example_params_trigger_ui to None, run_after=None
[2025-09-19T09:34:53.712+0000] {processor.py:179} INFO - Processing /home/airflow/.local/lib/python3.7/site-packages/airflow/example_dags/example_params_trigger_ui.py took 0.204 seconds
[2025-09-19T09:35:24.932+0000] {processor.py:157} INFO - Started process (PID=10197) to work on /home/airflow/.local/lib/python3.7/site-packages/airflow/example_dags/example_params_trigger_ui.py
[2025-09-19T09:35:24.935+0000] {processor.py:826} INFO - Processing file /home/airflow/.local/lib/python3.7/site-packages/airflow/example_dags/example_params_trigger_ui.py for tasks to queue
[2025-09-19T09:35:24.936+0000] {logging_mixin.py:149} INFO - [2025-09-19T09:35:24.935+0000] {dagbag.py:541} INFO - Filling up the DagBag from /home/airflow/.local/lib/python3.7/site-packages/airflow/example_dags/example_params_trigger_ui.py
[2025-09-19T09:35:24.961+0000] {processor.py:836} INFO - DAG(s) dict_keys(['example_params_trigger_ui']) retrieved from /home/airflow/.local/lib/python3.7/site-packages/airflow/example_dags/example_params_trigger_ui.py
[2025-09-19T09:35:25.064+0000] {logging_mixin.py:149} INFO - [2025-09-19T09:35:25.063+0000] {dag.py:2726} INFO - Sync 1 DAGs
[2025-09-19T09:35:25.091+0000] {logging_mixin.py:149} INFO - [2025-09-19T09:35:25.091+0000] {dag.py:3490} INFO - Setting next_dagrun for example_params_trigger_ui to None, run_after=None
[2025-09-19T09:35:25.126+0000] {processor.py:179} INFO - Processing /home/airflow/.local/lib/python3.7/site-packages/airflow/example_dags/example_params_trigger_ui.py took 0.198 seconds
[2025-09-19T09:35:55.702+0000] {processor.py:157} INFO - Started process (PID=10481) to work on /home/airflow/.local/lib/python3.7/site-packages/airflow/example_dags/example_params_trigger_ui.py
[2025-09-19T09:35:55.703+0000] {processor.py:826} INFO - Processing file /home/airflow/.local/lib/python3.7/site-packages/airflow/example_dags/example_params_trigger_ui.py for tasks to queue
[2025-09-19T09:35:55.704+0000] {logging_mixin.py:149} INFO - [2025-09-19T09:35:55.704+0000] {dagbag.py:541} INFO - Filling up the DagBag from /home/airflow/.local/lib/python3.7/site-packages/airflow/example_dags/example_params_trigger_ui.py
[2025-09-19T09:35:55.729+0000] {processor.py:836} INFO - DAG(s) dict_keys(['example_params_trigger_ui']) retrieved from /home/airflow/.local/lib/python3.7/site-packages/airflow/example_dags/example_params_trigger_ui.py
[2025-09-19T09:35:55.830+0000] {logging_mixin.py:149} INFO - [2025-09-19T09:35:55.830+0000] {dag.py:2726} INFO - Sync 1 DAGs
[2025-09-19T09:35:55.859+0000] {logging_mixin.py:149} INFO - [2025-09-19T09:35:55.858+0000] {dag.py:3490} INFO - Setting next_dagrun for example_params_trigger_ui to None, run_after=None
[2025-09-19T09:35:55.879+0000] {processor.py:179} INFO - Processing /home/airflow/.local/lib/python3.7/site-packages/airflow/example_dags/example_params_trigger_ui.py took 0.181 seconds
[2025-09-19T09:36:26.555+0000] {processor.py:157} INFO - Started process (PID=10767) to work on /home/airflow/.local/lib/python3.7/site-packages/airflow/example_dags/example_params_trigger_ui.py
[2025-09-19T09:36:26.556+0000] {processor.py:826} INFO - Processing file /home/airflow/.local/lib/python3.7/site-packages/airflow/example_dags/example_params_trigger_ui.py for tasks to queue
[2025-09-19T09:36:26.557+0000] {logging_mixin.py:149} INFO - [2025-09-19T09:36:26.557+0000] {dagbag.py:541} INFO - Filling up the DagBag from /home/airflow/.local/lib/python3.7/site-packages/airflow/example_dags/example_params_trigger_ui.py
[2025-09-19T09:36:26.581+0000] {processor.py:836} INFO - DAG(s) dict_keys(['example_params_trigger_ui']) retrieved from /home/airflow/.local/lib/python3.7/site-packages/airflow/example_dags/example_params_trigger_ui.py
[2025-09-19T09:36:26.683+0000] {logging_mixin.py:149} INFO - [2025-09-19T09:36:26.683+0000] {dag.py:2726} INFO - Sync 1 DAGs
[2025-09-19T09:36:26.716+0000] {logging_mixin.py:149} INFO - [2025-09-19T09:36:26.716+0000] {dag.py:3490} INFO - Setting next_dagrun for example_params_trigger_ui to None, run_after=None
[2025-09-19T09:36:26.737+0000] {processor.py:179} INFO - Processing /home/airflow/.local/lib/python3.7/site-packages/airflow/example_dags/example_params_trigger_ui.py took 0.186 seconds
[2025-09-19T09:36:57.362+0000] {processor.py:157} INFO - Started process (PID=11043) to work on /home/airflow/.local/lib/python3.7/site-packages/airflow/example_dags/example_params_trigger_ui.py
[2025-09-19T09:36:57.364+0000] {processor.py:826} INFO - Processing file /home/airflow/.local/lib/python3.7/site-packages/airflow/example_dags/example_params_trigger_ui.py for tasks to queue
[2025-09-19T09:36:57.365+0000] {logging_mixin.py:149} INFO - [2025-09-19T09:36:57.365+0000] {dagbag.py:541} INFO - Filling up the DagBag from /home/airflow/.local/lib/python3.7/site-packages/airflow/example_dags/example_params_trigger_ui.py
[2025-09-19T09:36:57.390+0000] {processor.py:836} INFO - DAG(s) dict_keys(['example_params_trigger_ui']) retrieved from /home/airflow/.local/lib/python3.7/site-packages/airflow/example_dags/example_params_trigger_ui.py
[2025-09-19T09:36:57.487+0000] {logging_mixin.py:149} INFO - [2025-09-19T09:36:57.486+0000] {dag.py:2726} INFO - Sync 1 DAGs
[2025-09-19T09:36:57.517+0000] {logging_mixin.py:149} INFO - [2025-09-19T09:36:57.517+0000] {dag.py:3490} INFO - Setting next_dagrun for example_params_trigger_ui to None, run_after=None
[2025-09-19T09:36:57.540+0000] {processor.py:179} INFO - Processing /home/airflow/.local/lib/python3.7/site-packages/airflow/example_dags/example_params_trigger_ui.py took 0.183 seconds
[2025-09-19T09:37:27.926+0000] {processor.py:157} INFO - Started process (PID=11319) to work on /home/airflow/.local/lib/python3.7/site-packages/airflow/example_dags/example_params_trigger_ui.py
[2025-09-19T09:37:27.927+0000] {processor.py:826} INFO - Processing file /home/airflow/.local/lib/python3.7/site-packages/airflow/example_dags/example_params_trigger_ui.py for tasks to queue
[2025-09-19T09:37:27.930+0000] {logging_mixin.py:149} INFO - [2025-09-19T09:37:27.930+0000] {dagbag.py:541} INFO - Filling up the DagBag from /home/airflow/.local/lib/python3.7/site-packages/airflow/example_dags/example_params_trigger_ui.py
[2025-09-19T09:37:27.954+0000] {processor.py:836} INFO - DAG(s) dict_keys(['example_params_trigger_ui']) retrieved from /home/airflow/.local/lib/python3.7/site-packages/airflow/example_dags/example_params_trigger_ui.py
[2025-09-19T09:37:28.053+0000] {logging_mixin.py:149} INFO - [2025-09-19T09:37:28.052+0000] {dag.py:2726} INFO - Sync 1 DAGs
[2025-09-19T09:37:28.177+0000] {logging_mixin.py:149} INFO - [2025-09-19T09:37:28.177+0000] {dag.py:3490} INFO - Setting next_dagrun for example_params_trigger_ui to None, run_after=None
[2025-09-19T09:37:28.203+0000] {processor.py:179} INFO - Processing /home/airflow/.local/lib/python3.7/site-packages/airflow/example_dags/example_params_trigger_ui.py took 0.281 seconds
[2025-09-19T09:37:59.501+0000] {processor.py:157} INFO - Started process (PID=11600) to work on /home/airflow/.local/lib/python3.7/site-packages/airflow/example_dags/example_params_trigger_ui.py
[2025-09-19T09:37:59.502+0000] {processor.py:826} INFO - Processing file /home/airflow/.local/lib/python3.7/site-packages/airflow/example_dags/example_params_trigger_ui.py for tasks to queue
[2025-09-19T09:37:59.503+0000] {logging_mixin.py:149} INFO - [2025-09-19T09:37:59.503+0000] {dagbag.py:541} INFO - Filling up the DagBag from /home/airflow/.local/lib/python3.7/site-packages/airflow/example_dags/example_params_trigger_ui.py
[2025-09-19T09:37:59.531+0000] {processor.py:836} INFO - DAG(s) dict_keys(['example_params_trigger_ui']) retrieved from /home/airflow/.local/lib/python3.7/site-packages/airflow/example_dags/example_params_trigger_ui.py
[2025-09-19T09:37:59.630+0000] {logging_mixin.py:149} INFO - [2025-09-19T09:37:59.630+0000] {dag.py:2726} INFO - Sync 1 DAGs
[2025-09-19T09:37:59.768+0000] {logging_mixin.py:149} INFO - [2025-09-19T09:37:59.768+0000] {dag.py:3490} INFO - Setting next_dagrun for example_params_trigger_ui to None, run_after=None
[2025-09-19T09:37:59.793+0000] {processor.py:179} INFO - Processing /home/airflow/.local/lib/python3.7/site-packages/airflow/example_dags/example_params_trigger_ui.py took 0.296 seconds
[2025-09-19T09:38:30.235+0000] {processor.py:157} INFO - Started process (PID=11881) to work on /home/airflow/.local/lib/python3.7/site-packages/airflow/example_dags/example_params_trigger_ui.py
[2025-09-19T09:38:30.236+0000] {processor.py:826} INFO - Processing file /home/airflow/.local/lib/python3.7/site-packages/airflow/example_dags/example_params_trigger_ui.py for tasks to queue
[2025-09-19T09:38:30.237+0000] {logging_mixin.py:149} INFO - [2025-09-19T09:38:30.237+0000] {dagbag.py:541} INFO - Filling up the DagBag from /home/airflow/.local/lib/python3.7/site-packages/airflow/example_dags/example_params_trigger_ui.py
[2025-09-19T09:38:30.264+0000] {processor.py:836} INFO - DAG(s) dict_keys(['example_params_trigger_ui']) retrieved from /home/airflow/.local/lib/python3.7/site-packages/airflow/example_dags/example_params_trigger_ui.py
[2025-09-19T09:38:30.365+0000] {logging_mixin.py:149} INFO - [2025-09-19T09:38:30.365+0000] {dag.py:2726} INFO - Sync 1 DAGs
[2025-09-19T09:38:30.392+0000] {logging_mixin.py:149} INFO - [2025-09-19T09:38:30.391+0000] {dag.py:3490} INFO - Setting next_dagrun for example_params_trigger_ui to None, run_after=None
[2025-09-19T09:38:30.414+0000] {processor.py:179} INFO - Processing /home/airflow/.local/lib/python3.7/site-packages/airflow/example_dags/example_params_trigger_ui.py took 0.183 seconds
[2025-09-19T09:39:01.353+0000] {processor.py:157} INFO - Started process (PID=12162) to work on /home/airflow/.local/lib/python3.7/site-packages/airflow/example_dags/example_params_trigger_ui.py
[2025-09-19T09:39:01.354+0000] {processor.py:826} INFO - Processing file /home/airflow/.local/lib/python3.7/site-packages/airflow/example_dags/example_params_trigger_ui.py for tasks to queue
[2025-09-19T09:39:01.355+0000] {logging_mixin.py:149} INFO - [2025-09-19T09:39:01.354+0000] {dagbag.py:541} INFO - Filling up the DagBag from /home/airflow/.local/lib/python3.7/site-packages/airflow/example_dags/example_params_trigger_ui.py
[2025-09-19T09:39:01.378+0000] {processor.py:836} INFO - DAG(s) dict_keys(['example_params_trigger_ui']) retrieved from /home/airflow/.local/lib/python3.7/site-packages/airflow/example_dags/example_params_trigger_ui.py
[2025-09-19T09:39:01.491+0000] {logging_mixin.py:149} INFO - [2025-09-19T09:39:01.490+0000] {dag.py:2726} INFO - Sync 1 DAGs
[2025-09-19T09:39:01.520+0000] {logging_mixin.py:149} INFO - [2025-09-19T09:39:01.520+0000] {dag.py:3490} INFO - Setting next_dagrun for example_params_trigger_ui to None, run_after=None
[2025-09-19T09:39:01.543+0000] {processor.py:179} INFO - Processing /home/airflow/.local/lib/python3.7/site-packages/airflow/example_dags/example_params_trigger_ui.py took 0.193 seconds
[2025-09-19T09:39:32.461+0000] {processor.py:157} INFO - Started process (PID=12443) to work on /home/airflow/.local/lib/python3.7/site-packages/airflow/example_dags/example_params_trigger_ui.py
[2025-09-19T09:39:32.462+0000] {processor.py:826} INFO - Processing file /home/airflow/.local/lib/python3.7/site-packages/airflow/example_dags/example_params_trigger_ui.py for tasks to queue
[2025-09-19T09:39:32.463+0000] {logging_mixin.py:149} INFO - [2025-09-19T09:39:32.463+0000] {dagbag.py:541} INFO - Filling up the DagBag from /home/airflow/.local/lib/python3.7/site-packages/airflow/example_dags/example_params_trigger_ui.py
[2025-09-19T09:39:32.488+0000] {processor.py:836} INFO - DAG(s) dict_keys(['example_params_trigger_ui']) retrieved from /home/airflow/.local/lib/python3.7/site-packages/airflow/example_dags/example_params_trigger_ui.py
[2025-09-19T09:39:32.593+0000] {logging_mixin.py:149} INFO - [2025-09-19T09:39:32.592+0000] {dag.py:2726} INFO - Sync 1 DAGs
[2025-09-19T09:39:32.623+0000] {logging_mixin.py:149} INFO - [2025-09-19T09:39:32.623+0000] {dag.py:3490} INFO - Setting next_dagrun for example_params_trigger_ui to None, run_after=None
[2025-09-19T09:39:32.644+0000] {processor.py:179} INFO - Processing /home/airflow/.local/lib/python3.7/site-packages/airflow/example_dags/example_params_trigger_ui.py took 0.187 seconds
[2025-09-19T09:40:03.725+0000] {processor.py:157} INFO - Started process (PID=12724) to work on /home/airflow/.local/lib/python3.7/site-packages/airflow/example_dags/example_params_trigger_ui.py
[2025-09-19T09:40:03.726+0000] {processor.py:826} INFO - Processing file /home/airflow/.local/lib/python3.7/site-packages/airflow/example_dags/example_params_trigger_ui.py for tasks to queue
[2025-09-19T09:40:03.729+0000] {logging_mixin.py:149} INFO - [2025-09-19T09:40:03.729+0000] {dagbag.py:541} INFO - Filling up the DagBag from /home/airflow/.local/lib/python3.7/site-packages/airflow/example_dags/example_params_trigger_ui.py
[2025-09-19T09:40:03.754+0000] {processor.py:836} INFO - DAG(s) dict_keys(['example_params_trigger_ui']) retrieved from /home/airflow/.local/lib/python3.7/site-packages/airflow/example_dags/example_params_trigger_ui.py
[2025-09-19T09:40:03.856+0000] {logging_mixin.py:149} INFO - [2025-09-19T09:40:03.856+0000] {dag.py:2726} INFO - Sync 1 DAGs
[2025-09-19T09:40:03.885+0000] {logging_mixin.py:149} INFO - [2025-09-19T09:40:03.885+0000] {dag.py:3490} INFO - Setting next_dagrun for example_params_trigger_ui to None, run_after=None
[2025-09-19T09:40:03.908+0000] {processor.py:179} INFO - Processing /home/airflow/.local/lib/python3.7/site-packages/airflow/example_dags/example_params_trigger_ui.py took 0.187 seconds
[2025-09-19T09:40:34.487+0000] {processor.py:157} INFO - Started process (PID=13005) to work on /home/airflow/.local/lib/python3.7/site-packages/airflow/example_dags/example_params_trigger_ui.py
[2025-09-19T09:40:34.488+0000] {processor.py:826} INFO - Processing file /home/airflow/.local/lib/python3.7/site-packages/airflow/example_dags/example_params_trigger_ui.py for tasks to queue
[2025-09-19T09:40:34.489+0000] {logging_mixin.py:149} INFO - [2025-09-19T09:40:34.489+0000] {dagbag.py:541} INFO - Filling up the DagBag from /home/airflow/.local/lib/python3.7/site-packages/airflow/example_dags/example_params_trigger_ui.py
[2025-09-19T09:40:34.513+0000] {processor.py:836} INFO - DAG(s) dict_keys(['example_params_trigger_ui']) retrieved from /home/airflow/.local/lib/python3.7/site-packages/airflow/example_dags/example_params_trigger_ui.py
[2025-09-19T09:40:34.612+0000] {logging_mixin.py:149} INFO - [2025-09-19T09:40:34.612+0000] {dag.py:2726} INFO - Sync 1 DAGs
[2025-09-19T09:40:34.639+0000] {logging_mixin.py:149} INFO - [2025-09-19T09:40:34.639+0000] {dag.py:3490} INFO - Setting next_dagrun for example_params_trigger_ui to None, run_after=None
[2025-09-19T09:40:34.664+0000] {processor.py:179} INFO - Processing /home/airflow/.local/lib/python3.7/site-packages/airflow/example_dags/example_params_trigger_ui.py took 0.181 seconds
[2025-09-19T09:41:05.153+0000] {processor.py:157} INFO - Started process (PID=13286) to work on /home/airflow/.local/lib/python3.7/site-packages/airflow/example_dags/example_params_trigger_ui.py
[2025-09-19T09:41:05.154+0000] {processor.py:826} INFO - Processing file /home/airflow/.local/lib/python3.7/site-packages/airflow/example_dags/example_params_trigger_ui.py for tasks to queue
[2025-09-19T09:41:05.155+0000] {logging_mixin.py:149} INFO - [2025-09-19T09:41:05.154+0000] {dagbag.py:541} INFO - Filling up the DagBag from /home/airflow/.local/lib/python3.7/site-packages/airflow/example_dags/example_params_trigger_ui.py
[2025-09-19T09:41:05.179+0000] {processor.py:836} INFO - DAG(s) dict_keys(['example_params_trigger_ui']) retrieved from /home/airflow/.local/lib/python3.7/site-packages/airflow/example_dags/example_params_trigger_ui.py
[2025-09-19T09:41:05.292+0000] {logging_mixin.py:149} INFO - [2025-09-19T09:41:05.292+0000] {dag.py:2726} INFO - Sync 1 DAGs
[2025-09-19T09:41:05.319+0000] {logging_mixin.py:149} INFO - [2025-09-19T09:41:05.319+0000] {dag.py:3490} INFO - Setting next_dagrun for example_params_trigger_ui to None, run_after=None
[2025-09-19T09:41:05.342+0000] {processor.py:179} INFO - Processing /home/airflow/.local/lib/python3.7/site-packages/airflow/example_dags/example_params_trigger_ui.py took 0.193 seconds
[2025-09-19T09:41:35.826+0000] {processor.py:157} INFO - Started process (PID=13566) to work on /home/airflow/.local/lib/python3.7/site-packages/airflow/example_dags/example_params_trigger_ui.py
[2025-09-19T09:41:35.827+0000] {processor.py:826} INFO - Processing file /home/airflow/.local/lib/python3.7/site-packages/airflow/example_dags/example_params_trigger_ui.py for tasks to queue
[2025-09-19T09:41:35.827+0000] {logging_mixin.py:149} INFO - [2025-09-19T09:41:35.827+0000] {dagbag.py:541} INFO - Filling up the DagBag from /home/airflow/.local/lib/python3.7/site-packages/airflow/example_dags/example_params_trigger_ui.py
[2025-09-19T09:41:35.852+0000] {processor.py:836} INFO - DAG(s) dict_keys(['example_params_trigger_ui']) retrieved from /home/airflow/.local/lib/python3.7/site-packages/airflow/example_dags/example_params_trigger_ui.py
[2025-09-19T09:41:35.953+0000] {logging_mixin.py:149} INFO - [2025-09-19T09:41:35.953+0000] {dag.py:2726} INFO - Sync 1 DAGs
[2025-09-19T09:41:35.980+0000] {logging_mixin.py:149} INFO - [2025-09-19T09:41:35.980+0000] {dag.py:3490} INFO - Setting next_dagrun for example_params_trigger_ui to None, run_after=None
[2025-09-19T09:41:36.005+0000] {processor.py:179} INFO - Processing /home/airflow/.local/lib/python3.7/site-packages/airflow/example_dags/example_params_trigger_ui.py took 0.183 seconds
[2025-09-19T09:42:06.257+0000] {processor.py:157} INFO - Started process (PID=13847) to work on /home/airflow/.local/lib/python3.7/site-packages/airflow/example_dags/example_params_trigger_ui.py
[2025-09-19T09:42:06.258+0000] {processor.py:826} INFO - Processing file /home/airflow/.local/lib/python3.7/site-packages/airflow/example_dags/example_params_trigger_ui.py for tasks to queue
[2025-09-19T09:42:06.259+0000] {logging_mixin.py:149} INFO - [2025-09-19T09:42:06.259+0000] {dagbag.py:541} INFO - Filling up the DagBag from /home/airflow/.local/lib/python3.7/site-packages/airflow/example_dags/example_params_trigger_ui.py
[2025-09-19T09:42:06.283+0000] {processor.py:836} INFO - DAG(s) dict_keys(['example_params_trigger_ui']) retrieved from /home/airflow/.local/lib/python3.7/site-packages/airflow/example_dags/example_params_trigger_ui.py
[2025-09-19T09:42:06.396+0000] {logging_mixin.py:149} INFO - [2025-09-19T09:42:06.396+0000] {dag.py:2726} INFO - Sync 1 DAGs
[2025-09-19T09:42:06.423+0000] {logging_mixin.py:149} INFO - [2025-09-19T09:42:06.423+0000] {dag.py:3490} INFO - Setting next_dagrun for example_params_trigger_ui to None, run_after=None
[2025-09-19T09:42:06.452+0000] {processor.py:179} INFO - Processing /home/airflow/.local/lib/python3.7/site-packages/airflow/example_dags/example_params_trigger_ui.py took 0.199 seconds
[2025-09-19T09:42:37.311+0000] {processor.py:157} INFO - Started process (PID=14128) to work on /home/airflow/.local/lib/python3.7/site-packages/airflow/example_dags/example_params_trigger_ui.py
[2025-09-19T09:42:37.312+0000] {processor.py:826} INFO - Processing file /home/airflow/.local/lib/python3.7/site-packages/airflow/example_dags/example_params_trigger_ui.py for tasks to queue
[2025-09-19T09:42:37.313+0000] {logging_mixin.py:149} INFO - [2025-09-19T09:42:37.313+0000] {dagbag.py:541} INFO - Filling up the DagBag from /home/airflow/.local/lib/python3.7/site-packages/airflow/example_dags/example_params_trigger_ui.py
[2025-09-19T09:42:37.337+0000] {processor.py:836} INFO - DAG(s) dict_keys(['example_params_trigger_ui']) retrieved from /home/airflow/.local/lib/python3.7/site-packages/airflow/example_dags/example_params_trigger_ui.py
[2025-09-19T09:42:37.435+0000] {logging_mixin.py:149} INFO - [2025-09-19T09:42:37.435+0000] {dag.py:2726} INFO - Sync 1 DAGs
[2025-09-19T09:42:37.462+0000] {logging_mixin.py:149} INFO - [2025-09-19T09:42:37.462+0000] {dag.py:3490} INFO - Setting next_dagrun for example_params_trigger_ui to None, run_after=None
[2025-09-19T09:42:37.484+0000] {processor.py:179} INFO - Processing /home/airflow/.local/lib/python3.7/site-packages/airflow/example_dags/example_params_trigger_ui.py took 0.176 seconds
[2025-09-19T09:43:08.304+0000] {processor.py:157} INFO - Started process (PID=14409) to work on /home/airflow/.local/lib/python3.7/site-packages/airflow/example_dags/example_params_trigger_ui.py
[2025-09-19T09:43:08.305+0000] {processor.py:826} INFO - Processing file /home/airflow/.local/lib/python3.7/site-packages/airflow/example_dags/example_params_trigger_ui.py for tasks to queue
[2025-09-19T09:43:08.306+0000] {logging_mixin.py:149} INFO - [2025-09-19T09:43:08.306+0000] {dagbag.py:541} INFO - Filling up the DagBag from /home/airflow/.local/lib/python3.7/site-packages/airflow/example_dags/example_params_trigger_ui.py
[2025-09-19T09:43:08.331+0000] {processor.py:836} INFO - DAG(s) dict_keys(['example_params_trigger_ui']) retrieved from /home/airflow/.local/lib/python3.7/site-packages/airflow/example_dags/example_params_trigger_ui.py
[2025-09-19T09:43:08.438+0000] {logging_mixin.py:149} INFO - [2025-09-19T09:43:08.438+0000] {dag.py:2726} INFO - Sync 1 DAGs
[2025-09-19T09:43:08.467+0000] {logging_mixin.py:149} INFO - [2025-09-19T09:43:08.467+0000] {dag.py:3490} INFO - Setting next_dagrun for example_params_trigger_ui to None, run_after=None
[2025-09-19T09:43:08.490+0000] {processor.py:179} INFO - Processing /home/airflow/.local/lib/python3.7/site-packages/airflow/example_dags/example_params_trigger_ui.py took 0.190 seconds
[2025-09-19T09:43:38.916+0000] {processor.py:157} INFO - Started process (PID=14690) to work on /home/airflow/.local/lib/python3.7/site-packages/airflow/example_dags/example_params_trigger_ui.py
[2025-09-19T09:43:38.917+0000] {processor.py:826} INFO - Processing file /home/airflow/.local/lib/python3.7/site-packages/airflow/example_dags/example_params_trigger_ui.py for tasks to queue
[2025-09-19T09:43:38.918+0000] {logging_mixin.py:149} INFO - [2025-09-19T09:43:38.918+0000] {dagbag.py:541} INFO - Filling up the DagBag from /home/airflow/.local/lib/python3.7/site-packages/airflow/example_dags/example_params_trigger_ui.py
[2025-09-19T09:43:38.942+0000] {processor.py:836} INFO - DAG(s) dict_keys(['example_params_trigger_ui']) retrieved from /home/airflow/.local/lib/python3.7/site-packages/airflow/example_dags/example_params_trigger_ui.py
[2025-09-19T09:43:39.044+0000] {logging_mixin.py:149} INFO - [2025-09-19T09:43:39.043+0000] {dag.py:2726} INFO - Sync 1 DAGs
[2025-09-19T09:43:39.073+0000] {logging_mixin.py:149} INFO - [2025-09-19T09:43:39.073+0000] {dag.py:3490} INFO - Setting next_dagrun for example_params_trigger_ui to None, run_after=None
[2025-09-19T09:43:39.095+0000] {processor.py:179} INFO - Processing /home/airflow/.local/lib/python3.7/site-packages/airflow/example_dags/example_params_trigger_ui.py took 0.183 seconds
[2025-09-19T09:44:09.937+0000] {processor.py:157} INFO - Started process (PID=14971) to work on /home/airflow/.local/lib/python3.7/site-packages/airflow/example_dags/example_params_trigger_ui.py
[2025-09-19T09:44:09.938+0000] {processor.py:826} INFO - Processing file /home/airflow/.local/lib/python3.7/site-packages/airflow/example_dags/example_params_trigger_ui.py for tasks to queue
[2025-09-19T09:44:09.940+0000] {logging_mixin.py:149} INFO - [2025-09-19T09:44:09.940+0000] {dagbag.py:541} INFO - Filling up the DagBag from /home/airflow/.local/lib/python3.7/site-packages/airflow/example_dags/example_params_trigger_ui.py
[2025-09-19T09:44:09.963+0000] {processor.py:836} INFO - DAG(s) dict_keys(['example_params_trigger_ui']) retrieved from /home/airflow/.local/lib/python3.7/site-packages/airflow/example_dags/example_params_trigger_ui.py
[2025-09-19T09:44:10.070+0000] {logging_mixin.py:149} INFO - [2025-09-19T09:44:10.070+0000] {dag.py:2726} INFO - Sync 1 DAGs
[2025-09-19T09:44:10.097+0000] {logging_mixin.py:149} INFO - [2025-09-19T09:44:10.097+0000] {dag.py:3490} INFO - Setting next_dagrun for example_params_trigger_ui to None, run_after=None
[2025-09-19T09:44:10.118+0000] {processor.py:179} INFO - Processing /home/airflow/.local/lib/python3.7/site-packages/airflow/example_dags/example_params_trigger_ui.py took 0.186 seconds
[2025-09-19T09:44:40.762+0000] {processor.py:157} INFO - Started process (PID=15252) to work on /home/airflow/.local/lib/python3.7/site-packages/airflow/example_dags/example_params_trigger_ui.py
[2025-09-19T09:44:40.763+0000] {processor.py:826} INFO - Processing file /home/airflow/.local/lib/python3.7/site-packages/airflow/example_dags/example_params_trigger_ui.py for tasks to queue
[2025-09-19T09:44:40.764+0000] {logging_mixin.py:149} INFO - [2025-09-19T09:44:40.764+0000] {dagbag.py:541} INFO - Filling up the DagBag from /home/airflow/.local/lib/python3.7/site-packages/airflow/example_dags/example_params_trigger_ui.py
[2025-09-19T09:44:40.788+0000] {processor.py:836} INFO - DAG(s) dict_keys(['example_params_trigger_ui']) retrieved from /home/airflow/.local/lib/python3.7/site-packages/airflow/example_dags/example_params_trigger_ui.py
[2025-09-19T09:44:40.894+0000] {logging_mixin.py:149} INFO - [2025-09-19T09:44:40.894+0000] {dag.py:2726} INFO - Sync 1 DAGs
[2025-09-19T09:44:40.922+0000] {logging_mixin.py:149} INFO - [2025-09-19T09:44:40.922+0000] {dag.py:3490} INFO - Setting next_dagrun for example_params_trigger_ui to None, run_after=None
[2025-09-19T09:44:40.953+0000] {processor.py:179} INFO - Processing /home/airflow/.local/lib/python3.7/site-packages/airflow/example_dags/example_params_trigger_ui.py took 0.194 seconds
[2025-09-19T09:45:12.035+0000] {processor.py:157} INFO - Started process (PID=15533) to work on /home/airflow/.local/lib/python3.7/site-packages/airflow/example_dags/example_params_trigger_ui.py
[2025-09-19T09:45:12.036+0000] {processor.py:826} INFO - Processing file /home/airflow/.local/lib/python3.7/site-packages/airflow/example_dags/example_params_trigger_ui.py for tasks to queue
[2025-09-19T09:45:12.037+0000] {logging_mixin.py:149} INFO - [2025-09-19T09:45:12.037+0000] {dagbag.py:541} INFO - Filling up the DagBag from /home/airflow/.local/lib/python3.7/site-packages/airflow/example_dags/example_params_trigger_ui.py
[2025-09-19T09:45:12.061+0000] {processor.py:836} INFO - DAG(s) dict_keys(['example_params_trigger_ui']) retrieved from /home/airflow/.local/lib/python3.7/site-packages/airflow/example_dags/example_params_trigger_ui.py
[2025-09-19T09:45:12.160+0000] {logging_mixin.py:149} INFO - [2025-09-19T09:45:12.160+0000] {dag.py:2726} INFO - Sync 1 DAGs
[2025-09-19T09:45:12.193+0000] {logging_mixin.py:149} INFO - [2025-09-19T09:45:12.193+0000] {dag.py:3490} INFO - Setting next_dagrun for example_params_trigger_ui to None, run_after=None
[2025-09-19T09:45:12.220+0000] {processor.py:179} INFO - Processing /home/airflow/.local/lib/python3.7/site-packages/airflow/example_dags/example_params_trigger_ui.py took 0.188 seconds
[2025-09-19T09:45:43.164+0000] {processor.py:157} INFO - Started process (PID=15815) to work on /home/airflow/.local/lib/python3.7/site-packages/airflow/example_dags/example_params_trigger_ui.py
[2025-09-19T09:45:43.165+0000] {processor.py:826} INFO - Processing file /home/airflow/.local/lib/python3.7/site-packages/airflow/example_dags/example_params_trigger_ui.py for tasks to queue
[2025-09-19T09:45:43.166+0000] {logging_mixin.py:149} INFO - [2025-09-19T09:45:43.166+0000] {dagbag.py:541} INFO - Filling up the DagBag from /home/airflow/.local/lib/python3.7/site-packages/airflow/example_dags/example_params_trigger_ui.py
[2025-09-19T09:45:43.191+0000] {processor.py:836} INFO - DAG(s) dict_keys(['example_params_trigger_ui']) retrieved from /home/airflow/.local/lib/python3.7/site-packages/airflow/example_dags/example_params_trigger_ui.py
[2025-09-19T09:45:43.291+0000] {logging_mixin.py:149} INFO - [2025-09-19T09:45:43.291+0000] {dag.py:2726} INFO - Sync 1 DAGs
[2025-09-19T09:45:43.321+0000] {logging_mixin.py:149} INFO - [2025-09-19T09:45:43.321+0000] {dag.py:3490} INFO - Setting next_dagrun for example_params_trigger_ui to None, run_after=None
[2025-09-19T09:45:43.348+0000] {processor.py:179} INFO - Processing /home/airflow/.local/lib/python3.7/site-packages/airflow/example_dags/example_params_trigger_ui.py took 0.187 seconds
[2025-09-19T09:46:14.012+0000] {processor.py:157} INFO - Started process (PID=16096) to work on /home/airflow/.local/lib/python3.7/site-packages/airflow/example_dags/example_params_trigger_ui.py
[2025-09-19T09:46:14.013+0000] {processor.py:826} INFO - Processing file /home/airflow/.local/lib/python3.7/site-packages/airflow/example_dags/example_params_trigger_ui.py for tasks to queue
[2025-09-19T09:46:14.014+0000] {logging_mixin.py:149} INFO - [2025-09-19T09:46:14.013+0000] {dagbag.py:541} INFO - Filling up the DagBag from /home/airflow/.local/lib/python3.7/site-packages/airflow/example_dags/example_params_trigger_ui.py
[2025-09-19T09:46:14.037+0000] {processor.py:836} INFO - DAG(s) dict_keys(['example_params_trigger_ui']) retrieved from /home/airflow/.local/lib/python3.7/site-packages/airflow/example_dags/example_params_trigger_ui.py
[2025-09-19T09:46:14.135+0000] {logging_mixin.py:149} INFO - [2025-09-19T09:46:14.135+0000] {dag.py:2726} INFO - Sync 1 DAGs
[2025-09-19T09:46:14.162+0000] {logging_mixin.py:149} INFO - [2025-09-19T09:46:14.161+0000] {dag.py:3490} INFO - Setting next_dagrun for example_params_trigger_ui to None, run_after=None
[2025-09-19T09:46:14.183+0000] {processor.py:179} INFO - Processing /home/airflow/.local/lib/python3.7/site-packages/airflow/example_dags/example_params_trigger_ui.py took 0.174 seconds
[2025-09-19T09:46:44.669+0000] {processor.py:157} INFO - Started process (PID=16377) to work on /home/airflow/.local/lib/python3.7/site-packages/airflow/example_dags/example_params_trigger_ui.py
[2025-09-19T09:46:44.670+0000] {processor.py:826} INFO - Processing file /home/airflow/.local/lib/python3.7/site-packages/airflow/example_dags/example_params_trigger_ui.py for tasks to queue
[2025-09-19T09:46:44.671+0000] {logging_mixin.py:149} INFO - [2025-09-19T09:46:44.671+0000] {dagbag.py:541} INFO - Filling up the DagBag from /home/airflow/.local/lib/python3.7/site-packages/airflow/example_dags/example_params_trigger_ui.py
[2025-09-19T09:46:44.696+0000] {processor.py:836} INFO - DAG(s) dict_keys(['example_params_trigger_ui']) retrieved from /home/airflow/.local/lib/python3.7/site-packages/airflow/example_dags/example_params_trigger_ui.py
[2025-09-19T09:46:44.793+0000] {logging_mixin.py:149} INFO - [2025-09-19T09:46:44.793+0000] {dag.py:2726} INFO - Sync 1 DAGs
[2025-09-19T09:46:44.820+0000] {logging_mixin.py:149} INFO - [2025-09-19T09:46:44.819+0000] {dag.py:3490} INFO - Setting next_dagrun for example_params_trigger_ui to None, run_after=None
[2025-09-19T09:46:44.841+0000] {processor.py:179} INFO - Processing /home/airflow/.local/lib/python3.7/site-packages/airflow/example_dags/example_params_trigger_ui.py took 0.175 seconds
[2025-09-19T09:47:15.609+0000] {processor.py:157} INFO - Started process (PID=16658) to work on /home/airflow/.local/lib/python3.7/site-packages/airflow/example_dags/example_params_trigger_ui.py
[2025-09-19T09:47:15.610+0000] {processor.py:826} INFO - Processing file /home/airflow/.local/lib/python3.7/site-packages/airflow/example_dags/example_params_trigger_ui.py for tasks to queue
[2025-09-19T09:47:15.611+0000] {logging_mixin.py:149} INFO - [2025-09-19T09:47:15.611+0000] {dagbag.py:541} INFO - Filling up the DagBag from /home/airflow/.local/lib/python3.7/site-packages/airflow/example_dags/example_params_trigger_ui.py
[2025-09-19T09:47:15.636+0000] {processor.py:836} INFO - DAG(s) dict_keys(['example_params_trigger_ui']) retrieved from /home/airflow/.local/lib/python3.7/site-packages/airflow/example_dags/example_params_trigger_ui.py
[2025-09-19T09:47:15.747+0000] {logging_mixin.py:149} INFO - [2025-09-19T09:47:15.747+0000] {dag.py:2726} INFO - Sync 1 DAGs
[2025-09-19T09:47:15.778+0000] {logging_mixin.py:149} INFO - [2025-09-19T09:47:15.778+0000] {dag.py:3490} INFO - Setting next_dagrun for example_params_trigger_ui to None, run_after=None
[2025-09-19T09:47:15.803+0000] {processor.py:179} INFO - Processing /home/airflow/.local/lib/python3.7/site-packages/airflow/example_dags/example_params_trigger_ui.py took 0.199 seconds
[2025-09-19T09:47:46.621+0000] {processor.py:157} INFO - Started process (PID=16939) to work on /home/airflow/.local/lib/python3.7/site-packages/airflow/example_dags/example_params_trigger_ui.py
[2025-09-19T09:47:46.622+0000] {processor.py:826} INFO - Processing file /home/airflow/.local/lib/python3.7/site-packages/airflow/example_dags/example_params_trigger_ui.py for tasks to queue
[2025-09-19T09:47:46.624+0000] {logging_mixin.py:149} INFO - [2025-09-19T09:47:46.623+0000] {dagbag.py:541} INFO - Filling up the DagBag from /home/airflow/.local/lib/python3.7/site-packages/airflow/example_dags/example_params_trigger_ui.py
[2025-09-19T09:47:46.648+0000] {processor.py:836} INFO - DAG(s) dict_keys(['example_params_trigger_ui']) retrieved from /home/airflow/.local/lib/python3.7/site-packages/airflow/example_dags/example_params_trigger_ui.py
[2025-09-19T09:47:46.757+0000] {logging_mixin.py:149} INFO - [2025-09-19T09:47:46.757+0000] {dag.py:2726} INFO - Sync 1 DAGs
[2025-09-19T09:47:46.786+0000] {logging_mixin.py:149} INFO - [2025-09-19T09:47:46.785+0000] {dag.py:3490} INFO - Setting next_dagrun for example_params_trigger_ui to None, run_after=None
[2025-09-19T09:47:46.805+0000] {processor.py:179} INFO - Processing /home/airflow/.local/lib/python3.7/site-packages/airflow/example_dags/example_params_trigger_ui.py took 0.188 seconds
[2025-09-19T10:02:36.044+0000] {processor.py:157} INFO - Started process (PID=17228) to work on /home/airflow/.local/lib/python3.7/site-packages/airflow/example_dags/example_params_trigger_ui.py
[2025-09-19T10:02:36.047+0000] {processor.py:826} INFO - Processing file /home/airflow/.local/lib/python3.7/site-packages/airflow/example_dags/example_params_trigger_ui.py for tasks to queue
[2025-09-19T10:02:36.048+0000] {logging_mixin.py:149} INFO - [2025-09-19T10:02:36.048+0000] {dagbag.py:541} INFO - Filling up the DagBag from /home/airflow/.local/lib/python3.7/site-packages/airflow/example_dags/example_params_trigger_ui.py
[2025-09-19T10:02:36.089+0000] {processor.py:836} INFO - DAG(s) dict_keys(['example_params_trigger_ui']) retrieved from /home/airflow/.local/lib/python3.7/site-packages/airflow/example_dags/example_params_trigger_ui.py
[2025-09-19T10:02:36.253+0000] {logging_mixin.py:149} INFO - [2025-09-19T10:02:36.253+0000] {dag.py:2726} INFO - Sync 1 DAGs
[2025-09-19T10:02:36.293+0000] {logging_mixin.py:149} INFO - [2025-09-19T10:02:36.292+0000] {dag.py:3490} INFO - Setting next_dagrun for example_params_trigger_ui to None, run_after=None
[2025-09-19T10:02:36.326+0000] {processor.py:179} INFO - Processing /home/airflow/.local/lib/python3.7/site-packages/airflow/example_dags/example_params_trigger_ui.py took 0.287 seconds
[2025-09-19T10:18:58.210+0000] {processor.py:157} INFO - Started process (PID=17655) to work on /home/airflow/.local/lib/python3.7/site-packages/airflow/example_dags/example_params_trigger_ui.py
[2025-09-19T10:18:58.212+0000] {processor.py:826} INFO - Processing file /home/airflow/.local/lib/python3.7/site-packages/airflow/example_dags/example_params_trigger_ui.py for tasks to queue
[2025-09-19T10:18:58.213+0000] {logging_mixin.py:149} INFO - [2025-09-19T10:18:58.213+0000] {dagbag.py:541} INFO - Filling up the DagBag from /home/airflow/.local/lib/python3.7/site-packages/airflow/example_dags/example_params_trigger_ui.py
[2025-09-19T10:18:58.242+0000] {processor.py:836} INFO - DAG(s) dict_keys(['example_params_trigger_ui']) retrieved from /home/airflow/.local/lib/python3.7/site-packages/airflow/example_dags/example_params_trigger_ui.py
[2025-09-19T10:18:58.369+0000] {logging_mixin.py:149} INFO - [2025-09-19T10:18:58.369+0000] {dag.py:2726} INFO - Sync 1 DAGs
[2025-09-19T10:18:58.397+0000] {logging_mixin.py:149} INFO - [2025-09-19T10:18:58.397+0000] {dag.py:3490} INFO - Setting next_dagrun for example_params_trigger_ui to None, run_after=None
[2025-09-19T10:18:58.432+0000] {processor.py:179} INFO - Processing /home/airflow/.local/lib/python3.7/site-packages/airflow/example_dags/example_params_trigger_ui.py took 0.226 seconds
[2025-09-19T10:24:42.553+0000] {processor.py:157} INFO - Started process (PID=17936) to work on /home/airflow/.local/lib/python3.7/site-packages/airflow/example_dags/example_params_trigger_ui.py
[2025-09-19T10:24:42.554+0000] {processor.py:826} INFO - Processing file /home/airflow/.local/lib/python3.7/site-packages/airflow/example_dags/example_params_trigger_ui.py for tasks to queue
[2025-09-19T10:24:42.556+0000] {logging_mixin.py:149} INFO - [2025-09-19T10:24:42.556+0000] {dagbag.py:541} INFO - Filling up the DagBag from /home/airflow/.local/lib/python3.7/site-packages/airflow/example_dags/example_params_trigger_ui.py
[2025-09-19T10:24:42.590+0000] {processor.py:836} INFO - DAG(s) dict_keys(['example_params_trigger_ui']) retrieved from /home/airflow/.local/lib/python3.7/site-packages/airflow/example_dags/example_params_trigger_ui.py
[2025-09-19T10:24:42.787+0000] {logging_mixin.py:149} INFO - [2025-09-19T10:24:42.787+0000] {dag.py:2726} INFO - Sync 1 DAGs
[2025-09-19T10:24:42.853+0000] {logging_mixin.py:149} INFO - [2025-09-19T10:24:42.852+0000] {dag.py:3490} INFO - Setting next_dagrun for example_params_trigger_ui to None, run_after=None
[2025-09-19T10:24:42.949+0000] {processor.py:179} INFO - Processing /home/airflow/.local/lib/python3.7/site-packages/airflow/example_dags/example_params_trigger_ui.py took 0.401 seconds
[2025-09-19T10:26:35.385+0000] {processor.py:157} INFO - Started process (PID=18217) to work on /home/airflow/.local/lib/python3.7/site-packages/airflow/example_dags/example_params_trigger_ui.py
[2025-09-19T10:26:35.387+0000] {processor.py:826} INFO - Processing file /home/airflow/.local/lib/python3.7/site-packages/airflow/example_dags/example_params_trigger_ui.py for tasks to queue
[2025-09-19T10:26:35.388+0000] {logging_mixin.py:149} INFO - [2025-09-19T10:26:35.388+0000] {dagbag.py:541} INFO - Filling up the DagBag from /home/airflow/.local/lib/python3.7/site-packages/airflow/example_dags/example_params_trigger_ui.py
[2025-09-19T10:26:35.421+0000] {processor.py:836} INFO - DAG(s) dict_keys(['example_params_trigger_ui']) retrieved from /home/airflow/.local/lib/python3.7/site-packages/airflow/example_dags/example_params_trigger_ui.py
[2025-09-19T10:26:35.578+0000] {logging_mixin.py:149} INFO - [2025-09-19T10:26:35.578+0000] {dag.py:2726} INFO - Sync 1 DAGs
[2025-09-19T10:26:35.615+0000] {logging_mixin.py:149} INFO - [2025-09-19T10:26:35.615+0000] {dag.py:3490} INFO - Setting next_dagrun for example_params_trigger_ui to None, run_after=None
[2025-09-19T10:26:35.642+0000] {processor.py:179} INFO - Processing /home/airflow/.local/lib/python3.7/site-packages/airflow/example_dags/example_params_trigger_ui.py took 0.263 seconds
[2025-09-19T10:27:40.229+0000] {processor.py:157} INFO - Started process (PID=18506) to work on /home/airflow/.local/lib/python3.7/site-packages/airflow/example_dags/example_params_trigger_ui.py
[2025-09-19T10:27:40.233+0000] {processor.py:826} INFO - Processing file /home/airflow/.local/lib/python3.7/site-packages/airflow/example_dags/example_params_trigger_ui.py for tasks to queue
[2025-09-19T10:27:40.236+0000] {logging_mixin.py:149} INFO - [2025-09-19T10:27:40.236+0000] {dagbag.py:541} INFO - Filling up the DagBag from /home/airflow/.local/lib/python3.7/site-packages/airflow/example_dags/example_params_trigger_ui.py
[2025-09-19T10:27:40.333+0000] {processor.py:836} INFO - DAG(s) dict_keys(['example_params_trigger_ui']) retrieved from /home/airflow/.local/lib/python3.7/site-packages/airflow/example_dags/example_params_trigger_ui.py
[2025-09-19T10:27:40.628+0000] {logging_mixin.py:149} INFO - [2025-09-19T10:27:40.628+0000] {dag.py:2726} INFO - Sync 1 DAGs
[2025-09-19T10:27:40.764+0000] {logging_mixin.py:149} INFO - [2025-09-19T10:27:40.764+0000] {dag.py:3490} INFO - Setting next_dagrun for example_params_trigger_ui to None, run_after=None
[2025-09-19T10:27:40.868+0000] {processor.py:179} INFO - Processing /home/airflow/.local/lib/python3.7/site-packages/airflow/example_dags/example_params_trigger_ui.py took 0.654 seconds
[2025-09-19T10:42:23.101+0000] {processor.py:157} INFO - Started process (PID=18794) to work on /home/airflow/.local/lib/python3.7/site-packages/airflow/example_dags/example_params_trigger_ui.py
[2025-09-19T10:42:23.102+0000] {processor.py:826} INFO - Processing file /home/airflow/.local/lib/python3.7/site-packages/airflow/example_dags/example_params_trigger_ui.py for tasks to queue
[2025-09-19T10:42:23.103+0000] {logging_mixin.py:149} INFO - [2025-09-19T10:42:23.103+0000] {dagbag.py:541} INFO - Filling up the DagBag from /home/airflow/.local/lib/python3.7/site-packages/airflow/example_dags/example_params_trigger_ui.py
[2025-09-19T10:42:23.136+0000] {processor.py:836} INFO - DAG(s) dict_keys(['example_params_trigger_ui']) retrieved from /home/airflow/.local/lib/python3.7/site-packages/airflow/example_dags/example_params_trigger_ui.py
[2025-09-19T10:42:23.283+0000] {logging_mixin.py:149} INFO - [2025-09-19T10:42:23.282+0000] {dag.py:2726} INFO - Sync 1 DAGs
[2025-09-19T10:42:23.313+0000] {logging_mixin.py:149} INFO - [2025-09-19T10:42:23.313+0000] {dag.py:3490} INFO - Setting next_dagrun for example_params_trigger_ui to None, run_after=None
[2025-09-19T10:42:23.343+0000] {processor.py:179} INFO - Processing /home/airflow/.local/lib/python3.7/site-packages/airflow/example_dags/example_params_trigger_ui.py took 0.247 seconds
[2025-09-19T10:43:27.652+0000] {processor.py:157} INFO - Started process (PID=19081) to work on /home/airflow/.local/lib/python3.7/site-packages/airflow/example_dags/example_params_trigger_ui.py
[2025-09-19T10:43:27.655+0000] {processor.py:826} INFO - Processing file /home/airflow/.local/lib/python3.7/site-packages/airflow/example_dags/example_params_trigger_ui.py for tasks to queue
[2025-09-19T10:43:27.659+0000] {logging_mixin.py:149} INFO - [2025-09-19T10:43:27.658+0000] {dagbag.py:541} INFO - Filling up the DagBag from /home/airflow/.local/lib/python3.7/site-packages/airflow/example_dags/example_params_trigger_ui.py
[2025-09-19T10:43:27.770+0000] {processor.py:836} INFO - DAG(s) dict_keys(['example_params_trigger_ui']) retrieved from /home/airflow/.local/lib/python3.7/site-packages/airflow/example_dags/example_params_trigger_ui.py
[2025-09-19T10:43:28.152+0000] {logging_mixin.py:149} INFO - [2025-09-19T10:43:28.151+0000] {dag.py:2726} INFO - Sync 1 DAGs
[2025-09-19T10:43:28.254+0000] {logging_mixin.py:149} INFO - [2025-09-19T10:43:28.253+0000] {dag.py:3490} INFO - Setting next_dagrun for example_params_trigger_ui to None, run_after=None
[2025-09-19T10:43:28.324+0000] {processor.py:179} INFO - Processing /home/airflow/.local/lib/python3.7/site-packages/airflow/example_dags/example_params_trigger_ui.py took 0.686 seconds
[2025-09-19T10:43:58.411+0000] {processor.py:157} INFO - Started process (PID=19362) to work on /home/airflow/.local/lib/python3.7/site-packages/airflow/example_dags/example_params_trigger_ui.py
[2025-09-19T10:43:58.415+0000] {processor.py:826} INFO - Processing file /home/airflow/.local/lib/python3.7/site-packages/airflow/example_dags/example_params_trigger_ui.py for tasks to queue
[2025-09-19T10:43:58.416+0000] {logging_mixin.py:149} INFO - [2025-09-19T10:43:58.416+0000] {dagbag.py:541} INFO - Filling up the DagBag from /home/airflow/.local/lib/python3.7/site-packages/airflow/example_dags/example_params_trigger_ui.py
[2025-09-19T10:43:58.470+0000] {processor.py:836} INFO - DAG(s) dict_keys(['example_params_trigger_ui']) retrieved from /home/airflow/.local/lib/python3.7/site-packages/airflow/example_dags/example_params_trigger_ui.py
[2025-09-19T10:43:58.702+0000] {logging_mixin.py:149} INFO - [2025-09-19T10:43:58.702+0000] {dag.py:2726} INFO - Sync 1 DAGs
[2025-09-19T10:43:58.765+0000] {logging_mixin.py:149} INFO - [2025-09-19T10:43:58.765+0000] {dag.py:3490} INFO - Setting next_dagrun for example_params_trigger_ui to None, run_after=None
[2025-09-19T10:43:58.816+0000] {processor.py:179} INFO - Processing /home/airflow/.local/lib/python3.7/site-packages/airflow/example_dags/example_params_trigger_ui.py took 0.411 seconds
[2025-09-19T10:44:29.109+0000] {processor.py:157} INFO - Started process (PID=19641) to work on /home/airflow/.local/lib/python3.7/site-packages/airflow/example_dags/example_params_trigger_ui.py
[2025-09-19T10:44:29.112+0000] {processor.py:826} INFO - Processing file /home/airflow/.local/lib/python3.7/site-packages/airflow/example_dags/example_params_trigger_ui.py for tasks to queue
[2025-09-19T10:44:29.116+0000] {logging_mixin.py:149} INFO - [2025-09-19T10:44:29.116+0000] {dagbag.py:541} INFO - Filling up the DagBag from /home/airflow/.local/lib/python3.7/site-packages/airflow/example_dags/example_params_trigger_ui.py
[2025-09-19T10:44:29.149+0000] {processor.py:836} INFO - DAG(s) dict_keys(['example_params_trigger_ui']) retrieved from /home/airflow/.local/lib/python3.7/site-packages/airflow/example_dags/example_params_trigger_ui.py
[2025-09-19T10:44:29.300+0000] {logging_mixin.py:149} INFO - [2025-09-19T10:44:29.300+0000] {dag.py:2726} INFO - Sync 1 DAGs
[2025-09-19T10:44:29.351+0000] {logging_mixin.py:149} INFO - [2025-09-19T10:44:29.351+0000] {dag.py:3490} INFO - Setting next_dagrun for example_params_trigger_ui to None, run_after=None
[2025-09-19T10:44:29.407+0000] {processor.py:179} INFO - Processing /home/airflow/.local/lib/python3.7/site-packages/airflow/example_dags/example_params_trigger_ui.py took 0.302 seconds
