[2025-09-19T09:17:20.019+0000] {processor.py:157} INFO - Started process (PID=237) to work on /home/airflow/.local/lib/python3.7/site-packages/airflow/example_dags/tutorial.py
[2025-09-19T09:17:20.021+0000] {processor.py:826} INFO - Processing file /home/airflow/.local/lib/python3.7/site-packages/airflow/example_dags/tutorial.py for tasks to queue
[2025-09-19T09:17:20.021+0000] {logging_mixin.py:149} INFO - [2025-09-19T09:17:20.021+0000] {dagbag.py:541} INFO - Filling up the DagBag from /home/airflow/.local/lib/python3.7/site-packages/airflow/example_dags/tutorial.py
[2025-09-19T09:17:20.031+0000] {processor.py:836} INFO - DAG(s) dict_keys(['tutorial']) retrieved from /home/airflow/.local/lib/python3.7/site-packages/airflow/example_dags/tutorial.py
[2025-09-19T09:17:20.068+0000] {logging_mixin.py:149} INFO - [2025-09-19T09:17:20.068+0000] {dag.py:2726} INFO - Sync 1 DAGs
[2025-09-19T09:17:20.097+0000] {logging_mixin.py:149} INFO - [2025-09-19T09:17:20.096+0000] {dag.py:3490} INFO - Setting next_dagrun for tutorial to 2025-09-18T09:17:20.096675+00:00, run_after=2025-09-19T09:17:20.096675+00:00
[2025-09-19T09:17:20.120+0000] {processor.py:179} INFO - Processing /home/airflow/.local/lib/python3.7/site-packages/airflow/example_dags/tutorial.py took 0.106 seconds
[2025-09-19T09:17:51.329+0000] {processor.py:157} INFO - Started process (PID=520) to work on /home/airflow/.local/lib/python3.7/site-packages/airflow/example_dags/tutorial.py
[2025-09-19T09:17:51.330+0000] {processor.py:826} INFO - Processing file /home/airflow/.local/lib/python3.7/site-packages/airflow/example_dags/tutorial.py for tasks to queue
[2025-09-19T09:17:51.331+0000] {logging_mixin.py:149} INFO - [2025-09-19T09:17:51.331+0000] {dagbag.py:541} INFO - Filling up the DagBag from /home/airflow/.local/lib/python3.7/site-packages/airflow/example_dags/tutorial.py
[2025-09-19T09:17:51.338+0000] {processor.py:836} INFO - DAG(s) dict_keys(['tutorial']) retrieved from /home/airflow/.local/lib/python3.7/site-packages/airflow/example_dags/tutorial.py
[2025-09-19T09:17:51.364+0000] {logging_mixin.py:149} INFO - [2025-09-19T09:17:51.363+0000] {dag.py:2726} INFO - Sync 1 DAGs
[2025-09-19T09:17:51.496+0000] {logging_mixin.py:149} INFO - [2025-09-19T09:17:51.496+0000] {dag.py:3490} INFO - Setting next_dagrun for tutorial to 2025-09-18T09:17:51.495799+00:00, run_after=2025-09-19T09:17:51.495799+00:00
[2025-09-19T09:17:51.525+0000] {processor.py:179} INFO - Processing /home/airflow/.local/lib/python3.7/site-packages/airflow/example_dags/tutorial.py took 0.199 seconds
[2025-09-19T09:18:21.881+0000] {processor.py:157} INFO - Started process (PID=799) to work on /home/airflow/.local/lib/python3.7/site-packages/airflow/example_dags/tutorial.py
[2025-09-19T09:18:21.882+0000] {processor.py:826} INFO - Processing file /home/airflow/.local/lib/python3.7/site-packages/airflow/example_dags/tutorial.py for tasks to queue
[2025-09-19T09:18:21.882+0000] {logging_mixin.py:149} INFO - [2025-09-19T09:18:21.882+0000] {dagbag.py:541} INFO - Filling up the DagBag from /home/airflow/.local/lib/python3.7/site-packages/airflow/example_dags/tutorial.py
[2025-09-19T09:18:21.891+0000] {processor.py:836} INFO - DAG(s) dict_keys(['tutorial']) retrieved from /home/airflow/.local/lib/python3.7/site-packages/airflow/example_dags/tutorial.py
[2025-09-19T09:18:21.916+0000] {logging_mixin.py:149} INFO - [2025-09-19T09:18:21.916+0000] {dag.py:2726} INFO - Sync 1 DAGs
[2025-09-19T09:18:21.945+0000] {logging_mixin.py:149} INFO - [2025-09-19T09:18:21.945+0000] {dag.py:3490} INFO - Setting next_dagrun for tutorial to 2025-09-18T09:18:21.945158+00:00, run_after=2025-09-19T09:18:21.945158+00:00
[2025-09-19T09:18:21.966+0000] {processor.py:179} INFO - Processing /home/airflow/.local/lib/python3.7/site-packages/airflow/example_dags/tutorial.py took 0.088 seconds
[2025-09-19T09:18:52.946+0000] {processor.py:157} INFO - Started process (PID=1080) to work on /home/airflow/.local/lib/python3.7/site-packages/airflow/example_dags/tutorial.py
[2025-09-19T09:18:52.947+0000] {processor.py:826} INFO - Processing file /home/airflow/.local/lib/python3.7/site-packages/airflow/example_dags/tutorial.py for tasks to queue
[2025-09-19T09:18:52.948+0000] {logging_mixin.py:149} INFO - [2025-09-19T09:18:52.948+0000] {dagbag.py:541} INFO - Filling up the DagBag from /home/airflow/.local/lib/python3.7/site-packages/airflow/example_dags/tutorial.py
[2025-09-19T09:18:52.958+0000] {processor.py:836} INFO - DAG(s) dict_keys(['tutorial']) retrieved from /home/airflow/.local/lib/python3.7/site-packages/airflow/example_dags/tutorial.py
[2025-09-19T09:18:52.987+0000] {logging_mixin.py:149} INFO - [2025-09-19T09:18:52.987+0000] {dag.py:2726} INFO - Sync 1 DAGs
[2025-09-19T09:18:53.017+0000] {logging_mixin.py:149} INFO - [2025-09-19T09:18:53.017+0000] {dag.py:3490} INFO - Setting next_dagrun for tutorial to 2025-09-18T09:18:53.017320+00:00, run_after=2025-09-19T09:18:53.017320+00:00
[2025-09-19T09:18:53.039+0000] {processor.py:179} INFO - Processing /home/airflow/.local/lib/python3.7/site-packages/airflow/example_dags/tutorial.py took 0.097 seconds
[2025-09-19T09:19:23.703+0000] {processor.py:157} INFO - Started process (PID=1361) to work on /home/airflow/.local/lib/python3.7/site-packages/airflow/example_dags/tutorial.py
[2025-09-19T09:19:23.705+0000] {processor.py:826} INFO - Processing file /home/airflow/.local/lib/python3.7/site-packages/airflow/example_dags/tutorial.py for tasks to queue
[2025-09-19T09:19:23.706+0000] {logging_mixin.py:149} INFO - [2025-09-19T09:19:23.705+0000] {dagbag.py:541} INFO - Filling up the DagBag from /home/airflow/.local/lib/python3.7/site-packages/airflow/example_dags/tutorial.py
[2025-09-19T09:19:23.713+0000] {processor.py:836} INFO - DAG(s) dict_keys(['tutorial']) retrieved from /home/airflow/.local/lib/python3.7/site-packages/airflow/example_dags/tutorial.py
[2025-09-19T09:19:23.739+0000] {logging_mixin.py:149} INFO - [2025-09-19T09:19:23.739+0000] {dag.py:2726} INFO - Sync 1 DAGs
[2025-09-19T09:19:23.767+0000] {logging_mixin.py:149} INFO - [2025-09-19T09:19:23.767+0000] {dag.py:3490} INFO - Setting next_dagrun for tutorial to 2025-09-18T09:19:23.766776+00:00, run_after=2025-09-19T09:19:23.766776+00:00
[2025-09-19T09:19:23.789+0000] {processor.py:179} INFO - Processing /home/airflow/.local/lib/python3.7/site-packages/airflow/example_dags/tutorial.py took 0.089 seconds
[2025-09-19T09:19:54.735+0000] {processor.py:157} INFO - Started process (PID=1642) to work on /home/airflow/.local/lib/python3.7/site-packages/airflow/example_dags/tutorial.py
[2025-09-19T09:19:54.736+0000] {processor.py:826} INFO - Processing file /home/airflow/.local/lib/python3.7/site-packages/airflow/example_dags/tutorial.py for tasks to queue
[2025-09-19T09:19:54.737+0000] {logging_mixin.py:149} INFO - [2025-09-19T09:19:54.737+0000] {dagbag.py:541} INFO - Filling up the DagBag from /home/airflow/.local/lib/python3.7/site-packages/airflow/example_dags/tutorial.py
[2025-09-19T09:19:54.745+0000] {processor.py:836} INFO - DAG(s) dict_keys(['tutorial']) retrieved from /home/airflow/.local/lib/python3.7/site-packages/airflow/example_dags/tutorial.py
[2025-09-19T09:19:54.771+0000] {logging_mixin.py:149} INFO - [2025-09-19T09:19:54.771+0000] {dag.py:2726} INFO - Sync 1 DAGs
[2025-09-19T09:19:54.799+0000] {logging_mixin.py:149} INFO - [2025-09-19T09:19:54.799+0000] {dag.py:3490} INFO - Setting next_dagrun for tutorial to 2025-09-18T09:19:54.799380+00:00, run_after=2025-09-19T09:19:54.799380+00:00
[2025-09-19T09:19:54.822+0000] {processor.py:179} INFO - Processing /home/airflow/.local/lib/python3.7/site-packages/airflow/example_dags/tutorial.py took 0.090 seconds
[2025-09-19T09:20:25.799+0000] {processor.py:157} INFO - Started process (PID=1923) to work on /home/airflow/.local/lib/python3.7/site-packages/airflow/example_dags/tutorial.py
[2025-09-19T09:20:25.801+0000] {processor.py:826} INFO - Processing file /home/airflow/.local/lib/python3.7/site-packages/airflow/example_dags/tutorial.py for tasks to queue
[2025-09-19T09:20:25.801+0000] {logging_mixin.py:149} INFO - [2025-09-19T09:20:25.801+0000] {dagbag.py:541} INFO - Filling up the DagBag from /home/airflow/.local/lib/python3.7/site-packages/airflow/example_dags/tutorial.py
[2025-09-19T09:20:25.808+0000] {processor.py:836} INFO - DAG(s) dict_keys(['tutorial']) retrieved from /home/airflow/.local/lib/python3.7/site-packages/airflow/example_dags/tutorial.py
[2025-09-19T09:20:25.835+0000] {logging_mixin.py:149} INFO - [2025-09-19T09:20:25.835+0000] {dag.py:2726} INFO - Sync 1 DAGs
[2025-09-19T09:20:25.865+0000] {logging_mixin.py:149} INFO - [2025-09-19T09:20:25.865+0000] {dag.py:3490} INFO - Setting next_dagrun for tutorial to 2025-09-18T09:20:25.864887+00:00, run_after=2025-09-19T09:20:25.864887+00:00
[2025-09-19T09:20:25.887+0000] {processor.py:179} INFO - Processing /home/airflow/.local/lib/python3.7/site-packages/airflow/example_dags/tutorial.py took 0.092 seconds
[2025-09-19T09:20:56.777+0000] {processor.py:157} INFO - Started process (PID=2204) to work on /home/airflow/.local/lib/python3.7/site-packages/airflow/example_dags/tutorial.py
[2025-09-19T09:20:56.778+0000] {processor.py:826} INFO - Processing file /home/airflow/.local/lib/python3.7/site-packages/airflow/example_dags/tutorial.py for tasks to queue
[2025-09-19T09:20:56.778+0000] {logging_mixin.py:149} INFO - [2025-09-19T09:20:56.778+0000] {dagbag.py:541} INFO - Filling up the DagBag from /home/airflow/.local/lib/python3.7/site-packages/airflow/example_dags/tutorial.py
[2025-09-19T09:20:56.786+0000] {processor.py:836} INFO - DAG(s) dict_keys(['tutorial']) retrieved from /home/airflow/.local/lib/python3.7/site-packages/airflow/example_dags/tutorial.py
[2025-09-19T09:20:56.816+0000] {logging_mixin.py:149} INFO - [2025-09-19T09:20:56.816+0000] {dag.py:2726} INFO - Sync 1 DAGs
[2025-09-19T09:20:56.845+0000] {logging_mixin.py:149} INFO - [2025-09-19T09:20:56.845+0000] {dag.py:3490} INFO - Setting next_dagrun for tutorial to 2025-09-18T09:20:56.844936+00:00, run_after=2025-09-19T09:20:56.844936+00:00
[2025-09-19T09:20:56.866+0000] {processor.py:179} INFO - Processing /home/airflow/.local/lib/python3.7/site-packages/airflow/example_dags/tutorial.py took 0.093 seconds
[2025-09-19T09:21:27.389+0000] {processor.py:157} INFO - Started process (PID=2486) to work on /home/airflow/.local/lib/python3.7/site-packages/airflow/example_dags/tutorial.py
[2025-09-19T09:21:27.390+0000] {processor.py:826} INFO - Processing file /home/airflow/.local/lib/python3.7/site-packages/airflow/example_dags/tutorial.py for tasks to queue
[2025-09-19T09:21:27.390+0000] {logging_mixin.py:149} INFO - [2025-09-19T09:21:27.390+0000] {dagbag.py:541} INFO - Filling up the DagBag from /home/airflow/.local/lib/python3.7/site-packages/airflow/example_dags/tutorial.py
[2025-09-19T09:21:27.397+0000] {processor.py:836} INFO - DAG(s) dict_keys(['tutorial']) retrieved from /home/airflow/.local/lib/python3.7/site-packages/airflow/example_dags/tutorial.py
[2025-09-19T09:21:27.426+0000] {logging_mixin.py:149} INFO - [2025-09-19T09:21:27.426+0000] {dag.py:2726} INFO - Sync 1 DAGs
[2025-09-19T09:21:27.456+0000] {logging_mixin.py:149} INFO - [2025-09-19T09:21:27.456+0000] {dag.py:3490} INFO - Setting next_dagrun for tutorial to 2025-09-18T09:21:27.456105+00:00, run_after=2025-09-19T09:21:27.456105+00:00
[2025-09-19T09:21:27.478+0000] {processor.py:179} INFO - Processing /home/airflow/.local/lib/python3.7/site-packages/airflow/example_dags/tutorial.py took 0.093 seconds
[2025-09-19T09:21:58.331+0000] {processor.py:157} INFO - Started process (PID=2767) to work on /home/airflow/.local/lib/python3.7/site-packages/airflow/example_dags/tutorial.py
[2025-09-19T09:21:58.332+0000] {processor.py:826} INFO - Processing file /home/airflow/.local/lib/python3.7/site-packages/airflow/example_dags/tutorial.py for tasks to queue
[2025-09-19T09:21:58.333+0000] {logging_mixin.py:149} INFO - [2025-09-19T09:21:58.333+0000] {dagbag.py:541} INFO - Filling up the DagBag from /home/airflow/.local/lib/python3.7/site-packages/airflow/example_dags/tutorial.py
[2025-09-19T09:21:58.340+0000] {processor.py:836} INFO - DAG(s) dict_keys(['tutorial']) retrieved from /home/airflow/.local/lib/python3.7/site-packages/airflow/example_dags/tutorial.py
[2025-09-19T09:21:58.368+0000] {logging_mixin.py:149} INFO - [2025-09-19T09:21:58.368+0000] {dag.py:2726} INFO - Sync 1 DAGs
[2025-09-19T09:21:58.397+0000] {logging_mixin.py:149} INFO - [2025-09-19T09:21:58.397+0000] {dag.py:3490} INFO - Setting next_dagrun for tutorial to 2025-09-18T09:21:58.396880+00:00, run_after=2025-09-19T09:21:58.396880+00:00
[2025-09-19T09:21:58.424+0000] {processor.py:179} INFO - Processing /home/airflow/.local/lib/python3.7/site-packages/airflow/example_dags/tutorial.py took 0.097 seconds
[2025-09-19T09:22:29.352+0000] {processor.py:157} INFO - Started process (PID=3048) to work on /home/airflow/.local/lib/python3.7/site-packages/airflow/example_dags/tutorial.py
[2025-09-19T09:22:29.354+0000] {processor.py:826} INFO - Processing file /home/airflow/.local/lib/python3.7/site-packages/airflow/example_dags/tutorial.py for tasks to queue
[2025-09-19T09:22:29.357+0000] {logging_mixin.py:149} INFO - [2025-09-19T09:22:29.356+0000] {dagbag.py:541} INFO - Filling up the DagBag from /home/airflow/.local/lib/python3.7/site-packages/airflow/example_dags/tutorial.py
[2025-09-19T09:22:29.366+0000] {processor.py:836} INFO - DAG(s) dict_keys(['tutorial']) retrieved from /home/airflow/.local/lib/python3.7/site-packages/airflow/example_dags/tutorial.py
[2025-09-19T09:22:29.395+0000] {logging_mixin.py:149} INFO - [2025-09-19T09:22:29.395+0000] {dag.py:2726} INFO - Sync 1 DAGs
[2025-09-19T09:22:29.425+0000] {logging_mixin.py:149} INFO - [2025-09-19T09:22:29.425+0000] {dag.py:3490} INFO - Setting next_dagrun for tutorial to 2025-09-18T09:22:29.425087+00:00, run_after=2025-09-19T09:22:29.425087+00:00
[2025-09-19T09:22:29.446+0000] {processor.py:179} INFO - Processing /home/airflow/.local/lib/python3.7/site-packages/airflow/example_dags/tutorial.py took 0.098 seconds
[2025-09-19T09:23:00.125+0000] {processor.py:157} INFO - Started process (PID=3329) to work on /home/airflow/.local/lib/python3.7/site-packages/airflow/example_dags/tutorial.py
[2025-09-19T09:23:00.126+0000] {processor.py:826} INFO - Processing file /home/airflow/.local/lib/python3.7/site-packages/airflow/example_dags/tutorial.py for tasks to queue
[2025-09-19T09:23:00.127+0000] {logging_mixin.py:149} INFO - [2025-09-19T09:23:00.127+0000] {dagbag.py:541} INFO - Filling up the DagBag from /home/airflow/.local/lib/python3.7/site-packages/airflow/example_dags/tutorial.py
[2025-09-19T09:23:00.136+0000] {processor.py:836} INFO - DAG(s) dict_keys(['tutorial']) retrieved from /home/airflow/.local/lib/python3.7/site-packages/airflow/example_dags/tutorial.py
[2025-09-19T09:23:00.166+0000] {logging_mixin.py:149} INFO - [2025-09-19T09:23:00.166+0000] {dag.py:2726} INFO - Sync 1 DAGs
[2025-09-19T09:23:00.197+0000] {logging_mixin.py:149} INFO - [2025-09-19T09:23:00.197+0000] {dag.py:3490} INFO - Setting next_dagrun for tutorial to 2025-09-18T09:23:00.196852+00:00, run_after=2025-09-19T09:23:00.196852+00:00
[2025-09-19T09:23:00.219+0000] {processor.py:179} INFO - Processing /home/airflow/.local/lib/python3.7/site-packages/airflow/example_dags/tutorial.py took 0.097 seconds
[2025-09-19T09:23:31.366+0000] {processor.py:157} INFO - Started process (PID=3610) to work on /home/airflow/.local/lib/python3.7/site-packages/airflow/example_dags/tutorial.py
[2025-09-19T09:23:31.367+0000] {processor.py:826} INFO - Processing file /home/airflow/.local/lib/python3.7/site-packages/airflow/example_dags/tutorial.py for tasks to queue
[2025-09-19T09:23:31.368+0000] {logging_mixin.py:149} INFO - [2025-09-19T09:23:31.368+0000] {dagbag.py:541} INFO - Filling up the DagBag from /home/airflow/.local/lib/python3.7/site-packages/airflow/example_dags/tutorial.py
[2025-09-19T09:23:31.376+0000] {processor.py:836} INFO - DAG(s) dict_keys(['tutorial']) retrieved from /home/airflow/.local/lib/python3.7/site-packages/airflow/example_dags/tutorial.py
[2025-09-19T09:23:31.404+0000] {logging_mixin.py:149} INFO - [2025-09-19T09:23:31.404+0000] {dag.py:2726} INFO - Sync 1 DAGs
[2025-09-19T09:23:31.436+0000] {logging_mixin.py:149} INFO - [2025-09-19T09:23:31.436+0000] {dag.py:3490} INFO - Setting next_dagrun for tutorial to 2025-09-18T09:23:31.436237+00:00, run_after=2025-09-19T09:23:31.436237+00:00
[2025-09-19T09:23:31.458+0000] {processor.py:179} INFO - Processing /home/airflow/.local/lib/python3.7/site-packages/airflow/example_dags/tutorial.py took 0.096 seconds
[2025-09-19T09:24:02.548+0000] {processor.py:157} INFO - Started process (PID=3893) to work on /home/airflow/.local/lib/python3.7/site-packages/airflow/example_dags/tutorial.py
[2025-09-19T09:24:02.549+0000] {processor.py:826} INFO - Processing file /home/airflow/.local/lib/python3.7/site-packages/airflow/example_dags/tutorial.py for tasks to queue
[2025-09-19T09:24:02.549+0000] {logging_mixin.py:149} INFO - [2025-09-19T09:24:02.549+0000] {dagbag.py:541} INFO - Filling up the DagBag from /home/airflow/.local/lib/python3.7/site-packages/airflow/example_dags/tutorial.py
[2025-09-19T09:24:02.557+0000] {processor.py:836} INFO - DAG(s) dict_keys(['tutorial']) retrieved from /home/airflow/.local/lib/python3.7/site-packages/airflow/example_dags/tutorial.py
[2025-09-19T09:24:02.583+0000] {logging_mixin.py:149} INFO - [2025-09-19T09:24:02.583+0000] {dag.py:2726} INFO - Sync 1 DAGs
[2025-09-19T09:24:02.610+0000] {logging_mixin.py:149} INFO - [2025-09-19T09:24:02.610+0000] {dag.py:3490} INFO - Setting next_dagrun for tutorial to 2025-09-18T09:24:02.610069+00:00, run_after=2025-09-19T09:24:02.610069+00:00
[2025-09-19T09:24:02.634+0000] {processor.py:179} INFO - Processing /home/airflow/.local/lib/python3.7/site-packages/airflow/example_dags/tutorial.py took 0.090 seconds
[2025-09-19T09:24:33.338+0000] {processor.py:157} INFO - Started process (PID=4172) to work on /home/airflow/.local/lib/python3.7/site-packages/airflow/example_dags/tutorial.py
[2025-09-19T09:24:33.339+0000] {processor.py:826} INFO - Processing file /home/airflow/.local/lib/python3.7/site-packages/airflow/example_dags/tutorial.py for tasks to queue
[2025-09-19T09:24:33.340+0000] {logging_mixin.py:149} INFO - [2025-09-19T09:24:33.340+0000] {dagbag.py:541} INFO - Filling up the DagBag from /home/airflow/.local/lib/python3.7/site-packages/airflow/example_dags/tutorial.py
[2025-09-19T09:24:33.347+0000] {processor.py:836} INFO - DAG(s) dict_keys(['tutorial']) retrieved from /home/airflow/.local/lib/python3.7/site-packages/airflow/example_dags/tutorial.py
[2025-09-19T09:24:33.373+0000] {logging_mixin.py:149} INFO - [2025-09-19T09:24:33.373+0000] {dag.py:2726} INFO - Sync 1 DAGs
[2025-09-19T09:24:33.401+0000] {logging_mixin.py:149} INFO - [2025-09-19T09:24:33.400+0000] {dag.py:3490} INFO - Setting next_dagrun for tutorial to 2025-09-18T09:24:33.400650+00:00, run_after=2025-09-19T09:24:33.400650+00:00
[2025-09-19T09:24:33.421+0000] {processor.py:179} INFO - Processing /home/airflow/.local/lib/python3.7/site-packages/airflow/example_dags/tutorial.py took 0.087 seconds
[2025-09-19T09:25:04.530+0000] {processor.py:157} INFO - Started process (PID=4453) to work on /home/airflow/.local/lib/python3.7/site-packages/airflow/example_dags/tutorial.py
[2025-09-19T09:25:04.531+0000] {processor.py:826} INFO - Processing file /home/airflow/.local/lib/python3.7/site-packages/airflow/example_dags/tutorial.py for tasks to queue
[2025-09-19T09:25:04.532+0000] {logging_mixin.py:149} INFO - [2025-09-19T09:25:04.531+0000] {dagbag.py:541} INFO - Filling up the DagBag from /home/airflow/.local/lib/python3.7/site-packages/airflow/example_dags/tutorial.py
[2025-09-19T09:25:04.538+0000] {processor.py:836} INFO - DAG(s) dict_keys(['tutorial']) retrieved from /home/airflow/.local/lib/python3.7/site-packages/airflow/example_dags/tutorial.py
[2025-09-19T09:25:04.564+0000] {logging_mixin.py:149} INFO - [2025-09-19T09:25:04.564+0000] {dag.py:2726} INFO - Sync 1 DAGs
[2025-09-19T09:25:04.593+0000] {logging_mixin.py:149} INFO - [2025-09-19T09:25:04.593+0000] {dag.py:3490} INFO - Setting next_dagrun for tutorial to 2025-09-18T09:25:04.593294+00:00, run_after=2025-09-19T09:25:04.593294+00:00
[2025-09-19T09:25:04.613+0000] {processor.py:179} INFO - Processing /home/airflow/.local/lib/python3.7/site-packages/airflow/example_dags/tutorial.py took 0.087 seconds
[2025-09-19T09:25:35.426+0000] {processor.py:157} INFO - Started process (PID=4734) to work on /home/airflow/.local/lib/python3.7/site-packages/airflow/example_dags/tutorial.py
[2025-09-19T09:25:35.427+0000] {processor.py:826} INFO - Processing file /home/airflow/.local/lib/python3.7/site-packages/airflow/example_dags/tutorial.py for tasks to queue
[2025-09-19T09:25:35.428+0000] {logging_mixin.py:149} INFO - [2025-09-19T09:25:35.427+0000] {dagbag.py:541} INFO - Filling up the DagBag from /home/airflow/.local/lib/python3.7/site-packages/airflow/example_dags/tutorial.py
[2025-09-19T09:25:35.435+0000] {processor.py:836} INFO - DAG(s) dict_keys(['tutorial']) retrieved from /home/airflow/.local/lib/python3.7/site-packages/airflow/example_dags/tutorial.py
[2025-09-19T09:25:35.461+0000] {logging_mixin.py:149} INFO - [2025-09-19T09:25:35.461+0000] {dag.py:2726} INFO - Sync 1 DAGs
[2025-09-19T09:25:35.490+0000] {logging_mixin.py:149} INFO - [2025-09-19T09:25:35.490+0000] {dag.py:3490} INFO - Setting next_dagrun for tutorial to 2025-09-18T09:25:35.490168+00:00, run_after=2025-09-19T09:25:35.490168+00:00
[2025-09-19T09:25:35.511+0000] {processor.py:179} INFO - Processing /home/airflow/.local/lib/python3.7/site-packages/airflow/example_dags/tutorial.py took 0.089 seconds
[2025-09-19T09:26:06.400+0000] {processor.py:157} INFO - Started process (PID=5015) to work on /home/airflow/.local/lib/python3.7/site-packages/airflow/example_dags/tutorial.py
[2025-09-19T09:26:06.401+0000] {processor.py:826} INFO - Processing file /home/airflow/.local/lib/python3.7/site-packages/airflow/example_dags/tutorial.py for tasks to queue
[2025-09-19T09:26:06.402+0000] {logging_mixin.py:149} INFO - [2025-09-19T09:26:06.401+0000] {dagbag.py:541} INFO - Filling up the DagBag from /home/airflow/.local/lib/python3.7/site-packages/airflow/example_dags/tutorial.py
[2025-09-19T09:26:06.409+0000] {processor.py:836} INFO - DAG(s) dict_keys(['tutorial']) retrieved from /home/airflow/.local/lib/python3.7/site-packages/airflow/example_dags/tutorial.py
[2025-09-19T09:26:06.435+0000] {logging_mixin.py:149} INFO - [2025-09-19T09:26:06.435+0000] {dag.py:2726} INFO - Sync 1 DAGs
[2025-09-19T09:26:06.465+0000] {logging_mixin.py:149} INFO - [2025-09-19T09:26:06.465+0000] {dag.py:3490} INFO - Setting next_dagrun for tutorial to 2025-09-18T09:26:06.465387+00:00, run_after=2025-09-19T09:26:06.465387+00:00
[2025-09-19T09:26:06.489+0000] {processor.py:179} INFO - Processing /home/airflow/.local/lib/python3.7/site-packages/airflow/example_dags/tutorial.py took 0.093 seconds
[2025-09-19T09:26:37.499+0000] {processor.py:157} INFO - Started process (PID=5296) to work on /home/airflow/.local/lib/python3.7/site-packages/airflow/example_dags/tutorial.py
[2025-09-19T09:26:37.500+0000] {processor.py:826} INFO - Processing file /home/airflow/.local/lib/python3.7/site-packages/airflow/example_dags/tutorial.py for tasks to queue
[2025-09-19T09:26:37.501+0000] {logging_mixin.py:149} INFO - [2025-09-19T09:26:37.501+0000] {dagbag.py:541} INFO - Filling up the DagBag from /home/airflow/.local/lib/python3.7/site-packages/airflow/example_dags/tutorial.py
[2025-09-19T09:26:37.508+0000] {processor.py:836} INFO - DAG(s) dict_keys(['tutorial']) retrieved from /home/airflow/.local/lib/python3.7/site-packages/airflow/example_dags/tutorial.py
[2025-09-19T09:26:37.534+0000] {logging_mixin.py:149} INFO - [2025-09-19T09:26:37.534+0000] {dag.py:2726} INFO - Sync 1 DAGs
[2025-09-19T09:26:37.562+0000] {logging_mixin.py:149} INFO - [2025-09-19T09:26:37.562+0000] {dag.py:3490} INFO - Setting next_dagrun for tutorial to 2025-09-18T09:26:37.562338+00:00, run_after=2025-09-19T09:26:37.562338+00:00
[2025-09-19T09:26:37.583+0000] {processor.py:179} INFO - Processing /home/airflow/.local/lib/python3.7/site-packages/airflow/example_dags/tutorial.py took 0.087 seconds
[2025-09-19T09:27:08.269+0000] {processor.py:157} INFO - Started process (PID=5577) to work on /home/airflow/.local/lib/python3.7/site-packages/airflow/example_dags/tutorial.py
[2025-09-19T09:27:08.270+0000] {processor.py:826} INFO - Processing file /home/airflow/.local/lib/python3.7/site-packages/airflow/example_dags/tutorial.py for tasks to queue
[2025-09-19T09:27:08.270+0000] {logging_mixin.py:149} INFO - [2025-09-19T09:27:08.270+0000] {dagbag.py:541} INFO - Filling up the DagBag from /home/airflow/.local/lib/python3.7/site-packages/airflow/example_dags/tutorial.py
[2025-09-19T09:27:08.277+0000] {processor.py:836} INFO - DAG(s) dict_keys(['tutorial']) retrieved from /home/airflow/.local/lib/python3.7/site-packages/airflow/example_dags/tutorial.py
[2025-09-19T09:27:08.304+0000] {logging_mixin.py:149} INFO - [2025-09-19T09:27:08.303+0000] {dag.py:2726} INFO - Sync 1 DAGs
[2025-09-19T09:27:08.334+0000] {logging_mixin.py:149} INFO - [2025-09-19T09:27:08.333+0000] {dag.py:3490} INFO - Setting next_dagrun for tutorial to 2025-09-18T09:27:08.333700+00:00, run_after=2025-09-19T09:27:08.333700+00:00
[2025-09-19T09:27:08.354+0000] {processor.py:179} INFO - Processing /home/airflow/.local/lib/python3.7/site-packages/airflow/example_dags/tutorial.py took 0.089 seconds
[2025-09-19T09:27:39.238+0000] {processor.py:157} INFO - Started process (PID=5858) to work on /home/airflow/.local/lib/python3.7/site-packages/airflow/example_dags/tutorial.py
[2025-09-19T09:27:39.239+0000] {processor.py:826} INFO - Processing file /home/airflow/.local/lib/python3.7/site-packages/airflow/example_dags/tutorial.py for tasks to queue
[2025-09-19T09:27:39.240+0000] {logging_mixin.py:149} INFO - [2025-09-19T09:27:39.240+0000] {dagbag.py:541} INFO - Filling up the DagBag from /home/airflow/.local/lib/python3.7/site-packages/airflow/example_dags/tutorial.py
[2025-09-19T09:27:39.247+0000] {processor.py:836} INFO - DAG(s) dict_keys(['tutorial']) retrieved from /home/airflow/.local/lib/python3.7/site-packages/airflow/example_dags/tutorial.py
[2025-09-19T09:27:39.274+0000] {logging_mixin.py:149} INFO - [2025-09-19T09:27:39.273+0000] {dag.py:2726} INFO - Sync 1 DAGs
[2025-09-19T09:27:39.302+0000] {logging_mixin.py:149} INFO - [2025-09-19T09:27:39.302+0000] {dag.py:3490} INFO - Setting next_dagrun for tutorial to 2025-09-18T09:27:39.302470+00:00, run_after=2025-09-19T09:27:39.302470+00:00
[2025-09-19T09:27:39.323+0000] {processor.py:179} INFO - Processing /home/airflow/.local/lib/python3.7/site-packages/airflow/example_dags/tutorial.py took 0.088 seconds
[2025-09-19T09:28:10.191+0000] {processor.py:157} INFO - Started process (PID=6141) to work on /home/airflow/.local/lib/python3.7/site-packages/airflow/example_dags/tutorial.py
[2025-09-19T09:28:10.194+0000] {processor.py:826} INFO - Processing file /home/airflow/.local/lib/python3.7/site-packages/airflow/example_dags/tutorial.py for tasks to queue
[2025-09-19T09:28:10.195+0000] {logging_mixin.py:149} INFO - [2025-09-19T09:28:10.194+0000] {dagbag.py:541} INFO - Filling up the DagBag from /home/airflow/.local/lib/python3.7/site-packages/airflow/example_dags/tutorial.py
[2025-09-19T09:28:10.201+0000] {processor.py:836} INFO - DAG(s) dict_keys(['tutorial']) retrieved from /home/airflow/.local/lib/python3.7/site-packages/airflow/example_dags/tutorial.py
[2025-09-19T09:28:10.232+0000] {logging_mixin.py:149} INFO - [2025-09-19T09:28:10.231+0000] {dag.py:2726} INFO - Sync 1 DAGs
[2025-09-19T09:28:10.262+0000] {logging_mixin.py:149} INFO - [2025-09-19T09:28:10.262+0000] {dag.py:3490} INFO - Setting next_dagrun for tutorial to 2025-09-18T09:28:10.262314+00:00, run_after=2025-09-19T09:28:10.262314+00:00
[2025-09-19T09:28:10.290+0000] {processor.py:179} INFO - Processing /home/airflow/.local/lib/python3.7/site-packages/airflow/example_dags/tutorial.py took 0.102 seconds
[2025-09-19T09:28:41.127+0000] {processor.py:157} INFO - Started process (PID=6420) to work on /home/airflow/.local/lib/python3.7/site-packages/airflow/example_dags/tutorial.py
[2025-09-19T09:28:41.129+0000] {processor.py:826} INFO - Processing file /home/airflow/.local/lib/python3.7/site-packages/airflow/example_dags/tutorial.py for tasks to queue
[2025-09-19T09:28:41.130+0000] {logging_mixin.py:149} INFO - [2025-09-19T09:28:41.130+0000] {dagbag.py:541} INFO - Filling up the DagBag from /home/airflow/.local/lib/python3.7/site-packages/airflow/example_dags/tutorial.py
[2025-09-19T09:28:41.139+0000] {processor.py:836} INFO - DAG(s) dict_keys(['tutorial']) retrieved from /home/airflow/.local/lib/python3.7/site-packages/airflow/example_dags/tutorial.py
[2025-09-19T09:28:41.169+0000] {logging_mixin.py:149} INFO - [2025-09-19T09:28:41.169+0000] {dag.py:2726} INFO - Sync 1 DAGs
[2025-09-19T09:28:41.198+0000] {logging_mixin.py:149} INFO - [2025-09-19T09:28:41.198+0000] {dag.py:3490} INFO - Setting next_dagrun for tutorial to 2025-09-18T09:28:41.197884+00:00, run_after=2025-09-19T09:28:41.197884+00:00
[2025-09-19T09:28:41.219+0000] {processor.py:179} INFO - Processing /home/airflow/.local/lib/python3.7/site-packages/airflow/example_dags/tutorial.py took 0.095 seconds
[2025-09-19T09:29:11.960+0000] {processor.py:157} INFO - Started process (PID=6701) to work on /home/airflow/.local/lib/python3.7/site-packages/airflow/example_dags/tutorial.py
[2025-09-19T09:29:11.961+0000] {processor.py:826} INFO - Processing file /home/airflow/.local/lib/python3.7/site-packages/airflow/example_dags/tutorial.py for tasks to queue
[2025-09-19T09:29:11.962+0000] {logging_mixin.py:149} INFO - [2025-09-19T09:29:11.962+0000] {dagbag.py:541} INFO - Filling up the DagBag from /home/airflow/.local/lib/python3.7/site-packages/airflow/example_dags/tutorial.py
[2025-09-19T09:29:11.969+0000] {processor.py:836} INFO - DAG(s) dict_keys(['tutorial']) retrieved from /home/airflow/.local/lib/python3.7/site-packages/airflow/example_dags/tutorial.py
[2025-09-19T09:29:11.998+0000] {logging_mixin.py:149} INFO - [2025-09-19T09:29:11.997+0000] {dag.py:2726} INFO - Sync 1 DAGs
[2025-09-19T09:29:12.029+0000] {logging_mixin.py:149} INFO - [2025-09-19T09:29:12.029+0000] {dag.py:3490} INFO - Setting next_dagrun for tutorial to 2025-09-18T09:29:12.029525+00:00, run_after=2025-09-19T09:29:12.029525+00:00
[2025-09-19T09:29:12.052+0000] {processor.py:179} INFO - Processing /home/airflow/.local/lib/python3.7/site-packages/airflow/example_dags/tutorial.py took 0.095 seconds
[2025-09-19T09:29:42.816+0000] {processor.py:157} INFO - Started process (PID=6982) to work on /home/airflow/.local/lib/python3.7/site-packages/airflow/example_dags/tutorial.py
[2025-09-19T09:29:42.816+0000] {processor.py:826} INFO - Processing file /home/airflow/.local/lib/python3.7/site-packages/airflow/example_dags/tutorial.py for tasks to queue
[2025-09-19T09:29:42.817+0000] {logging_mixin.py:149} INFO - [2025-09-19T09:29:42.817+0000] {dagbag.py:541} INFO - Filling up the DagBag from /home/airflow/.local/lib/python3.7/site-packages/airflow/example_dags/tutorial.py
[2025-09-19T09:29:42.824+0000] {processor.py:836} INFO - DAG(s) dict_keys(['tutorial']) retrieved from /home/airflow/.local/lib/python3.7/site-packages/airflow/example_dags/tutorial.py
[2025-09-19T09:29:42.855+0000] {logging_mixin.py:149} INFO - [2025-09-19T09:29:42.855+0000] {dag.py:2726} INFO - Sync 1 DAGs
[2025-09-19T09:29:42.883+0000] {logging_mixin.py:149} INFO - [2025-09-19T09:29:42.882+0000] {dag.py:3490} INFO - Setting next_dagrun for tutorial to 2025-09-18T09:29:42.882725+00:00, run_after=2025-09-19T09:29:42.882725+00:00
[2025-09-19T09:29:42.903+0000] {processor.py:179} INFO - Processing /home/airflow/.local/lib/python3.7/site-packages/airflow/example_dags/tutorial.py took 0.091 seconds
[2025-09-19T09:30:13.698+0000] {processor.py:157} INFO - Started process (PID=7263) to work on /home/airflow/.local/lib/python3.7/site-packages/airflow/example_dags/tutorial.py
[2025-09-19T09:30:13.699+0000] {processor.py:826} INFO - Processing file /home/airflow/.local/lib/python3.7/site-packages/airflow/example_dags/tutorial.py for tasks to queue
[2025-09-19T09:30:13.700+0000] {logging_mixin.py:149} INFO - [2025-09-19T09:30:13.700+0000] {dagbag.py:541} INFO - Filling up the DagBag from /home/airflow/.local/lib/python3.7/site-packages/airflow/example_dags/tutorial.py
[2025-09-19T09:30:13.707+0000] {processor.py:836} INFO - DAG(s) dict_keys(['tutorial']) retrieved from /home/airflow/.local/lib/python3.7/site-packages/airflow/example_dags/tutorial.py
[2025-09-19T09:30:13.734+0000] {logging_mixin.py:149} INFO - [2025-09-19T09:30:13.733+0000] {dag.py:2726} INFO - Sync 1 DAGs
[2025-09-19T09:30:13.765+0000] {logging_mixin.py:149} INFO - [2025-09-19T09:30:13.765+0000] {dag.py:3490} INFO - Setting next_dagrun for tutorial to 2025-09-18T09:30:13.765371+00:00, run_after=2025-09-19T09:30:13.765371+00:00
[2025-09-19T09:30:13.786+0000] {processor.py:179} INFO - Processing /home/airflow/.local/lib/python3.7/site-packages/airflow/example_dags/tutorial.py took 0.093 seconds
[2025-09-19T09:30:44.507+0000] {processor.py:157} INFO - Started process (PID=7544) to work on /home/airflow/.local/lib/python3.7/site-packages/airflow/example_dags/tutorial.py
[2025-09-19T09:30:44.508+0000] {processor.py:826} INFO - Processing file /home/airflow/.local/lib/python3.7/site-packages/airflow/example_dags/tutorial.py for tasks to queue
[2025-09-19T09:30:44.509+0000] {logging_mixin.py:149} INFO - [2025-09-19T09:30:44.509+0000] {dagbag.py:541} INFO - Filling up the DagBag from /home/airflow/.local/lib/python3.7/site-packages/airflow/example_dags/tutorial.py
[2025-09-19T09:30:44.516+0000] {processor.py:836} INFO - DAG(s) dict_keys(['tutorial']) retrieved from /home/airflow/.local/lib/python3.7/site-packages/airflow/example_dags/tutorial.py
[2025-09-19T09:30:44.543+0000] {logging_mixin.py:149} INFO - [2025-09-19T09:30:44.543+0000] {dag.py:2726} INFO - Sync 1 DAGs
[2025-09-19T09:30:44.572+0000] {logging_mixin.py:149} INFO - [2025-09-19T09:30:44.572+0000] {dag.py:3490} INFO - Setting next_dagrun for tutorial to 2025-09-18T09:30:44.572365+00:00, run_after=2025-09-19T09:30:44.572365+00:00
[2025-09-19T09:30:44.599+0000] {processor.py:179} INFO - Processing /home/airflow/.local/lib/python3.7/site-packages/airflow/example_dags/tutorial.py took 0.095 seconds
[2025-09-19T09:31:15.430+0000] {processor.py:157} INFO - Started process (PID=7825) to work on /home/airflow/.local/lib/python3.7/site-packages/airflow/example_dags/tutorial.py
[2025-09-19T09:31:15.432+0000] {processor.py:826} INFO - Processing file /home/airflow/.local/lib/python3.7/site-packages/airflow/example_dags/tutorial.py for tasks to queue
[2025-09-19T09:31:15.433+0000] {logging_mixin.py:149} INFO - [2025-09-19T09:31:15.433+0000] {dagbag.py:541} INFO - Filling up the DagBag from /home/airflow/.local/lib/python3.7/site-packages/airflow/example_dags/tutorial.py
[2025-09-19T09:31:15.440+0000] {processor.py:836} INFO - DAG(s) dict_keys(['tutorial']) retrieved from /home/airflow/.local/lib/python3.7/site-packages/airflow/example_dags/tutorial.py
[2025-09-19T09:31:15.468+0000] {logging_mixin.py:149} INFO - [2025-09-19T09:31:15.467+0000] {dag.py:2726} INFO - Sync 1 DAGs
[2025-09-19T09:31:15.496+0000] {logging_mixin.py:149} INFO - [2025-09-19T09:31:15.496+0000] {dag.py:3490} INFO - Setting next_dagrun for tutorial to 2025-09-18T09:31:15.496373+00:00, run_after=2025-09-19T09:31:15.496373+00:00
[2025-09-19T09:31:15.518+0000] {processor.py:179} INFO - Processing /home/airflow/.local/lib/python3.7/site-packages/airflow/example_dags/tutorial.py took 0.091 seconds
[2025-09-19T09:31:46.458+0000] {processor.py:157} INFO - Started process (PID=8106) to work on /home/airflow/.local/lib/python3.7/site-packages/airflow/example_dags/tutorial.py
[2025-09-19T09:31:46.459+0000] {processor.py:826} INFO - Processing file /home/airflow/.local/lib/python3.7/site-packages/airflow/example_dags/tutorial.py for tasks to queue
[2025-09-19T09:31:46.460+0000] {logging_mixin.py:149} INFO - [2025-09-19T09:31:46.460+0000] {dagbag.py:541} INFO - Filling up the DagBag from /home/airflow/.local/lib/python3.7/site-packages/airflow/example_dags/tutorial.py
[2025-09-19T09:31:46.467+0000] {processor.py:836} INFO - DAG(s) dict_keys(['tutorial']) retrieved from /home/airflow/.local/lib/python3.7/site-packages/airflow/example_dags/tutorial.py
[2025-09-19T09:31:46.494+0000] {logging_mixin.py:149} INFO - [2025-09-19T09:31:46.494+0000] {dag.py:2726} INFO - Sync 1 DAGs
[2025-09-19T09:31:46.525+0000] {logging_mixin.py:149} INFO - [2025-09-19T09:31:46.525+0000] {dag.py:3490} INFO - Setting next_dagrun for tutorial to 2025-09-18T09:31:46.525266+00:00, run_after=2025-09-19T09:31:46.525266+00:00
[2025-09-19T09:31:46.553+0000] {processor.py:179} INFO - Processing /home/airflow/.local/lib/python3.7/site-packages/airflow/example_dags/tutorial.py took 0.101 seconds
[2025-09-19T09:32:17.263+0000] {processor.py:157} INFO - Started process (PID=8387) to work on /home/airflow/.local/lib/python3.7/site-packages/airflow/example_dags/tutorial.py
[2025-09-19T09:32:17.264+0000] {processor.py:826} INFO - Processing file /home/airflow/.local/lib/python3.7/site-packages/airflow/example_dags/tutorial.py for tasks to queue
[2025-09-19T09:32:17.264+0000] {logging_mixin.py:149} INFO - [2025-09-19T09:32:17.264+0000] {dagbag.py:541} INFO - Filling up the DagBag from /home/airflow/.local/lib/python3.7/site-packages/airflow/example_dags/tutorial.py
[2025-09-19T09:32:17.272+0000] {processor.py:836} INFO - DAG(s) dict_keys(['tutorial']) retrieved from /home/airflow/.local/lib/python3.7/site-packages/airflow/example_dags/tutorial.py
[2025-09-19T09:32:17.299+0000] {logging_mixin.py:149} INFO - [2025-09-19T09:32:17.298+0000] {dag.py:2726} INFO - Sync 1 DAGs
[2025-09-19T09:32:17.327+0000] {logging_mixin.py:149} INFO - [2025-09-19T09:32:17.327+0000] {dag.py:3490} INFO - Setting next_dagrun for tutorial to 2025-09-18T09:32:17.327381+00:00, run_after=2025-09-19T09:32:17.327381+00:00
[2025-09-19T09:32:17.347+0000] {processor.py:179} INFO - Processing /home/airflow/.local/lib/python3.7/site-packages/airflow/example_dags/tutorial.py took 0.090 seconds
[2025-09-19T09:32:48.454+0000] {processor.py:157} INFO - Started process (PID=8668) to work on /home/airflow/.local/lib/python3.7/site-packages/airflow/example_dags/tutorial.py
[2025-09-19T09:32:48.455+0000] {processor.py:826} INFO - Processing file /home/airflow/.local/lib/python3.7/site-packages/airflow/example_dags/tutorial.py for tasks to queue
[2025-09-19T09:32:48.456+0000] {logging_mixin.py:149} INFO - [2025-09-19T09:32:48.456+0000] {dagbag.py:541} INFO - Filling up the DagBag from /home/airflow/.local/lib/python3.7/site-packages/airflow/example_dags/tutorial.py
[2025-09-19T09:32:48.463+0000] {processor.py:836} INFO - DAG(s) dict_keys(['tutorial']) retrieved from /home/airflow/.local/lib/python3.7/site-packages/airflow/example_dags/tutorial.py
[2025-09-19T09:32:48.489+0000] {logging_mixin.py:149} INFO - [2025-09-19T09:32:48.489+0000] {dag.py:2726} INFO - Sync 1 DAGs
[2025-09-19T09:32:48.521+0000] {logging_mixin.py:149} INFO - [2025-09-19T09:32:48.521+0000] {dag.py:3490} INFO - Setting next_dagrun for tutorial to 2025-09-18T09:32:48.520768+00:00, run_after=2025-09-19T09:32:48.520768+00:00
[2025-09-19T09:32:48.544+0000] {processor.py:179} INFO - Processing /home/airflow/.local/lib/python3.7/site-packages/airflow/example_dags/tutorial.py took 0.094 seconds
[2025-09-19T09:33:19.371+0000] {processor.py:157} INFO - Started process (PID=8949) to work on /home/airflow/.local/lib/python3.7/site-packages/airflow/example_dags/tutorial.py
[2025-09-19T09:33:19.372+0000] {processor.py:826} INFO - Processing file /home/airflow/.local/lib/python3.7/site-packages/airflow/example_dags/tutorial.py for tasks to queue
[2025-09-19T09:33:19.373+0000] {logging_mixin.py:149} INFO - [2025-09-19T09:33:19.373+0000] {dagbag.py:541} INFO - Filling up the DagBag from /home/airflow/.local/lib/python3.7/site-packages/airflow/example_dags/tutorial.py
[2025-09-19T09:33:19.381+0000] {processor.py:836} INFO - DAG(s) dict_keys(['tutorial']) retrieved from /home/airflow/.local/lib/python3.7/site-packages/airflow/example_dags/tutorial.py
[2025-09-19T09:33:19.408+0000] {logging_mixin.py:149} INFO - [2025-09-19T09:33:19.408+0000] {dag.py:2726} INFO - Sync 1 DAGs
[2025-09-19T09:33:19.436+0000] {logging_mixin.py:149} INFO - [2025-09-19T09:33:19.436+0000] {dag.py:3490} INFO - Setting next_dagrun for tutorial to 2025-09-18T09:33:19.436431+00:00, run_after=2025-09-19T09:33:19.436431+00:00
[2025-09-19T09:33:19.458+0000] {processor.py:179} INFO - Processing /home/airflow/.local/lib/python3.7/site-packages/airflow/example_dags/tutorial.py took 0.093 seconds
[2025-09-19T09:33:50.006+0000] {processor.py:157} INFO - Started process (PID=9230) to work on /home/airflow/.local/lib/python3.7/site-packages/airflow/example_dags/tutorial.py
[2025-09-19T09:33:50.007+0000] {processor.py:826} INFO - Processing file /home/airflow/.local/lib/python3.7/site-packages/airflow/example_dags/tutorial.py for tasks to queue
[2025-09-19T09:33:50.007+0000] {logging_mixin.py:149} INFO - [2025-09-19T09:33:50.007+0000] {dagbag.py:541} INFO - Filling up the DagBag from /home/airflow/.local/lib/python3.7/site-packages/airflow/example_dags/tutorial.py
[2025-09-19T09:33:50.014+0000] {processor.py:836} INFO - DAG(s) dict_keys(['tutorial']) retrieved from /home/airflow/.local/lib/python3.7/site-packages/airflow/example_dags/tutorial.py
[2025-09-19T09:33:50.041+0000] {logging_mixin.py:149} INFO - [2025-09-19T09:33:50.041+0000] {dag.py:2726} INFO - Sync 1 DAGs
[2025-09-19T09:33:50.067+0000] {logging_mixin.py:149} INFO - [2025-09-19T09:33:50.067+0000] {dag.py:3490} INFO - Setting next_dagrun for tutorial to 2025-09-18T09:33:50.067590+00:00, run_after=2025-09-19T09:33:50.067590+00:00
[2025-09-19T09:33:50.090+0000] {processor.py:179} INFO - Processing /home/airflow/.local/lib/python3.7/site-packages/airflow/example_dags/tutorial.py took 0.088 seconds
[2025-09-19T09:34:20.976+0000] {processor.py:157} INFO - Started process (PID=9511) to work on /home/airflow/.local/lib/python3.7/site-packages/airflow/example_dags/tutorial.py
[2025-09-19T09:34:20.979+0000] {processor.py:826} INFO - Processing file /home/airflow/.local/lib/python3.7/site-packages/airflow/example_dags/tutorial.py for tasks to queue
[2025-09-19T09:34:20.982+0000] {logging_mixin.py:149} INFO - [2025-09-19T09:34:20.981+0000] {dagbag.py:541} INFO - Filling up the DagBag from /home/airflow/.local/lib/python3.7/site-packages/airflow/example_dags/tutorial.py
[2025-09-19T09:34:20.992+0000] {processor.py:836} INFO - DAG(s) dict_keys(['tutorial']) retrieved from /home/airflow/.local/lib/python3.7/site-packages/airflow/example_dags/tutorial.py
[2025-09-19T09:34:21.019+0000] {logging_mixin.py:149} INFO - [2025-09-19T09:34:21.019+0000] {dag.py:2726} INFO - Sync 1 DAGs
[2025-09-19T09:34:21.046+0000] {logging_mixin.py:149} INFO - [2025-09-19T09:34:21.046+0000] {dag.py:3490} INFO - Setting next_dagrun for tutorial to 2025-09-18T09:34:21.046353+00:00, run_after=2025-09-19T09:34:21.046353+00:00
[2025-09-19T09:34:21.070+0000] {processor.py:179} INFO - Processing /home/airflow/.local/lib/python3.7/site-packages/airflow/example_dags/tutorial.py took 0.098 seconds
[2025-09-19T09:34:51.928+0000] {processor.py:157} INFO - Started process (PID=9792) to work on /home/airflow/.local/lib/python3.7/site-packages/airflow/example_dags/tutorial.py
[2025-09-19T09:34:51.929+0000] {processor.py:826} INFO - Processing file /home/airflow/.local/lib/python3.7/site-packages/airflow/example_dags/tutorial.py for tasks to queue
[2025-09-19T09:34:51.930+0000] {logging_mixin.py:149} INFO - [2025-09-19T09:34:51.930+0000] {dagbag.py:541} INFO - Filling up the DagBag from /home/airflow/.local/lib/python3.7/site-packages/airflow/example_dags/tutorial.py
[2025-09-19T09:34:51.937+0000] {processor.py:836} INFO - DAG(s) dict_keys(['tutorial']) retrieved from /home/airflow/.local/lib/python3.7/site-packages/airflow/example_dags/tutorial.py
[2025-09-19T09:34:51.963+0000] {logging_mixin.py:149} INFO - [2025-09-19T09:34:51.963+0000] {dag.py:2726} INFO - Sync 1 DAGs
[2025-09-19T09:34:51.992+0000] {logging_mixin.py:149} INFO - [2025-09-19T09:34:51.992+0000] {dag.py:3490} INFO - Setting next_dagrun for tutorial to 2025-09-18T09:34:51.991818+00:00, run_after=2025-09-19T09:34:51.991818+00:00
[2025-09-19T09:34:52.016+0000] {processor.py:179} INFO - Processing /home/airflow/.local/lib/python3.7/site-packages/airflow/example_dags/tutorial.py took 0.091 seconds
[2025-09-19T09:35:23.125+0000] {processor.py:157} INFO - Started process (PID=10080) to work on /home/airflow/.local/lib/python3.7/site-packages/airflow/example_dags/tutorial.py
[2025-09-19T09:35:23.126+0000] {processor.py:826} INFO - Processing file /home/airflow/.local/lib/python3.7/site-packages/airflow/example_dags/tutorial.py for tasks to queue
[2025-09-19T09:35:23.127+0000] {logging_mixin.py:149} INFO - [2025-09-19T09:35:23.127+0000] {dagbag.py:541} INFO - Filling up the DagBag from /home/airflow/.local/lib/python3.7/site-packages/airflow/example_dags/tutorial.py
[2025-09-19T09:35:23.135+0000] {processor.py:836} INFO - DAG(s) dict_keys(['tutorial']) retrieved from /home/airflow/.local/lib/python3.7/site-packages/airflow/example_dags/tutorial.py
[2025-09-19T09:35:23.167+0000] {logging_mixin.py:149} INFO - [2025-09-19T09:35:23.166+0000] {dag.py:2726} INFO - Sync 1 DAGs
[2025-09-19T09:35:23.196+0000] {logging_mixin.py:149} INFO - [2025-09-19T09:35:23.196+0000] {dag.py:3490} INFO - Setting next_dagrun for tutorial to 2025-09-18T09:35:23.196263+00:00, run_after=2025-09-19T09:35:23.196263+00:00
[2025-09-19T09:35:23.216+0000] {processor.py:179} INFO - Processing /home/airflow/.local/lib/python3.7/site-packages/airflow/example_dags/tutorial.py took 0.095 seconds
[2025-09-19T09:35:53.871+0000] {processor.py:157} INFO - Started process (PID=10361) to work on /home/airflow/.local/lib/python3.7/site-packages/airflow/example_dags/tutorial.py
[2025-09-19T09:35:53.872+0000] {processor.py:826} INFO - Processing file /home/airflow/.local/lib/python3.7/site-packages/airflow/example_dags/tutorial.py for tasks to queue
[2025-09-19T09:35:53.873+0000] {logging_mixin.py:149} INFO - [2025-09-19T09:35:53.873+0000] {dagbag.py:541} INFO - Filling up the DagBag from /home/airflow/.local/lib/python3.7/site-packages/airflow/example_dags/tutorial.py
[2025-09-19T09:35:53.880+0000] {processor.py:836} INFO - DAG(s) dict_keys(['tutorial']) retrieved from /home/airflow/.local/lib/python3.7/site-packages/airflow/example_dags/tutorial.py
[2025-09-19T09:35:53.913+0000] {logging_mixin.py:149} INFO - [2025-09-19T09:35:53.913+0000] {dag.py:2726} INFO - Sync 1 DAGs
[2025-09-19T09:35:53.941+0000] {logging_mixin.py:149} INFO - [2025-09-19T09:35:53.941+0000] {dag.py:3490} INFO - Setting next_dagrun for tutorial to 2025-09-18T09:35:53.940731+00:00, run_after=2025-09-19T09:35:53.940731+00:00
[2025-09-19T09:35:53.962+0000] {processor.py:179} INFO - Processing /home/airflow/.local/lib/python3.7/site-packages/airflow/example_dags/tutorial.py took 0.094 seconds
[2025-09-19T09:36:24.659+0000] {processor.py:157} INFO - Started process (PID=10642) to work on /home/airflow/.local/lib/python3.7/site-packages/airflow/example_dags/tutorial.py
[2025-09-19T09:36:24.660+0000] {processor.py:826} INFO - Processing file /home/airflow/.local/lib/python3.7/site-packages/airflow/example_dags/tutorial.py for tasks to queue
[2025-09-19T09:36:24.660+0000] {logging_mixin.py:149} INFO - [2025-09-19T09:36:24.660+0000] {dagbag.py:541} INFO - Filling up the DagBag from /home/airflow/.local/lib/python3.7/site-packages/airflow/example_dags/tutorial.py
[2025-09-19T09:36:24.667+0000] {processor.py:836} INFO - DAG(s) dict_keys(['tutorial']) retrieved from /home/airflow/.local/lib/python3.7/site-packages/airflow/example_dags/tutorial.py
[2025-09-19T09:36:24.695+0000] {logging_mixin.py:149} INFO - [2025-09-19T09:36:24.694+0000] {dag.py:2726} INFO - Sync 1 DAGs
[2025-09-19T09:36:24.729+0000] {logging_mixin.py:149} INFO - [2025-09-19T09:36:24.729+0000] {dag.py:3490} INFO - Setting next_dagrun for tutorial to 2025-09-18T09:36:24.728884+00:00, run_after=2025-09-19T09:36:24.728884+00:00
[2025-09-19T09:36:24.752+0000] {processor.py:179} INFO - Processing /home/airflow/.local/lib/python3.7/site-packages/airflow/example_dags/tutorial.py took 0.096 seconds
[2025-09-19T09:36:55.568+0000] {processor.py:157} INFO - Started process (PID=10923) to work on /home/airflow/.local/lib/python3.7/site-packages/airflow/example_dags/tutorial.py
[2025-09-19T09:36:55.569+0000] {processor.py:826} INFO - Processing file /home/airflow/.local/lib/python3.7/site-packages/airflow/example_dags/tutorial.py for tasks to queue
[2025-09-19T09:36:55.570+0000] {logging_mixin.py:149} INFO - [2025-09-19T09:36:55.569+0000] {dagbag.py:541} INFO - Filling up the DagBag from /home/airflow/.local/lib/python3.7/site-packages/airflow/example_dags/tutorial.py
[2025-09-19T09:36:55.576+0000] {processor.py:836} INFO - DAG(s) dict_keys(['tutorial']) retrieved from /home/airflow/.local/lib/python3.7/site-packages/airflow/example_dags/tutorial.py
[2025-09-19T09:36:55.603+0000] {logging_mixin.py:149} INFO - [2025-09-19T09:36:55.602+0000] {dag.py:2726} INFO - Sync 1 DAGs
[2025-09-19T09:36:55.630+0000] {logging_mixin.py:149} INFO - [2025-09-19T09:36:55.630+0000] {dag.py:3490} INFO - Setting next_dagrun for tutorial to 2025-09-18T09:36:55.629964+00:00, run_after=2025-09-19T09:36:55.629964+00:00
[2025-09-19T09:36:55.654+0000] {processor.py:179} INFO - Processing /home/airflow/.local/lib/python3.7/site-packages/airflow/example_dags/tutorial.py took 0.089 seconds
[2025-09-19T09:37:26.214+0000] {processor.py:157} INFO - Started process (PID=11204) to work on /home/airflow/.local/lib/python3.7/site-packages/airflow/example_dags/tutorial.py
[2025-09-19T09:37:26.215+0000] {processor.py:826} INFO - Processing file /home/airflow/.local/lib/python3.7/site-packages/airflow/example_dags/tutorial.py for tasks to queue
[2025-09-19T09:37:26.216+0000] {logging_mixin.py:149} INFO - [2025-09-19T09:37:26.215+0000] {dagbag.py:541} INFO - Filling up the DagBag from /home/airflow/.local/lib/python3.7/site-packages/airflow/example_dags/tutorial.py
[2025-09-19T09:37:26.222+0000] {processor.py:836} INFO - DAG(s) dict_keys(['tutorial']) retrieved from /home/airflow/.local/lib/python3.7/site-packages/airflow/example_dags/tutorial.py
[2025-09-19T09:37:26.250+0000] {logging_mixin.py:149} INFO - [2025-09-19T09:37:26.250+0000] {dag.py:2726} INFO - Sync 1 DAGs
[2025-09-19T09:37:26.279+0000] {logging_mixin.py:149} INFO - [2025-09-19T09:37:26.278+0000] {dag.py:3490} INFO - Setting next_dagrun for tutorial to 2025-09-18T09:37:26.278609+00:00, run_after=2025-09-19T09:37:26.278609+00:00
[2025-09-19T09:37:26.299+0000] {processor.py:179} INFO - Processing /home/airflow/.local/lib/python3.7/site-packages/airflow/example_dags/tutorial.py took 0.089 seconds
[2025-09-19T09:37:57.679+0000] {processor.py:157} INFO - Started process (PID=11485) to work on /home/airflow/.local/lib/python3.7/site-packages/airflow/example_dags/tutorial.py
[2025-09-19T09:37:57.680+0000] {processor.py:826} INFO - Processing file /home/airflow/.local/lib/python3.7/site-packages/airflow/example_dags/tutorial.py for tasks to queue
[2025-09-19T09:37:57.681+0000] {logging_mixin.py:149} INFO - [2025-09-19T09:37:57.681+0000] {dagbag.py:541} INFO - Filling up the DagBag from /home/airflow/.local/lib/python3.7/site-packages/airflow/example_dags/tutorial.py
[2025-09-19T09:37:57.688+0000] {processor.py:836} INFO - DAG(s) dict_keys(['tutorial']) retrieved from /home/airflow/.local/lib/python3.7/site-packages/airflow/example_dags/tutorial.py
[2025-09-19T09:37:57.718+0000] {logging_mixin.py:149} INFO - [2025-09-19T09:37:57.717+0000] {dag.py:2726} INFO - Sync 1 DAGs
[2025-09-19T09:37:57.747+0000] {logging_mixin.py:149} INFO - [2025-09-19T09:37:57.747+0000] {dag.py:3490} INFO - Setting next_dagrun for tutorial to 2025-09-18T09:37:57.747510+00:00, run_after=2025-09-19T09:37:57.747510+00:00
[2025-09-19T09:37:57.772+0000] {processor.py:179} INFO - Processing /home/airflow/.local/lib/python3.7/site-packages/airflow/example_dags/tutorial.py took 0.096 seconds
[2025-09-19T09:38:28.667+0000] {processor.py:157} INFO - Started process (PID=11766) to work on /home/airflow/.local/lib/python3.7/site-packages/airflow/example_dags/tutorial.py
[2025-09-19T09:38:28.668+0000] {processor.py:826} INFO - Processing file /home/airflow/.local/lib/python3.7/site-packages/airflow/example_dags/tutorial.py for tasks to queue
[2025-09-19T09:38:28.669+0000] {logging_mixin.py:149} INFO - [2025-09-19T09:38:28.669+0000] {dagbag.py:541} INFO - Filling up the DagBag from /home/airflow/.local/lib/python3.7/site-packages/airflow/example_dags/tutorial.py
[2025-09-19T09:38:28.676+0000] {processor.py:836} INFO - DAG(s) dict_keys(['tutorial']) retrieved from /home/airflow/.local/lib/python3.7/site-packages/airflow/example_dags/tutorial.py
[2025-09-19T09:38:28.704+0000] {logging_mixin.py:149} INFO - [2025-09-19T09:38:28.703+0000] {dag.py:2726} INFO - Sync 1 DAGs
[2025-09-19T09:38:28.737+0000] {logging_mixin.py:149} INFO - [2025-09-19T09:38:28.737+0000] {dag.py:3490} INFO - Setting next_dagrun for tutorial to 2025-09-18T09:38:28.737086+00:00, run_after=2025-09-19T09:38:28.737086+00:00
[2025-09-19T09:38:28.759+0000] {processor.py:179} INFO - Processing /home/airflow/.local/lib/python3.7/site-packages/airflow/example_dags/tutorial.py took 0.096 seconds
[2025-09-19T09:38:59.652+0000] {processor.py:157} INFO - Started process (PID=12047) to work on /home/airflow/.local/lib/python3.7/site-packages/airflow/example_dags/tutorial.py
[2025-09-19T09:38:59.653+0000] {processor.py:826} INFO - Processing file /home/airflow/.local/lib/python3.7/site-packages/airflow/example_dags/tutorial.py for tasks to queue
[2025-09-19T09:38:59.654+0000] {logging_mixin.py:149} INFO - [2025-09-19T09:38:59.654+0000] {dagbag.py:541} INFO - Filling up the DagBag from /home/airflow/.local/lib/python3.7/site-packages/airflow/example_dags/tutorial.py
[2025-09-19T09:38:59.661+0000] {processor.py:836} INFO - DAG(s) dict_keys(['tutorial']) retrieved from /home/airflow/.local/lib/python3.7/site-packages/airflow/example_dags/tutorial.py
[2025-09-19T09:38:59.688+0000] {logging_mixin.py:149} INFO - [2025-09-19T09:38:59.688+0000] {dag.py:2726} INFO - Sync 1 DAGs
[2025-09-19T09:38:59.718+0000] {logging_mixin.py:149} INFO - [2025-09-19T09:38:59.717+0000] {dag.py:3490} INFO - Setting next_dagrun for tutorial to 2025-09-18T09:38:59.717641+00:00, run_after=2025-09-19T09:38:59.717641+00:00
[2025-09-19T09:38:59.738+0000] {processor.py:179} INFO - Processing /home/airflow/.local/lib/python3.7/site-packages/airflow/example_dags/tutorial.py took 0.090 seconds
[2025-09-19T09:39:30.799+0000] {processor.py:157} INFO - Started process (PID=12330) to work on /home/airflow/.local/lib/python3.7/site-packages/airflow/example_dags/tutorial.py
[2025-09-19T09:39:30.800+0000] {processor.py:826} INFO - Processing file /home/airflow/.local/lib/python3.7/site-packages/airflow/example_dags/tutorial.py for tasks to queue
[2025-09-19T09:39:30.801+0000] {logging_mixin.py:149} INFO - [2025-09-19T09:39:30.801+0000] {dagbag.py:541} INFO - Filling up the DagBag from /home/airflow/.local/lib/python3.7/site-packages/airflow/example_dags/tutorial.py
[2025-09-19T09:39:30.808+0000] {processor.py:836} INFO - DAG(s) dict_keys(['tutorial']) retrieved from /home/airflow/.local/lib/python3.7/site-packages/airflow/example_dags/tutorial.py
[2025-09-19T09:39:30.835+0000] {logging_mixin.py:149} INFO - [2025-09-19T09:39:30.834+0000] {dag.py:2726} INFO - Sync 1 DAGs
[2025-09-19T09:39:30.877+0000] {logging_mixin.py:149} INFO - [2025-09-19T09:39:30.877+0000] {dag.py:3490} INFO - Setting next_dagrun for tutorial to 2025-09-18T09:39:30.876671+00:00, run_after=2025-09-19T09:39:30.876671+00:00
[2025-09-19T09:39:30.907+0000] {processor.py:179} INFO - Processing /home/airflow/.local/lib/python3.7/site-packages/airflow/example_dags/tutorial.py took 0.111 seconds
[2025-09-19T09:40:01.788+0000] {processor.py:157} INFO - Started process (PID=12609) to work on /home/airflow/.local/lib/python3.7/site-packages/airflow/example_dags/tutorial.py
[2025-09-19T09:40:01.792+0000] {processor.py:826} INFO - Processing file /home/airflow/.local/lib/python3.7/site-packages/airflow/example_dags/tutorial.py for tasks to queue
[2025-09-19T09:40:01.793+0000] {logging_mixin.py:149} INFO - [2025-09-19T09:40:01.793+0000] {dagbag.py:541} INFO - Filling up the DagBag from /home/airflow/.local/lib/python3.7/site-packages/airflow/example_dags/tutorial.py
[2025-09-19T09:40:01.805+0000] {processor.py:836} INFO - DAG(s) dict_keys(['tutorial']) retrieved from /home/airflow/.local/lib/python3.7/site-packages/airflow/example_dags/tutorial.py
[2025-09-19T09:40:01.833+0000] {logging_mixin.py:149} INFO - [2025-09-19T09:40:01.833+0000] {dag.py:2726} INFO - Sync 1 DAGs
[2025-09-19T09:40:01.862+0000] {logging_mixin.py:149} INFO - [2025-09-19T09:40:01.862+0000] {dag.py:3490} INFO - Setting next_dagrun for tutorial to 2025-09-18T09:40:01.862039+00:00, run_after=2025-09-19T09:40:01.862039+00:00
[2025-09-19T09:40:01.885+0000] {processor.py:179} INFO - Processing /home/airflow/.local/lib/python3.7/site-packages/airflow/example_dags/tutorial.py took 0.100 seconds
[2025-09-19T09:40:32.471+0000] {processor.py:157} INFO - Started process (PID=12890) to work on /home/airflow/.local/lib/python3.7/site-packages/airflow/example_dags/tutorial.py
[2025-09-19T09:40:32.472+0000] {processor.py:826} INFO - Processing file /home/airflow/.local/lib/python3.7/site-packages/airflow/example_dags/tutorial.py for tasks to queue
[2025-09-19T09:40:32.473+0000] {logging_mixin.py:149} INFO - [2025-09-19T09:40:32.473+0000] {dagbag.py:541} INFO - Filling up the DagBag from /home/airflow/.local/lib/python3.7/site-packages/airflow/example_dags/tutorial.py
[2025-09-19T09:40:32.479+0000] {processor.py:836} INFO - DAG(s) dict_keys(['tutorial']) retrieved from /home/airflow/.local/lib/python3.7/site-packages/airflow/example_dags/tutorial.py
[2025-09-19T09:40:32.511+0000] {logging_mixin.py:149} INFO - [2025-09-19T09:40:32.511+0000] {dag.py:2726} INFO - Sync 1 DAGs
[2025-09-19T09:40:32.545+0000] {logging_mixin.py:149} INFO - [2025-09-19T09:40:32.545+0000] {dag.py:3490} INFO - Setting next_dagrun for tutorial to 2025-09-18T09:40:32.544949+00:00, run_after=2025-09-19T09:40:32.544949+00:00
[2025-09-19T09:40:32.570+0000] {processor.py:179} INFO - Processing /home/airflow/.local/lib/python3.7/site-packages/airflow/example_dags/tutorial.py took 0.103 seconds
[2025-09-19T09:41:03.232+0000] {processor.py:157} INFO - Started process (PID=13171) to work on /home/airflow/.local/lib/python3.7/site-packages/airflow/example_dags/tutorial.py
[2025-09-19T09:41:03.233+0000] {processor.py:826} INFO - Processing file /home/airflow/.local/lib/python3.7/site-packages/airflow/example_dags/tutorial.py for tasks to queue
[2025-09-19T09:41:03.234+0000] {logging_mixin.py:149} INFO - [2025-09-19T09:41:03.233+0000] {dagbag.py:541} INFO - Filling up the DagBag from /home/airflow/.local/lib/python3.7/site-packages/airflow/example_dags/tutorial.py
[2025-09-19T09:41:03.241+0000] {processor.py:836} INFO - DAG(s) dict_keys(['tutorial']) retrieved from /home/airflow/.local/lib/python3.7/site-packages/airflow/example_dags/tutorial.py
[2025-09-19T09:41:03.272+0000] {logging_mixin.py:149} INFO - [2025-09-19T09:41:03.272+0000] {dag.py:2726} INFO - Sync 1 DAGs
[2025-09-19T09:41:03.301+0000] {logging_mixin.py:149} INFO - [2025-09-19T09:41:03.301+0000] {dag.py:3490} INFO - Setting next_dagrun for tutorial to 2025-09-18T09:41:03.301256+00:00, run_after=2025-09-19T09:41:03.301256+00:00
[2025-09-19T09:41:03.330+0000] {processor.py:179} INFO - Processing /home/airflow/.local/lib/python3.7/site-packages/airflow/example_dags/tutorial.py took 0.102 seconds
[2025-09-19T09:41:33.984+0000] {processor.py:157} INFO - Started process (PID=13451) to work on /home/airflow/.local/lib/python3.7/site-packages/airflow/example_dags/tutorial.py
[2025-09-19T09:41:33.985+0000] {processor.py:826} INFO - Processing file /home/airflow/.local/lib/python3.7/site-packages/airflow/example_dags/tutorial.py for tasks to queue
[2025-09-19T09:41:33.986+0000] {logging_mixin.py:149} INFO - [2025-09-19T09:41:33.985+0000] {dagbag.py:541} INFO - Filling up the DagBag from /home/airflow/.local/lib/python3.7/site-packages/airflow/example_dags/tutorial.py
[2025-09-19T09:41:33.993+0000] {processor.py:836} INFO - DAG(s) dict_keys(['tutorial']) retrieved from /home/airflow/.local/lib/python3.7/site-packages/airflow/example_dags/tutorial.py
[2025-09-19T09:41:34.021+0000] {logging_mixin.py:149} INFO - [2025-09-19T09:41:34.021+0000] {dag.py:2726} INFO - Sync 1 DAGs
[2025-09-19T09:41:34.050+0000] {logging_mixin.py:149} INFO - [2025-09-19T09:41:34.049+0000] {dag.py:3490} INFO - Setting next_dagrun for tutorial to 2025-09-18T09:41:34.049581+00:00, run_after=2025-09-19T09:41:34.049581+00:00
[2025-09-19T09:41:34.076+0000] {processor.py:179} INFO - Processing /home/airflow/.local/lib/python3.7/site-packages/airflow/example_dags/tutorial.py took 0.096 seconds
[2025-09-19T09:42:04.675+0000] {processor.py:157} INFO - Started process (PID=13732) to work on /home/airflow/.local/lib/python3.7/site-packages/airflow/example_dags/tutorial.py
[2025-09-19T09:42:04.675+0000] {processor.py:826} INFO - Processing file /home/airflow/.local/lib/python3.7/site-packages/airflow/example_dags/tutorial.py for tasks to queue
[2025-09-19T09:42:04.676+0000] {logging_mixin.py:149} INFO - [2025-09-19T09:42:04.676+0000] {dagbag.py:541} INFO - Filling up the DagBag from /home/airflow/.local/lib/python3.7/site-packages/airflow/example_dags/tutorial.py
[2025-09-19T09:42:04.683+0000] {processor.py:836} INFO - DAG(s) dict_keys(['tutorial']) retrieved from /home/airflow/.local/lib/python3.7/site-packages/airflow/example_dags/tutorial.py
[2025-09-19T09:42:04.714+0000] {logging_mixin.py:149} INFO - [2025-09-19T09:42:04.713+0000] {dag.py:2726} INFO - Sync 1 DAGs
[2025-09-19T09:42:04.742+0000] {logging_mixin.py:149} INFO - [2025-09-19T09:42:04.742+0000] {dag.py:3490} INFO - Setting next_dagrun for tutorial to 2025-09-18T09:42:04.742248+00:00, run_after=2025-09-19T09:42:04.742248+00:00
[2025-09-19T09:42:04.765+0000] {processor.py:179} INFO - Processing /home/airflow/.local/lib/python3.7/site-packages/airflow/example_dags/tutorial.py took 0.095 seconds
[2025-09-19T09:42:35.633+0000] {processor.py:157} INFO - Started process (PID=14013) to work on /home/airflow/.local/lib/python3.7/site-packages/airflow/example_dags/tutorial.py
[2025-09-19T09:42:35.634+0000] {processor.py:826} INFO - Processing file /home/airflow/.local/lib/python3.7/site-packages/airflow/example_dags/tutorial.py for tasks to queue
[2025-09-19T09:42:35.635+0000] {logging_mixin.py:149} INFO - [2025-09-19T09:42:35.635+0000] {dagbag.py:541} INFO - Filling up the DagBag from /home/airflow/.local/lib/python3.7/site-packages/airflow/example_dags/tutorial.py
[2025-09-19T09:42:35.642+0000] {processor.py:836} INFO - DAG(s) dict_keys(['tutorial']) retrieved from /home/airflow/.local/lib/python3.7/site-packages/airflow/example_dags/tutorial.py
[2025-09-19T09:42:35.669+0000] {logging_mixin.py:149} INFO - [2025-09-19T09:42:35.669+0000] {dag.py:2726} INFO - Sync 1 DAGs
[2025-09-19T09:42:35.698+0000] {logging_mixin.py:149} INFO - [2025-09-19T09:42:35.698+0000] {dag.py:3490} INFO - Setting next_dagrun for tutorial to 2025-09-18T09:42:35.698252+00:00, run_after=2025-09-19T09:42:35.698252+00:00
[2025-09-19T09:42:35.725+0000] {processor.py:179} INFO - Processing /home/airflow/.local/lib/python3.7/site-packages/airflow/example_dags/tutorial.py took 0.096 seconds
[2025-09-19T09:43:06.611+0000] {processor.py:157} INFO - Started process (PID=14294) to work on /home/airflow/.local/lib/python3.7/site-packages/airflow/example_dags/tutorial.py
[2025-09-19T09:43:06.612+0000] {processor.py:826} INFO - Processing file /home/airflow/.local/lib/python3.7/site-packages/airflow/example_dags/tutorial.py for tasks to queue
[2025-09-19T09:43:06.613+0000] {logging_mixin.py:149} INFO - [2025-09-19T09:43:06.613+0000] {dagbag.py:541} INFO - Filling up the DagBag from /home/airflow/.local/lib/python3.7/site-packages/airflow/example_dags/tutorial.py
[2025-09-19T09:43:06.620+0000] {processor.py:836} INFO - DAG(s) dict_keys(['tutorial']) retrieved from /home/airflow/.local/lib/python3.7/site-packages/airflow/example_dags/tutorial.py
[2025-09-19T09:43:06.647+0000] {logging_mixin.py:149} INFO - [2025-09-19T09:43:06.646+0000] {dag.py:2726} INFO - Sync 1 DAGs
[2025-09-19T09:43:06.676+0000] {logging_mixin.py:149} INFO - [2025-09-19T09:43:06.676+0000] {dag.py:3490} INFO - Setting next_dagrun for tutorial to 2025-09-18T09:43:06.676020+00:00, run_after=2025-09-19T09:43:06.676020+00:00
[2025-09-19T09:43:06.703+0000] {processor.py:179} INFO - Processing /home/airflow/.local/lib/python3.7/site-packages/airflow/example_dags/tutorial.py took 0.095 seconds
[2025-09-19T09:43:37.286+0000] {processor.py:157} INFO - Started process (PID=14575) to work on /home/airflow/.local/lib/python3.7/site-packages/airflow/example_dags/tutorial.py
[2025-09-19T09:43:37.287+0000] {processor.py:826} INFO - Processing file /home/airflow/.local/lib/python3.7/site-packages/airflow/example_dags/tutorial.py for tasks to queue
[2025-09-19T09:43:37.288+0000] {logging_mixin.py:149} INFO - [2025-09-19T09:43:37.287+0000] {dagbag.py:541} INFO - Filling up the DagBag from /home/airflow/.local/lib/python3.7/site-packages/airflow/example_dags/tutorial.py
[2025-09-19T09:43:37.295+0000] {processor.py:836} INFO - DAG(s) dict_keys(['tutorial']) retrieved from /home/airflow/.local/lib/python3.7/site-packages/airflow/example_dags/tutorial.py
[2025-09-19T09:43:37.321+0000] {logging_mixin.py:149} INFO - [2025-09-19T09:43:37.321+0000] {dag.py:2726} INFO - Sync 1 DAGs
[2025-09-19T09:43:37.353+0000] {logging_mixin.py:149} INFO - [2025-09-19T09:43:37.353+0000] {dag.py:3490} INFO - Setting next_dagrun for tutorial to 2025-09-18T09:43:37.353159+00:00, run_after=2025-09-19T09:43:37.353159+00:00
[2025-09-19T09:43:37.375+0000] {processor.py:179} INFO - Processing /home/airflow/.local/lib/python3.7/site-packages/airflow/example_dags/tutorial.py took 0.093 seconds
[2025-09-19T09:44:08.242+0000] {processor.py:157} INFO - Started process (PID=14856) to work on /home/airflow/.local/lib/python3.7/site-packages/airflow/example_dags/tutorial.py
[2025-09-19T09:44:08.244+0000] {processor.py:826} INFO - Processing file /home/airflow/.local/lib/python3.7/site-packages/airflow/example_dags/tutorial.py for tasks to queue
[2025-09-19T09:44:08.245+0000] {logging_mixin.py:149} INFO - [2025-09-19T09:44:08.245+0000] {dagbag.py:541} INFO - Filling up the DagBag from /home/airflow/.local/lib/python3.7/site-packages/airflow/example_dags/tutorial.py
[2025-09-19T09:44:08.251+0000] {processor.py:836} INFO - DAG(s) dict_keys(['tutorial']) retrieved from /home/airflow/.local/lib/python3.7/site-packages/airflow/example_dags/tutorial.py
[2025-09-19T09:44:08.277+0000] {logging_mixin.py:149} INFO - [2025-09-19T09:44:08.277+0000] {dag.py:2726} INFO - Sync 1 DAGs
[2025-09-19T09:44:08.308+0000] {logging_mixin.py:149} INFO - [2025-09-19T09:44:08.308+0000] {dag.py:3490} INFO - Setting next_dagrun for tutorial to 2025-09-18T09:44:08.308280+00:00, run_after=2025-09-19T09:44:08.308280+00:00
[2025-09-19T09:44:08.329+0000] {processor.py:179} INFO - Processing /home/airflow/.local/lib/python3.7/site-packages/airflow/example_dags/tutorial.py took 0.090 seconds
[2025-09-19T09:44:39.138+0000] {processor.py:157} INFO - Started process (PID=15137) to work on /home/airflow/.local/lib/python3.7/site-packages/airflow/example_dags/tutorial.py
[2025-09-19T09:44:39.139+0000] {processor.py:826} INFO - Processing file /home/airflow/.local/lib/python3.7/site-packages/airflow/example_dags/tutorial.py for tasks to queue
[2025-09-19T09:44:39.140+0000] {logging_mixin.py:149} INFO - [2025-09-19T09:44:39.140+0000] {dagbag.py:541} INFO - Filling up the DagBag from /home/airflow/.local/lib/python3.7/site-packages/airflow/example_dags/tutorial.py
[2025-09-19T09:44:39.147+0000] {processor.py:836} INFO - DAG(s) dict_keys(['tutorial']) retrieved from /home/airflow/.local/lib/python3.7/site-packages/airflow/example_dags/tutorial.py
[2025-09-19T09:44:39.173+0000] {logging_mixin.py:149} INFO - [2025-09-19T09:44:39.172+0000] {dag.py:2726} INFO - Sync 1 DAGs
[2025-09-19T09:44:39.204+0000] {logging_mixin.py:149} INFO - [2025-09-19T09:44:39.204+0000] {dag.py:3490} INFO - Setting next_dagrun for tutorial to 2025-09-18T09:44:39.203758+00:00, run_after=2025-09-19T09:44:39.203758+00:00
[2025-09-19T09:44:39.226+0000] {processor.py:179} INFO - Processing /home/airflow/.local/lib/python3.7/site-packages/airflow/example_dags/tutorial.py took 0.091 seconds
[2025-09-19T09:45:10.365+0000] {processor.py:157} INFO - Started process (PID=15418) to work on /home/airflow/.local/lib/python3.7/site-packages/airflow/example_dags/tutorial.py
[2025-09-19T09:45:10.366+0000] {processor.py:826} INFO - Processing file /home/airflow/.local/lib/python3.7/site-packages/airflow/example_dags/tutorial.py for tasks to queue
[2025-09-19T09:45:10.366+0000] {logging_mixin.py:149} INFO - [2025-09-19T09:45:10.366+0000] {dagbag.py:541} INFO - Filling up the DagBag from /home/airflow/.local/lib/python3.7/site-packages/airflow/example_dags/tutorial.py
[2025-09-19T09:45:10.373+0000] {processor.py:836} INFO - DAG(s) dict_keys(['tutorial']) retrieved from /home/airflow/.local/lib/python3.7/site-packages/airflow/example_dags/tutorial.py
[2025-09-19T09:45:10.399+0000] {logging_mixin.py:149} INFO - [2025-09-19T09:45:10.399+0000] {dag.py:2726} INFO - Sync 1 DAGs
[2025-09-19T09:45:10.428+0000] {logging_mixin.py:149} INFO - [2025-09-19T09:45:10.428+0000] {dag.py:3490} INFO - Setting next_dagrun for tutorial to 2025-09-18T09:45:10.428040+00:00, run_after=2025-09-19T09:45:10.428040+00:00
[2025-09-19T09:45:10.451+0000] {processor.py:179} INFO - Processing /home/airflow/.local/lib/python3.7/site-packages/airflow/example_dags/tutorial.py took 0.090 seconds
[2025-09-19T09:45:41.503+0000] {processor.py:157} INFO - Started process (PID=15700) to work on /home/airflow/.local/lib/python3.7/site-packages/airflow/example_dags/tutorial.py
[2025-09-19T09:45:41.505+0000] {processor.py:826} INFO - Processing file /home/airflow/.local/lib/python3.7/site-packages/airflow/example_dags/tutorial.py for tasks to queue
[2025-09-19T09:45:41.506+0000] {logging_mixin.py:149} INFO - [2025-09-19T09:45:41.506+0000] {dagbag.py:541} INFO - Filling up the DagBag from /home/airflow/.local/lib/python3.7/site-packages/airflow/example_dags/tutorial.py
[2025-09-19T09:45:41.513+0000] {processor.py:836} INFO - DAG(s) dict_keys(['tutorial']) retrieved from /home/airflow/.local/lib/python3.7/site-packages/airflow/example_dags/tutorial.py
[2025-09-19T09:45:41.539+0000] {logging_mixin.py:149} INFO - [2025-09-19T09:45:41.539+0000] {dag.py:2726} INFO - Sync 1 DAGs
[2025-09-19T09:45:41.567+0000] {logging_mixin.py:149} INFO - [2025-09-19T09:45:41.567+0000] {dag.py:3490} INFO - Setting next_dagrun for tutorial to 2025-09-18T09:45:41.567274+00:00, run_after=2025-09-19T09:45:41.567274+00:00
[2025-09-19T09:45:41.589+0000] {processor.py:179} INFO - Processing /home/airflow/.local/lib/python3.7/site-packages/airflow/example_dags/tutorial.py took 0.089 seconds
[2025-09-19T09:46:12.385+0000] {processor.py:157} INFO - Started process (PID=15981) to work on /home/airflow/.local/lib/python3.7/site-packages/airflow/example_dags/tutorial.py
[2025-09-19T09:46:12.388+0000] {processor.py:826} INFO - Processing file /home/airflow/.local/lib/python3.7/site-packages/airflow/example_dags/tutorial.py for tasks to queue
[2025-09-19T09:46:12.389+0000] {logging_mixin.py:149} INFO - [2025-09-19T09:46:12.388+0000] {dagbag.py:541} INFO - Filling up the DagBag from /home/airflow/.local/lib/python3.7/site-packages/airflow/example_dags/tutorial.py
[2025-09-19T09:46:12.395+0000] {processor.py:836} INFO - DAG(s) dict_keys(['tutorial']) retrieved from /home/airflow/.local/lib/python3.7/site-packages/airflow/example_dags/tutorial.py
[2025-09-19T09:46:12.422+0000] {logging_mixin.py:149} INFO - [2025-09-19T09:46:12.421+0000] {dag.py:2726} INFO - Sync 1 DAGs
[2025-09-19T09:46:12.451+0000] {logging_mixin.py:149} INFO - [2025-09-19T09:46:12.451+0000] {dag.py:3490} INFO - Setting next_dagrun for tutorial to 2025-09-18T09:46:12.451134+00:00, run_after=2025-09-19T09:46:12.451134+00:00
[2025-09-19T09:46:12.472+0000] {processor.py:179} INFO - Processing /home/airflow/.local/lib/python3.7/site-packages/airflow/example_dags/tutorial.py took 0.091 seconds
[2025-09-19T09:46:43.066+0000] {processor.py:157} INFO - Started process (PID=16262) to work on /home/airflow/.local/lib/python3.7/site-packages/airflow/example_dags/tutorial.py
[2025-09-19T09:46:43.067+0000] {processor.py:826} INFO - Processing file /home/airflow/.local/lib/python3.7/site-packages/airflow/example_dags/tutorial.py for tasks to queue
[2025-09-19T09:46:43.067+0000] {logging_mixin.py:149} INFO - [2025-09-19T09:46:43.067+0000] {dagbag.py:541} INFO - Filling up the DagBag from /home/airflow/.local/lib/python3.7/site-packages/airflow/example_dags/tutorial.py
[2025-09-19T09:46:43.074+0000] {processor.py:836} INFO - DAG(s) dict_keys(['tutorial']) retrieved from /home/airflow/.local/lib/python3.7/site-packages/airflow/example_dags/tutorial.py
[2025-09-19T09:46:43.100+0000] {logging_mixin.py:149} INFO - [2025-09-19T09:46:43.100+0000] {dag.py:2726} INFO - Sync 1 DAGs
[2025-09-19T09:46:43.127+0000] {logging_mixin.py:149} INFO - [2025-09-19T09:46:43.127+0000] {dag.py:3490} INFO - Setting next_dagrun for tutorial to 2025-09-18T09:46:43.127356+00:00, run_after=2025-09-19T09:46:43.127356+00:00
[2025-09-19T09:46:43.150+0000] {processor.py:179} INFO - Processing /home/airflow/.local/lib/python3.7/site-packages/airflow/example_dags/tutorial.py took 0.087 seconds
[2025-09-19T09:47:13.984+0000] {processor.py:157} INFO - Started process (PID=16543) to work on /home/airflow/.local/lib/python3.7/site-packages/airflow/example_dags/tutorial.py
[2025-09-19T09:47:13.985+0000] {processor.py:826} INFO - Processing file /home/airflow/.local/lib/python3.7/site-packages/airflow/example_dags/tutorial.py for tasks to queue
[2025-09-19T09:47:13.985+0000] {logging_mixin.py:149} INFO - [2025-09-19T09:47:13.985+0000] {dagbag.py:541} INFO - Filling up the DagBag from /home/airflow/.local/lib/python3.7/site-packages/airflow/example_dags/tutorial.py
[2025-09-19T09:47:13.992+0000] {processor.py:836} INFO - DAG(s) dict_keys(['tutorial']) retrieved from /home/airflow/.local/lib/python3.7/site-packages/airflow/example_dags/tutorial.py
[2025-09-19T09:47:14.019+0000] {logging_mixin.py:149} INFO - [2025-09-19T09:47:14.018+0000] {dag.py:2726} INFO - Sync 1 DAGs
[2025-09-19T09:47:14.051+0000] {logging_mixin.py:149} INFO - [2025-09-19T09:47:14.051+0000] {dag.py:3490} INFO - Setting next_dagrun for tutorial to 2025-09-18T09:47:14.050969+00:00, run_after=2025-09-19T09:47:14.050969+00:00
[2025-09-19T09:47:14.077+0000] {processor.py:179} INFO - Processing /home/airflow/.local/lib/python3.7/site-packages/airflow/example_dags/tutorial.py took 0.096 seconds
[2025-09-19T09:47:44.793+0000] {processor.py:157} INFO - Started process (PID=16824) to work on /home/airflow/.local/lib/python3.7/site-packages/airflow/example_dags/tutorial.py
[2025-09-19T09:47:44.795+0000] {processor.py:826} INFO - Processing file /home/airflow/.local/lib/python3.7/site-packages/airflow/example_dags/tutorial.py for tasks to queue
[2025-09-19T09:47:44.796+0000] {logging_mixin.py:149} INFO - [2025-09-19T09:47:44.796+0000] {dagbag.py:541} INFO - Filling up the DagBag from /home/airflow/.local/lib/python3.7/site-packages/airflow/example_dags/tutorial.py
[2025-09-19T09:47:44.803+0000] {processor.py:836} INFO - DAG(s) dict_keys(['tutorial']) retrieved from /home/airflow/.local/lib/python3.7/site-packages/airflow/example_dags/tutorial.py
[2025-09-19T09:47:44.832+0000] {logging_mixin.py:149} INFO - [2025-09-19T09:47:44.832+0000] {dag.py:2726} INFO - Sync 1 DAGs
[2025-09-19T09:47:44.860+0000] {logging_mixin.py:149} INFO - [2025-09-19T09:47:44.860+0000] {dag.py:3490} INFO - Setting next_dagrun for tutorial to 2025-09-18T09:47:44.860605+00:00, run_after=2025-09-19T09:47:44.860605+00:00
[2025-09-19T09:47:44.888+0000] {processor.py:179} INFO - Processing /home/airflow/.local/lib/python3.7/site-packages/airflow/example_dags/tutorial.py took 0.098 seconds
[2025-09-19T10:02:32.655+0000] {processor.py:157} INFO - Started process (PID=17113) to work on /home/airflow/.local/lib/python3.7/site-packages/airflow/example_dags/tutorial.py
[2025-09-19T10:02:32.658+0000] {processor.py:826} INFO - Processing file /home/airflow/.local/lib/python3.7/site-packages/airflow/example_dags/tutorial.py for tasks to queue
[2025-09-19T10:02:32.661+0000] {logging_mixin.py:149} INFO - [2025-09-19T10:02:32.661+0000] {dagbag.py:541} INFO - Filling up the DagBag from /home/airflow/.local/lib/python3.7/site-packages/airflow/example_dags/tutorial.py
[2025-09-19T10:02:32.676+0000] {processor.py:836} INFO - DAG(s) dict_keys(['tutorial']) retrieved from /home/airflow/.local/lib/python3.7/site-packages/airflow/example_dags/tutorial.py
[2025-09-19T10:02:32.733+0000] {logging_mixin.py:149} INFO - [2025-09-19T10:02:32.733+0000] {dag.py:2726} INFO - Sync 1 DAGs
[2025-09-19T10:02:32.795+0000] {logging_mixin.py:149} INFO - [2025-09-19T10:02:32.795+0000] {dag.py:3490} INFO - Setting next_dagrun for tutorial to 2025-09-18T10:02:32.794272+00:00, run_after=2025-09-19T10:02:32.794272+00:00
[2025-09-19T10:02:32.834+0000] {processor.py:179} INFO - Processing /home/airflow/.local/lib/python3.7/site-packages/airflow/example_dags/tutorial.py took 0.185 seconds
[2025-09-19T10:03:03.689+0000] {processor.py:157} INFO - Started process (PID=17396) to work on /home/airflow/.local/lib/python3.7/site-packages/airflow/example_dags/tutorial.py
[2025-09-19T10:03:03.689+0000] {processor.py:826} INFO - Processing file /home/airflow/.local/lib/python3.7/site-packages/airflow/example_dags/tutorial.py for tasks to queue
[2025-09-19T10:03:03.690+0000] {logging_mixin.py:149} INFO - [2025-09-19T10:03:03.690+0000] {dagbag.py:541} INFO - Filling up the DagBag from /home/airflow/.local/lib/python3.7/site-packages/airflow/example_dags/tutorial.py
[2025-09-19T10:03:03.697+0000] {processor.py:836} INFO - DAG(s) dict_keys(['tutorial']) retrieved from /home/airflow/.local/lib/python3.7/site-packages/airflow/example_dags/tutorial.py
[2025-09-19T10:03:03.735+0000] {logging_mixin.py:149} INFO - [2025-09-19T10:03:03.735+0000] {dag.py:2726} INFO - Sync 1 DAGs
[2025-09-19T10:03:03.777+0000] {logging_mixin.py:149} INFO - [2025-09-19T10:03:03.777+0000] {dag.py:3490} INFO - Setting next_dagrun for tutorial to 2025-09-18T10:03:03.776988+00:00, run_after=2025-09-19T10:03:03.776988+00:00
[2025-09-19T10:03:03.808+0000] {processor.py:179} INFO - Processing /home/airflow/.local/lib/python3.7/site-packages/airflow/example_dags/tutorial.py took 0.123 seconds
[2025-09-19T10:18:56.427+0000] {processor.py:157} INFO - Started process (PID=17560) to work on /home/airflow/.local/lib/python3.7/site-packages/airflow/example_dags/tutorial.py
[2025-09-19T10:18:56.430+0000] {processor.py:826} INFO - Processing file /home/airflow/.local/lib/python3.7/site-packages/airflow/example_dags/tutorial.py for tasks to queue
[2025-09-19T10:18:56.434+0000] {logging_mixin.py:149} INFO - [2025-09-19T10:18:56.434+0000] {dagbag.py:541} INFO - Filling up the DagBag from /home/airflow/.local/lib/python3.7/site-packages/airflow/example_dags/tutorial.py
[2025-09-19T10:18:56.445+0000] {processor.py:836} INFO - DAG(s) dict_keys(['tutorial']) retrieved from /home/airflow/.local/lib/python3.7/site-packages/airflow/example_dags/tutorial.py
[2025-09-19T10:18:56.489+0000] {logging_mixin.py:149} INFO - [2025-09-19T10:18:56.489+0000] {dag.py:2726} INFO - Sync 1 DAGs
[2025-09-19T10:18:56.523+0000] {logging_mixin.py:149} INFO - [2025-09-19T10:18:56.522+0000] {dag.py:3490} INFO - Setting next_dagrun for tutorial to 2025-09-18T10:18:56.522457+00:00, run_after=2025-09-19T10:18:56.522457+00:00
[2025-09-19T10:18:56.553+0000] {processor.py:179} INFO - Processing /home/airflow/.local/lib/python3.7/site-packages/airflow/example_dags/tutorial.py took 0.130 seconds
[2025-09-19T10:24:39.283+0000] {processor.py:157} INFO - Started process (PID=17821) to work on /home/airflow/.local/lib/python3.7/site-packages/airflow/example_dags/tutorial.py
[2025-09-19T10:24:39.285+0000] {processor.py:826} INFO - Processing file /home/airflow/.local/lib/python3.7/site-packages/airflow/example_dags/tutorial.py for tasks to queue
[2025-09-19T10:24:39.288+0000] {logging_mixin.py:149} INFO - [2025-09-19T10:24:39.288+0000] {dagbag.py:541} INFO - Filling up the DagBag from /home/airflow/.local/lib/python3.7/site-packages/airflow/example_dags/tutorial.py
[2025-09-19T10:24:39.302+0000] {processor.py:836} INFO - DAG(s) dict_keys(['tutorial']) retrieved from /home/airflow/.local/lib/python3.7/site-packages/airflow/example_dags/tutorial.py
[2025-09-19T10:24:39.346+0000] {logging_mixin.py:149} INFO - [2025-09-19T10:24:39.346+0000] {dag.py:2726} INFO - Sync 1 DAGs
[2025-09-19T10:24:39.389+0000] {logging_mixin.py:149} INFO - [2025-09-19T10:24:39.388+0000] {dag.py:3490} INFO - Setting next_dagrun for tutorial to 2025-09-18T10:24:39.388709+00:00, run_after=2025-09-19T10:24:39.388709+00:00
[2025-09-19T10:24:39.420+0000] {processor.py:179} INFO - Processing /home/airflow/.local/lib/python3.7/site-packages/airflow/example_dags/tutorial.py took 0.142 seconds
[2025-09-19T10:26:33.034+0000] {processor.py:157} INFO - Started process (PID=18102) to work on /home/airflow/.local/lib/python3.7/site-packages/airflow/example_dags/tutorial.py
[2025-09-19T10:26:33.035+0000] {processor.py:826} INFO - Processing file /home/airflow/.local/lib/python3.7/site-packages/airflow/example_dags/tutorial.py for tasks to queue
[2025-09-19T10:26:33.037+0000] {logging_mixin.py:149} INFO - [2025-09-19T10:26:33.037+0000] {dagbag.py:541} INFO - Filling up the DagBag from /home/airflow/.local/lib/python3.7/site-packages/airflow/example_dags/tutorial.py
[2025-09-19T10:26:33.048+0000] {processor.py:836} INFO - DAG(s) dict_keys(['tutorial']) retrieved from /home/airflow/.local/lib/python3.7/site-packages/airflow/example_dags/tutorial.py
[2025-09-19T10:26:33.086+0000] {logging_mixin.py:149} INFO - [2025-09-19T10:26:33.086+0000] {dag.py:2726} INFO - Sync 1 DAGs
[2025-09-19T10:26:33.132+0000] {logging_mixin.py:149} INFO - [2025-09-19T10:26:33.132+0000] {dag.py:3490} INFO - Setting next_dagrun for tutorial to 2025-09-18T10:26:33.131956+00:00, run_after=2025-09-19T10:26:33.131956+00:00
[2025-09-19T10:26:33.172+0000] {processor.py:179} INFO - Processing /home/airflow/.local/lib/python3.7/site-packages/airflow/example_dags/tutorial.py took 0.143 seconds
[2025-09-19T10:27:31.057+0000] {processor.py:157} INFO - Started process (PID=18384) to work on /home/airflow/.local/lib/python3.7/site-packages/airflow/example_dags/tutorial.py
[2025-09-19T10:27:31.073+0000] {processor.py:826} INFO - Processing file /home/airflow/.local/lib/python3.7/site-packages/airflow/example_dags/tutorial.py for tasks to queue
[2025-09-19T10:27:31.096+0000] {logging_mixin.py:149} INFO - [2025-09-19T10:27:31.095+0000] {dagbag.py:541} INFO - Filling up the DagBag from /home/airflow/.local/lib/python3.7/site-packages/airflow/example_dags/tutorial.py
[2025-09-19T10:27:31.211+0000] {processor.py:836} INFO - DAG(s) dict_keys(['tutorial']) retrieved from /home/airflow/.local/lib/python3.7/site-packages/airflow/example_dags/tutorial.py
[2025-09-19T10:27:31.553+0000] {logging_mixin.py:149} INFO - [2025-09-19T10:27:31.552+0000] {dag.py:2726} INFO - Sync 1 DAGs
[2025-09-19T10:27:31.978+0000] {logging_mixin.py:149} INFO - [2025-09-19T10:27:31.959+0000] {dag.py:3490} INFO - Setting next_dagrun for tutorial to 2025-09-18T10:27:31.957794+00:00, run_after=2025-09-19T10:27:31.957794+00:00
[2025-09-19T10:27:32.284+0000] {processor.py:179} INFO - Processing /home/airflow/.local/lib/python3.7/site-packages/airflow/example_dags/tutorial.py took 1.286 seconds
[2025-09-19T10:42:20.102+0000] {processor.py:157} INFO - Started process (PID=18679) to work on /home/airflow/.local/lib/python3.7/site-packages/airflow/example_dags/tutorial.py
[2025-09-19T10:42:20.103+0000] {processor.py:826} INFO - Processing file /home/airflow/.local/lib/python3.7/site-packages/airflow/example_dags/tutorial.py for tasks to queue
[2025-09-19T10:42:20.107+0000] {logging_mixin.py:149} INFO - [2025-09-19T10:42:20.107+0000] {dagbag.py:541} INFO - Filling up the DagBag from /home/airflow/.local/lib/python3.7/site-packages/airflow/example_dags/tutorial.py
[2025-09-19T10:42:20.126+0000] {processor.py:836} INFO - DAG(s) dict_keys(['tutorial']) retrieved from /home/airflow/.local/lib/python3.7/site-packages/airflow/example_dags/tutorial.py
[2025-09-19T10:42:20.190+0000] {logging_mixin.py:149} INFO - [2025-09-19T10:42:20.189+0000] {dag.py:2726} INFO - Sync 1 DAGs
[2025-09-19T10:42:20.256+0000] {logging_mixin.py:149} INFO - [2025-09-19T10:42:20.256+0000] {dag.py:3490} INFO - Setting next_dagrun for tutorial to 2025-09-18T10:42:20.255674+00:00, run_after=2025-09-19T10:42:20.255674+00:00
[2025-09-19T10:42:20.306+0000] {processor.py:179} INFO - Processing /home/airflow/.local/lib/python3.7/site-packages/airflow/example_dags/tutorial.py took 0.210 seconds
[2025-09-19T10:43:18.094+0000] {processor.py:157} INFO - Started process (PID=18960) to work on /home/airflow/.local/lib/python3.7/site-packages/airflow/example_dags/tutorial.py
[2025-09-19T10:43:18.101+0000] {processor.py:826} INFO - Processing file /home/airflow/.local/lib/python3.7/site-packages/airflow/example_dags/tutorial.py for tasks to queue
[2025-09-19T10:43:18.114+0000] {logging_mixin.py:149} INFO - [2025-09-19T10:43:18.113+0000] {dagbag.py:541} INFO - Filling up the DagBag from /home/airflow/.local/lib/python3.7/site-packages/airflow/example_dags/tutorial.py
[2025-09-19T10:43:18.189+0000] {processor.py:836} INFO - DAG(s) dict_keys(['tutorial']) retrieved from /home/airflow/.local/lib/python3.7/site-packages/airflow/example_dags/tutorial.py
[2025-09-19T10:43:18.507+0000] {logging_mixin.py:149} INFO - [2025-09-19T10:43:18.506+0000] {dag.py:2726} INFO - Sync 1 DAGs
[2025-09-19T10:43:18.850+0000] {logging_mixin.py:149} INFO - [2025-09-19T10:43:18.849+0000] {dag.py:3490} INFO - Setting next_dagrun for tutorial to 2025-09-18T10:43:18.846638+00:00, run_after=2025-09-19T10:43:18.846638+00:00
[2025-09-19T10:43:19.066+0000] {processor.py:179} INFO - Processing /home/airflow/.local/lib/python3.7/site-packages/airflow/example_dags/tutorial.py took 1.082 seconds
[2025-09-19T10:43:49.795+0000] {processor.py:157} INFO - Started process (PID=19242) to work on /home/airflow/.local/lib/python3.7/site-packages/airflow/example_dags/tutorial.py
[2025-09-19T10:43:49.797+0000] {processor.py:826} INFO - Processing file /home/airflow/.local/lib/python3.7/site-packages/airflow/example_dags/tutorial.py for tasks to queue
[2025-09-19T10:43:49.800+0000] {logging_mixin.py:149} INFO - [2025-09-19T10:43:49.799+0000] {dagbag.py:541} INFO - Filling up the DagBag from /home/airflow/.local/lib/python3.7/site-packages/airflow/example_dags/tutorial.py
[2025-09-19T10:43:49.817+0000] {processor.py:836} INFO - DAG(s) dict_keys(['tutorial']) retrieved from /home/airflow/.local/lib/python3.7/site-packages/airflow/example_dags/tutorial.py
[2025-09-19T10:43:49.951+0000] {logging_mixin.py:149} INFO - [2025-09-19T10:43:49.951+0000] {dag.py:2726} INFO - Sync 1 DAGs
[2025-09-19T10:43:50.265+0000] {logging_mixin.py:149} INFO - [2025-09-19T10:43:50.264+0000] {dag.py:3490} INFO - Setting next_dagrun for tutorial to 2025-09-18T10:43:50.264017+00:00, run_after=2025-09-19T10:43:50.264017+00:00
[2025-09-19T10:43:50.348+0000] {processor.py:179} INFO - Processing /home/airflow/.local/lib/python3.7/site-packages/airflow/example_dags/tutorial.py took 0.563 seconds
[2025-09-19T10:44:20.927+0000] {processor.py:157} INFO - Started process (PID=19530) to work on /home/airflow/.local/lib/python3.7/site-packages/airflow/example_dags/tutorial.py
[2025-09-19T10:44:20.928+0000] {processor.py:826} INFO - Processing file /home/airflow/.local/lib/python3.7/site-packages/airflow/example_dags/tutorial.py for tasks to queue
[2025-09-19T10:44:20.929+0000] {logging_mixin.py:149} INFO - [2025-09-19T10:44:20.929+0000] {dagbag.py:541} INFO - Filling up the DagBag from /home/airflow/.local/lib/python3.7/site-packages/airflow/example_dags/tutorial.py
[2025-09-19T10:44:20.937+0000] {processor.py:836} INFO - DAG(s) dict_keys(['tutorial']) retrieved from /home/airflow/.local/lib/python3.7/site-packages/airflow/example_dags/tutorial.py
[2025-09-19T10:44:20.974+0000] {logging_mixin.py:149} INFO - [2025-09-19T10:44:20.974+0000] {dag.py:2726} INFO - Sync 1 DAGs
[2025-09-19T10:44:21.007+0000] {logging_mixin.py:149} INFO - [2025-09-19T10:44:21.006+0000] {dag.py:3490} INFO - Setting next_dagrun for tutorial to 2025-09-18T10:44:21.006618+00:00, run_after=2025-09-19T10:44:21.006618+00:00
[2025-09-19T10:44:21.047+0000] {processor.py:179} INFO - Processing /home/airflow/.local/lib/python3.7/site-packages/airflow/example_dags/tutorial.py took 0.124 seconds
