[2025-09-04T10:10:07.940+0000] {processor.py:157} INFO - Started process (PID=256) to work on /home/airflow/.local/lib/python3.7/site-packages/airflow/example_dags/example_setup_teardown.py
[2025-09-04T10:10:07.941+0000] {processor.py:826} INFO - Processing file /home/airflow/.local/lib/python3.7/site-packages/airflow/example_dags/example_setup_teardown.py for tasks to queue
[2025-09-04T10:10:07.942+0000] {logging_mixin.py:149} INFO - [2025-09-04T10:10:07.942+0000] {dagbag.py:541} INFO - Filling up the DagBag from /home/airflow/.local/lib/python3.7/site-packages/airflow/example_dags/example_setup_teardown.py
[2025-09-04T10:10:07.945+0000] {processor.py:838} WARNING - No viable dags retrieved from /home/airflow/.local/lib/python3.7/site-packages/airflow/example_dags/example_setup_teardown.py
[2025-09-04T10:10:07.966+0000] {processor.py:179} INFO - Processing /home/airflow/.local/lib/python3.7/site-packages/airflow/example_dags/example_setup_teardown.py took 0.031 seconds
[2025-09-04T10:10:38.108+0000] {processor.py:157} INFO - Started process (PID=501) to work on /home/airflow/.local/lib/python3.7/site-packages/airflow/example_dags/example_setup_teardown.py
[2025-09-04T10:10:38.109+0000] {processor.py:826} INFO - Processing file /home/airflow/.local/lib/python3.7/site-packages/airflow/example_dags/example_setup_teardown.py for tasks to queue
[2025-09-04T10:10:38.110+0000] {logging_mixin.py:149} INFO - [2025-09-04T10:10:38.110+0000] {dagbag.py:541} INFO - Filling up the DagBag from /home/airflow/.local/lib/python3.7/site-packages/airflow/example_dags/example_setup_teardown.py
[2025-09-04T10:10:38.112+0000] {processor.py:838} WARNING - No viable dags retrieved from /home/airflow/.local/lib/python3.7/site-packages/airflow/example_dags/example_setup_teardown.py
[2025-09-04T10:10:38.127+0000] {processor.py:179} INFO - Processing /home/airflow/.local/lib/python3.7/site-packages/airflow/example_dags/example_setup_teardown.py took 0.022 seconds
[2025-09-04T10:11:08.279+0000] {processor.py:157} INFO - Started process (PID=746) to work on /home/airflow/.local/lib/python3.7/site-packages/airflow/example_dags/example_setup_teardown.py
[2025-09-04T10:11:08.280+0000] {processor.py:826} INFO - Processing file /home/airflow/.local/lib/python3.7/site-packages/airflow/example_dags/example_setup_teardown.py for tasks to queue
[2025-09-04T10:11:08.281+0000] {logging_mixin.py:149} INFO - [2025-09-04T10:11:08.281+0000] {dagbag.py:541} INFO - Filling up the DagBag from /home/airflow/.local/lib/python3.7/site-packages/airflow/example_dags/example_setup_teardown.py
[2025-09-04T10:11:08.284+0000] {processor.py:838} WARNING - No viable dags retrieved from /home/airflow/.local/lib/python3.7/site-packages/airflow/example_dags/example_setup_teardown.py
[2025-09-04T10:11:08.299+0000] {processor.py:179} INFO - Processing /home/airflow/.local/lib/python3.7/site-packages/airflow/example_dags/example_setup_teardown.py took 0.023 seconds
[2025-09-04T10:11:38.406+0000] {processor.py:157} INFO - Started process (PID=986) to work on /home/airflow/.local/lib/python3.7/site-packages/airflow/example_dags/example_setup_teardown.py
[2025-09-04T10:11:38.407+0000] {processor.py:826} INFO - Processing file /home/airflow/.local/lib/python3.7/site-packages/airflow/example_dags/example_setup_teardown.py for tasks to queue
[2025-09-04T10:11:38.408+0000] {logging_mixin.py:149} INFO - [2025-09-04T10:11:38.408+0000] {dagbag.py:541} INFO - Filling up the DagBag from /home/airflow/.local/lib/python3.7/site-packages/airflow/example_dags/example_setup_teardown.py
[2025-09-04T10:11:38.410+0000] {processor.py:838} WARNING - No viable dags retrieved from /home/airflow/.local/lib/python3.7/site-packages/airflow/example_dags/example_setup_teardown.py
[2025-09-04T10:11:38.424+0000] {processor.py:179} INFO - Processing /home/airflow/.local/lib/python3.7/site-packages/airflow/example_dags/example_setup_teardown.py took 0.022 seconds
[2025-09-04T10:12:09.184+0000] {processor.py:157} INFO - Started process (PID=1236) to work on /home/airflow/.local/lib/python3.7/site-packages/airflow/example_dags/example_setup_teardown.py
[2025-09-04T10:12:09.185+0000] {processor.py:826} INFO - Processing file /home/airflow/.local/lib/python3.7/site-packages/airflow/example_dags/example_setup_teardown.py for tasks to queue
[2025-09-04T10:12:09.186+0000] {logging_mixin.py:149} INFO - [2025-09-04T10:12:09.186+0000] {dagbag.py:541} INFO - Filling up the DagBag from /home/airflow/.local/lib/python3.7/site-packages/airflow/example_dags/example_setup_teardown.py
[2025-09-04T10:12:09.188+0000] {processor.py:838} WARNING - No viable dags retrieved from /home/airflow/.local/lib/python3.7/site-packages/airflow/example_dags/example_setup_teardown.py
[2025-09-04T10:12:09.202+0000] {processor.py:179} INFO - Processing /home/airflow/.local/lib/python3.7/site-packages/airflow/example_dags/example_setup_teardown.py took 0.021 seconds
[2025-09-04T10:12:39.530+0000] {processor.py:157} INFO - Started process (PID=1481) to work on /home/airflow/.local/lib/python3.7/site-packages/airflow/example_dags/example_setup_teardown.py
[2025-09-04T10:12:39.531+0000] {processor.py:826} INFO - Processing file /home/airflow/.local/lib/python3.7/site-packages/airflow/example_dags/example_setup_teardown.py for tasks to queue
[2025-09-04T10:12:39.531+0000] {logging_mixin.py:149} INFO - [2025-09-04T10:12:39.531+0000] {dagbag.py:541} INFO - Filling up the DagBag from /home/airflow/.local/lib/python3.7/site-packages/airflow/example_dags/example_setup_teardown.py
[2025-09-04T10:12:39.533+0000] {processor.py:838} WARNING - No viable dags retrieved from /home/airflow/.local/lib/python3.7/site-packages/airflow/example_dags/example_setup_teardown.py
[2025-09-04T10:12:39.549+0000] {processor.py:179} INFO - Processing /home/airflow/.local/lib/python3.7/site-packages/airflow/example_dags/example_setup_teardown.py took 0.023 seconds
[2025-09-04T10:13:09.815+0000] {processor.py:157} INFO - Started process (PID=1726) to work on /home/airflow/.local/lib/python3.7/site-packages/airflow/example_dags/example_setup_teardown.py
[2025-09-04T10:13:09.816+0000] {processor.py:826} INFO - Processing file /home/airflow/.local/lib/python3.7/site-packages/airflow/example_dags/example_setup_teardown.py for tasks to queue
[2025-09-04T10:13:09.817+0000] {logging_mixin.py:149} INFO - [2025-09-04T10:13:09.817+0000] {dagbag.py:541} INFO - Filling up the DagBag from /home/airflow/.local/lib/python3.7/site-packages/airflow/example_dags/example_setup_teardown.py
[2025-09-04T10:13:09.819+0000] {processor.py:838} WARNING - No viable dags retrieved from /home/airflow/.local/lib/python3.7/site-packages/airflow/example_dags/example_setup_teardown.py
[2025-09-04T10:13:09.834+0000] {processor.py:179} INFO - Processing /home/airflow/.local/lib/python3.7/site-packages/airflow/example_dags/example_setup_teardown.py took 0.022 seconds
[2025-09-04T10:13:40.138+0000] {processor.py:157} INFO - Started process (PID=1971) to work on /home/airflow/.local/lib/python3.7/site-packages/airflow/example_dags/example_setup_teardown.py
[2025-09-04T10:13:40.140+0000] {processor.py:826} INFO - Processing file /home/airflow/.local/lib/python3.7/site-packages/airflow/example_dags/example_setup_teardown.py for tasks to queue
[2025-09-04T10:13:40.141+0000] {logging_mixin.py:149} INFO - [2025-09-04T10:13:40.141+0000] {dagbag.py:541} INFO - Filling up the DagBag from /home/airflow/.local/lib/python3.7/site-packages/airflow/example_dags/example_setup_teardown.py
[2025-09-04T10:13:40.143+0000] {processor.py:838} WARNING - No viable dags retrieved from /home/airflow/.local/lib/python3.7/site-packages/airflow/example_dags/example_setup_teardown.py
[2025-09-04T10:13:40.166+0000] {processor.py:179} INFO - Processing /home/airflow/.local/lib/python3.7/site-packages/airflow/example_dags/example_setup_teardown.py took 0.032 seconds
[2025-09-04T10:14:10.611+0000] {processor.py:157} INFO - Started process (PID=2216) to work on /home/airflow/.local/lib/python3.7/site-packages/airflow/example_dags/example_setup_teardown.py
[2025-09-04T10:14:10.612+0000] {processor.py:826} INFO - Processing file /home/airflow/.local/lib/python3.7/site-packages/airflow/example_dags/example_setup_teardown.py for tasks to queue
[2025-09-04T10:14:10.613+0000] {logging_mixin.py:149} INFO - [2025-09-04T10:14:10.613+0000] {dagbag.py:541} INFO - Filling up the DagBag from /home/airflow/.local/lib/python3.7/site-packages/airflow/example_dags/example_setup_teardown.py
[2025-09-04T10:14:10.615+0000] {processor.py:838} WARNING - No viable dags retrieved from /home/airflow/.local/lib/python3.7/site-packages/airflow/example_dags/example_setup_teardown.py
[2025-09-04T10:14:10.630+0000] {processor.py:179} INFO - Processing /home/airflow/.local/lib/python3.7/site-packages/airflow/example_dags/example_setup_teardown.py took 0.022 seconds
[2025-09-04T10:14:50.347+0000] {processor.py:157} INFO - Started process (PID=2463) to work on /home/airflow/.local/lib/python3.7/site-packages/airflow/example_dags/example_setup_teardown.py
[2025-09-04T10:14:50.349+0000] {processor.py:826} INFO - Processing file /home/airflow/.local/lib/python3.7/site-packages/airflow/example_dags/example_setup_teardown.py for tasks to queue
[2025-09-04T10:14:50.350+0000] {logging_mixin.py:149} INFO - [2025-09-04T10:14:50.350+0000] {dagbag.py:541} INFO - Filling up the DagBag from /home/airflow/.local/lib/python3.7/site-packages/airflow/example_dags/example_setup_teardown.py
[2025-09-04T10:14:50.353+0000] {processor.py:838} WARNING - No viable dags retrieved from /home/airflow/.local/lib/python3.7/site-packages/airflow/example_dags/example_setup_teardown.py
[2025-09-04T10:14:50.381+0000] {processor.py:179} INFO - Processing /home/airflow/.local/lib/python3.7/site-packages/airflow/example_dags/example_setup_teardown.py took 0.040 seconds
[2025-09-04T10:15:20.647+0000] {processor.py:157} INFO - Started process (PID=2706) to work on /home/airflow/.local/lib/python3.7/site-packages/airflow/example_dags/example_setup_teardown.py
[2025-09-04T10:15:20.647+0000] {processor.py:826} INFO - Processing file /home/airflow/.local/lib/python3.7/site-packages/airflow/example_dags/example_setup_teardown.py for tasks to queue
[2025-09-04T10:15:20.649+0000] {logging_mixin.py:149} INFO - [2025-09-04T10:15:20.649+0000] {dagbag.py:541} INFO - Filling up the DagBag from /home/airflow/.local/lib/python3.7/site-packages/airflow/example_dags/example_setup_teardown.py
[2025-09-04T10:15:20.651+0000] {processor.py:838} WARNING - No viable dags retrieved from /home/airflow/.local/lib/python3.7/site-packages/airflow/example_dags/example_setup_teardown.py
[2025-09-04T10:15:20.667+0000] {processor.py:179} INFO - Processing /home/airflow/.local/lib/python3.7/site-packages/airflow/example_dags/example_setup_teardown.py took 0.024 seconds
[2025-09-04T10:15:51.237+0000] {processor.py:157} INFO - Started process (PID=2951) to work on /home/airflow/.local/lib/python3.7/site-packages/airflow/example_dags/example_setup_teardown.py
[2025-09-04T10:15:51.238+0000] {processor.py:826} INFO - Processing file /home/airflow/.local/lib/python3.7/site-packages/airflow/example_dags/example_setup_teardown.py for tasks to queue
[2025-09-04T10:15:51.239+0000] {logging_mixin.py:149} INFO - [2025-09-04T10:15:51.239+0000] {dagbag.py:541} INFO - Filling up the DagBag from /home/airflow/.local/lib/python3.7/site-packages/airflow/example_dags/example_setup_teardown.py
[2025-09-04T10:15:51.242+0000] {processor.py:838} WARNING - No viable dags retrieved from /home/airflow/.local/lib/python3.7/site-packages/airflow/example_dags/example_setup_teardown.py
[2025-09-04T10:15:51.262+0000] {processor.py:179} INFO - Processing /home/airflow/.local/lib/python3.7/site-packages/airflow/example_dags/example_setup_teardown.py took 0.029 seconds
[2025-09-04T10:16:21.828+0000] {processor.py:157} INFO - Started process (PID=3196) to work on /home/airflow/.local/lib/python3.7/site-packages/airflow/example_dags/example_setup_teardown.py
[2025-09-04T10:16:21.830+0000] {processor.py:826} INFO - Processing file /home/airflow/.local/lib/python3.7/site-packages/airflow/example_dags/example_setup_teardown.py for tasks to queue
[2025-09-04T10:16:21.831+0000] {logging_mixin.py:149} INFO - [2025-09-04T10:16:21.831+0000] {dagbag.py:541} INFO - Filling up the DagBag from /home/airflow/.local/lib/python3.7/site-packages/airflow/example_dags/example_setup_teardown.py
[2025-09-04T10:16:21.833+0000] {processor.py:838} WARNING - No viable dags retrieved from /home/airflow/.local/lib/python3.7/site-packages/airflow/example_dags/example_setup_teardown.py
[2025-09-04T10:16:21.862+0000] {processor.py:179} INFO - Processing /home/airflow/.local/lib/python3.7/site-packages/airflow/example_dags/example_setup_teardown.py took 0.040 seconds
[2025-09-04T10:16:52.309+0000] {processor.py:157} INFO - Started process (PID=3441) to work on /home/airflow/.local/lib/python3.7/site-packages/airflow/example_dags/example_setup_teardown.py
[2025-09-04T10:16:52.310+0000] {processor.py:826} INFO - Processing file /home/airflow/.local/lib/python3.7/site-packages/airflow/example_dags/example_setup_teardown.py for tasks to queue
[2025-09-04T10:16:52.311+0000] {logging_mixin.py:149} INFO - [2025-09-04T10:16:52.310+0000] {dagbag.py:541} INFO - Filling up the DagBag from /home/airflow/.local/lib/python3.7/site-packages/airflow/example_dags/example_setup_teardown.py
[2025-09-04T10:16:52.312+0000] {processor.py:838} WARNING - No viable dags retrieved from /home/airflow/.local/lib/python3.7/site-packages/airflow/example_dags/example_setup_teardown.py
[2025-09-04T10:16:52.328+0000] {processor.py:179} INFO - Processing /home/airflow/.local/lib/python3.7/site-packages/airflow/example_dags/example_setup_teardown.py took 0.022 seconds
[2025-09-04T10:17:22.468+0000] {processor.py:157} INFO - Started process (PID=3686) to work on /home/airflow/.local/lib/python3.7/site-packages/airflow/example_dags/example_setup_teardown.py
[2025-09-04T10:17:22.468+0000] {processor.py:826} INFO - Processing file /home/airflow/.local/lib/python3.7/site-packages/airflow/example_dags/example_setup_teardown.py for tasks to queue
[2025-09-04T10:17:22.469+0000] {logging_mixin.py:149} INFO - [2025-09-04T10:17:22.469+0000] {dagbag.py:541} INFO - Filling up the DagBag from /home/airflow/.local/lib/python3.7/site-packages/airflow/example_dags/example_setup_teardown.py
[2025-09-04T10:17:22.471+0000] {processor.py:838} WARNING - No viable dags retrieved from /home/airflow/.local/lib/python3.7/site-packages/airflow/example_dags/example_setup_teardown.py
[2025-09-04T10:17:22.486+0000] {processor.py:179} INFO - Processing /home/airflow/.local/lib/python3.7/site-packages/airflow/example_dags/example_setup_teardown.py took 0.022 seconds
[2025-09-04T10:17:53.424+0000] {processor.py:157} INFO - Started process (PID=3931) to work on /home/airflow/.local/lib/python3.7/site-packages/airflow/example_dags/example_setup_teardown.py
[2025-09-04T10:17:53.425+0000] {processor.py:826} INFO - Processing file /home/airflow/.local/lib/python3.7/site-packages/airflow/example_dags/example_setup_teardown.py for tasks to queue
[2025-09-04T10:17:53.427+0000] {logging_mixin.py:149} INFO - [2025-09-04T10:17:53.426+0000] {dagbag.py:541} INFO - Filling up the DagBag from /home/airflow/.local/lib/python3.7/site-packages/airflow/example_dags/example_setup_teardown.py
[2025-09-04T10:17:53.428+0000] {processor.py:838} WARNING - No viable dags retrieved from /home/airflow/.local/lib/python3.7/site-packages/airflow/example_dags/example_setup_teardown.py
[2025-09-04T10:17:53.444+0000] {processor.py:179} INFO - Processing /home/airflow/.local/lib/python3.7/site-packages/airflow/example_dags/example_setup_teardown.py took 0.023 seconds
[2025-09-04T10:18:24.389+0000] {processor.py:157} INFO - Started process (PID=4176) to work on /home/airflow/.local/lib/python3.7/site-packages/airflow/example_dags/example_setup_teardown.py
[2025-09-04T10:18:24.390+0000] {processor.py:826} INFO - Processing file /home/airflow/.local/lib/python3.7/site-packages/airflow/example_dags/example_setup_teardown.py for tasks to queue
[2025-09-04T10:18:24.391+0000] {logging_mixin.py:149} INFO - [2025-09-04T10:18:24.391+0000] {dagbag.py:541} INFO - Filling up the DagBag from /home/airflow/.local/lib/python3.7/site-packages/airflow/example_dags/example_setup_teardown.py
[2025-09-04T10:18:24.393+0000] {processor.py:838} WARNING - No viable dags retrieved from /home/airflow/.local/lib/python3.7/site-packages/airflow/example_dags/example_setup_teardown.py
[2025-09-04T10:18:24.409+0000] {processor.py:179} INFO - Processing /home/airflow/.local/lib/python3.7/site-packages/airflow/example_dags/example_setup_teardown.py took 0.024 seconds
[2025-09-04T10:18:54.736+0000] {processor.py:157} INFO - Started process (PID=4421) to work on /home/airflow/.local/lib/python3.7/site-packages/airflow/example_dags/example_setup_teardown.py
[2025-09-04T10:18:54.738+0000] {processor.py:826} INFO - Processing file /home/airflow/.local/lib/python3.7/site-packages/airflow/example_dags/example_setup_teardown.py for tasks to queue
[2025-09-04T10:18:54.739+0000] {logging_mixin.py:149} INFO - [2025-09-04T10:18:54.738+0000] {dagbag.py:541} INFO - Filling up the DagBag from /home/airflow/.local/lib/python3.7/site-packages/airflow/example_dags/example_setup_teardown.py
[2025-09-04T10:18:54.741+0000] {processor.py:838} WARNING - No viable dags retrieved from /home/airflow/.local/lib/python3.7/site-packages/airflow/example_dags/example_setup_teardown.py
[2025-09-04T10:18:54.761+0000] {processor.py:179} INFO - Processing /home/airflow/.local/lib/python3.7/site-packages/airflow/example_dags/example_setup_teardown.py took 0.029 seconds
[2025-09-04T10:19:25.081+0000] {processor.py:157} INFO - Started process (PID=4666) to work on /home/airflow/.local/lib/python3.7/site-packages/airflow/example_dags/example_setup_teardown.py
[2025-09-04T10:19:25.082+0000] {processor.py:826} INFO - Processing file /home/airflow/.local/lib/python3.7/site-packages/airflow/example_dags/example_setup_teardown.py for tasks to queue
[2025-09-04T10:19:25.084+0000] {logging_mixin.py:149} INFO - [2025-09-04T10:19:25.084+0000] {dagbag.py:541} INFO - Filling up the DagBag from /home/airflow/.local/lib/python3.7/site-packages/airflow/example_dags/example_setup_teardown.py
[2025-09-04T10:19:25.087+0000] {processor.py:838} WARNING - No viable dags retrieved from /home/airflow/.local/lib/python3.7/site-packages/airflow/example_dags/example_setup_teardown.py
[2025-09-04T10:19:25.113+0000] {processor.py:179} INFO - Processing /home/airflow/.local/lib/python3.7/site-packages/airflow/example_dags/example_setup_teardown.py took 0.036 seconds
[2025-09-04T10:19:55.477+0000] {processor.py:157} INFO - Started process (PID=4911) to work on /home/airflow/.local/lib/python3.7/site-packages/airflow/example_dags/example_setup_teardown.py
[2025-09-04T10:19:55.478+0000] {processor.py:826} INFO - Processing file /home/airflow/.local/lib/python3.7/site-packages/airflow/example_dags/example_setup_teardown.py for tasks to queue
[2025-09-04T10:19:55.479+0000] {logging_mixin.py:149} INFO - [2025-09-04T10:19:55.478+0000] {dagbag.py:541} INFO - Filling up the DagBag from /home/airflow/.local/lib/python3.7/site-packages/airflow/example_dags/example_setup_teardown.py
[2025-09-04T10:19:55.481+0000] {processor.py:838} WARNING - No viable dags retrieved from /home/airflow/.local/lib/python3.7/site-packages/airflow/example_dags/example_setup_teardown.py
[2025-09-04T10:19:55.498+0000] {processor.py:179} INFO - Processing /home/airflow/.local/lib/python3.7/site-packages/airflow/example_dags/example_setup_teardown.py took 0.025 seconds
[2025-09-04T10:20:25.725+0000] {processor.py:157} INFO - Started process (PID=5156) to work on /home/airflow/.local/lib/python3.7/site-packages/airflow/example_dags/example_setup_teardown.py
[2025-09-04T10:20:25.726+0000] {processor.py:826} INFO - Processing file /home/airflow/.local/lib/python3.7/site-packages/airflow/example_dags/example_setup_teardown.py for tasks to queue
[2025-09-04T10:20:25.726+0000] {logging_mixin.py:149} INFO - [2025-09-04T10:20:25.726+0000] {dagbag.py:541} INFO - Filling up the DagBag from /home/airflow/.local/lib/python3.7/site-packages/airflow/example_dags/example_setup_teardown.py
[2025-09-04T10:20:25.728+0000] {processor.py:838} WARNING - No viable dags retrieved from /home/airflow/.local/lib/python3.7/site-packages/airflow/example_dags/example_setup_teardown.py
[2025-09-04T10:20:25.745+0000] {processor.py:179} INFO - Processing /home/airflow/.local/lib/python3.7/site-packages/airflow/example_dags/example_setup_teardown.py took 0.024 seconds
[2025-09-04T10:20:56.292+0000] {processor.py:157} INFO - Started process (PID=5401) to work on /home/airflow/.local/lib/python3.7/site-packages/airflow/example_dags/example_setup_teardown.py
[2025-09-04T10:20:56.294+0000] {processor.py:826} INFO - Processing file /home/airflow/.local/lib/python3.7/site-packages/airflow/example_dags/example_setup_teardown.py for tasks to queue
[2025-09-04T10:20:56.296+0000] {logging_mixin.py:149} INFO - [2025-09-04T10:20:56.295+0000] {dagbag.py:541} INFO - Filling up the DagBag from /home/airflow/.local/lib/python3.7/site-packages/airflow/example_dags/example_setup_teardown.py
[2025-09-04T10:20:56.302+0000] {processor.py:838} WARNING - No viable dags retrieved from /home/airflow/.local/lib/python3.7/site-packages/airflow/example_dags/example_setup_teardown.py
[2025-09-04T10:20:56.346+0000] {processor.py:179} INFO - Processing /home/airflow/.local/lib/python3.7/site-packages/airflow/example_dags/example_setup_teardown.py took 0.061 seconds
[2025-09-04T10:21:26.413+0000] {processor.py:157} INFO - Started process (PID=5646) to work on /home/airflow/.local/lib/python3.7/site-packages/airflow/example_dags/example_setup_teardown.py
[2025-09-04T10:21:26.414+0000] {processor.py:826} INFO - Processing file /home/airflow/.local/lib/python3.7/site-packages/airflow/example_dags/example_setup_teardown.py for tasks to queue
[2025-09-04T10:21:26.415+0000] {logging_mixin.py:149} INFO - [2025-09-04T10:21:26.415+0000] {dagbag.py:541} INFO - Filling up the DagBag from /home/airflow/.local/lib/python3.7/site-packages/airflow/example_dags/example_setup_teardown.py
[2025-09-04T10:21:26.417+0000] {processor.py:838} WARNING - No viable dags retrieved from /home/airflow/.local/lib/python3.7/site-packages/airflow/example_dags/example_setup_teardown.py
[2025-09-04T10:21:26.435+0000] {processor.py:179} INFO - Processing /home/airflow/.local/lib/python3.7/site-packages/airflow/example_dags/example_setup_teardown.py took 0.025 seconds
[2025-09-04T10:21:56.511+0000] {processor.py:157} INFO - Started process (PID=5886) to work on /home/airflow/.local/lib/python3.7/site-packages/airflow/example_dags/example_setup_teardown.py
[2025-09-04T10:21:56.513+0000] {processor.py:826} INFO - Processing file /home/airflow/.local/lib/python3.7/site-packages/airflow/example_dags/example_setup_teardown.py for tasks to queue
[2025-09-04T10:21:56.514+0000] {logging_mixin.py:149} INFO - [2025-09-04T10:21:56.514+0000] {dagbag.py:541} INFO - Filling up the DagBag from /home/airflow/.local/lib/python3.7/site-packages/airflow/example_dags/example_setup_teardown.py
[2025-09-04T10:21:56.516+0000] {processor.py:838} WARNING - No viable dags retrieved from /home/airflow/.local/lib/python3.7/site-packages/airflow/example_dags/example_setup_teardown.py
[2025-09-04T10:21:56.541+0000] {processor.py:179} INFO - Processing /home/airflow/.local/lib/python3.7/site-packages/airflow/example_dags/example_setup_teardown.py took 0.035 seconds
[2025-09-04T10:22:26.686+0000] {processor.py:157} INFO - Started process (PID=6128) to work on /home/airflow/.local/lib/python3.7/site-packages/airflow/example_dags/example_setup_teardown.py
[2025-09-04T10:22:26.687+0000] {processor.py:826} INFO - Processing file /home/airflow/.local/lib/python3.7/site-packages/airflow/example_dags/example_setup_teardown.py for tasks to queue
[2025-09-04T10:22:26.688+0000] {logging_mixin.py:149} INFO - [2025-09-04T10:22:26.688+0000] {dagbag.py:541} INFO - Filling up the DagBag from /home/airflow/.local/lib/python3.7/site-packages/airflow/example_dags/example_setup_teardown.py
[2025-09-04T10:22:26.690+0000] {processor.py:838} WARNING - No viable dags retrieved from /home/airflow/.local/lib/python3.7/site-packages/airflow/example_dags/example_setup_teardown.py
[2025-09-04T10:22:26.709+0000] {processor.py:179} INFO - Processing /home/airflow/.local/lib/python3.7/site-packages/airflow/example_dags/example_setup_teardown.py took 0.028 seconds
[2025-09-04T10:22:56.855+0000] {processor.py:157} INFO - Started process (PID=6373) to work on /home/airflow/.local/lib/python3.7/site-packages/airflow/example_dags/example_setup_teardown.py
[2025-09-04T10:22:56.857+0000] {processor.py:826} INFO - Processing file /home/airflow/.local/lib/python3.7/site-packages/airflow/example_dags/example_setup_teardown.py for tasks to queue
[2025-09-04T10:22:56.857+0000] {logging_mixin.py:149} INFO - [2025-09-04T10:22:56.857+0000] {dagbag.py:541} INFO - Filling up the DagBag from /home/airflow/.local/lib/python3.7/site-packages/airflow/example_dags/example_setup_teardown.py
[2025-09-04T10:22:56.860+0000] {processor.py:838} WARNING - No viable dags retrieved from /home/airflow/.local/lib/python3.7/site-packages/airflow/example_dags/example_setup_teardown.py
[2025-09-04T10:22:56.881+0000] {processor.py:179} INFO - Processing /home/airflow/.local/lib/python3.7/site-packages/airflow/example_dags/example_setup_teardown.py took 0.030 seconds
[2025-09-04T10:23:27.199+0000] {processor.py:157} INFO - Started process (PID=6621) to work on /home/airflow/.local/lib/python3.7/site-packages/airflow/example_dags/example_setup_teardown.py
[2025-09-04T10:23:27.200+0000] {processor.py:826} INFO - Processing file /home/airflow/.local/lib/python3.7/site-packages/airflow/example_dags/example_setup_teardown.py for tasks to queue
[2025-09-04T10:23:27.201+0000] {logging_mixin.py:149} INFO - [2025-09-04T10:23:27.201+0000] {dagbag.py:541} INFO - Filling up the DagBag from /home/airflow/.local/lib/python3.7/site-packages/airflow/example_dags/example_setup_teardown.py
[2025-09-04T10:23:27.203+0000] {processor.py:838} WARNING - No viable dags retrieved from /home/airflow/.local/lib/python3.7/site-packages/airflow/example_dags/example_setup_teardown.py
[2025-09-04T10:23:27.222+0000] {processor.py:179} INFO - Processing /home/airflow/.local/lib/python3.7/site-packages/airflow/example_dags/example_setup_teardown.py took 0.027 seconds
[2025-09-04T10:23:57.812+0000] {processor.py:157} INFO - Started process (PID=6871) to work on /home/airflow/.local/lib/python3.7/site-packages/airflow/example_dags/example_setup_teardown.py
[2025-09-04T10:23:57.813+0000] {processor.py:826} INFO - Processing file /home/airflow/.local/lib/python3.7/site-packages/airflow/example_dags/example_setup_teardown.py for tasks to queue
[2025-09-04T10:23:57.814+0000] {logging_mixin.py:149} INFO - [2025-09-04T10:23:57.814+0000] {dagbag.py:541} INFO - Filling up the DagBag from /home/airflow/.local/lib/python3.7/site-packages/airflow/example_dags/example_setup_teardown.py
[2025-09-04T10:23:57.816+0000] {processor.py:838} WARNING - No viable dags retrieved from /home/airflow/.local/lib/python3.7/site-packages/airflow/example_dags/example_setup_teardown.py
[2025-09-04T10:23:57.832+0000] {processor.py:179} INFO - Processing /home/airflow/.local/lib/python3.7/site-packages/airflow/example_dags/example_setup_teardown.py took 0.023 seconds
[2025-09-04T10:24:28.450+0000] {processor.py:157} INFO - Started process (PID=7116) to work on /home/airflow/.local/lib/python3.7/site-packages/airflow/example_dags/example_setup_teardown.py
[2025-09-04T10:24:28.451+0000] {processor.py:826} INFO - Processing file /home/airflow/.local/lib/python3.7/site-packages/airflow/example_dags/example_setup_teardown.py for tasks to queue
[2025-09-04T10:24:28.452+0000] {logging_mixin.py:149} INFO - [2025-09-04T10:24:28.452+0000] {dagbag.py:541} INFO - Filling up the DagBag from /home/airflow/.local/lib/python3.7/site-packages/airflow/example_dags/example_setup_teardown.py
[2025-09-04T10:24:28.454+0000] {processor.py:838} WARNING - No viable dags retrieved from /home/airflow/.local/lib/python3.7/site-packages/airflow/example_dags/example_setup_teardown.py
[2025-09-04T10:24:28.471+0000] {processor.py:179} INFO - Processing /home/airflow/.local/lib/python3.7/site-packages/airflow/example_dags/example_setup_teardown.py took 0.025 seconds
[2025-09-04T10:24:58.689+0000] {processor.py:157} INFO - Started process (PID=7361) to work on /home/airflow/.local/lib/python3.7/site-packages/airflow/example_dags/example_setup_teardown.py
[2025-09-04T10:24:58.692+0000] {processor.py:826} INFO - Processing file /home/airflow/.local/lib/python3.7/site-packages/airflow/example_dags/example_setup_teardown.py for tasks to queue
[2025-09-04T10:24:58.693+0000] {logging_mixin.py:149} INFO - [2025-09-04T10:24:58.693+0000] {dagbag.py:541} INFO - Filling up the DagBag from /home/airflow/.local/lib/python3.7/site-packages/airflow/example_dags/example_setup_teardown.py
[2025-09-04T10:24:58.695+0000] {processor.py:838} WARNING - No viable dags retrieved from /home/airflow/.local/lib/python3.7/site-packages/airflow/example_dags/example_setup_teardown.py
[2025-09-04T10:24:58.716+0000] {processor.py:179} INFO - Processing /home/airflow/.local/lib/python3.7/site-packages/airflow/example_dags/example_setup_teardown.py took 0.032 seconds
[2025-09-04T10:25:29.138+0000] {processor.py:157} INFO - Started process (PID=7606) to work on /home/airflow/.local/lib/python3.7/site-packages/airflow/example_dags/example_setup_teardown.py
[2025-09-04T10:25:29.139+0000] {processor.py:826} INFO - Processing file /home/airflow/.local/lib/python3.7/site-packages/airflow/example_dags/example_setup_teardown.py for tasks to queue
[2025-09-04T10:25:29.140+0000] {logging_mixin.py:149} INFO - [2025-09-04T10:25:29.140+0000] {dagbag.py:541} INFO - Filling up the DagBag from /home/airflow/.local/lib/python3.7/site-packages/airflow/example_dags/example_setup_teardown.py
[2025-09-04T10:25:29.142+0000] {processor.py:838} WARNING - No viable dags retrieved from /home/airflow/.local/lib/python3.7/site-packages/airflow/example_dags/example_setup_teardown.py
[2025-09-04T10:25:29.157+0000] {processor.py:179} INFO - Processing /home/airflow/.local/lib/python3.7/site-packages/airflow/example_dags/example_setup_teardown.py took 0.022 seconds
[2025-09-04T10:25:59.702+0000] {processor.py:157} INFO - Started process (PID=7851) to work on /home/airflow/.local/lib/python3.7/site-packages/airflow/example_dags/example_setup_teardown.py
[2025-09-04T10:25:59.703+0000] {processor.py:826} INFO - Processing file /home/airflow/.local/lib/python3.7/site-packages/airflow/example_dags/example_setup_teardown.py for tasks to queue
[2025-09-04T10:25:59.704+0000] {logging_mixin.py:149} INFO - [2025-09-04T10:25:59.704+0000] {dagbag.py:541} INFO - Filling up the DagBag from /home/airflow/.local/lib/python3.7/site-packages/airflow/example_dags/example_setup_teardown.py
[2025-09-04T10:25:59.706+0000] {processor.py:838} WARNING - No viable dags retrieved from /home/airflow/.local/lib/python3.7/site-packages/airflow/example_dags/example_setup_teardown.py
[2025-09-04T10:25:59.722+0000] {processor.py:179} INFO - Processing /home/airflow/.local/lib/python3.7/site-packages/airflow/example_dags/example_setup_teardown.py took 0.023 seconds
[2025-09-04T10:26:29.865+0000] {processor.py:157} INFO - Started process (PID=8096) to work on /home/airflow/.local/lib/python3.7/site-packages/airflow/example_dags/example_setup_teardown.py
[2025-09-04T10:26:29.866+0000] {processor.py:826} INFO - Processing file /home/airflow/.local/lib/python3.7/site-packages/airflow/example_dags/example_setup_teardown.py for tasks to queue
[2025-09-04T10:26:29.867+0000] {logging_mixin.py:149} INFO - [2025-09-04T10:26:29.867+0000] {dagbag.py:541} INFO - Filling up the DagBag from /home/airflow/.local/lib/python3.7/site-packages/airflow/example_dags/example_setup_teardown.py
[2025-09-04T10:26:29.870+0000] {processor.py:838} WARNING - No viable dags retrieved from /home/airflow/.local/lib/python3.7/site-packages/airflow/example_dags/example_setup_teardown.py
[2025-09-04T10:26:29.889+0000] {processor.py:179} INFO - Processing /home/airflow/.local/lib/python3.7/site-packages/airflow/example_dags/example_setup_teardown.py took 0.027 seconds
[2025-09-04T10:27:00.848+0000] {processor.py:157} INFO - Started process (PID=8341) to work on /home/airflow/.local/lib/python3.7/site-packages/airflow/example_dags/example_setup_teardown.py
[2025-09-04T10:27:00.849+0000] {processor.py:826} INFO - Processing file /home/airflow/.local/lib/python3.7/site-packages/airflow/example_dags/example_setup_teardown.py for tasks to queue
[2025-09-04T10:27:00.850+0000] {logging_mixin.py:149} INFO - [2025-09-04T10:27:00.850+0000] {dagbag.py:541} INFO - Filling up the DagBag from /home/airflow/.local/lib/python3.7/site-packages/airflow/example_dags/example_setup_teardown.py
[2025-09-04T10:27:00.852+0000] {processor.py:838} WARNING - No viable dags retrieved from /home/airflow/.local/lib/python3.7/site-packages/airflow/example_dags/example_setup_teardown.py
[2025-09-04T10:27:00.871+0000] {processor.py:179} INFO - Processing /home/airflow/.local/lib/python3.7/site-packages/airflow/example_dags/example_setup_teardown.py took 0.026 seconds
[2025-09-04T10:27:31.256+0000] {processor.py:157} INFO - Started process (PID=8586) to work on /home/airflow/.local/lib/python3.7/site-packages/airflow/example_dags/example_setup_teardown.py
[2025-09-04T10:27:31.258+0000] {processor.py:826} INFO - Processing file /home/airflow/.local/lib/python3.7/site-packages/airflow/example_dags/example_setup_teardown.py for tasks to queue
[2025-09-04T10:27:31.259+0000] {logging_mixin.py:149} INFO - [2025-09-04T10:27:31.259+0000] {dagbag.py:541} INFO - Filling up the DagBag from /home/airflow/.local/lib/python3.7/site-packages/airflow/example_dags/example_setup_teardown.py
[2025-09-04T10:27:31.261+0000] {processor.py:838} WARNING - No viable dags retrieved from /home/airflow/.local/lib/python3.7/site-packages/airflow/example_dags/example_setup_teardown.py
[2025-09-04T10:27:31.279+0000] {processor.py:179} INFO - Processing /home/airflow/.local/lib/python3.7/site-packages/airflow/example_dags/example_setup_teardown.py took 0.026 seconds
[2025-09-04T10:28:01.710+0000] {processor.py:157} INFO - Started process (PID=8831) to work on /home/airflow/.local/lib/python3.7/site-packages/airflow/example_dags/example_setup_teardown.py
[2025-09-04T10:28:01.711+0000] {processor.py:826} INFO - Processing file /home/airflow/.local/lib/python3.7/site-packages/airflow/example_dags/example_setup_teardown.py for tasks to queue
[2025-09-04T10:28:01.712+0000] {logging_mixin.py:149} INFO - [2025-09-04T10:28:01.712+0000] {dagbag.py:541} INFO - Filling up the DagBag from /home/airflow/.local/lib/python3.7/site-packages/airflow/example_dags/example_setup_teardown.py
[2025-09-04T10:28:01.714+0000] {processor.py:838} WARNING - No viable dags retrieved from /home/airflow/.local/lib/python3.7/site-packages/airflow/example_dags/example_setup_teardown.py
[2025-09-04T10:28:01.735+0000] {processor.py:179} INFO - Processing /home/airflow/.local/lib/python3.7/site-packages/airflow/example_dags/example_setup_teardown.py took 0.028 seconds
[2025-09-04T10:28:32.015+0000] {processor.py:157} INFO - Started process (PID=9076) to work on /home/airflow/.local/lib/python3.7/site-packages/airflow/example_dags/example_setup_teardown.py
[2025-09-04T10:28:32.016+0000] {processor.py:826} INFO - Processing file /home/airflow/.local/lib/python3.7/site-packages/airflow/example_dags/example_setup_teardown.py for tasks to queue
[2025-09-04T10:28:32.016+0000] {logging_mixin.py:149} INFO - [2025-09-04T10:28:32.016+0000] {dagbag.py:541} INFO - Filling up the DagBag from /home/airflow/.local/lib/python3.7/site-packages/airflow/example_dags/example_setup_teardown.py
[2025-09-04T10:28:32.018+0000] {processor.py:838} WARNING - No viable dags retrieved from /home/airflow/.local/lib/python3.7/site-packages/airflow/example_dags/example_setup_teardown.py
[2025-09-04T10:28:32.034+0000] {processor.py:179} INFO - Processing /home/airflow/.local/lib/python3.7/site-packages/airflow/example_dags/example_setup_teardown.py took 0.026 seconds
[2025-09-04T10:29:02.150+0000] {processor.py:157} INFO - Started process (PID=9321) to work on /home/airflow/.local/lib/python3.7/site-packages/airflow/example_dags/example_setup_teardown.py
[2025-09-04T10:29:02.151+0000] {processor.py:826} INFO - Processing file /home/airflow/.local/lib/python3.7/site-packages/airflow/example_dags/example_setup_teardown.py for tasks to queue
[2025-09-04T10:29:02.152+0000] {logging_mixin.py:149} INFO - [2025-09-04T10:29:02.152+0000] {dagbag.py:541} INFO - Filling up the DagBag from /home/airflow/.local/lib/python3.7/site-packages/airflow/example_dags/example_setup_teardown.py
[2025-09-04T10:29:02.154+0000] {processor.py:838} WARNING - No viable dags retrieved from /home/airflow/.local/lib/python3.7/site-packages/airflow/example_dags/example_setup_teardown.py
[2025-09-04T10:29:02.170+0000] {processor.py:179} INFO - Processing /home/airflow/.local/lib/python3.7/site-packages/airflow/example_dags/example_setup_teardown.py took 0.023 seconds
[2025-09-04T10:29:33.147+0000] {processor.py:157} INFO - Started process (PID=9566) to work on /home/airflow/.local/lib/python3.7/site-packages/airflow/example_dags/example_setup_teardown.py
[2025-09-04T10:29:33.149+0000] {processor.py:826} INFO - Processing file /home/airflow/.local/lib/python3.7/site-packages/airflow/example_dags/example_setup_teardown.py for tasks to queue
[2025-09-04T10:29:33.150+0000] {logging_mixin.py:149} INFO - [2025-09-04T10:29:33.149+0000] {dagbag.py:541} INFO - Filling up the DagBag from /home/airflow/.local/lib/python3.7/site-packages/airflow/example_dags/example_setup_teardown.py
[2025-09-04T10:29:33.152+0000] {processor.py:838} WARNING - No viable dags retrieved from /home/airflow/.local/lib/python3.7/site-packages/airflow/example_dags/example_setup_teardown.py
[2025-09-04T10:29:33.173+0000] {processor.py:179} INFO - Processing /home/airflow/.local/lib/python3.7/site-packages/airflow/example_dags/example_setup_teardown.py took 0.031 seconds
[2025-09-04T10:30:03.465+0000] {processor.py:157} INFO - Started process (PID=9811) to work on /home/airflow/.local/lib/python3.7/site-packages/airflow/example_dags/example_setup_teardown.py
[2025-09-04T10:30:03.467+0000] {processor.py:826} INFO - Processing file /home/airflow/.local/lib/python3.7/site-packages/airflow/example_dags/example_setup_teardown.py for tasks to queue
[2025-09-04T10:30:03.468+0000] {logging_mixin.py:149} INFO - [2025-09-04T10:30:03.468+0000] {dagbag.py:541} INFO - Filling up the DagBag from /home/airflow/.local/lib/python3.7/site-packages/airflow/example_dags/example_setup_teardown.py
[2025-09-04T10:30:03.471+0000] {processor.py:838} WARNING - No viable dags retrieved from /home/airflow/.local/lib/python3.7/site-packages/airflow/example_dags/example_setup_teardown.py
[2025-09-04T10:30:03.494+0000] {processor.py:179} INFO - Processing /home/airflow/.local/lib/python3.7/site-packages/airflow/example_dags/example_setup_teardown.py took 0.032 seconds
[2025-09-04T10:30:34.051+0000] {processor.py:157} INFO - Started process (PID=10056) to work on /home/airflow/.local/lib/python3.7/site-packages/airflow/example_dags/example_setup_teardown.py
[2025-09-04T10:30:34.052+0000] {processor.py:826} INFO - Processing file /home/airflow/.local/lib/python3.7/site-packages/airflow/example_dags/example_setup_teardown.py for tasks to queue
[2025-09-04T10:30:34.053+0000] {logging_mixin.py:149} INFO - [2025-09-04T10:30:34.053+0000] {dagbag.py:541} INFO - Filling up the DagBag from /home/airflow/.local/lib/python3.7/site-packages/airflow/example_dags/example_setup_teardown.py
[2025-09-04T10:30:34.055+0000] {processor.py:838} WARNING - No viable dags retrieved from /home/airflow/.local/lib/python3.7/site-packages/airflow/example_dags/example_setup_teardown.py
[2025-09-04T10:30:34.070+0000] {processor.py:179} INFO - Processing /home/airflow/.local/lib/python3.7/site-packages/airflow/example_dags/example_setup_teardown.py took 0.023 seconds
[2025-09-04T10:31:04.215+0000] {processor.py:157} INFO - Started process (PID=10301) to work on /home/airflow/.local/lib/python3.7/site-packages/airflow/example_dags/example_setup_teardown.py
[2025-09-04T10:31:04.216+0000] {processor.py:826} INFO - Processing file /home/airflow/.local/lib/python3.7/site-packages/airflow/example_dags/example_setup_teardown.py for tasks to queue
[2025-09-04T10:31:04.217+0000] {logging_mixin.py:149} INFO - [2025-09-04T10:31:04.217+0000] {dagbag.py:541} INFO - Filling up the DagBag from /home/airflow/.local/lib/python3.7/site-packages/airflow/example_dags/example_setup_teardown.py
[2025-09-04T10:31:04.219+0000] {processor.py:838} WARNING - No viable dags retrieved from /home/airflow/.local/lib/python3.7/site-packages/airflow/example_dags/example_setup_teardown.py
[2025-09-04T10:31:04.239+0000] {processor.py:179} INFO - Processing /home/airflow/.local/lib/python3.7/site-packages/airflow/example_dags/example_setup_teardown.py took 0.028 seconds
[2025-09-04T10:31:34.685+0000] {processor.py:157} INFO - Started process (PID=10546) to work on /home/airflow/.local/lib/python3.7/site-packages/airflow/example_dags/example_setup_teardown.py
[2025-09-04T10:31:34.686+0000] {processor.py:826} INFO - Processing file /home/airflow/.local/lib/python3.7/site-packages/airflow/example_dags/example_setup_teardown.py for tasks to queue
[2025-09-04T10:31:34.687+0000] {logging_mixin.py:149} INFO - [2025-09-04T10:31:34.686+0000] {dagbag.py:541} INFO - Filling up the DagBag from /home/airflow/.local/lib/python3.7/site-packages/airflow/example_dags/example_setup_teardown.py
[2025-09-04T10:31:34.688+0000] {processor.py:838} WARNING - No viable dags retrieved from /home/airflow/.local/lib/python3.7/site-packages/airflow/example_dags/example_setup_teardown.py
[2025-09-04T10:31:34.707+0000] {processor.py:179} INFO - Processing /home/airflow/.local/lib/python3.7/site-packages/airflow/example_dags/example_setup_teardown.py took 0.026 seconds
[2025-09-04T10:32:04.899+0000] {processor.py:157} INFO - Started process (PID=10791) to work on /home/airflow/.local/lib/python3.7/site-packages/airflow/example_dags/example_setup_teardown.py
[2025-09-04T10:32:04.900+0000] {processor.py:826} INFO - Processing file /home/airflow/.local/lib/python3.7/site-packages/airflow/example_dags/example_setup_teardown.py for tasks to queue
[2025-09-04T10:32:04.900+0000] {logging_mixin.py:149} INFO - [2025-09-04T10:32:04.900+0000] {dagbag.py:541} INFO - Filling up the DagBag from /home/airflow/.local/lib/python3.7/site-packages/airflow/example_dags/example_setup_teardown.py
[2025-09-04T10:32:04.904+0000] {processor.py:838} WARNING - No viable dags retrieved from /home/airflow/.local/lib/python3.7/site-packages/airflow/example_dags/example_setup_teardown.py
[2025-09-04T10:32:04.921+0000] {processor.py:179} INFO - Processing /home/airflow/.local/lib/python3.7/site-packages/airflow/example_dags/example_setup_teardown.py took 0.027 seconds
[2025-09-04T10:32:35.285+0000] {processor.py:157} INFO - Started process (PID=11036) to work on /home/airflow/.local/lib/python3.7/site-packages/airflow/example_dags/example_setup_teardown.py
[2025-09-04T10:32:35.286+0000] {processor.py:826} INFO - Processing file /home/airflow/.local/lib/python3.7/site-packages/airflow/example_dags/example_setup_teardown.py for tasks to queue
[2025-09-04T10:32:35.287+0000] {logging_mixin.py:149} INFO - [2025-09-04T10:32:35.287+0000] {dagbag.py:541} INFO - Filling up the DagBag from /home/airflow/.local/lib/python3.7/site-packages/airflow/example_dags/example_setup_teardown.py
[2025-09-04T10:32:35.290+0000] {processor.py:838} WARNING - No viable dags retrieved from /home/airflow/.local/lib/python3.7/site-packages/airflow/example_dags/example_setup_teardown.py
[2025-09-04T10:32:35.312+0000] {processor.py:179} INFO - Processing /home/airflow/.local/lib/python3.7/site-packages/airflow/example_dags/example_setup_teardown.py took 0.033 seconds
[2025-09-04T10:33:05.927+0000] {processor.py:157} INFO - Started process (PID=11281) to work on /home/airflow/.local/lib/python3.7/site-packages/airflow/example_dags/example_setup_teardown.py
[2025-09-04T10:33:05.929+0000] {processor.py:826} INFO - Processing file /home/airflow/.local/lib/python3.7/site-packages/airflow/example_dags/example_setup_teardown.py for tasks to queue
[2025-09-04T10:33:05.930+0000] {logging_mixin.py:149} INFO - [2025-09-04T10:33:05.930+0000] {dagbag.py:541} INFO - Filling up the DagBag from /home/airflow/.local/lib/python3.7/site-packages/airflow/example_dags/example_setup_teardown.py
[2025-09-04T10:33:05.932+0000] {processor.py:838} WARNING - No viable dags retrieved from /home/airflow/.local/lib/python3.7/site-packages/airflow/example_dags/example_setup_teardown.py
[2025-09-04T10:33:05.953+0000] {processor.py:179} INFO - Processing /home/airflow/.local/lib/python3.7/site-packages/airflow/example_dags/example_setup_teardown.py took 0.031 seconds
[2025-09-04T10:33:36.123+0000] {processor.py:157} INFO - Started process (PID=11526) to work on /home/airflow/.local/lib/python3.7/site-packages/airflow/example_dags/example_setup_teardown.py
[2025-09-04T10:33:36.125+0000] {processor.py:826} INFO - Processing file /home/airflow/.local/lib/python3.7/site-packages/airflow/example_dags/example_setup_teardown.py for tasks to queue
[2025-09-04T10:33:36.126+0000] {logging_mixin.py:149} INFO - [2025-09-04T10:33:36.126+0000] {dagbag.py:541} INFO - Filling up the DagBag from /home/airflow/.local/lib/python3.7/site-packages/airflow/example_dags/example_setup_teardown.py
[2025-09-04T10:33:36.128+0000] {processor.py:838} WARNING - No viable dags retrieved from /home/airflow/.local/lib/python3.7/site-packages/airflow/example_dags/example_setup_teardown.py
[2025-09-04T10:33:36.147+0000] {processor.py:179} INFO - Processing /home/airflow/.local/lib/python3.7/site-packages/airflow/example_dags/example_setup_teardown.py took 0.027 seconds
[2025-09-04T10:34:06.606+0000] {processor.py:157} INFO - Started process (PID=11773) to work on /home/airflow/.local/lib/python3.7/site-packages/airflow/example_dags/example_setup_teardown.py
[2025-09-04T10:34:06.607+0000] {processor.py:826} INFO - Processing file /home/airflow/.local/lib/python3.7/site-packages/airflow/example_dags/example_setup_teardown.py for tasks to queue
[2025-09-04T10:34:06.608+0000] {logging_mixin.py:149} INFO - [2025-09-04T10:34:06.608+0000] {dagbag.py:541} INFO - Filling up the DagBag from /home/airflow/.local/lib/python3.7/site-packages/airflow/example_dags/example_setup_teardown.py
[2025-09-04T10:34:06.610+0000] {processor.py:838} WARNING - No viable dags retrieved from /home/airflow/.local/lib/python3.7/site-packages/airflow/example_dags/example_setup_teardown.py
[2025-09-04T10:34:06.625+0000] {processor.py:179} INFO - Processing /home/airflow/.local/lib/python3.7/site-packages/airflow/example_dags/example_setup_teardown.py took 0.023 seconds
[2025-09-04T10:34:36.828+0000] {processor.py:157} INFO - Started process (PID=12018) to work on /home/airflow/.local/lib/python3.7/site-packages/airflow/example_dags/example_setup_teardown.py
[2025-09-04T10:34:36.829+0000] {processor.py:826} INFO - Processing file /home/airflow/.local/lib/python3.7/site-packages/airflow/example_dags/example_setup_teardown.py for tasks to queue
[2025-09-04T10:34:36.830+0000] {logging_mixin.py:149} INFO - [2025-09-04T10:34:36.830+0000] {dagbag.py:541} INFO - Filling up the DagBag from /home/airflow/.local/lib/python3.7/site-packages/airflow/example_dags/example_setup_teardown.py
[2025-09-04T10:34:36.832+0000] {processor.py:838} WARNING - No viable dags retrieved from /home/airflow/.local/lib/python3.7/site-packages/airflow/example_dags/example_setup_teardown.py
[2025-09-04T10:34:36.848+0000] {processor.py:179} INFO - Processing /home/airflow/.local/lib/python3.7/site-packages/airflow/example_dags/example_setup_teardown.py took 0.024 seconds
[2025-09-04T10:35:07.688+0000] {processor.py:157} INFO - Started process (PID=12261) to work on /home/airflow/.local/lib/python3.7/site-packages/airflow/example_dags/example_setup_teardown.py
[2025-09-04T10:35:07.689+0000] {processor.py:826} INFO - Processing file /home/airflow/.local/lib/python3.7/site-packages/airflow/example_dags/example_setup_teardown.py for tasks to queue
[2025-09-04T10:35:07.690+0000] {logging_mixin.py:149} INFO - [2025-09-04T10:35:07.690+0000] {dagbag.py:541} INFO - Filling up the DagBag from /home/airflow/.local/lib/python3.7/site-packages/airflow/example_dags/example_setup_teardown.py
[2025-09-04T10:35:07.692+0000] {processor.py:838} WARNING - No viable dags retrieved from /home/airflow/.local/lib/python3.7/site-packages/airflow/example_dags/example_setup_teardown.py
[2025-09-04T10:35:07.708+0000] {processor.py:179} INFO - Processing /home/airflow/.local/lib/python3.7/site-packages/airflow/example_dags/example_setup_teardown.py took 0.023 seconds
[2025-09-04T10:35:38.107+0000] {processor.py:157} INFO - Started process (PID=12506) to work on /home/airflow/.local/lib/python3.7/site-packages/airflow/example_dags/example_setup_teardown.py
[2025-09-04T10:35:38.109+0000] {processor.py:826} INFO - Processing file /home/airflow/.local/lib/python3.7/site-packages/airflow/example_dags/example_setup_teardown.py for tasks to queue
[2025-09-04T10:35:38.110+0000] {logging_mixin.py:149} INFO - [2025-09-04T10:35:38.110+0000] {dagbag.py:541} INFO - Filling up the DagBag from /home/airflow/.local/lib/python3.7/site-packages/airflow/example_dags/example_setup_teardown.py
[2025-09-04T10:35:38.112+0000] {processor.py:838} WARNING - No viable dags retrieved from /home/airflow/.local/lib/python3.7/site-packages/airflow/example_dags/example_setup_teardown.py
[2025-09-04T10:35:38.130+0000] {processor.py:179} INFO - Processing /home/airflow/.local/lib/python3.7/site-packages/airflow/example_dags/example_setup_teardown.py took 0.026 seconds
[2025-09-04T10:36:08.593+0000] {processor.py:157} INFO - Started process (PID=12751) to work on /home/airflow/.local/lib/python3.7/site-packages/airflow/example_dags/example_setup_teardown.py
[2025-09-04T10:36:08.594+0000] {processor.py:826} INFO - Processing file /home/airflow/.local/lib/python3.7/site-packages/airflow/example_dags/example_setup_teardown.py for tasks to queue
[2025-09-04T10:36:08.595+0000] {logging_mixin.py:149} INFO - [2025-09-04T10:36:08.594+0000] {dagbag.py:541} INFO - Filling up the DagBag from /home/airflow/.local/lib/python3.7/site-packages/airflow/example_dags/example_setup_teardown.py
[2025-09-04T10:36:08.597+0000] {processor.py:838} WARNING - No viable dags retrieved from /home/airflow/.local/lib/python3.7/site-packages/airflow/example_dags/example_setup_teardown.py
[2025-09-04T10:36:08.615+0000] {processor.py:179} INFO - Processing /home/airflow/.local/lib/python3.7/site-packages/airflow/example_dags/example_setup_teardown.py took 0.026 seconds
[2025-09-04T10:36:38.826+0000] {processor.py:157} INFO - Started process (PID=12991) to work on /home/airflow/.local/lib/python3.7/site-packages/airflow/example_dags/example_setup_teardown.py
[2025-09-04T10:36:38.827+0000] {processor.py:826} INFO - Processing file /home/airflow/.local/lib/python3.7/site-packages/airflow/example_dags/example_setup_teardown.py for tasks to queue
[2025-09-04T10:36:38.828+0000] {logging_mixin.py:149} INFO - [2025-09-04T10:36:38.828+0000] {dagbag.py:541} INFO - Filling up the DagBag from /home/airflow/.local/lib/python3.7/site-packages/airflow/example_dags/example_setup_teardown.py
[2025-09-04T10:36:38.830+0000] {processor.py:838} WARNING - No viable dags retrieved from /home/airflow/.local/lib/python3.7/site-packages/airflow/example_dags/example_setup_teardown.py
[2025-09-04T10:36:38.846+0000] {processor.py:179} INFO - Processing /home/airflow/.local/lib/python3.7/site-packages/airflow/example_dags/example_setup_teardown.py took 0.023 seconds
[2025-09-04T10:37:09.049+0000] {processor.py:157} INFO - Started process (PID=13236) to work on /home/airflow/.local/lib/python3.7/site-packages/airflow/example_dags/example_setup_teardown.py
[2025-09-04T10:37:09.050+0000] {processor.py:826} INFO - Processing file /home/airflow/.local/lib/python3.7/site-packages/airflow/example_dags/example_setup_teardown.py for tasks to queue
[2025-09-04T10:37:09.051+0000] {logging_mixin.py:149} INFO - [2025-09-04T10:37:09.051+0000] {dagbag.py:541} INFO - Filling up the DagBag from /home/airflow/.local/lib/python3.7/site-packages/airflow/example_dags/example_setup_teardown.py
[2025-09-04T10:37:09.053+0000] {processor.py:838} WARNING - No viable dags retrieved from /home/airflow/.local/lib/python3.7/site-packages/airflow/example_dags/example_setup_teardown.py
[2025-09-04T10:37:09.070+0000] {processor.py:179} INFO - Processing /home/airflow/.local/lib/python3.7/site-packages/airflow/example_dags/example_setup_teardown.py took 0.025 seconds
[2025-09-04T10:37:39.304+0000] {processor.py:157} INFO - Started process (PID=13481) to work on /home/airflow/.local/lib/python3.7/site-packages/airflow/example_dags/example_setup_teardown.py
[2025-09-04T10:37:39.304+0000] {processor.py:826} INFO - Processing file /home/airflow/.local/lib/python3.7/site-packages/airflow/example_dags/example_setup_teardown.py for tasks to queue
[2025-09-04T10:37:39.305+0000] {logging_mixin.py:149} INFO - [2025-09-04T10:37:39.305+0000] {dagbag.py:541} INFO - Filling up the DagBag from /home/airflow/.local/lib/python3.7/site-packages/airflow/example_dags/example_setup_teardown.py
[2025-09-04T10:37:39.307+0000] {processor.py:838} WARNING - No viable dags retrieved from /home/airflow/.local/lib/python3.7/site-packages/airflow/example_dags/example_setup_teardown.py
[2025-09-04T10:37:39.324+0000] {processor.py:179} INFO - Processing /home/airflow/.local/lib/python3.7/site-packages/airflow/example_dags/example_setup_teardown.py took 0.024 seconds
[2025-09-04T10:38:09.777+0000] {processor.py:157} INFO - Started process (PID=13713) to work on /home/airflow/.local/lib/python3.7/site-packages/airflow/example_dags/example_setup_teardown.py
[2025-09-04T10:38:09.778+0000] {processor.py:826} INFO - Processing file /home/airflow/.local/lib/python3.7/site-packages/airflow/example_dags/example_setup_teardown.py for tasks to queue
[2025-09-04T10:38:09.779+0000] {logging_mixin.py:149} INFO - [2025-09-04T10:38:09.779+0000] {dagbag.py:541} INFO - Filling up the DagBag from /home/airflow/.local/lib/python3.7/site-packages/airflow/example_dags/example_setup_teardown.py
[2025-09-04T10:38:09.782+0000] {processor.py:838} WARNING - No viable dags retrieved from /home/airflow/.local/lib/python3.7/site-packages/airflow/example_dags/example_setup_teardown.py
[2025-09-04T10:38:09.805+0000] {processor.py:179} INFO - Processing /home/airflow/.local/lib/python3.7/site-packages/airflow/example_dags/example_setup_teardown.py took 0.032 seconds
[2025-09-04T10:38:40.841+0000] {processor.py:157} INFO - Started process (PID=13965) to work on /home/airflow/.local/lib/python3.7/site-packages/airflow/example_dags/example_setup_teardown.py
[2025-09-04T10:38:40.843+0000] {processor.py:826} INFO - Processing file /home/airflow/.local/lib/python3.7/site-packages/airflow/example_dags/example_setup_teardown.py for tasks to queue
[2025-09-04T10:38:40.845+0000] {logging_mixin.py:149} INFO - [2025-09-04T10:38:40.845+0000] {dagbag.py:541} INFO - Filling up the DagBag from /home/airflow/.local/lib/python3.7/site-packages/airflow/example_dags/example_setup_teardown.py
[2025-09-04T10:38:40.849+0000] {processor.py:838} WARNING - No viable dags retrieved from /home/airflow/.local/lib/python3.7/site-packages/airflow/example_dags/example_setup_teardown.py
[2025-09-04T10:38:40.873+0000] {processor.py:179} INFO - Processing /home/airflow/.local/lib/python3.7/site-packages/airflow/example_dags/example_setup_teardown.py took 0.037 seconds
[2025-09-04T10:39:11.209+0000] {processor.py:157} INFO - Started process (PID=14210) to work on /home/airflow/.local/lib/python3.7/site-packages/airflow/example_dags/example_setup_teardown.py
[2025-09-04T10:39:11.210+0000] {processor.py:826} INFO - Processing file /home/airflow/.local/lib/python3.7/site-packages/airflow/example_dags/example_setup_teardown.py for tasks to queue
[2025-09-04T10:39:11.211+0000] {logging_mixin.py:149} INFO - [2025-09-04T10:39:11.211+0000] {dagbag.py:541} INFO - Filling up the DagBag from /home/airflow/.local/lib/python3.7/site-packages/airflow/example_dags/example_setup_teardown.py
[2025-09-04T10:39:11.213+0000] {processor.py:838} WARNING - No viable dags retrieved from /home/airflow/.local/lib/python3.7/site-packages/airflow/example_dags/example_setup_teardown.py
[2025-09-04T10:39:11.228+0000] {processor.py:179} INFO - Processing /home/airflow/.local/lib/python3.7/site-packages/airflow/example_dags/example_setup_teardown.py took 0.022 seconds
[2025-09-04T10:39:41.363+0000] {processor.py:157} INFO - Started process (PID=14453) to work on /home/airflow/.local/lib/python3.7/site-packages/airflow/example_dags/example_setup_teardown.py
[2025-09-04T10:39:41.364+0000] {processor.py:826} INFO - Processing file /home/airflow/.local/lib/python3.7/site-packages/airflow/example_dags/example_setup_teardown.py for tasks to queue
[2025-09-04T10:39:41.365+0000] {logging_mixin.py:149} INFO - [2025-09-04T10:39:41.365+0000] {dagbag.py:541} INFO - Filling up the DagBag from /home/airflow/.local/lib/python3.7/site-packages/airflow/example_dags/example_setup_teardown.py
[2025-09-04T10:39:41.367+0000] {processor.py:838} WARNING - No viable dags retrieved from /home/airflow/.local/lib/python3.7/site-packages/airflow/example_dags/example_setup_teardown.py
[2025-09-04T10:39:41.386+0000] {processor.py:179} INFO - Processing /home/airflow/.local/lib/python3.7/site-packages/airflow/example_dags/example_setup_teardown.py took 0.027 seconds
[2025-09-04T10:40:11.899+0000] {processor.py:157} INFO - Started process (PID=14698) to work on /home/airflow/.local/lib/python3.7/site-packages/airflow/example_dags/example_setup_teardown.py
[2025-09-04T10:40:11.900+0000] {processor.py:826} INFO - Processing file /home/airflow/.local/lib/python3.7/site-packages/airflow/example_dags/example_setup_teardown.py for tasks to queue
[2025-09-04T10:40:11.901+0000] {logging_mixin.py:149} INFO - [2025-09-04T10:40:11.901+0000] {dagbag.py:541} INFO - Filling up the DagBag from /home/airflow/.local/lib/python3.7/site-packages/airflow/example_dags/example_setup_teardown.py
[2025-09-04T10:40:11.903+0000] {processor.py:838} WARNING - No viable dags retrieved from /home/airflow/.local/lib/python3.7/site-packages/airflow/example_dags/example_setup_teardown.py
[2025-09-04T10:40:11.919+0000] {processor.py:179} INFO - Processing /home/airflow/.local/lib/python3.7/site-packages/airflow/example_dags/example_setup_teardown.py took 0.023 seconds
[2025-09-04T10:40:42.256+0000] {processor.py:157} INFO - Started process (PID=14943) to work on /home/airflow/.local/lib/python3.7/site-packages/airflow/example_dags/example_setup_teardown.py
[2025-09-04T10:40:42.257+0000] {processor.py:826} INFO - Processing file /home/airflow/.local/lib/python3.7/site-packages/airflow/example_dags/example_setup_teardown.py for tasks to queue
[2025-09-04T10:40:42.258+0000] {logging_mixin.py:149} INFO - [2025-09-04T10:40:42.257+0000] {dagbag.py:541} INFO - Filling up the DagBag from /home/airflow/.local/lib/python3.7/site-packages/airflow/example_dags/example_setup_teardown.py
[2025-09-04T10:40:42.260+0000] {processor.py:838} WARNING - No viable dags retrieved from /home/airflow/.local/lib/python3.7/site-packages/airflow/example_dags/example_setup_teardown.py
[2025-09-04T10:40:42.276+0000] {processor.py:179} INFO - Processing /home/airflow/.local/lib/python3.7/site-packages/airflow/example_dags/example_setup_teardown.py took 0.024 seconds
[2025-09-04T10:41:12.758+0000] {processor.py:157} INFO - Started process (PID=15188) to work on /home/airflow/.local/lib/python3.7/site-packages/airflow/example_dags/example_setup_teardown.py
[2025-09-04T10:41:12.759+0000] {processor.py:826} INFO - Processing file /home/airflow/.local/lib/python3.7/site-packages/airflow/example_dags/example_setup_teardown.py for tasks to queue
[2025-09-04T10:41:12.760+0000] {logging_mixin.py:149} INFO - [2025-09-04T10:41:12.760+0000] {dagbag.py:541} INFO - Filling up the DagBag from /home/airflow/.local/lib/python3.7/site-packages/airflow/example_dags/example_setup_teardown.py
[2025-09-04T10:41:12.762+0000] {processor.py:838} WARNING - No viable dags retrieved from /home/airflow/.local/lib/python3.7/site-packages/airflow/example_dags/example_setup_teardown.py
[2025-09-04T10:41:12.778+0000] {processor.py:179} INFO - Processing /home/airflow/.local/lib/python3.7/site-packages/airflow/example_dags/example_setup_teardown.py took 0.024 seconds
[2025-09-04T10:41:43.350+0000] {processor.py:157} INFO - Started process (PID=15440) to work on /home/airflow/.local/lib/python3.7/site-packages/airflow/example_dags/example_setup_teardown.py
[2025-09-04T10:41:43.351+0000] {processor.py:826} INFO - Processing file /home/airflow/.local/lib/python3.7/site-packages/airflow/example_dags/example_setup_teardown.py for tasks to queue
[2025-09-04T10:41:43.352+0000] {logging_mixin.py:149} INFO - [2025-09-04T10:41:43.352+0000] {dagbag.py:541} INFO - Filling up the DagBag from /home/airflow/.local/lib/python3.7/site-packages/airflow/example_dags/example_setup_teardown.py
[2025-09-04T10:41:43.354+0000] {processor.py:838} WARNING - No viable dags retrieved from /home/airflow/.local/lib/python3.7/site-packages/airflow/example_dags/example_setup_teardown.py
[2025-09-04T10:41:43.377+0000] {processor.py:179} INFO - Processing /home/airflow/.local/lib/python3.7/site-packages/airflow/example_dags/example_setup_teardown.py took 0.031 seconds
[2025-09-04T10:42:14.238+0000] {processor.py:157} INFO - Started process (PID=15685) to work on /home/airflow/.local/lib/python3.7/site-packages/airflow/example_dags/example_setup_teardown.py
[2025-09-04T10:42:14.239+0000] {processor.py:826} INFO - Processing file /home/airflow/.local/lib/python3.7/site-packages/airflow/example_dags/example_setup_teardown.py for tasks to queue
[2025-09-04T10:42:14.240+0000] {logging_mixin.py:149} INFO - [2025-09-04T10:42:14.240+0000] {dagbag.py:541} INFO - Filling up the DagBag from /home/airflow/.local/lib/python3.7/site-packages/airflow/example_dags/example_setup_teardown.py
[2025-09-04T10:42:14.243+0000] {processor.py:838} WARNING - No viable dags retrieved from /home/airflow/.local/lib/python3.7/site-packages/airflow/example_dags/example_setup_teardown.py
[2025-09-04T10:42:14.260+0000] {processor.py:179} INFO - Processing /home/airflow/.local/lib/python3.7/site-packages/airflow/example_dags/example_setup_teardown.py took 0.026 seconds
[2025-09-04T10:42:44.996+0000] {processor.py:157} INFO - Started process (PID=15930) to work on /home/airflow/.local/lib/python3.7/site-packages/airflow/example_dags/example_setup_teardown.py
[2025-09-04T10:42:44.997+0000] {processor.py:826} INFO - Processing file /home/airflow/.local/lib/python3.7/site-packages/airflow/example_dags/example_setup_teardown.py for tasks to queue
[2025-09-04T10:42:44.999+0000] {logging_mixin.py:149} INFO - [2025-09-04T10:42:44.999+0000] {dagbag.py:541} INFO - Filling up the DagBag from /home/airflow/.local/lib/python3.7/site-packages/airflow/example_dags/example_setup_teardown.py
[2025-09-04T10:42:45.002+0000] {processor.py:838} WARNING - No viable dags retrieved from /home/airflow/.local/lib/python3.7/site-packages/airflow/example_dags/example_setup_teardown.py
[2025-09-04T10:42:45.024+0000] {processor.py:179} INFO - Processing /home/airflow/.local/lib/python3.7/site-packages/airflow/example_dags/example_setup_teardown.py took 0.031 seconds
[2025-09-04T10:43:15.786+0000] {processor.py:157} INFO - Started process (PID=16175) to work on /home/airflow/.local/lib/python3.7/site-packages/airflow/example_dags/example_setup_teardown.py
[2025-09-04T10:43:15.787+0000] {processor.py:826} INFO - Processing file /home/airflow/.local/lib/python3.7/site-packages/airflow/example_dags/example_setup_teardown.py for tasks to queue
[2025-09-04T10:43:15.788+0000] {logging_mixin.py:149} INFO - [2025-09-04T10:43:15.788+0000] {dagbag.py:541} INFO - Filling up the DagBag from /home/airflow/.local/lib/python3.7/site-packages/airflow/example_dags/example_setup_teardown.py
[2025-09-04T10:43:15.791+0000] {processor.py:838} WARNING - No viable dags retrieved from /home/airflow/.local/lib/python3.7/site-packages/airflow/example_dags/example_setup_teardown.py
[2025-09-04T10:43:15.813+0000] {processor.py:179} INFO - Processing /home/airflow/.local/lib/python3.7/site-packages/airflow/example_dags/example_setup_teardown.py took 0.030 seconds
[2025-09-04T10:43:45.944+0000] {processor.py:157} INFO - Started process (PID=16420) to work on /home/airflow/.local/lib/python3.7/site-packages/airflow/example_dags/example_setup_teardown.py
[2025-09-04T10:43:45.945+0000] {processor.py:826} INFO - Processing file /home/airflow/.local/lib/python3.7/site-packages/airflow/example_dags/example_setup_teardown.py for tasks to queue
[2025-09-04T10:43:45.946+0000] {logging_mixin.py:149} INFO - [2025-09-04T10:43:45.946+0000] {dagbag.py:541} INFO - Filling up the DagBag from /home/airflow/.local/lib/python3.7/site-packages/airflow/example_dags/example_setup_teardown.py
[2025-09-04T10:43:45.948+0000] {processor.py:838} WARNING - No viable dags retrieved from /home/airflow/.local/lib/python3.7/site-packages/airflow/example_dags/example_setup_teardown.py
[2025-09-04T10:43:45.965+0000] {processor.py:179} INFO - Processing /home/airflow/.local/lib/python3.7/site-packages/airflow/example_dags/example_setup_teardown.py took 0.024 seconds
[2025-09-04T10:44:16.410+0000] {processor.py:157} INFO - Started process (PID=16667) to work on /home/airflow/.local/lib/python3.7/site-packages/airflow/example_dags/example_setup_teardown.py
[2025-09-04T10:44:16.411+0000] {processor.py:826} INFO - Processing file /home/airflow/.local/lib/python3.7/site-packages/airflow/example_dags/example_setup_teardown.py for tasks to queue
[2025-09-04T10:44:16.411+0000] {logging_mixin.py:149} INFO - [2025-09-04T10:44:16.411+0000] {dagbag.py:541} INFO - Filling up the DagBag from /home/airflow/.local/lib/python3.7/site-packages/airflow/example_dags/example_setup_teardown.py
[2025-09-04T10:44:16.413+0000] {processor.py:838} WARNING - No viable dags retrieved from /home/airflow/.local/lib/python3.7/site-packages/airflow/example_dags/example_setup_teardown.py
[2025-09-04T10:44:16.428+0000] {processor.py:179} INFO - Processing /home/airflow/.local/lib/python3.7/site-packages/airflow/example_dags/example_setup_teardown.py took 0.022 seconds
[2025-09-04T10:44:46.749+0000] {processor.py:157} INFO - Started process (PID=16910) to work on /home/airflow/.local/lib/python3.7/site-packages/airflow/example_dags/example_setup_teardown.py
[2025-09-04T10:44:46.750+0000] {processor.py:826} INFO - Processing file /home/airflow/.local/lib/python3.7/site-packages/airflow/example_dags/example_setup_teardown.py for tasks to queue
[2025-09-04T10:44:46.752+0000] {logging_mixin.py:149} INFO - [2025-09-04T10:44:46.751+0000] {dagbag.py:541} INFO - Filling up the DagBag from /home/airflow/.local/lib/python3.7/site-packages/airflow/example_dags/example_setup_teardown.py
[2025-09-04T10:44:46.753+0000] {processor.py:838} WARNING - No viable dags retrieved from /home/airflow/.local/lib/python3.7/site-packages/airflow/example_dags/example_setup_teardown.py
[2025-09-04T10:44:46.773+0000] {processor.py:179} INFO - Processing /home/airflow/.local/lib/python3.7/site-packages/airflow/example_dags/example_setup_teardown.py took 0.027 seconds
[2025-09-04T10:45:16.952+0000] {processor.py:157} INFO - Started process (PID=17160) to work on /home/airflow/.local/lib/python3.7/site-packages/airflow/example_dags/example_setup_teardown.py
[2025-09-04T10:45:16.953+0000] {processor.py:826} INFO - Processing file /home/airflow/.local/lib/python3.7/site-packages/airflow/example_dags/example_setup_teardown.py for tasks to queue
[2025-09-04T10:45:16.953+0000] {logging_mixin.py:149} INFO - [2025-09-04T10:45:16.953+0000] {dagbag.py:541} INFO - Filling up the DagBag from /home/airflow/.local/lib/python3.7/site-packages/airflow/example_dags/example_setup_teardown.py
[2025-09-04T10:45:16.956+0000] {processor.py:838} WARNING - No viable dags retrieved from /home/airflow/.local/lib/python3.7/site-packages/airflow/example_dags/example_setup_teardown.py
[2025-09-04T10:45:16.975+0000] {processor.py:179} INFO - Processing /home/airflow/.local/lib/python3.7/site-packages/airflow/example_dags/example_setup_teardown.py took 0.027 seconds
[2025-09-04T10:45:48.248+0000] {processor.py:157} INFO - Started process (PID=17417) to work on /home/airflow/.local/lib/python3.7/site-packages/airflow/example_dags/example_setup_teardown.py
[2025-09-04T10:45:48.249+0000] {processor.py:826} INFO - Processing file /home/airflow/.local/lib/python3.7/site-packages/airflow/example_dags/example_setup_teardown.py for tasks to queue
[2025-09-04T10:45:48.250+0000] {logging_mixin.py:149} INFO - [2025-09-04T10:45:48.250+0000] {dagbag.py:541} INFO - Filling up the DagBag from /home/airflow/.local/lib/python3.7/site-packages/airflow/example_dags/example_setup_teardown.py
[2025-09-04T10:45:48.252+0000] {processor.py:838} WARNING - No viable dags retrieved from /home/airflow/.local/lib/python3.7/site-packages/airflow/example_dags/example_setup_teardown.py
[2025-09-04T10:45:48.267+0000] {processor.py:179} INFO - Processing /home/airflow/.local/lib/python3.7/site-packages/airflow/example_dags/example_setup_teardown.py took 0.022 seconds
[2025-09-04T10:46:18.543+0000] {processor.py:157} INFO - Started process (PID=17670) to work on /home/airflow/.local/lib/python3.7/site-packages/airflow/example_dags/example_setup_teardown.py
[2025-09-04T10:46:18.544+0000] {processor.py:826} INFO - Processing file /home/airflow/.local/lib/python3.7/site-packages/airflow/example_dags/example_setup_teardown.py for tasks to queue
[2025-09-04T10:46:18.546+0000] {logging_mixin.py:149} INFO - [2025-09-04T10:46:18.546+0000] {dagbag.py:541} INFO - Filling up the DagBag from /home/airflow/.local/lib/python3.7/site-packages/airflow/example_dags/example_setup_teardown.py
[2025-09-04T10:46:18.549+0000] {processor.py:838} WARNING - No viable dags retrieved from /home/airflow/.local/lib/python3.7/site-packages/airflow/example_dags/example_setup_teardown.py
[2025-09-04T10:46:18.565+0000] {processor.py:179} INFO - Processing /home/airflow/.local/lib/python3.7/site-packages/airflow/example_dags/example_setup_teardown.py took 0.026 seconds
[2025-09-04T10:46:49.125+0000] {processor.py:157} INFO - Started process (PID=17930) to work on /home/airflow/.local/lib/python3.7/site-packages/airflow/example_dags/example_setup_teardown.py
[2025-09-04T10:46:49.127+0000] {processor.py:826} INFO - Processing file /home/airflow/.local/lib/python3.7/site-packages/airflow/example_dags/example_setup_teardown.py for tasks to queue
[2025-09-04T10:46:49.129+0000] {logging_mixin.py:149} INFO - [2025-09-04T10:46:49.129+0000] {dagbag.py:541} INFO - Filling up the DagBag from /home/airflow/.local/lib/python3.7/site-packages/airflow/example_dags/example_setup_teardown.py
[2025-09-04T10:46:49.133+0000] {processor.py:838} WARNING - No viable dags retrieved from /home/airflow/.local/lib/python3.7/site-packages/airflow/example_dags/example_setup_teardown.py
[2025-09-04T10:46:49.150+0000] {processor.py:179} INFO - Processing /home/airflow/.local/lib/python3.7/site-packages/airflow/example_dags/example_setup_teardown.py took 0.028 seconds
[2025-09-04T10:47:20.121+0000] {processor.py:157} INFO - Started process (PID=18185) to work on /home/airflow/.local/lib/python3.7/site-packages/airflow/example_dags/example_setup_teardown.py
[2025-09-04T10:47:20.123+0000] {processor.py:826} INFO - Processing file /home/airflow/.local/lib/python3.7/site-packages/airflow/example_dags/example_setup_teardown.py for tasks to queue
[2025-09-04T10:47:20.127+0000] {logging_mixin.py:149} INFO - [2025-09-04T10:47:20.127+0000] {dagbag.py:541} INFO - Filling up the DagBag from /home/airflow/.local/lib/python3.7/site-packages/airflow/example_dags/example_setup_teardown.py
[2025-09-04T10:47:20.129+0000] {processor.py:838} WARNING - No viable dags retrieved from /home/airflow/.local/lib/python3.7/site-packages/airflow/example_dags/example_setup_teardown.py
[2025-09-04T10:47:20.150+0000] {processor.py:179} INFO - Processing /home/airflow/.local/lib/python3.7/site-packages/airflow/example_dags/example_setup_teardown.py took 0.032 seconds
