[2025-09-04T10:10:08.399+0000] {processor.py:157} INFO - Started process (PID=286) to work on /home/airflow/.local/lib/python3.7/site-packages/airflow/example_dags/example_dag_decorator.py
[2025-09-04T10:10:08.400+0000] {processor.py:826} INFO - Processing file /home/airflow/.local/lib/python3.7/site-packages/airflow/example_dags/example_dag_decorator.py for tasks to queue
[2025-09-04T10:10:08.401+0000] {logging_mixin.py:149} INFO - [2025-09-04T10:10:08.401+0000] {dagbag.py:541} INFO - Filling up the DagBag from /home/airflow/.local/lib/python3.7/site-packages/airflow/example_dags/example_dag_decorator.py
[2025-09-04T10:10:08.423+0000] {processor.py:836} INFO - DAG(s) dict_keys(['example_dag_decorator']) retrieved from /home/airflow/.local/lib/python3.7/site-packages/airflow/example_dags/example_dag_decorator.py
[2025-09-04T10:10:08.439+0000] {logging_mixin.py:149} INFO - [2025-09-04T10:10:08.439+0000] {dag.py:2726} INFO - Sync 1 DAGs
[2025-09-04T10:10:08.476+0000] {logging_mixin.py:149} INFO - [2025-09-04T10:10:08.476+0000] {dag.py:3490} INFO - Setting next_dagrun for example_dag_decorator to None, run_after=None
[2025-09-04T10:10:08.499+0000] {processor.py:179} INFO - Processing /home/airflow/.local/lib/python3.7/site-packages/airflow/example_dags/example_dag_decorator.py took 0.104 seconds
[2025-09-04T10:10:38.542+0000] {processor.py:157} INFO - Started process (PID=531) to work on /home/airflow/.local/lib/python3.7/site-packages/airflow/example_dags/example_dag_decorator.py
[2025-09-04T10:10:38.543+0000] {processor.py:826} INFO - Processing file /home/airflow/.local/lib/python3.7/site-packages/airflow/example_dags/example_dag_decorator.py for tasks to queue
[2025-09-04T10:10:38.543+0000] {logging_mixin.py:149} INFO - [2025-09-04T10:10:38.543+0000] {dagbag.py:541} INFO - Filling up the DagBag from /home/airflow/.local/lib/python3.7/site-packages/airflow/example_dags/example_dag_decorator.py
[2025-09-04T10:10:38.559+0000] {processor.py:836} INFO - DAG(s) dict_keys(['example_dag_decorator']) retrieved from /home/airflow/.local/lib/python3.7/site-packages/airflow/example_dags/example_dag_decorator.py
[2025-09-04T10:10:38.694+0000] {logging_mixin.py:149} INFO - [2025-09-04T10:10:38.694+0000] {dag.py:2726} INFO - Sync 1 DAGs
[2025-09-04T10:10:38.720+0000] {logging_mixin.py:149} INFO - [2025-09-04T10:10:38.720+0000] {dag.py:3490} INFO - Setting next_dagrun for example_dag_decorator to None, run_after=None
[2025-09-04T10:10:38.745+0000] {processor.py:179} INFO - Processing /home/airflow/.local/lib/python3.7/site-packages/airflow/example_dags/example_dag_decorator.py took 0.208 seconds
[2025-09-04T10:11:09.592+0000] {processor.py:157} INFO - Started process (PID=776) to work on /home/airflow/.local/lib/python3.7/site-packages/airflow/example_dags/example_dag_decorator.py
[2025-09-04T10:11:09.593+0000] {processor.py:826} INFO - Processing file /home/airflow/.local/lib/python3.7/site-packages/airflow/example_dags/example_dag_decorator.py for tasks to queue
[2025-09-04T10:11:09.594+0000] {logging_mixin.py:149} INFO - [2025-09-04T10:11:09.594+0000] {dagbag.py:541} INFO - Filling up the DagBag from /home/airflow/.local/lib/python3.7/site-packages/airflow/example_dags/example_dag_decorator.py
[2025-09-04T10:11:09.609+0000] {processor.py:836} INFO - DAG(s) dict_keys(['example_dag_decorator']) retrieved from /home/airflow/.local/lib/python3.7/site-packages/airflow/example_dags/example_dag_decorator.py
[2025-09-04T10:11:09.741+0000] {logging_mixin.py:149} INFO - [2025-09-04T10:11:09.741+0000] {dag.py:2726} INFO - Sync 1 DAGs
[2025-09-04T10:11:09.775+0000] {logging_mixin.py:149} INFO - [2025-09-04T10:11:09.775+0000] {dag.py:3490} INFO - Setting next_dagrun for example_dag_decorator to None, run_after=None
[2025-09-04T10:11:09.798+0000] {processor.py:179} INFO - Processing /home/airflow/.local/lib/python3.7/site-packages/airflow/example_dags/example_dag_decorator.py took 0.209 seconds
[2025-09-04T10:11:39.838+0000] {processor.py:157} INFO - Started process (PID=1021) to work on /home/airflow/.local/lib/python3.7/site-packages/airflow/example_dags/example_dag_decorator.py
[2025-09-04T10:11:39.840+0000] {processor.py:826} INFO - Processing file /home/airflow/.local/lib/python3.7/site-packages/airflow/example_dags/example_dag_decorator.py for tasks to queue
[2025-09-04T10:11:39.841+0000] {logging_mixin.py:149} INFO - [2025-09-04T10:11:39.841+0000] {dagbag.py:541} INFO - Filling up the DagBag from /home/airflow/.local/lib/python3.7/site-packages/airflow/example_dags/example_dag_decorator.py
[2025-09-04T10:11:39.858+0000] {processor.py:836} INFO - DAG(s) dict_keys(['example_dag_decorator']) retrieved from /home/airflow/.local/lib/python3.7/site-packages/airflow/example_dags/example_dag_decorator.py
[2025-09-04T10:11:39.996+0000] {logging_mixin.py:149} INFO - [2025-09-04T10:11:39.996+0000] {dag.py:2726} INFO - Sync 1 DAGs
[2025-09-04T10:11:40.027+0000] {logging_mixin.py:149} INFO - [2025-09-04T10:11:40.026+0000] {dag.py:3490} INFO - Setting next_dagrun for example_dag_decorator to None, run_after=None
[2025-09-04T10:11:40.051+0000] {processor.py:179} INFO - Processing /home/airflow/.local/lib/python3.7/site-packages/airflow/example_dags/example_dag_decorator.py took 0.217 seconds
[2025-09-04T10:12:10.529+0000] {processor.py:157} INFO - Started process (PID=1266) to work on /home/airflow/.local/lib/python3.7/site-packages/airflow/example_dags/example_dag_decorator.py
[2025-09-04T10:12:10.530+0000] {processor.py:826} INFO - Processing file /home/airflow/.local/lib/python3.7/site-packages/airflow/example_dags/example_dag_decorator.py for tasks to queue
[2025-09-04T10:12:10.531+0000] {logging_mixin.py:149} INFO - [2025-09-04T10:12:10.530+0000] {dagbag.py:541} INFO - Filling up the DagBag from /home/airflow/.local/lib/python3.7/site-packages/airflow/example_dags/example_dag_decorator.py
[2025-09-04T10:12:10.545+0000] {processor.py:836} INFO - DAG(s) dict_keys(['example_dag_decorator']) retrieved from /home/airflow/.local/lib/python3.7/site-packages/airflow/example_dags/example_dag_decorator.py
[2025-09-04T10:12:10.679+0000] {logging_mixin.py:149} INFO - [2025-09-04T10:12:10.679+0000] {dag.py:2726} INFO - Sync 1 DAGs
[2025-09-04T10:12:10.705+0000] {logging_mixin.py:149} INFO - [2025-09-04T10:12:10.705+0000] {dag.py:3490} INFO - Setting next_dagrun for example_dag_decorator to None, run_after=None
[2025-09-04T10:12:10.729+0000] {processor.py:179} INFO - Processing /home/airflow/.local/lib/python3.7/site-packages/airflow/example_dags/example_dag_decorator.py took 0.203 seconds
[2025-09-04T10:12:40.854+0000] {processor.py:157} INFO - Started process (PID=1511) to work on /home/airflow/.local/lib/python3.7/site-packages/airflow/example_dags/example_dag_decorator.py
[2025-09-04T10:12:40.855+0000] {processor.py:826} INFO - Processing file /home/airflow/.local/lib/python3.7/site-packages/airflow/example_dags/example_dag_decorator.py for tasks to queue
[2025-09-04T10:12:40.856+0000] {logging_mixin.py:149} INFO - [2025-09-04T10:12:40.856+0000] {dagbag.py:541} INFO - Filling up the DagBag from /home/airflow/.local/lib/python3.7/site-packages/airflow/example_dags/example_dag_decorator.py
[2025-09-04T10:12:40.871+0000] {processor.py:836} INFO - DAG(s) dict_keys(['example_dag_decorator']) retrieved from /home/airflow/.local/lib/python3.7/site-packages/airflow/example_dags/example_dag_decorator.py
[2025-09-04T10:12:41.011+0000] {logging_mixin.py:149} INFO - [2025-09-04T10:12:41.011+0000] {dag.py:2726} INFO - Sync 1 DAGs
[2025-09-04T10:12:41.038+0000] {logging_mixin.py:149} INFO - [2025-09-04T10:12:41.038+0000] {dag.py:3490} INFO - Setting next_dagrun for example_dag_decorator to None, run_after=None
[2025-09-04T10:12:41.075+0000] {processor.py:179} INFO - Processing /home/airflow/.local/lib/python3.7/site-packages/airflow/example_dags/example_dag_decorator.py took 0.224 seconds
[2025-09-04T10:13:11.125+0000] {processor.py:157} INFO - Started process (PID=1756) to work on /home/airflow/.local/lib/python3.7/site-packages/airflow/example_dags/example_dag_decorator.py
[2025-09-04T10:13:11.126+0000] {processor.py:826} INFO - Processing file /home/airflow/.local/lib/python3.7/site-packages/airflow/example_dags/example_dag_decorator.py for tasks to queue
[2025-09-04T10:13:11.131+0000] {logging_mixin.py:149} INFO - [2025-09-04T10:13:11.130+0000] {dagbag.py:541} INFO - Filling up the DagBag from /home/airflow/.local/lib/python3.7/site-packages/airflow/example_dags/example_dag_decorator.py
[2025-09-04T10:13:11.145+0000] {processor.py:836} INFO - DAG(s) dict_keys(['example_dag_decorator']) retrieved from /home/airflow/.local/lib/python3.7/site-packages/airflow/example_dags/example_dag_decorator.py
[2025-09-04T10:13:11.282+0000] {logging_mixin.py:149} INFO - [2025-09-04T10:13:11.282+0000] {dag.py:2726} INFO - Sync 1 DAGs
[2025-09-04T10:13:11.319+0000] {logging_mixin.py:149} INFO - [2025-09-04T10:13:11.319+0000] {dag.py:3490} INFO - Setting next_dagrun for example_dag_decorator to None, run_after=None
[2025-09-04T10:13:11.382+0000] {processor.py:179} INFO - Processing /home/airflow/.local/lib/python3.7/site-packages/airflow/example_dags/example_dag_decorator.py took 0.260 seconds
[2025-09-04T10:13:41.525+0000] {processor.py:157} INFO - Started process (PID=2001) to work on /home/airflow/.local/lib/python3.7/site-packages/airflow/example_dags/example_dag_decorator.py
[2025-09-04T10:13:41.526+0000] {processor.py:826} INFO - Processing file /home/airflow/.local/lib/python3.7/site-packages/airflow/example_dags/example_dag_decorator.py for tasks to queue
[2025-09-04T10:13:41.527+0000] {logging_mixin.py:149} INFO - [2025-09-04T10:13:41.527+0000] {dagbag.py:541} INFO - Filling up the DagBag from /home/airflow/.local/lib/python3.7/site-packages/airflow/example_dags/example_dag_decorator.py
[2025-09-04T10:13:41.542+0000] {processor.py:836} INFO - DAG(s) dict_keys(['example_dag_decorator']) retrieved from /home/airflow/.local/lib/python3.7/site-packages/airflow/example_dags/example_dag_decorator.py
[2025-09-04T10:13:41.683+0000] {logging_mixin.py:149} INFO - [2025-09-04T10:13:41.683+0000] {dag.py:2726} INFO - Sync 1 DAGs
[2025-09-04T10:13:41.725+0000] {logging_mixin.py:149} INFO - [2025-09-04T10:13:41.724+0000] {dag.py:3490} INFO - Setting next_dagrun for example_dag_decorator to None, run_after=None
[2025-09-04T10:13:41.757+0000] {processor.py:179} INFO - Processing /home/airflow/.local/lib/python3.7/site-packages/airflow/example_dags/example_dag_decorator.py took 0.235 seconds
[2025-09-04T10:14:11.952+0000] {processor.py:157} INFO - Started process (PID=2246) to work on /home/airflow/.local/lib/python3.7/site-packages/airflow/example_dags/example_dag_decorator.py
[2025-09-04T10:14:11.955+0000] {processor.py:826} INFO - Processing file /home/airflow/.local/lib/python3.7/site-packages/airflow/example_dags/example_dag_decorator.py for tasks to queue
[2025-09-04T10:14:11.957+0000] {logging_mixin.py:149} INFO - [2025-09-04T10:14:11.956+0000] {dagbag.py:541} INFO - Filling up the DagBag from /home/airflow/.local/lib/python3.7/site-packages/airflow/example_dags/example_dag_decorator.py
[2025-09-04T10:14:11.989+0000] {processor.py:836} INFO - DAG(s) dict_keys(['example_dag_decorator']) retrieved from /home/airflow/.local/lib/python3.7/site-packages/airflow/example_dags/example_dag_decorator.py
[2025-09-04T10:14:12.183+0000] {logging_mixin.py:149} INFO - [2025-09-04T10:14:12.183+0000] {dag.py:2726} INFO - Sync 1 DAGs
[2025-09-04T10:14:12.219+0000] {logging_mixin.py:149} INFO - [2025-09-04T10:14:12.219+0000] {dag.py:3490} INFO - Setting next_dagrun for example_dag_decorator to None, run_after=None
[2025-09-04T10:14:20.358+0000] {processor.py:179} INFO - Processing /home/airflow/.local/lib/python3.7/site-packages/airflow/example_dags/example_dag_decorator.py took 8.412 seconds
[2025-09-04T10:14:51.292+0000] {processor.py:157} INFO - Started process (PID=2493) to work on /home/airflow/.local/lib/python3.7/site-packages/airflow/example_dags/example_dag_decorator.py
[2025-09-04T10:14:51.294+0000] {processor.py:826} INFO - Processing file /home/airflow/.local/lib/python3.7/site-packages/airflow/example_dags/example_dag_decorator.py for tasks to queue
[2025-09-04T10:14:51.295+0000] {logging_mixin.py:149} INFO - [2025-09-04T10:14:51.294+0000] {dagbag.py:541} INFO - Filling up the DagBag from /home/airflow/.local/lib/python3.7/site-packages/airflow/example_dags/example_dag_decorator.py
[2025-09-04T10:14:51.318+0000] {processor.py:836} INFO - DAG(s) dict_keys(['example_dag_decorator']) retrieved from /home/airflow/.local/lib/python3.7/site-packages/airflow/example_dags/example_dag_decorator.py
[2025-09-04T10:14:51.519+0000] {logging_mixin.py:149} INFO - [2025-09-04T10:14:51.519+0000] {dag.py:2726} INFO - Sync 1 DAGs
[2025-09-04T10:14:51.546+0000] {logging_mixin.py:149} INFO - [2025-09-04T10:14:51.546+0000] {dag.py:3490} INFO - Setting next_dagrun for example_dag_decorator to None, run_after=None
[2025-09-04T10:14:51.570+0000] {processor.py:179} INFO - Processing /home/airflow/.local/lib/python3.7/site-packages/airflow/example_dags/example_dag_decorator.py took 0.282 seconds
[2025-09-04T10:15:21.998+0000] {processor.py:157} INFO - Started process (PID=2736) to work on /home/airflow/.local/lib/python3.7/site-packages/airflow/example_dags/example_dag_decorator.py
[2025-09-04T10:15:21.999+0000] {processor.py:826} INFO - Processing file /home/airflow/.local/lib/python3.7/site-packages/airflow/example_dags/example_dag_decorator.py for tasks to queue
[2025-09-04T10:15:21.999+0000] {logging_mixin.py:149} INFO - [2025-09-04T10:15:21.999+0000] {dagbag.py:541} INFO - Filling up the DagBag from /home/airflow/.local/lib/python3.7/site-packages/airflow/example_dags/example_dag_decorator.py
[2025-09-04T10:15:22.016+0000] {processor.py:836} INFO - DAG(s) dict_keys(['example_dag_decorator']) retrieved from /home/airflow/.local/lib/python3.7/site-packages/airflow/example_dags/example_dag_decorator.py
[2025-09-04T10:15:22.163+0000] {logging_mixin.py:149} INFO - [2025-09-04T10:15:22.163+0000] {dag.py:2726} INFO - Sync 1 DAGs
[2025-09-04T10:15:22.191+0000] {logging_mixin.py:149} INFO - [2025-09-04T10:15:22.191+0000] {dag.py:3490} INFO - Setting next_dagrun for example_dag_decorator to None, run_after=None
[2025-09-04T10:15:22.215+0000] {processor.py:179} INFO - Processing /home/airflow/.local/lib/python3.7/site-packages/airflow/example_dags/example_dag_decorator.py took 0.221 seconds
[2025-09-04T10:15:52.572+0000] {processor.py:157} INFO - Started process (PID=2981) to work on /home/airflow/.local/lib/python3.7/site-packages/airflow/example_dags/example_dag_decorator.py
[2025-09-04T10:15:52.573+0000] {processor.py:826} INFO - Processing file /home/airflow/.local/lib/python3.7/site-packages/airflow/example_dags/example_dag_decorator.py for tasks to queue
[2025-09-04T10:15:52.574+0000] {logging_mixin.py:149} INFO - [2025-09-04T10:15:52.574+0000] {dagbag.py:541} INFO - Filling up the DagBag from /home/airflow/.local/lib/python3.7/site-packages/airflow/example_dags/example_dag_decorator.py
[2025-09-04T10:15:52.589+0000] {processor.py:836} INFO - DAG(s) dict_keys(['example_dag_decorator']) retrieved from /home/airflow/.local/lib/python3.7/site-packages/airflow/example_dags/example_dag_decorator.py
[2025-09-04T10:15:52.726+0000] {logging_mixin.py:149} INFO - [2025-09-04T10:15:52.726+0000] {dag.py:2726} INFO - Sync 1 DAGs
[2025-09-04T10:15:52.756+0000] {logging_mixin.py:149} INFO - [2025-09-04T10:15:52.756+0000] {dag.py:3490} INFO - Setting next_dagrun for example_dag_decorator to None, run_after=None
[2025-09-04T10:15:52.781+0000] {processor.py:179} INFO - Processing /home/airflow/.local/lib/python3.7/site-packages/airflow/example_dags/example_dag_decorator.py took 0.213 seconds
[2025-09-04T10:16:23.233+0000] {processor.py:157} INFO - Started process (PID=3226) to work on /home/airflow/.local/lib/python3.7/site-packages/airflow/example_dags/example_dag_decorator.py
[2025-09-04T10:16:23.234+0000] {processor.py:826} INFO - Processing file /home/airflow/.local/lib/python3.7/site-packages/airflow/example_dags/example_dag_decorator.py for tasks to queue
[2025-09-04T10:16:23.235+0000] {logging_mixin.py:149} INFO - [2025-09-04T10:16:23.234+0000] {dagbag.py:541} INFO - Filling up the DagBag from /home/airflow/.local/lib/python3.7/site-packages/airflow/example_dags/example_dag_decorator.py
[2025-09-04T10:16:23.250+0000] {processor.py:836} INFO - DAG(s) dict_keys(['example_dag_decorator']) retrieved from /home/airflow/.local/lib/python3.7/site-packages/airflow/example_dags/example_dag_decorator.py
[2025-09-04T10:16:23.384+0000] {logging_mixin.py:149} INFO - [2025-09-04T10:16:23.384+0000] {dag.py:2726} INFO - Sync 1 DAGs
[2025-09-04T10:16:23.411+0000] {logging_mixin.py:149} INFO - [2025-09-04T10:16:23.411+0000] {dag.py:3490} INFO - Setting next_dagrun for example_dag_decorator to None, run_after=None
[2025-09-04T10:16:23.433+0000] {processor.py:179} INFO - Processing /home/airflow/.local/lib/python3.7/site-packages/airflow/example_dags/example_dag_decorator.py took 0.204 seconds
[2025-09-04T10:16:53.630+0000] {processor.py:157} INFO - Started process (PID=3471) to work on /home/airflow/.local/lib/python3.7/site-packages/airflow/example_dags/example_dag_decorator.py
[2025-09-04T10:16:53.631+0000] {processor.py:826} INFO - Processing file /home/airflow/.local/lib/python3.7/site-packages/airflow/example_dags/example_dag_decorator.py for tasks to queue
[2025-09-04T10:16:53.632+0000] {logging_mixin.py:149} INFO - [2025-09-04T10:16:53.632+0000] {dagbag.py:541} INFO - Filling up the DagBag from /home/airflow/.local/lib/python3.7/site-packages/airflow/example_dags/example_dag_decorator.py
[2025-09-04T10:16:53.647+0000] {processor.py:836} INFO - DAG(s) dict_keys(['example_dag_decorator']) retrieved from /home/airflow/.local/lib/python3.7/site-packages/airflow/example_dags/example_dag_decorator.py
[2025-09-04T10:16:53.780+0000] {logging_mixin.py:149} INFO - [2025-09-04T10:16:53.780+0000] {dag.py:2726} INFO - Sync 1 DAGs
[2025-09-04T10:16:53.807+0000] {logging_mixin.py:149} INFO - [2025-09-04T10:16:53.807+0000] {dag.py:3490} INFO - Setting next_dagrun for example_dag_decorator to None, run_after=None
[2025-09-04T10:16:53.829+0000] {processor.py:179} INFO - Processing /home/airflow/.local/lib/python3.7/site-packages/airflow/example_dags/example_dag_decorator.py took 0.202 seconds
[2025-09-04T10:17:24.779+0000] {processor.py:157} INFO - Started process (PID=3716) to work on /home/airflow/.local/lib/python3.7/site-packages/airflow/example_dags/example_dag_decorator.py
[2025-09-04T10:17:24.780+0000] {processor.py:826} INFO - Processing file /home/airflow/.local/lib/python3.7/site-packages/airflow/example_dags/example_dag_decorator.py for tasks to queue
[2025-09-04T10:17:24.781+0000] {logging_mixin.py:149} INFO - [2025-09-04T10:17:24.780+0000] {dagbag.py:541} INFO - Filling up the DagBag from /home/airflow/.local/lib/python3.7/site-packages/airflow/example_dags/example_dag_decorator.py
[2025-09-04T10:17:24.797+0000] {processor.py:836} INFO - DAG(s) dict_keys(['example_dag_decorator']) retrieved from /home/airflow/.local/lib/python3.7/site-packages/airflow/example_dags/example_dag_decorator.py
[2025-09-04T10:17:24.930+0000] {logging_mixin.py:149} INFO - [2025-09-04T10:17:24.930+0000] {dag.py:2726} INFO - Sync 1 DAGs
[2025-09-04T10:17:24.957+0000] {logging_mixin.py:149} INFO - [2025-09-04T10:17:24.957+0000] {dag.py:3490} INFO - Setting next_dagrun for example_dag_decorator to None, run_after=None
[2025-09-04T10:17:24.979+0000] {processor.py:179} INFO - Processing /home/airflow/.local/lib/python3.7/site-packages/airflow/example_dags/example_dag_decorator.py took 0.204 seconds
[2025-09-04T10:17:55.622+0000] {processor.py:157} INFO - Started process (PID=3961) to work on /home/airflow/.local/lib/python3.7/site-packages/airflow/example_dags/example_dag_decorator.py
[2025-09-04T10:17:55.623+0000] {processor.py:826} INFO - Processing file /home/airflow/.local/lib/python3.7/site-packages/airflow/example_dags/example_dag_decorator.py for tasks to queue
[2025-09-04T10:17:55.624+0000] {logging_mixin.py:149} INFO - [2025-09-04T10:17:55.624+0000] {dagbag.py:541} INFO - Filling up the DagBag from /home/airflow/.local/lib/python3.7/site-packages/airflow/example_dags/example_dag_decorator.py
[2025-09-04T10:17:55.639+0000] {processor.py:836} INFO - DAG(s) dict_keys(['example_dag_decorator']) retrieved from /home/airflow/.local/lib/python3.7/site-packages/airflow/example_dags/example_dag_decorator.py
[2025-09-04T10:17:55.776+0000] {logging_mixin.py:149} INFO - [2025-09-04T10:17:55.775+0000] {dag.py:2726} INFO - Sync 1 DAGs
[2025-09-04T10:17:55.803+0000] {logging_mixin.py:149} INFO - [2025-09-04T10:17:55.803+0000] {dag.py:3490} INFO - Setting next_dagrun for example_dag_decorator to None, run_after=None
[2025-09-04T10:17:55.825+0000] {processor.py:179} INFO - Processing /home/airflow/.local/lib/python3.7/site-packages/airflow/example_dags/example_dag_decorator.py took 0.206 seconds
[2025-09-04T10:18:26.706+0000] {processor.py:157} INFO - Started process (PID=4206) to work on /home/airflow/.local/lib/python3.7/site-packages/airflow/example_dags/example_dag_decorator.py
[2025-09-04T10:18:26.707+0000] {processor.py:826} INFO - Processing file /home/airflow/.local/lib/python3.7/site-packages/airflow/example_dags/example_dag_decorator.py for tasks to queue
[2025-09-04T10:18:26.708+0000] {logging_mixin.py:149} INFO - [2025-09-04T10:18:26.707+0000] {dagbag.py:541} INFO - Filling up the DagBag from /home/airflow/.local/lib/python3.7/site-packages/airflow/example_dags/example_dag_decorator.py
[2025-09-04T10:18:26.723+0000] {processor.py:836} INFO - DAG(s) dict_keys(['example_dag_decorator']) retrieved from /home/airflow/.local/lib/python3.7/site-packages/airflow/example_dags/example_dag_decorator.py
[2025-09-04T10:18:26.856+0000] {logging_mixin.py:149} INFO - [2025-09-04T10:18:26.856+0000] {dag.py:2726} INFO - Sync 1 DAGs
[2025-09-04T10:18:26.882+0000] {logging_mixin.py:149} INFO - [2025-09-04T10:18:26.882+0000] {dag.py:3490} INFO - Setting next_dagrun for example_dag_decorator to None, run_after=None
[2025-09-04T10:18:26.907+0000] {processor.py:179} INFO - Processing /home/airflow/.local/lib/python3.7/site-packages/airflow/example_dags/example_dag_decorator.py took 0.205 seconds
[2025-09-04T10:18:57.040+0000] {processor.py:157} INFO - Started process (PID=4451) to work on /home/airflow/.local/lib/python3.7/site-packages/airflow/example_dags/example_dag_decorator.py
[2025-09-04T10:18:57.041+0000] {processor.py:826} INFO - Processing file /home/airflow/.local/lib/python3.7/site-packages/airflow/example_dags/example_dag_decorator.py for tasks to queue
[2025-09-04T10:18:57.042+0000] {logging_mixin.py:149} INFO - [2025-09-04T10:18:57.042+0000] {dagbag.py:541} INFO - Filling up the DagBag from /home/airflow/.local/lib/python3.7/site-packages/airflow/example_dags/example_dag_decorator.py
[2025-09-04T10:18:57.060+0000] {processor.py:836} INFO - DAG(s) dict_keys(['example_dag_decorator']) retrieved from /home/airflow/.local/lib/python3.7/site-packages/airflow/example_dags/example_dag_decorator.py
[2025-09-04T10:18:57.231+0000] {logging_mixin.py:149} INFO - [2025-09-04T10:18:57.231+0000] {dag.py:2726} INFO - Sync 1 DAGs
[2025-09-04T10:18:57.261+0000] {logging_mixin.py:149} INFO - [2025-09-04T10:18:57.261+0000] {dag.py:3490} INFO - Setting next_dagrun for example_dag_decorator to None, run_after=None
[2025-09-04T10:18:57.290+0000] {processor.py:179} INFO - Processing /home/airflow/.local/lib/python3.7/site-packages/airflow/example_dags/example_dag_decorator.py took 0.255 seconds
[2025-09-04T10:19:27.329+0000] {processor.py:157} INFO - Started process (PID=4696) to work on /home/airflow/.local/lib/python3.7/site-packages/airflow/example_dags/example_dag_decorator.py
[2025-09-04T10:19:27.330+0000] {processor.py:826} INFO - Processing file /home/airflow/.local/lib/python3.7/site-packages/airflow/example_dags/example_dag_decorator.py for tasks to queue
[2025-09-04T10:19:27.331+0000] {logging_mixin.py:149} INFO - [2025-09-04T10:19:27.331+0000] {dagbag.py:541} INFO - Filling up the DagBag from /home/airflow/.local/lib/python3.7/site-packages/airflow/example_dags/example_dag_decorator.py
[2025-09-04T10:19:27.346+0000] {processor.py:836} INFO - DAG(s) dict_keys(['example_dag_decorator']) retrieved from /home/airflow/.local/lib/python3.7/site-packages/airflow/example_dags/example_dag_decorator.py
[2025-09-04T10:19:27.480+0000] {logging_mixin.py:149} INFO - [2025-09-04T10:19:27.480+0000] {dag.py:2726} INFO - Sync 1 DAGs
[2025-09-04T10:19:27.509+0000] {logging_mixin.py:149} INFO - [2025-09-04T10:19:27.509+0000] {dag.py:3490} INFO - Setting next_dagrun for example_dag_decorator to None, run_after=None
[2025-09-04T10:19:27.534+0000] {processor.py:179} INFO - Processing /home/airflow/.local/lib/python3.7/site-packages/airflow/example_dags/example_dag_decorator.py took 0.208 seconds
[2025-09-04T10:19:57.776+0000] {processor.py:157} INFO - Started process (PID=4941) to work on /home/airflow/.local/lib/python3.7/site-packages/airflow/example_dags/example_dag_decorator.py
[2025-09-04T10:19:57.777+0000] {processor.py:826} INFO - Processing file /home/airflow/.local/lib/python3.7/site-packages/airflow/example_dags/example_dag_decorator.py for tasks to queue
[2025-09-04T10:19:57.777+0000] {logging_mixin.py:149} INFO - [2025-09-04T10:19:57.777+0000] {dagbag.py:541} INFO - Filling up the DagBag from /home/airflow/.local/lib/python3.7/site-packages/airflow/example_dags/example_dag_decorator.py
[2025-09-04T10:19:57.792+0000] {processor.py:836} INFO - DAG(s) dict_keys(['example_dag_decorator']) retrieved from /home/airflow/.local/lib/python3.7/site-packages/airflow/example_dags/example_dag_decorator.py
[2025-09-04T10:19:57.942+0000] {logging_mixin.py:149} INFO - [2025-09-04T10:19:57.942+0000] {dag.py:2726} INFO - Sync 1 DAGs
[2025-09-04T10:19:57.972+0000] {logging_mixin.py:149} INFO - [2025-09-04T10:19:57.971+0000] {dag.py:3490} INFO - Setting next_dagrun for example_dag_decorator to None, run_after=None
[2025-09-04T10:19:57.998+0000] {processor.py:179} INFO - Processing /home/airflow/.local/lib/python3.7/site-packages/airflow/example_dags/example_dag_decorator.py took 0.225 seconds
[2025-09-04T10:20:28.055+0000] {processor.py:157} INFO - Started process (PID=5186) to work on /home/airflow/.local/lib/python3.7/site-packages/airflow/example_dags/example_dag_decorator.py
[2025-09-04T10:20:28.056+0000] {processor.py:826} INFO - Processing file /home/airflow/.local/lib/python3.7/site-packages/airflow/example_dags/example_dag_decorator.py for tasks to queue
[2025-09-04T10:20:28.057+0000] {logging_mixin.py:149} INFO - [2025-09-04T10:20:28.057+0000] {dagbag.py:541} INFO - Filling up the DagBag from /home/airflow/.local/lib/python3.7/site-packages/airflow/example_dags/example_dag_decorator.py
[2025-09-04T10:20:28.075+0000] {processor.py:836} INFO - DAG(s) dict_keys(['example_dag_decorator']) retrieved from /home/airflow/.local/lib/python3.7/site-packages/airflow/example_dags/example_dag_decorator.py
[2025-09-04T10:20:28.207+0000] {logging_mixin.py:149} INFO - [2025-09-04T10:20:28.207+0000] {dag.py:2726} INFO - Sync 1 DAGs
[2025-09-04T10:20:28.234+0000] {logging_mixin.py:149} INFO - [2025-09-04T10:20:28.234+0000] {dag.py:3490} INFO - Setting next_dagrun for example_dag_decorator to None, run_after=None
[2025-09-04T10:20:28.261+0000] {processor.py:179} INFO - Processing /home/airflow/.local/lib/python3.7/site-packages/airflow/example_dags/example_dag_decorator.py took 0.209 seconds
[2025-09-04T10:20:58.768+0000] {processor.py:157} INFO - Started process (PID=5431) to work on /home/airflow/.local/lib/python3.7/site-packages/airflow/example_dags/example_dag_decorator.py
[2025-09-04T10:20:58.768+0000] {processor.py:826} INFO - Processing file /home/airflow/.local/lib/python3.7/site-packages/airflow/example_dags/example_dag_decorator.py for tasks to queue
[2025-09-04T10:20:58.769+0000] {logging_mixin.py:149} INFO - [2025-09-04T10:20:58.769+0000] {dagbag.py:541} INFO - Filling up the DagBag from /home/airflow/.local/lib/python3.7/site-packages/airflow/example_dags/example_dag_decorator.py
[2025-09-04T10:20:58.785+0000] {processor.py:836} INFO - DAG(s) dict_keys(['example_dag_decorator']) retrieved from /home/airflow/.local/lib/python3.7/site-packages/airflow/example_dags/example_dag_decorator.py
[2025-09-04T10:20:58.932+0000] {logging_mixin.py:149} INFO - [2025-09-04T10:20:58.932+0000] {dag.py:2726} INFO - Sync 1 DAGs
[2025-09-04T10:20:58.961+0000] {logging_mixin.py:149} INFO - [2025-09-04T10:20:58.961+0000] {dag.py:3490} INFO - Setting next_dagrun for example_dag_decorator to None, run_after=None
[2025-09-04T10:20:58.987+0000] {processor.py:179} INFO - Processing /home/airflow/.local/lib/python3.7/site-packages/airflow/example_dags/example_dag_decorator.py took 0.223 seconds
[2025-09-04T10:21:29.804+0000] {processor.py:157} INFO - Started process (PID=5676) to work on /home/airflow/.local/lib/python3.7/site-packages/airflow/example_dags/example_dag_decorator.py
[2025-09-04T10:21:29.805+0000] {processor.py:826} INFO - Processing file /home/airflow/.local/lib/python3.7/site-packages/airflow/example_dags/example_dag_decorator.py for tasks to queue
[2025-09-04T10:21:29.806+0000] {logging_mixin.py:149} INFO - [2025-09-04T10:21:29.806+0000] {dagbag.py:541} INFO - Filling up the DagBag from /home/airflow/.local/lib/python3.7/site-packages/airflow/example_dags/example_dag_decorator.py
[2025-09-04T10:21:29.821+0000] {processor.py:836} INFO - DAG(s) dict_keys(['example_dag_decorator']) retrieved from /home/airflow/.local/lib/python3.7/site-packages/airflow/example_dags/example_dag_decorator.py
[2025-09-04T10:21:29.965+0000] {logging_mixin.py:149} INFO - [2025-09-04T10:21:29.965+0000] {dag.py:2726} INFO - Sync 1 DAGs
[2025-09-04T10:21:29.995+0000] {logging_mixin.py:149} INFO - [2025-09-04T10:21:29.994+0000] {dag.py:3490} INFO - Setting next_dagrun for example_dag_decorator to None, run_after=None
[2025-09-04T10:21:30.025+0000] {processor.py:179} INFO - Processing /home/airflow/.local/lib/python3.7/site-packages/airflow/example_dags/example_dag_decorator.py took 0.224 seconds
[2025-09-04T10:22:00.992+0000] {processor.py:157} INFO - Started process (PID=5921) to work on /home/airflow/.local/lib/python3.7/site-packages/airflow/example_dags/example_dag_decorator.py
[2025-09-04T10:22:00.995+0000] {processor.py:826} INFO - Processing file /home/airflow/.local/lib/python3.7/site-packages/airflow/example_dags/example_dag_decorator.py for tasks to queue
[2025-09-04T10:22:00.996+0000] {logging_mixin.py:149} INFO - [2025-09-04T10:22:00.996+0000] {dagbag.py:541} INFO - Filling up the DagBag from /home/airflow/.local/lib/python3.7/site-packages/airflow/example_dags/example_dag_decorator.py
[2025-09-04T10:22:01.014+0000] {processor.py:836} INFO - DAG(s) dict_keys(['example_dag_decorator']) retrieved from /home/airflow/.local/lib/python3.7/site-packages/airflow/example_dags/example_dag_decorator.py
[2025-09-04T10:22:01.174+0000] {logging_mixin.py:149} INFO - [2025-09-04T10:22:01.173+0000] {dag.py:2726} INFO - Sync 1 DAGs
[2025-09-04T10:22:01.203+0000] {logging_mixin.py:149} INFO - [2025-09-04T10:22:01.203+0000] {dag.py:3490} INFO - Setting next_dagrun for example_dag_decorator to None, run_after=None
[2025-09-04T10:22:01.243+0000] {processor.py:179} INFO - Processing /home/airflow/.local/lib/python3.7/site-packages/airflow/example_dags/example_dag_decorator.py took 0.255 seconds
[2025-09-04T10:22:31.319+0000] {processor.py:157} INFO - Started process (PID=6166) to work on /home/airflow/.local/lib/python3.7/site-packages/airflow/example_dags/example_dag_decorator.py
[2025-09-04T10:22:31.320+0000] {processor.py:826} INFO - Processing file /home/airflow/.local/lib/python3.7/site-packages/airflow/example_dags/example_dag_decorator.py for tasks to queue
[2025-09-04T10:22:31.321+0000] {logging_mixin.py:149} INFO - [2025-09-04T10:22:31.321+0000] {dagbag.py:541} INFO - Filling up the DagBag from /home/airflow/.local/lib/python3.7/site-packages/airflow/example_dags/example_dag_decorator.py
[2025-09-04T10:22:31.339+0000] {processor.py:836} INFO - DAG(s) dict_keys(['example_dag_decorator']) retrieved from /home/airflow/.local/lib/python3.7/site-packages/airflow/example_dags/example_dag_decorator.py
[2025-09-04T10:22:31.507+0000] {logging_mixin.py:149} INFO - [2025-09-04T10:22:31.507+0000] {dag.py:2726} INFO - Sync 1 DAGs
[2025-09-04T10:22:31.545+0000] {logging_mixin.py:149} INFO - [2025-09-04T10:22:31.545+0000] {dag.py:3490} INFO - Setting next_dagrun for example_dag_decorator to None, run_after=None
[2025-09-04T10:22:31.601+0000] {processor.py:179} INFO - Processing /home/airflow/.local/lib/python3.7/site-packages/airflow/example_dags/example_dag_decorator.py took 0.286 seconds
[2025-09-04T10:23:01.838+0000] {processor.py:157} INFO - Started process (PID=6413) to work on /home/airflow/.local/lib/python3.7/site-packages/airflow/example_dags/example_dag_decorator.py
[2025-09-04T10:23:01.839+0000] {processor.py:826} INFO - Processing file /home/airflow/.local/lib/python3.7/site-packages/airflow/example_dags/example_dag_decorator.py for tasks to queue
[2025-09-04T10:23:01.841+0000] {logging_mixin.py:149} INFO - [2025-09-04T10:23:01.840+0000] {dagbag.py:541} INFO - Filling up the DagBag from /home/airflow/.local/lib/python3.7/site-packages/airflow/example_dags/example_dag_decorator.py
[2025-09-04T10:23:01.864+0000] {processor.py:836} INFO - DAG(s) dict_keys(['example_dag_decorator']) retrieved from /home/airflow/.local/lib/python3.7/site-packages/airflow/example_dags/example_dag_decorator.py
[2025-09-04T10:23:02.059+0000] {logging_mixin.py:149} INFO - [2025-09-04T10:23:02.059+0000] {dag.py:2726} INFO - Sync 1 DAGs
[2025-09-04T10:23:02.086+0000] {logging_mixin.py:149} INFO - [2025-09-04T10:23:02.086+0000] {dag.py:3490} INFO - Setting next_dagrun for example_dag_decorator to None, run_after=None
[2025-09-04T10:23:02.108+0000] {processor.py:179} INFO - Processing /home/airflow/.local/lib/python3.7/site-packages/airflow/example_dags/example_dag_decorator.py took 0.274 seconds
[2025-09-04T10:23:32.210+0000] {processor.py:157} INFO - Started process (PID=6658) to work on /home/airflow/.local/lib/python3.7/site-packages/airflow/example_dags/example_dag_decorator.py
[2025-09-04T10:23:32.211+0000] {processor.py:826} INFO - Processing file /home/airflow/.local/lib/python3.7/site-packages/airflow/example_dags/example_dag_decorator.py for tasks to queue
[2025-09-04T10:23:32.212+0000] {logging_mixin.py:149} INFO - [2025-09-04T10:23:32.212+0000] {dagbag.py:541} INFO - Filling up the DagBag from /home/airflow/.local/lib/python3.7/site-packages/airflow/example_dags/example_dag_decorator.py
[2025-09-04T10:23:32.236+0000] {processor.py:836} INFO - DAG(s) dict_keys(['example_dag_decorator']) retrieved from /home/airflow/.local/lib/python3.7/site-packages/airflow/example_dags/example_dag_decorator.py
[2025-09-04T10:23:32.424+0000] {logging_mixin.py:149} INFO - [2025-09-04T10:23:32.424+0000] {dag.py:2726} INFO - Sync 1 DAGs
[2025-09-04T10:23:32.450+0000] {logging_mixin.py:149} INFO - [2025-09-04T10:23:32.450+0000] {dag.py:3490} INFO - Setting next_dagrun for example_dag_decorator to None, run_after=None
[2025-09-04T10:23:32.473+0000] {processor.py:179} INFO - Processing /home/airflow/.local/lib/python3.7/site-packages/airflow/example_dags/example_dag_decorator.py took 0.269 seconds
[2025-09-04T10:24:03.179+0000] {processor.py:157} INFO - Started process (PID=6901) to work on /home/airflow/.local/lib/python3.7/site-packages/airflow/example_dags/example_dag_decorator.py
[2025-09-04T10:24:03.180+0000] {processor.py:826} INFO - Processing file /home/airflow/.local/lib/python3.7/site-packages/airflow/example_dags/example_dag_decorator.py for tasks to queue
[2025-09-04T10:24:03.181+0000] {logging_mixin.py:149} INFO - [2025-09-04T10:24:03.180+0000] {dagbag.py:541} INFO - Filling up the DagBag from /home/airflow/.local/lib/python3.7/site-packages/airflow/example_dags/example_dag_decorator.py
[2025-09-04T10:24:03.198+0000] {processor.py:836} INFO - DAG(s) dict_keys(['example_dag_decorator']) retrieved from /home/airflow/.local/lib/python3.7/site-packages/airflow/example_dags/example_dag_decorator.py
[2025-09-04T10:24:03.367+0000] {logging_mixin.py:149} INFO - [2025-09-04T10:24:03.367+0000] {dag.py:2726} INFO - Sync 1 DAGs
[2025-09-04T10:24:03.394+0000] {logging_mixin.py:149} INFO - [2025-09-04T10:24:03.394+0000] {dag.py:3490} INFO - Setting next_dagrun for example_dag_decorator to None, run_after=None
[2025-09-04T10:24:03.422+0000] {processor.py:179} INFO - Processing /home/airflow/.local/lib/python3.7/site-packages/airflow/example_dags/example_dag_decorator.py took 0.247 seconds
[2025-09-04T10:24:33.892+0000] {processor.py:157} INFO - Started process (PID=7146) to work on /home/airflow/.local/lib/python3.7/site-packages/airflow/example_dags/example_dag_decorator.py
[2025-09-04T10:24:33.893+0000] {processor.py:826} INFO - Processing file /home/airflow/.local/lib/python3.7/site-packages/airflow/example_dags/example_dag_decorator.py for tasks to queue
[2025-09-04T10:24:33.894+0000] {logging_mixin.py:149} INFO - [2025-09-04T10:24:33.894+0000] {dagbag.py:541} INFO - Filling up the DagBag from /home/airflow/.local/lib/python3.7/site-packages/airflow/example_dags/example_dag_decorator.py
[2025-09-04T10:24:33.914+0000] {processor.py:836} INFO - DAG(s) dict_keys(['example_dag_decorator']) retrieved from /home/airflow/.local/lib/python3.7/site-packages/airflow/example_dags/example_dag_decorator.py
[2025-09-04T10:24:34.071+0000] {logging_mixin.py:149} INFO - [2025-09-04T10:24:34.070+0000] {dag.py:2726} INFO - Sync 1 DAGs
[2025-09-04T10:24:34.109+0000] {logging_mixin.py:149} INFO - [2025-09-04T10:24:34.109+0000] {dag.py:3490} INFO - Setting next_dagrun for example_dag_decorator to None, run_after=None
[2025-09-04T10:24:34.139+0000] {processor.py:179} INFO - Processing /home/airflow/.local/lib/python3.7/site-packages/airflow/example_dags/example_dag_decorator.py took 0.251 seconds
[2025-09-04T10:25:05.090+0000] {processor.py:157} INFO - Started process (PID=7391) to work on /home/airflow/.local/lib/python3.7/site-packages/airflow/example_dags/example_dag_decorator.py
[2025-09-04T10:25:05.091+0000] {processor.py:826} INFO - Processing file /home/airflow/.local/lib/python3.7/site-packages/airflow/example_dags/example_dag_decorator.py for tasks to queue
[2025-09-04T10:25:05.092+0000] {logging_mixin.py:149} INFO - [2025-09-04T10:25:05.091+0000] {dagbag.py:541} INFO - Filling up the DagBag from /home/airflow/.local/lib/python3.7/site-packages/airflow/example_dags/example_dag_decorator.py
[2025-09-04T10:25:05.110+0000] {processor.py:836} INFO - DAG(s) dict_keys(['example_dag_decorator']) retrieved from /home/airflow/.local/lib/python3.7/site-packages/airflow/example_dags/example_dag_decorator.py
[2025-09-04T10:25:05.248+0000] {logging_mixin.py:149} INFO - [2025-09-04T10:25:05.247+0000] {dag.py:2726} INFO - Sync 1 DAGs
[2025-09-04T10:25:05.277+0000] {logging_mixin.py:149} INFO - [2025-09-04T10:25:05.277+0000] {dag.py:3490} INFO - Setting next_dagrun for example_dag_decorator to None, run_after=None
[2025-09-04T10:25:05.301+0000] {processor.py:179} INFO - Processing /home/airflow/.local/lib/python3.7/site-packages/airflow/example_dags/example_dag_decorator.py took 0.216 seconds
[2025-09-04T10:25:35.539+0000] {processor.py:157} INFO - Started process (PID=7636) to work on /home/airflow/.local/lib/python3.7/site-packages/airflow/example_dags/example_dag_decorator.py
[2025-09-04T10:25:35.540+0000] {processor.py:826} INFO - Processing file /home/airflow/.local/lib/python3.7/site-packages/airflow/example_dags/example_dag_decorator.py for tasks to queue
[2025-09-04T10:25:35.541+0000] {logging_mixin.py:149} INFO - [2025-09-04T10:25:35.541+0000] {dagbag.py:541} INFO - Filling up the DagBag from /home/airflow/.local/lib/python3.7/site-packages/airflow/example_dags/example_dag_decorator.py
[2025-09-04T10:25:35.559+0000] {processor.py:836} INFO - DAG(s) dict_keys(['example_dag_decorator']) retrieved from /home/airflow/.local/lib/python3.7/site-packages/airflow/example_dags/example_dag_decorator.py
[2025-09-04T10:25:35.701+0000] {logging_mixin.py:149} INFO - [2025-09-04T10:25:35.701+0000] {dag.py:2726} INFO - Sync 1 DAGs
[2025-09-04T10:25:35.728+0000] {logging_mixin.py:149} INFO - [2025-09-04T10:25:35.728+0000] {dag.py:3490} INFO - Setting next_dagrun for example_dag_decorator to None, run_after=None
[2025-09-04T10:25:35.755+0000] {processor.py:179} INFO - Processing /home/airflow/.local/lib/python3.7/site-packages/airflow/example_dags/example_dag_decorator.py took 0.220 seconds
[2025-09-04T10:26:06.085+0000] {processor.py:157} INFO - Started process (PID=7881) to work on /home/airflow/.local/lib/python3.7/site-packages/airflow/example_dags/example_dag_decorator.py
[2025-09-04T10:26:06.086+0000] {processor.py:826} INFO - Processing file /home/airflow/.local/lib/python3.7/site-packages/airflow/example_dags/example_dag_decorator.py for tasks to queue
[2025-09-04T10:26:06.087+0000] {logging_mixin.py:149} INFO - [2025-09-04T10:26:06.087+0000] {dagbag.py:541} INFO - Filling up the DagBag from /home/airflow/.local/lib/python3.7/site-packages/airflow/example_dags/example_dag_decorator.py
[2025-09-04T10:26:06.107+0000] {processor.py:836} INFO - DAG(s) dict_keys(['example_dag_decorator']) retrieved from /home/airflow/.local/lib/python3.7/site-packages/airflow/example_dags/example_dag_decorator.py
[2025-09-04T10:26:06.258+0000] {logging_mixin.py:149} INFO - [2025-09-04T10:26:06.258+0000] {dag.py:2726} INFO - Sync 1 DAGs
[2025-09-04T10:26:06.285+0000] {logging_mixin.py:149} INFO - [2025-09-04T10:26:06.285+0000] {dag.py:3490} INFO - Setting next_dagrun for example_dag_decorator to None, run_after=None
[2025-09-04T10:26:06.312+0000] {processor.py:179} INFO - Processing /home/airflow/.local/lib/python3.7/site-packages/airflow/example_dags/example_dag_decorator.py took 0.231 seconds
[2025-09-04T10:26:36.540+0000] {processor.py:157} INFO - Started process (PID=8128) to work on /home/airflow/.local/lib/python3.7/site-packages/airflow/example_dags/example_dag_decorator.py
[2025-09-04T10:26:36.541+0000] {processor.py:826} INFO - Processing file /home/airflow/.local/lib/python3.7/site-packages/airflow/example_dags/example_dag_decorator.py for tasks to queue
[2025-09-04T10:26:36.542+0000] {logging_mixin.py:149} INFO - [2025-09-04T10:26:36.542+0000] {dagbag.py:541} INFO - Filling up the DagBag from /home/airflow/.local/lib/python3.7/site-packages/airflow/example_dags/example_dag_decorator.py
[2025-09-04T10:26:36.562+0000] {processor.py:836} INFO - DAG(s) dict_keys(['example_dag_decorator']) retrieved from /home/airflow/.local/lib/python3.7/site-packages/airflow/example_dags/example_dag_decorator.py
[2025-09-04T10:26:36.720+0000] {logging_mixin.py:149} INFO - [2025-09-04T10:26:36.720+0000] {dag.py:2726} INFO - Sync 1 DAGs
[2025-09-04T10:26:36.747+0000] {logging_mixin.py:149} INFO - [2025-09-04T10:26:36.746+0000] {dag.py:3490} INFO - Setting next_dagrun for example_dag_decorator to None, run_after=None
[2025-09-04T10:26:36.770+0000] {processor.py:179} INFO - Processing /home/airflow/.local/lib/python3.7/site-packages/airflow/example_dags/example_dag_decorator.py took 0.235 seconds
[2025-09-04T10:27:07.103+0000] {processor.py:157} INFO - Started process (PID=8371) to work on /home/airflow/.local/lib/python3.7/site-packages/airflow/example_dags/example_dag_decorator.py
[2025-09-04T10:27:07.104+0000] {processor.py:826} INFO - Processing file /home/airflow/.local/lib/python3.7/site-packages/airflow/example_dags/example_dag_decorator.py for tasks to queue
[2025-09-04T10:27:07.105+0000] {logging_mixin.py:149} INFO - [2025-09-04T10:27:07.105+0000] {dagbag.py:541} INFO - Filling up the DagBag from /home/airflow/.local/lib/python3.7/site-packages/airflow/example_dags/example_dag_decorator.py
[2025-09-04T10:27:07.123+0000] {processor.py:836} INFO - DAG(s) dict_keys(['example_dag_decorator']) retrieved from /home/airflow/.local/lib/python3.7/site-packages/airflow/example_dags/example_dag_decorator.py
[2025-09-04T10:27:07.346+0000] {logging_mixin.py:149} INFO - [2025-09-04T10:27:07.345+0000] {dag.py:2726} INFO - Sync 1 DAGs
[2025-09-04T10:27:07.393+0000] {logging_mixin.py:149} INFO - [2025-09-04T10:27:07.393+0000] {dag.py:3490} INFO - Setting next_dagrun for example_dag_decorator to None, run_after=None
[2025-09-04T10:27:07.422+0000] {processor.py:179} INFO - Processing /home/airflow/.local/lib/python3.7/site-packages/airflow/example_dags/example_dag_decorator.py took 0.324 seconds
[2025-09-04T10:27:37.610+0000] {processor.py:157} INFO - Started process (PID=8616) to work on /home/airflow/.local/lib/python3.7/site-packages/airflow/example_dags/example_dag_decorator.py
[2025-09-04T10:27:37.611+0000] {processor.py:826} INFO - Processing file /home/airflow/.local/lib/python3.7/site-packages/airflow/example_dags/example_dag_decorator.py for tasks to queue
[2025-09-04T10:27:37.612+0000] {logging_mixin.py:149} INFO - [2025-09-04T10:27:37.612+0000] {dagbag.py:541} INFO - Filling up the DagBag from /home/airflow/.local/lib/python3.7/site-packages/airflow/example_dags/example_dag_decorator.py
[2025-09-04T10:27:37.629+0000] {processor.py:836} INFO - DAG(s) dict_keys(['example_dag_decorator']) retrieved from /home/airflow/.local/lib/python3.7/site-packages/airflow/example_dags/example_dag_decorator.py
[2025-09-04T10:27:37.776+0000] {logging_mixin.py:149} INFO - [2025-09-04T10:27:37.776+0000] {dag.py:2726} INFO - Sync 1 DAGs
[2025-09-04T10:27:37.808+0000] {logging_mixin.py:149} INFO - [2025-09-04T10:27:37.808+0000] {dag.py:3490} INFO - Setting next_dagrun for example_dag_decorator to None, run_after=None
[2025-09-04T10:27:37.835+0000] {processor.py:179} INFO - Processing /home/airflow/.local/lib/python3.7/site-packages/airflow/example_dags/example_dag_decorator.py took 0.229 seconds
[2025-09-04T10:28:08.068+0000] {processor.py:157} INFO - Started process (PID=8861) to work on /home/airflow/.local/lib/python3.7/site-packages/airflow/example_dags/example_dag_decorator.py
[2025-09-04T10:28:08.069+0000] {processor.py:826} INFO - Processing file /home/airflow/.local/lib/python3.7/site-packages/airflow/example_dags/example_dag_decorator.py for tasks to queue
[2025-09-04T10:28:08.070+0000] {logging_mixin.py:149} INFO - [2025-09-04T10:28:08.069+0000] {dagbag.py:541} INFO - Filling up the DagBag from /home/airflow/.local/lib/python3.7/site-packages/airflow/example_dags/example_dag_decorator.py
[2025-09-04T10:28:08.084+0000] {processor.py:836} INFO - DAG(s) dict_keys(['example_dag_decorator']) retrieved from /home/airflow/.local/lib/python3.7/site-packages/airflow/example_dags/example_dag_decorator.py
[2025-09-04T10:28:08.263+0000] {logging_mixin.py:149} INFO - [2025-09-04T10:28:08.263+0000] {dag.py:2726} INFO - Sync 1 DAGs
[2025-09-04T10:28:08.306+0000] {logging_mixin.py:149} INFO - [2025-09-04T10:28:08.305+0000] {dag.py:3490} INFO - Setting next_dagrun for example_dag_decorator to None, run_after=None
[2025-09-04T10:28:08.342+0000] {processor.py:179} INFO - Processing /home/airflow/.local/lib/python3.7/site-packages/airflow/example_dags/example_dag_decorator.py took 0.278 seconds
[2025-09-04T10:28:38.397+0000] {processor.py:157} INFO - Started process (PID=9106) to work on /home/airflow/.local/lib/python3.7/site-packages/airflow/example_dags/example_dag_decorator.py
[2025-09-04T10:28:38.398+0000] {processor.py:826} INFO - Processing file /home/airflow/.local/lib/python3.7/site-packages/airflow/example_dags/example_dag_decorator.py for tasks to queue
[2025-09-04T10:28:38.399+0000] {logging_mixin.py:149} INFO - [2025-09-04T10:28:38.399+0000] {dagbag.py:541} INFO - Filling up the DagBag from /home/airflow/.local/lib/python3.7/site-packages/airflow/example_dags/example_dag_decorator.py
[2025-09-04T10:28:38.416+0000] {processor.py:836} INFO - DAG(s) dict_keys(['example_dag_decorator']) retrieved from /home/airflow/.local/lib/python3.7/site-packages/airflow/example_dags/example_dag_decorator.py
[2025-09-04T10:28:38.579+0000] {logging_mixin.py:149} INFO - [2025-09-04T10:28:38.578+0000] {dag.py:2726} INFO - Sync 1 DAGs
[2025-09-04T10:28:38.609+0000] {logging_mixin.py:149} INFO - [2025-09-04T10:28:38.608+0000] {dag.py:3490} INFO - Setting next_dagrun for example_dag_decorator to None, run_after=None
[2025-09-04T10:28:38.636+0000] {processor.py:179} INFO - Processing /home/airflow/.local/lib/python3.7/site-packages/airflow/example_dags/example_dag_decorator.py took 0.242 seconds
[2025-09-04T10:29:09.575+0000] {processor.py:157} INFO - Started process (PID=9351) to work on /home/airflow/.local/lib/python3.7/site-packages/airflow/example_dags/example_dag_decorator.py
[2025-09-04T10:29:09.576+0000] {processor.py:826} INFO - Processing file /home/airflow/.local/lib/python3.7/site-packages/airflow/example_dags/example_dag_decorator.py for tasks to queue
[2025-09-04T10:29:09.578+0000] {logging_mixin.py:149} INFO - [2025-09-04T10:29:09.577+0000] {dagbag.py:541} INFO - Filling up the DagBag from /home/airflow/.local/lib/python3.7/site-packages/airflow/example_dags/example_dag_decorator.py
[2025-09-04T10:29:09.596+0000] {processor.py:836} INFO - DAG(s) dict_keys(['example_dag_decorator']) retrieved from /home/airflow/.local/lib/python3.7/site-packages/airflow/example_dags/example_dag_decorator.py
[2025-09-04T10:29:09.746+0000] {logging_mixin.py:149} INFO - [2025-09-04T10:29:09.746+0000] {dag.py:2726} INFO - Sync 1 DAGs
[2025-09-04T10:29:09.782+0000] {logging_mixin.py:149} INFO - [2025-09-04T10:29:09.781+0000] {dag.py:3490} INFO - Setting next_dagrun for example_dag_decorator to None, run_after=None
[2025-09-04T10:29:09.814+0000] {processor.py:179} INFO - Processing /home/airflow/.local/lib/python3.7/site-packages/airflow/example_dags/example_dag_decorator.py took 0.243 seconds
[2025-09-04T10:29:40.528+0000] {processor.py:157} INFO - Started process (PID=9596) to work on /home/airflow/.local/lib/python3.7/site-packages/airflow/example_dags/example_dag_decorator.py
[2025-09-04T10:29:40.529+0000] {processor.py:826} INFO - Processing file /home/airflow/.local/lib/python3.7/site-packages/airflow/example_dags/example_dag_decorator.py for tasks to queue
[2025-09-04T10:29:40.529+0000] {logging_mixin.py:149} INFO - [2025-09-04T10:29:40.529+0000] {dagbag.py:541} INFO - Filling up the DagBag from /home/airflow/.local/lib/python3.7/site-packages/airflow/example_dags/example_dag_decorator.py
[2025-09-04T10:29:40.552+0000] {processor.py:836} INFO - DAG(s) dict_keys(['example_dag_decorator']) retrieved from /home/airflow/.local/lib/python3.7/site-packages/airflow/example_dags/example_dag_decorator.py
[2025-09-04T10:29:40.796+0000] {logging_mixin.py:149} INFO - [2025-09-04T10:29:40.796+0000] {dag.py:2726} INFO - Sync 1 DAGs
[2025-09-04T10:29:40.832+0000] {logging_mixin.py:149} INFO - [2025-09-04T10:29:40.832+0000] {dag.py:3490} INFO - Setting next_dagrun for example_dag_decorator to None, run_after=None
[2025-09-04T10:29:40.882+0000] {processor.py:179} INFO - Processing /home/airflow/.local/lib/python3.7/site-packages/airflow/example_dags/example_dag_decorator.py took 0.359 seconds
[2025-09-04T10:30:10.945+0000] {processor.py:157} INFO - Started process (PID=9841) to work on /home/airflow/.local/lib/python3.7/site-packages/airflow/example_dags/example_dag_decorator.py
[2025-09-04T10:30:10.946+0000] {processor.py:826} INFO - Processing file /home/airflow/.local/lib/python3.7/site-packages/airflow/example_dags/example_dag_decorator.py for tasks to queue
[2025-09-04T10:30:10.947+0000] {logging_mixin.py:149} INFO - [2025-09-04T10:30:10.947+0000] {dagbag.py:541} INFO - Filling up the DagBag from /home/airflow/.local/lib/python3.7/site-packages/airflow/example_dags/example_dag_decorator.py
[2025-09-04T10:30:10.969+0000] {processor.py:836} INFO - DAG(s) dict_keys(['example_dag_decorator']) retrieved from /home/airflow/.local/lib/python3.7/site-packages/airflow/example_dags/example_dag_decorator.py
[2025-09-04T10:30:11.120+0000] {logging_mixin.py:149} INFO - [2025-09-04T10:30:11.119+0000] {dag.py:2726} INFO - Sync 1 DAGs
[2025-09-04T10:30:11.146+0000] {logging_mixin.py:149} INFO - [2025-09-04T10:30:11.146+0000] {dag.py:3490} INFO - Setting next_dagrun for example_dag_decorator to None, run_after=None
[2025-09-04T10:30:11.173+0000] {processor.py:179} INFO - Processing /home/airflow/.local/lib/python3.7/site-packages/airflow/example_dags/example_dag_decorator.py took 0.233 seconds
[2025-09-04T10:30:41.459+0000] {processor.py:157} INFO - Started process (PID=10093) to work on /home/airflow/.local/lib/python3.7/site-packages/airflow/example_dags/example_dag_decorator.py
[2025-09-04T10:30:41.460+0000] {processor.py:826} INFO - Processing file /home/airflow/.local/lib/python3.7/site-packages/airflow/example_dags/example_dag_decorator.py for tasks to queue
[2025-09-04T10:30:41.461+0000] {logging_mixin.py:149} INFO - [2025-09-04T10:30:41.461+0000] {dagbag.py:541} INFO - Filling up the DagBag from /home/airflow/.local/lib/python3.7/site-packages/airflow/example_dags/example_dag_decorator.py
[2025-09-04T10:30:41.480+0000] {processor.py:836} INFO - DAG(s) dict_keys(['example_dag_decorator']) retrieved from /home/airflow/.local/lib/python3.7/site-packages/airflow/example_dags/example_dag_decorator.py
[2025-09-04T10:30:41.631+0000] {logging_mixin.py:149} INFO - [2025-09-04T10:30:41.631+0000] {dag.py:2726} INFO - Sync 1 DAGs
[2025-09-04T10:30:41.678+0000] {logging_mixin.py:149} INFO - [2025-09-04T10:30:41.678+0000] {dag.py:3490} INFO - Setting next_dagrun for example_dag_decorator to None, run_after=None
[2025-09-04T10:30:41.706+0000] {processor.py:179} INFO - Processing /home/airflow/.local/lib/python3.7/site-packages/airflow/example_dags/example_dag_decorator.py took 0.251 seconds
[2025-09-04T10:31:11.929+0000] {processor.py:157} INFO - Started process (PID=10340) to work on /home/airflow/.local/lib/python3.7/site-packages/airflow/example_dags/example_dag_decorator.py
[2025-09-04T10:31:11.930+0000] {processor.py:826} INFO - Processing file /home/airflow/.local/lib/python3.7/site-packages/airflow/example_dags/example_dag_decorator.py for tasks to queue
[2025-09-04T10:31:11.931+0000] {logging_mixin.py:149} INFO - [2025-09-04T10:31:11.931+0000] {dagbag.py:541} INFO - Filling up the DagBag from /home/airflow/.local/lib/python3.7/site-packages/airflow/example_dags/example_dag_decorator.py
[2025-09-04T10:31:11.951+0000] {processor.py:836} INFO - DAG(s) dict_keys(['example_dag_decorator']) retrieved from /home/airflow/.local/lib/python3.7/site-packages/airflow/example_dags/example_dag_decorator.py
[2025-09-04T10:31:12.117+0000] {logging_mixin.py:149} INFO - [2025-09-04T10:31:12.117+0000] {dag.py:2726} INFO - Sync 1 DAGs
[2025-09-04T10:31:12.145+0000] {logging_mixin.py:149} INFO - [2025-09-04T10:31:12.144+0000] {dag.py:3490} INFO - Setting next_dagrun for example_dag_decorator to None, run_after=None
[2025-09-04T10:31:12.174+0000] {processor.py:179} INFO - Processing /home/airflow/.local/lib/python3.7/site-packages/airflow/example_dags/example_dag_decorator.py took 0.248 seconds
[2025-09-04T10:31:42.211+0000] {processor.py:157} INFO - Started process (PID=10588) to work on /home/airflow/.local/lib/python3.7/site-packages/airflow/example_dags/example_dag_decorator.py
[2025-09-04T10:31:42.212+0000] {processor.py:826} INFO - Processing file /home/airflow/.local/lib/python3.7/site-packages/airflow/example_dags/example_dag_decorator.py for tasks to queue
[2025-09-04T10:31:42.213+0000] {logging_mixin.py:149} INFO - [2025-09-04T10:31:42.212+0000] {dagbag.py:541} INFO - Filling up the DagBag from /home/airflow/.local/lib/python3.7/site-packages/airflow/example_dags/example_dag_decorator.py
[2025-09-04T10:31:42.233+0000] {processor.py:836} INFO - DAG(s) dict_keys(['example_dag_decorator']) retrieved from /home/airflow/.local/lib/python3.7/site-packages/airflow/example_dags/example_dag_decorator.py
[2025-09-04T10:31:42.381+0000] {logging_mixin.py:149} INFO - [2025-09-04T10:31:42.381+0000] {dag.py:2726} INFO - Sync 1 DAGs
[2025-09-04T10:31:42.410+0000] {logging_mixin.py:149} INFO - [2025-09-04T10:31:42.410+0000] {dag.py:3490} INFO - Setting next_dagrun for example_dag_decorator to None, run_after=None
[2025-09-04T10:31:42.435+0000] {processor.py:179} INFO - Processing /home/airflow/.local/lib/python3.7/site-packages/airflow/example_dags/example_dag_decorator.py took 0.228 seconds
[2025-09-04T10:32:12.520+0000] {processor.py:157} INFO - Started process (PID=10835) to work on /home/airflow/.local/lib/python3.7/site-packages/airflow/example_dags/example_dag_decorator.py
[2025-09-04T10:32:12.521+0000] {processor.py:826} INFO - Processing file /home/airflow/.local/lib/python3.7/site-packages/airflow/example_dags/example_dag_decorator.py for tasks to queue
[2025-09-04T10:32:12.522+0000] {logging_mixin.py:149} INFO - [2025-09-04T10:32:12.521+0000] {dagbag.py:541} INFO - Filling up the DagBag from /home/airflow/.local/lib/python3.7/site-packages/airflow/example_dags/example_dag_decorator.py
[2025-09-04T10:32:12.537+0000] {processor.py:836} INFO - DAG(s) dict_keys(['example_dag_decorator']) retrieved from /home/airflow/.local/lib/python3.7/site-packages/airflow/example_dags/example_dag_decorator.py
[2025-09-04T10:32:12.691+0000] {logging_mixin.py:149} INFO - [2025-09-04T10:32:12.691+0000] {dag.py:2726} INFO - Sync 1 DAGs
[2025-09-04T10:32:12.720+0000] {logging_mixin.py:149} INFO - [2025-09-04T10:32:12.720+0000] {dag.py:3490} INFO - Setting next_dagrun for example_dag_decorator to None, run_after=None
[2025-09-04T10:32:12.743+0000] {processor.py:179} INFO - Processing /home/airflow/.local/lib/python3.7/site-packages/airflow/example_dags/example_dag_decorator.py took 0.227 seconds
[2025-09-04T10:32:42.976+0000] {processor.py:157} INFO - Started process (PID=11083) to work on /home/airflow/.local/lib/python3.7/site-packages/airflow/example_dags/example_dag_decorator.py
[2025-09-04T10:32:42.978+0000] {processor.py:826} INFO - Processing file /home/airflow/.local/lib/python3.7/site-packages/airflow/example_dags/example_dag_decorator.py for tasks to queue
[2025-09-04T10:32:42.980+0000] {logging_mixin.py:149} INFO - [2025-09-04T10:32:42.980+0000] {dagbag.py:541} INFO - Filling up the DagBag from /home/airflow/.local/lib/python3.7/site-packages/airflow/example_dags/example_dag_decorator.py
[2025-09-04T10:32:43.001+0000] {processor.py:836} INFO - DAG(s) dict_keys(['example_dag_decorator']) retrieved from /home/airflow/.local/lib/python3.7/site-packages/airflow/example_dags/example_dag_decorator.py
[2025-09-04T10:32:43.137+0000] {logging_mixin.py:149} INFO - [2025-09-04T10:32:43.136+0000] {dag.py:2726} INFO - Sync 1 DAGs
[2025-09-04T10:32:43.163+0000] {logging_mixin.py:149} INFO - [2025-09-04T10:32:43.163+0000] {dag.py:3490} INFO - Setting next_dagrun for example_dag_decorator to None, run_after=None
[2025-09-04T10:32:43.186+0000] {processor.py:179} INFO - Processing /home/airflow/.local/lib/python3.7/site-packages/airflow/example_dags/example_dag_decorator.py took 0.214 seconds
[2025-09-04T10:33:13.377+0000] {processor.py:157} INFO - Started process (PID=11318) to work on /home/airflow/.local/lib/python3.7/site-packages/airflow/example_dags/example_dag_decorator.py
[2025-09-04T10:33:13.378+0000] {processor.py:826} INFO - Processing file /home/airflow/.local/lib/python3.7/site-packages/airflow/example_dags/example_dag_decorator.py for tasks to queue
[2025-09-04T10:33:13.380+0000] {logging_mixin.py:149} INFO - [2025-09-04T10:33:13.380+0000] {dagbag.py:541} INFO - Filling up the DagBag from /home/airflow/.local/lib/python3.7/site-packages/airflow/example_dags/example_dag_decorator.py
[2025-09-04T10:33:13.403+0000] {processor.py:836} INFO - DAG(s) dict_keys(['example_dag_decorator']) retrieved from /home/airflow/.local/lib/python3.7/site-packages/airflow/example_dags/example_dag_decorator.py
[2025-09-04T10:33:13.578+0000] {logging_mixin.py:149} INFO - [2025-09-04T10:33:13.578+0000] {dag.py:2726} INFO - Sync 1 DAGs
[2025-09-04T10:33:13.612+0000] {logging_mixin.py:149} INFO - [2025-09-04T10:33:13.612+0000] {dag.py:3490} INFO - Setting next_dagrun for example_dag_decorator to None, run_after=None
[2025-09-04T10:33:13.643+0000] {processor.py:179} INFO - Processing /home/airflow/.local/lib/python3.7/site-packages/airflow/example_dags/example_dag_decorator.py took 0.270 seconds
[2025-09-04T10:33:44.549+0000] {processor.py:157} INFO - Started process (PID=11563) to work on /home/airflow/.local/lib/python3.7/site-packages/airflow/example_dags/example_dag_decorator.py
[2025-09-04T10:33:44.551+0000] {processor.py:826} INFO - Processing file /home/airflow/.local/lib/python3.7/site-packages/airflow/example_dags/example_dag_decorator.py for tasks to queue
[2025-09-04T10:33:44.552+0000] {logging_mixin.py:149} INFO - [2025-09-04T10:33:44.552+0000] {dagbag.py:541} INFO - Filling up the DagBag from /home/airflow/.local/lib/python3.7/site-packages/airflow/example_dags/example_dag_decorator.py
[2025-09-04T10:33:44.571+0000] {processor.py:836} INFO - DAG(s) dict_keys(['example_dag_decorator']) retrieved from /home/airflow/.local/lib/python3.7/site-packages/airflow/example_dags/example_dag_decorator.py
[2025-09-04T10:33:44.721+0000] {logging_mixin.py:149} INFO - [2025-09-04T10:33:44.721+0000] {dag.py:2726} INFO - Sync 1 DAGs
[2025-09-04T10:33:44.759+0000] {logging_mixin.py:149} INFO - [2025-09-04T10:33:44.758+0000] {dag.py:3490} INFO - Setting next_dagrun for example_dag_decorator to None, run_after=None
[2025-09-04T10:33:44.788+0000] {processor.py:179} INFO - Processing /home/airflow/.local/lib/python3.7/site-packages/airflow/example_dags/example_dag_decorator.py took 0.243 seconds
[2025-09-04T10:34:14.994+0000] {processor.py:157} INFO - Started process (PID=11808) to work on /home/airflow/.local/lib/python3.7/site-packages/airflow/example_dags/example_dag_decorator.py
[2025-09-04T10:34:14.997+0000] {processor.py:826} INFO - Processing file /home/airflow/.local/lib/python3.7/site-packages/airflow/example_dags/example_dag_decorator.py for tasks to queue
[2025-09-04T10:34:14.998+0000] {logging_mixin.py:149} INFO - [2025-09-04T10:34:14.998+0000] {dagbag.py:541} INFO - Filling up the DagBag from /home/airflow/.local/lib/python3.7/site-packages/airflow/example_dags/example_dag_decorator.py
[2025-09-04T10:34:15.016+0000] {processor.py:836} INFO - DAG(s) dict_keys(['example_dag_decorator']) retrieved from /home/airflow/.local/lib/python3.7/site-packages/airflow/example_dags/example_dag_decorator.py
[2025-09-04T10:34:15.172+0000] {logging_mixin.py:149} INFO - [2025-09-04T10:34:15.172+0000] {dag.py:2726} INFO - Sync 1 DAGs
[2025-09-04T10:34:15.203+0000] {logging_mixin.py:149} INFO - [2025-09-04T10:34:15.203+0000] {dag.py:3490} INFO - Setting next_dagrun for example_dag_decorator to None, run_after=None
[2025-09-04T10:34:15.226+0000] {processor.py:179} INFO - Processing /home/airflow/.local/lib/python3.7/site-packages/airflow/example_dags/example_dag_decorator.py took 0.236 seconds
[2025-09-04T10:34:46.201+0000] {processor.py:157} INFO - Started process (PID=12053) to work on /home/airflow/.local/lib/python3.7/site-packages/airflow/example_dags/example_dag_decorator.py
[2025-09-04T10:34:46.203+0000] {processor.py:826} INFO - Processing file /home/airflow/.local/lib/python3.7/site-packages/airflow/example_dags/example_dag_decorator.py for tasks to queue
[2025-09-04T10:34:46.205+0000] {logging_mixin.py:149} INFO - [2025-09-04T10:34:46.204+0000] {dagbag.py:541} INFO - Filling up the DagBag from /home/airflow/.local/lib/python3.7/site-packages/airflow/example_dags/example_dag_decorator.py
[2025-09-04T10:34:46.222+0000] {processor.py:836} INFO - DAG(s) dict_keys(['example_dag_decorator']) retrieved from /home/airflow/.local/lib/python3.7/site-packages/airflow/example_dags/example_dag_decorator.py
[2025-09-04T10:34:46.374+0000] {logging_mixin.py:149} INFO - [2025-09-04T10:34:46.374+0000] {dag.py:2726} INFO - Sync 1 DAGs
[2025-09-04T10:34:46.405+0000] {logging_mixin.py:149} INFO - [2025-09-04T10:34:46.405+0000] {dag.py:3490} INFO - Setting next_dagrun for example_dag_decorator to None, run_after=None
[2025-09-04T10:34:46.428+0000] {processor.py:179} INFO - Processing /home/airflow/.local/lib/python3.7/site-packages/airflow/example_dags/example_dag_decorator.py took 0.234 seconds
[2025-09-04T10:35:17.048+0000] {processor.py:157} INFO - Started process (PID=12298) to work on /home/airflow/.local/lib/python3.7/site-packages/airflow/example_dags/example_dag_decorator.py
[2025-09-04T10:35:17.051+0000] {processor.py:826} INFO - Processing file /home/airflow/.local/lib/python3.7/site-packages/airflow/example_dags/example_dag_decorator.py for tasks to queue
[2025-09-04T10:35:17.053+0000] {logging_mixin.py:149} INFO - [2025-09-04T10:35:17.052+0000] {dagbag.py:541} INFO - Filling up the DagBag from /home/airflow/.local/lib/python3.7/site-packages/airflow/example_dags/example_dag_decorator.py
[2025-09-04T10:35:17.070+0000] {processor.py:836} INFO - DAG(s) dict_keys(['example_dag_decorator']) retrieved from /home/airflow/.local/lib/python3.7/site-packages/airflow/example_dags/example_dag_decorator.py
[2025-09-04T10:35:17.219+0000] {logging_mixin.py:149} INFO - [2025-09-04T10:35:17.219+0000] {dag.py:2726} INFO - Sync 1 DAGs
[2025-09-04T10:35:17.247+0000] {logging_mixin.py:149} INFO - [2025-09-04T10:35:17.247+0000] {dag.py:3490} INFO - Setting next_dagrun for example_dag_decorator to None, run_after=None
[2025-09-04T10:35:17.273+0000] {processor.py:179} INFO - Processing /home/airflow/.local/lib/python3.7/site-packages/airflow/example_dags/example_dag_decorator.py took 0.228 seconds
[2025-09-04T10:35:47.505+0000] {processor.py:157} INFO - Started process (PID=12543) to work on /home/airflow/.local/lib/python3.7/site-packages/airflow/example_dags/example_dag_decorator.py
[2025-09-04T10:35:47.507+0000] {processor.py:826} INFO - Processing file /home/airflow/.local/lib/python3.7/site-packages/airflow/example_dags/example_dag_decorator.py for tasks to queue
[2025-09-04T10:35:47.509+0000] {logging_mixin.py:149} INFO - [2025-09-04T10:35:47.509+0000] {dagbag.py:541} INFO - Filling up the DagBag from /home/airflow/.local/lib/python3.7/site-packages/airflow/example_dags/example_dag_decorator.py
[2025-09-04T10:35:47.532+0000] {processor.py:836} INFO - DAG(s) dict_keys(['example_dag_decorator']) retrieved from /home/airflow/.local/lib/python3.7/site-packages/airflow/example_dags/example_dag_decorator.py
[2025-09-04T10:35:47.688+0000] {logging_mixin.py:149} INFO - [2025-09-04T10:35:47.688+0000] {dag.py:2726} INFO - Sync 1 DAGs
[2025-09-04T10:35:47.714+0000] {logging_mixin.py:149} INFO - [2025-09-04T10:35:47.714+0000] {dag.py:3490} INFO - Setting next_dagrun for example_dag_decorator to None, run_after=None
[2025-09-04T10:35:47.742+0000] {processor.py:179} INFO - Processing /home/airflow/.local/lib/python3.7/site-packages/airflow/example_dags/example_dag_decorator.py took 0.241 seconds
[2025-09-04T10:36:18.026+0000] {processor.py:157} INFO - Started process (PID=12788) to work on /home/airflow/.local/lib/python3.7/site-packages/airflow/example_dags/example_dag_decorator.py
[2025-09-04T10:36:18.027+0000] {processor.py:826} INFO - Processing file /home/airflow/.local/lib/python3.7/site-packages/airflow/example_dags/example_dag_decorator.py for tasks to queue
[2025-09-04T10:36:18.028+0000] {logging_mixin.py:149} INFO - [2025-09-04T10:36:18.028+0000] {dagbag.py:541} INFO - Filling up the DagBag from /home/airflow/.local/lib/python3.7/site-packages/airflow/example_dags/example_dag_decorator.py
[2025-09-04T10:36:18.047+0000] {processor.py:836} INFO - DAG(s) dict_keys(['example_dag_decorator']) retrieved from /home/airflow/.local/lib/python3.7/site-packages/airflow/example_dags/example_dag_decorator.py
[2025-09-04T10:36:18.205+0000] {logging_mixin.py:149} INFO - [2025-09-04T10:36:18.205+0000] {dag.py:2726} INFO - Sync 1 DAGs
[2025-09-04T10:36:18.233+0000] {logging_mixin.py:149} INFO - [2025-09-04T10:36:18.233+0000] {dag.py:3490} INFO - Setting next_dagrun for example_dag_decorator to None, run_after=None
[2025-09-04T10:36:18.259+0000] {processor.py:179} INFO - Processing /home/airflow/.local/lib/python3.7/site-packages/airflow/example_dags/example_dag_decorator.py took 0.237 seconds
[2025-09-04T10:36:48.290+0000] {processor.py:157} INFO - Started process (PID=13033) to work on /home/airflow/.local/lib/python3.7/site-packages/airflow/example_dags/example_dag_decorator.py
[2025-09-04T10:36:48.291+0000] {processor.py:826} INFO - Processing file /home/airflow/.local/lib/python3.7/site-packages/airflow/example_dags/example_dag_decorator.py for tasks to queue
[2025-09-04T10:36:48.292+0000] {logging_mixin.py:149} INFO - [2025-09-04T10:36:48.292+0000] {dagbag.py:541} INFO - Filling up the DagBag from /home/airflow/.local/lib/python3.7/site-packages/airflow/example_dags/example_dag_decorator.py
[2025-09-04T10:36:48.308+0000] {processor.py:836} INFO - DAG(s) dict_keys(['example_dag_decorator']) retrieved from /home/airflow/.local/lib/python3.7/site-packages/airflow/example_dags/example_dag_decorator.py
[2025-09-04T10:36:48.448+0000] {logging_mixin.py:149} INFO - [2025-09-04T10:36:48.448+0000] {dag.py:2726} INFO - Sync 1 DAGs
[2025-09-04T10:36:48.475+0000] {logging_mixin.py:149} INFO - [2025-09-04T10:36:48.474+0000] {dag.py:3490} INFO - Setting next_dagrun for example_dag_decorator to None, run_after=None
[2025-09-04T10:36:48.498+0000] {processor.py:179} INFO - Processing /home/airflow/.local/lib/python3.7/site-packages/airflow/example_dags/example_dag_decorator.py took 0.212 seconds
[2025-09-04T10:37:19.460+0000] {processor.py:157} INFO - Started process (PID=13278) to work on /home/airflow/.local/lib/python3.7/site-packages/airflow/example_dags/example_dag_decorator.py
[2025-09-04T10:37:19.462+0000] {processor.py:826} INFO - Processing file /home/airflow/.local/lib/python3.7/site-packages/airflow/example_dags/example_dag_decorator.py for tasks to queue
[2025-09-04T10:37:19.463+0000] {logging_mixin.py:149} INFO - [2025-09-04T10:37:19.463+0000] {dagbag.py:541} INFO - Filling up the DagBag from /home/airflow/.local/lib/python3.7/site-packages/airflow/example_dags/example_dag_decorator.py
[2025-09-04T10:37:19.480+0000] {processor.py:836} INFO - DAG(s) dict_keys(['example_dag_decorator']) retrieved from /home/airflow/.local/lib/python3.7/site-packages/airflow/example_dags/example_dag_decorator.py
[2025-09-04T10:37:19.621+0000] {logging_mixin.py:149} INFO - [2025-09-04T10:37:19.621+0000] {dag.py:2726} INFO - Sync 1 DAGs
[2025-09-04T10:37:19.650+0000] {logging_mixin.py:149} INFO - [2025-09-04T10:37:19.649+0000] {dag.py:3490} INFO - Setting next_dagrun for example_dag_decorator to None, run_after=None
[2025-09-04T10:37:19.673+0000] {processor.py:179} INFO - Processing /home/airflow/.local/lib/python3.7/site-packages/airflow/example_dags/example_dag_decorator.py took 0.215 seconds
[2025-09-04T10:37:49.747+0000] {processor.py:157} INFO - Started process (PID=13523) to work on /home/airflow/.local/lib/python3.7/site-packages/airflow/example_dags/example_dag_decorator.py
[2025-09-04T10:37:49.748+0000] {processor.py:826} INFO - Processing file /home/airflow/.local/lib/python3.7/site-packages/airflow/example_dags/example_dag_decorator.py for tasks to queue
[2025-09-04T10:37:49.748+0000] {logging_mixin.py:149} INFO - [2025-09-04T10:37:49.748+0000] {dagbag.py:541} INFO - Filling up the DagBag from /home/airflow/.local/lib/python3.7/site-packages/airflow/example_dags/example_dag_decorator.py
[2025-09-04T10:37:49.768+0000] {processor.py:836} INFO - DAG(s) dict_keys(['example_dag_decorator']) retrieved from /home/airflow/.local/lib/python3.7/site-packages/airflow/example_dags/example_dag_decorator.py
[2025-09-04T10:37:49.913+0000] {logging_mixin.py:149} INFO - [2025-09-04T10:37:49.913+0000] {dag.py:2726} INFO - Sync 1 DAGs
[2025-09-04T10:37:49.941+0000] {logging_mixin.py:149} INFO - [2025-09-04T10:37:49.941+0000] {dag.py:3490} INFO - Setting next_dagrun for example_dag_decorator to None, run_after=None
[2025-09-04T10:37:49.969+0000] {processor.py:179} INFO - Processing /home/airflow/.local/lib/python3.7/site-packages/airflow/example_dags/example_dag_decorator.py took 0.226 seconds
[2025-09-04T10:38:20.359+0000] {processor.py:157} INFO - Started process (PID=13768) to work on /home/airflow/.local/lib/python3.7/site-packages/airflow/example_dags/example_dag_decorator.py
[2025-09-04T10:38:20.360+0000] {processor.py:826} INFO - Processing file /home/airflow/.local/lib/python3.7/site-packages/airflow/example_dags/example_dag_decorator.py for tasks to queue
[2025-09-04T10:38:20.361+0000] {logging_mixin.py:149} INFO - [2025-09-04T10:38:20.361+0000] {dagbag.py:541} INFO - Filling up the DagBag from /home/airflow/.local/lib/python3.7/site-packages/airflow/example_dags/example_dag_decorator.py
[2025-09-04T10:38:20.381+0000] {processor.py:836} INFO - DAG(s) dict_keys(['example_dag_decorator']) retrieved from /home/airflow/.local/lib/python3.7/site-packages/airflow/example_dags/example_dag_decorator.py
[2025-09-04T10:38:20.524+0000] {logging_mixin.py:149} INFO - [2025-09-04T10:38:20.524+0000] {dag.py:2726} INFO - Sync 1 DAGs
[2025-09-04T10:38:20.555+0000] {logging_mixin.py:149} INFO - [2025-09-04T10:38:20.554+0000] {dag.py:3490} INFO - Setting next_dagrun for example_dag_decorator to None, run_after=None
[2025-09-04T10:38:20.580+0000] {processor.py:179} INFO - Processing /home/airflow/.local/lib/python3.7/site-packages/airflow/example_dags/example_dag_decorator.py took 0.226 seconds
[2025-09-04T10:38:50.763+0000] {processor.py:157} INFO - Started process (PID=14013) to work on /home/airflow/.local/lib/python3.7/site-packages/airflow/example_dags/example_dag_decorator.py
[2025-09-04T10:38:50.765+0000] {processor.py:826} INFO - Processing file /home/airflow/.local/lib/python3.7/site-packages/airflow/example_dags/example_dag_decorator.py for tasks to queue
[2025-09-04T10:38:50.766+0000] {logging_mixin.py:149} INFO - [2025-09-04T10:38:50.766+0000] {dagbag.py:541} INFO - Filling up the DagBag from /home/airflow/.local/lib/python3.7/site-packages/airflow/example_dags/example_dag_decorator.py
[2025-09-04T10:38:50.786+0000] {processor.py:836} INFO - DAG(s) dict_keys(['example_dag_decorator']) retrieved from /home/airflow/.local/lib/python3.7/site-packages/airflow/example_dags/example_dag_decorator.py
[2025-09-04T10:38:51.038+0000] {logging_mixin.py:149} INFO - [2025-09-04T10:38:51.037+0000] {dag.py:2726} INFO - Sync 1 DAGs
[2025-09-04T10:38:51.073+0000] {logging_mixin.py:149} INFO - [2025-09-04T10:38:51.073+0000] {dag.py:3490} INFO - Setting next_dagrun for example_dag_decorator to None, run_after=None
[2025-09-04T10:38:51.102+0000] {processor.py:179} INFO - Processing /home/airflow/.local/lib/python3.7/site-packages/airflow/example_dags/example_dag_decorator.py took 0.346 seconds
[2025-09-04T10:39:21.251+0000] {processor.py:157} INFO - Started process (PID=14258) to work on /home/airflow/.local/lib/python3.7/site-packages/airflow/example_dags/example_dag_decorator.py
[2025-09-04T10:39:21.252+0000] {processor.py:826} INFO - Processing file /home/airflow/.local/lib/python3.7/site-packages/airflow/example_dags/example_dag_decorator.py for tasks to queue
[2025-09-04T10:39:21.254+0000] {logging_mixin.py:149} INFO - [2025-09-04T10:39:21.254+0000] {dagbag.py:541} INFO - Filling up the DagBag from /home/airflow/.local/lib/python3.7/site-packages/airflow/example_dags/example_dag_decorator.py
[2025-09-04T10:39:21.269+0000] {processor.py:836} INFO - DAG(s) dict_keys(['example_dag_decorator']) retrieved from /home/airflow/.local/lib/python3.7/site-packages/airflow/example_dags/example_dag_decorator.py
[2025-09-04T10:39:21.419+0000] {logging_mixin.py:149} INFO - [2025-09-04T10:39:21.418+0000] {dag.py:2726} INFO - Sync 1 DAGs
[2025-09-04T10:39:21.449+0000] {logging_mixin.py:149} INFO - [2025-09-04T10:39:21.449+0000] {dag.py:3490} INFO - Setting next_dagrun for example_dag_decorator to None, run_after=None
[2025-09-04T10:39:21.474+0000] {processor.py:179} INFO - Processing /home/airflow/.local/lib/python3.7/site-packages/airflow/example_dags/example_dag_decorator.py took 0.226 seconds
[2025-09-04T10:39:51.800+0000] {processor.py:157} INFO - Started process (PID=14503) to work on /home/airflow/.local/lib/python3.7/site-packages/airflow/example_dags/example_dag_decorator.py
[2025-09-04T10:39:51.801+0000] {processor.py:826} INFO - Processing file /home/airflow/.local/lib/python3.7/site-packages/airflow/example_dags/example_dag_decorator.py for tasks to queue
[2025-09-04T10:39:51.803+0000] {logging_mixin.py:149} INFO - [2025-09-04T10:39:51.803+0000] {dagbag.py:541} INFO - Filling up the DagBag from /home/airflow/.local/lib/python3.7/site-packages/airflow/example_dags/example_dag_decorator.py
[2025-09-04T10:39:51.819+0000] {processor.py:836} INFO - DAG(s) dict_keys(['example_dag_decorator']) retrieved from /home/airflow/.local/lib/python3.7/site-packages/airflow/example_dags/example_dag_decorator.py
[2025-09-04T10:39:51.980+0000] {logging_mixin.py:149} INFO - [2025-09-04T10:39:51.980+0000] {dag.py:2726} INFO - Sync 1 DAGs
[2025-09-04T10:39:52.013+0000] {logging_mixin.py:149} INFO - [2025-09-04T10:39:52.013+0000] {dag.py:3490} INFO - Setting next_dagrun for example_dag_decorator to None, run_after=None
[2025-09-04T10:39:52.040+0000] {processor.py:179} INFO - Processing /home/airflow/.local/lib/python3.7/site-packages/airflow/example_dags/example_dag_decorator.py took 0.243 seconds
[2025-09-04T10:40:22.288+0000] {processor.py:157} INFO - Started process (PID=14748) to work on /home/airflow/.local/lib/python3.7/site-packages/airflow/example_dags/example_dag_decorator.py
[2025-09-04T10:40:22.289+0000] {processor.py:826} INFO - Processing file /home/airflow/.local/lib/python3.7/site-packages/airflow/example_dags/example_dag_decorator.py for tasks to queue
[2025-09-04T10:40:22.291+0000] {logging_mixin.py:149} INFO - [2025-09-04T10:40:22.290+0000] {dagbag.py:541} INFO - Filling up the DagBag from /home/airflow/.local/lib/python3.7/site-packages/airflow/example_dags/example_dag_decorator.py
[2025-09-04T10:40:22.308+0000] {processor.py:836} INFO - DAG(s) dict_keys(['example_dag_decorator']) retrieved from /home/airflow/.local/lib/python3.7/site-packages/airflow/example_dags/example_dag_decorator.py
[2025-09-04T10:40:22.454+0000] {logging_mixin.py:149} INFO - [2025-09-04T10:40:22.454+0000] {dag.py:2726} INFO - Sync 1 DAGs
[2025-09-04T10:40:22.484+0000] {logging_mixin.py:149} INFO - [2025-09-04T10:40:22.484+0000] {dag.py:3490} INFO - Setting next_dagrun for example_dag_decorator to None, run_after=None
[2025-09-04T10:40:22.510+0000] {processor.py:179} INFO - Processing /home/airflow/.local/lib/python3.7/site-packages/airflow/example_dags/example_dag_decorator.py took 0.226 seconds
[2025-09-04T10:40:52.732+0000] {processor.py:157} INFO - Started process (PID=14993) to work on /home/airflow/.local/lib/python3.7/site-packages/airflow/example_dags/example_dag_decorator.py
[2025-09-04T10:40:52.733+0000] {processor.py:826} INFO - Processing file /home/airflow/.local/lib/python3.7/site-packages/airflow/example_dags/example_dag_decorator.py for tasks to queue
[2025-09-04T10:40:52.734+0000] {logging_mixin.py:149} INFO - [2025-09-04T10:40:52.734+0000] {dagbag.py:541} INFO - Filling up the DagBag from /home/airflow/.local/lib/python3.7/site-packages/airflow/example_dags/example_dag_decorator.py
[2025-09-04T10:40:52.750+0000] {processor.py:836} INFO - DAG(s) dict_keys(['example_dag_decorator']) retrieved from /home/airflow/.local/lib/python3.7/site-packages/airflow/example_dags/example_dag_decorator.py
[2025-09-04T10:40:52.901+0000] {logging_mixin.py:149} INFO - [2025-09-04T10:40:52.901+0000] {dag.py:2726} INFO - Sync 1 DAGs
[2025-09-04T10:40:52.937+0000] {logging_mixin.py:149} INFO - [2025-09-04T10:40:52.937+0000] {dag.py:3490} INFO - Setting next_dagrun for example_dag_decorator to None, run_after=None
[2025-09-04T10:40:52.966+0000] {processor.py:179} INFO - Processing /home/airflow/.local/lib/python3.7/site-packages/airflow/example_dags/example_dag_decorator.py took 0.238 seconds
[2025-09-04T10:41:23.115+0000] {processor.py:157} INFO - Started process (PID=15238) to work on /home/airflow/.local/lib/python3.7/site-packages/airflow/example_dags/example_dag_decorator.py
[2025-09-04T10:41:23.118+0000] {processor.py:826} INFO - Processing file /home/airflow/.local/lib/python3.7/site-packages/airflow/example_dags/example_dag_decorator.py for tasks to queue
[2025-09-04T10:41:23.119+0000] {logging_mixin.py:149} INFO - [2025-09-04T10:41:23.119+0000] {dagbag.py:541} INFO - Filling up the DagBag from /home/airflow/.local/lib/python3.7/site-packages/airflow/example_dags/example_dag_decorator.py
[2025-09-04T10:41:23.140+0000] {processor.py:836} INFO - DAG(s) dict_keys(['example_dag_decorator']) retrieved from /home/airflow/.local/lib/python3.7/site-packages/airflow/example_dags/example_dag_decorator.py
[2025-09-04T10:41:23.283+0000] {logging_mixin.py:149} INFO - [2025-09-04T10:41:23.283+0000] {dag.py:2726} INFO - Sync 1 DAGs
[2025-09-04T10:41:23.311+0000] {logging_mixin.py:149} INFO - [2025-09-04T10:41:23.311+0000] {dag.py:3490} INFO - Setting next_dagrun for example_dag_decorator to None, run_after=None
[2025-09-04T10:41:23.339+0000] {processor.py:179} INFO - Processing /home/airflow/.local/lib/python3.7/site-packages/airflow/example_dags/example_dag_decorator.py took 0.229 seconds
[2025-09-04T10:41:53.711+0000] {processor.py:157} INFO - Started process (PID=15483) to work on /home/airflow/.local/lib/python3.7/site-packages/airflow/example_dags/example_dag_decorator.py
[2025-09-04T10:41:53.712+0000] {processor.py:826} INFO - Processing file /home/airflow/.local/lib/python3.7/site-packages/airflow/example_dags/example_dag_decorator.py for tasks to queue
[2025-09-04T10:41:53.713+0000] {logging_mixin.py:149} INFO - [2025-09-04T10:41:53.713+0000] {dagbag.py:541} INFO - Filling up the DagBag from /home/airflow/.local/lib/python3.7/site-packages/airflow/example_dags/example_dag_decorator.py
[2025-09-04T10:41:53.732+0000] {processor.py:836} INFO - DAG(s) dict_keys(['example_dag_decorator']) retrieved from /home/airflow/.local/lib/python3.7/site-packages/airflow/example_dags/example_dag_decorator.py
[2025-09-04T10:41:53.885+0000] {logging_mixin.py:149} INFO - [2025-09-04T10:41:53.885+0000] {dag.py:2726} INFO - Sync 1 DAGs
[2025-09-04T10:41:53.915+0000] {logging_mixin.py:149} INFO - [2025-09-04T10:41:53.914+0000] {dag.py:3490} INFO - Setting next_dagrun for example_dag_decorator to None, run_after=None
[2025-09-04T10:41:53.939+0000] {processor.py:179} INFO - Processing /home/airflow/.local/lib/python3.7/site-packages/airflow/example_dags/example_dag_decorator.py took 0.232 seconds
[2025-09-04T10:42:24.524+0000] {processor.py:157} INFO - Started process (PID=15728) to work on /home/airflow/.local/lib/python3.7/site-packages/airflow/example_dags/example_dag_decorator.py
[2025-09-04T10:42:24.525+0000] {processor.py:826} INFO - Processing file /home/airflow/.local/lib/python3.7/site-packages/airflow/example_dags/example_dag_decorator.py for tasks to queue
[2025-09-04T10:42:24.526+0000] {logging_mixin.py:149} INFO - [2025-09-04T10:42:24.526+0000] {dagbag.py:541} INFO - Filling up the DagBag from /home/airflow/.local/lib/python3.7/site-packages/airflow/example_dags/example_dag_decorator.py
[2025-09-04T10:42:24.545+0000] {processor.py:836} INFO - DAG(s) dict_keys(['example_dag_decorator']) retrieved from /home/airflow/.local/lib/python3.7/site-packages/airflow/example_dags/example_dag_decorator.py
[2025-09-04T10:42:24.717+0000] {logging_mixin.py:149} INFO - [2025-09-04T10:42:24.715+0000] {dag.py:2726} INFO - Sync 1 DAGs
[2025-09-04T10:42:24.762+0000] {logging_mixin.py:149} INFO - [2025-09-04T10:42:24.761+0000] {dag.py:3490} INFO - Setting next_dagrun for example_dag_decorator to None, run_after=None
[2025-09-04T10:42:24.798+0000] {processor.py:179} INFO - Processing /home/airflow/.local/lib/python3.7/site-packages/airflow/example_dags/example_dag_decorator.py took 0.280 seconds
[2025-09-04T10:42:55.198+0000] {processor.py:157} INFO - Started process (PID=15973) to work on /home/airflow/.local/lib/python3.7/site-packages/airflow/example_dags/example_dag_decorator.py
[2025-09-04T10:42:55.200+0000] {processor.py:826} INFO - Processing file /home/airflow/.local/lib/python3.7/site-packages/airflow/example_dags/example_dag_decorator.py for tasks to queue
[2025-09-04T10:42:55.201+0000] {logging_mixin.py:149} INFO - [2025-09-04T10:42:55.201+0000] {dagbag.py:541} INFO - Filling up the DagBag from /home/airflow/.local/lib/python3.7/site-packages/airflow/example_dags/example_dag_decorator.py
[2025-09-04T10:42:55.227+0000] {processor.py:836} INFO - DAG(s) dict_keys(['example_dag_decorator']) retrieved from /home/airflow/.local/lib/python3.7/site-packages/airflow/example_dags/example_dag_decorator.py
[2025-09-04T10:42:55.433+0000] {logging_mixin.py:149} INFO - [2025-09-04T10:42:55.433+0000] {dag.py:2726} INFO - Sync 1 DAGs
[2025-09-04T10:42:55.481+0000] {logging_mixin.py:149} INFO - [2025-09-04T10:42:55.481+0000] {dag.py:3490} INFO - Setting next_dagrun for example_dag_decorator to None, run_after=None
[2025-09-04T10:42:55.514+0000] {processor.py:179} INFO - Processing /home/airflow/.local/lib/python3.7/site-packages/airflow/example_dags/example_dag_decorator.py took 0.322 seconds
[2025-09-04T10:43:25.907+0000] {processor.py:157} INFO - Started process (PID=16218) to work on /home/airflow/.local/lib/python3.7/site-packages/airflow/example_dags/example_dag_decorator.py
[2025-09-04T10:43:25.908+0000] {processor.py:826} INFO - Processing file /home/airflow/.local/lib/python3.7/site-packages/airflow/example_dags/example_dag_decorator.py for tasks to queue
[2025-09-04T10:43:25.909+0000] {logging_mixin.py:149} INFO - [2025-09-04T10:43:25.909+0000] {dagbag.py:541} INFO - Filling up the DagBag from /home/airflow/.local/lib/python3.7/site-packages/airflow/example_dags/example_dag_decorator.py
[2025-09-04T10:43:25.926+0000] {processor.py:836} INFO - DAG(s) dict_keys(['example_dag_decorator']) retrieved from /home/airflow/.local/lib/python3.7/site-packages/airflow/example_dags/example_dag_decorator.py
[2025-09-04T10:43:26.091+0000] {logging_mixin.py:149} INFO - [2025-09-04T10:43:26.091+0000] {dag.py:2726} INFO - Sync 1 DAGs
[2025-09-04T10:43:26.125+0000] {logging_mixin.py:149} INFO - [2025-09-04T10:43:26.125+0000] {dag.py:3490} INFO - Setting next_dagrun for example_dag_decorator to None, run_after=None
[2025-09-04T10:43:26.152+0000] {processor.py:179} INFO - Processing /home/airflow/.local/lib/python3.7/site-packages/airflow/example_dags/example_dag_decorator.py took 0.249 seconds
[2025-09-04T10:43:56.425+0000] {processor.py:157} INFO - Started process (PID=16463) to work on /home/airflow/.local/lib/python3.7/site-packages/airflow/example_dags/example_dag_decorator.py
[2025-09-04T10:43:56.427+0000] {processor.py:826} INFO - Processing file /home/airflow/.local/lib/python3.7/site-packages/airflow/example_dags/example_dag_decorator.py for tasks to queue
[2025-09-04T10:43:56.431+0000] {logging_mixin.py:149} INFO - [2025-09-04T10:43:56.430+0000] {dagbag.py:541} INFO - Filling up the DagBag from /home/airflow/.local/lib/python3.7/site-packages/airflow/example_dags/example_dag_decorator.py
[2025-09-04T10:43:56.449+0000] {processor.py:836} INFO - DAG(s) dict_keys(['example_dag_decorator']) retrieved from /home/airflow/.local/lib/python3.7/site-packages/airflow/example_dags/example_dag_decorator.py
[2025-09-04T10:43:56.656+0000] {logging_mixin.py:149} INFO - [2025-09-04T10:43:56.656+0000] {dag.py:2726} INFO - Sync 1 DAGs
[2025-09-04T10:43:56.727+0000] {logging_mixin.py:149} INFO - [2025-09-04T10:43:56.726+0000] {dag.py:3490} INFO - Setting next_dagrun for example_dag_decorator to None, run_after=None
[2025-09-04T10:43:56.764+0000] {processor.py:179} INFO - Processing /home/airflow/.local/lib/python3.7/site-packages/airflow/example_dags/example_dag_decorator.py took 0.344 seconds
[2025-09-04T10:44:26.963+0000] {processor.py:157} INFO - Started process (PID=16710) to work on /home/airflow/.local/lib/python3.7/site-packages/airflow/example_dags/example_dag_decorator.py
[2025-09-04T10:44:26.964+0000] {processor.py:826} INFO - Processing file /home/airflow/.local/lib/python3.7/site-packages/airflow/example_dags/example_dag_decorator.py for tasks to queue
[2025-09-04T10:44:26.966+0000] {logging_mixin.py:149} INFO - [2025-09-04T10:44:26.965+0000] {dagbag.py:541} INFO - Filling up the DagBag from /home/airflow/.local/lib/python3.7/site-packages/airflow/example_dags/example_dag_decorator.py
[2025-09-04T10:44:26.983+0000] {processor.py:836} INFO - DAG(s) dict_keys(['example_dag_decorator']) retrieved from /home/airflow/.local/lib/python3.7/site-packages/airflow/example_dags/example_dag_decorator.py
[2025-09-04T10:44:27.170+0000] {logging_mixin.py:149} INFO - [2025-09-04T10:44:27.170+0000] {dag.py:2726} INFO - Sync 1 DAGs
[2025-09-04T10:44:27.202+0000] {logging_mixin.py:149} INFO - [2025-09-04T10:44:27.201+0000] {dag.py:3490} INFO - Setting next_dagrun for example_dag_decorator to None, run_after=None
[2025-09-04T10:44:27.233+0000] {processor.py:179} INFO - Processing /home/airflow/.local/lib/python3.7/site-packages/airflow/example_dags/example_dag_decorator.py took 0.274 seconds
[2025-09-04T10:44:57.421+0000] {processor.py:157} INFO - Started process (PID=16940) to work on /home/airflow/.local/lib/python3.7/site-packages/airflow/example_dags/example_dag_decorator.py
[2025-09-04T10:44:57.423+0000] {processor.py:826} INFO - Processing file /home/airflow/.local/lib/python3.7/site-packages/airflow/example_dags/example_dag_decorator.py for tasks to queue
[2025-09-04T10:44:57.425+0000] {logging_mixin.py:149} INFO - [2025-09-04T10:44:57.424+0000] {dagbag.py:541} INFO - Filling up the DagBag from /home/airflow/.local/lib/python3.7/site-packages/airflow/example_dags/example_dag_decorator.py
[2025-09-04T10:44:57.448+0000] {processor.py:836} INFO - DAG(s) dict_keys(['example_dag_decorator']) retrieved from /home/airflow/.local/lib/python3.7/site-packages/airflow/example_dags/example_dag_decorator.py
[2025-09-04T10:44:57.643+0000] {logging_mixin.py:149} INFO - [2025-09-04T10:44:57.643+0000] {dag.py:2726} INFO - Sync 1 DAGs
[2025-09-04T10:44:57.680+0000] {logging_mixin.py:149} INFO - [2025-09-04T10:44:57.680+0000] {dag.py:3490} INFO - Setting next_dagrun for example_dag_decorator to None, run_after=None
[2025-09-04T10:44:57.725+0000] {processor.py:179} INFO - Processing /home/airflow/.local/lib/python3.7/site-packages/airflow/example_dags/example_dag_decorator.py took 0.309 seconds
[2025-09-04T10:45:27.983+0000] {processor.py:157} INFO - Started process (PID=17197) to work on /home/airflow/.local/lib/python3.7/site-packages/airflow/example_dags/example_dag_decorator.py
[2025-09-04T10:45:27.985+0000] {processor.py:826} INFO - Processing file /home/airflow/.local/lib/python3.7/site-packages/airflow/example_dags/example_dag_decorator.py for tasks to queue
[2025-09-04T10:45:27.986+0000] {logging_mixin.py:149} INFO - [2025-09-04T10:45:27.986+0000] {dagbag.py:541} INFO - Filling up the DagBag from /home/airflow/.local/lib/python3.7/site-packages/airflow/example_dags/example_dag_decorator.py
[2025-09-04T10:45:28.010+0000] {processor.py:836} INFO - DAG(s) dict_keys(['example_dag_decorator']) retrieved from /home/airflow/.local/lib/python3.7/site-packages/airflow/example_dags/example_dag_decorator.py
[2025-09-04T10:45:28.232+0000] {logging_mixin.py:149} INFO - [2025-09-04T10:45:28.232+0000] {dag.py:2726} INFO - Sync 1 DAGs
[2025-09-04T10:45:28.270+0000] {logging_mixin.py:149} INFO - [2025-09-04T10:45:28.270+0000] {dag.py:3490} INFO - Setting next_dagrun for example_dag_decorator to None, run_after=None
[2025-09-04T10:45:28.303+0000] {processor.py:179} INFO - Processing /home/airflow/.local/lib/python3.7/site-packages/airflow/example_dags/example_dag_decorator.py took 0.328 seconds
[2025-09-04T10:45:58.768+0000] {processor.py:157} INFO - Started process (PID=17450) to work on /home/airflow/.local/lib/python3.7/site-packages/airflow/example_dags/example_dag_decorator.py
[2025-09-04T10:45:58.771+0000] {processor.py:826} INFO - Processing file /home/airflow/.local/lib/python3.7/site-packages/airflow/example_dags/example_dag_decorator.py for tasks to queue
[2025-09-04T10:45:58.772+0000] {logging_mixin.py:149} INFO - [2025-09-04T10:45:58.772+0000] {dagbag.py:541} INFO - Filling up the DagBag from /home/airflow/.local/lib/python3.7/site-packages/airflow/example_dags/example_dag_decorator.py
[2025-09-04T10:45:58.791+0000] {processor.py:836} INFO - DAG(s) dict_keys(['example_dag_decorator']) retrieved from /home/airflow/.local/lib/python3.7/site-packages/airflow/example_dags/example_dag_decorator.py
[2025-09-04T10:45:58.990+0000] {logging_mixin.py:149} INFO - [2025-09-04T10:45:58.990+0000] {dag.py:2726} INFO - Sync 1 DAGs
[2025-09-04T10:45:59.024+0000] {logging_mixin.py:149} INFO - [2025-09-04T10:45:59.024+0000] {dag.py:3490} INFO - Setting next_dagrun for example_dag_decorator to None, run_after=None
[2025-09-04T10:45:59.053+0000] {processor.py:179} INFO - Processing /home/airflow/.local/lib/python3.7/site-packages/airflow/example_dags/example_dag_decorator.py took 0.288 seconds
[2025-09-04T10:46:29.259+0000] {processor.py:157} INFO - Started process (PID=17705) to work on /home/airflow/.local/lib/python3.7/site-packages/airflow/example_dags/example_dag_decorator.py
[2025-09-04T10:46:29.260+0000] {processor.py:826} INFO - Processing file /home/airflow/.local/lib/python3.7/site-packages/airflow/example_dags/example_dag_decorator.py for tasks to queue
[2025-09-04T10:46:29.263+0000] {logging_mixin.py:149} INFO - [2025-09-04T10:46:29.263+0000] {dagbag.py:541} INFO - Filling up the DagBag from /home/airflow/.local/lib/python3.7/site-packages/airflow/example_dags/example_dag_decorator.py
[2025-09-04T10:46:29.285+0000] {processor.py:836} INFO - DAG(s) dict_keys(['example_dag_decorator']) retrieved from /home/airflow/.local/lib/python3.7/site-packages/airflow/example_dags/example_dag_decorator.py
[2025-09-04T10:46:29.492+0000] {logging_mixin.py:149} INFO - [2025-09-04T10:46:29.491+0000] {dag.py:2726} INFO - Sync 1 DAGs
[2025-09-04T10:46:29.523+0000] {logging_mixin.py:149} INFO - [2025-09-04T10:46:29.523+0000] {dag.py:3490} INFO - Setting next_dagrun for example_dag_decorator to None, run_after=None
[2025-09-04T10:46:29.577+0000] {processor.py:179} INFO - Processing /home/airflow/.local/lib/python3.7/site-packages/airflow/example_dags/example_dag_decorator.py took 0.322 seconds
[2025-09-04T10:46:59.663+0000] {processor.py:157} INFO - Started process (PID=17960) to work on /home/airflow/.local/lib/python3.7/site-packages/airflow/example_dags/example_dag_decorator.py
[2025-09-04T10:46:59.665+0000] {processor.py:826} INFO - Processing file /home/airflow/.local/lib/python3.7/site-packages/airflow/example_dags/example_dag_decorator.py for tasks to queue
[2025-09-04T10:46:59.668+0000] {logging_mixin.py:149} INFO - [2025-09-04T10:46:59.667+0000] {dagbag.py:541} INFO - Filling up the DagBag from /home/airflow/.local/lib/python3.7/site-packages/airflow/example_dags/example_dag_decorator.py
[2025-09-04T10:46:59.707+0000] {processor.py:836} INFO - DAG(s) dict_keys(['example_dag_decorator']) retrieved from /home/airflow/.local/lib/python3.7/site-packages/airflow/example_dags/example_dag_decorator.py
[2025-09-04T10:47:00.060+0000] {logging_mixin.py:149} INFO - [2025-09-04T10:47:00.059+0000] {dag.py:2726} INFO - Sync 1 DAGs
[2025-09-04T10:47:00.095+0000] {logging_mixin.py:149} INFO - [2025-09-04T10:47:00.095+0000] {dag.py:3490} INFO - Setting next_dagrun for example_dag_decorator to None, run_after=None
[2025-09-04T10:47:00.121+0000] {processor.py:179} INFO - Processing /home/airflow/.local/lib/python3.7/site-packages/airflow/example_dags/example_dag_decorator.py took 0.462 seconds
[2025-09-04T10:47:30.683+0000] {processor.py:157} INFO - Started process (PID=18215) to work on /home/airflow/.local/lib/python3.7/site-packages/airflow/example_dags/example_dag_decorator.py
[2025-09-04T10:47:30.687+0000] {processor.py:826} INFO - Processing file /home/airflow/.local/lib/python3.7/site-packages/airflow/example_dags/example_dag_decorator.py for tasks to queue
[2025-09-04T10:47:30.690+0000] {logging_mixin.py:149} INFO - [2025-09-04T10:47:30.689+0000] {dagbag.py:541} INFO - Filling up the DagBag from /home/airflow/.local/lib/python3.7/site-packages/airflow/example_dags/example_dag_decorator.py
[2025-09-04T10:47:30.712+0000] {processor.py:836} INFO - DAG(s) dict_keys(['example_dag_decorator']) retrieved from /home/airflow/.local/lib/python3.7/site-packages/airflow/example_dags/example_dag_decorator.py
[2025-09-04T10:47:30.946+0000] {logging_mixin.py:149} INFO - [2025-09-04T10:47:30.945+0000] {dag.py:2726} INFO - Sync 1 DAGs
[2025-09-04T10:47:31.017+0000] {logging_mixin.py:149} INFO - [2025-09-04T10:47:31.017+0000] {dag.py:3490} INFO - Setting next_dagrun for example_dag_decorator to None, run_after=None
[2025-09-04T10:47:31.060+0000] {processor.py:179} INFO - Processing /home/airflow/.local/lib/python3.7/site-packages/airflow/example_dags/example_dag_decorator.py took 0.382 seconds
