[2025-09-04T10:10:09.001+0000] {processor.py:157} INFO - Started process (PID=316) to work on /home/airflow/.local/lib/python3.7/site-packages/airflow/example_dags/example_params_trigger_ui.py
[2025-09-04T10:10:09.003+0000] {processor.py:826} INFO - Processing file /home/airflow/.local/lib/python3.7/site-packages/airflow/example_dags/example_params_trigger_ui.py for tasks to queue
[2025-09-04T10:10:09.005+0000] {logging_mixin.py:149} INFO - [2025-09-04T10:10:09.005+0000] {dagbag.py:541} INFO - Filling up the DagBag from /home/airflow/.local/lib/python3.7/site-packages/airflow/example_dags/example_params_trigger_ui.py
[2025-09-04T10:10:09.043+0000] {processor.py:836} INFO - DAG(s) dict_keys(['example_params_trigger_ui']) retrieved from /home/airflow/.local/lib/python3.7/site-packages/airflow/example_dags/example_params_trigger_ui.py
[2025-09-04T10:10:09.060+0000] {logging_mixin.py:149} INFO - [2025-09-04T10:10:09.059+0000] {dag.py:2726} INFO - Sync 1 DAGs
[2025-09-04T10:10:09.097+0000] {logging_mixin.py:149} INFO - [2025-09-04T10:10:09.097+0000] {dag.py:3490} INFO - Setting next_dagrun for example_params_trigger_ui to None, run_after=None
[2025-09-04T10:10:09.127+0000] {processor.py:179} INFO - Processing /home/airflow/.local/lib/python3.7/site-packages/airflow/example_dags/example_params_trigger_ui.py took 0.131 seconds
[2025-09-04T10:10:40.026+0000] {processor.py:157} INFO - Started process (PID=561) to work on /home/airflow/.local/lib/python3.7/site-packages/airflow/example_dags/example_params_trigger_ui.py
[2025-09-04T10:10:40.027+0000] {processor.py:826} INFO - Processing file /home/airflow/.local/lib/python3.7/site-packages/airflow/example_dags/example_params_trigger_ui.py for tasks to queue
[2025-09-04T10:10:40.028+0000] {logging_mixin.py:149} INFO - [2025-09-04T10:10:40.028+0000] {dagbag.py:541} INFO - Filling up the DagBag from /home/airflow/.local/lib/python3.7/site-packages/airflow/example_dags/example_params_trigger_ui.py
[2025-09-04T10:10:40.052+0000] {processor.py:836} INFO - DAG(s) dict_keys(['example_params_trigger_ui']) retrieved from /home/airflow/.local/lib/python3.7/site-packages/airflow/example_dags/example_params_trigger_ui.py
[2025-09-04T10:10:40.173+0000] {logging_mixin.py:149} INFO - [2025-09-04T10:10:40.173+0000] {dag.py:2726} INFO - Sync 1 DAGs
[2025-09-04T10:10:40.215+0000] {logging_mixin.py:149} INFO - [2025-09-04T10:10:40.214+0000] {dag.py:3490} INFO - Setting next_dagrun for example_params_trigger_ui to None, run_after=None
[2025-09-04T10:10:40.245+0000] {processor.py:179} INFO - Processing /home/airflow/.local/lib/python3.7/site-packages/airflow/example_dags/example_params_trigger_ui.py took 0.224 seconds
[2025-09-04T10:11:11.027+0000] {processor.py:157} INFO - Started process (PID=806) to work on /home/airflow/.local/lib/python3.7/site-packages/airflow/example_dags/example_params_trigger_ui.py
[2025-09-04T10:11:11.028+0000] {processor.py:826} INFO - Processing file /home/airflow/.local/lib/python3.7/site-packages/airflow/example_dags/example_params_trigger_ui.py for tasks to queue
[2025-09-04T10:11:11.029+0000] {logging_mixin.py:149} INFO - [2025-09-04T10:11:11.028+0000] {dagbag.py:541} INFO - Filling up the DagBag from /home/airflow/.local/lib/python3.7/site-packages/airflow/example_dags/example_params_trigger_ui.py
[2025-09-04T10:11:11.052+0000] {processor.py:836} INFO - DAG(s) dict_keys(['example_params_trigger_ui']) retrieved from /home/airflow/.local/lib/python3.7/site-packages/airflow/example_dags/example_params_trigger_ui.py
[2025-09-04T10:11:11.154+0000] {logging_mixin.py:149} INFO - [2025-09-04T10:11:11.154+0000] {dag.py:2726} INFO - Sync 1 DAGs
[2025-09-04T10:11:11.183+0000] {logging_mixin.py:149} INFO - [2025-09-04T10:11:11.183+0000] {dag.py:3490} INFO - Setting next_dagrun for example_params_trigger_ui to None, run_after=None
[2025-09-04T10:11:11.206+0000] {processor.py:179} INFO - Processing /home/airflow/.local/lib/python3.7/site-packages/airflow/example_dags/example_params_trigger_ui.py took 0.183 seconds
[2025-09-04T10:11:41.328+0000] {processor.py:157} INFO - Started process (PID=1048) to work on /home/airflow/.local/lib/python3.7/site-packages/airflow/example_dags/example_params_trigger_ui.py
[2025-09-04T10:11:41.332+0000] {processor.py:826} INFO - Processing file /home/airflow/.local/lib/python3.7/site-packages/airflow/example_dags/example_params_trigger_ui.py for tasks to queue
[2025-09-04T10:11:41.333+0000] {logging_mixin.py:149} INFO - [2025-09-04T10:11:41.333+0000] {dagbag.py:541} INFO - Filling up the DagBag from /home/airflow/.local/lib/python3.7/site-packages/airflow/example_dags/example_params_trigger_ui.py
[2025-09-04T10:11:41.362+0000] {processor.py:836} INFO - DAG(s) dict_keys(['example_params_trigger_ui']) retrieved from /home/airflow/.local/lib/python3.7/site-packages/airflow/example_dags/example_params_trigger_ui.py
[2025-09-04T10:11:41.462+0000] {logging_mixin.py:149} INFO - [2025-09-04T10:11:41.462+0000] {dag.py:2726} INFO - Sync 1 DAGs
[2025-09-04T10:11:41.492+0000] {logging_mixin.py:149} INFO - [2025-09-04T10:11:41.492+0000] {dag.py:3490} INFO - Setting next_dagrun for example_params_trigger_ui to None, run_after=None
[2025-09-04T10:11:41.513+0000] {processor.py:179} INFO - Processing /home/airflow/.local/lib/python3.7/site-packages/airflow/example_dags/example_params_trigger_ui.py took 0.189 seconds
[2025-09-04T10:12:11.982+0000] {processor.py:157} INFO - Started process (PID=1296) to work on /home/airflow/.local/lib/python3.7/site-packages/airflow/example_dags/example_params_trigger_ui.py
[2025-09-04T10:12:11.983+0000] {processor.py:826} INFO - Processing file /home/airflow/.local/lib/python3.7/site-packages/airflow/example_dags/example_params_trigger_ui.py for tasks to queue
[2025-09-04T10:12:11.984+0000] {logging_mixin.py:149} INFO - [2025-09-04T10:12:11.984+0000] {dagbag.py:541} INFO - Filling up the DagBag from /home/airflow/.local/lib/python3.7/site-packages/airflow/example_dags/example_params_trigger_ui.py
[2025-09-04T10:12:12.011+0000] {processor.py:836} INFO - DAG(s) dict_keys(['example_params_trigger_ui']) retrieved from /home/airflow/.local/lib/python3.7/site-packages/airflow/example_dags/example_params_trigger_ui.py
[2025-09-04T10:12:12.114+0000] {logging_mixin.py:149} INFO - [2025-09-04T10:12:12.114+0000] {dag.py:2726} INFO - Sync 1 DAGs
[2025-09-04T10:12:12.141+0000] {logging_mixin.py:149} INFO - [2025-09-04T10:12:12.141+0000] {dag.py:3490} INFO - Setting next_dagrun for example_params_trigger_ui to None, run_after=None
[2025-09-04T10:12:12.164+0000] {processor.py:179} INFO - Processing /home/airflow/.local/lib/python3.7/site-packages/airflow/example_dags/example_params_trigger_ui.py took 0.186 seconds
[2025-09-04T10:12:42.345+0000] {processor.py:157} INFO - Started process (PID=1541) to work on /home/airflow/.local/lib/python3.7/site-packages/airflow/example_dags/example_params_trigger_ui.py
[2025-09-04T10:12:42.346+0000] {processor.py:826} INFO - Processing file /home/airflow/.local/lib/python3.7/site-packages/airflow/example_dags/example_params_trigger_ui.py for tasks to queue
[2025-09-04T10:12:42.347+0000] {logging_mixin.py:149} INFO - [2025-09-04T10:12:42.347+0000] {dagbag.py:541} INFO - Filling up the DagBag from /home/airflow/.local/lib/python3.7/site-packages/airflow/example_dags/example_params_trigger_ui.py
[2025-09-04T10:12:42.370+0000] {processor.py:836} INFO - DAG(s) dict_keys(['example_params_trigger_ui']) retrieved from /home/airflow/.local/lib/python3.7/site-packages/airflow/example_dags/example_params_trigger_ui.py
[2025-09-04T10:12:42.468+0000] {logging_mixin.py:149} INFO - [2025-09-04T10:12:42.468+0000] {dag.py:2726} INFO - Sync 1 DAGs
[2025-09-04T10:12:42.498+0000] {logging_mixin.py:149} INFO - [2025-09-04T10:12:42.498+0000] {dag.py:3490} INFO - Setting next_dagrun for example_params_trigger_ui to None, run_after=None
[2025-09-04T10:12:42.530+0000] {processor.py:179} INFO - Processing /home/airflow/.local/lib/python3.7/site-packages/airflow/example_dags/example_params_trigger_ui.py took 0.188 seconds
[2025-09-04T10:13:12.615+0000] {processor.py:157} INFO - Started process (PID=1783) to work on /home/airflow/.local/lib/python3.7/site-packages/airflow/example_dags/example_params_trigger_ui.py
[2025-09-04T10:13:12.616+0000] {processor.py:826} INFO - Processing file /home/airflow/.local/lib/python3.7/site-packages/airflow/example_dags/example_params_trigger_ui.py for tasks to queue
[2025-09-04T10:13:12.617+0000] {logging_mixin.py:149} INFO - [2025-09-04T10:13:12.617+0000] {dagbag.py:541} INFO - Filling up the DagBag from /home/airflow/.local/lib/python3.7/site-packages/airflow/example_dags/example_params_trigger_ui.py
[2025-09-04T10:13:12.640+0000] {processor.py:836} INFO - DAG(s) dict_keys(['example_params_trigger_ui']) retrieved from /home/airflow/.local/lib/python3.7/site-packages/airflow/example_dags/example_params_trigger_ui.py
[2025-09-04T10:13:12.735+0000] {logging_mixin.py:149} INFO - [2025-09-04T10:13:12.734+0000] {dag.py:2726} INFO - Sync 1 DAGs
[2025-09-04T10:13:12.763+0000] {logging_mixin.py:149} INFO - [2025-09-04T10:13:12.763+0000] {dag.py:3490} INFO - Setting next_dagrun for example_params_trigger_ui to None, run_after=None
[2025-09-04T10:13:12.783+0000] {processor.py:179} INFO - Processing /home/airflow/.local/lib/python3.7/site-packages/airflow/example_dags/example_params_trigger_ui.py took 0.171 seconds
[2025-09-04T10:13:43.029+0000] {processor.py:157} INFO - Started process (PID=2028) to work on /home/airflow/.local/lib/python3.7/site-packages/airflow/example_dags/example_params_trigger_ui.py
[2025-09-04T10:13:43.030+0000] {processor.py:826} INFO - Processing file /home/airflow/.local/lib/python3.7/site-packages/airflow/example_dags/example_params_trigger_ui.py for tasks to queue
[2025-09-04T10:13:43.032+0000] {logging_mixin.py:149} INFO - [2025-09-04T10:13:43.032+0000] {dagbag.py:541} INFO - Filling up the DagBag from /home/airflow/.local/lib/python3.7/site-packages/airflow/example_dags/example_params_trigger_ui.py
[2025-09-04T10:13:43.061+0000] {processor.py:836} INFO - DAG(s) dict_keys(['example_params_trigger_ui']) retrieved from /home/airflow/.local/lib/python3.7/site-packages/airflow/example_dags/example_params_trigger_ui.py
[2025-09-04T10:13:43.194+0000] {logging_mixin.py:149} INFO - [2025-09-04T10:13:43.194+0000] {dag.py:2726} INFO - Sync 1 DAGs
[2025-09-04T10:13:43.229+0000] {logging_mixin.py:149} INFO - [2025-09-04T10:13:43.229+0000] {dag.py:3490} INFO - Setting next_dagrun for example_params_trigger_ui to None, run_after=None
[2025-09-04T10:13:43.258+0000] {processor.py:179} INFO - Processing /home/airflow/.local/lib/python3.7/site-packages/airflow/example_dags/example_params_trigger_ui.py took 0.234 seconds
[2025-09-04T10:14:21.061+0000] {processor.py:157} INFO - Started process (PID=2276) to work on /home/airflow/.local/lib/python3.7/site-packages/airflow/example_dags/example_params_trigger_ui.py
[2025-09-04T10:14:21.063+0000] {processor.py:826} INFO - Processing file /home/airflow/.local/lib/python3.7/site-packages/airflow/example_dags/example_params_trigger_ui.py for tasks to queue
[2025-09-04T10:14:21.064+0000] {logging_mixin.py:149} INFO - [2025-09-04T10:14:21.063+0000] {dagbag.py:541} INFO - Filling up the DagBag from /home/airflow/.local/lib/python3.7/site-packages/airflow/example_dags/example_params_trigger_ui.py
[2025-09-04T10:14:21.089+0000] {processor.py:836} INFO - DAG(s) dict_keys(['example_params_trigger_ui']) retrieved from /home/airflow/.local/lib/python3.7/site-packages/airflow/example_dags/example_params_trigger_ui.py
[2025-09-04T10:14:21.193+0000] {logging_mixin.py:149} INFO - [2025-09-04T10:14:21.193+0000] {dag.py:2726} INFO - Sync 1 DAGs
[2025-09-04T10:14:21.221+0000] {logging_mixin.py:149} INFO - [2025-09-04T10:14:21.221+0000] {dag.py:3490} INFO - Setting next_dagrun for example_params_trigger_ui to None, run_after=None
[2025-09-04T10:14:21.242+0000] {processor.py:179} INFO - Processing /home/airflow/.local/lib/python3.7/site-packages/airflow/example_dags/example_params_trigger_ui.py took 0.184 seconds
[2025-09-04T10:14:51.840+0000] {processor.py:157} INFO - Started process (PID=2521) to work on /home/airflow/.local/lib/python3.7/site-packages/airflow/example_dags/example_params_trigger_ui.py
[2025-09-04T10:14:51.841+0000] {processor.py:826} INFO - Processing file /home/airflow/.local/lib/python3.7/site-packages/airflow/example_dags/example_params_trigger_ui.py for tasks to queue
[2025-09-04T10:14:51.842+0000] {logging_mixin.py:149} INFO - [2025-09-04T10:14:51.841+0000] {dagbag.py:541} INFO - Filling up the DagBag from /home/airflow/.local/lib/python3.7/site-packages/airflow/example_dags/example_params_trigger_ui.py
[2025-09-04T10:14:51.865+0000] {processor.py:836} INFO - DAG(s) dict_keys(['example_params_trigger_ui']) retrieved from /home/airflow/.local/lib/python3.7/site-packages/airflow/example_dags/example_params_trigger_ui.py
[2025-09-04T10:14:51.967+0000] {logging_mixin.py:149} INFO - [2025-09-04T10:14:51.967+0000] {dag.py:2726} INFO - Sync 1 DAGs
[2025-09-04T10:14:51.996+0000] {logging_mixin.py:149} INFO - [2025-09-04T10:14:51.995+0000] {dag.py:3490} INFO - Setting next_dagrun for example_params_trigger_ui to None, run_after=None
[2025-09-04T10:14:52.016+0000] {processor.py:179} INFO - Processing /home/airflow/.local/lib/python3.7/site-packages/airflow/example_dags/example_params_trigger_ui.py took 0.179 seconds
[2025-09-04T10:15:22.604+0000] {processor.py:157} INFO - Started process (PID=2766) to work on /home/airflow/.local/lib/python3.7/site-packages/airflow/example_dags/example_params_trigger_ui.py
[2025-09-04T10:15:22.605+0000] {processor.py:826} INFO - Processing file /home/airflow/.local/lib/python3.7/site-packages/airflow/example_dags/example_params_trigger_ui.py for tasks to queue
[2025-09-04T10:15:22.605+0000] {logging_mixin.py:149} INFO - [2025-09-04T10:15:22.605+0000] {dagbag.py:541} INFO - Filling up the DagBag from /home/airflow/.local/lib/python3.7/site-packages/airflow/example_dags/example_params_trigger_ui.py
[2025-09-04T10:15:22.630+0000] {processor.py:836} INFO - DAG(s) dict_keys(['example_params_trigger_ui']) retrieved from /home/airflow/.local/lib/python3.7/site-packages/airflow/example_dags/example_params_trigger_ui.py
[2025-09-04T10:15:22.727+0000] {logging_mixin.py:149} INFO - [2025-09-04T10:15:22.727+0000] {dag.py:2726} INFO - Sync 1 DAGs
[2025-09-04T10:15:22.754+0000] {logging_mixin.py:149} INFO - [2025-09-04T10:15:22.754+0000] {dag.py:3490} INFO - Setting next_dagrun for example_params_trigger_ui to None, run_after=None
[2025-09-04T10:15:22.775+0000] {processor.py:179} INFO - Processing /home/airflow/.local/lib/python3.7/site-packages/airflow/example_dags/example_params_trigger_ui.py took 0.174 seconds
[2025-09-04T10:15:53.166+0000] {processor.py:157} INFO - Started process (PID=3011) to work on /home/airflow/.local/lib/python3.7/site-packages/airflow/example_dags/example_params_trigger_ui.py
[2025-09-04T10:15:53.167+0000] {processor.py:826} INFO - Processing file /home/airflow/.local/lib/python3.7/site-packages/airflow/example_dags/example_params_trigger_ui.py for tasks to queue
[2025-09-04T10:15:53.167+0000] {logging_mixin.py:149} INFO - [2025-09-04T10:15:53.167+0000] {dagbag.py:541} INFO - Filling up the DagBag from /home/airflow/.local/lib/python3.7/site-packages/airflow/example_dags/example_params_trigger_ui.py
[2025-09-04T10:15:53.192+0000] {processor.py:836} INFO - DAG(s) dict_keys(['example_params_trigger_ui']) retrieved from /home/airflow/.local/lib/python3.7/site-packages/airflow/example_dags/example_params_trigger_ui.py
[2025-09-04T10:15:53.309+0000] {logging_mixin.py:149} INFO - [2025-09-04T10:15:53.309+0000] {dag.py:2726} INFO - Sync 1 DAGs
[2025-09-04T10:15:53.342+0000] {logging_mixin.py:149} INFO - [2025-09-04T10:15:53.342+0000] {dag.py:3490} INFO - Setting next_dagrun for example_params_trigger_ui to None, run_after=None
[2025-09-04T10:15:53.367+0000] {processor.py:179} INFO - Processing /home/airflow/.local/lib/python3.7/site-packages/airflow/example_dags/example_params_trigger_ui.py took 0.205 seconds
[2025-09-04T10:16:23.820+0000] {processor.py:157} INFO - Started process (PID=3256) to work on /home/airflow/.local/lib/python3.7/site-packages/airflow/example_dags/example_params_trigger_ui.py
[2025-09-04T10:16:23.821+0000] {processor.py:826} INFO - Processing file /home/airflow/.local/lib/python3.7/site-packages/airflow/example_dags/example_params_trigger_ui.py for tasks to queue
[2025-09-04T10:16:23.822+0000] {logging_mixin.py:149} INFO - [2025-09-04T10:16:23.822+0000] {dagbag.py:541} INFO - Filling up the DagBag from /home/airflow/.local/lib/python3.7/site-packages/airflow/example_dags/example_params_trigger_ui.py
[2025-09-04T10:16:23.852+0000] {processor.py:836} INFO - DAG(s) dict_keys(['example_params_trigger_ui']) retrieved from /home/airflow/.local/lib/python3.7/site-packages/airflow/example_dags/example_params_trigger_ui.py
[2025-09-04T10:16:23.964+0000] {logging_mixin.py:149} INFO - [2025-09-04T10:16:23.964+0000] {dag.py:2726} INFO - Sync 1 DAGs
[2025-09-04T10:16:23.995+0000] {logging_mixin.py:149} INFO - [2025-09-04T10:16:23.995+0000] {dag.py:3490} INFO - Setting next_dagrun for example_params_trigger_ui to None, run_after=None
[2025-09-04T10:16:24.020+0000] {processor.py:179} INFO - Processing /home/airflow/.local/lib/python3.7/site-packages/airflow/example_dags/example_params_trigger_ui.py took 0.203 seconds
[2025-09-04T10:16:54.276+0000] {processor.py:157} INFO - Started process (PID=3506) to work on /home/airflow/.local/lib/python3.7/site-packages/airflow/example_dags/example_params_trigger_ui.py
[2025-09-04T10:16:54.279+0000] {processor.py:826} INFO - Processing file /home/airflow/.local/lib/python3.7/site-packages/airflow/example_dags/example_params_trigger_ui.py for tasks to queue
[2025-09-04T10:16:54.280+0000] {logging_mixin.py:149} INFO - [2025-09-04T10:16:54.280+0000] {dagbag.py:541} INFO - Filling up the DagBag from /home/airflow/.local/lib/python3.7/site-packages/airflow/example_dags/example_params_trigger_ui.py
[2025-09-04T10:16:54.304+0000] {processor.py:836} INFO - DAG(s) dict_keys(['example_params_trigger_ui']) retrieved from /home/airflow/.local/lib/python3.7/site-packages/airflow/example_dags/example_params_trigger_ui.py
[2025-09-04T10:16:54.397+0000] {logging_mixin.py:149} INFO - [2025-09-04T10:16:54.397+0000] {dag.py:2726} INFO - Sync 1 DAGs
[2025-09-04T10:16:54.425+0000] {logging_mixin.py:149} INFO - [2025-09-04T10:16:54.425+0000] {dag.py:3490} INFO - Setting next_dagrun for example_params_trigger_ui to None, run_after=None
[2025-09-04T10:16:54.445+0000] {processor.py:179} INFO - Processing /home/airflow/.local/lib/python3.7/site-packages/airflow/example_dags/example_params_trigger_ui.py took 0.172 seconds
[2025-09-04T10:17:25.339+0000] {processor.py:157} INFO - Started process (PID=3746) to work on /home/airflow/.local/lib/python3.7/site-packages/airflow/example_dags/example_params_trigger_ui.py
[2025-09-04T10:17:25.340+0000] {processor.py:826} INFO - Processing file /home/airflow/.local/lib/python3.7/site-packages/airflow/example_dags/example_params_trigger_ui.py for tasks to queue
[2025-09-04T10:17:25.341+0000] {logging_mixin.py:149} INFO - [2025-09-04T10:17:25.341+0000] {dagbag.py:541} INFO - Filling up the DagBag from /home/airflow/.local/lib/python3.7/site-packages/airflow/example_dags/example_params_trigger_ui.py
[2025-09-04T10:17:25.365+0000] {processor.py:836} INFO - DAG(s) dict_keys(['example_params_trigger_ui']) retrieved from /home/airflow/.local/lib/python3.7/site-packages/airflow/example_dags/example_params_trigger_ui.py
[2025-09-04T10:17:25.459+0000] {logging_mixin.py:149} INFO - [2025-09-04T10:17:25.459+0000] {dag.py:2726} INFO - Sync 1 DAGs
[2025-09-04T10:17:25.486+0000] {logging_mixin.py:149} INFO - [2025-09-04T10:17:25.486+0000] {dag.py:3490} INFO - Setting next_dagrun for example_params_trigger_ui to None, run_after=None
[2025-09-04T10:17:25.507+0000] {processor.py:179} INFO - Processing /home/airflow/.local/lib/python3.7/site-packages/airflow/example_dags/example_params_trigger_ui.py took 0.172 seconds
[2025-09-04T10:17:56.189+0000] {processor.py:157} INFO - Started process (PID=3991) to work on /home/airflow/.local/lib/python3.7/site-packages/airflow/example_dags/example_params_trigger_ui.py
[2025-09-04T10:17:56.189+0000] {processor.py:826} INFO - Processing file /home/airflow/.local/lib/python3.7/site-packages/airflow/example_dags/example_params_trigger_ui.py for tasks to queue
[2025-09-04T10:17:56.190+0000] {logging_mixin.py:149} INFO - [2025-09-04T10:17:56.190+0000] {dagbag.py:541} INFO - Filling up the DagBag from /home/airflow/.local/lib/python3.7/site-packages/airflow/example_dags/example_params_trigger_ui.py
[2025-09-04T10:17:56.214+0000] {processor.py:836} INFO - DAG(s) dict_keys(['example_params_trigger_ui']) retrieved from /home/airflow/.local/lib/python3.7/site-packages/airflow/example_dags/example_params_trigger_ui.py
[2025-09-04T10:17:56.312+0000] {logging_mixin.py:149} INFO - [2025-09-04T10:17:56.312+0000] {dag.py:2726} INFO - Sync 1 DAGs
[2025-09-04T10:17:56.339+0000] {logging_mixin.py:149} INFO - [2025-09-04T10:17:56.339+0000] {dag.py:3490} INFO - Setting next_dagrun for example_params_trigger_ui to None, run_after=None
[2025-09-04T10:17:56.359+0000] {processor.py:179} INFO - Processing /home/airflow/.local/lib/python3.7/site-packages/airflow/example_dags/example_params_trigger_ui.py took 0.174 seconds
[2025-09-04T10:18:27.274+0000] {processor.py:157} INFO - Started process (PID=4236) to work on /home/airflow/.local/lib/python3.7/site-packages/airflow/example_dags/example_params_trigger_ui.py
[2025-09-04T10:18:27.275+0000] {processor.py:826} INFO - Processing file /home/airflow/.local/lib/python3.7/site-packages/airflow/example_dags/example_params_trigger_ui.py for tasks to queue
[2025-09-04T10:18:27.276+0000] {logging_mixin.py:149} INFO - [2025-09-04T10:18:27.275+0000] {dagbag.py:541} INFO - Filling up the DagBag from /home/airflow/.local/lib/python3.7/site-packages/airflow/example_dags/example_params_trigger_ui.py
[2025-09-04T10:18:27.299+0000] {processor.py:836} INFO - DAG(s) dict_keys(['example_params_trigger_ui']) retrieved from /home/airflow/.local/lib/python3.7/site-packages/airflow/example_dags/example_params_trigger_ui.py
[2025-09-04T10:18:27.393+0000] {logging_mixin.py:149} INFO - [2025-09-04T10:18:27.393+0000] {dag.py:2726} INFO - Sync 1 DAGs
[2025-09-04T10:18:27.420+0000] {logging_mixin.py:149} INFO - [2025-09-04T10:18:27.420+0000] {dag.py:3490} INFO - Setting next_dagrun for example_params_trigger_ui to None, run_after=None
[2025-09-04T10:18:27.439+0000] {processor.py:179} INFO - Processing /home/airflow/.local/lib/python3.7/site-packages/airflow/example_dags/example_params_trigger_ui.py took 0.169 seconds
[2025-09-04T10:18:57.671+0000] {processor.py:157} INFO - Started process (PID=4481) to work on /home/airflow/.local/lib/python3.7/site-packages/airflow/example_dags/example_params_trigger_ui.py
[2025-09-04T10:18:57.672+0000] {processor.py:826} INFO - Processing file /home/airflow/.local/lib/python3.7/site-packages/airflow/example_dags/example_params_trigger_ui.py for tasks to queue
[2025-09-04T10:18:57.673+0000] {logging_mixin.py:149} INFO - [2025-09-04T10:18:57.672+0000] {dagbag.py:541} INFO - Filling up the DagBag from /home/airflow/.local/lib/python3.7/site-packages/airflow/example_dags/example_params_trigger_ui.py
[2025-09-04T10:18:57.696+0000] {processor.py:836} INFO - DAG(s) dict_keys(['example_params_trigger_ui']) retrieved from /home/airflow/.local/lib/python3.7/site-packages/airflow/example_dags/example_params_trigger_ui.py
[2025-09-04T10:18:57.796+0000] {logging_mixin.py:149} INFO - [2025-09-04T10:18:57.796+0000] {dag.py:2726} INFO - Sync 1 DAGs
[2025-09-04T10:18:57.822+0000] {logging_mixin.py:149} INFO - [2025-09-04T10:18:57.822+0000] {dag.py:3490} INFO - Setting next_dagrun for example_params_trigger_ui to None, run_after=None
[2025-09-04T10:18:57.843+0000] {processor.py:179} INFO - Processing /home/airflow/.local/lib/python3.7/site-packages/airflow/example_dags/example_params_trigger_ui.py took 0.176 seconds
[2025-09-04T10:19:28.074+0000] {processor.py:157} INFO - Started process (PID=4726) to work on /home/airflow/.local/lib/python3.7/site-packages/airflow/example_dags/example_params_trigger_ui.py
[2025-09-04T10:19:28.075+0000] {processor.py:826} INFO - Processing file /home/airflow/.local/lib/python3.7/site-packages/airflow/example_dags/example_params_trigger_ui.py for tasks to queue
[2025-09-04T10:19:28.076+0000] {logging_mixin.py:149} INFO - [2025-09-04T10:19:28.076+0000] {dagbag.py:541} INFO - Filling up the DagBag from /home/airflow/.local/lib/python3.7/site-packages/airflow/example_dags/example_params_trigger_ui.py
[2025-09-04T10:19:28.104+0000] {processor.py:836} INFO - DAG(s) dict_keys(['example_params_trigger_ui']) retrieved from /home/airflow/.local/lib/python3.7/site-packages/airflow/example_dags/example_params_trigger_ui.py
[2025-09-04T10:19:28.214+0000] {logging_mixin.py:149} INFO - [2025-09-04T10:19:28.213+0000] {dag.py:2726} INFO - Sync 1 DAGs
[2025-09-04T10:19:28.252+0000] {logging_mixin.py:149} INFO - [2025-09-04T10:19:28.251+0000] {dag.py:3490} INFO - Setting next_dagrun for example_params_trigger_ui to None, run_after=None
[2025-09-04T10:19:28.276+0000] {processor.py:179} INFO - Processing /home/airflow/.local/lib/python3.7/site-packages/airflow/example_dags/example_params_trigger_ui.py took 0.207 seconds
[2025-09-04T10:19:58.350+0000] {processor.py:157} INFO - Started process (PID=4971) to work on /home/airflow/.local/lib/python3.7/site-packages/airflow/example_dags/example_params_trigger_ui.py
[2025-09-04T10:19:58.351+0000] {processor.py:826} INFO - Processing file /home/airflow/.local/lib/python3.7/site-packages/airflow/example_dags/example_params_trigger_ui.py for tasks to queue
[2025-09-04T10:19:58.352+0000] {logging_mixin.py:149} INFO - [2025-09-04T10:19:58.352+0000] {dagbag.py:541} INFO - Filling up the DagBag from /home/airflow/.local/lib/python3.7/site-packages/airflow/example_dags/example_params_trigger_ui.py
[2025-09-04T10:19:58.376+0000] {processor.py:836} INFO - DAG(s) dict_keys(['example_params_trigger_ui']) retrieved from /home/airflow/.local/lib/python3.7/site-packages/airflow/example_dags/example_params_trigger_ui.py
[2025-09-04T10:19:58.476+0000] {logging_mixin.py:149} INFO - [2025-09-04T10:19:58.475+0000] {dag.py:2726} INFO - Sync 1 DAGs
[2025-09-04T10:19:58.505+0000] {logging_mixin.py:149} INFO - [2025-09-04T10:19:58.504+0000] {dag.py:3490} INFO - Setting next_dagrun for example_params_trigger_ui to None, run_after=None
[2025-09-04T10:19:58.526+0000] {processor.py:179} INFO - Processing /home/airflow/.local/lib/python3.7/site-packages/airflow/example_dags/example_params_trigger_ui.py took 0.179 seconds
[2025-09-04T10:20:28.571+0000] {processor.py:157} INFO - Started process (PID=5216) to work on /home/airflow/.local/lib/python3.7/site-packages/airflow/example_dags/example_params_trigger_ui.py
[2025-09-04T10:20:28.572+0000] {processor.py:826} INFO - Processing file /home/airflow/.local/lib/python3.7/site-packages/airflow/example_dags/example_params_trigger_ui.py for tasks to queue
[2025-09-04T10:20:28.573+0000] {logging_mixin.py:149} INFO - [2025-09-04T10:20:28.573+0000] {dagbag.py:541} INFO - Filling up the DagBag from /home/airflow/.local/lib/python3.7/site-packages/airflow/example_dags/example_params_trigger_ui.py
[2025-09-04T10:20:28.596+0000] {processor.py:836} INFO - DAG(s) dict_keys(['example_params_trigger_ui']) retrieved from /home/airflow/.local/lib/python3.7/site-packages/airflow/example_dags/example_params_trigger_ui.py
[2025-09-04T10:20:28.692+0000] {logging_mixin.py:149} INFO - [2025-09-04T10:20:28.692+0000] {dag.py:2726} INFO - Sync 1 DAGs
[2025-09-04T10:20:28.721+0000] {logging_mixin.py:149} INFO - [2025-09-04T10:20:28.720+0000] {dag.py:3490} INFO - Setting next_dagrun for example_params_trigger_ui to None, run_after=None
[2025-09-04T10:20:28.742+0000] {processor.py:179} INFO - Processing /home/airflow/.local/lib/python3.7/site-packages/airflow/example_dags/example_params_trigger_ui.py took 0.175 seconds
[2025-09-04T10:20:59.313+0000] {processor.py:157} INFO - Started process (PID=5461) to work on /home/airflow/.local/lib/python3.7/site-packages/airflow/example_dags/example_params_trigger_ui.py
[2025-09-04T10:20:59.314+0000] {processor.py:826} INFO - Processing file /home/airflow/.local/lib/python3.7/site-packages/airflow/example_dags/example_params_trigger_ui.py for tasks to queue
[2025-09-04T10:20:59.314+0000] {logging_mixin.py:149} INFO - [2025-09-04T10:20:59.314+0000] {dagbag.py:541} INFO - Filling up the DagBag from /home/airflow/.local/lib/python3.7/site-packages/airflow/example_dags/example_params_trigger_ui.py
[2025-09-04T10:20:59.339+0000] {processor.py:836} INFO - DAG(s) dict_keys(['example_params_trigger_ui']) retrieved from /home/airflow/.local/lib/python3.7/site-packages/airflow/example_dags/example_params_trigger_ui.py
[2025-09-04T10:20:59.438+0000] {logging_mixin.py:149} INFO - [2025-09-04T10:20:59.437+0000] {dag.py:2726} INFO - Sync 1 DAGs
[2025-09-04T10:20:59.466+0000] {logging_mixin.py:149} INFO - [2025-09-04T10:20:59.466+0000] {dag.py:3490} INFO - Setting next_dagrun for example_params_trigger_ui to None, run_after=None
[2025-09-04T10:20:59.489+0000] {processor.py:179} INFO - Processing /home/airflow/.local/lib/python3.7/site-packages/airflow/example_dags/example_params_trigger_ui.py took 0.181 seconds
[2025-09-04T10:21:30.396+0000] {processor.py:157} INFO - Started process (PID=5706) to work on /home/airflow/.local/lib/python3.7/site-packages/airflow/example_dags/example_params_trigger_ui.py
[2025-09-04T10:21:30.397+0000] {processor.py:826} INFO - Processing file /home/airflow/.local/lib/python3.7/site-packages/airflow/example_dags/example_params_trigger_ui.py for tasks to queue
[2025-09-04T10:21:30.398+0000] {logging_mixin.py:149} INFO - [2025-09-04T10:21:30.398+0000] {dagbag.py:541} INFO - Filling up the DagBag from /home/airflow/.local/lib/python3.7/site-packages/airflow/example_dags/example_params_trigger_ui.py
[2025-09-04T10:21:30.424+0000] {processor.py:836} INFO - DAG(s) dict_keys(['example_params_trigger_ui']) retrieved from /home/airflow/.local/lib/python3.7/site-packages/airflow/example_dags/example_params_trigger_ui.py
[2025-09-04T10:21:30.564+0000] {logging_mixin.py:149} INFO - [2025-09-04T10:21:30.564+0000] {dag.py:2726} INFO - Sync 1 DAGs
[2025-09-04T10:21:30.602+0000] {logging_mixin.py:149} INFO - [2025-09-04T10:21:30.602+0000] {dag.py:3490} INFO - Setting next_dagrun for example_params_trigger_ui to None, run_after=None
[2025-09-04T10:21:30.634+0000] {processor.py:179} INFO - Processing /home/airflow/.local/lib/python3.7/site-packages/airflow/example_dags/example_params_trigger_ui.py took 0.241 seconds
[2025-09-04T10:22:01.666+0000] {processor.py:157} INFO - Started process (PID=5951) to work on /home/airflow/.local/lib/python3.7/site-packages/airflow/example_dags/example_params_trigger_ui.py
[2025-09-04T10:22:01.667+0000] {processor.py:826} INFO - Processing file /home/airflow/.local/lib/python3.7/site-packages/airflow/example_dags/example_params_trigger_ui.py for tasks to queue
[2025-09-04T10:22:01.668+0000] {logging_mixin.py:149} INFO - [2025-09-04T10:22:01.667+0000] {dagbag.py:541} INFO - Filling up the DagBag from /home/airflow/.local/lib/python3.7/site-packages/airflow/example_dags/example_params_trigger_ui.py
[2025-09-04T10:22:01.692+0000] {processor.py:836} INFO - DAG(s) dict_keys(['example_params_trigger_ui']) retrieved from /home/airflow/.local/lib/python3.7/site-packages/airflow/example_dags/example_params_trigger_ui.py
[2025-09-04T10:22:01.791+0000] {logging_mixin.py:149} INFO - [2025-09-04T10:22:01.791+0000] {dag.py:2726} INFO - Sync 1 DAGs
[2025-09-04T10:22:01.821+0000] {logging_mixin.py:149} INFO - [2025-09-04T10:22:01.821+0000] {dag.py:3490} INFO - Setting next_dagrun for example_params_trigger_ui to None, run_after=None
[2025-09-04T10:22:01.843+0000] {processor.py:179} INFO - Processing /home/airflow/.local/lib/python3.7/site-packages/airflow/example_dags/example_params_trigger_ui.py took 0.181 seconds
[2025-09-04T10:22:32.061+0000] {processor.py:157} INFO - Started process (PID=6196) to work on /home/airflow/.local/lib/python3.7/site-packages/airflow/example_dags/example_params_trigger_ui.py
[2025-09-04T10:22:32.063+0000] {processor.py:826} INFO - Processing file /home/airflow/.local/lib/python3.7/site-packages/airflow/example_dags/example_params_trigger_ui.py for tasks to queue
[2025-09-04T10:22:32.064+0000] {logging_mixin.py:149} INFO - [2025-09-04T10:22:32.064+0000] {dagbag.py:541} INFO - Filling up the DagBag from /home/airflow/.local/lib/python3.7/site-packages/airflow/example_dags/example_params_trigger_ui.py
[2025-09-04T10:22:32.089+0000] {processor.py:836} INFO - DAG(s) dict_keys(['example_params_trigger_ui']) retrieved from /home/airflow/.local/lib/python3.7/site-packages/airflow/example_dags/example_params_trigger_ui.py
[2025-09-04T10:22:32.189+0000] {logging_mixin.py:149} INFO - [2025-09-04T10:22:32.189+0000] {dag.py:2726} INFO - Sync 1 DAGs
[2025-09-04T10:22:32.221+0000] {logging_mixin.py:149} INFO - [2025-09-04T10:22:32.221+0000] {dag.py:3490} INFO - Setting next_dagrun for example_params_trigger_ui to None, run_after=None
[2025-09-04T10:22:32.244+0000] {processor.py:179} INFO - Processing /home/airflow/.local/lib/python3.7/site-packages/airflow/example_dags/example_params_trigger_ui.py took 0.187 seconds
[2025-09-04T10:23:02.402+0000] {processor.py:157} INFO - Started process (PID=6441) to work on /home/airflow/.local/lib/python3.7/site-packages/airflow/example_dags/example_params_trigger_ui.py
[2025-09-04T10:23:02.403+0000] {processor.py:826} INFO - Processing file /home/airflow/.local/lib/python3.7/site-packages/airflow/example_dags/example_params_trigger_ui.py for tasks to queue
[2025-09-04T10:23:02.404+0000] {logging_mixin.py:149} INFO - [2025-09-04T10:23:02.404+0000] {dagbag.py:541} INFO - Filling up the DagBag from /home/airflow/.local/lib/python3.7/site-packages/airflow/example_dags/example_params_trigger_ui.py
[2025-09-04T10:23:02.427+0000] {processor.py:836} INFO - DAG(s) dict_keys(['example_params_trigger_ui']) retrieved from /home/airflow/.local/lib/python3.7/site-packages/airflow/example_dags/example_params_trigger_ui.py
[2025-09-04T10:23:02.528+0000] {logging_mixin.py:149} INFO - [2025-09-04T10:23:02.528+0000] {dag.py:2726} INFO - Sync 1 DAGs
[2025-09-04T10:23:02.555+0000] {logging_mixin.py:149} INFO - [2025-09-04T10:23:02.555+0000] {dag.py:3490} INFO - Setting next_dagrun for example_params_trigger_ui to None, run_after=None
[2025-09-04T10:23:02.577+0000] {processor.py:179} INFO - Processing /home/airflow/.local/lib/python3.7/site-packages/airflow/example_dags/example_params_trigger_ui.py took 0.179 seconds
[2025-09-04T10:23:32.776+0000] {processor.py:157} INFO - Started process (PID=6686) to work on /home/airflow/.local/lib/python3.7/site-packages/airflow/example_dags/example_params_trigger_ui.py
[2025-09-04T10:23:32.777+0000] {processor.py:826} INFO - Processing file /home/airflow/.local/lib/python3.7/site-packages/airflow/example_dags/example_params_trigger_ui.py for tasks to queue
[2025-09-04T10:23:32.778+0000] {logging_mixin.py:149} INFO - [2025-09-04T10:23:32.778+0000] {dagbag.py:541} INFO - Filling up the DagBag from /home/airflow/.local/lib/python3.7/site-packages/airflow/example_dags/example_params_trigger_ui.py
[2025-09-04T10:23:32.803+0000] {processor.py:836} INFO - DAG(s) dict_keys(['example_params_trigger_ui']) retrieved from /home/airflow/.local/lib/python3.7/site-packages/airflow/example_dags/example_params_trigger_ui.py
[2025-09-04T10:23:32.905+0000] {logging_mixin.py:149} INFO - [2025-09-04T10:23:32.905+0000] {dag.py:2726} INFO - Sync 1 DAGs
[2025-09-04T10:23:32.934+0000] {logging_mixin.py:149} INFO - [2025-09-04T10:23:32.933+0000] {dag.py:3490} INFO - Setting next_dagrun for example_params_trigger_ui to None, run_after=None
[2025-09-04T10:23:32.957+0000] {processor.py:179} INFO - Processing /home/airflow/.local/lib/python3.7/site-packages/airflow/example_dags/example_params_trigger_ui.py took 0.185 seconds
[2025-09-04T10:24:03.806+0000] {processor.py:157} INFO - Started process (PID=6931) to work on /home/airflow/.local/lib/python3.7/site-packages/airflow/example_dags/example_params_trigger_ui.py
[2025-09-04T10:24:03.807+0000] {processor.py:826} INFO - Processing file /home/airflow/.local/lib/python3.7/site-packages/airflow/example_dags/example_params_trigger_ui.py for tasks to queue
[2025-09-04T10:24:03.808+0000] {logging_mixin.py:149} INFO - [2025-09-04T10:24:03.808+0000] {dagbag.py:541} INFO - Filling up the DagBag from /home/airflow/.local/lib/python3.7/site-packages/airflow/example_dags/example_params_trigger_ui.py
[2025-09-04T10:24:03.832+0000] {processor.py:836} INFO - DAG(s) dict_keys(['example_params_trigger_ui']) retrieved from /home/airflow/.local/lib/python3.7/site-packages/airflow/example_dags/example_params_trigger_ui.py
[2025-09-04T10:24:03.936+0000] {logging_mixin.py:149} INFO - [2025-09-04T10:24:03.936+0000] {dag.py:2726} INFO - Sync 1 DAGs
[2025-09-04T10:24:03.967+0000] {logging_mixin.py:149} INFO - [2025-09-04T10:24:03.967+0000] {dag.py:3490} INFO - Setting next_dagrun for example_params_trigger_ui to None, run_after=None
[2025-09-04T10:24:03.989+0000] {processor.py:179} INFO - Processing /home/airflow/.local/lib/python3.7/site-packages/airflow/example_dags/example_params_trigger_ui.py took 0.187 seconds
[2025-09-04T10:24:34.564+0000] {processor.py:157} INFO - Started process (PID=7176) to work on /home/airflow/.local/lib/python3.7/site-packages/airflow/example_dags/example_params_trigger_ui.py
[2025-09-04T10:24:34.566+0000] {processor.py:826} INFO - Processing file /home/airflow/.local/lib/python3.7/site-packages/airflow/example_dags/example_params_trigger_ui.py for tasks to queue
[2025-09-04T10:24:34.567+0000] {logging_mixin.py:149} INFO - [2025-09-04T10:24:34.567+0000] {dagbag.py:541} INFO - Filling up the DagBag from /home/airflow/.local/lib/python3.7/site-packages/airflow/example_dags/example_params_trigger_ui.py
[2025-09-04T10:24:34.590+0000] {processor.py:836} INFO - DAG(s) dict_keys(['example_params_trigger_ui']) retrieved from /home/airflow/.local/lib/python3.7/site-packages/airflow/example_dags/example_params_trigger_ui.py
[2025-09-04T10:24:34.686+0000] {logging_mixin.py:149} INFO - [2025-09-04T10:24:34.686+0000] {dag.py:2726} INFO - Sync 1 DAGs
[2025-09-04T10:24:34.713+0000] {logging_mixin.py:149} INFO - [2025-09-04T10:24:34.713+0000] {dag.py:3490} INFO - Setting next_dagrun for example_params_trigger_ui to None, run_after=None
[2025-09-04T10:24:34.734+0000] {processor.py:179} INFO - Processing /home/airflow/.local/lib/python3.7/site-packages/airflow/example_dags/example_params_trigger_ui.py took 0.173 seconds
[2025-09-04T10:25:05.675+0000] {processor.py:157} INFO - Started process (PID=7421) to work on /home/airflow/.local/lib/python3.7/site-packages/airflow/example_dags/example_params_trigger_ui.py
[2025-09-04T10:25:05.676+0000] {processor.py:826} INFO - Processing file /home/airflow/.local/lib/python3.7/site-packages/airflow/example_dags/example_params_trigger_ui.py for tasks to queue
[2025-09-04T10:25:05.677+0000] {logging_mixin.py:149} INFO - [2025-09-04T10:25:05.676+0000] {dagbag.py:541} INFO - Filling up the DagBag from /home/airflow/.local/lib/python3.7/site-packages/airflow/example_dags/example_params_trigger_ui.py
[2025-09-04T10:25:05.701+0000] {processor.py:836} INFO - DAG(s) dict_keys(['example_params_trigger_ui']) retrieved from /home/airflow/.local/lib/python3.7/site-packages/airflow/example_dags/example_params_trigger_ui.py
[2025-09-04T10:25:05.798+0000] {logging_mixin.py:149} INFO - [2025-09-04T10:25:05.798+0000] {dag.py:2726} INFO - Sync 1 DAGs
[2025-09-04T10:25:05.826+0000] {logging_mixin.py:149} INFO - [2025-09-04T10:25:05.826+0000] {dag.py:3490} INFO - Setting next_dagrun for example_params_trigger_ui to None, run_after=None
[2025-09-04T10:25:05.846+0000] {processor.py:179} INFO - Processing /home/airflow/.local/lib/python3.7/site-packages/airflow/example_dags/example_params_trigger_ui.py took 0.175 seconds
[2025-09-04T10:25:36.137+0000] {processor.py:157} INFO - Started process (PID=7666) to work on /home/airflow/.local/lib/python3.7/site-packages/airflow/example_dags/example_params_trigger_ui.py
[2025-09-04T10:25:36.138+0000] {processor.py:826} INFO - Processing file /home/airflow/.local/lib/python3.7/site-packages/airflow/example_dags/example_params_trigger_ui.py for tasks to queue
[2025-09-04T10:25:36.139+0000] {logging_mixin.py:149} INFO - [2025-09-04T10:25:36.139+0000] {dagbag.py:541} INFO - Filling up the DagBag from /home/airflow/.local/lib/python3.7/site-packages/airflow/example_dags/example_params_trigger_ui.py
[2025-09-04T10:25:36.162+0000] {processor.py:836} INFO - DAG(s) dict_keys(['example_params_trigger_ui']) retrieved from /home/airflow/.local/lib/python3.7/site-packages/airflow/example_dags/example_params_trigger_ui.py
[2025-09-04T10:25:36.260+0000] {logging_mixin.py:149} INFO - [2025-09-04T10:25:36.260+0000] {dag.py:2726} INFO - Sync 1 DAGs
[2025-09-04T10:25:36.288+0000] {logging_mixin.py:149} INFO - [2025-09-04T10:25:36.288+0000] {dag.py:3490} INFO - Setting next_dagrun for example_params_trigger_ui to None, run_after=None
[2025-09-04T10:25:36.308+0000] {processor.py:179} INFO - Processing /home/airflow/.local/lib/python3.7/site-packages/airflow/example_dags/example_params_trigger_ui.py took 0.175 seconds
[2025-09-04T10:26:06.734+0000] {processor.py:157} INFO - Started process (PID=7911) to work on /home/airflow/.local/lib/python3.7/site-packages/airflow/example_dags/example_params_trigger_ui.py
[2025-09-04T10:26:06.735+0000] {processor.py:826} INFO - Processing file /home/airflow/.local/lib/python3.7/site-packages/airflow/example_dags/example_params_trigger_ui.py for tasks to queue
[2025-09-04T10:26:06.736+0000] {logging_mixin.py:149} INFO - [2025-09-04T10:26:06.735+0000] {dagbag.py:541} INFO - Filling up the DagBag from /home/airflow/.local/lib/python3.7/site-packages/airflow/example_dags/example_params_trigger_ui.py
[2025-09-04T10:26:06.760+0000] {processor.py:836} INFO - DAG(s) dict_keys(['example_params_trigger_ui']) retrieved from /home/airflow/.local/lib/python3.7/site-packages/airflow/example_dags/example_params_trigger_ui.py
[2025-09-04T10:26:06.862+0000] {logging_mixin.py:149} INFO - [2025-09-04T10:26:06.861+0000] {dag.py:2726} INFO - Sync 1 DAGs
[2025-09-04T10:26:06.892+0000] {logging_mixin.py:149} INFO - [2025-09-04T10:26:06.891+0000] {dag.py:3490} INFO - Setting next_dagrun for example_params_trigger_ui to None, run_after=None
[2025-09-04T10:26:06.913+0000] {processor.py:179} INFO - Processing /home/airflow/.local/lib/python3.7/site-packages/airflow/example_dags/example_params_trigger_ui.py took 0.183 seconds
[2025-09-04T10:26:37.067+0000] {processor.py:157} INFO - Started process (PID=8156) to work on /home/airflow/.local/lib/python3.7/site-packages/airflow/example_dags/example_params_trigger_ui.py
[2025-09-04T10:26:37.069+0000] {processor.py:826} INFO - Processing file /home/airflow/.local/lib/python3.7/site-packages/airflow/example_dags/example_params_trigger_ui.py for tasks to queue
[2025-09-04T10:26:37.069+0000] {logging_mixin.py:149} INFO - [2025-09-04T10:26:37.069+0000] {dagbag.py:541} INFO - Filling up the DagBag from /home/airflow/.local/lib/python3.7/site-packages/airflow/example_dags/example_params_trigger_ui.py
[2025-09-04T10:26:37.092+0000] {processor.py:836} INFO - DAG(s) dict_keys(['example_params_trigger_ui']) retrieved from /home/airflow/.local/lib/python3.7/site-packages/airflow/example_dags/example_params_trigger_ui.py
[2025-09-04T10:26:37.192+0000] {logging_mixin.py:149} INFO - [2025-09-04T10:26:37.192+0000] {dag.py:2726} INFO - Sync 1 DAGs
[2025-09-04T10:26:37.222+0000] {logging_mixin.py:149} INFO - [2025-09-04T10:26:37.222+0000] {dag.py:3490} INFO - Setting next_dagrun for example_params_trigger_ui to None, run_after=None
[2025-09-04T10:26:37.245+0000] {processor.py:179} INFO - Processing /home/airflow/.local/lib/python3.7/site-packages/airflow/example_dags/example_params_trigger_ui.py took 0.181 seconds
[2025-09-04T10:27:07.739+0000] {processor.py:157} INFO - Started process (PID=8401) to work on /home/airflow/.local/lib/python3.7/site-packages/airflow/example_dags/example_params_trigger_ui.py
[2025-09-04T10:27:07.740+0000] {processor.py:826} INFO - Processing file /home/airflow/.local/lib/python3.7/site-packages/airflow/example_dags/example_params_trigger_ui.py for tasks to queue
[2025-09-04T10:27:07.741+0000] {logging_mixin.py:149} INFO - [2025-09-04T10:27:07.741+0000] {dagbag.py:541} INFO - Filling up the DagBag from /home/airflow/.local/lib/python3.7/site-packages/airflow/example_dags/example_params_trigger_ui.py
[2025-09-04T10:27:07.768+0000] {processor.py:836} INFO - DAG(s) dict_keys(['example_params_trigger_ui']) retrieved from /home/airflow/.local/lib/python3.7/site-packages/airflow/example_dags/example_params_trigger_ui.py
[2025-09-04T10:27:07.882+0000] {logging_mixin.py:149} INFO - [2025-09-04T10:27:07.881+0000] {dag.py:2726} INFO - Sync 1 DAGs
[2025-09-04T10:27:07.914+0000] {logging_mixin.py:149} INFO - [2025-09-04T10:27:07.914+0000] {dag.py:3490} INFO - Setting next_dagrun for example_params_trigger_ui to None, run_after=None
[2025-09-04T10:27:07.939+0000] {processor.py:179} INFO - Processing /home/airflow/.local/lib/python3.7/site-packages/airflow/example_dags/example_params_trigger_ui.py took 0.203 seconds
[2025-09-04T10:27:38.132+0000] {processor.py:157} INFO - Started process (PID=8646) to work on /home/airflow/.local/lib/python3.7/site-packages/airflow/example_dags/example_params_trigger_ui.py
[2025-09-04T10:27:38.133+0000] {processor.py:826} INFO - Processing file /home/airflow/.local/lib/python3.7/site-packages/airflow/example_dags/example_params_trigger_ui.py for tasks to queue
[2025-09-04T10:27:38.133+0000] {logging_mixin.py:149} INFO - [2025-09-04T10:27:38.133+0000] {dagbag.py:541} INFO - Filling up the DagBag from /home/airflow/.local/lib/python3.7/site-packages/airflow/example_dags/example_params_trigger_ui.py
[2025-09-04T10:27:38.157+0000] {processor.py:836} INFO - DAG(s) dict_keys(['example_params_trigger_ui']) retrieved from /home/airflow/.local/lib/python3.7/site-packages/airflow/example_dags/example_params_trigger_ui.py
[2025-09-04T10:27:38.253+0000] {logging_mixin.py:149} INFO - [2025-09-04T10:27:38.253+0000] {dag.py:2726} INFO - Sync 1 DAGs
[2025-09-04T10:27:38.283+0000] {logging_mixin.py:149} INFO - [2025-09-04T10:27:38.283+0000] {dag.py:3490} INFO - Setting next_dagrun for example_params_trigger_ui to None, run_after=None
[2025-09-04T10:27:38.305+0000] {processor.py:179} INFO - Processing /home/airflow/.local/lib/python3.7/site-packages/airflow/example_dags/example_params_trigger_ui.py took 0.177 seconds
[2025-09-04T10:28:08.733+0000] {processor.py:157} INFO - Started process (PID=8891) to work on /home/airflow/.local/lib/python3.7/site-packages/airflow/example_dags/example_params_trigger_ui.py
[2025-09-04T10:28:08.734+0000] {processor.py:826} INFO - Processing file /home/airflow/.local/lib/python3.7/site-packages/airflow/example_dags/example_params_trigger_ui.py for tasks to queue
[2025-09-04T10:28:08.735+0000] {logging_mixin.py:149} INFO - [2025-09-04T10:28:08.735+0000] {dagbag.py:541} INFO - Filling up the DagBag from /home/airflow/.local/lib/python3.7/site-packages/airflow/example_dags/example_params_trigger_ui.py
[2025-09-04T10:28:08.758+0000] {processor.py:836} INFO - DAG(s) dict_keys(['example_params_trigger_ui']) retrieved from /home/airflow/.local/lib/python3.7/site-packages/airflow/example_dags/example_params_trigger_ui.py
[2025-09-04T10:28:08.856+0000] {logging_mixin.py:149} INFO - [2025-09-04T10:28:08.856+0000] {dag.py:2726} INFO - Sync 1 DAGs
[2025-09-04T10:28:08.884+0000] {logging_mixin.py:149} INFO - [2025-09-04T10:28:08.884+0000] {dag.py:3490} INFO - Setting next_dagrun for example_params_trigger_ui to None, run_after=None
[2025-09-04T10:28:08.906+0000] {processor.py:179} INFO - Processing /home/airflow/.local/lib/python3.7/site-packages/airflow/example_dags/example_params_trigger_ui.py took 0.177 seconds
[2025-09-04T10:28:38.979+0000] {processor.py:157} INFO - Started process (PID=9136) to work on /home/airflow/.local/lib/python3.7/site-packages/airflow/example_dags/example_params_trigger_ui.py
[2025-09-04T10:28:38.980+0000] {processor.py:826} INFO - Processing file /home/airflow/.local/lib/python3.7/site-packages/airflow/example_dags/example_params_trigger_ui.py for tasks to queue
[2025-09-04T10:28:38.981+0000] {logging_mixin.py:149} INFO - [2025-09-04T10:28:38.981+0000] {dagbag.py:541} INFO - Filling up the DagBag from /home/airflow/.local/lib/python3.7/site-packages/airflow/example_dags/example_params_trigger_ui.py
[2025-09-04T10:28:39.005+0000] {processor.py:836} INFO - DAG(s) dict_keys(['example_params_trigger_ui']) retrieved from /home/airflow/.local/lib/python3.7/site-packages/airflow/example_dags/example_params_trigger_ui.py
[2025-09-04T10:28:39.114+0000] {logging_mixin.py:149} INFO - [2025-09-04T10:28:39.114+0000] {dag.py:2726} INFO - Sync 1 DAGs
[2025-09-04T10:28:39.142+0000] {logging_mixin.py:149} INFO - [2025-09-04T10:28:39.142+0000] {dag.py:3490} INFO - Setting next_dagrun for example_params_trigger_ui to None, run_after=None
[2025-09-04T10:28:39.164+0000] {processor.py:179} INFO - Processing /home/airflow/.local/lib/python3.7/site-packages/airflow/example_dags/example_params_trigger_ui.py took 0.190 seconds
[2025-09-04T10:29:10.200+0000] {processor.py:157} INFO - Started process (PID=9381) to work on /home/airflow/.local/lib/python3.7/site-packages/airflow/example_dags/example_params_trigger_ui.py
[2025-09-04T10:29:10.201+0000] {processor.py:826} INFO - Processing file /home/airflow/.local/lib/python3.7/site-packages/airflow/example_dags/example_params_trigger_ui.py for tasks to queue
[2025-09-04T10:29:10.202+0000] {logging_mixin.py:149} INFO - [2025-09-04T10:29:10.202+0000] {dagbag.py:541} INFO - Filling up the DagBag from /home/airflow/.local/lib/python3.7/site-packages/airflow/example_dags/example_params_trigger_ui.py
[2025-09-04T10:29:10.225+0000] {processor.py:836} INFO - DAG(s) dict_keys(['example_params_trigger_ui']) retrieved from /home/airflow/.local/lib/python3.7/site-packages/airflow/example_dags/example_params_trigger_ui.py
[2025-09-04T10:29:10.322+0000] {logging_mixin.py:149} INFO - [2025-09-04T10:29:10.322+0000] {dag.py:2726} INFO - Sync 1 DAGs
[2025-09-04T10:29:10.349+0000] {logging_mixin.py:149} INFO - [2025-09-04T10:29:10.349+0000] {dag.py:3490} INFO - Setting next_dagrun for example_params_trigger_ui to None, run_after=None
[2025-09-04T10:29:10.369+0000] {processor.py:179} INFO - Processing /home/airflow/.local/lib/python3.7/site-packages/airflow/example_dags/example_params_trigger_ui.py took 0.172 seconds
[2025-09-04T10:29:41.262+0000] {processor.py:157} INFO - Started process (PID=9633) to work on /home/airflow/.local/lib/python3.7/site-packages/airflow/example_dags/example_params_trigger_ui.py
[2025-09-04T10:29:41.263+0000] {processor.py:826} INFO - Processing file /home/airflow/.local/lib/python3.7/site-packages/airflow/example_dags/example_params_trigger_ui.py for tasks to queue
[2025-09-04T10:29:41.264+0000] {logging_mixin.py:149} INFO - [2025-09-04T10:29:41.264+0000] {dagbag.py:541} INFO - Filling up the DagBag from /home/airflow/.local/lib/python3.7/site-packages/airflow/example_dags/example_params_trigger_ui.py
[2025-09-04T10:29:41.288+0000] {processor.py:836} INFO - DAG(s) dict_keys(['example_params_trigger_ui']) retrieved from /home/airflow/.local/lib/python3.7/site-packages/airflow/example_dags/example_params_trigger_ui.py
[2025-09-04T10:29:41.387+0000] {logging_mixin.py:149} INFO - [2025-09-04T10:29:41.387+0000] {dag.py:2726} INFO - Sync 1 DAGs
[2025-09-04T10:29:41.415+0000] {logging_mixin.py:149} INFO - [2025-09-04T10:29:41.415+0000] {dag.py:3490} INFO - Setting next_dagrun for example_params_trigger_ui to None, run_after=None
[2025-09-04T10:29:41.435+0000] {processor.py:179} INFO - Processing /home/airflow/.local/lib/python3.7/site-packages/airflow/example_dags/example_params_trigger_ui.py took 0.176 seconds
[2025-09-04T10:30:11.587+0000] {processor.py:157} INFO - Started process (PID=9878) to work on /home/airflow/.local/lib/python3.7/site-packages/airflow/example_dags/example_params_trigger_ui.py
[2025-09-04T10:30:11.588+0000] {processor.py:826} INFO - Processing file /home/airflow/.local/lib/python3.7/site-packages/airflow/example_dags/example_params_trigger_ui.py for tasks to queue
[2025-09-04T10:30:11.589+0000] {logging_mixin.py:149} INFO - [2025-09-04T10:30:11.588+0000] {dagbag.py:541} INFO - Filling up the DagBag from /home/airflow/.local/lib/python3.7/site-packages/airflow/example_dags/example_params_trigger_ui.py
[2025-09-04T10:30:11.613+0000] {processor.py:836} INFO - DAG(s) dict_keys(['example_params_trigger_ui']) retrieved from /home/airflow/.local/lib/python3.7/site-packages/airflow/example_dags/example_params_trigger_ui.py
[2025-09-04T10:30:11.710+0000] {logging_mixin.py:149} INFO - [2025-09-04T10:30:11.710+0000] {dag.py:2726} INFO - Sync 1 DAGs
[2025-09-04T10:30:11.742+0000] {logging_mixin.py:149} INFO - [2025-09-04T10:30:11.742+0000] {dag.py:3490} INFO - Setting next_dagrun for example_params_trigger_ui to None, run_after=None
[2025-09-04T10:30:11.765+0000] {processor.py:179} INFO - Processing /home/airflow/.local/lib/python3.7/site-packages/airflow/example_dags/example_params_trigger_ui.py took 0.181 seconds
[2025-09-04T10:30:42.109+0000] {processor.py:157} INFO - Started process (PID=10123) to work on /home/airflow/.local/lib/python3.7/site-packages/airflow/example_dags/example_params_trigger_ui.py
[2025-09-04T10:30:42.110+0000] {processor.py:826} INFO - Processing file /home/airflow/.local/lib/python3.7/site-packages/airflow/example_dags/example_params_trigger_ui.py for tasks to queue
[2025-09-04T10:30:42.112+0000] {logging_mixin.py:149} INFO - [2025-09-04T10:30:42.111+0000] {dagbag.py:541} INFO - Filling up the DagBag from /home/airflow/.local/lib/python3.7/site-packages/airflow/example_dags/example_params_trigger_ui.py
[2025-09-04T10:30:42.136+0000] {processor.py:836} INFO - DAG(s) dict_keys(['example_params_trigger_ui']) retrieved from /home/airflow/.local/lib/python3.7/site-packages/airflow/example_dags/example_params_trigger_ui.py
[2025-09-04T10:30:42.233+0000] {logging_mixin.py:149} INFO - [2025-09-04T10:30:42.233+0000] {dag.py:2726} INFO - Sync 1 DAGs
[2025-09-04T10:30:42.261+0000] {logging_mixin.py:149} INFO - [2025-09-04T10:30:42.261+0000] {dag.py:3490} INFO - Setting next_dagrun for example_params_trigger_ui to None, run_after=None
[2025-09-04T10:30:42.285+0000] {processor.py:179} INFO - Processing /home/airflow/.local/lib/python3.7/site-packages/airflow/example_dags/example_params_trigger_ui.py took 0.179 seconds
[2025-09-04T10:31:12.647+0000] {processor.py:157} INFO - Started process (PID=10368) to work on /home/airflow/.local/lib/python3.7/site-packages/airflow/example_dags/example_params_trigger_ui.py
[2025-09-04T10:31:12.648+0000] {processor.py:826} INFO - Processing file /home/airflow/.local/lib/python3.7/site-packages/airflow/example_dags/example_params_trigger_ui.py for tasks to queue
[2025-09-04T10:31:12.649+0000] {logging_mixin.py:149} INFO - [2025-09-04T10:31:12.649+0000] {dagbag.py:541} INFO - Filling up the DagBag from /home/airflow/.local/lib/python3.7/site-packages/airflow/example_dags/example_params_trigger_ui.py
[2025-09-04T10:31:12.675+0000] {processor.py:836} INFO - DAG(s) dict_keys(['example_params_trigger_ui']) retrieved from /home/airflow/.local/lib/python3.7/site-packages/airflow/example_dags/example_params_trigger_ui.py
[2025-09-04T10:31:12.775+0000] {logging_mixin.py:149} INFO - [2025-09-04T10:31:12.775+0000] {dag.py:2726} INFO - Sync 1 DAGs
[2025-09-04T10:31:12.808+0000] {logging_mixin.py:149} INFO - [2025-09-04T10:31:12.808+0000] {dag.py:3490} INFO - Setting next_dagrun for example_params_trigger_ui to None, run_after=None
[2025-09-04T10:31:12.829+0000] {processor.py:179} INFO - Processing /home/airflow/.local/lib/python3.7/site-packages/airflow/example_dags/example_params_trigger_ui.py took 0.185 seconds
[2025-09-04T10:31:43.763+0000] {processor.py:157} INFO - Started process (PID=10613) to work on /home/airflow/.local/lib/python3.7/site-packages/airflow/example_dags/example_params_trigger_ui.py
[2025-09-04T10:31:43.764+0000] {processor.py:826} INFO - Processing file /home/airflow/.local/lib/python3.7/site-packages/airflow/example_dags/example_params_trigger_ui.py for tasks to queue
[2025-09-04T10:31:43.765+0000] {logging_mixin.py:149} INFO - [2025-09-04T10:31:43.765+0000] {dagbag.py:541} INFO - Filling up the DagBag from /home/airflow/.local/lib/python3.7/site-packages/airflow/example_dags/example_params_trigger_ui.py
[2025-09-04T10:31:43.789+0000] {processor.py:836} INFO - DAG(s) dict_keys(['example_params_trigger_ui']) retrieved from /home/airflow/.local/lib/python3.7/site-packages/airflow/example_dags/example_params_trigger_ui.py
[2025-09-04T10:31:43.888+0000] {logging_mixin.py:149} INFO - [2025-09-04T10:31:43.888+0000] {dag.py:2726} INFO - Sync 1 DAGs
[2025-09-04T10:31:43.916+0000] {logging_mixin.py:149} INFO - [2025-09-04T10:31:43.916+0000] {dag.py:3490} INFO - Setting next_dagrun for example_params_trigger_ui to None, run_after=None
[2025-09-04T10:31:43.938+0000] {processor.py:179} INFO - Processing /home/airflow/.local/lib/python3.7/site-packages/airflow/example_dags/example_params_trigger_ui.py took 0.179 seconds
[2025-09-04T10:32:14.268+0000] {processor.py:157} INFO - Started process (PID=10860) to work on /home/airflow/.local/lib/python3.7/site-packages/airflow/example_dags/example_params_trigger_ui.py
[2025-09-04T10:32:14.269+0000] {processor.py:826} INFO - Processing file /home/airflow/.local/lib/python3.7/site-packages/airflow/example_dags/example_params_trigger_ui.py for tasks to queue
[2025-09-04T10:32:14.270+0000] {logging_mixin.py:149} INFO - [2025-09-04T10:32:14.270+0000] {dagbag.py:541} INFO - Filling up the DagBag from /home/airflow/.local/lib/python3.7/site-packages/airflow/example_dags/example_params_trigger_ui.py
[2025-09-04T10:32:14.295+0000] {processor.py:836} INFO - DAG(s) dict_keys(['example_params_trigger_ui']) retrieved from /home/airflow/.local/lib/python3.7/site-packages/airflow/example_dags/example_params_trigger_ui.py
[2025-09-04T10:32:14.403+0000] {logging_mixin.py:149} INFO - [2025-09-04T10:32:14.403+0000] {dag.py:2726} INFO - Sync 1 DAGs
[2025-09-04T10:32:14.434+0000] {logging_mixin.py:149} INFO - [2025-09-04T10:32:14.434+0000] {dag.py:3490} INFO - Setting next_dagrun for example_params_trigger_ui to None, run_after=None
[2025-09-04T10:32:14.456+0000] {processor.py:179} INFO - Processing /home/airflow/.local/lib/python3.7/site-packages/airflow/example_dags/example_params_trigger_ui.py took 0.192 seconds
[2025-09-04T10:32:45.190+0000] {processor.py:157} INFO - Started process (PID=11103) to work on /home/airflow/.local/lib/python3.7/site-packages/airflow/example_dags/example_params_trigger_ui.py
[2025-09-04T10:32:45.191+0000] {processor.py:826} INFO - Processing file /home/airflow/.local/lib/python3.7/site-packages/airflow/example_dags/example_params_trigger_ui.py for tasks to queue
[2025-09-04T10:32:45.193+0000] {logging_mixin.py:149} INFO - [2025-09-04T10:32:45.192+0000] {dagbag.py:541} INFO - Filling up the DagBag from /home/airflow/.local/lib/python3.7/site-packages/airflow/example_dags/example_params_trigger_ui.py
[2025-09-04T10:32:45.218+0000] {processor.py:836} INFO - DAG(s) dict_keys(['example_params_trigger_ui']) retrieved from /home/airflow/.local/lib/python3.7/site-packages/airflow/example_dags/example_params_trigger_ui.py
[2025-09-04T10:32:45.325+0000] {logging_mixin.py:149} INFO - [2025-09-04T10:32:45.324+0000] {dag.py:2726} INFO - Sync 1 DAGs
[2025-09-04T10:32:45.355+0000] {logging_mixin.py:149} INFO - [2025-09-04T10:32:45.355+0000] {dag.py:3490} INFO - Setting next_dagrun for example_params_trigger_ui to None, run_after=None
[2025-09-04T10:32:45.379+0000] {processor.py:179} INFO - Processing /home/airflow/.local/lib/python3.7/site-packages/airflow/example_dags/example_params_trigger_ui.py took 0.194 seconds
[2025-09-04T10:33:15.938+0000] {processor.py:157} INFO - Started process (PID=11348) to work on /home/airflow/.local/lib/python3.7/site-packages/airflow/example_dags/example_params_trigger_ui.py
[2025-09-04T10:33:15.941+0000] {processor.py:826} INFO - Processing file /home/airflow/.local/lib/python3.7/site-packages/airflow/example_dags/example_params_trigger_ui.py for tasks to queue
[2025-09-04T10:33:15.944+0000] {logging_mixin.py:149} INFO - [2025-09-04T10:33:15.944+0000] {dagbag.py:541} INFO - Filling up the DagBag from /home/airflow/.local/lib/python3.7/site-packages/airflow/example_dags/example_params_trigger_ui.py
[2025-09-04T10:33:15.969+0000] {processor.py:836} INFO - DAG(s) dict_keys(['example_params_trigger_ui']) retrieved from /home/airflow/.local/lib/python3.7/site-packages/airflow/example_dags/example_params_trigger_ui.py
[2025-09-04T10:33:16.078+0000] {logging_mixin.py:149} INFO - [2025-09-04T10:33:16.078+0000] {dag.py:2726} INFO - Sync 1 DAGs
[2025-09-04T10:33:16.109+0000] {logging_mixin.py:149} INFO - [2025-09-04T10:33:16.109+0000] {dag.py:3490} INFO - Setting next_dagrun for example_params_trigger_ui to None, run_after=None
[2025-09-04T10:33:16.131+0000] {processor.py:179} INFO - Processing /home/airflow/.local/lib/python3.7/site-packages/airflow/example_dags/example_params_trigger_ui.py took 0.197 seconds
[2025-09-04T10:33:47.127+0000] {processor.py:157} INFO - Started process (PID=11593) to work on /home/airflow/.local/lib/python3.7/site-packages/airflow/example_dags/example_params_trigger_ui.py
[2025-09-04T10:33:47.129+0000] {processor.py:826} INFO - Processing file /home/airflow/.local/lib/python3.7/site-packages/airflow/example_dags/example_params_trigger_ui.py for tasks to queue
[2025-09-04T10:33:47.130+0000] {logging_mixin.py:149} INFO - [2025-09-04T10:33:47.130+0000] {dagbag.py:541} INFO - Filling up the DagBag from /home/airflow/.local/lib/python3.7/site-packages/airflow/example_dags/example_params_trigger_ui.py
[2025-09-04T10:33:47.157+0000] {processor.py:836} INFO - DAG(s) dict_keys(['example_params_trigger_ui']) retrieved from /home/airflow/.local/lib/python3.7/site-packages/airflow/example_dags/example_params_trigger_ui.py
[2025-09-04T10:33:47.269+0000] {logging_mixin.py:149} INFO - [2025-09-04T10:33:47.269+0000] {dag.py:2726} INFO - Sync 1 DAGs
[2025-09-04T10:33:47.300+0000] {logging_mixin.py:149} INFO - [2025-09-04T10:33:47.299+0000] {dag.py:3490} INFO - Setting next_dagrun for example_params_trigger_ui to None, run_after=None
[2025-09-04T10:33:47.326+0000] {processor.py:179} INFO - Processing /home/airflow/.local/lib/python3.7/site-packages/airflow/example_dags/example_params_trigger_ui.py took 0.202 seconds
[2025-09-04T10:34:17.512+0000] {processor.py:157} INFO - Started process (PID=11838) to work on /home/airflow/.local/lib/python3.7/site-packages/airflow/example_dags/example_params_trigger_ui.py
[2025-09-04T10:34:17.515+0000] {processor.py:826} INFO - Processing file /home/airflow/.local/lib/python3.7/site-packages/airflow/example_dags/example_params_trigger_ui.py for tasks to queue
[2025-09-04T10:34:17.517+0000] {logging_mixin.py:149} INFO - [2025-09-04T10:34:17.517+0000] {dagbag.py:541} INFO - Filling up the DagBag from /home/airflow/.local/lib/python3.7/site-packages/airflow/example_dags/example_params_trigger_ui.py
[2025-09-04T10:34:17.544+0000] {processor.py:836} INFO - DAG(s) dict_keys(['example_params_trigger_ui']) retrieved from /home/airflow/.local/lib/python3.7/site-packages/airflow/example_dags/example_params_trigger_ui.py
[2025-09-04T10:34:17.666+0000] {logging_mixin.py:149} INFO - [2025-09-04T10:34:17.665+0000] {dag.py:2726} INFO - Sync 1 DAGs
[2025-09-04T10:34:17.697+0000] {logging_mixin.py:149} INFO - [2025-09-04T10:34:17.696+0000] {dag.py:3490} INFO - Setting next_dagrun for example_params_trigger_ui to None, run_after=None
[2025-09-04T10:34:17.723+0000] {processor.py:179} INFO - Processing /home/airflow/.local/lib/python3.7/site-packages/airflow/example_dags/example_params_trigger_ui.py took 0.215 seconds
[2025-09-04T10:34:47.776+0000] {processor.py:157} INFO - Started process (PID=12080) to work on /home/airflow/.local/lib/python3.7/site-packages/airflow/example_dags/example_params_trigger_ui.py
[2025-09-04T10:34:47.777+0000] {processor.py:826} INFO - Processing file /home/airflow/.local/lib/python3.7/site-packages/airflow/example_dags/example_params_trigger_ui.py for tasks to queue
[2025-09-04T10:34:47.778+0000] {logging_mixin.py:149} INFO - [2025-09-04T10:34:47.778+0000] {dagbag.py:541} INFO - Filling up the DagBag from /home/airflow/.local/lib/python3.7/site-packages/airflow/example_dags/example_params_trigger_ui.py
[2025-09-04T10:34:47.807+0000] {processor.py:836} INFO - DAG(s) dict_keys(['example_params_trigger_ui']) retrieved from /home/airflow/.local/lib/python3.7/site-packages/airflow/example_dags/example_params_trigger_ui.py
[2025-09-04T10:34:47.908+0000] {logging_mixin.py:149} INFO - [2025-09-04T10:34:47.908+0000] {dag.py:2726} INFO - Sync 1 DAGs
[2025-09-04T10:34:47.938+0000] {logging_mixin.py:149} INFO - [2025-09-04T10:34:47.937+0000] {dag.py:3490} INFO - Setting next_dagrun for example_params_trigger_ui to None, run_after=None
[2025-09-04T10:34:47.962+0000] {processor.py:179} INFO - Processing /home/airflow/.local/lib/python3.7/site-packages/airflow/example_dags/example_params_trigger_ui.py took 0.191 seconds
[2025-09-04T10:35:18.543+0000] {processor.py:157} INFO - Started process (PID=12328) to work on /home/airflow/.local/lib/python3.7/site-packages/airflow/example_dags/example_params_trigger_ui.py
[2025-09-04T10:35:18.546+0000] {processor.py:826} INFO - Processing file /home/airflow/.local/lib/python3.7/site-packages/airflow/example_dags/example_params_trigger_ui.py for tasks to queue
[2025-09-04T10:35:18.547+0000] {logging_mixin.py:149} INFO - [2025-09-04T10:35:18.547+0000] {dagbag.py:541} INFO - Filling up the DagBag from /home/airflow/.local/lib/python3.7/site-packages/airflow/example_dags/example_params_trigger_ui.py
[2025-09-04T10:35:18.577+0000] {processor.py:836} INFO - DAG(s) dict_keys(['example_params_trigger_ui']) retrieved from /home/airflow/.local/lib/python3.7/site-packages/airflow/example_dags/example_params_trigger_ui.py
[2025-09-04T10:35:18.689+0000] {logging_mixin.py:149} INFO - [2025-09-04T10:35:18.689+0000] {dag.py:2726} INFO - Sync 1 DAGs
[2025-09-04T10:35:18.719+0000] {logging_mixin.py:149} INFO - [2025-09-04T10:35:18.718+0000] {dag.py:3490} INFO - Setting next_dagrun for example_params_trigger_ui to None, run_after=None
[2025-09-04T10:35:18.742+0000] {processor.py:179} INFO - Processing /home/airflow/.local/lib/python3.7/site-packages/airflow/example_dags/example_params_trigger_ui.py took 0.205 seconds
[2025-09-04T10:35:49.009+0000] {processor.py:157} INFO - Started process (PID=12573) to work on /home/airflow/.local/lib/python3.7/site-packages/airflow/example_dags/example_params_trigger_ui.py
[2025-09-04T10:35:49.011+0000] {processor.py:826} INFO - Processing file /home/airflow/.local/lib/python3.7/site-packages/airflow/example_dags/example_params_trigger_ui.py for tasks to queue
[2025-09-04T10:35:49.013+0000] {logging_mixin.py:149} INFO - [2025-09-04T10:35:49.013+0000] {dagbag.py:541} INFO - Filling up the DagBag from /home/airflow/.local/lib/python3.7/site-packages/airflow/example_dags/example_params_trigger_ui.py
[2025-09-04T10:35:49.042+0000] {processor.py:836} INFO - DAG(s) dict_keys(['example_params_trigger_ui']) retrieved from /home/airflow/.local/lib/python3.7/site-packages/airflow/example_dags/example_params_trigger_ui.py
[2025-09-04T10:35:49.148+0000] {logging_mixin.py:149} INFO - [2025-09-04T10:35:49.148+0000] {dag.py:2726} INFO - Sync 1 DAGs
[2025-09-04T10:35:49.180+0000] {logging_mixin.py:149} INFO - [2025-09-04T10:35:49.179+0000] {dag.py:3490} INFO - Setting next_dagrun for example_params_trigger_ui to None, run_after=None
[2025-09-04T10:35:49.208+0000] {processor.py:179} INFO - Processing /home/airflow/.local/lib/python3.7/site-packages/airflow/example_dags/example_params_trigger_ui.py took 0.204 seconds
[2025-09-04T10:36:19.514+0000] {processor.py:157} INFO - Started process (PID=12818) to work on /home/airflow/.local/lib/python3.7/site-packages/airflow/example_dags/example_params_trigger_ui.py
[2025-09-04T10:36:19.516+0000] {processor.py:826} INFO - Processing file /home/airflow/.local/lib/python3.7/site-packages/airflow/example_dags/example_params_trigger_ui.py for tasks to queue
[2025-09-04T10:36:19.516+0000] {logging_mixin.py:149} INFO - [2025-09-04T10:36:19.516+0000] {dagbag.py:541} INFO - Filling up the DagBag from /home/airflow/.local/lib/python3.7/site-packages/airflow/example_dags/example_params_trigger_ui.py
[2025-09-04T10:36:19.544+0000] {processor.py:836} INFO - DAG(s) dict_keys(['example_params_trigger_ui']) retrieved from /home/airflow/.local/lib/python3.7/site-packages/airflow/example_dags/example_params_trigger_ui.py
[2025-09-04T10:36:19.653+0000] {logging_mixin.py:149} INFO - [2025-09-04T10:36:19.652+0000] {dag.py:2726} INFO - Sync 1 DAGs
[2025-09-04T10:36:19.684+0000] {logging_mixin.py:149} INFO - [2025-09-04T10:36:19.683+0000] {dag.py:3490} INFO - Setting next_dagrun for example_params_trigger_ui to None, run_after=None
[2025-09-04T10:36:19.706+0000] {processor.py:179} INFO - Processing /home/airflow/.local/lib/python3.7/site-packages/airflow/example_dags/example_params_trigger_ui.py took 0.196 seconds
[2025-09-04T10:36:49.737+0000] {processor.py:157} INFO - Started process (PID=13060) to work on /home/airflow/.local/lib/python3.7/site-packages/airflow/example_dags/example_params_trigger_ui.py
[2025-09-04T10:36:49.738+0000] {processor.py:826} INFO - Processing file /home/airflow/.local/lib/python3.7/site-packages/airflow/example_dags/example_params_trigger_ui.py for tasks to queue
[2025-09-04T10:36:49.739+0000] {logging_mixin.py:149} INFO - [2025-09-04T10:36:49.739+0000] {dagbag.py:541} INFO - Filling up the DagBag from /home/airflow/.local/lib/python3.7/site-packages/airflow/example_dags/example_params_trigger_ui.py
[2025-09-04T10:36:49.765+0000] {processor.py:836} INFO - DAG(s) dict_keys(['example_params_trigger_ui']) retrieved from /home/airflow/.local/lib/python3.7/site-packages/airflow/example_dags/example_params_trigger_ui.py
[2025-09-04T10:36:49.869+0000] {logging_mixin.py:149} INFO - [2025-09-04T10:36:49.868+0000] {dag.py:2726} INFO - Sync 1 DAGs
[2025-09-04T10:36:49.906+0000] {logging_mixin.py:149} INFO - [2025-09-04T10:36:49.906+0000] {dag.py:3490} INFO - Setting next_dagrun for example_params_trigger_ui to None, run_after=None
[2025-09-04T10:36:49.928+0000] {processor.py:179} INFO - Processing /home/airflow/.local/lib/python3.7/site-packages/airflow/example_dags/example_params_trigger_ui.py took 0.195 seconds
[2025-09-04T10:37:19.977+0000] {processor.py:157} INFO - Started process (PID=13305) to work on /home/airflow/.local/lib/python3.7/site-packages/airflow/example_dags/example_params_trigger_ui.py
[2025-09-04T10:37:19.978+0000] {processor.py:826} INFO - Processing file /home/airflow/.local/lib/python3.7/site-packages/airflow/example_dags/example_params_trigger_ui.py for tasks to queue
[2025-09-04T10:37:19.979+0000] {logging_mixin.py:149} INFO - [2025-09-04T10:37:19.979+0000] {dagbag.py:541} INFO - Filling up the DagBag from /home/airflow/.local/lib/python3.7/site-packages/airflow/example_dags/example_params_trigger_ui.py
[2025-09-04T10:37:20.004+0000] {processor.py:836} INFO - DAG(s) dict_keys(['example_params_trigger_ui']) retrieved from /home/airflow/.local/lib/python3.7/site-packages/airflow/example_dags/example_params_trigger_ui.py
[2025-09-04T10:37:20.100+0000] {logging_mixin.py:149} INFO - [2025-09-04T10:37:20.100+0000] {dag.py:2726} INFO - Sync 1 DAGs
[2025-09-04T10:37:20.130+0000] {logging_mixin.py:149} INFO - [2025-09-04T10:37:20.129+0000] {dag.py:3490} INFO - Setting next_dagrun for example_params_trigger_ui to None, run_after=None
[2025-09-04T10:37:20.151+0000] {processor.py:179} INFO - Processing /home/airflow/.local/lib/python3.7/site-packages/airflow/example_dags/example_params_trigger_ui.py took 0.178 seconds
[2025-09-04T10:37:50.216+0000] {processor.py:157} INFO - Started process (PID=13548) to work on /home/airflow/.local/lib/python3.7/site-packages/airflow/example_dags/example_params_trigger_ui.py
[2025-09-04T10:37:50.217+0000] {processor.py:826} INFO - Processing file /home/airflow/.local/lib/python3.7/site-packages/airflow/example_dags/example_params_trigger_ui.py for tasks to queue
[2025-09-04T10:37:50.218+0000] {logging_mixin.py:149} INFO - [2025-09-04T10:37:50.217+0000] {dagbag.py:541} INFO - Filling up the DagBag from /home/airflow/.local/lib/python3.7/site-packages/airflow/example_dags/example_params_trigger_ui.py
[2025-09-04T10:37:50.243+0000] {processor.py:836} INFO - DAG(s) dict_keys(['example_params_trigger_ui']) retrieved from /home/airflow/.local/lib/python3.7/site-packages/airflow/example_dags/example_params_trigger_ui.py
[2025-09-04T10:37:50.343+0000] {logging_mixin.py:149} INFO - [2025-09-04T10:37:50.343+0000] {dag.py:2726} INFO - Sync 1 DAGs
[2025-09-04T10:37:50.371+0000] {logging_mixin.py:149} INFO - [2025-09-04T10:37:50.371+0000] {dag.py:3490} INFO - Setting next_dagrun for example_params_trigger_ui to None, run_after=None
[2025-09-04T10:37:50.391+0000] {processor.py:179} INFO - Processing /home/airflow/.local/lib/python3.7/site-packages/airflow/example_dags/example_params_trigger_ui.py took 0.178 seconds
[2025-09-04T10:38:20.888+0000] {processor.py:157} INFO - Started process (PID=13793) to work on /home/airflow/.local/lib/python3.7/site-packages/airflow/example_dags/example_params_trigger_ui.py
[2025-09-04T10:38:20.890+0000] {processor.py:826} INFO - Processing file /home/airflow/.local/lib/python3.7/site-packages/airflow/example_dags/example_params_trigger_ui.py for tasks to queue
[2025-09-04T10:38:20.891+0000] {logging_mixin.py:149} INFO - [2025-09-04T10:38:20.891+0000] {dagbag.py:541} INFO - Filling up the DagBag from /home/airflow/.local/lib/python3.7/site-packages/airflow/example_dags/example_params_trigger_ui.py
[2025-09-04T10:38:20.928+0000] {processor.py:836} INFO - DAG(s) dict_keys(['example_params_trigger_ui']) retrieved from /home/airflow/.local/lib/python3.7/site-packages/airflow/example_dags/example_params_trigger_ui.py
[2025-09-04T10:38:21.058+0000] {logging_mixin.py:149} INFO - [2025-09-04T10:38:21.058+0000] {dag.py:2726} INFO - Sync 1 DAGs
[2025-09-04T10:38:21.086+0000] {logging_mixin.py:149} INFO - [2025-09-04T10:38:21.086+0000] {dag.py:3490} INFO - Setting next_dagrun for example_params_trigger_ui to None, run_after=None
[2025-09-04T10:38:21.109+0000] {processor.py:179} INFO - Processing /home/airflow/.local/lib/python3.7/site-packages/airflow/example_dags/example_params_trigger_ui.py took 0.225 seconds
[2025-09-04T10:38:51.329+0000] {processor.py:157} INFO - Started process (PID=14038) to work on /home/airflow/.local/lib/python3.7/site-packages/airflow/example_dags/example_params_trigger_ui.py
[2025-09-04T10:38:51.330+0000] {processor.py:826} INFO - Processing file /home/airflow/.local/lib/python3.7/site-packages/airflow/example_dags/example_params_trigger_ui.py for tasks to queue
[2025-09-04T10:38:51.331+0000] {logging_mixin.py:149} INFO - [2025-09-04T10:38:51.331+0000] {dagbag.py:541} INFO - Filling up the DagBag from /home/airflow/.local/lib/python3.7/site-packages/airflow/example_dags/example_params_trigger_ui.py
[2025-09-04T10:38:51.356+0000] {processor.py:836} INFO - DAG(s) dict_keys(['example_params_trigger_ui']) retrieved from /home/airflow/.local/lib/python3.7/site-packages/airflow/example_dags/example_params_trigger_ui.py
[2025-09-04T10:38:51.458+0000] {logging_mixin.py:149} INFO - [2025-09-04T10:38:51.457+0000] {dag.py:2726} INFO - Sync 1 DAGs
[2025-09-04T10:38:51.488+0000] {logging_mixin.py:149} INFO - [2025-09-04T10:38:51.488+0000] {dag.py:3490} INFO - Setting next_dagrun for example_params_trigger_ui to None, run_after=None
[2025-09-04T10:38:51.508+0000] {processor.py:179} INFO - Processing /home/airflow/.local/lib/python3.7/site-packages/airflow/example_dags/example_params_trigger_ui.py took 0.183 seconds
[2025-09-04T10:39:21.712+0000] {processor.py:157} INFO - Started process (PID=14283) to work on /home/airflow/.local/lib/python3.7/site-packages/airflow/example_dags/example_params_trigger_ui.py
[2025-09-04T10:39:21.716+0000] {processor.py:826} INFO - Processing file /home/airflow/.local/lib/python3.7/site-packages/airflow/example_dags/example_params_trigger_ui.py for tasks to queue
[2025-09-04T10:39:21.716+0000] {logging_mixin.py:149} INFO - [2025-09-04T10:39:21.716+0000] {dagbag.py:541} INFO - Filling up the DagBag from /home/airflow/.local/lib/python3.7/site-packages/airflow/example_dags/example_params_trigger_ui.py
[2025-09-04T10:39:21.741+0000] {processor.py:836} INFO - DAG(s) dict_keys(['example_params_trigger_ui']) retrieved from /home/airflow/.local/lib/python3.7/site-packages/airflow/example_dags/example_params_trigger_ui.py
[2025-09-04T10:39:21.841+0000] {logging_mixin.py:149} INFO - [2025-09-04T10:39:21.841+0000] {dag.py:2726} INFO - Sync 1 DAGs
[2025-09-04T10:39:21.871+0000] {logging_mixin.py:149} INFO - [2025-09-04T10:39:21.871+0000] {dag.py:3490} INFO - Setting next_dagrun for example_params_trigger_ui to None, run_after=None
[2025-09-04T10:39:21.893+0000] {processor.py:179} INFO - Processing /home/airflow/.local/lib/python3.7/site-packages/airflow/example_dags/example_params_trigger_ui.py took 0.184 seconds
[2025-09-04T10:39:52.273+0000] {processor.py:157} INFO - Started process (PID=14528) to work on /home/airflow/.local/lib/python3.7/site-packages/airflow/example_dags/example_params_trigger_ui.py
[2025-09-04T10:39:52.274+0000] {processor.py:826} INFO - Processing file /home/airflow/.local/lib/python3.7/site-packages/airflow/example_dags/example_params_trigger_ui.py for tasks to queue
[2025-09-04T10:39:52.275+0000] {logging_mixin.py:149} INFO - [2025-09-04T10:39:52.275+0000] {dagbag.py:541} INFO - Filling up the DagBag from /home/airflow/.local/lib/python3.7/site-packages/airflow/example_dags/example_params_trigger_ui.py
[2025-09-04T10:39:52.300+0000] {processor.py:836} INFO - DAG(s) dict_keys(['example_params_trigger_ui']) retrieved from /home/airflow/.local/lib/python3.7/site-packages/airflow/example_dags/example_params_trigger_ui.py
[2025-09-04T10:39:52.401+0000] {logging_mixin.py:149} INFO - [2025-09-04T10:39:52.401+0000] {dag.py:2726} INFO - Sync 1 DAGs
[2025-09-04T10:39:52.428+0000] {logging_mixin.py:149} INFO - [2025-09-04T10:39:52.428+0000] {dag.py:3490} INFO - Setting next_dagrun for example_params_trigger_ui to None, run_after=None
[2025-09-04T10:39:52.453+0000] {processor.py:179} INFO - Processing /home/airflow/.local/lib/python3.7/site-packages/airflow/example_dags/example_params_trigger_ui.py took 0.184 seconds
[2025-09-04T10:40:22.752+0000] {processor.py:157} INFO - Started process (PID=14773) to work on /home/airflow/.local/lib/python3.7/site-packages/airflow/example_dags/example_params_trigger_ui.py
[2025-09-04T10:40:22.753+0000] {processor.py:826} INFO - Processing file /home/airflow/.local/lib/python3.7/site-packages/airflow/example_dags/example_params_trigger_ui.py for tasks to queue
[2025-09-04T10:40:22.755+0000] {logging_mixin.py:149} INFO - [2025-09-04T10:40:22.754+0000] {dagbag.py:541} INFO - Filling up the DagBag from /home/airflow/.local/lib/python3.7/site-packages/airflow/example_dags/example_params_trigger_ui.py
[2025-09-04T10:40:22.783+0000] {processor.py:836} INFO - DAG(s) dict_keys(['example_params_trigger_ui']) retrieved from /home/airflow/.local/lib/python3.7/site-packages/airflow/example_dags/example_params_trigger_ui.py
[2025-09-04T10:40:22.888+0000] {logging_mixin.py:149} INFO - [2025-09-04T10:40:22.887+0000] {dag.py:2726} INFO - Sync 1 DAGs
[2025-09-04T10:40:22.921+0000] {logging_mixin.py:149} INFO - [2025-09-04T10:40:22.921+0000] {dag.py:3490} INFO - Setting next_dagrun for example_params_trigger_ui to None, run_after=None
[2025-09-04T10:40:22.940+0000] {processor.py:179} INFO - Processing /home/airflow/.local/lib/python3.7/site-packages/airflow/example_dags/example_params_trigger_ui.py took 0.191 seconds
[2025-09-04T10:40:53.204+0000] {processor.py:157} INFO - Started process (PID=15018) to work on /home/airflow/.local/lib/python3.7/site-packages/airflow/example_dags/example_params_trigger_ui.py
[2025-09-04T10:40:53.205+0000] {processor.py:826} INFO - Processing file /home/airflow/.local/lib/python3.7/site-packages/airflow/example_dags/example_params_trigger_ui.py for tasks to queue
[2025-09-04T10:40:53.205+0000] {logging_mixin.py:149} INFO - [2025-09-04T10:40:53.205+0000] {dagbag.py:541} INFO - Filling up the DagBag from /home/airflow/.local/lib/python3.7/site-packages/airflow/example_dags/example_params_trigger_ui.py
[2025-09-04T10:40:53.230+0000] {processor.py:836} INFO - DAG(s) dict_keys(['example_params_trigger_ui']) retrieved from /home/airflow/.local/lib/python3.7/site-packages/airflow/example_dags/example_params_trigger_ui.py
[2025-09-04T10:40:53.329+0000] {logging_mixin.py:149} INFO - [2025-09-04T10:40:53.329+0000] {dag.py:2726} INFO - Sync 1 DAGs
[2025-09-04T10:40:53.356+0000] {logging_mixin.py:149} INFO - [2025-09-04T10:40:53.356+0000] {dag.py:3490} INFO - Setting next_dagrun for example_params_trigger_ui to None, run_after=None
[2025-09-04T10:40:53.381+0000] {processor.py:179} INFO - Processing /home/airflow/.local/lib/python3.7/site-packages/airflow/example_dags/example_params_trigger_ui.py took 0.181 seconds
[2025-09-04T10:41:23.624+0000] {processor.py:157} INFO - Started process (PID=15263) to work on /home/airflow/.local/lib/python3.7/site-packages/airflow/example_dags/example_params_trigger_ui.py
[2025-09-04T10:41:23.625+0000] {processor.py:826} INFO - Processing file /home/airflow/.local/lib/python3.7/site-packages/airflow/example_dags/example_params_trigger_ui.py for tasks to queue
[2025-09-04T10:41:23.626+0000] {logging_mixin.py:149} INFO - [2025-09-04T10:41:23.626+0000] {dagbag.py:541} INFO - Filling up the DagBag from /home/airflow/.local/lib/python3.7/site-packages/airflow/example_dags/example_params_trigger_ui.py
[2025-09-04T10:41:23.651+0000] {processor.py:836} INFO - DAG(s) dict_keys(['example_params_trigger_ui']) retrieved from /home/airflow/.local/lib/python3.7/site-packages/airflow/example_dags/example_params_trigger_ui.py
[2025-09-04T10:41:23.751+0000] {logging_mixin.py:149} INFO - [2025-09-04T10:41:23.750+0000] {dag.py:2726} INFO - Sync 1 DAGs
[2025-09-04T10:41:23.778+0000] {logging_mixin.py:149} INFO - [2025-09-04T10:41:23.778+0000] {dag.py:3490} INFO - Setting next_dagrun for example_params_trigger_ui to None, run_after=None
[2025-09-04T10:41:23.800+0000] {processor.py:179} INFO - Processing /home/airflow/.local/lib/python3.7/site-packages/airflow/example_dags/example_params_trigger_ui.py took 0.181 seconds
[2025-09-04T10:41:54.177+0000] {processor.py:157} INFO - Started process (PID=15508) to work on /home/airflow/.local/lib/python3.7/site-packages/airflow/example_dags/example_params_trigger_ui.py
[2025-09-04T10:41:54.178+0000] {processor.py:826} INFO - Processing file /home/airflow/.local/lib/python3.7/site-packages/airflow/example_dags/example_params_trigger_ui.py for tasks to queue
[2025-09-04T10:41:54.178+0000] {logging_mixin.py:149} INFO - [2025-09-04T10:41:54.178+0000] {dagbag.py:541} INFO - Filling up the DagBag from /home/airflow/.local/lib/python3.7/site-packages/airflow/example_dags/example_params_trigger_ui.py
[2025-09-04T10:41:54.205+0000] {processor.py:836} INFO - DAG(s) dict_keys(['example_params_trigger_ui']) retrieved from /home/airflow/.local/lib/python3.7/site-packages/airflow/example_dags/example_params_trigger_ui.py
[2025-09-04T10:41:54.319+0000] {logging_mixin.py:149} INFO - [2025-09-04T10:41:54.319+0000] {dag.py:2726} INFO - Sync 1 DAGs
[2025-09-04T10:41:54.356+0000] {logging_mixin.py:149} INFO - [2025-09-04T10:41:54.356+0000] {dag.py:3490} INFO - Setting next_dagrun for example_params_trigger_ui to None, run_after=None
[2025-09-04T10:41:54.382+0000] {processor.py:179} INFO - Processing /home/airflow/.local/lib/python3.7/site-packages/airflow/example_dags/example_params_trigger_ui.py took 0.210 seconds
[2025-09-04T10:42:25.088+0000] {processor.py:157} INFO - Started process (PID=15753) to work on /home/airflow/.local/lib/python3.7/site-packages/airflow/example_dags/example_params_trigger_ui.py
[2025-09-04T10:42:25.089+0000] {processor.py:826} INFO - Processing file /home/airflow/.local/lib/python3.7/site-packages/airflow/example_dags/example_params_trigger_ui.py for tasks to queue
[2025-09-04T10:42:25.090+0000] {logging_mixin.py:149} INFO - [2025-09-04T10:42:25.090+0000] {dagbag.py:541} INFO - Filling up the DagBag from /home/airflow/.local/lib/python3.7/site-packages/airflow/example_dags/example_params_trigger_ui.py
[2025-09-04T10:42:25.119+0000] {processor.py:836} INFO - DAG(s) dict_keys(['example_params_trigger_ui']) retrieved from /home/airflow/.local/lib/python3.7/site-packages/airflow/example_dags/example_params_trigger_ui.py
[2025-09-04T10:42:25.226+0000] {logging_mixin.py:149} INFO - [2025-09-04T10:42:25.226+0000] {dag.py:2726} INFO - Sync 1 DAGs
[2025-09-04T10:42:25.256+0000] {logging_mixin.py:149} INFO - [2025-09-04T10:42:25.255+0000] {dag.py:3490} INFO - Setting next_dagrun for example_params_trigger_ui to None, run_after=None
[2025-09-04T10:42:25.281+0000] {processor.py:179} INFO - Processing /home/airflow/.local/lib/python3.7/site-packages/airflow/example_dags/example_params_trigger_ui.py took 0.197 seconds
[2025-09-04T10:42:55.783+0000] {processor.py:157} INFO - Started process (PID=15998) to work on /home/airflow/.local/lib/python3.7/site-packages/airflow/example_dags/example_params_trigger_ui.py
[2025-09-04T10:42:55.784+0000] {processor.py:826} INFO - Processing file /home/airflow/.local/lib/python3.7/site-packages/airflow/example_dags/example_params_trigger_ui.py for tasks to queue
[2025-09-04T10:42:55.785+0000] {logging_mixin.py:149} INFO - [2025-09-04T10:42:55.785+0000] {dagbag.py:541} INFO - Filling up the DagBag from /home/airflow/.local/lib/python3.7/site-packages/airflow/example_dags/example_params_trigger_ui.py
[2025-09-04T10:42:55.810+0000] {processor.py:836} INFO - DAG(s) dict_keys(['example_params_trigger_ui']) retrieved from /home/airflow/.local/lib/python3.7/site-packages/airflow/example_dags/example_params_trigger_ui.py
[2025-09-04T10:42:55.910+0000] {logging_mixin.py:149} INFO - [2025-09-04T10:42:55.910+0000] {dag.py:2726} INFO - Sync 1 DAGs
[2025-09-04T10:42:55.938+0000] {logging_mixin.py:149} INFO - [2025-09-04T10:42:55.938+0000] {dag.py:3490} INFO - Setting next_dagrun for example_params_trigger_ui to None, run_after=None
[2025-09-04T10:42:55.962+0000] {processor.py:179} INFO - Processing /home/airflow/.local/lib/python3.7/site-packages/airflow/example_dags/example_params_trigger_ui.py took 0.182 seconds
[2025-09-04T10:43:26.401+0000] {processor.py:157} INFO - Started process (PID=16243) to work on /home/airflow/.local/lib/python3.7/site-packages/airflow/example_dags/example_params_trigger_ui.py
[2025-09-04T10:43:26.403+0000] {processor.py:826} INFO - Processing file /home/airflow/.local/lib/python3.7/site-packages/airflow/example_dags/example_params_trigger_ui.py for tasks to queue
[2025-09-04T10:43:26.403+0000] {logging_mixin.py:149} INFO - [2025-09-04T10:43:26.403+0000] {dagbag.py:541} INFO - Filling up the DagBag from /home/airflow/.local/lib/python3.7/site-packages/airflow/example_dags/example_params_trigger_ui.py
[2025-09-04T10:43:26.429+0000] {processor.py:836} INFO - DAG(s) dict_keys(['example_params_trigger_ui']) retrieved from /home/airflow/.local/lib/python3.7/site-packages/airflow/example_dags/example_params_trigger_ui.py
[2025-09-04T10:43:26.539+0000] {logging_mixin.py:149} INFO - [2025-09-04T10:43:26.539+0000] {dag.py:2726} INFO - Sync 1 DAGs
[2025-09-04T10:43:26.571+0000] {logging_mixin.py:149} INFO - [2025-09-04T10:43:26.570+0000] {dag.py:3490} INFO - Setting next_dagrun for example_params_trigger_ui to None, run_after=None
[2025-09-04T10:43:26.592+0000] {processor.py:179} INFO - Processing /home/airflow/.local/lib/python3.7/site-packages/airflow/example_dags/example_params_trigger_ui.py took 0.195 seconds
[2025-09-04T10:43:57.042+0000] {processor.py:157} INFO - Started process (PID=16488) to work on /home/airflow/.local/lib/python3.7/site-packages/airflow/example_dags/example_params_trigger_ui.py
[2025-09-04T10:43:57.043+0000] {processor.py:826} INFO - Processing file /home/airflow/.local/lib/python3.7/site-packages/airflow/example_dags/example_params_trigger_ui.py for tasks to queue
[2025-09-04T10:43:57.045+0000] {logging_mixin.py:149} INFO - [2025-09-04T10:43:57.045+0000] {dagbag.py:541} INFO - Filling up the DagBag from /home/airflow/.local/lib/python3.7/site-packages/airflow/example_dags/example_params_trigger_ui.py
[2025-09-04T10:43:57.072+0000] {processor.py:836} INFO - DAG(s) dict_keys(['example_params_trigger_ui']) retrieved from /home/airflow/.local/lib/python3.7/site-packages/airflow/example_dags/example_params_trigger_ui.py
[2025-09-04T10:43:57.177+0000] {logging_mixin.py:149} INFO - [2025-09-04T10:43:57.176+0000] {dag.py:2726} INFO - Sync 1 DAGs
[2025-09-04T10:43:57.206+0000] {logging_mixin.py:149} INFO - [2025-09-04T10:43:57.206+0000] {dag.py:3490} INFO - Setting next_dagrun for example_params_trigger_ui to None, run_after=None
[2025-09-04T10:43:57.228+0000] {processor.py:179} INFO - Processing /home/airflow/.local/lib/python3.7/site-packages/airflow/example_dags/example_params_trigger_ui.py took 0.190 seconds
[2025-09-04T10:44:27.405+0000] {processor.py:157} INFO - Started process (PID=16733) to work on /home/airflow/.local/lib/python3.7/site-packages/airflow/example_dags/example_params_trigger_ui.py
[2025-09-04T10:44:27.407+0000] {processor.py:826} INFO - Processing file /home/airflow/.local/lib/python3.7/site-packages/airflow/example_dags/example_params_trigger_ui.py for tasks to queue
[2025-09-04T10:44:27.407+0000] {logging_mixin.py:149} INFO - [2025-09-04T10:44:27.407+0000] {dagbag.py:541} INFO - Filling up the DagBag from /home/airflow/.local/lib/python3.7/site-packages/airflow/example_dags/example_params_trigger_ui.py
[2025-09-04T10:44:27.434+0000] {processor.py:836} INFO - DAG(s) dict_keys(['example_params_trigger_ui']) retrieved from /home/airflow/.local/lib/python3.7/site-packages/airflow/example_dags/example_params_trigger_ui.py
[2025-09-04T10:44:27.534+0000] {logging_mixin.py:149} INFO - [2025-09-04T10:44:27.534+0000] {dag.py:2726} INFO - Sync 1 DAGs
[2025-09-04T10:44:27.568+0000] {logging_mixin.py:149} INFO - [2025-09-04T10:44:27.568+0000] {dag.py:3490} INFO - Setting next_dagrun for example_params_trigger_ui to None, run_after=None
[2025-09-04T10:44:27.596+0000] {processor.py:179} INFO - Processing /home/airflow/.local/lib/python3.7/site-packages/airflow/example_dags/example_params_trigger_ui.py took 0.195 seconds
[2025-09-04T10:44:58.293+0000] {processor.py:157} INFO - Started process (PID=16978) to work on /home/airflow/.local/lib/python3.7/site-packages/airflow/example_dags/example_params_trigger_ui.py
[2025-09-04T10:44:58.294+0000] {processor.py:826} INFO - Processing file /home/airflow/.local/lib/python3.7/site-packages/airflow/example_dags/example_params_trigger_ui.py for tasks to queue
[2025-09-04T10:44:58.295+0000] {logging_mixin.py:149} INFO - [2025-09-04T10:44:58.295+0000] {dagbag.py:541} INFO - Filling up the DagBag from /home/airflow/.local/lib/python3.7/site-packages/airflow/example_dags/example_params_trigger_ui.py
[2025-09-04T10:44:58.318+0000] {processor.py:836} INFO - DAG(s) dict_keys(['example_params_trigger_ui']) retrieved from /home/airflow/.local/lib/python3.7/site-packages/airflow/example_dags/example_params_trigger_ui.py
[2025-09-04T10:44:58.422+0000] {logging_mixin.py:149} INFO - [2025-09-04T10:44:58.421+0000] {dag.py:2726} INFO - Sync 1 DAGs
[2025-09-04T10:44:58.448+0000] {logging_mixin.py:149} INFO - [2025-09-04T10:44:58.448+0000] {dag.py:3490} INFO - Setting next_dagrun for example_params_trigger_ui to None, run_after=None
[2025-09-04T10:44:58.468+0000] {processor.py:179} INFO - Processing /home/airflow/.local/lib/python3.7/site-packages/airflow/example_dags/example_params_trigger_ui.py took 0.178 seconds
[2025-09-04T10:45:28.591+0000] {processor.py:157} INFO - Started process (PID=17222) to work on /home/airflow/.local/lib/python3.7/site-packages/airflow/example_dags/example_params_trigger_ui.py
[2025-09-04T10:45:28.592+0000] {processor.py:826} INFO - Processing file /home/airflow/.local/lib/python3.7/site-packages/airflow/example_dags/example_params_trigger_ui.py for tasks to queue
[2025-09-04T10:45:28.593+0000] {logging_mixin.py:149} INFO - [2025-09-04T10:45:28.593+0000] {dagbag.py:541} INFO - Filling up the DagBag from /home/airflow/.local/lib/python3.7/site-packages/airflow/example_dags/example_params_trigger_ui.py
[2025-09-04T10:45:28.629+0000] {processor.py:836} INFO - DAG(s) dict_keys(['example_params_trigger_ui']) retrieved from /home/airflow/.local/lib/python3.7/site-packages/airflow/example_dags/example_params_trigger_ui.py
[2025-09-04T10:45:28.790+0000] {logging_mixin.py:149} INFO - [2025-09-04T10:45:28.790+0000] {dag.py:2726} INFO - Sync 1 DAGs
[2025-09-04T10:45:28.823+0000] {logging_mixin.py:149} INFO - [2025-09-04T10:45:28.823+0000] {dag.py:3490} INFO - Setting next_dagrun for example_params_trigger_ui to None, run_after=None
[2025-09-04T10:45:28.853+0000] {processor.py:179} INFO - Processing /home/airflow/.local/lib/python3.7/site-packages/airflow/example_dags/example_params_trigger_ui.py took 0.265 seconds
[2025-09-04T10:45:59.308+0000] {processor.py:157} INFO - Started process (PID=17475) to work on /home/airflow/.local/lib/python3.7/site-packages/airflow/example_dags/example_params_trigger_ui.py
[2025-09-04T10:45:59.310+0000] {processor.py:826} INFO - Processing file /home/airflow/.local/lib/python3.7/site-packages/airflow/example_dags/example_params_trigger_ui.py for tasks to queue
[2025-09-04T10:45:59.311+0000] {logging_mixin.py:149} INFO - [2025-09-04T10:45:59.311+0000] {dagbag.py:541} INFO - Filling up the DagBag from /home/airflow/.local/lib/python3.7/site-packages/airflow/example_dags/example_params_trigger_ui.py
[2025-09-04T10:45:59.338+0000] {processor.py:836} INFO - DAG(s) dict_keys(['example_params_trigger_ui']) retrieved from /home/airflow/.local/lib/python3.7/site-packages/airflow/example_dags/example_params_trigger_ui.py
[2025-09-04T10:45:59.452+0000] {logging_mixin.py:149} INFO - [2025-09-04T10:45:59.452+0000] {dag.py:2726} INFO - Sync 1 DAGs
[2025-09-04T10:45:59.490+0000] {logging_mixin.py:149} INFO - [2025-09-04T10:45:59.490+0000] {dag.py:3490} INFO - Setting next_dagrun for example_params_trigger_ui to None, run_after=None
[2025-09-04T10:45:59.528+0000] {processor.py:179} INFO - Processing /home/airflow/.local/lib/python3.7/site-packages/airflow/example_dags/example_params_trigger_ui.py took 0.223 seconds
[2025-09-04T10:46:29.910+0000] {processor.py:157} INFO - Started process (PID=17730) to work on /home/airflow/.local/lib/python3.7/site-packages/airflow/example_dags/example_params_trigger_ui.py
[2025-09-04T10:46:29.912+0000] {processor.py:826} INFO - Processing file /home/airflow/.local/lib/python3.7/site-packages/airflow/example_dags/example_params_trigger_ui.py for tasks to queue
[2025-09-04T10:46:29.915+0000] {logging_mixin.py:149} INFO - [2025-09-04T10:46:29.914+0000] {dagbag.py:541} INFO - Filling up the DagBag from /home/airflow/.local/lib/python3.7/site-packages/airflow/example_dags/example_params_trigger_ui.py
[2025-09-04T10:46:29.952+0000] {processor.py:836} INFO - DAG(s) dict_keys(['example_params_trigger_ui']) retrieved from /home/airflow/.local/lib/python3.7/site-packages/airflow/example_dags/example_params_trigger_ui.py
[2025-09-04T10:46:30.081+0000] {logging_mixin.py:149} INFO - [2025-09-04T10:46:30.081+0000] {dag.py:2726} INFO - Sync 1 DAGs
[2025-09-04T10:46:30.117+0000] {logging_mixin.py:149} INFO - [2025-09-04T10:46:30.117+0000] {dag.py:3490} INFO - Setting next_dagrun for example_params_trigger_ui to None, run_after=None
[2025-09-04T10:46:30.148+0000] {processor.py:179} INFO - Processing /home/airflow/.local/lib/python3.7/site-packages/airflow/example_dags/example_params_trigger_ui.py took 0.242 seconds
[2025-09-04T10:47:00.344+0000] {processor.py:157} INFO - Started process (PID=17985) to work on /home/airflow/.local/lib/python3.7/site-packages/airflow/example_dags/example_params_trigger_ui.py
[2025-09-04T10:47:00.347+0000] {processor.py:826} INFO - Processing file /home/airflow/.local/lib/python3.7/site-packages/airflow/example_dags/example_params_trigger_ui.py for tasks to queue
[2025-09-04T10:47:00.348+0000] {logging_mixin.py:149} INFO - [2025-09-04T10:47:00.347+0000] {dagbag.py:541} INFO - Filling up the DagBag from /home/airflow/.local/lib/python3.7/site-packages/airflow/example_dags/example_params_trigger_ui.py
[2025-09-04T10:47:00.375+0000] {processor.py:836} INFO - DAG(s) dict_keys(['example_params_trigger_ui']) retrieved from /home/airflow/.local/lib/python3.7/site-packages/airflow/example_dags/example_params_trigger_ui.py
[2025-09-04T10:47:00.490+0000] {logging_mixin.py:149} INFO - [2025-09-04T10:47:00.490+0000] {dag.py:2726} INFO - Sync 1 DAGs
[2025-09-04T10:47:00.525+0000] {logging_mixin.py:149} INFO - [2025-09-04T10:47:00.525+0000] {dag.py:3490} INFO - Setting next_dagrun for example_params_trigger_ui to None, run_after=None
[2025-09-04T10:47:00.555+0000] {processor.py:179} INFO - Processing /home/airflow/.local/lib/python3.7/site-packages/airflow/example_dags/example_params_trigger_ui.py took 0.215 seconds
[2025-09-04T10:47:31.403+0000] {processor.py:157} INFO - Started process (PID=18240) to work on /home/airflow/.local/lib/python3.7/site-packages/airflow/example_dags/example_params_trigger_ui.py
[2025-09-04T10:47:31.404+0000] {processor.py:826} INFO - Processing file /home/airflow/.local/lib/python3.7/site-packages/airflow/example_dags/example_params_trigger_ui.py for tasks to queue
[2025-09-04T10:47:31.406+0000] {logging_mixin.py:149} INFO - [2025-09-04T10:47:31.405+0000] {dagbag.py:541} INFO - Filling up the DagBag from /home/airflow/.local/lib/python3.7/site-packages/airflow/example_dags/example_params_trigger_ui.py
[2025-09-04T10:47:31.435+0000] {processor.py:836} INFO - DAG(s) dict_keys(['example_params_trigger_ui']) retrieved from /home/airflow/.local/lib/python3.7/site-packages/airflow/example_dags/example_params_trigger_ui.py
[2025-09-04T10:47:31.552+0000] {logging_mixin.py:149} INFO - [2025-09-04T10:47:31.552+0000] {dag.py:2726} INFO - Sync 1 DAGs
[2025-09-04T10:47:31.582+0000] {logging_mixin.py:149} INFO - [2025-09-04T10:47:31.582+0000] {dag.py:3490} INFO - Setting next_dagrun for example_params_trigger_ui to None, run_after=None
[2025-09-04T10:47:31.605+0000] {processor.py:179} INFO - Processing /home/airflow/.local/lib/python3.7/site-packages/airflow/example_dags/example_params_trigger_ui.py took 0.205 seconds
