[2025-09-04T10:10:10.330+0000] {processor.py:157} INFO - Started process (PID=358) to work on /home/airflow/.local/lib/python3.7/site-packages/airflow/example_dags/example_python_operator.py
[2025-09-04T10:10:10.331+0000] {processor.py:826} INFO - Processing file /home/airflow/.local/lib/python3.7/site-packages/airflow/example_dags/example_python_operator.py for tasks to queue
[2025-09-04T10:10:10.333+0000] {logging_mixin.py:149} INFO - [2025-09-04T10:10:10.332+0000] {dagbag.py:541} INFO - Filling up the DagBag from /home/airflow/.local/lib/python3.7/site-packages/airflow/example_dags/example_python_operator.py
[2025-09-04T10:10:10.352+0000] {processor.py:836} INFO - DAG(s) dict_keys(['example_python_operator']) retrieved from /home/airflow/.local/lib/python3.7/site-packages/airflow/example_dags/example_python_operator.py
[2025-09-04T10:10:10.384+0000] {logging_mixin.py:149} INFO - [2025-09-04T10:10:10.384+0000] {dag.py:2726} INFO - Sync 1 DAGs
[2025-09-04T10:10:10.420+0000] {logging_mixin.py:149} INFO - [2025-09-04T10:10:10.420+0000] {dag.py:3490} INFO - Setting next_dagrun for example_python_operator to None, run_after=None
[2025-09-04T10:10:10.445+0000] {processor.py:179} INFO - Processing /home/airflow/.local/lib/python3.7/site-packages/airflow/example_dags/example_python_operator.py took 0.123 seconds
[2025-09-04T10:10:40.878+0000] {processor.py:157} INFO - Started process (PID=601) to work on /home/airflow/.local/lib/python3.7/site-packages/airflow/example_dags/example_python_operator.py
[2025-09-04T10:10:40.879+0000] {processor.py:826} INFO - Processing file /home/airflow/.local/lib/python3.7/site-packages/airflow/example_dags/example_python_operator.py for tasks to queue
[2025-09-04T10:10:40.880+0000] {logging_mixin.py:149} INFO - [2025-09-04T10:10:40.880+0000] {dagbag.py:541} INFO - Filling up the DagBag from /home/airflow/.local/lib/python3.7/site-packages/airflow/example_dags/example_python_operator.py
[2025-09-04T10:10:40.891+0000] {processor.py:836} INFO - DAG(s) dict_keys(['example_python_operator']) retrieved from /home/airflow/.local/lib/python3.7/site-packages/airflow/example_dags/example_python_operator.py
[2025-09-04T10:10:41.026+0000] {logging_mixin.py:149} INFO - [2025-09-04T10:10:41.025+0000] {dag.py:2726} INFO - Sync 1 DAGs
[2025-09-04T10:10:41.051+0000] {logging_mixin.py:149} INFO - [2025-09-04T10:10:41.050+0000] {dag.py:3490} INFO - Setting next_dagrun for example_python_operator to None, run_after=None
[2025-09-04T10:10:41.072+0000] {processor.py:179} INFO - Processing /home/airflow/.local/lib/python3.7/site-packages/airflow/example_dags/example_python_operator.py took 0.197 seconds
[2025-09-04T10:11:12.026+0000] {processor.py:157} INFO - Started process (PID=853) to work on /home/airflow/.local/lib/python3.7/site-packages/airflow/example_dags/example_python_operator.py
[2025-09-04T10:11:12.027+0000] {processor.py:826} INFO - Processing file /home/airflow/.local/lib/python3.7/site-packages/airflow/example_dags/example_python_operator.py for tasks to queue
[2025-09-04T10:11:12.028+0000] {logging_mixin.py:149} INFO - [2025-09-04T10:11:12.028+0000] {dagbag.py:541} INFO - Filling up the DagBag from /home/airflow/.local/lib/python3.7/site-packages/airflow/example_dags/example_python_operator.py
[2025-09-04T10:11:12.039+0000] {processor.py:836} INFO - DAG(s) dict_keys(['example_python_operator']) retrieved from /home/airflow/.local/lib/python3.7/site-packages/airflow/example_dags/example_python_operator.py
[2025-09-04T10:11:12.075+0000] {logging_mixin.py:149} INFO - [2025-09-04T10:11:12.075+0000] {dag.py:2726} INFO - Sync 1 DAGs
[2025-09-04T10:11:12.103+0000] {logging_mixin.py:149} INFO - [2025-09-04T10:11:12.103+0000] {dag.py:3490} INFO - Setting next_dagrun for example_python_operator to None, run_after=None
[2025-09-04T10:11:12.128+0000] {processor.py:179} INFO - Processing /home/airflow/.local/lib/python3.7/site-packages/airflow/example_dags/example_python_operator.py took 0.107 seconds
[2025-09-04T10:11:42.208+0000] {processor.py:157} INFO - Started process (PID=1096) to work on /home/airflow/.local/lib/python3.7/site-packages/airflow/example_dags/example_python_operator.py
[2025-09-04T10:11:42.209+0000] {processor.py:826} INFO - Processing file /home/airflow/.local/lib/python3.7/site-packages/airflow/example_dags/example_python_operator.py for tasks to queue
[2025-09-04T10:11:42.210+0000] {logging_mixin.py:149} INFO - [2025-09-04T10:11:42.210+0000] {dagbag.py:541} INFO - Filling up the DagBag from /home/airflow/.local/lib/python3.7/site-packages/airflow/example_dags/example_python_operator.py
[2025-09-04T10:11:42.221+0000] {processor.py:836} INFO - DAG(s) dict_keys(['example_python_operator']) retrieved from /home/airflow/.local/lib/python3.7/site-packages/airflow/example_dags/example_python_operator.py
[2025-09-04T10:11:42.251+0000] {logging_mixin.py:149} INFO - [2025-09-04T10:11:42.251+0000] {dag.py:2726} INFO - Sync 1 DAGs
[2025-09-04T10:11:42.278+0000] {logging_mixin.py:149} INFO - [2025-09-04T10:11:42.278+0000] {dag.py:3490} INFO - Setting next_dagrun for example_python_operator to None, run_after=None
[2025-09-04T10:11:42.300+0000] {processor.py:179} INFO - Processing /home/airflow/.local/lib/python3.7/site-packages/airflow/example_dags/example_python_operator.py took 0.096 seconds
[2025-09-04T10:12:12.758+0000] {processor.py:157} INFO - Started process (PID=1336) to work on /home/airflow/.local/lib/python3.7/site-packages/airflow/example_dags/example_python_operator.py
[2025-09-04T10:12:12.760+0000] {processor.py:826} INFO - Processing file /home/airflow/.local/lib/python3.7/site-packages/airflow/example_dags/example_python_operator.py for tasks to queue
[2025-09-04T10:12:12.761+0000] {logging_mixin.py:149} INFO - [2025-09-04T10:12:12.761+0000] {dagbag.py:541} INFO - Filling up the DagBag from /home/airflow/.local/lib/python3.7/site-packages/airflow/example_dags/example_python_operator.py
[2025-09-04T10:12:12.775+0000] {processor.py:836} INFO - DAG(s) dict_keys(['example_python_operator']) retrieved from /home/airflow/.local/lib/python3.7/site-packages/airflow/example_dags/example_python_operator.py
[2025-09-04T10:12:12.804+0000] {logging_mixin.py:149} INFO - [2025-09-04T10:12:12.804+0000] {dag.py:2726} INFO - Sync 1 DAGs
[2025-09-04T10:12:12.831+0000] {logging_mixin.py:149} INFO - [2025-09-04T10:12:12.831+0000] {dag.py:3490} INFO - Setting next_dagrun for example_python_operator to None, run_after=None
[2025-09-04T10:12:12.851+0000] {processor.py:179} INFO - Processing /home/airflow/.local/lib/python3.7/site-packages/airflow/example_dags/example_python_operator.py took 0.097 seconds
[2025-09-04T10:12:43.201+0000] {processor.py:157} INFO - Started process (PID=1581) to work on /home/airflow/.local/lib/python3.7/site-packages/airflow/example_dags/example_python_operator.py
[2025-09-04T10:12:43.202+0000] {processor.py:826} INFO - Processing file /home/airflow/.local/lib/python3.7/site-packages/airflow/example_dags/example_python_operator.py for tasks to queue
[2025-09-04T10:12:43.203+0000] {logging_mixin.py:149} INFO - [2025-09-04T10:12:43.203+0000] {dagbag.py:541} INFO - Filling up the DagBag from /home/airflow/.local/lib/python3.7/site-packages/airflow/example_dags/example_python_operator.py
[2025-09-04T10:12:43.214+0000] {processor.py:836} INFO - DAG(s) dict_keys(['example_python_operator']) retrieved from /home/airflow/.local/lib/python3.7/site-packages/airflow/example_dags/example_python_operator.py
[2025-09-04T10:12:43.243+0000] {logging_mixin.py:149} INFO - [2025-09-04T10:12:43.243+0000] {dag.py:2726} INFO - Sync 1 DAGs
[2025-09-04T10:12:43.270+0000] {logging_mixin.py:149} INFO - [2025-09-04T10:12:43.270+0000] {dag.py:3490} INFO - Setting next_dagrun for example_python_operator to None, run_after=None
[2025-09-04T10:12:43.291+0000] {processor.py:179} INFO - Processing /home/airflow/.local/lib/python3.7/site-packages/airflow/example_dags/example_python_operator.py took 0.093 seconds
[2025-09-04T10:13:13.370+0000] {processor.py:157} INFO - Started process (PID=1823) to work on /home/airflow/.local/lib/python3.7/site-packages/airflow/example_dags/example_python_operator.py
[2025-09-04T10:13:13.370+0000] {processor.py:826} INFO - Processing file /home/airflow/.local/lib/python3.7/site-packages/airflow/example_dags/example_python_operator.py for tasks to queue
[2025-09-04T10:13:13.371+0000] {logging_mixin.py:149} INFO - [2025-09-04T10:13:13.371+0000] {dagbag.py:541} INFO - Filling up the DagBag from /home/airflow/.local/lib/python3.7/site-packages/airflow/example_dags/example_python_operator.py
[2025-09-04T10:13:13.383+0000] {processor.py:836} INFO - DAG(s) dict_keys(['example_python_operator']) retrieved from /home/airflow/.local/lib/python3.7/site-packages/airflow/example_dags/example_python_operator.py
[2025-09-04T10:13:13.413+0000] {logging_mixin.py:149} INFO - [2025-09-04T10:13:13.413+0000] {dag.py:2726} INFO - Sync 1 DAGs
[2025-09-04T10:13:13.439+0000] {logging_mixin.py:149} INFO - [2025-09-04T10:13:13.439+0000] {dag.py:3490} INFO - Setting next_dagrun for example_python_operator to None, run_after=None
[2025-09-04T10:13:13.460+0000] {processor.py:179} INFO - Processing /home/airflow/.local/lib/python3.7/site-packages/airflow/example_dags/example_python_operator.py took 0.094 seconds
[2025-09-04T10:13:43.717+0000] {processor.py:157} INFO - Started process (PID=2066) to work on /home/airflow/.local/lib/python3.7/site-packages/airflow/example_dags/example_python_operator.py
[2025-09-04T10:13:43.718+0000] {processor.py:826} INFO - Processing file /home/airflow/.local/lib/python3.7/site-packages/airflow/example_dags/example_python_operator.py for tasks to queue
[2025-09-04T10:13:43.719+0000] {logging_mixin.py:149} INFO - [2025-09-04T10:13:43.719+0000] {dagbag.py:541} INFO - Filling up the DagBag from /home/airflow/.local/lib/python3.7/site-packages/airflow/example_dags/example_python_operator.py
[2025-09-04T10:13:43.731+0000] {processor.py:836} INFO - DAG(s) dict_keys(['example_python_operator']) retrieved from /home/airflow/.local/lib/python3.7/site-packages/airflow/example_dags/example_python_operator.py
[2025-09-04T10:13:43.765+0000] {logging_mixin.py:149} INFO - [2025-09-04T10:13:43.765+0000] {dag.py:2726} INFO - Sync 1 DAGs
[2025-09-04T10:13:43.795+0000] {logging_mixin.py:149} INFO - [2025-09-04T10:13:43.795+0000] {dag.py:3490} INFO - Setting next_dagrun for example_python_operator to None, run_after=None
[2025-09-04T10:13:43.818+0000] {processor.py:179} INFO - Processing /home/airflow/.local/lib/python3.7/site-packages/airflow/example_dags/example_python_operator.py took 0.104 seconds
[2025-09-04T10:14:21.718+0000] {processor.py:157} INFO - Started process (PID=2316) to work on /home/airflow/.local/lib/python3.7/site-packages/airflow/example_dags/example_python_operator.py
[2025-09-04T10:14:21.720+0000] {processor.py:826} INFO - Processing file /home/airflow/.local/lib/python3.7/site-packages/airflow/example_dags/example_python_operator.py for tasks to queue
[2025-09-04T10:14:21.723+0000] {logging_mixin.py:149} INFO - [2025-09-04T10:14:21.723+0000] {dagbag.py:541} INFO - Filling up the DagBag from /home/airflow/.local/lib/python3.7/site-packages/airflow/example_dags/example_python_operator.py
[2025-09-04T10:14:21.737+0000] {processor.py:836} INFO - DAG(s) dict_keys(['example_python_operator']) retrieved from /home/airflow/.local/lib/python3.7/site-packages/airflow/example_dags/example_python_operator.py
[2025-09-04T10:14:21.766+0000] {logging_mixin.py:149} INFO - [2025-09-04T10:14:21.766+0000] {dag.py:2726} INFO - Sync 1 DAGs
[2025-09-04T10:14:21.793+0000] {logging_mixin.py:149} INFO - [2025-09-04T10:14:21.793+0000] {dag.py:3490} INFO - Setting next_dagrun for example_python_operator to None, run_after=None
[2025-09-04T10:14:21.813+0000] {processor.py:179} INFO - Processing /home/airflow/.local/lib/python3.7/site-packages/airflow/example_dags/example_python_operator.py took 0.098 seconds
[2025-09-04T10:14:52.502+0000] {processor.py:157} INFO - Started process (PID=2561) to work on /home/airflow/.local/lib/python3.7/site-packages/airflow/example_dags/example_python_operator.py
[2025-09-04T10:14:52.503+0000] {processor.py:826} INFO - Processing file /home/airflow/.local/lib/python3.7/site-packages/airflow/example_dags/example_python_operator.py for tasks to queue
[2025-09-04T10:14:52.505+0000] {logging_mixin.py:149} INFO - [2025-09-04T10:14:52.504+0000] {dagbag.py:541} INFO - Filling up the DagBag from /home/airflow/.local/lib/python3.7/site-packages/airflow/example_dags/example_python_operator.py
[2025-09-04T10:14:52.517+0000] {processor.py:836} INFO - DAG(s) dict_keys(['example_python_operator']) retrieved from /home/airflow/.local/lib/python3.7/site-packages/airflow/example_dags/example_python_operator.py
[2025-09-04T10:14:52.547+0000] {logging_mixin.py:149} INFO - [2025-09-04T10:14:52.547+0000] {dag.py:2726} INFO - Sync 1 DAGs
[2025-09-04T10:14:52.575+0000] {logging_mixin.py:149} INFO - [2025-09-04T10:14:52.575+0000] {dag.py:3490} INFO - Setting next_dagrun for example_python_operator to None, run_after=None
[2025-09-04T10:14:52.597+0000] {processor.py:179} INFO - Processing /home/airflow/.local/lib/python3.7/site-packages/airflow/example_dags/example_python_operator.py took 0.098 seconds
[2025-09-04T10:15:23.270+0000] {processor.py:157} INFO - Started process (PID=2806) to work on /home/airflow/.local/lib/python3.7/site-packages/airflow/example_dags/example_python_operator.py
[2025-09-04T10:15:23.271+0000] {processor.py:826} INFO - Processing file /home/airflow/.local/lib/python3.7/site-packages/airflow/example_dags/example_python_operator.py for tasks to queue
[2025-09-04T10:15:23.272+0000] {logging_mixin.py:149} INFO - [2025-09-04T10:15:23.272+0000] {dagbag.py:541} INFO - Filling up the DagBag from /home/airflow/.local/lib/python3.7/site-packages/airflow/example_dags/example_python_operator.py
[2025-09-04T10:15:23.284+0000] {processor.py:836} INFO - DAG(s) dict_keys(['example_python_operator']) retrieved from /home/airflow/.local/lib/python3.7/site-packages/airflow/example_dags/example_python_operator.py
[2025-09-04T10:15:23.316+0000] {logging_mixin.py:149} INFO - [2025-09-04T10:15:23.316+0000] {dag.py:2726} INFO - Sync 1 DAGs
[2025-09-04T10:15:23.343+0000] {logging_mixin.py:149} INFO - [2025-09-04T10:15:23.343+0000] {dag.py:3490} INFO - Setting next_dagrun for example_python_operator to None, run_after=None
[2025-09-04T10:15:23.365+0000] {processor.py:179} INFO - Processing /home/airflow/.local/lib/python3.7/site-packages/airflow/example_dags/example_python_operator.py took 0.098 seconds
[2025-09-04T10:15:53.862+0000] {processor.py:157} INFO - Started process (PID=3051) to work on /home/airflow/.local/lib/python3.7/site-packages/airflow/example_dags/example_python_operator.py
[2025-09-04T10:15:53.863+0000] {processor.py:826} INFO - Processing file /home/airflow/.local/lib/python3.7/site-packages/airflow/example_dags/example_python_operator.py for tasks to queue
[2025-09-04T10:15:53.864+0000] {logging_mixin.py:149} INFO - [2025-09-04T10:15:53.864+0000] {dagbag.py:541} INFO - Filling up the DagBag from /home/airflow/.local/lib/python3.7/site-packages/airflow/example_dags/example_python_operator.py
[2025-09-04T10:15:53.877+0000] {processor.py:836} INFO - DAG(s) dict_keys(['example_python_operator']) retrieved from /home/airflow/.local/lib/python3.7/site-packages/airflow/example_dags/example_python_operator.py
[2025-09-04T10:15:53.908+0000] {logging_mixin.py:149} INFO - [2025-09-04T10:15:53.908+0000] {dag.py:2726} INFO - Sync 1 DAGs
[2025-09-04T10:15:53.936+0000] {logging_mixin.py:149} INFO - [2025-09-04T10:15:53.936+0000] {dag.py:3490} INFO - Setting next_dagrun for example_python_operator to None, run_after=None
[2025-09-04T10:15:53.963+0000] {processor.py:179} INFO - Processing /home/airflow/.local/lib/python3.7/site-packages/airflow/example_dags/example_python_operator.py took 0.106 seconds
[2025-09-04T10:16:24.457+0000] {processor.py:157} INFO - Started process (PID=3296) to work on /home/airflow/.local/lib/python3.7/site-packages/airflow/example_dags/example_python_operator.py
[2025-09-04T10:16:24.458+0000] {processor.py:826} INFO - Processing file /home/airflow/.local/lib/python3.7/site-packages/airflow/example_dags/example_python_operator.py for tasks to queue
[2025-09-04T10:16:24.458+0000] {logging_mixin.py:149} INFO - [2025-09-04T10:16:24.458+0000] {dagbag.py:541} INFO - Filling up the DagBag from /home/airflow/.local/lib/python3.7/site-packages/airflow/example_dags/example_python_operator.py
[2025-09-04T10:16:24.470+0000] {processor.py:836} INFO - DAG(s) dict_keys(['example_python_operator']) retrieved from /home/airflow/.local/lib/python3.7/site-packages/airflow/example_dags/example_python_operator.py
[2025-09-04T10:16:24.500+0000] {logging_mixin.py:149} INFO - [2025-09-04T10:16:24.500+0000] {dag.py:2726} INFO - Sync 1 DAGs
[2025-09-04T10:16:24.527+0000] {logging_mixin.py:149} INFO - [2025-09-04T10:16:24.527+0000] {dag.py:3490} INFO - Setting next_dagrun for example_python_operator to None, run_after=None
[2025-09-04T10:16:24.547+0000] {processor.py:179} INFO - Processing /home/airflow/.local/lib/python3.7/site-packages/airflow/example_dags/example_python_operator.py took 0.094 seconds
[2025-09-04T10:16:54.775+0000] {processor.py:157} INFO - Started process (PID=3541) to work on /home/airflow/.local/lib/python3.7/site-packages/airflow/example_dags/example_python_operator.py
[2025-09-04T10:16:54.776+0000] {processor.py:826} INFO - Processing file /home/airflow/.local/lib/python3.7/site-packages/airflow/example_dags/example_python_operator.py for tasks to queue
[2025-09-04T10:16:54.777+0000] {logging_mixin.py:149} INFO - [2025-09-04T10:16:54.776+0000] {dagbag.py:541} INFO - Filling up the DagBag from /home/airflow/.local/lib/python3.7/site-packages/airflow/example_dags/example_python_operator.py
[2025-09-04T10:16:54.788+0000] {processor.py:836} INFO - DAG(s) dict_keys(['example_python_operator']) retrieved from /home/airflow/.local/lib/python3.7/site-packages/airflow/example_dags/example_python_operator.py
[2025-09-04T10:16:54.818+0000] {logging_mixin.py:149} INFO - [2025-09-04T10:16:54.817+0000] {dag.py:2726} INFO - Sync 1 DAGs
[2025-09-04T10:16:54.845+0000] {logging_mixin.py:149} INFO - [2025-09-04T10:16:54.844+0000] {dag.py:3490} INFO - Setting next_dagrun for example_python_operator to None, run_after=None
[2025-09-04T10:16:54.867+0000] {processor.py:179} INFO - Processing /home/airflow/.local/lib/python3.7/site-packages/airflow/example_dags/example_python_operator.py took 0.095 seconds
[2025-09-04T10:17:25.988+0000] {processor.py:157} INFO - Started process (PID=3786) to work on /home/airflow/.local/lib/python3.7/site-packages/airflow/example_dags/example_python_operator.py
[2025-09-04T10:17:25.989+0000] {processor.py:826} INFO - Processing file /home/airflow/.local/lib/python3.7/site-packages/airflow/example_dags/example_python_operator.py for tasks to queue
[2025-09-04T10:17:25.989+0000] {logging_mixin.py:149} INFO - [2025-09-04T10:17:25.989+0000] {dagbag.py:541} INFO - Filling up the DagBag from /home/airflow/.local/lib/python3.7/site-packages/airflow/example_dags/example_python_operator.py
[2025-09-04T10:17:26.001+0000] {processor.py:836} INFO - DAG(s) dict_keys(['example_python_operator']) retrieved from /home/airflow/.local/lib/python3.7/site-packages/airflow/example_dags/example_python_operator.py
[2025-09-04T10:17:26.030+0000] {logging_mixin.py:149} INFO - [2025-09-04T10:17:26.030+0000] {dag.py:2726} INFO - Sync 1 DAGs
[2025-09-04T10:17:26.057+0000] {logging_mixin.py:149} INFO - [2025-09-04T10:17:26.057+0000] {dag.py:3490} INFO - Setting next_dagrun for example_python_operator to None, run_after=None
[2025-09-04T10:17:26.078+0000] {processor.py:179} INFO - Processing /home/airflow/.local/lib/python3.7/site-packages/airflow/example_dags/example_python_operator.py took 0.093 seconds
[2025-09-04T10:17:56.832+0000] {processor.py:157} INFO - Started process (PID=4031) to work on /home/airflow/.local/lib/python3.7/site-packages/airflow/example_dags/example_python_operator.py
[2025-09-04T10:17:56.833+0000] {processor.py:826} INFO - Processing file /home/airflow/.local/lib/python3.7/site-packages/airflow/example_dags/example_python_operator.py for tasks to queue
[2025-09-04T10:17:56.834+0000] {logging_mixin.py:149} INFO - [2025-09-04T10:17:56.834+0000] {dagbag.py:541} INFO - Filling up the DagBag from /home/airflow/.local/lib/python3.7/site-packages/airflow/example_dags/example_python_operator.py
[2025-09-04T10:17:56.845+0000] {processor.py:836} INFO - DAG(s) dict_keys(['example_python_operator']) retrieved from /home/airflow/.local/lib/python3.7/site-packages/airflow/example_dags/example_python_operator.py
[2025-09-04T10:17:56.875+0000] {logging_mixin.py:149} INFO - [2025-09-04T10:17:56.875+0000] {dag.py:2726} INFO - Sync 1 DAGs
[2025-09-04T10:17:56.903+0000] {logging_mixin.py:149} INFO - [2025-09-04T10:17:56.902+0000] {dag.py:3490} INFO - Setting next_dagrun for example_python_operator to None, run_after=None
[2025-09-04T10:17:56.923+0000] {processor.py:179} INFO - Processing /home/airflow/.local/lib/python3.7/site-packages/airflow/example_dags/example_python_operator.py took 0.095 seconds
[2025-09-04T10:18:27.978+0000] {processor.py:157} INFO - Started process (PID=4276) to work on /home/airflow/.local/lib/python3.7/site-packages/airflow/example_dags/example_python_operator.py
[2025-09-04T10:18:27.978+0000] {processor.py:826} INFO - Processing file /home/airflow/.local/lib/python3.7/site-packages/airflow/example_dags/example_python_operator.py for tasks to queue
[2025-09-04T10:18:27.979+0000] {logging_mixin.py:149} INFO - [2025-09-04T10:18:27.979+0000] {dagbag.py:541} INFO - Filling up the DagBag from /home/airflow/.local/lib/python3.7/site-packages/airflow/example_dags/example_python_operator.py
[2025-09-04T10:18:27.990+0000] {processor.py:836} INFO - DAG(s) dict_keys(['example_python_operator']) retrieved from /home/airflow/.local/lib/python3.7/site-packages/airflow/example_dags/example_python_operator.py
[2025-09-04T10:18:28.024+0000] {logging_mixin.py:149} INFO - [2025-09-04T10:18:28.024+0000] {dag.py:2726} INFO - Sync 1 DAGs
[2025-09-04T10:18:28.051+0000] {logging_mixin.py:149} INFO - [2025-09-04T10:18:28.051+0000] {dag.py:3490} INFO - Setting next_dagrun for example_python_operator to None, run_after=None
[2025-09-04T10:18:28.072+0000] {processor.py:179} INFO - Processing /home/airflow/.local/lib/python3.7/site-packages/airflow/example_dags/example_python_operator.py took 0.098 seconds
[2025-09-04T10:18:58.331+0000] {processor.py:157} INFO - Started process (PID=4523) to work on /home/airflow/.local/lib/python3.7/site-packages/airflow/example_dags/example_python_operator.py
[2025-09-04T10:18:58.332+0000] {processor.py:826} INFO - Processing file /home/airflow/.local/lib/python3.7/site-packages/airflow/example_dags/example_python_operator.py for tasks to queue
[2025-09-04T10:18:58.333+0000] {logging_mixin.py:149} INFO - [2025-09-04T10:18:58.332+0000] {dagbag.py:541} INFO - Filling up the DagBag from /home/airflow/.local/lib/python3.7/site-packages/airflow/example_dags/example_python_operator.py
[2025-09-04T10:18:58.344+0000] {processor.py:836} INFO - DAG(s) dict_keys(['example_python_operator']) retrieved from /home/airflow/.local/lib/python3.7/site-packages/airflow/example_dags/example_python_operator.py
[2025-09-04T10:18:58.374+0000] {logging_mixin.py:149} INFO - [2025-09-04T10:18:58.374+0000] {dag.py:2726} INFO - Sync 1 DAGs
[2025-09-04T10:18:58.401+0000] {logging_mixin.py:149} INFO - [2025-09-04T10:18:58.401+0000] {dag.py:3490} INFO - Setting next_dagrun for example_python_operator to None, run_after=None
[2025-09-04T10:18:58.421+0000] {processor.py:179} INFO - Processing /home/airflow/.local/lib/python3.7/site-packages/airflow/example_dags/example_python_operator.py took 0.094 seconds
[2025-09-04T10:19:28.853+0000] {processor.py:157} INFO - Started process (PID=4766) to work on /home/airflow/.local/lib/python3.7/site-packages/airflow/example_dags/example_python_operator.py
[2025-09-04T10:19:28.854+0000] {processor.py:826} INFO - Processing file /home/airflow/.local/lib/python3.7/site-packages/airflow/example_dags/example_python_operator.py for tasks to queue
[2025-09-04T10:19:28.855+0000] {logging_mixin.py:149} INFO - [2025-09-04T10:19:28.855+0000] {dagbag.py:541} INFO - Filling up the DagBag from /home/airflow/.local/lib/python3.7/site-packages/airflow/example_dags/example_python_operator.py
[2025-09-04T10:19:28.868+0000] {processor.py:836} INFO - DAG(s) dict_keys(['example_python_operator']) retrieved from /home/airflow/.local/lib/python3.7/site-packages/airflow/example_dags/example_python_operator.py
[2025-09-04T10:19:28.912+0000] {logging_mixin.py:149} INFO - [2025-09-04T10:19:28.912+0000] {dag.py:2726} INFO - Sync 1 DAGs
[2025-09-04T10:19:28.948+0000] {logging_mixin.py:149} INFO - [2025-09-04T10:19:28.948+0000] {dag.py:3490} INFO - Setting next_dagrun for example_python_operator to None, run_after=None
[2025-09-04T10:19:28.970+0000] {processor.py:179} INFO - Processing /home/airflow/.local/lib/python3.7/site-packages/airflow/example_dags/example_python_operator.py took 0.121 seconds
[2025-09-04T10:19:59.060+0000] {processor.py:157} INFO - Started process (PID=5011) to work on /home/airflow/.local/lib/python3.7/site-packages/airflow/example_dags/example_python_operator.py
[2025-09-04T10:19:59.061+0000] {processor.py:826} INFO - Processing file /home/airflow/.local/lib/python3.7/site-packages/airflow/example_dags/example_python_operator.py for tasks to queue
[2025-09-04T10:19:59.062+0000] {logging_mixin.py:149} INFO - [2025-09-04T10:19:59.062+0000] {dagbag.py:541} INFO - Filling up the DagBag from /home/airflow/.local/lib/python3.7/site-packages/airflow/example_dags/example_python_operator.py
[2025-09-04T10:19:59.075+0000] {processor.py:836} INFO - DAG(s) dict_keys(['example_python_operator']) retrieved from /home/airflow/.local/lib/python3.7/site-packages/airflow/example_dags/example_python_operator.py
[2025-09-04T10:19:59.107+0000] {logging_mixin.py:149} INFO - [2025-09-04T10:19:59.107+0000] {dag.py:2726} INFO - Sync 1 DAGs
[2025-09-04T10:19:59.136+0000] {logging_mixin.py:149} INFO - [2025-09-04T10:19:59.136+0000] {dag.py:3490} INFO - Setting next_dagrun for example_python_operator to None, run_after=None
[2025-09-04T10:19:59.159+0000] {processor.py:179} INFO - Processing /home/airflow/.local/lib/python3.7/site-packages/airflow/example_dags/example_python_operator.py took 0.104 seconds
[2025-09-04T10:20:29.231+0000] {processor.py:157} INFO - Started process (PID=5253) to work on /home/airflow/.local/lib/python3.7/site-packages/airflow/example_dags/example_python_operator.py
[2025-09-04T10:20:29.232+0000] {processor.py:826} INFO - Processing file /home/airflow/.local/lib/python3.7/site-packages/airflow/example_dags/example_python_operator.py for tasks to queue
[2025-09-04T10:20:29.233+0000] {logging_mixin.py:149} INFO - [2025-09-04T10:20:29.233+0000] {dagbag.py:541} INFO - Filling up the DagBag from /home/airflow/.local/lib/python3.7/site-packages/airflow/example_dags/example_python_operator.py
[2025-09-04T10:20:29.244+0000] {processor.py:836} INFO - DAG(s) dict_keys(['example_python_operator']) retrieved from /home/airflow/.local/lib/python3.7/site-packages/airflow/example_dags/example_python_operator.py
[2025-09-04T10:20:29.274+0000] {logging_mixin.py:149} INFO - [2025-09-04T10:20:29.274+0000] {dag.py:2726} INFO - Sync 1 DAGs
[2025-09-04T10:20:29.301+0000] {logging_mixin.py:149} INFO - [2025-09-04T10:20:29.301+0000] {dag.py:3490} INFO - Setting next_dagrun for example_python_operator to None, run_after=None
[2025-09-04T10:20:29.322+0000] {processor.py:179} INFO - Processing /home/airflow/.local/lib/python3.7/site-packages/airflow/example_dags/example_python_operator.py took 0.094 seconds
[2025-09-04T10:20:59.960+0000] {processor.py:157} INFO - Started process (PID=5501) to work on /home/airflow/.local/lib/python3.7/site-packages/airflow/example_dags/example_python_operator.py
[2025-09-04T10:20:59.961+0000] {processor.py:826} INFO - Processing file /home/airflow/.local/lib/python3.7/site-packages/airflow/example_dags/example_python_operator.py for tasks to queue
[2025-09-04T10:20:59.962+0000] {logging_mixin.py:149} INFO - [2025-09-04T10:20:59.962+0000] {dagbag.py:541} INFO - Filling up the DagBag from /home/airflow/.local/lib/python3.7/site-packages/airflow/example_dags/example_python_operator.py
[2025-09-04T10:20:59.974+0000] {processor.py:836} INFO - DAG(s) dict_keys(['example_python_operator']) retrieved from /home/airflow/.local/lib/python3.7/site-packages/airflow/example_dags/example_python_operator.py
[2025-09-04T10:21:00.006+0000] {logging_mixin.py:149} INFO - [2025-09-04T10:21:00.006+0000] {dag.py:2726} INFO - Sync 1 DAGs
[2025-09-04T10:21:00.035+0000] {logging_mixin.py:149} INFO - [2025-09-04T10:21:00.035+0000] {dag.py:3490} INFO - Setting next_dagrun for example_python_operator to None, run_after=None
[2025-09-04T10:21:00.060+0000] {processor.py:179} INFO - Processing /home/airflow/.local/lib/python3.7/site-packages/airflow/example_dags/example_python_operator.py took 0.104 seconds
[2025-09-04T10:21:31.228+0000] {processor.py:157} INFO - Started process (PID=5746) to work on /home/airflow/.local/lib/python3.7/site-packages/airflow/example_dags/example_python_operator.py
[2025-09-04T10:21:31.229+0000] {processor.py:826} INFO - Processing file /home/airflow/.local/lib/python3.7/site-packages/airflow/example_dags/example_python_operator.py for tasks to queue
[2025-09-04T10:21:31.230+0000] {logging_mixin.py:149} INFO - [2025-09-04T10:21:31.230+0000] {dagbag.py:541} INFO - Filling up the DagBag from /home/airflow/.local/lib/python3.7/site-packages/airflow/example_dags/example_python_operator.py
[2025-09-04T10:21:31.242+0000] {processor.py:836} INFO - DAG(s) dict_keys(['example_python_operator']) retrieved from /home/airflow/.local/lib/python3.7/site-packages/airflow/example_dags/example_python_operator.py
[2025-09-04T10:21:31.275+0000] {logging_mixin.py:149} INFO - [2025-09-04T10:21:31.274+0000] {dag.py:2726} INFO - Sync 1 DAGs
[2025-09-04T10:21:31.303+0000] {logging_mixin.py:149} INFO - [2025-09-04T10:21:31.303+0000] {dag.py:3490} INFO - Setting next_dagrun for example_python_operator to None, run_after=None
[2025-09-04T10:21:31.323+0000] {processor.py:179} INFO - Processing /home/airflow/.local/lib/python3.7/site-packages/airflow/example_dags/example_python_operator.py took 0.099 seconds
[2025-09-04T10:22:02.362+0000] {processor.py:157} INFO - Started process (PID=5991) to work on /home/airflow/.local/lib/python3.7/site-packages/airflow/example_dags/example_python_operator.py
[2025-09-04T10:22:02.363+0000] {processor.py:826} INFO - Processing file /home/airflow/.local/lib/python3.7/site-packages/airflow/example_dags/example_python_operator.py for tasks to queue
[2025-09-04T10:22:02.364+0000] {logging_mixin.py:149} INFO - [2025-09-04T10:22:02.364+0000] {dagbag.py:541} INFO - Filling up the DagBag from /home/airflow/.local/lib/python3.7/site-packages/airflow/example_dags/example_python_operator.py
[2025-09-04T10:22:02.380+0000] {processor.py:836} INFO - DAG(s) dict_keys(['example_python_operator']) retrieved from /home/airflow/.local/lib/python3.7/site-packages/airflow/example_dags/example_python_operator.py
[2025-09-04T10:22:02.422+0000] {logging_mixin.py:149} INFO - [2025-09-04T10:22:02.422+0000] {dag.py:2726} INFO - Sync 1 DAGs
[2025-09-04T10:22:02.459+0000] {logging_mixin.py:149} INFO - [2025-09-04T10:22:02.458+0000] {dag.py:3490} INFO - Setting next_dagrun for example_python_operator to None, run_after=None
[2025-09-04T10:22:02.489+0000] {processor.py:179} INFO - Processing /home/airflow/.local/lib/python3.7/site-packages/airflow/example_dags/example_python_operator.py took 0.131 seconds
[2025-09-04T10:22:32.716+0000] {processor.py:157} INFO - Started process (PID=6238) to work on /home/airflow/.local/lib/python3.7/site-packages/airflow/example_dags/example_python_operator.py
[2025-09-04T10:22:32.717+0000] {processor.py:826} INFO - Processing file /home/airflow/.local/lib/python3.7/site-packages/airflow/example_dags/example_python_operator.py for tasks to queue
[2025-09-04T10:22:32.718+0000] {logging_mixin.py:149} INFO - [2025-09-04T10:22:32.717+0000] {dagbag.py:541} INFO - Filling up the DagBag from /home/airflow/.local/lib/python3.7/site-packages/airflow/example_dags/example_python_operator.py
[2025-09-04T10:22:32.730+0000] {processor.py:836} INFO - DAG(s) dict_keys(['example_python_operator']) retrieved from /home/airflow/.local/lib/python3.7/site-packages/airflow/example_dags/example_python_operator.py
[2025-09-04T10:22:32.759+0000] {logging_mixin.py:149} INFO - [2025-09-04T10:22:32.759+0000] {dag.py:2726} INFO - Sync 1 DAGs
[2025-09-04T10:22:32.790+0000] {logging_mixin.py:149} INFO - [2025-09-04T10:22:32.789+0000] {dag.py:3490} INFO - Setting next_dagrun for example_python_operator to None, run_after=None
[2025-09-04T10:22:32.810+0000] {processor.py:179} INFO - Processing /home/airflow/.local/lib/python3.7/site-packages/airflow/example_dags/example_python_operator.py took 0.097 seconds
[2025-09-04T10:23:02.997+0000] {processor.py:157} INFO - Started process (PID=6481) to work on /home/airflow/.local/lib/python3.7/site-packages/airflow/example_dags/example_python_operator.py
[2025-09-04T10:23:02.998+0000] {processor.py:826} INFO - Processing file /home/airflow/.local/lib/python3.7/site-packages/airflow/example_dags/example_python_operator.py for tasks to queue
[2025-09-04T10:23:02.999+0000] {logging_mixin.py:149} INFO - [2025-09-04T10:23:02.998+0000] {dagbag.py:541} INFO - Filling up the DagBag from /home/airflow/.local/lib/python3.7/site-packages/airflow/example_dags/example_python_operator.py
[2025-09-04T10:23:03.010+0000] {processor.py:836} INFO - DAG(s) dict_keys(['example_python_operator']) retrieved from /home/airflow/.local/lib/python3.7/site-packages/airflow/example_dags/example_python_operator.py
[2025-09-04T10:23:03.044+0000] {logging_mixin.py:149} INFO - [2025-09-04T10:23:03.044+0000] {dag.py:2726} INFO - Sync 1 DAGs
[2025-09-04T10:23:03.077+0000] {logging_mixin.py:149} INFO - [2025-09-04T10:23:03.077+0000] {dag.py:3490} INFO - Setting next_dagrun for example_python_operator to None, run_after=None
[2025-09-04T10:23:03.099+0000] {processor.py:179} INFO - Processing /home/airflow/.local/lib/python3.7/site-packages/airflow/example_dags/example_python_operator.py took 0.106 seconds
[2025-09-04T10:23:33.363+0000] {processor.py:157} INFO - Started process (PID=6726) to work on /home/airflow/.local/lib/python3.7/site-packages/airflow/example_dags/example_python_operator.py
[2025-09-04T10:23:33.364+0000] {processor.py:826} INFO - Processing file /home/airflow/.local/lib/python3.7/site-packages/airflow/example_dags/example_python_operator.py for tasks to queue
[2025-09-04T10:23:33.365+0000] {logging_mixin.py:149} INFO - [2025-09-04T10:23:33.365+0000] {dagbag.py:541} INFO - Filling up the DagBag from /home/airflow/.local/lib/python3.7/site-packages/airflow/example_dags/example_python_operator.py
[2025-09-04T10:23:33.377+0000] {processor.py:836} INFO - DAG(s) dict_keys(['example_python_operator']) retrieved from /home/airflow/.local/lib/python3.7/site-packages/airflow/example_dags/example_python_operator.py
[2025-09-04T10:23:33.413+0000] {logging_mixin.py:149} INFO - [2025-09-04T10:23:33.413+0000] {dag.py:2726} INFO - Sync 1 DAGs
[2025-09-04T10:23:33.445+0000] {logging_mixin.py:149} INFO - [2025-09-04T10:23:33.445+0000] {dag.py:3490} INFO - Setting next_dagrun for example_python_operator to None, run_after=None
[2025-09-04T10:23:33.469+0000] {processor.py:179} INFO - Processing /home/airflow/.local/lib/python3.7/site-packages/airflow/example_dags/example_python_operator.py took 0.110 seconds
[2025-09-04T10:24:04.572+0000] {processor.py:157} INFO - Started process (PID=6971) to work on /home/airflow/.local/lib/python3.7/site-packages/airflow/example_dags/example_python_operator.py
[2025-09-04T10:24:04.573+0000] {processor.py:826} INFO - Processing file /home/airflow/.local/lib/python3.7/site-packages/airflow/example_dags/example_python_operator.py for tasks to queue
[2025-09-04T10:24:04.574+0000] {logging_mixin.py:149} INFO - [2025-09-04T10:24:04.574+0000] {dagbag.py:541} INFO - Filling up the DagBag from /home/airflow/.local/lib/python3.7/site-packages/airflow/example_dags/example_python_operator.py
[2025-09-04T10:24:04.586+0000] {processor.py:836} INFO - DAG(s) dict_keys(['example_python_operator']) retrieved from /home/airflow/.local/lib/python3.7/site-packages/airflow/example_dags/example_python_operator.py
[2025-09-04T10:24:04.621+0000] {logging_mixin.py:149} INFO - [2025-09-04T10:24:04.621+0000] {dag.py:2726} INFO - Sync 1 DAGs
[2025-09-04T10:24:04.649+0000] {logging_mixin.py:149} INFO - [2025-09-04T10:24:04.649+0000] {dag.py:3490} INFO - Setting next_dagrun for example_python_operator to None, run_after=None
[2025-09-04T10:24:04.671+0000] {processor.py:179} INFO - Processing /home/airflow/.local/lib/python3.7/site-packages/airflow/example_dags/example_python_operator.py took 0.103 seconds
[2025-09-04T10:24:35.218+0000] {processor.py:157} INFO - Started process (PID=7216) to work on /home/airflow/.local/lib/python3.7/site-packages/airflow/example_dags/example_python_operator.py
[2025-09-04T10:24:35.219+0000] {processor.py:826} INFO - Processing file /home/airflow/.local/lib/python3.7/site-packages/airflow/example_dags/example_python_operator.py for tasks to queue
[2025-09-04T10:24:35.220+0000] {logging_mixin.py:149} INFO - [2025-09-04T10:24:35.219+0000] {dagbag.py:541} INFO - Filling up the DagBag from /home/airflow/.local/lib/python3.7/site-packages/airflow/example_dags/example_python_operator.py
[2025-09-04T10:24:35.231+0000] {processor.py:836} INFO - DAG(s) dict_keys(['example_python_operator']) retrieved from /home/airflow/.local/lib/python3.7/site-packages/airflow/example_dags/example_python_operator.py
[2025-09-04T10:24:35.262+0000] {logging_mixin.py:149} INFO - [2025-09-04T10:24:35.262+0000] {dag.py:2726} INFO - Sync 1 DAGs
[2025-09-04T10:24:35.289+0000] {logging_mixin.py:149} INFO - [2025-09-04T10:24:35.289+0000] {dag.py:3490} INFO - Setting next_dagrun for example_python_operator to None, run_after=None
[2025-09-04T10:24:35.310+0000] {processor.py:179} INFO - Processing /home/airflow/.local/lib/python3.7/site-packages/airflow/example_dags/example_python_operator.py took 0.096 seconds
[2025-09-04T10:25:06.316+0000] {processor.py:157} INFO - Started process (PID=7461) to work on /home/airflow/.local/lib/python3.7/site-packages/airflow/example_dags/example_python_operator.py
[2025-09-04T10:25:06.317+0000] {processor.py:826} INFO - Processing file /home/airflow/.local/lib/python3.7/site-packages/airflow/example_dags/example_python_operator.py for tasks to queue
[2025-09-04T10:25:06.318+0000] {logging_mixin.py:149} INFO - [2025-09-04T10:25:06.318+0000] {dagbag.py:541} INFO - Filling up the DagBag from /home/airflow/.local/lib/python3.7/site-packages/airflow/example_dags/example_python_operator.py
[2025-09-04T10:25:06.331+0000] {processor.py:836} INFO - DAG(s) dict_keys(['example_python_operator']) retrieved from /home/airflow/.local/lib/python3.7/site-packages/airflow/example_dags/example_python_operator.py
[2025-09-04T10:25:06.361+0000] {logging_mixin.py:149} INFO - [2025-09-04T10:25:06.361+0000] {dag.py:2726} INFO - Sync 1 DAGs
[2025-09-04T10:25:06.389+0000] {logging_mixin.py:149} INFO - [2025-09-04T10:25:06.389+0000] {dag.py:3490} INFO - Setting next_dagrun for example_python_operator to None, run_after=None
[2025-09-04T10:25:06.409+0000] {processor.py:179} INFO - Processing /home/airflow/.local/lib/python3.7/site-packages/airflow/example_dags/example_python_operator.py took 0.096 seconds
[2025-09-04T10:25:36.793+0000] {processor.py:157} INFO - Started process (PID=7708) to work on /home/airflow/.local/lib/python3.7/site-packages/airflow/example_dags/example_python_operator.py
[2025-09-04T10:25:36.795+0000] {processor.py:826} INFO - Processing file /home/airflow/.local/lib/python3.7/site-packages/airflow/example_dags/example_python_operator.py for tasks to queue
[2025-09-04T10:25:36.796+0000] {logging_mixin.py:149} INFO - [2025-09-04T10:25:36.795+0000] {dagbag.py:541} INFO - Filling up the DagBag from /home/airflow/.local/lib/python3.7/site-packages/airflow/example_dags/example_python_operator.py
[2025-09-04T10:25:36.807+0000] {processor.py:836} INFO - DAG(s) dict_keys(['example_python_operator']) retrieved from /home/airflow/.local/lib/python3.7/site-packages/airflow/example_dags/example_python_operator.py
[2025-09-04T10:25:36.838+0000] {logging_mixin.py:149} INFO - [2025-09-04T10:25:36.838+0000] {dag.py:2726} INFO - Sync 1 DAGs
[2025-09-04T10:25:36.865+0000] {logging_mixin.py:149} INFO - [2025-09-04T10:25:36.865+0000] {dag.py:3490} INFO - Setting next_dagrun for example_python_operator to None, run_after=None
[2025-09-04T10:25:36.885+0000] {processor.py:179} INFO - Processing /home/airflow/.local/lib/python3.7/site-packages/airflow/example_dags/example_python_operator.py took 0.095 seconds
[2025-09-04T10:26:07.348+0000] {processor.py:157} INFO - Started process (PID=7951) to work on /home/airflow/.local/lib/python3.7/site-packages/airflow/example_dags/example_python_operator.py
[2025-09-04T10:26:07.349+0000] {processor.py:826} INFO - Processing file /home/airflow/.local/lib/python3.7/site-packages/airflow/example_dags/example_python_operator.py for tasks to queue
[2025-09-04T10:26:07.350+0000] {logging_mixin.py:149} INFO - [2025-09-04T10:26:07.350+0000] {dagbag.py:541} INFO - Filling up the DagBag from /home/airflow/.local/lib/python3.7/site-packages/airflow/example_dags/example_python_operator.py
[2025-09-04T10:26:07.362+0000] {processor.py:836} INFO - DAG(s) dict_keys(['example_python_operator']) retrieved from /home/airflow/.local/lib/python3.7/site-packages/airflow/example_dags/example_python_operator.py
[2025-09-04T10:26:07.396+0000] {logging_mixin.py:149} INFO - [2025-09-04T10:26:07.396+0000] {dag.py:2726} INFO - Sync 1 DAGs
[2025-09-04T10:26:07.424+0000] {logging_mixin.py:149} INFO - [2025-09-04T10:26:07.423+0000] {dag.py:3490} INFO - Setting next_dagrun for example_python_operator to None, run_after=None
[2025-09-04T10:26:07.445+0000] {processor.py:179} INFO - Processing /home/airflow/.local/lib/python3.7/site-packages/airflow/example_dags/example_python_operator.py took 0.101 seconds
[2025-09-04T10:26:37.725+0000] {processor.py:157} INFO - Started process (PID=8196) to work on /home/airflow/.local/lib/python3.7/site-packages/airflow/example_dags/example_python_operator.py
[2025-09-04T10:26:37.727+0000] {processor.py:826} INFO - Processing file /home/airflow/.local/lib/python3.7/site-packages/airflow/example_dags/example_python_operator.py for tasks to queue
[2025-09-04T10:26:37.727+0000] {logging_mixin.py:149} INFO - [2025-09-04T10:26:37.727+0000] {dagbag.py:541} INFO - Filling up the DagBag from /home/airflow/.local/lib/python3.7/site-packages/airflow/example_dags/example_python_operator.py
[2025-09-04T10:26:37.741+0000] {processor.py:836} INFO - DAG(s) dict_keys(['example_python_operator']) retrieved from /home/airflow/.local/lib/python3.7/site-packages/airflow/example_dags/example_python_operator.py
[2025-09-04T10:26:37.774+0000] {logging_mixin.py:149} INFO - [2025-09-04T10:26:37.774+0000] {dag.py:2726} INFO - Sync 1 DAGs
[2025-09-04T10:26:37.807+0000] {logging_mixin.py:149} INFO - [2025-09-04T10:26:37.807+0000] {dag.py:3490} INFO - Setting next_dagrun for example_python_operator to None, run_after=None
[2025-09-04T10:26:37.830+0000] {processor.py:179} INFO - Processing /home/airflow/.local/lib/python3.7/site-packages/airflow/example_dags/example_python_operator.py took 0.109 seconds
[2025-09-04T10:27:08.599+0000] {processor.py:157} INFO - Started process (PID=8441) to work on /home/airflow/.local/lib/python3.7/site-packages/airflow/example_dags/example_python_operator.py
[2025-09-04T10:27:08.600+0000] {processor.py:826} INFO - Processing file /home/airflow/.local/lib/python3.7/site-packages/airflow/example_dags/example_python_operator.py for tasks to queue
[2025-09-04T10:27:08.601+0000] {logging_mixin.py:149} INFO - [2025-09-04T10:27:08.601+0000] {dagbag.py:541} INFO - Filling up the DagBag from /home/airflow/.local/lib/python3.7/site-packages/airflow/example_dags/example_python_operator.py
[2025-09-04T10:27:08.623+0000] {processor.py:836} INFO - DAG(s) dict_keys(['example_python_operator']) retrieved from /home/airflow/.local/lib/python3.7/site-packages/airflow/example_dags/example_python_operator.py
[2025-09-04T10:27:08.702+0000] {logging_mixin.py:149} INFO - [2025-09-04T10:27:08.702+0000] {dag.py:2726} INFO - Sync 1 DAGs
[2025-09-04T10:27:08.758+0000] {logging_mixin.py:149} INFO - [2025-09-04T10:27:08.758+0000] {dag.py:3490} INFO - Setting next_dagrun for example_python_operator to None, run_after=None
[2025-09-04T10:27:08.800+0000] {processor.py:179} INFO - Processing /home/airflow/.local/lib/python3.7/site-packages/airflow/example_dags/example_python_operator.py took 0.206 seconds
[2025-09-04T10:27:38.974+0000] {processor.py:157} INFO - Started process (PID=8688) to work on /home/airflow/.local/lib/python3.7/site-packages/airflow/example_dags/example_python_operator.py
[2025-09-04T10:27:38.975+0000] {processor.py:826} INFO - Processing file /home/airflow/.local/lib/python3.7/site-packages/airflow/example_dags/example_python_operator.py for tasks to queue
[2025-09-04T10:27:38.976+0000] {logging_mixin.py:149} INFO - [2025-09-04T10:27:38.976+0000] {dagbag.py:541} INFO - Filling up the DagBag from /home/airflow/.local/lib/python3.7/site-packages/airflow/example_dags/example_python_operator.py
[2025-09-04T10:27:38.989+0000] {processor.py:836} INFO - DAG(s) dict_keys(['example_python_operator']) retrieved from /home/airflow/.local/lib/python3.7/site-packages/airflow/example_dags/example_python_operator.py
[2025-09-04T10:27:39.019+0000] {logging_mixin.py:149} INFO - [2025-09-04T10:27:39.018+0000] {dag.py:2726} INFO - Sync 1 DAGs
[2025-09-04T10:27:39.046+0000] {logging_mixin.py:149} INFO - [2025-09-04T10:27:39.046+0000] {dag.py:3490} INFO - Setting next_dagrun for example_python_operator to None, run_after=None
[2025-09-04T10:27:39.071+0000] {processor.py:179} INFO - Processing /home/airflow/.local/lib/python3.7/site-packages/airflow/example_dags/example_python_operator.py took 0.101 seconds
[2025-09-04T10:28:09.429+0000] {processor.py:157} INFO - Started process (PID=8931) to work on /home/airflow/.local/lib/python3.7/site-packages/airflow/example_dags/example_python_operator.py
[2025-09-04T10:28:09.430+0000] {processor.py:826} INFO - Processing file /home/airflow/.local/lib/python3.7/site-packages/airflow/example_dags/example_python_operator.py for tasks to queue
[2025-09-04T10:28:09.431+0000] {logging_mixin.py:149} INFO - [2025-09-04T10:28:09.431+0000] {dagbag.py:541} INFO - Filling up the DagBag from /home/airflow/.local/lib/python3.7/site-packages/airflow/example_dags/example_python_operator.py
[2025-09-04T10:28:09.442+0000] {processor.py:836} INFO - DAG(s) dict_keys(['example_python_operator']) retrieved from /home/airflow/.local/lib/python3.7/site-packages/airflow/example_dags/example_python_operator.py
[2025-09-04T10:28:09.476+0000] {logging_mixin.py:149} INFO - [2025-09-04T10:28:09.476+0000] {dag.py:2726} INFO - Sync 1 DAGs
[2025-09-04T10:28:09.505+0000] {logging_mixin.py:149} INFO - [2025-09-04T10:28:09.504+0000] {dag.py:3490} INFO - Setting next_dagrun for example_python_operator to None, run_after=None
[2025-09-04T10:28:09.525+0000] {processor.py:179} INFO - Processing /home/airflow/.local/lib/python3.7/site-packages/airflow/example_dags/example_python_operator.py took 0.100 seconds
[2025-09-04T10:28:39.806+0000] {processor.py:157} INFO - Started process (PID=9178) to work on /home/airflow/.local/lib/python3.7/site-packages/airflow/example_dags/example_python_operator.py
[2025-09-04T10:28:39.807+0000] {processor.py:826} INFO - Processing file /home/airflow/.local/lib/python3.7/site-packages/airflow/example_dags/example_python_operator.py for tasks to queue
[2025-09-04T10:28:39.808+0000] {logging_mixin.py:149} INFO - [2025-09-04T10:28:39.808+0000] {dagbag.py:541} INFO - Filling up the DagBag from /home/airflow/.local/lib/python3.7/site-packages/airflow/example_dags/example_python_operator.py
[2025-09-04T10:28:39.820+0000] {processor.py:836} INFO - DAG(s) dict_keys(['example_python_operator']) retrieved from /home/airflow/.local/lib/python3.7/site-packages/airflow/example_dags/example_python_operator.py
[2025-09-04T10:28:39.851+0000] {logging_mixin.py:149} INFO - [2025-09-04T10:28:39.851+0000] {dag.py:2726} INFO - Sync 1 DAGs
[2025-09-04T10:28:39.879+0000] {logging_mixin.py:149} INFO - [2025-09-04T10:28:39.879+0000] {dag.py:3490} INFO - Setting next_dagrun for example_python_operator to None, run_after=None
[2025-09-04T10:28:39.900+0000] {processor.py:179} INFO - Processing /home/airflow/.local/lib/python3.7/site-packages/airflow/example_dags/example_python_operator.py took 0.097 seconds
[2025-09-04T10:29:10.962+0000] {processor.py:157} INFO - Started process (PID=9428) to work on /home/airflow/.local/lib/python3.7/site-packages/airflow/example_dags/example_python_operator.py
[2025-09-04T10:29:10.963+0000] {processor.py:826} INFO - Processing file /home/airflow/.local/lib/python3.7/site-packages/airflow/example_dags/example_python_operator.py for tasks to queue
[2025-09-04T10:29:10.964+0000] {logging_mixin.py:149} INFO - [2025-09-04T10:29:10.964+0000] {dagbag.py:541} INFO - Filling up the DagBag from /home/airflow/.local/lib/python3.7/site-packages/airflow/example_dags/example_python_operator.py
[2025-09-04T10:29:10.976+0000] {processor.py:836} INFO - DAG(s) dict_keys(['example_python_operator']) retrieved from /home/airflow/.local/lib/python3.7/site-packages/airflow/example_dags/example_python_operator.py
[2025-09-04T10:29:11.006+0000] {logging_mixin.py:149} INFO - [2025-09-04T10:29:11.006+0000] {dag.py:2726} INFO - Sync 1 DAGs
[2025-09-04T10:29:11.034+0000] {logging_mixin.py:149} INFO - [2025-09-04T10:29:11.034+0000] {dag.py:3490} INFO - Setting next_dagrun for example_python_operator to None, run_after=None
[2025-09-04T10:29:11.061+0000] {processor.py:179} INFO - Processing /home/airflow/.local/lib/python3.7/site-packages/airflow/example_dags/example_python_operator.py took 0.102 seconds
[2025-09-04T10:29:41.904+0000] {processor.py:157} INFO - Started process (PID=9673) to work on /home/airflow/.local/lib/python3.7/site-packages/airflow/example_dags/example_python_operator.py
[2025-09-04T10:29:41.905+0000] {processor.py:826} INFO - Processing file /home/airflow/.local/lib/python3.7/site-packages/airflow/example_dags/example_python_operator.py for tasks to queue
[2025-09-04T10:29:41.906+0000] {logging_mixin.py:149} INFO - [2025-09-04T10:29:41.906+0000] {dagbag.py:541} INFO - Filling up the DagBag from /home/airflow/.local/lib/python3.7/site-packages/airflow/example_dags/example_python_operator.py
[2025-09-04T10:29:41.918+0000] {processor.py:836} INFO - DAG(s) dict_keys(['example_python_operator']) retrieved from /home/airflow/.local/lib/python3.7/site-packages/airflow/example_dags/example_python_operator.py
[2025-09-04T10:29:41.949+0000] {logging_mixin.py:149} INFO - [2025-09-04T10:29:41.949+0000] {dag.py:2726} INFO - Sync 1 DAGs
[2025-09-04T10:29:41.976+0000] {logging_mixin.py:149} INFO - [2025-09-04T10:29:41.976+0000] {dag.py:3490} INFO - Setting next_dagrun for example_python_operator to None, run_after=None
[2025-09-04T10:29:41.997+0000] {processor.py:179} INFO - Processing /home/airflow/.local/lib/python3.7/site-packages/airflow/example_dags/example_python_operator.py took 0.096 seconds
[2025-09-04T10:30:12.208+0000] {processor.py:157} INFO - Started process (PID=9918) to work on /home/airflow/.local/lib/python3.7/site-packages/airflow/example_dags/example_python_operator.py
[2025-09-04T10:30:12.210+0000] {processor.py:826} INFO - Processing file /home/airflow/.local/lib/python3.7/site-packages/airflow/example_dags/example_python_operator.py for tasks to queue
[2025-09-04T10:30:12.211+0000] {logging_mixin.py:149} INFO - [2025-09-04T10:30:12.211+0000] {dagbag.py:541} INFO - Filling up the DagBag from /home/airflow/.local/lib/python3.7/site-packages/airflow/example_dags/example_python_operator.py
[2025-09-04T10:30:12.223+0000] {processor.py:836} INFO - DAG(s) dict_keys(['example_python_operator']) retrieved from /home/airflow/.local/lib/python3.7/site-packages/airflow/example_dags/example_python_operator.py
[2025-09-04T10:30:12.256+0000] {logging_mixin.py:149} INFO - [2025-09-04T10:30:12.256+0000] {dag.py:2726} INFO - Sync 1 DAGs
[2025-09-04T10:30:12.284+0000] {logging_mixin.py:149} INFO - [2025-09-04T10:30:12.284+0000] {dag.py:3490} INFO - Setting next_dagrun for example_python_operator to None, run_after=None
[2025-09-04T10:30:12.305+0000] {processor.py:179} INFO - Processing /home/airflow/.local/lib/python3.7/site-packages/airflow/example_dags/example_python_operator.py took 0.100 seconds
[2025-09-04T10:30:42.707+0000] {processor.py:157} INFO - Started process (PID=10163) to work on /home/airflow/.local/lib/python3.7/site-packages/airflow/example_dags/example_python_operator.py
[2025-09-04T10:30:42.709+0000] {processor.py:826} INFO - Processing file /home/airflow/.local/lib/python3.7/site-packages/airflow/example_dags/example_python_operator.py for tasks to queue
[2025-09-04T10:30:42.710+0000] {logging_mixin.py:149} INFO - [2025-09-04T10:30:42.710+0000] {dagbag.py:541} INFO - Filling up the DagBag from /home/airflow/.local/lib/python3.7/site-packages/airflow/example_dags/example_python_operator.py
[2025-09-04T10:30:42.726+0000] {processor.py:836} INFO - DAG(s) dict_keys(['example_python_operator']) retrieved from /home/airflow/.local/lib/python3.7/site-packages/airflow/example_dags/example_python_operator.py
[2025-09-04T10:30:42.776+0000] {logging_mixin.py:149} INFO - [2025-09-04T10:30:42.775+0000] {dag.py:2726} INFO - Sync 1 DAGs
[2025-09-04T10:30:42.816+0000] {logging_mixin.py:149} INFO - [2025-09-04T10:30:42.815+0000] {dag.py:3490} INFO - Setting next_dagrun for example_python_operator to None, run_after=None
[2025-09-04T10:30:42.844+0000] {processor.py:179} INFO - Processing /home/airflow/.local/lib/python3.7/site-packages/airflow/example_dags/example_python_operator.py took 0.142 seconds
[2025-09-04T10:31:13.279+0000] {processor.py:157} INFO - Started process (PID=10408) to work on /home/airflow/.local/lib/python3.7/site-packages/airflow/example_dags/example_python_operator.py
[2025-09-04T10:31:13.280+0000] {processor.py:826} INFO - Processing file /home/airflow/.local/lib/python3.7/site-packages/airflow/example_dags/example_python_operator.py for tasks to queue
[2025-09-04T10:31:13.281+0000] {logging_mixin.py:149} INFO - [2025-09-04T10:31:13.281+0000] {dagbag.py:541} INFO - Filling up the DagBag from /home/airflow/.local/lib/python3.7/site-packages/airflow/example_dags/example_python_operator.py
[2025-09-04T10:31:13.300+0000] {processor.py:836} INFO - DAG(s) dict_keys(['example_python_operator']) retrieved from /home/airflow/.local/lib/python3.7/site-packages/airflow/example_dags/example_python_operator.py
[2025-09-04T10:31:13.336+0000] {logging_mixin.py:149} INFO - [2025-09-04T10:31:13.336+0000] {dag.py:2726} INFO - Sync 1 DAGs
[2025-09-04T10:31:13.371+0000] {logging_mixin.py:149} INFO - [2025-09-04T10:31:13.370+0000] {dag.py:3490} INFO - Setting next_dagrun for example_python_operator to None, run_after=None
[2025-09-04T10:31:13.398+0000] {processor.py:179} INFO - Processing /home/airflow/.local/lib/python3.7/site-packages/airflow/example_dags/example_python_operator.py took 0.123 seconds
[2025-09-04T10:31:44.433+0000] {processor.py:157} INFO - Started process (PID=10653) to work on /home/airflow/.local/lib/python3.7/site-packages/airflow/example_dags/example_python_operator.py
[2025-09-04T10:31:44.434+0000] {processor.py:826} INFO - Processing file /home/airflow/.local/lib/python3.7/site-packages/airflow/example_dags/example_python_operator.py for tasks to queue
[2025-09-04T10:31:44.436+0000] {logging_mixin.py:149} INFO - [2025-09-04T10:31:44.436+0000] {dagbag.py:541} INFO - Filling up the DagBag from /home/airflow/.local/lib/python3.7/site-packages/airflow/example_dags/example_python_operator.py
[2025-09-04T10:31:44.448+0000] {processor.py:836} INFO - DAG(s) dict_keys(['example_python_operator']) retrieved from /home/airflow/.local/lib/python3.7/site-packages/airflow/example_dags/example_python_operator.py
[2025-09-04T10:31:44.483+0000] {logging_mixin.py:149} INFO - [2025-09-04T10:31:44.483+0000] {dag.py:2726} INFO - Sync 1 DAGs
[2025-09-04T10:31:44.512+0000] {logging_mixin.py:149} INFO - [2025-09-04T10:31:44.512+0000] {dag.py:3490} INFO - Setting next_dagrun for example_python_operator to None, run_after=None
[2025-09-04T10:31:44.533+0000] {processor.py:179} INFO - Processing /home/airflow/.local/lib/python3.7/site-packages/airflow/example_dags/example_python_operator.py took 0.104 seconds
[2025-09-04T10:32:14.984+0000] {processor.py:157} INFO - Started process (PID=10900) to work on /home/airflow/.local/lib/python3.7/site-packages/airflow/example_dags/example_python_operator.py
[2025-09-04T10:32:14.985+0000] {processor.py:826} INFO - Processing file /home/airflow/.local/lib/python3.7/site-packages/airflow/example_dags/example_python_operator.py for tasks to queue
[2025-09-04T10:32:14.986+0000] {logging_mixin.py:149} INFO - [2025-09-04T10:32:14.986+0000] {dagbag.py:541} INFO - Filling up the DagBag from /home/airflow/.local/lib/python3.7/site-packages/airflow/example_dags/example_python_operator.py
[2025-09-04T10:32:14.997+0000] {processor.py:836} INFO - DAG(s) dict_keys(['example_python_operator']) retrieved from /home/airflow/.local/lib/python3.7/site-packages/airflow/example_dags/example_python_operator.py
[2025-09-04T10:32:15.033+0000] {logging_mixin.py:149} INFO - [2025-09-04T10:32:15.032+0000] {dag.py:2726} INFO - Sync 1 DAGs
[2025-09-04T10:32:15.061+0000] {logging_mixin.py:149} INFO - [2025-09-04T10:32:15.061+0000] {dag.py:3490} INFO - Setting next_dagrun for example_python_operator to None, run_after=None
[2025-09-04T10:32:15.086+0000] {processor.py:179} INFO - Processing /home/airflow/.local/lib/python3.7/site-packages/airflow/example_dags/example_python_operator.py took 0.106 seconds
[2025-09-04T10:32:46.050+0000] {processor.py:157} INFO - Started process (PID=11143) to work on /home/airflow/.local/lib/python3.7/site-packages/airflow/example_dags/example_python_operator.py
[2025-09-04T10:32:46.054+0000] {processor.py:826} INFO - Processing file /home/airflow/.local/lib/python3.7/site-packages/airflow/example_dags/example_python_operator.py for tasks to queue
[2025-09-04T10:32:46.055+0000] {logging_mixin.py:149} INFO - [2025-09-04T10:32:46.055+0000] {dagbag.py:541} INFO - Filling up the DagBag from /home/airflow/.local/lib/python3.7/site-packages/airflow/example_dags/example_python_operator.py
[2025-09-04T10:32:46.067+0000] {processor.py:836} INFO - DAG(s) dict_keys(['example_python_operator']) retrieved from /home/airflow/.local/lib/python3.7/site-packages/airflow/example_dags/example_python_operator.py
[2025-09-04T10:32:46.097+0000] {logging_mixin.py:149} INFO - [2025-09-04T10:32:46.097+0000] {dag.py:2726} INFO - Sync 1 DAGs
[2025-09-04T10:32:46.127+0000] {logging_mixin.py:149} INFO - [2025-09-04T10:32:46.126+0000] {dag.py:3490} INFO - Setting next_dagrun for example_python_operator to None, run_after=None
[2025-09-04T10:32:46.149+0000] {processor.py:179} INFO - Processing /home/airflow/.local/lib/python3.7/site-packages/airflow/example_dags/example_python_operator.py took 0.102 seconds
[2025-09-04T10:33:17.015+0000] {processor.py:157} INFO - Started process (PID=11390) to work on /home/airflow/.local/lib/python3.7/site-packages/airflow/example_dags/example_python_operator.py
[2025-09-04T10:33:17.016+0000] {processor.py:826} INFO - Processing file /home/airflow/.local/lib/python3.7/site-packages/airflow/example_dags/example_python_operator.py for tasks to queue
[2025-09-04T10:33:17.017+0000] {logging_mixin.py:149} INFO - [2025-09-04T10:33:17.017+0000] {dagbag.py:541} INFO - Filling up the DagBag from /home/airflow/.local/lib/python3.7/site-packages/airflow/example_dags/example_python_operator.py
[2025-09-04T10:33:17.029+0000] {processor.py:836} INFO - DAG(s) dict_keys(['example_python_operator']) retrieved from /home/airflow/.local/lib/python3.7/site-packages/airflow/example_dags/example_python_operator.py
[2025-09-04T10:33:17.060+0000] {logging_mixin.py:149} INFO - [2025-09-04T10:33:17.060+0000] {dag.py:2726} INFO - Sync 1 DAGs
[2025-09-04T10:33:17.088+0000] {logging_mixin.py:149} INFO - [2025-09-04T10:33:17.088+0000] {dag.py:3490} INFO - Setting next_dagrun for example_python_operator to None, run_after=None
[2025-09-04T10:33:17.110+0000] {processor.py:179} INFO - Processing /home/airflow/.local/lib/python3.7/site-packages/airflow/example_dags/example_python_operator.py took 0.099 seconds
[2025-09-04T10:33:47.980+0000] {processor.py:157} INFO - Started process (PID=11633) to work on /home/airflow/.local/lib/python3.7/site-packages/airflow/example_dags/example_python_operator.py
[2025-09-04T10:33:47.982+0000] {processor.py:826} INFO - Processing file /home/airflow/.local/lib/python3.7/site-packages/airflow/example_dags/example_python_operator.py for tasks to queue
[2025-09-04T10:33:47.983+0000] {logging_mixin.py:149} INFO - [2025-09-04T10:33:47.983+0000] {dagbag.py:541} INFO - Filling up the DagBag from /home/airflow/.local/lib/python3.7/site-packages/airflow/example_dags/example_python_operator.py
[2025-09-04T10:33:47.996+0000] {processor.py:836} INFO - DAG(s) dict_keys(['example_python_operator']) retrieved from /home/airflow/.local/lib/python3.7/site-packages/airflow/example_dags/example_python_operator.py
[2025-09-04T10:33:48.031+0000] {logging_mixin.py:149} INFO - [2025-09-04T10:33:48.031+0000] {dag.py:2726} INFO - Sync 1 DAGs
[2025-09-04T10:33:48.062+0000] {logging_mixin.py:149} INFO - [2025-09-04T10:33:48.062+0000] {dag.py:3490} INFO - Setting next_dagrun for example_python_operator to None, run_after=None
[2025-09-04T10:33:48.087+0000] {processor.py:179} INFO - Processing /home/airflow/.local/lib/python3.7/site-packages/airflow/example_dags/example_python_operator.py took 0.111 seconds
[2025-09-04T10:34:18.592+0000] {processor.py:157} INFO - Started process (PID=11880) to work on /home/airflow/.local/lib/python3.7/site-packages/airflow/example_dags/example_python_operator.py
[2025-09-04T10:34:18.593+0000] {processor.py:826} INFO - Processing file /home/airflow/.local/lib/python3.7/site-packages/airflow/example_dags/example_python_operator.py for tasks to queue
[2025-09-04T10:34:18.594+0000] {logging_mixin.py:149} INFO - [2025-09-04T10:34:18.594+0000] {dagbag.py:541} INFO - Filling up the DagBag from /home/airflow/.local/lib/python3.7/site-packages/airflow/example_dags/example_python_operator.py
[2025-09-04T10:34:18.608+0000] {processor.py:836} INFO - DAG(s) dict_keys(['example_python_operator']) retrieved from /home/airflow/.local/lib/python3.7/site-packages/airflow/example_dags/example_python_operator.py
[2025-09-04T10:34:18.640+0000] {logging_mixin.py:149} INFO - [2025-09-04T10:34:18.640+0000] {dag.py:2726} INFO - Sync 1 DAGs
[2025-09-04T10:34:18.667+0000] {logging_mixin.py:149} INFO - [2025-09-04T10:34:18.667+0000] {dag.py:3490} INFO - Setting next_dagrun for example_python_operator to None, run_after=None
[2025-09-04T10:34:18.688+0000] {processor.py:179} INFO - Processing /home/airflow/.local/lib/python3.7/site-packages/airflow/example_dags/example_python_operator.py took 0.100 seconds
[2025-09-04T10:34:48.915+0000] {processor.py:157} INFO - Started process (PID=12124) to work on /home/airflow/.local/lib/python3.7/site-packages/airflow/example_dags/example_python_operator.py
[2025-09-04T10:34:48.916+0000] {processor.py:826} INFO - Processing file /home/airflow/.local/lib/python3.7/site-packages/airflow/example_dags/example_python_operator.py for tasks to queue
[2025-09-04T10:34:48.917+0000] {logging_mixin.py:149} INFO - [2025-09-04T10:34:48.916+0000] {dagbag.py:541} INFO - Filling up the DagBag from /home/airflow/.local/lib/python3.7/site-packages/airflow/example_dags/example_python_operator.py
[2025-09-04T10:34:48.928+0000] {processor.py:836} INFO - DAG(s) dict_keys(['example_python_operator']) retrieved from /home/airflow/.local/lib/python3.7/site-packages/airflow/example_dags/example_python_operator.py
[2025-09-04T10:34:48.965+0000] {logging_mixin.py:149} INFO - [2025-09-04T10:34:48.965+0000] {dag.py:2726} INFO - Sync 1 DAGs
[2025-09-04T10:34:48.997+0000] {logging_mixin.py:149} INFO - [2025-09-04T10:34:48.997+0000] {dag.py:3490} INFO - Setting next_dagrun for example_python_operator to None, run_after=None
[2025-09-04T10:34:49.020+0000] {processor.py:179} INFO - Processing /home/airflow/.local/lib/python3.7/site-packages/airflow/example_dags/example_python_operator.py took 0.109 seconds
[2025-09-04T10:35:19.406+0000] {processor.py:157} INFO - Started process (PID=12368) to work on /home/airflow/.local/lib/python3.7/site-packages/airflow/example_dags/example_python_operator.py
[2025-09-04T10:35:19.407+0000] {processor.py:826} INFO - Processing file /home/airflow/.local/lib/python3.7/site-packages/airflow/example_dags/example_python_operator.py for tasks to queue
[2025-09-04T10:35:19.408+0000] {logging_mixin.py:149} INFO - [2025-09-04T10:35:19.408+0000] {dagbag.py:541} INFO - Filling up the DagBag from /home/airflow/.local/lib/python3.7/site-packages/airflow/example_dags/example_python_operator.py
[2025-09-04T10:35:19.420+0000] {processor.py:836} INFO - DAG(s) dict_keys(['example_python_operator']) retrieved from /home/airflow/.local/lib/python3.7/site-packages/airflow/example_dags/example_python_operator.py
[2025-09-04T10:35:19.454+0000] {logging_mixin.py:149} INFO - [2025-09-04T10:35:19.453+0000] {dag.py:2726} INFO - Sync 1 DAGs
[2025-09-04T10:35:19.482+0000] {logging_mixin.py:149} INFO - [2025-09-04T10:35:19.482+0000] {dag.py:3490} INFO - Setting next_dagrun for example_python_operator to None, run_after=None
[2025-09-04T10:35:19.503+0000] {processor.py:179} INFO - Processing /home/airflow/.local/lib/python3.7/site-packages/airflow/example_dags/example_python_operator.py took 0.100 seconds
[2025-09-04T10:35:49.857+0000] {processor.py:157} INFO - Started process (PID=12613) to work on /home/airflow/.local/lib/python3.7/site-packages/airflow/example_dags/example_python_operator.py
[2025-09-04T10:35:49.858+0000] {processor.py:826} INFO - Processing file /home/airflow/.local/lib/python3.7/site-packages/airflow/example_dags/example_python_operator.py for tasks to queue
[2025-09-04T10:35:49.858+0000] {logging_mixin.py:149} INFO - [2025-09-04T10:35:49.858+0000] {dagbag.py:541} INFO - Filling up the DagBag from /home/airflow/.local/lib/python3.7/site-packages/airflow/example_dags/example_python_operator.py
[2025-09-04T10:35:49.871+0000] {processor.py:836} INFO - DAG(s) dict_keys(['example_python_operator']) retrieved from /home/airflow/.local/lib/python3.7/site-packages/airflow/example_dags/example_python_operator.py
[2025-09-04T10:35:49.903+0000] {logging_mixin.py:149} INFO - [2025-09-04T10:35:49.903+0000] {dag.py:2726} INFO - Sync 1 DAGs
[2025-09-04T10:35:49.931+0000] {logging_mixin.py:149} INFO - [2025-09-04T10:35:49.931+0000] {dag.py:3490} INFO - Setting next_dagrun for example_python_operator to None, run_after=None
[2025-09-04T10:35:49.954+0000] {processor.py:179} INFO - Processing /home/airflow/.local/lib/python3.7/site-packages/airflow/example_dags/example_python_operator.py took 0.101 seconds
[2025-09-04T10:36:20.384+0000] {processor.py:157} INFO - Started process (PID=12855) to work on /home/airflow/.local/lib/python3.7/site-packages/airflow/example_dags/example_python_operator.py
[2025-09-04T10:36:20.385+0000] {processor.py:826} INFO - Processing file /home/airflow/.local/lib/python3.7/site-packages/airflow/example_dags/example_python_operator.py for tasks to queue
[2025-09-04T10:36:20.386+0000] {logging_mixin.py:149} INFO - [2025-09-04T10:36:20.386+0000] {dagbag.py:541} INFO - Filling up the DagBag from /home/airflow/.local/lib/python3.7/site-packages/airflow/example_dags/example_python_operator.py
[2025-09-04T10:36:20.399+0000] {processor.py:836} INFO - DAG(s) dict_keys(['example_python_operator']) retrieved from /home/airflow/.local/lib/python3.7/site-packages/airflow/example_dags/example_python_operator.py
[2025-09-04T10:36:20.430+0000] {logging_mixin.py:149} INFO - [2025-09-04T10:36:20.430+0000] {dag.py:2726} INFO - Sync 1 DAGs
[2025-09-04T10:36:20.458+0000] {logging_mixin.py:149} INFO - [2025-09-04T10:36:20.458+0000] {dag.py:3490} INFO - Setting next_dagrun for example_python_operator to None, run_after=None
[2025-09-04T10:36:20.481+0000] {processor.py:179} INFO - Processing /home/airflow/.local/lib/python3.7/site-packages/airflow/example_dags/example_python_operator.py took 0.100 seconds
[2025-09-04T10:36:50.538+0000] {processor.py:157} INFO - Started process (PID=13098) to work on /home/airflow/.local/lib/python3.7/site-packages/airflow/example_dags/example_python_operator.py
[2025-09-04T10:36:50.540+0000] {processor.py:826} INFO - Processing file /home/airflow/.local/lib/python3.7/site-packages/airflow/example_dags/example_python_operator.py for tasks to queue
[2025-09-04T10:36:50.541+0000] {logging_mixin.py:149} INFO - [2025-09-04T10:36:50.541+0000] {dagbag.py:541} INFO - Filling up the DagBag from /home/airflow/.local/lib/python3.7/site-packages/airflow/example_dags/example_python_operator.py
[2025-09-04T10:36:50.554+0000] {processor.py:836} INFO - DAG(s) dict_keys(['example_python_operator']) retrieved from /home/airflow/.local/lib/python3.7/site-packages/airflow/example_dags/example_python_operator.py
[2025-09-04T10:36:50.585+0000] {logging_mixin.py:149} INFO - [2025-09-04T10:36:50.584+0000] {dag.py:2726} INFO - Sync 1 DAGs
[2025-09-04T10:36:50.612+0000] {logging_mixin.py:149} INFO - [2025-09-04T10:36:50.612+0000] {dag.py:3490} INFO - Setting next_dagrun for example_python_operator to None, run_after=None
[2025-09-04T10:36:50.637+0000] {processor.py:179} INFO - Processing /home/airflow/.local/lib/python3.7/site-packages/airflow/example_dags/example_python_operator.py took 0.102 seconds
[2025-09-04T10:37:21.057+0000] {processor.py:157} INFO - Started process (PID=13343) to work on /home/airflow/.local/lib/python3.7/site-packages/airflow/example_dags/example_python_operator.py
[2025-09-04T10:37:21.058+0000] {processor.py:826} INFO - Processing file /home/airflow/.local/lib/python3.7/site-packages/airflow/example_dags/example_python_operator.py for tasks to queue
[2025-09-04T10:37:21.059+0000] {logging_mixin.py:149} INFO - [2025-09-04T10:37:21.059+0000] {dagbag.py:541} INFO - Filling up the DagBag from /home/airflow/.local/lib/python3.7/site-packages/airflow/example_dags/example_python_operator.py
[2025-09-04T10:37:21.074+0000] {processor.py:836} INFO - DAG(s) dict_keys(['example_python_operator']) retrieved from /home/airflow/.local/lib/python3.7/site-packages/airflow/example_dags/example_python_operator.py
[2025-09-04T10:37:21.110+0000] {logging_mixin.py:149} INFO - [2025-09-04T10:37:21.110+0000] {dag.py:2726} INFO - Sync 1 DAGs
[2025-09-04T10:37:21.143+0000] {logging_mixin.py:149} INFO - [2025-09-04T10:37:21.143+0000] {dag.py:3490} INFO - Setting next_dagrun for example_python_operator to None, run_after=None
[2025-09-04T10:37:21.170+0000] {processor.py:179} INFO - Processing /home/airflow/.local/lib/python3.7/site-packages/airflow/example_dags/example_python_operator.py took 0.117 seconds
[2025-09-04T10:37:51.914+0000] {processor.py:157} INFO - Started process (PID=13588) to work on /home/airflow/.local/lib/python3.7/site-packages/airflow/example_dags/example_python_operator.py
[2025-09-04T10:37:51.917+0000] {processor.py:826} INFO - Processing file /home/airflow/.local/lib/python3.7/site-packages/airflow/example_dags/example_python_operator.py for tasks to queue
[2025-09-04T10:37:51.920+0000] {logging_mixin.py:149} INFO - [2025-09-04T10:37:51.920+0000] {dagbag.py:541} INFO - Filling up the DagBag from /home/airflow/.local/lib/python3.7/site-packages/airflow/example_dags/example_python_operator.py
[2025-09-04T10:37:51.934+0000] {processor.py:836} INFO - DAG(s) dict_keys(['example_python_operator']) retrieved from /home/airflow/.local/lib/python3.7/site-packages/airflow/example_dags/example_python_operator.py
[2025-09-04T10:37:51.969+0000] {logging_mixin.py:149} INFO - [2025-09-04T10:37:51.969+0000] {dag.py:2726} INFO - Sync 1 DAGs
[2025-09-04T10:37:51.998+0000] {logging_mixin.py:149} INFO - [2025-09-04T10:37:51.998+0000] {dag.py:3490} INFO - Setting next_dagrun for example_python_operator to None, run_after=None
[2025-09-04T10:37:52.019+0000] {processor.py:179} INFO - Processing /home/airflow/.local/lib/python3.7/site-packages/airflow/example_dags/example_python_operator.py took 0.109 seconds
[2025-09-04T10:38:22.586+0000] {processor.py:157} INFO - Started process (PID=13833) to work on /home/airflow/.local/lib/python3.7/site-packages/airflow/example_dags/example_python_operator.py
[2025-09-04T10:38:22.587+0000] {processor.py:826} INFO - Processing file /home/airflow/.local/lib/python3.7/site-packages/airflow/example_dags/example_python_operator.py for tasks to queue
[2025-09-04T10:38:22.587+0000] {logging_mixin.py:149} INFO - [2025-09-04T10:38:22.587+0000] {dagbag.py:541} INFO - Filling up the DagBag from /home/airflow/.local/lib/python3.7/site-packages/airflow/example_dags/example_python_operator.py
[2025-09-04T10:38:22.599+0000] {processor.py:836} INFO - DAG(s) dict_keys(['example_python_operator']) retrieved from /home/airflow/.local/lib/python3.7/site-packages/airflow/example_dags/example_python_operator.py
[2025-09-04T10:38:22.634+0000] {logging_mixin.py:149} INFO - [2025-09-04T10:38:22.634+0000] {dag.py:2726} INFO - Sync 1 DAGs
[2025-09-04T10:38:22.663+0000] {logging_mixin.py:149} INFO - [2025-09-04T10:38:22.663+0000] {dag.py:3490} INFO - Setting next_dagrun for example_python_operator to None, run_after=None
[2025-09-04T10:38:22.686+0000] {processor.py:179} INFO - Processing /home/airflow/.local/lib/python3.7/site-packages/airflow/example_dags/example_python_operator.py took 0.104 seconds
[2025-09-04T10:38:53.081+0000] {processor.py:157} INFO - Started process (PID=14078) to work on /home/airflow/.local/lib/python3.7/site-packages/airflow/example_dags/example_python_operator.py
[2025-09-04T10:38:53.081+0000] {processor.py:826} INFO - Processing file /home/airflow/.local/lib/python3.7/site-packages/airflow/example_dags/example_python_operator.py for tasks to queue
[2025-09-04T10:38:53.082+0000] {logging_mixin.py:149} INFO - [2025-09-04T10:38:53.082+0000] {dagbag.py:541} INFO - Filling up the DagBag from /home/airflow/.local/lib/python3.7/site-packages/airflow/example_dags/example_python_operator.py
[2025-09-04T10:38:53.094+0000] {processor.py:836} INFO - DAG(s) dict_keys(['example_python_operator']) retrieved from /home/airflow/.local/lib/python3.7/site-packages/airflow/example_dags/example_python_operator.py
[2025-09-04T10:38:53.128+0000] {logging_mixin.py:149} INFO - [2025-09-04T10:38:53.128+0000] {dag.py:2726} INFO - Sync 1 DAGs
[2025-09-04T10:38:53.156+0000] {logging_mixin.py:149} INFO - [2025-09-04T10:38:53.156+0000] {dag.py:3490} INFO - Setting next_dagrun for example_python_operator to None, run_after=None
[2025-09-04T10:38:53.178+0000] {processor.py:179} INFO - Processing /home/airflow/.local/lib/python3.7/site-packages/airflow/example_dags/example_python_operator.py took 0.101 seconds
[2025-09-04T10:39:23.356+0000] {processor.py:157} INFO - Started process (PID=14323) to work on /home/airflow/.local/lib/python3.7/site-packages/airflow/example_dags/example_python_operator.py
[2025-09-04T10:39:23.357+0000] {processor.py:826} INFO - Processing file /home/airflow/.local/lib/python3.7/site-packages/airflow/example_dags/example_python_operator.py for tasks to queue
[2025-09-04T10:39:23.358+0000] {logging_mixin.py:149} INFO - [2025-09-04T10:39:23.358+0000] {dagbag.py:541} INFO - Filling up the DagBag from /home/airflow/.local/lib/python3.7/site-packages/airflow/example_dags/example_python_operator.py
[2025-09-04T10:39:23.372+0000] {processor.py:836} INFO - DAG(s) dict_keys(['example_python_operator']) retrieved from /home/airflow/.local/lib/python3.7/site-packages/airflow/example_dags/example_python_operator.py
[2025-09-04T10:39:23.415+0000] {logging_mixin.py:149} INFO - [2025-09-04T10:39:23.415+0000] {dag.py:2726} INFO - Sync 1 DAGs
[2025-09-04T10:39:23.450+0000] {logging_mixin.py:149} INFO - [2025-09-04T10:39:23.450+0000] {dag.py:3490} INFO - Setting next_dagrun for example_python_operator to None, run_after=None
[2025-09-04T10:39:23.483+0000] {processor.py:179} INFO - Processing /home/airflow/.local/lib/python3.7/site-packages/airflow/example_dags/example_python_operator.py took 0.133 seconds
[2025-09-04T10:39:53.924+0000] {processor.py:157} INFO - Started process (PID=14568) to work on /home/airflow/.local/lib/python3.7/site-packages/airflow/example_dags/example_python_operator.py
[2025-09-04T10:39:53.925+0000] {processor.py:826} INFO - Processing file /home/airflow/.local/lib/python3.7/site-packages/airflow/example_dags/example_python_operator.py for tasks to queue
[2025-09-04T10:39:53.926+0000] {logging_mixin.py:149} INFO - [2025-09-04T10:39:53.925+0000] {dagbag.py:541} INFO - Filling up the DagBag from /home/airflow/.local/lib/python3.7/site-packages/airflow/example_dags/example_python_operator.py
[2025-09-04T10:39:53.937+0000] {processor.py:836} INFO - DAG(s) dict_keys(['example_python_operator']) retrieved from /home/airflow/.local/lib/python3.7/site-packages/airflow/example_dags/example_python_operator.py
[2025-09-04T10:39:53.969+0000] {logging_mixin.py:149} INFO - [2025-09-04T10:39:53.968+0000] {dag.py:2726} INFO - Sync 1 DAGs
[2025-09-04T10:39:53.997+0000] {logging_mixin.py:149} INFO - [2025-09-04T10:39:53.997+0000] {dag.py:3490} INFO - Setting next_dagrun for example_python_operator to None, run_after=None
[2025-09-04T10:39:54.018+0000] {processor.py:179} INFO - Processing /home/airflow/.local/lib/python3.7/site-packages/airflow/example_dags/example_python_operator.py took 0.097 seconds
[2025-09-04T10:40:24.402+0000] {processor.py:157} INFO - Started process (PID=14813) to work on /home/airflow/.local/lib/python3.7/site-packages/airflow/example_dags/example_python_operator.py
[2025-09-04T10:40:24.402+0000] {processor.py:826} INFO - Processing file /home/airflow/.local/lib/python3.7/site-packages/airflow/example_dags/example_python_operator.py for tasks to queue
[2025-09-04T10:40:24.404+0000] {logging_mixin.py:149} INFO - [2025-09-04T10:40:24.404+0000] {dagbag.py:541} INFO - Filling up the DagBag from /home/airflow/.local/lib/python3.7/site-packages/airflow/example_dags/example_python_operator.py
[2025-09-04T10:40:24.416+0000] {processor.py:836} INFO - DAG(s) dict_keys(['example_python_operator']) retrieved from /home/airflow/.local/lib/python3.7/site-packages/airflow/example_dags/example_python_operator.py
[2025-09-04T10:40:24.447+0000] {logging_mixin.py:149} INFO - [2025-09-04T10:40:24.447+0000] {dag.py:2726} INFO - Sync 1 DAGs
[2025-09-04T10:40:24.474+0000] {logging_mixin.py:149} INFO - [2025-09-04T10:40:24.474+0000] {dag.py:3490} INFO - Setting next_dagrun for example_python_operator to None, run_after=None
[2025-09-04T10:40:24.497+0000] {processor.py:179} INFO - Processing /home/airflow/.local/lib/python3.7/site-packages/airflow/example_dags/example_python_operator.py took 0.099 seconds
[2025-09-04T10:40:54.832+0000] {processor.py:157} INFO - Started process (PID=15058) to work on /home/airflow/.local/lib/python3.7/site-packages/airflow/example_dags/example_python_operator.py
[2025-09-04T10:40:54.833+0000] {processor.py:826} INFO - Processing file /home/airflow/.local/lib/python3.7/site-packages/airflow/example_dags/example_python_operator.py for tasks to queue
[2025-09-04T10:40:54.834+0000] {logging_mixin.py:149} INFO - [2025-09-04T10:40:54.834+0000] {dagbag.py:541} INFO - Filling up the DagBag from /home/airflow/.local/lib/python3.7/site-packages/airflow/example_dags/example_python_operator.py
[2025-09-04T10:40:54.848+0000] {processor.py:836} INFO - DAG(s) dict_keys(['example_python_operator']) retrieved from /home/airflow/.local/lib/python3.7/site-packages/airflow/example_dags/example_python_operator.py
[2025-09-04T10:40:54.887+0000] {logging_mixin.py:149} INFO - [2025-09-04T10:40:54.886+0000] {dag.py:2726} INFO - Sync 1 DAGs
[2025-09-04T10:40:54.917+0000] {logging_mixin.py:149} INFO - [2025-09-04T10:40:54.917+0000] {dag.py:3490} INFO - Setting next_dagrun for example_python_operator to None, run_after=None
[2025-09-04T10:40:54.940+0000] {processor.py:179} INFO - Processing /home/airflow/.local/lib/python3.7/site-packages/airflow/example_dags/example_python_operator.py took 0.111 seconds
[2025-09-04T10:41:25.255+0000] {processor.py:157} INFO - Started process (PID=15300) to work on /home/airflow/.local/lib/python3.7/site-packages/airflow/example_dags/example_python_operator.py
[2025-09-04T10:41:25.258+0000] {processor.py:826} INFO - Processing file /home/airflow/.local/lib/python3.7/site-packages/airflow/example_dags/example_python_operator.py for tasks to queue
[2025-09-04T10:41:25.259+0000] {logging_mixin.py:149} INFO - [2025-09-04T10:41:25.259+0000] {dagbag.py:541} INFO - Filling up the DagBag from /home/airflow/.local/lib/python3.7/site-packages/airflow/example_dags/example_python_operator.py
[2025-09-04T10:41:25.271+0000] {processor.py:836} INFO - DAG(s) dict_keys(['example_python_operator']) retrieved from /home/airflow/.local/lib/python3.7/site-packages/airflow/example_dags/example_python_operator.py
[2025-09-04T10:41:25.309+0000] {logging_mixin.py:149} INFO - [2025-09-04T10:41:25.309+0000] {dag.py:2726} INFO - Sync 1 DAGs
[2025-09-04T10:41:25.337+0000] {logging_mixin.py:149} INFO - [2025-09-04T10:41:25.336+0000] {dag.py:3490} INFO - Setting next_dagrun for example_python_operator to None, run_after=None
[2025-09-04T10:41:25.359+0000] {processor.py:179} INFO - Processing /home/airflow/.local/lib/python3.7/site-packages/airflow/example_dags/example_python_operator.py took 0.108 seconds
[2025-09-04T10:41:55.736+0000] {processor.py:157} INFO - Started process (PID=15543) to work on /home/airflow/.local/lib/python3.7/site-packages/airflow/example_dags/example_python_operator.py
[2025-09-04T10:41:55.737+0000] {processor.py:826} INFO - Processing file /home/airflow/.local/lib/python3.7/site-packages/airflow/example_dags/example_python_operator.py for tasks to queue
[2025-09-04T10:41:55.738+0000] {logging_mixin.py:149} INFO - [2025-09-04T10:41:55.737+0000] {dagbag.py:541} INFO - Filling up the DagBag from /home/airflow/.local/lib/python3.7/site-packages/airflow/example_dags/example_python_operator.py
[2025-09-04T10:41:55.753+0000] {processor.py:836} INFO - DAG(s) dict_keys(['example_python_operator']) retrieved from /home/airflow/.local/lib/python3.7/site-packages/airflow/example_dags/example_python_operator.py
[2025-09-04T10:41:55.793+0000] {logging_mixin.py:149} INFO - [2025-09-04T10:41:55.792+0000] {dag.py:2726} INFO - Sync 1 DAGs
[2025-09-04T10:41:55.824+0000] {logging_mixin.py:149} INFO - [2025-09-04T10:41:55.824+0000] {dag.py:3490} INFO - Setting next_dagrun for example_python_operator to None, run_after=None
[2025-09-04T10:41:55.852+0000] {processor.py:179} INFO - Processing /home/airflow/.local/lib/python3.7/site-packages/airflow/example_dags/example_python_operator.py took 0.120 seconds
[2025-09-04T10:42:26.794+0000] {processor.py:157} INFO - Started process (PID=15790) to work on /home/airflow/.local/lib/python3.7/site-packages/airflow/example_dags/example_python_operator.py
[2025-09-04T10:42:26.795+0000] {processor.py:826} INFO - Processing file /home/airflow/.local/lib/python3.7/site-packages/airflow/example_dags/example_python_operator.py for tasks to queue
[2025-09-04T10:42:26.796+0000] {logging_mixin.py:149} INFO - [2025-09-04T10:42:26.796+0000] {dagbag.py:541} INFO - Filling up the DagBag from /home/airflow/.local/lib/python3.7/site-packages/airflow/example_dags/example_python_operator.py
[2025-09-04T10:42:26.814+0000] {processor.py:836} INFO - DAG(s) dict_keys(['example_python_operator']) retrieved from /home/airflow/.local/lib/python3.7/site-packages/airflow/example_dags/example_python_operator.py
[2025-09-04T10:42:26.862+0000] {logging_mixin.py:149} INFO - [2025-09-04T10:42:26.861+0000] {dag.py:2726} INFO - Sync 1 DAGs
[2025-09-04T10:42:26.899+0000] {logging_mixin.py:149} INFO - [2025-09-04T10:42:26.899+0000] {dag.py:3490} INFO - Setting next_dagrun for example_python_operator to None, run_after=None
[2025-09-04T10:42:26.929+0000] {processor.py:179} INFO - Processing /home/airflow/.local/lib/python3.7/site-packages/airflow/example_dags/example_python_operator.py took 0.140 seconds
[2025-09-04T10:42:57.290+0000] {processor.py:157} INFO - Started process (PID=16033) to work on /home/airflow/.local/lib/python3.7/site-packages/airflow/example_dags/example_python_operator.py
[2025-09-04T10:42:57.291+0000] {processor.py:826} INFO - Processing file /home/airflow/.local/lib/python3.7/site-packages/airflow/example_dags/example_python_operator.py for tasks to queue
[2025-09-04T10:42:57.292+0000] {logging_mixin.py:149} INFO - [2025-09-04T10:42:57.292+0000] {dagbag.py:541} INFO - Filling up the DagBag from /home/airflow/.local/lib/python3.7/site-packages/airflow/example_dags/example_python_operator.py
[2025-09-04T10:42:57.304+0000] {processor.py:836} INFO - DAG(s) dict_keys(['example_python_operator']) retrieved from /home/airflow/.local/lib/python3.7/site-packages/airflow/example_dags/example_python_operator.py
[2025-09-04T10:42:57.341+0000] {logging_mixin.py:149} INFO - [2025-09-04T10:42:57.341+0000] {dag.py:2726} INFO - Sync 1 DAGs
[2025-09-04T10:42:57.376+0000] {logging_mixin.py:149} INFO - [2025-09-04T10:42:57.376+0000] {dag.py:3490} INFO - Setting next_dagrun for example_python_operator to None, run_after=None
[2025-09-04T10:42:57.396+0000] {processor.py:179} INFO - Processing /home/airflow/.local/lib/python3.7/site-packages/airflow/example_dags/example_python_operator.py took 0.110 seconds
[2025-09-04T10:43:27.938+0000] {processor.py:157} INFO - Started process (PID=16280) to work on /home/airflow/.local/lib/python3.7/site-packages/airflow/example_dags/example_python_operator.py
[2025-09-04T10:43:27.940+0000] {processor.py:826} INFO - Processing file /home/airflow/.local/lib/python3.7/site-packages/airflow/example_dags/example_python_operator.py for tasks to queue
[2025-09-04T10:43:27.941+0000] {logging_mixin.py:149} INFO - [2025-09-04T10:43:27.941+0000] {dagbag.py:541} INFO - Filling up the DagBag from /home/airflow/.local/lib/python3.7/site-packages/airflow/example_dags/example_python_operator.py
[2025-09-04T10:43:27.962+0000] {processor.py:836} INFO - DAG(s) dict_keys(['example_python_operator']) retrieved from /home/airflow/.local/lib/python3.7/site-packages/airflow/example_dags/example_python_operator.py
[2025-09-04T10:43:27.998+0000] {logging_mixin.py:149} INFO - [2025-09-04T10:43:27.998+0000] {dag.py:2726} INFO - Sync 1 DAGs
[2025-09-04T10:43:28.030+0000] {logging_mixin.py:149} INFO - [2025-09-04T10:43:28.030+0000] {dag.py:3490} INFO - Setting next_dagrun for example_python_operator to None, run_after=None
[2025-09-04T10:43:28.054+0000] {processor.py:179} INFO - Processing /home/airflow/.local/lib/python3.7/site-packages/airflow/example_dags/example_python_operator.py took 0.121 seconds
[2025-09-04T10:43:58.692+0000] {processor.py:157} INFO - Started process (PID=16523) to work on /home/airflow/.local/lib/python3.7/site-packages/airflow/example_dags/example_python_operator.py
[2025-09-04T10:43:58.694+0000] {processor.py:826} INFO - Processing file /home/airflow/.local/lib/python3.7/site-packages/airflow/example_dags/example_python_operator.py for tasks to queue
[2025-09-04T10:43:58.696+0000] {logging_mixin.py:149} INFO - [2025-09-04T10:43:58.695+0000] {dagbag.py:541} INFO - Filling up the DagBag from /home/airflow/.local/lib/python3.7/site-packages/airflow/example_dags/example_python_operator.py
[2025-09-04T10:43:58.717+0000] {processor.py:836} INFO - DAG(s) dict_keys(['example_python_operator']) retrieved from /home/airflow/.local/lib/python3.7/site-packages/airflow/example_dags/example_python_operator.py
[2025-09-04T10:43:58.769+0000] {logging_mixin.py:149} INFO - [2025-09-04T10:43:58.768+0000] {dag.py:2726} INFO - Sync 1 DAGs
[2025-09-04T10:43:58.798+0000] {logging_mixin.py:149} INFO - [2025-09-04T10:43:58.798+0000] {dag.py:3490} INFO - Setting next_dagrun for example_python_operator to None, run_after=None
[2025-09-04T10:43:58.834+0000] {processor.py:179} INFO - Processing /home/airflow/.local/lib/python3.7/site-packages/airflow/example_dags/example_python_operator.py took 0.146 seconds
[2025-09-04T10:44:29.053+0000] {processor.py:157} INFO - Started process (PID=16768) to work on /home/airflow/.local/lib/python3.7/site-packages/airflow/example_dags/example_python_operator.py
[2025-09-04T10:44:29.055+0000] {processor.py:826} INFO - Processing file /home/airflow/.local/lib/python3.7/site-packages/airflow/example_dags/example_python_operator.py for tasks to queue
[2025-09-04T10:44:29.056+0000] {logging_mixin.py:149} INFO - [2025-09-04T10:44:29.056+0000] {dagbag.py:541} INFO - Filling up the DagBag from /home/airflow/.local/lib/python3.7/site-packages/airflow/example_dags/example_python_operator.py
[2025-09-04T10:44:29.069+0000] {processor.py:836} INFO - DAG(s) dict_keys(['example_python_operator']) retrieved from /home/airflow/.local/lib/python3.7/site-packages/airflow/example_dags/example_python_operator.py
[2025-09-04T10:44:29.105+0000] {logging_mixin.py:149} INFO - [2025-09-04T10:44:29.105+0000] {dag.py:2726} INFO - Sync 1 DAGs
[2025-09-04T10:44:29.144+0000] {logging_mixin.py:149} INFO - [2025-09-04T10:44:29.144+0000] {dag.py:3490} INFO - Setting next_dagrun for example_python_operator to None, run_after=None
[2025-09-04T10:44:29.172+0000] {processor.py:179} INFO - Processing /home/airflow/.local/lib/python3.7/site-packages/airflow/example_dags/example_python_operator.py took 0.123 seconds
[2025-09-04T10:45:00.024+0000] {processor.py:157} INFO - Started process (PID=17013) to work on /home/airflow/.local/lib/python3.7/site-packages/airflow/example_dags/example_python_operator.py
[2025-09-04T10:45:00.025+0000] {processor.py:826} INFO - Processing file /home/airflow/.local/lib/python3.7/site-packages/airflow/example_dags/example_python_operator.py for tasks to queue
[2025-09-04T10:45:00.026+0000] {logging_mixin.py:149} INFO - [2025-09-04T10:45:00.026+0000] {dagbag.py:541} INFO - Filling up the DagBag from /home/airflow/.local/lib/python3.7/site-packages/airflow/example_dags/example_python_operator.py
[2025-09-04T10:45:00.045+0000] {processor.py:836} INFO - DAG(s) dict_keys(['example_python_operator']) retrieved from /home/airflow/.local/lib/python3.7/site-packages/airflow/example_dags/example_python_operator.py
[2025-09-04T10:45:00.104+0000] {logging_mixin.py:149} INFO - [2025-09-04T10:45:00.104+0000] {dag.py:2726} INFO - Sync 1 DAGs
[2025-09-04T10:45:00.134+0000] {logging_mixin.py:149} INFO - [2025-09-04T10:45:00.134+0000] {dag.py:3490} INFO - Setting next_dagrun for example_python_operator to None, run_after=None
[2025-09-04T10:45:00.166+0000] {processor.py:179} INFO - Processing /home/airflow/.local/lib/python3.7/site-packages/airflow/example_dags/example_python_operator.py took 0.146 seconds
[2025-09-04T10:45:30.503+0000] {processor.py:157} INFO - Started process (PID=17268) to work on /home/airflow/.local/lib/python3.7/site-packages/airflow/example_dags/example_python_operator.py
[2025-09-04T10:45:30.505+0000] {processor.py:826} INFO - Processing file /home/airflow/.local/lib/python3.7/site-packages/airflow/example_dags/example_python_operator.py for tasks to queue
[2025-09-04T10:45:30.507+0000] {logging_mixin.py:149} INFO - [2025-09-04T10:45:30.507+0000] {dagbag.py:541} INFO - Filling up the DagBag from /home/airflow/.local/lib/python3.7/site-packages/airflow/example_dags/example_python_operator.py
[2025-09-04T10:45:30.519+0000] {processor.py:836} INFO - DAG(s) dict_keys(['example_python_operator']) retrieved from /home/airflow/.local/lib/python3.7/site-packages/airflow/example_dags/example_python_operator.py
[2025-09-04T10:45:30.556+0000] {logging_mixin.py:149} INFO - [2025-09-04T10:45:30.556+0000] {dag.py:2726} INFO - Sync 1 DAGs
[2025-09-04T10:45:30.586+0000] {logging_mixin.py:149} INFO - [2025-09-04T10:45:30.585+0000] {dag.py:3490} INFO - Setting next_dagrun for example_python_operator to None, run_after=None
[2025-09-04T10:45:30.611+0000] {processor.py:179} INFO - Processing /home/airflow/.local/lib/python3.7/site-packages/airflow/example_dags/example_python_operator.py took 0.111 seconds
[2025-09-04T10:46:01.042+0000] {processor.py:157} INFO - Started process (PID=17523) to work on /home/airflow/.local/lib/python3.7/site-packages/airflow/example_dags/example_python_operator.py
[2025-09-04T10:46:01.045+0000] {processor.py:826} INFO - Processing file /home/airflow/.local/lib/python3.7/site-packages/airflow/example_dags/example_python_operator.py for tasks to queue
[2025-09-04T10:46:01.046+0000] {logging_mixin.py:149} INFO - [2025-09-04T10:46:01.046+0000] {dagbag.py:541} INFO - Filling up the DagBag from /home/airflow/.local/lib/python3.7/site-packages/airflow/example_dags/example_python_operator.py
[2025-09-04T10:46:01.064+0000] {processor.py:836} INFO - DAG(s) dict_keys(['example_python_operator']) retrieved from /home/airflow/.local/lib/python3.7/site-packages/airflow/example_dags/example_python_operator.py
[2025-09-04T10:46:01.114+0000] {logging_mixin.py:149} INFO - [2025-09-04T10:46:01.114+0000] {dag.py:2726} INFO - Sync 1 DAGs
[2025-09-04T10:46:01.159+0000] {logging_mixin.py:149} INFO - [2025-09-04T10:46:01.159+0000] {dag.py:3490} INFO - Setting next_dagrun for example_python_operator to None, run_after=None
[2025-09-04T10:46:01.185+0000] {processor.py:179} INFO - Processing /home/airflow/.local/lib/python3.7/site-packages/airflow/example_dags/example_python_operator.py took 0.147 seconds
[2025-09-04T10:46:31.677+0000] {processor.py:157} INFO - Started process (PID=17778) to work on /home/airflow/.local/lib/python3.7/site-packages/airflow/example_dags/example_python_operator.py
[2025-09-04T10:46:31.680+0000] {processor.py:826} INFO - Processing file /home/airflow/.local/lib/python3.7/site-packages/airflow/example_dags/example_python_operator.py for tasks to queue
[2025-09-04T10:46:31.684+0000] {logging_mixin.py:149} INFO - [2025-09-04T10:46:31.684+0000] {dagbag.py:541} INFO - Filling up the DagBag from /home/airflow/.local/lib/python3.7/site-packages/airflow/example_dags/example_python_operator.py
[2025-09-04T10:46:31.714+0000] {processor.py:836} INFO - DAG(s) dict_keys(['example_python_operator']) retrieved from /home/airflow/.local/lib/python3.7/site-packages/airflow/example_dags/example_python_operator.py
[2025-09-04T10:46:31.779+0000] {logging_mixin.py:149} INFO - [2025-09-04T10:46:31.779+0000] {dag.py:2726} INFO - Sync 1 DAGs
[2025-09-04T10:46:31.830+0000] {logging_mixin.py:149} INFO - [2025-09-04T10:46:31.830+0000] {dag.py:3490} INFO - Setting next_dagrun for example_python_operator to None, run_after=None
[2025-09-04T10:46:31.878+0000] {processor.py:179} INFO - Processing /home/airflow/.local/lib/python3.7/site-packages/airflow/example_dags/example_python_operator.py took 0.207 seconds
[2025-09-04T10:47:02.612+0000] {processor.py:157} INFO - Started process (PID=18035) to work on /home/airflow/.local/lib/python3.7/site-packages/airflow/example_dags/example_python_operator.py
[2025-09-04T10:47:02.613+0000] {processor.py:826} INFO - Processing file /home/airflow/.local/lib/python3.7/site-packages/airflow/example_dags/example_python_operator.py for tasks to queue
[2025-09-04T10:47:02.614+0000] {logging_mixin.py:149} INFO - [2025-09-04T10:47:02.613+0000] {dagbag.py:541} INFO - Filling up the DagBag from /home/airflow/.local/lib/python3.7/site-packages/airflow/example_dags/example_python_operator.py
[2025-09-04T10:47:02.625+0000] {processor.py:836} INFO - DAG(s) dict_keys(['example_python_operator']) retrieved from /home/airflow/.local/lib/python3.7/site-packages/airflow/example_dags/example_python_operator.py
[2025-09-04T10:47:02.657+0000] {logging_mixin.py:149} INFO - [2025-09-04T10:47:02.657+0000] {dag.py:2726} INFO - Sync 1 DAGs
[2025-09-04T10:47:02.685+0000] {logging_mixin.py:149} INFO - [2025-09-04T10:47:02.685+0000] {dag.py:3490} INFO - Setting next_dagrun for example_python_operator to None, run_after=None
[2025-09-04T10:47:02.705+0000] {processor.py:179} INFO - Processing /home/airflow/.local/lib/python3.7/site-packages/airflow/example_dags/example_python_operator.py took 0.096 seconds
[2025-09-04T10:47:33.267+0000] {processor.py:157} INFO - Started process (PID=18287) to work on /home/airflow/.local/lib/python3.7/site-packages/airflow/example_dags/example_python_operator.py
[2025-09-04T10:47:33.268+0000] {processor.py:826} INFO - Processing file /home/airflow/.local/lib/python3.7/site-packages/airflow/example_dags/example_python_operator.py for tasks to queue
[2025-09-04T10:47:33.269+0000] {logging_mixin.py:149} INFO - [2025-09-04T10:47:33.269+0000] {dagbag.py:541} INFO - Filling up the DagBag from /home/airflow/.local/lib/python3.7/site-packages/airflow/example_dags/example_python_operator.py
[2025-09-04T10:47:33.283+0000] {processor.py:836} INFO - DAG(s) dict_keys(['example_python_operator']) retrieved from /home/airflow/.local/lib/python3.7/site-packages/airflow/example_dags/example_python_operator.py
[2025-09-04T10:47:33.317+0000] {logging_mixin.py:149} INFO - [2025-09-04T10:47:33.317+0000] {dag.py:2726} INFO - Sync 1 DAGs
[2025-09-04T10:47:33.350+0000] {logging_mixin.py:149} INFO - [2025-09-04T10:47:33.350+0000] {dag.py:3490} INFO - Setting next_dagrun for example_python_operator to None, run_after=None
[2025-09-04T10:47:33.374+0000] {processor.py:179} INFO - Processing /home/airflow/.local/lib/python3.7/site-packages/airflow/example_dags/example_python_operator.py took 0.111 seconds
